[2021-10-02 06:31:45,464] {scheduler_job.py:182} INFO - Started process (PID=79) to work on /usr/local/lib/python3.6/dist-packages/airflow/example_dags/example_nested_branch_dag.py
[2021-10-02 06:31:45,464] {scheduler_job.py:629} INFO - Processing file /usr/local/lib/python3.6/dist-packages/airflow/example_dags/example_nested_branch_dag.py for tasks to queue
[2021-10-02 06:31:45,465] {logging_mixin.py:104} INFO - [2021-10-02 06:31:45,465] {dagbag.py:451} INFO - Filling up the DagBag from /usr/local/lib/python3.6/dist-packages/airflow/example_dags/example_nested_branch_dag.py
[2021-10-02 06:31:45,488] {scheduler_job.py:639} INFO - DAG(s) dict_keys(['example_nested_branch_dag']) retrieved from /usr/local/lib/python3.6/dist-packages/airflow/example_dags/example_nested_branch_dag.py
[2021-10-02 06:31:45,500] {logging_mixin.py:104} INFO - [2021-10-02 06:31:45,500] {dag.py:1824} INFO - Sync 1 DAGs
[2021-10-02 06:31:45,548] {logging_mixin.py:104} INFO - [2021-10-02 06:31:45,548] {dag.py:2280} INFO - Setting next_dagrun for example_nested_branch_dag to 2021-09-30 00:00:00+00:00
[2021-10-02 06:31:45,555] {scheduler_job.py:190} INFO - Processing /usr/local/lib/python3.6/dist-packages/airflow/example_dags/example_nested_branch_dag.py took 0.093 seconds
[2021-10-02 06:32:16,376] {scheduler_job.py:182} INFO - Started process (PID=226) to work on /usr/local/lib/python3.6/dist-packages/airflow/example_dags/example_nested_branch_dag.py
[2021-10-02 06:32:16,377] {scheduler_job.py:629} INFO - Processing file /usr/local/lib/python3.6/dist-packages/airflow/example_dags/example_nested_branch_dag.py for tasks to queue
[2021-10-02 06:32:16,377] {logging_mixin.py:104} INFO - [2021-10-02 06:32:16,377] {dagbag.py:451} INFO - Filling up the DagBag from /usr/local/lib/python3.6/dist-packages/airflow/example_dags/example_nested_branch_dag.py
[2021-10-02 06:32:16,385] {scheduler_job.py:639} INFO - DAG(s) dict_keys(['example_nested_branch_dag']) retrieved from /usr/local/lib/python3.6/dist-packages/airflow/example_dags/example_nested_branch_dag.py
[2021-10-02 06:32:16,396] {logging_mixin.py:104} INFO - [2021-10-02 06:32:16,396] {dag.py:1824} INFO - Sync 1 DAGs
[2021-10-02 06:32:16,409] {logging_mixin.py:104} INFO - [2021-10-02 06:32:16,409] {dag.py:2280} INFO - Setting next_dagrun for example_nested_branch_dag to 2021-09-30 00:00:00+00:00
[2021-10-02 06:32:16,414] {scheduler_job.py:190} INFO - Processing /usr/local/lib/python3.6/dist-packages/airflow/example_dags/example_nested_branch_dag.py took 0.039 seconds
[2021-10-02 06:32:46,806] {scheduler_job.py:182} INFO - Started process (PID=303) to work on /usr/local/lib/python3.6/dist-packages/airflow/example_dags/example_nested_branch_dag.py
[2021-10-02 06:32:46,807] {scheduler_job.py:629} INFO - Processing file /usr/local/lib/python3.6/dist-packages/airflow/example_dags/example_nested_branch_dag.py for tasks to queue
[2021-10-02 06:32:46,807] {logging_mixin.py:104} INFO - [2021-10-02 06:32:46,807] {dagbag.py:451} INFO - Filling up the DagBag from /usr/local/lib/python3.6/dist-packages/airflow/example_dags/example_nested_branch_dag.py
[2021-10-02 06:32:46,815] {scheduler_job.py:639} INFO - DAG(s) dict_keys(['example_nested_branch_dag']) retrieved from /usr/local/lib/python3.6/dist-packages/airflow/example_dags/example_nested_branch_dag.py
[2021-10-02 06:32:46,826] {logging_mixin.py:104} INFO - [2021-10-02 06:32:46,826] {dag.py:1824} INFO - Sync 1 DAGs
[2021-10-02 06:32:46,839] {logging_mixin.py:104} INFO - [2021-10-02 06:32:46,839] {dag.py:2280} INFO - Setting next_dagrun for example_nested_branch_dag to 2021-09-30 00:00:00+00:00
[2021-10-02 06:32:46,846] {scheduler_job.py:190} INFO - Processing /usr/local/lib/python3.6/dist-packages/airflow/example_dags/example_nested_branch_dag.py took 0.041 seconds
[2021-10-02 06:33:17,533] {scheduler_job.py:182} INFO - Started process (PID=378) to work on /usr/local/lib/python3.6/dist-packages/airflow/example_dags/example_nested_branch_dag.py
[2021-10-02 06:33:17,533] {scheduler_job.py:629} INFO - Processing file /usr/local/lib/python3.6/dist-packages/airflow/example_dags/example_nested_branch_dag.py for tasks to queue
[2021-10-02 06:33:17,534] {logging_mixin.py:104} INFO - [2021-10-02 06:33:17,533] {dagbag.py:451} INFO - Filling up the DagBag from /usr/local/lib/python3.6/dist-packages/airflow/example_dags/example_nested_branch_dag.py
[2021-10-02 06:33:17,542] {scheduler_job.py:639} INFO - DAG(s) dict_keys(['example_nested_branch_dag']) retrieved from /usr/local/lib/python3.6/dist-packages/airflow/example_dags/example_nested_branch_dag.py
[2021-10-02 06:33:17,554] {logging_mixin.py:104} INFO - [2021-10-02 06:33:17,554] {dag.py:1824} INFO - Sync 1 DAGs
[2021-10-02 06:33:17,566] {logging_mixin.py:104} INFO - [2021-10-02 06:33:17,566] {dag.py:2280} INFO - Setting next_dagrun for example_nested_branch_dag to 2021-09-30 00:00:00+00:00
[2021-10-02 06:33:17,572] {scheduler_job.py:190} INFO - Processing /usr/local/lib/python3.6/dist-packages/airflow/example_dags/example_nested_branch_dag.py took 0.041 seconds
[2021-10-02 06:33:48,185] {scheduler_job.py:182} INFO - Started process (PID=457) to work on /usr/local/lib/python3.6/dist-packages/airflow/example_dags/example_nested_branch_dag.py
[2021-10-02 06:33:48,185] {scheduler_job.py:629} INFO - Processing file /usr/local/lib/python3.6/dist-packages/airflow/example_dags/example_nested_branch_dag.py for tasks to queue
[2021-10-02 06:33:48,186] {logging_mixin.py:104} INFO - [2021-10-02 06:33:48,186] {dagbag.py:451} INFO - Filling up the DagBag from /usr/local/lib/python3.6/dist-packages/airflow/example_dags/example_nested_branch_dag.py
[2021-10-02 06:33:48,194] {scheduler_job.py:639} INFO - DAG(s) dict_keys(['example_nested_branch_dag']) retrieved from /usr/local/lib/python3.6/dist-packages/airflow/example_dags/example_nested_branch_dag.py
[2021-10-02 06:33:48,206] {logging_mixin.py:104} INFO - [2021-10-02 06:33:48,206] {dag.py:1824} INFO - Sync 1 DAGs
[2021-10-02 06:33:48,218] {logging_mixin.py:104} INFO - [2021-10-02 06:33:48,217] {dag.py:2280} INFO - Setting next_dagrun for example_nested_branch_dag to 2021-09-30 00:00:00+00:00
[2021-10-02 06:33:48,223] {scheduler_job.py:190} INFO - Processing /usr/local/lib/python3.6/dist-packages/airflow/example_dags/example_nested_branch_dag.py took 0.040 seconds
[2021-10-02 06:34:18,864] {scheduler_job.py:182} INFO - Started process (PID=538) to work on /usr/local/lib/python3.6/dist-packages/airflow/example_dags/example_nested_branch_dag.py
[2021-10-02 06:34:18,865] {scheduler_job.py:629} INFO - Processing file /usr/local/lib/python3.6/dist-packages/airflow/example_dags/example_nested_branch_dag.py for tasks to queue
[2021-10-02 06:34:18,866] {logging_mixin.py:104} INFO - [2021-10-02 06:34:18,866] {dagbag.py:451} INFO - Filling up the DagBag from /usr/local/lib/python3.6/dist-packages/airflow/example_dags/example_nested_branch_dag.py
[2021-10-02 06:34:18,878] {scheduler_job.py:639} INFO - DAG(s) dict_keys(['example_nested_branch_dag']) retrieved from /usr/local/lib/python3.6/dist-packages/airflow/example_dags/example_nested_branch_dag.py
[2021-10-02 06:34:18,894] {logging_mixin.py:104} INFO - [2021-10-02 06:34:18,894] {dag.py:1824} INFO - Sync 1 DAGs
[2021-10-02 06:34:18,912] {logging_mixin.py:104} INFO - [2021-10-02 06:34:18,912] {dag.py:2280} INFO - Setting next_dagrun for example_nested_branch_dag to 2021-09-30 00:00:00+00:00
[2021-10-02 06:34:18,921] {scheduler_job.py:190} INFO - Processing /usr/local/lib/python3.6/dist-packages/airflow/example_dags/example_nested_branch_dag.py took 0.059 seconds
[2021-10-02 06:34:49,459] {scheduler_job.py:182} INFO - Started process (PID=615) to work on /usr/local/lib/python3.6/dist-packages/airflow/example_dags/example_nested_branch_dag.py
[2021-10-02 06:34:49,459] {scheduler_job.py:629} INFO - Processing file /usr/local/lib/python3.6/dist-packages/airflow/example_dags/example_nested_branch_dag.py for tasks to queue
[2021-10-02 06:34:49,460] {logging_mixin.py:104} INFO - [2021-10-02 06:34:49,459] {dagbag.py:451} INFO - Filling up the DagBag from /usr/local/lib/python3.6/dist-packages/airflow/example_dags/example_nested_branch_dag.py
[2021-10-02 06:34:49,468] {scheduler_job.py:639} INFO - DAG(s) dict_keys(['example_nested_branch_dag']) retrieved from /usr/local/lib/python3.6/dist-packages/airflow/example_dags/example_nested_branch_dag.py
[2021-10-02 06:34:49,480] {logging_mixin.py:104} INFO - [2021-10-02 06:34:49,479] {dag.py:1824} INFO - Sync 1 DAGs
[2021-10-02 06:34:49,492] {logging_mixin.py:104} INFO - [2021-10-02 06:34:49,492] {dag.py:2280} INFO - Setting next_dagrun for example_nested_branch_dag to 2021-09-30 00:00:00+00:00
[2021-10-02 06:34:49,498] {scheduler_job.py:190} INFO - Processing /usr/local/lib/python3.6/dist-packages/airflow/example_dags/example_nested_branch_dag.py took 0.041 seconds
[2021-10-02 06:35:20,098] {scheduler_job.py:182} INFO - Started process (PID=689) to work on /usr/local/lib/python3.6/dist-packages/airflow/example_dags/example_nested_branch_dag.py
[2021-10-02 06:35:20,099] {scheduler_job.py:629} INFO - Processing file /usr/local/lib/python3.6/dist-packages/airflow/example_dags/example_nested_branch_dag.py for tasks to queue
[2021-10-02 06:35:20,099] {logging_mixin.py:104} INFO - [2021-10-02 06:35:20,099] {dagbag.py:451} INFO - Filling up the DagBag from /usr/local/lib/python3.6/dist-packages/airflow/example_dags/example_nested_branch_dag.py
[2021-10-02 06:35:20,110] {scheduler_job.py:639} INFO - DAG(s) dict_keys(['example_nested_branch_dag']) retrieved from /usr/local/lib/python3.6/dist-packages/airflow/example_dags/example_nested_branch_dag.py
[2021-10-02 06:35:20,128] {logging_mixin.py:104} INFO - [2021-10-02 06:35:20,128] {dag.py:1824} INFO - Sync 1 DAGs
[2021-10-02 06:35:20,148] {logging_mixin.py:104} INFO - [2021-10-02 06:35:20,148] {dag.py:2280} INFO - Setting next_dagrun for example_nested_branch_dag to 2021-09-30 00:00:00+00:00
[2021-10-02 06:35:20,158] {scheduler_job.py:190} INFO - Processing /usr/local/lib/python3.6/dist-packages/airflow/example_dags/example_nested_branch_dag.py took 0.063 seconds
[2021-10-02 06:35:57,061] {scheduler_job.py:182} INFO - Started process (PID=63) to work on /usr/local/lib/python3.6/dist-packages/airflow/example_dags/example_nested_branch_dag.py
[2021-10-02 06:35:57,062] {scheduler_job.py:629} INFO - Processing file /usr/local/lib/python3.6/dist-packages/airflow/example_dags/example_nested_branch_dag.py for tasks to queue
[2021-10-02 06:35:57,062] {logging_mixin.py:104} INFO - [2021-10-02 06:35:57,062] {dagbag.py:451} INFO - Filling up the DagBag from /usr/local/lib/python3.6/dist-packages/airflow/example_dags/example_nested_branch_dag.py
[2021-10-02 06:35:57,072] {scheduler_job.py:639} INFO - DAG(s) dict_keys(['example_nested_branch_dag']) retrieved from /usr/local/lib/python3.6/dist-packages/airflow/example_dags/example_nested_branch_dag.py
[2021-10-02 06:35:57,088] {logging_mixin.py:104} INFO - [2021-10-02 06:35:57,088] {dag.py:1824} INFO - Sync 1 DAGs
[2021-10-02 06:35:57,105] {logging_mixin.py:104} INFO - [2021-10-02 06:35:57,105] {dag.py:2280} INFO - Setting next_dagrun for example_nested_branch_dag to 2021-09-30 00:00:00+00:00
[2021-10-02 06:35:57,113] {scheduler_job.py:190} INFO - Processing /usr/local/lib/python3.6/dist-packages/airflow/example_dags/example_nested_branch_dag.py took 0.081 seconds
[2021-10-02 06:36:44,638] {scheduler_job.py:182} INFO - Started process (PID=61) to work on /usr/local/lib/python3.6/dist-packages/airflow/example_dags/example_nested_branch_dag.py
[2021-10-02 06:36:44,639] {scheduler_job.py:629} INFO - Processing file /usr/local/lib/python3.6/dist-packages/airflow/example_dags/example_nested_branch_dag.py for tasks to queue
[2021-10-02 06:36:44,639] {logging_mixin.py:104} INFO - [2021-10-02 06:36:44,639] {dagbag.py:451} INFO - Filling up the DagBag from /usr/local/lib/python3.6/dist-packages/airflow/example_dags/example_nested_branch_dag.py
[2021-10-02 06:36:44,657] {scheduler_job.py:639} INFO - DAG(s) dict_keys(['example_nested_branch_dag']) retrieved from /usr/local/lib/python3.6/dist-packages/airflow/example_dags/example_nested_branch_dag.py
[2021-10-02 06:36:44,672] {logging_mixin.py:104} INFO - [2021-10-02 06:36:44,672] {dag.py:1824} INFO - Sync 1 DAGs
[2021-10-02 06:36:44,690] {logging_mixin.py:104} INFO - [2021-10-02 06:36:44,690] {dag.py:2280} INFO - Setting next_dagrun for example_nested_branch_dag to 2021-09-30 00:00:00+00:00
[2021-10-02 06:36:44,697] {scheduler_job.py:190} INFO - Processing /usr/local/lib/python3.6/dist-packages/airflow/example_dags/example_nested_branch_dag.py took 0.061 seconds
[2021-10-02 06:37:14,953] {scheduler_job.py:182} INFO - Started process (PID=189) to work on /usr/local/lib/python3.6/dist-packages/airflow/example_dags/example_nested_branch_dag.py
[2021-10-02 06:37:14,954] {scheduler_job.py:629} INFO - Processing file /usr/local/lib/python3.6/dist-packages/airflow/example_dags/example_nested_branch_dag.py for tasks to queue
[2021-10-02 06:37:14,954] {logging_mixin.py:104} INFO - [2021-10-02 06:37:14,954] {dagbag.py:451} INFO - Filling up the DagBag from /usr/local/lib/python3.6/dist-packages/airflow/example_dags/example_nested_branch_dag.py
[2021-10-02 06:37:14,962] {scheduler_job.py:639} INFO - DAG(s) dict_keys(['example_nested_branch_dag']) retrieved from /usr/local/lib/python3.6/dist-packages/airflow/example_dags/example_nested_branch_dag.py
[2021-10-02 06:37:14,973] {logging_mixin.py:104} INFO - [2021-10-02 06:37:14,973] {dag.py:1824} INFO - Sync 1 DAGs
[2021-10-02 06:37:14,987] {logging_mixin.py:104} INFO - [2021-10-02 06:37:14,987] {dag.py:2280} INFO - Setting next_dagrun for example_nested_branch_dag to 2021-09-30 00:00:00+00:00
[2021-10-02 06:37:14,999] {scheduler_job.py:190} INFO - Processing /usr/local/lib/python3.6/dist-packages/airflow/example_dags/example_nested_branch_dag.py took 0.047 seconds
[2021-10-02 06:37:42,841] {scheduler_job.py:182} INFO - Started process (PID=92) to work on /usr/local/lib/python3.6/dist-packages/airflow/example_dags/example_nested_branch_dag.py
[2021-10-02 06:37:42,842] {scheduler_job.py:629} INFO - Processing file /usr/local/lib/python3.6/dist-packages/airflow/example_dags/example_nested_branch_dag.py for tasks to queue
[2021-10-02 06:37:42,842] {logging_mixin.py:104} INFO - [2021-10-02 06:37:42,842] {dagbag.py:451} INFO - Filling up the DagBag from /usr/local/lib/python3.6/dist-packages/airflow/example_dags/example_nested_branch_dag.py
[2021-10-02 06:37:42,850] {scheduler_job.py:639} INFO - DAG(s) dict_keys(['example_nested_branch_dag']) retrieved from /usr/local/lib/python3.6/dist-packages/airflow/example_dags/example_nested_branch_dag.py
[2021-10-02 06:37:42,862] {logging_mixin.py:104} INFO - [2021-10-02 06:37:42,862] {dag.py:1824} INFO - Sync 1 DAGs
[2021-10-02 06:37:42,878] {logging_mixin.py:104} INFO - [2021-10-02 06:37:42,878] {dag.py:2280} INFO - Setting next_dagrun for example_nested_branch_dag to 2021-09-30 00:00:00+00:00
[2021-10-02 06:37:42,884] {scheduler_job.py:190} INFO - Processing /usr/local/lib/python3.6/dist-packages/airflow/example_dags/example_nested_branch_dag.py took 0.045 seconds
[2021-10-02 06:38:13,574] {scheduler_job.py:182} INFO - Started process (PID=209) to work on /usr/local/lib/python3.6/dist-packages/airflow/example_dags/example_nested_branch_dag.py
[2021-10-02 06:38:13,575] {scheduler_job.py:629} INFO - Processing file /usr/local/lib/python3.6/dist-packages/airflow/example_dags/example_nested_branch_dag.py for tasks to queue
[2021-10-02 06:38:13,575] {logging_mixin.py:104} INFO - [2021-10-02 06:38:13,575] {dagbag.py:451} INFO - Filling up the DagBag from /usr/local/lib/python3.6/dist-packages/airflow/example_dags/example_nested_branch_dag.py
[2021-10-02 06:38:13,583] {scheduler_job.py:639} INFO - DAG(s) dict_keys(['example_nested_branch_dag']) retrieved from /usr/local/lib/python3.6/dist-packages/airflow/example_dags/example_nested_branch_dag.py
[2021-10-02 06:38:13,594] {logging_mixin.py:104} INFO - [2021-10-02 06:38:13,594] {dag.py:1824} INFO - Sync 1 DAGs
[2021-10-02 06:38:13,606] {logging_mixin.py:104} INFO - [2021-10-02 06:38:13,606] {dag.py:2280} INFO - Setting next_dagrun for example_nested_branch_dag to 2021-09-30 00:00:00+00:00
[2021-10-02 06:38:13,611] {scheduler_job.py:190} INFO - Processing /usr/local/lib/python3.6/dist-packages/airflow/example_dags/example_nested_branch_dag.py took 0.038 seconds
[2021-10-02 06:38:44,123] {scheduler_job.py:182} INFO - Started process (PID=288) to work on /usr/local/lib/python3.6/dist-packages/airflow/example_dags/example_nested_branch_dag.py
[2021-10-02 06:38:44,124] {scheduler_job.py:629} INFO - Processing file /usr/local/lib/python3.6/dist-packages/airflow/example_dags/example_nested_branch_dag.py for tasks to queue
[2021-10-02 06:38:44,124] {logging_mixin.py:104} INFO - [2021-10-02 06:38:44,124] {dagbag.py:451} INFO - Filling up the DagBag from /usr/local/lib/python3.6/dist-packages/airflow/example_dags/example_nested_branch_dag.py
[2021-10-02 06:38:44,136] {scheduler_job.py:639} INFO - DAG(s) dict_keys(['example_nested_branch_dag']) retrieved from /usr/local/lib/python3.6/dist-packages/airflow/example_dags/example_nested_branch_dag.py
[2021-10-02 06:38:44,151] {logging_mixin.py:104} INFO - [2021-10-02 06:38:44,151] {dag.py:1824} INFO - Sync 1 DAGs
[2021-10-02 06:38:44,166] {logging_mixin.py:104} INFO - [2021-10-02 06:38:44,166] {dag.py:2280} INFO - Setting next_dagrun for example_nested_branch_dag to 2021-09-30 00:00:00+00:00
[2021-10-02 06:38:44,172] {scheduler_job.py:190} INFO - Processing /usr/local/lib/python3.6/dist-packages/airflow/example_dags/example_nested_branch_dag.py took 0.052 seconds
[2021-10-02 06:39:14,825] {scheduler_job.py:182} INFO - Started process (PID=366) to work on /usr/local/lib/python3.6/dist-packages/airflow/example_dags/example_nested_branch_dag.py
[2021-10-02 06:39:14,826] {scheduler_job.py:629} INFO - Processing file /usr/local/lib/python3.6/dist-packages/airflow/example_dags/example_nested_branch_dag.py for tasks to queue
[2021-10-02 06:39:14,826] {logging_mixin.py:104} INFO - [2021-10-02 06:39:14,826] {dagbag.py:451} INFO - Filling up the DagBag from /usr/local/lib/python3.6/dist-packages/airflow/example_dags/example_nested_branch_dag.py
[2021-10-02 06:39:14,834] {scheduler_job.py:639} INFO - DAG(s) dict_keys(['example_nested_branch_dag']) retrieved from /usr/local/lib/python3.6/dist-packages/airflow/example_dags/example_nested_branch_dag.py
[2021-10-02 06:39:14,846] {logging_mixin.py:104} INFO - [2021-10-02 06:39:14,846] {dag.py:1824} INFO - Sync 1 DAGs
[2021-10-02 06:39:14,858] {logging_mixin.py:104} INFO - [2021-10-02 06:39:14,858] {dag.py:2280} INFO - Setting next_dagrun for example_nested_branch_dag to 2021-09-30 00:00:00+00:00
[2021-10-02 06:39:14,863] {scheduler_job.py:190} INFO - Processing /usr/local/lib/python3.6/dist-packages/airflow/example_dags/example_nested_branch_dag.py took 0.039 seconds
