[2021-10-02 06:31:45,876] {scheduler_job.py:182} INFO - Started process (PID=94) to work on /usr/local/lib/python3.6/dist-packages/airflow/example_dags/example_skip_dag.py
[2021-10-02 06:31:45,877] {scheduler_job.py:629} INFO - Processing file /usr/local/lib/python3.6/dist-packages/airflow/example_dags/example_skip_dag.py for tasks to queue
[2021-10-02 06:31:45,877] {logging_mixin.py:104} INFO - [2021-10-02 06:31:45,877] {dagbag.py:451} INFO - Filling up the DagBag from /usr/local/lib/python3.6/dist-packages/airflow/example_dags/example_skip_dag.py
[2021-10-02 06:31:45,883] {scheduler_job.py:639} INFO - DAG(s) dict_keys(['example_skip_dag']) retrieved from /usr/local/lib/python3.6/dist-packages/airflow/example_dags/example_skip_dag.py
[2021-10-02 06:31:45,891] {logging_mixin.py:104} INFO - [2021-10-02 06:31:45,891] {dag.py:1824} INFO - Sync 1 DAGs
[2021-10-02 06:31:45,939] {logging_mixin.py:104} INFO - [2021-10-02 06:31:45,939] {dag.py:2280} INFO - Setting next_dagrun for example_skip_dag to 2021-09-30 00:00:00+00:00
[2021-10-02 06:31:45,945] {scheduler_job.py:190} INFO - Processing /usr/local/lib/python3.6/dist-packages/airflow/example_dags/example_skip_dag.py took 0.070 seconds
[2021-10-02 06:32:16,772] {scheduler_job.py:182} INFO - Started process (PID=242) to work on /usr/local/lib/python3.6/dist-packages/airflow/example_dags/example_skip_dag.py
[2021-10-02 06:32:16,772] {scheduler_job.py:629} INFO - Processing file /usr/local/lib/python3.6/dist-packages/airflow/example_dags/example_skip_dag.py for tasks to queue
[2021-10-02 06:32:16,773] {logging_mixin.py:104} INFO - [2021-10-02 06:32:16,772] {dagbag.py:451} INFO - Filling up the DagBag from /usr/local/lib/python3.6/dist-packages/airflow/example_dags/example_skip_dag.py
[2021-10-02 06:32:16,778] {scheduler_job.py:639} INFO - DAG(s) dict_keys(['example_skip_dag']) retrieved from /usr/local/lib/python3.6/dist-packages/airflow/example_dags/example_skip_dag.py
[2021-10-02 06:32:16,788] {logging_mixin.py:104} INFO - [2021-10-02 06:32:16,788] {dag.py:1824} INFO - Sync 1 DAGs
[2021-10-02 06:32:16,796] {logging_mixin.py:104} INFO - [2021-10-02 06:32:16,796] {dag.py:2280} INFO - Setting next_dagrun for example_skip_dag to 2021-09-30 00:00:00+00:00
[2021-10-02 06:32:16,800] {scheduler_job.py:190} INFO - Processing /usr/local/lib/python3.6/dist-packages/airflow/example_dags/example_skip_dag.py took 0.030 seconds
[2021-10-02 06:32:46,986] {scheduler_job.py:182} INFO - Started process (PID=311) to work on /usr/local/lib/python3.6/dist-packages/airflow/example_dags/example_skip_dag.py
[2021-10-02 06:32:46,986] {scheduler_job.py:629} INFO - Processing file /usr/local/lib/python3.6/dist-packages/airflow/example_dags/example_skip_dag.py for tasks to queue
[2021-10-02 06:32:46,987] {logging_mixin.py:104} INFO - [2021-10-02 06:32:46,987] {dagbag.py:451} INFO - Filling up the DagBag from /usr/local/lib/python3.6/dist-packages/airflow/example_dags/example_skip_dag.py
[2021-10-02 06:32:46,992] {scheduler_job.py:639} INFO - DAG(s) dict_keys(['example_skip_dag']) retrieved from /usr/local/lib/python3.6/dist-packages/airflow/example_dags/example_skip_dag.py
[2021-10-02 06:32:47,003] {logging_mixin.py:104} INFO - [2021-10-02 06:32:47,003] {dag.py:1824} INFO - Sync 1 DAGs
[2021-10-02 06:32:47,010] {logging_mixin.py:104} INFO - [2021-10-02 06:32:47,010] {dag.py:2280} INFO - Setting next_dagrun for example_skip_dag to 2021-09-30 00:00:00+00:00
[2021-10-02 06:32:47,015] {scheduler_job.py:190} INFO - Processing /usr/local/lib/python3.6/dist-packages/airflow/example_dags/example_skip_dag.py took 0.031 seconds
[2021-10-02 06:33:17,717] {scheduler_job.py:182} INFO - Started process (PID=386) to work on /usr/local/lib/python3.6/dist-packages/airflow/example_dags/example_skip_dag.py
[2021-10-02 06:33:17,717] {scheduler_job.py:629} INFO - Processing file /usr/local/lib/python3.6/dist-packages/airflow/example_dags/example_skip_dag.py for tasks to queue
[2021-10-02 06:33:17,718] {logging_mixin.py:104} INFO - [2021-10-02 06:33:17,717] {dagbag.py:451} INFO - Filling up the DagBag from /usr/local/lib/python3.6/dist-packages/airflow/example_dags/example_skip_dag.py
[2021-10-02 06:33:17,723] {scheduler_job.py:639} INFO - DAG(s) dict_keys(['example_skip_dag']) retrieved from /usr/local/lib/python3.6/dist-packages/airflow/example_dags/example_skip_dag.py
[2021-10-02 06:33:17,735] {logging_mixin.py:104} INFO - [2021-10-02 06:33:17,735] {dag.py:1824} INFO - Sync 1 DAGs
[2021-10-02 06:33:17,745] {logging_mixin.py:104} INFO - [2021-10-02 06:33:17,745] {dag.py:2280} INFO - Setting next_dagrun for example_skip_dag to 2021-09-30 00:00:00+00:00
[2021-10-02 06:33:17,750] {scheduler_job.py:190} INFO - Processing /usr/local/lib/python3.6/dist-packages/airflow/example_dags/example_skip_dag.py took 0.035 seconds
[2021-10-02 06:33:48,391] {scheduler_job.py:182} INFO - Started process (PID=465) to work on /usr/local/lib/python3.6/dist-packages/airflow/example_dags/example_skip_dag.py
[2021-10-02 06:33:48,391] {scheduler_job.py:629} INFO - Processing file /usr/local/lib/python3.6/dist-packages/airflow/example_dags/example_skip_dag.py for tasks to queue
[2021-10-02 06:33:48,392] {logging_mixin.py:104} INFO - [2021-10-02 06:33:48,392] {dagbag.py:451} INFO - Filling up the DagBag from /usr/local/lib/python3.6/dist-packages/airflow/example_dags/example_skip_dag.py
[2021-10-02 06:33:48,397] {scheduler_job.py:639} INFO - DAG(s) dict_keys(['example_skip_dag']) retrieved from /usr/local/lib/python3.6/dist-packages/airflow/example_dags/example_skip_dag.py
[2021-10-02 06:33:48,409] {logging_mixin.py:104} INFO - [2021-10-02 06:33:48,409] {dag.py:1824} INFO - Sync 1 DAGs
[2021-10-02 06:33:48,418] {logging_mixin.py:104} INFO - [2021-10-02 06:33:48,417] {dag.py:2280} INFO - Setting next_dagrun for example_skip_dag to 2021-09-30 00:00:00+00:00
[2021-10-02 06:33:48,423] {scheduler_job.py:190} INFO - Processing /usr/local/lib/python3.6/dist-packages/airflow/example_dags/example_skip_dag.py took 0.034 seconds
[2021-10-02 06:34:19,078] {scheduler_job.py:182} INFO - Started process (PID=546) to work on /usr/local/lib/python3.6/dist-packages/airflow/example_dags/example_skip_dag.py
[2021-10-02 06:34:19,079] {scheduler_job.py:629} INFO - Processing file /usr/local/lib/python3.6/dist-packages/airflow/example_dags/example_skip_dag.py for tasks to queue
[2021-10-02 06:34:19,079] {logging_mixin.py:104} INFO - [2021-10-02 06:34:19,079] {dagbag.py:451} INFO - Filling up the DagBag from /usr/local/lib/python3.6/dist-packages/airflow/example_dags/example_skip_dag.py
[2021-10-02 06:34:19,084] {scheduler_job.py:639} INFO - DAG(s) dict_keys(['example_skip_dag']) retrieved from /usr/local/lib/python3.6/dist-packages/airflow/example_dags/example_skip_dag.py
[2021-10-02 06:34:19,095] {logging_mixin.py:104} INFO - [2021-10-02 06:34:19,095] {dag.py:1824} INFO - Sync 1 DAGs
[2021-10-02 06:34:19,103] {logging_mixin.py:104} INFO - [2021-10-02 06:34:19,103] {dag.py:2280} INFO - Setting next_dagrun for example_skip_dag to 2021-09-30 00:00:00+00:00
[2021-10-02 06:34:19,108] {scheduler_job.py:190} INFO - Processing /usr/local/lib/python3.6/dist-packages/airflow/example_dags/example_skip_dag.py took 0.031 seconds
[2021-10-02 06:34:49,637] {scheduler_job.py:182} INFO - Started process (PID=623) to work on /usr/local/lib/python3.6/dist-packages/airflow/example_dags/example_skip_dag.py
[2021-10-02 06:34:49,637] {scheduler_job.py:629} INFO - Processing file /usr/local/lib/python3.6/dist-packages/airflow/example_dags/example_skip_dag.py for tasks to queue
[2021-10-02 06:34:49,638] {logging_mixin.py:104} INFO - [2021-10-02 06:34:49,638] {dagbag.py:451} INFO - Filling up the DagBag from /usr/local/lib/python3.6/dist-packages/airflow/example_dags/example_skip_dag.py
[2021-10-02 06:34:49,643] {scheduler_job.py:639} INFO - DAG(s) dict_keys(['example_skip_dag']) retrieved from /usr/local/lib/python3.6/dist-packages/airflow/example_dags/example_skip_dag.py
[2021-10-02 06:34:49,654] {logging_mixin.py:104} INFO - [2021-10-02 06:34:49,654] {dag.py:1824} INFO - Sync 1 DAGs
[2021-10-02 06:34:49,662] {logging_mixin.py:104} INFO - [2021-10-02 06:34:49,662] {dag.py:2280} INFO - Setting next_dagrun for example_skip_dag to 2021-09-30 00:00:00+00:00
[2021-10-02 06:34:49,667] {scheduler_job.py:190} INFO - Processing /usr/local/lib/python3.6/dist-packages/airflow/example_dags/example_skip_dag.py took 0.031 seconds
[2021-10-02 06:35:20,390] {scheduler_job.py:182} INFO - Started process (PID=698) to work on /usr/local/lib/python3.6/dist-packages/airflow/example_dags/example_skip_dag.py
[2021-10-02 06:35:20,391] {scheduler_job.py:629} INFO - Processing file /usr/local/lib/python3.6/dist-packages/airflow/example_dags/example_skip_dag.py for tasks to queue
[2021-10-02 06:35:20,391] {logging_mixin.py:104} INFO - [2021-10-02 06:35:20,391] {dagbag.py:451} INFO - Filling up the DagBag from /usr/local/lib/python3.6/dist-packages/airflow/example_dags/example_skip_dag.py
[2021-10-02 06:35:20,398] {scheduler_job.py:639} INFO - DAG(s) dict_keys(['example_skip_dag']) retrieved from /usr/local/lib/python3.6/dist-packages/airflow/example_dags/example_skip_dag.py
[2021-10-02 06:35:20,411] {logging_mixin.py:104} INFO - [2021-10-02 06:35:20,411] {dag.py:1824} INFO - Sync 1 DAGs
[2021-10-02 06:35:20,421] {logging_mixin.py:104} INFO - [2021-10-02 06:35:20,421] {dag.py:2280} INFO - Setting next_dagrun for example_skip_dag to 2021-09-30 00:00:00+00:00
[2021-10-02 06:35:20,426] {scheduler_job.py:190} INFO - Processing /usr/local/lib/python3.6/dist-packages/airflow/example_dags/example_skip_dag.py took 0.037 seconds
[2021-10-02 06:35:57,540] {scheduler_job.py:182} INFO - Started process (PID=78) to work on /usr/local/lib/python3.6/dist-packages/airflow/example_dags/example_skip_dag.py
[2021-10-02 06:35:57,540] {scheduler_job.py:629} INFO - Processing file /usr/local/lib/python3.6/dist-packages/airflow/example_dags/example_skip_dag.py for tasks to queue
[2021-10-02 06:35:57,541] {logging_mixin.py:104} INFO - [2021-10-02 06:35:57,541] {dagbag.py:451} INFO - Filling up the DagBag from /usr/local/lib/python3.6/dist-packages/airflow/example_dags/example_skip_dag.py
[2021-10-02 06:35:57,549] {scheduler_job.py:639} INFO - DAG(s) dict_keys(['example_skip_dag']) retrieved from /usr/local/lib/python3.6/dist-packages/airflow/example_dags/example_skip_dag.py
[2021-10-02 06:35:57,568] {logging_mixin.py:104} INFO - [2021-10-02 06:35:57,568] {dag.py:1824} INFO - Sync 1 DAGs
[2021-10-02 06:35:57,580] {logging_mixin.py:104} INFO - [2021-10-02 06:35:57,579] {dag.py:2280} INFO - Setting next_dagrun for example_skip_dag to 2021-09-30 00:00:00+00:00
[2021-10-02 06:35:57,587] {scheduler_job.py:190} INFO - Processing /usr/local/lib/python3.6/dist-packages/airflow/example_dags/example_skip_dag.py took 0.051 seconds
[2021-10-02 06:36:45,318] {scheduler_job.py:182} INFO - Started process (PID=80) to work on /usr/local/lib/python3.6/dist-packages/airflow/example_dags/example_skip_dag.py
[2021-10-02 06:36:45,318] {scheduler_job.py:629} INFO - Processing file /usr/local/lib/python3.6/dist-packages/airflow/example_dags/example_skip_dag.py for tasks to queue
[2021-10-02 06:36:45,319] {logging_mixin.py:104} INFO - [2021-10-02 06:36:45,319] {dagbag.py:451} INFO - Filling up the DagBag from /usr/local/lib/python3.6/dist-packages/airflow/example_dags/example_skip_dag.py
[2021-10-02 06:36:45,326] {scheduler_job.py:639} INFO - DAG(s) dict_keys(['example_skip_dag']) retrieved from /usr/local/lib/python3.6/dist-packages/airflow/example_dags/example_skip_dag.py
[2021-10-02 06:36:45,341] {logging_mixin.py:104} INFO - [2021-10-02 06:36:45,341] {dag.py:1824} INFO - Sync 1 DAGs
[2021-10-02 06:36:45,358] {logging_mixin.py:104} INFO - [2021-10-02 06:36:45,358] {dag.py:2280} INFO - Setting next_dagrun for example_skip_dag to 2021-09-30 00:00:00+00:00
[2021-10-02 06:36:45,377] {scheduler_job.py:190} INFO - Processing /usr/local/lib/python3.6/dist-packages/airflow/example_dags/example_skip_dag.py took 0.061 seconds
[2021-10-02 06:37:15,404] {scheduler_job.py:182} INFO - Started process (PID=201) to work on /usr/local/lib/python3.6/dist-packages/airflow/example_dags/example_skip_dag.py
[2021-10-02 06:37:15,405] {scheduler_job.py:629} INFO - Processing file /usr/local/lib/python3.6/dist-packages/airflow/example_dags/example_skip_dag.py for tasks to queue
[2021-10-02 06:37:15,406] {logging_mixin.py:104} INFO - [2021-10-02 06:37:15,405] {dagbag.py:451} INFO - Filling up the DagBag from /usr/local/lib/python3.6/dist-packages/airflow/example_dags/example_skip_dag.py
[2021-10-02 06:37:15,414] {scheduler_job.py:639} INFO - DAG(s) dict_keys(['example_skip_dag']) retrieved from /usr/local/lib/python3.6/dist-packages/airflow/example_dags/example_skip_dag.py
[2021-10-02 06:37:15,429] {logging_mixin.py:104} INFO - [2021-10-02 06:37:15,429] {dag.py:1824} INFO - Sync 1 DAGs
[2021-10-02 06:37:15,439] {logging_mixin.py:104} INFO - [2021-10-02 06:37:15,439] {dag.py:2280} INFO - Setting next_dagrun for example_skip_dag to 2021-09-30 00:00:00+00:00
[2021-10-02 06:37:15,446] {scheduler_job.py:190} INFO - Processing /usr/local/lib/python3.6/dist-packages/airflow/example_dags/example_skip_dag.py took 0.043 seconds
[2021-10-02 06:37:42,944] {scheduler_job.py:182} INFO - Started process (PID=102) to work on /usr/local/lib/python3.6/dist-packages/airflow/example_dags/example_skip_dag.py
[2021-10-02 06:37:42,944] {scheduler_job.py:629} INFO - Processing file /usr/local/lib/python3.6/dist-packages/airflow/example_dags/example_skip_dag.py for tasks to queue
[2021-10-02 06:37:42,945] {logging_mixin.py:104} INFO - [2021-10-02 06:37:42,945] {dagbag.py:451} INFO - Filling up the DagBag from /usr/local/lib/python3.6/dist-packages/airflow/example_dags/example_skip_dag.py
[2021-10-02 06:37:42,961] {scheduler_job.py:639} INFO - DAG(s) dict_keys(['example_skip_dag']) retrieved from /usr/local/lib/python3.6/dist-packages/airflow/example_dags/example_skip_dag.py
[2021-10-02 06:37:42,983] {logging_mixin.py:104} INFO - [2021-10-02 06:37:42,983] {dag.py:1824} INFO - Sync 1 DAGs
[2021-10-02 06:37:43,003] {logging_mixin.py:104} INFO - [2021-10-02 06:37:43,003] {dag.py:2280} INFO - Setting next_dagrun for example_skip_dag to 2021-09-30 00:00:00+00:00
[2021-10-02 06:37:43,014] {scheduler_job.py:190} INFO - Processing /usr/local/lib/python3.6/dist-packages/airflow/example_dags/example_skip_dag.py took 0.077 seconds
[2021-10-02 06:38:13,749] {scheduler_job.py:182} INFO - Started process (PID=219) to work on /usr/local/lib/python3.6/dist-packages/airflow/example_dags/example_skip_dag.py
[2021-10-02 06:38:13,750] {scheduler_job.py:629} INFO - Processing file /usr/local/lib/python3.6/dist-packages/airflow/example_dags/example_skip_dag.py for tasks to queue
[2021-10-02 06:38:13,750] {logging_mixin.py:104} INFO - [2021-10-02 06:38:13,750] {dagbag.py:451} INFO - Filling up the DagBag from /usr/local/lib/python3.6/dist-packages/airflow/example_dags/example_skip_dag.py
[2021-10-02 06:38:13,755] {scheduler_job.py:639} INFO - DAG(s) dict_keys(['example_skip_dag']) retrieved from /usr/local/lib/python3.6/dist-packages/airflow/example_dags/example_skip_dag.py
[2021-10-02 06:38:13,769] {logging_mixin.py:104} INFO - [2021-10-02 06:38:13,769] {dag.py:1824} INFO - Sync 1 DAGs
[2021-10-02 06:38:13,780] {logging_mixin.py:104} INFO - [2021-10-02 06:38:13,780] {dag.py:2280} INFO - Setting next_dagrun for example_skip_dag to 2021-09-30 00:00:00+00:00
[2021-10-02 06:38:13,787] {scheduler_job.py:190} INFO - Processing /usr/local/lib/python3.6/dist-packages/airflow/example_dags/example_skip_dag.py took 0.039 seconds
[2021-10-02 06:38:44,206] {scheduler_job.py:182} INFO - Started process (PID=291) to work on /usr/local/lib/python3.6/dist-packages/airflow/example_dags/example_skip_dag.py
[2021-10-02 06:38:44,206] {scheduler_job.py:629} INFO - Processing file /usr/local/lib/python3.6/dist-packages/airflow/example_dags/example_skip_dag.py for tasks to queue
[2021-10-02 06:38:44,206] {logging_mixin.py:104} INFO - [2021-10-02 06:38:44,206] {dagbag.py:451} INFO - Filling up the DagBag from /usr/local/lib/python3.6/dist-packages/airflow/example_dags/example_skip_dag.py
[2021-10-02 06:38:44,212] {scheduler_job.py:639} INFO - DAG(s) dict_keys(['example_skip_dag']) retrieved from /usr/local/lib/python3.6/dist-packages/airflow/example_dags/example_skip_dag.py
[2021-10-02 06:38:44,225] {logging_mixin.py:104} INFO - [2021-10-02 06:38:44,225] {dag.py:1824} INFO - Sync 1 DAGs
[2021-10-02 06:38:44,233] {logging_mixin.py:104} INFO - [2021-10-02 06:38:44,233] {dag.py:2280} INFO - Setting next_dagrun for example_skip_dag to 2021-09-30 00:00:00+00:00
[2021-10-02 06:38:44,238] {scheduler_job.py:190} INFO - Processing /usr/local/lib/python3.6/dist-packages/airflow/example_dags/example_skip_dag.py took 0.034 seconds
[2021-10-02 06:39:14,887] {scheduler_job.py:182} INFO - Started process (PID=369) to work on /usr/local/lib/python3.6/dist-packages/airflow/example_dags/example_skip_dag.py
[2021-10-02 06:39:14,888] {scheduler_job.py:629} INFO - Processing file /usr/local/lib/python3.6/dist-packages/airflow/example_dags/example_skip_dag.py for tasks to queue
[2021-10-02 06:39:14,888] {logging_mixin.py:104} INFO - [2021-10-02 06:39:14,888] {dagbag.py:451} INFO - Filling up the DagBag from /usr/local/lib/python3.6/dist-packages/airflow/example_dags/example_skip_dag.py
[2021-10-02 06:39:14,894] {scheduler_job.py:639} INFO - DAG(s) dict_keys(['example_skip_dag']) retrieved from /usr/local/lib/python3.6/dist-packages/airflow/example_dags/example_skip_dag.py
[2021-10-02 06:39:14,907] {logging_mixin.py:104} INFO - [2021-10-02 06:39:14,907] {dag.py:1824} INFO - Sync 1 DAGs
[2021-10-02 06:39:14,917] {logging_mixin.py:104} INFO - [2021-10-02 06:39:14,917] {dag.py:2280} INFO - Setting next_dagrun for example_skip_dag to 2021-09-30 00:00:00+00:00
[2021-10-02 06:39:14,922] {scheduler_job.py:190} INFO - Processing /usr/local/lib/python3.6/dist-packages/airflow/example_dags/example_skip_dag.py took 0.037 seconds
