[2021-10-02 06:31:45,657] {scheduler_job.py:182} INFO - Started process (PID=89) to work on /usr/local/lib/python3.6/dist-packages/airflow/example_dags/example_kubernetes_executor.py
[2021-10-02 06:31:45,658] {scheduler_job.py:629} INFO - Processing file /usr/local/lib/python3.6/dist-packages/airflow/example_dags/example_kubernetes_executor.py for tasks to queue
[2021-10-02 06:31:45,658] {logging_mixin.py:104} INFO - [2021-10-02 06:31:45,658] {dagbag.py:451} INFO - Filling up the DagBag from /usr/local/lib/python3.6/dist-packages/airflow/example_dags/example_kubernetes_executor.py
[2021-10-02 06:31:45,666] {scheduler_job.py:639} INFO - DAG(s) dict_keys(['example_kubernetes_executor']) retrieved from /usr/local/lib/python3.6/dist-packages/airflow/example_dags/example_kubernetes_executor.py
[2021-10-02 06:31:45,675] {logging_mixin.py:104} INFO - [2021-10-02 06:31:45,675] {dag.py:1824} INFO - Sync 1 DAGs
[2021-10-02 06:31:45,685] {logging_mixin.py:104} INFO - [2021-10-02 06:31:45,685] {dag.py:2280} INFO - Setting next_dagrun for example_kubernetes_executor to None
[2021-10-02 06:31:45,692] {scheduler_job.py:190} INFO - Processing /usr/local/lib/python3.6/dist-packages/airflow/example_dags/example_kubernetes_executor.py took 0.036 seconds
[2021-10-02 06:32:16,496] {scheduler_job.py:182} INFO - Started process (PID=230) to work on /usr/local/lib/python3.6/dist-packages/airflow/example_dags/example_kubernetes_executor.py
[2021-10-02 06:32:16,497] {scheduler_job.py:629} INFO - Processing file /usr/local/lib/python3.6/dist-packages/airflow/example_dags/example_kubernetes_executor.py for tasks to queue
[2021-10-02 06:32:16,497] {logging_mixin.py:104} INFO - [2021-10-02 06:32:16,497] {dagbag.py:451} INFO - Filling up the DagBag from /usr/local/lib/python3.6/dist-packages/airflow/example_dags/example_kubernetes_executor.py
[2021-10-02 06:32:16,503] {scheduler_job.py:639} INFO - DAG(s) dict_keys(['example_kubernetes_executor']) retrieved from /usr/local/lib/python3.6/dist-packages/airflow/example_dags/example_kubernetes_executor.py
[2021-10-02 06:32:16,516] {logging_mixin.py:104} INFO - [2021-10-02 06:32:16,516] {dag.py:1824} INFO - Sync 1 DAGs
[2021-10-02 06:32:16,526] {logging_mixin.py:104} INFO - [2021-10-02 06:32:16,526] {dag.py:2280} INFO - Setting next_dagrun for example_kubernetes_executor to None
[2021-10-02 06:32:16,532] {scheduler_job.py:190} INFO - Processing /usr/local/lib/python3.6/dist-packages/airflow/example_dags/example_kubernetes_executor.py took 0.038 seconds
[2021-10-02 06:32:46,877] {scheduler_job.py:182} INFO - Started process (PID=306) to work on /usr/local/lib/python3.6/dist-packages/airflow/example_dags/example_kubernetes_executor.py
[2021-10-02 06:32:46,878] {scheduler_job.py:629} INFO - Processing file /usr/local/lib/python3.6/dist-packages/airflow/example_dags/example_kubernetes_executor.py for tasks to queue
[2021-10-02 06:32:46,878] {logging_mixin.py:104} INFO - [2021-10-02 06:32:46,878] {dagbag.py:451} INFO - Filling up the DagBag from /usr/local/lib/python3.6/dist-packages/airflow/example_dags/example_kubernetes_executor.py
[2021-10-02 06:32:46,884] {scheduler_job.py:639} INFO - DAG(s) dict_keys(['example_kubernetes_executor']) retrieved from /usr/local/lib/python3.6/dist-packages/airflow/example_dags/example_kubernetes_executor.py
[2021-10-02 06:32:46,895] {logging_mixin.py:104} INFO - [2021-10-02 06:32:46,895] {dag.py:1824} INFO - Sync 1 DAGs
[2021-10-02 06:32:46,904] {logging_mixin.py:104} INFO - [2021-10-02 06:32:46,903] {dag.py:2280} INFO - Setting next_dagrun for example_kubernetes_executor to None
[2021-10-02 06:32:46,909] {scheduler_job.py:190} INFO - Processing /usr/local/lib/python3.6/dist-packages/airflow/example_dags/example_kubernetes_executor.py took 0.034 seconds
[2021-10-02 06:33:17,605] {scheduler_job.py:182} INFO - Started process (PID=381) to work on /usr/local/lib/python3.6/dist-packages/airflow/example_dags/example_kubernetes_executor.py
[2021-10-02 06:33:17,606] {scheduler_job.py:629} INFO - Processing file /usr/local/lib/python3.6/dist-packages/airflow/example_dags/example_kubernetes_executor.py for tasks to queue
[2021-10-02 06:33:17,606] {logging_mixin.py:104} INFO - [2021-10-02 06:33:17,606] {dagbag.py:451} INFO - Filling up the DagBag from /usr/local/lib/python3.6/dist-packages/airflow/example_dags/example_kubernetes_executor.py
[2021-10-02 06:33:17,614] {scheduler_job.py:639} INFO - DAG(s) dict_keys(['example_kubernetes_executor']) retrieved from /usr/local/lib/python3.6/dist-packages/airflow/example_dags/example_kubernetes_executor.py
[2021-10-02 06:33:17,627] {logging_mixin.py:104} INFO - [2021-10-02 06:33:17,627] {dag.py:1824} INFO - Sync 1 DAGs
[2021-10-02 06:33:17,638] {logging_mixin.py:104} INFO - [2021-10-02 06:33:17,638] {dag.py:2280} INFO - Setting next_dagrun for example_kubernetes_executor to None
[2021-10-02 06:33:17,645] {scheduler_job.py:190} INFO - Processing /usr/local/lib/python3.6/dist-packages/airflow/example_dags/example_kubernetes_executor.py took 0.042 seconds
[2021-10-02 06:33:48,252] {scheduler_job.py:182} INFO - Started process (PID=460) to work on /usr/local/lib/python3.6/dist-packages/airflow/example_dags/example_kubernetes_executor.py
[2021-10-02 06:33:48,253] {scheduler_job.py:629} INFO - Processing file /usr/local/lib/python3.6/dist-packages/airflow/example_dags/example_kubernetes_executor.py for tasks to queue
[2021-10-02 06:33:48,253] {logging_mixin.py:104} INFO - [2021-10-02 06:33:48,253] {dagbag.py:451} INFO - Filling up the DagBag from /usr/local/lib/python3.6/dist-packages/airflow/example_dags/example_kubernetes_executor.py
[2021-10-02 06:33:48,260] {scheduler_job.py:639} INFO - DAG(s) dict_keys(['example_kubernetes_executor']) retrieved from /usr/local/lib/python3.6/dist-packages/airflow/example_dags/example_kubernetes_executor.py
[2021-10-02 06:33:48,273] {logging_mixin.py:104} INFO - [2021-10-02 06:33:48,273] {dag.py:1824} INFO - Sync 1 DAGs
[2021-10-02 06:33:48,283] {logging_mixin.py:104} INFO - [2021-10-02 06:33:48,283] {dag.py:2280} INFO - Setting next_dagrun for example_kubernetes_executor to None
[2021-10-02 06:33:48,289] {scheduler_job.py:190} INFO - Processing /usr/local/lib/python3.6/dist-packages/airflow/example_dags/example_kubernetes_executor.py took 0.039 seconds
[2021-10-02 06:34:18,950] {scheduler_job.py:182} INFO - Started process (PID=541) to work on /usr/local/lib/python3.6/dist-packages/airflow/example_dags/example_kubernetes_executor.py
[2021-10-02 06:34:18,951] {scheduler_job.py:629} INFO - Processing file /usr/local/lib/python3.6/dist-packages/airflow/example_dags/example_kubernetes_executor.py for tasks to queue
[2021-10-02 06:34:18,951] {logging_mixin.py:104} INFO - [2021-10-02 06:34:18,951] {dagbag.py:451} INFO - Filling up the DagBag from /usr/local/lib/python3.6/dist-packages/airflow/example_dags/example_kubernetes_executor.py
[2021-10-02 06:34:18,957] {scheduler_job.py:639} INFO - DAG(s) dict_keys(['example_kubernetes_executor']) retrieved from /usr/local/lib/python3.6/dist-packages/airflow/example_dags/example_kubernetes_executor.py
[2021-10-02 06:34:18,968] {logging_mixin.py:104} INFO - [2021-10-02 06:34:18,968] {dag.py:1824} INFO - Sync 1 DAGs
[2021-10-02 06:34:18,977] {logging_mixin.py:104} INFO - [2021-10-02 06:34:18,977] {dag.py:2280} INFO - Setting next_dagrun for example_kubernetes_executor to None
[2021-10-02 06:34:18,983] {scheduler_job.py:190} INFO - Processing /usr/local/lib/python3.6/dist-packages/airflow/example_dags/example_kubernetes_executor.py took 0.034 seconds
[2021-10-02 06:34:49,531] {scheduler_job.py:182} INFO - Started process (PID=618) to work on /usr/local/lib/python3.6/dist-packages/airflow/example_dags/example_kubernetes_executor.py
[2021-10-02 06:34:49,532] {scheduler_job.py:629} INFO - Processing file /usr/local/lib/python3.6/dist-packages/airflow/example_dags/example_kubernetes_executor.py for tasks to queue
[2021-10-02 06:34:49,532] {logging_mixin.py:104} INFO - [2021-10-02 06:34:49,532] {dagbag.py:451} INFO - Filling up the DagBag from /usr/local/lib/python3.6/dist-packages/airflow/example_dags/example_kubernetes_executor.py
[2021-10-02 06:34:49,538] {scheduler_job.py:639} INFO - DAG(s) dict_keys(['example_kubernetes_executor']) retrieved from /usr/local/lib/python3.6/dist-packages/airflow/example_dags/example_kubernetes_executor.py
[2021-10-02 06:34:49,552] {logging_mixin.py:104} INFO - [2021-10-02 06:34:49,551] {dag.py:1824} INFO - Sync 1 DAGs
[2021-10-02 06:34:49,562] {logging_mixin.py:104} INFO - [2021-10-02 06:34:49,562] {dag.py:2280} INFO - Setting next_dagrun for example_kubernetes_executor to None
[2021-10-02 06:34:49,569] {scheduler_job.py:190} INFO - Processing /usr/local/lib/python3.6/dist-packages/airflow/example_dags/example_kubernetes_executor.py took 0.039 seconds
[2021-10-02 06:35:20,193] {scheduler_job.py:182} INFO - Started process (PID=692) to work on /usr/local/lib/python3.6/dist-packages/airflow/example_dags/example_kubernetes_executor.py
[2021-10-02 06:35:20,193] {scheduler_job.py:629} INFO - Processing file /usr/local/lib/python3.6/dist-packages/airflow/example_dags/example_kubernetes_executor.py for tasks to queue
[2021-10-02 06:35:20,194] {logging_mixin.py:104} INFO - [2021-10-02 06:35:20,194] {dagbag.py:451} INFO - Filling up the DagBag from /usr/local/lib/python3.6/dist-packages/airflow/example_dags/example_kubernetes_executor.py
[2021-10-02 06:35:20,202] {scheduler_job.py:639} INFO - DAG(s) dict_keys(['example_kubernetes_executor']) retrieved from /usr/local/lib/python3.6/dist-packages/airflow/example_dags/example_kubernetes_executor.py
[2021-10-02 06:35:20,219] {logging_mixin.py:104} INFO - [2021-10-02 06:35:20,219] {dag.py:1824} INFO - Sync 1 DAGs
[2021-10-02 06:35:20,233] {logging_mixin.py:104} INFO - [2021-10-02 06:35:20,233] {dag.py:2280} INFO - Setting next_dagrun for example_kubernetes_executor to None
[2021-10-02 06:35:20,241] {scheduler_job.py:190} INFO - Processing /usr/local/lib/python3.6/dist-packages/airflow/example_dags/example_kubernetes_executor.py took 0.051 seconds
[2021-10-02 06:35:56,643] {scheduler_job.py:182} INFO - Started process (PID=42) to work on /usr/local/lib/python3.6/dist-packages/airflow/example_dags/example_kubernetes_executor.py
[2021-10-02 06:35:56,644] {scheduler_job.py:629} INFO - Processing file /usr/local/lib/python3.6/dist-packages/airflow/example_dags/example_kubernetes_executor.py for tasks to queue
[2021-10-02 06:35:56,644] {logging_mixin.py:104} INFO - [2021-10-02 06:35:56,644] {dagbag.py:451} INFO - Filling up the DagBag from /usr/local/lib/python3.6/dist-packages/airflow/example_dags/example_kubernetes_executor.py
[2021-10-02 06:35:56,652] {scheduler_job.py:639} INFO - DAG(s) dict_keys(['example_kubernetes_executor']) retrieved from /usr/local/lib/python3.6/dist-packages/airflow/example_dags/example_kubernetes_executor.py
[2021-10-02 06:35:56,669] {logging_mixin.py:104} INFO - [2021-10-02 06:35:56,669] {dag.py:1824} INFO - Sync 1 DAGs
[2021-10-02 06:35:56,685] {logging_mixin.py:104} INFO - [2021-10-02 06:35:56,685] {dag.py:2280} INFO - Setting next_dagrun for example_kubernetes_executor to None
[2021-10-02 06:35:56,693] {scheduler_job.py:190} INFO - Processing /usr/local/lib/python3.6/dist-packages/airflow/example_dags/example_kubernetes_executor.py took 0.051 seconds
[2021-10-02 06:36:45,763] {scheduler_job.py:182} INFO - Started process (PID=97) to work on /usr/local/lib/python3.6/dist-packages/airflow/example_dags/example_kubernetes_executor.py
[2021-10-02 06:36:45,764] {scheduler_job.py:629} INFO - Processing file /usr/local/lib/python3.6/dist-packages/airflow/example_dags/example_kubernetes_executor.py for tasks to queue
[2021-10-02 06:36:45,764] {logging_mixin.py:104} INFO - [2021-10-02 06:36:45,764] {dagbag.py:451} INFO - Filling up the DagBag from /usr/local/lib/python3.6/dist-packages/airflow/example_dags/example_kubernetes_executor.py
[2021-10-02 06:36:45,773] {scheduler_job.py:639} INFO - DAG(s) dict_keys(['example_kubernetes_executor']) retrieved from /usr/local/lib/python3.6/dist-packages/airflow/example_dags/example_kubernetes_executor.py
[2021-10-02 06:36:45,788] {logging_mixin.py:104} INFO - [2021-10-02 06:36:45,788] {dag.py:1824} INFO - Sync 1 DAGs
[2021-10-02 06:36:45,800] {logging_mixin.py:104} INFO - [2021-10-02 06:36:45,800] {dag.py:2280} INFO - Setting next_dagrun for example_kubernetes_executor to None
[2021-10-02 06:36:45,808] {scheduler_job.py:190} INFO - Processing /usr/local/lib/python3.6/dist-packages/airflow/example_dags/example_kubernetes_executor.py took 0.047 seconds
[2021-10-02 06:37:16,891] {scheduler_job.py:182} INFO - Started process (PID=219) to work on /usr/local/lib/python3.6/dist-packages/airflow/example_dags/example_kubernetes_executor.py
[2021-10-02 06:37:16,892] {scheduler_job.py:629} INFO - Processing file /usr/local/lib/python3.6/dist-packages/airflow/example_dags/example_kubernetes_executor.py for tasks to queue
[2021-10-02 06:37:16,892] {logging_mixin.py:104} INFO - [2021-10-02 06:37:16,892] {dagbag.py:451} INFO - Filling up the DagBag from /usr/local/lib/python3.6/dist-packages/airflow/example_dags/example_kubernetes_executor.py
[2021-10-02 06:37:16,898] {scheduler_job.py:639} INFO - DAG(s) dict_keys(['example_kubernetes_executor']) retrieved from /usr/local/lib/python3.6/dist-packages/airflow/example_dags/example_kubernetes_executor.py
[2021-10-02 06:37:16,911] {logging_mixin.py:104} INFO - [2021-10-02 06:37:16,911] {dag.py:1824} INFO - Sync 1 DAGs
[2021-10-02 06:37:16,922] {logging_mixin.py:104} INFO - [2021-10-02 06:37:16,922] {dag.py:2280} INFO - Setting next_dagrun for example_kubernetes_executor to None
[2021-10-02 06:37:16,932] {scheduler_job.py:190} INFO - Processing /usr/local/lib/python3.6/dist-packages/airflow/example_dags/example_kubernetes_executor.py took 0.042 seconds
[2021-10-02 06:37:41,471] {scheduler_job.py:182} INFO - Started process (PID=44) to work on /usr/local/lib/python3.6/dist-packages/airflow/example_dags/example_kubernetes_executor.py
[2021-10-02 06:37:41,472] {scheduler_job.py:629} INFO - Processing file /usr/local/lib/python3.6/dist-packages/airflow/example_dags/example_kubernetes_executor.py for tasks to queue
[2021-10-02 06:37:41,472] {logging_mixin.py:104} INFO - [2021-10-02 06:37:41,472] {dagbag.py:451} INFO - Filling up the DagBag from /usr/local/lib/python3.6/dist-packages/airflow/example_dags/example_kubernetes_executor.py
[2021-10-02 06:37:41,481] {scheduler_job.py:639} INFO - DAG(s) dict_keys(['example_kubernetes_executor']) retrieved from /usr/local/lib/python3.6/dist-packages/airflow/example_dags/example_kubernetes_executor.py
[2021-10-02 06:37:41,495] {logging_mixin.py:104} INFO - [2021-10-02 06:37:41,495] {dag.py:1824} INFO - Sync 1 DAGs
[2021-10-02 06:37:41,512] {logging_mixin.py:104} INFO - [2021-10-02 06:37:41,512] {dag.py:2280} INFO - Setting next_dagrun for example_kubernetes_executor to None
[2021-10-02 06:37:41,522] {scheduler_job.py:190} INFO - Processing /usr/local/lib/python3.6/dist-packages/airflow/example_dags/example_kubernetes_executor.py took 0.053 seconds
[2021-10-02 06:38:12,003] {scheduler_job.py:182} INFO - Started process (PID=186) to work on /usr/local/lib/python3.6/dist-packages/airflow/example_dags/example_kubernetes_executor.py
[2021-10-02 06:38:12,003] {scheduler_job.py:629} INFO - Processing file /usr/local/lib/python3.6/dist-packages/airflow/example_dags/example_kubernetes_executor.py for tasks to queue
[2021-10-02 06:38:12,003] {logging_mixin.py:104} INFO - [2021-10-02 06:38:12,003] {dagbag.py:451} INFO - Filling up the DagBag from /usr/local/lib/python3.6/dist-packages/airflow/example_dags/example_kubernetes_executor.py
[2021-10-02 06:38:12,010] {scheduler_job.py:639} INFO - DAG(s) dict_keys(['example_kubernetes_executor']) retrieved from /usr/local/lib/python3.6/dist-packages/airflow/example_dags/example_kubernetes_executor.py
[2021-10-02 06:38:12,021] {logging_mixin.py:104} INFO - [2021-10-02 06:38:12,021] {dag.py:1824} INFO - Sync 1 DAGs
[2021-10-02 06:38:12,029] {logging_mixin.py:104} INFO - [2021-10-02 06:38:12,029] {dag.py:2280} INFO - Setting next_dagrun for example_kubernetes_executor to None
[2021-10-02 06:38:12,039] {scheduler_job.py:190} INFO - Processing /usr/local/lib/python3.6/dist-packages/airflow/example_dags/example_kubernetes_executor.py took 0.039 seconds
[2021-10-02 06:38:42,548] {scheduler_job.py:182} INFO - Started process (PID=266) to work on /usr/local/lib/python3.6/dist-packages/airflow/example_dags/example_kubernetes_executor.py
[2021-10-02 06:38:42,548] {scheduler_job.py:629} INFO - Processing file /usr/local/lib/python3.6/dist-packages/airflow/example_dags/example_kubernetes_executor.py for tasks to queue
[2021-10-02 06:38:42,549] {logging_mixin.py:104} INFO - [2021-10-02 06:38:42,549] {dagbag.py:451} INFO - Filling up the DagBag from /usr/local/lib/python3.6/dist-packages/airflow/example_dags/example_kubernetes_executor.py
[2021-10-02 06:38:42,557] {scheduler_job.py:639} INFO - DAG(s) dict_keys(['example_kubernetes_executor']) retrieved from /usr/local/lib/python3.6/dist-packages/airflow/example_dags/example_kubernetes_executor.py
[2021-10-02 06:38:42,570] {logging_mixin.py:104} INFO - [2021-10-02 06:38:42,570] {dag.py:1824} INFO - Sync 1 DAGs
[2021-10-02 06:38:42,578] {logging_mixin.py:104} INFO - [2021-10-02 06:38:42,578] {dag.py:2280} INFO - Setting next_dagrun for example_kubernetes_executor to None
[2021-10-02 06:38:42,583] {scheduler_job.py:190} INFO - Processing /usr/local/lib/python3.6/dist-packages/airflow/example_dags/example_kubernetes_executor.py took 0.037 seconds
[2021-10-02 06:39:13,300] {scheduler_job.py:182} INFO - Started process (PID=344) to work on /usr/local/lib/python3.6/dist-packages/airflow/example_dags/example_kubernetes_executor.py
[2021-10-02 06:39:13,301] {scheduler_job.py:629} INFO - Processing file /usr/local/lib/python3.6/dist-packages/airflow/example_dags/example_kubernetes_executor.py for tasks to queue
[2021-10-02 06:39:13,301] {logging_mixin.py:104} INFO - [2021-10-02 06:39:13,301] {dagbag.py:451} INFO - Filling up the DagBag from /usr/local/lib/python3.6/dist-packages/airflow/example_dags/example_kubernetes_executor.py
[2021-10-02 06:39:13,308] {scheduler_job.py:639} INFO - DAG(s) dict_keys(['example_kubernetes_executor']) retrieved from /usr/local/lib/python3.6/dist-packages/airflow/example_dags/example_kubernetes_executor.py
[2021-10-02 06:39:13,320] {logging_mixin.py:104} INFO - [2021-10-02 06:39:13,319] {dag.py:1824} INFO - Sync 1 DAGs
[2021-10-02 06:39:13,331] {logging_mixin.py:104} INFO - [2021-10-02 06:39:13,330] {dag.py:2280} INFO - Setting next_dagrun for example_kubernetes_executor to None
[2021-10-02 06:39:13,336] {scheduler_job.py:190} INFO - Processing /usr/local/lib/python3.6/dist-packages/airflow/example_dags/example_kubernetes_executor.py took 0.038 seconds
