[2021-10-02 06:31:45,125] {scheduler_job.py:182} INFO - Started process (PID=64) to work on /usr/local/lib/python3.6/dist-packages/airflow/example_dags/example_xcomargs.py
[2021-10-02 06:31:45,125] {scheduler_job.py:629} INFO - Processing file /usr/local/lib/python3.6/dist-packages/airflow/example_dags/example_xcomargs.py for tasks to queue
[2021-10-02 06:31:45,126] {logging_mixin.py:104} INFO - [2021-10-02 06:31:45,126] {dagbag.py:451} INFO - Filling up the DagBag from /usr/local/lib/python3.6/dist-packages/airflow/example_dags/example_xcomargs.py
[2021-10-02 06:31:45,135] {scheduler_job.py:639} INFO - DAG(s) dict_keys(['example_xcom_args', 'example_xcom_args_with_operators']) retrieved from /usr/local/lib/python3.6/dist-packages/airflow/example_dags/example_xcomargs.py
[2021-10-02 06:31:45,147] {logging_mixin.py:104} INFO - [2021-10-02 06:31:45,147] {dag.py:1824} INFO - Sync 2 DAGs
[2021-10-02 06:31:45,161] {logging_mixin.py:104} INFO - [2021-10-02 06:31:45,161] {dag.py:2280} INFO - Setting next_dagrun for example_xcom_args to None
[2021-10-02 06:31:45,162] {logging_mixin.py:104} INFO - [2021-10-02 06:31:45,162] {dag.py:2280} INFO - Setting next_dagrun for example_xcom_args_with_operators to None
[2021-10-02 06:31:45,171] {scheduler_job.py:190} INFO - Processing /usr/local/lib/python3.6/dist-packages/airflow/example_dags/example_xcomargs.py took 0.048 seconds
[2021-10-02 06:32:15,202] {scheduler_job.py:182} INFO - Started process (PID=217) to work on /usr/local/lib/python3.6/dist-packages/airflow/example_dags/example_xcomargs.py
[2021-10-02 06:32:15,203] {scheduler_job.py:629} INFO - Processing file /usr/local/lib/python3.6/dist-packages/airflow/example_dags/example_xcomargs.py for tasks to queue
[2021-10-02 06:32:15,203] {logging_mixin.py:104} INFO - [2021-10-02 06:32:15,203] {dagbag.py:451} INFO - Filling up the DagBag from /usr/local/lib/python3.6/dist-packages/airflow/example_dags/example_xcomargs.py
[2021-10-02 06:32:15,210] {scheduler_job.py:639} INFO - DAG(s) dict_keys(['example_xcom_args', 'example_xcom_args_with_operators']) retrieved from /usr/local/lib/python3.6/dist-packages/airflow/example_dags/example_xcomargs.py
[2021-10-02 06:32:15,225] {logging_mixin.py:104} INFO - [2021-10-02 06:32:15,225] {dag.py:1824} INFO - Sync 2 DAGs
[2021-10-02 06:32:15,233] {logging_mixin.py:104} INFO - [2021-10-02 06:32:15,233] {dag.py:2280} INFO - Setting next_dagrun for example_xcom_args to None
[2021-10-02 06:32:15,233] {logging_mixin.py:104} INFO - [2021-10-02 06:32:15,233] {dag.py:2280} INFO - Setting next_dagrun for example_xcom_args_with_operators to None
[2021-10-02 06:32:15,240] {scheduler_job.py:190} INFO - Processing /usr/local/lib/python3.6/dist-packages/airflow/example_dags/example_xcomargs.py took 0.039 seconds
[2021-10-02 06:32:45,450] {scheduler_job.py:182} INFO - Started process (PID=287) to work on /usr/local/lib/python3.6/dist-packages/airflow/example_dags/example_xcomargs.py
[2021-10-02 06:32:45,451] {scheduler_job.py:629} INFO - Processing file /usr/local/lib/python3.6/dist-packages/airflow/example_dags/example_xcomargs.py for tasks to queue
[2021-10-02 06:32:45,451] {logging_mixin.py:104} INFO - [2021-10-02 06:32:45,451] {dagbag.py:451} INFO - Filling up the DagBag from /usr/local/lib/python3.6/dist-packages/airflow/example_dags/example_xcomargs.py
[2021-10-02 06:32:45,459] {scheduler_job.py:639} INFO - DAG(s) dict_keys(['example_xcom_args', 'example_xcom_args_with_operators']) retrieved from /usr/local/lib/python3.6/dist-packages/airflow/example_dags/example_xcomargs.py
[2021-10-02 06:32:45,472] {logging_mixin.py:104} INFO - [2021-10-02 06:32:45,472] {dag.py:1824} INFO - Sync 2 DAGs
[2021-10-02 06:32:45,479] {logging_mixin.py:104} INFO - [2021-10-02 06:32:45,479] {dag.py:2280} INFO - Setting next_dagrun for example_xcom_args to None
[2021-10-02 06:32:45,480] {logging_mixin.py:104} INFO - [2021-10-02 06:32:45,480] {dag.py:2280} INFO - Setting next_dagrun for example_xcom_args_with_operators to None
[2021-10-02 06:32:45,486] {scheduler_job.py:190} INFO - Processing /usr/local/lib/python3.6/dist-packages/airflow/example_dags/example_xcomargs.py took 0.037 seconds
[2021-10-02 06:33:16,146] {scheduler_job.py:182} INFO - Started process (PID=362) to work on /usr/local/lib/python3.6/dist-packages/airflow/example_dags/example_xcomargs.py
[2021-10-02 06:33:16,147] {scheduler_job.py:629} INFO - Processing file /usr/local/lib/python3.6/dist-packages/airflow/example_dags/example_xcomargs.py for tasks to queue
[2021-10-02 06:33:16,147] {logging_mixin.py:104} INFO - [2021-10-02 06:33:16,147] {dagbag.py:451} INFO - Filling up the DagBag from /usr/local/lib/python3.6/dist-packages/airflow/example_dags/example_xcomargs.py
[2021-10-02 06:33:16,155] {scheduler_job.py:639} INFO - DAG(s) dict_keys(['example_xcom_args', 'example_xcom_args_with_operators']) retrieved from /usr/local/lib/python3.6/dist-packages/airflow/example_dags/example_xcomargs.py
[2021-10-02 06:33:16,169] {logging_mixin.py:104} INFO - [2021-10-02 06:33:16,169] {dag.py:1824} INFO - Sync 2 DAGs
[2021-10-02 06:33:16,177] {logging_mixin.py:104} INFO - [2021-10-02 06:33:16,177] {dag.py:2280} INFO - Setting next_dagrun for example_xcom_args to None
[2021-10-02 06:33:16,177] {logging_mixin.py:104} INFO - [2021-10-02 06:33:16,177] {dag.py:2280} INFO - Setting next_dagrun for example_xcom_args_with_operators to None
[2021-10-02 06:33:16,183] {scheduler_job.py:190} INFO - Processing /usr/local/lib/python3.6/dist-packages/airflow/example_dags/example_xcomargs.py took 0.039 seconds
[2021-10-02 06:33:46,857] {scheduler_job.py:182} INFO - Started process (PID=441) to work on /usr/local/lib/python3.6/dist-packages/airflow/example_dags/example_xcomargs.py
[2021-10-02 06:33:46,858] {scheduler_job.py:629} INFO - Processing file /usr/local/lib/python3.6/dist-packages/airflow/example_dags/example_xcomargs.py for tasks to queue
[2021-10-02 06:33:46,858] {logging_mixin.py:104} INFO - [2021-10-02 06:33:46,858] {dagbag.py:451} INFO - Filling up the DagBag from /usr/local/lib/python3.6/dist-packages/airflow/example_dags/example_xcomargs.py
[2021-10-02 06:33:46,866] {scheduler_job.py:639} INFO - DAG(s) dict_keys(['example_xcom_args', 'example_xcom_args_with_operators']) retrieved from /usr/local/lib/python3.6/dist-packages/airflow/example_dags/example_xcomargs.py
[2021-10-02 06:33:46,881] {logging_mixin.py:104} INFO - [2021-10-02 06:33:46,880] {dag.py:1824} INFO - Sync 2 DAGs
[2021-10-02 06:33:46,889] {logging_mixin.py:104} INFO - [2021-10-02 06:33:46,889] {dag.py:2280} INFO - Setting next_dagrun for example_xcom_args to None
[2021-10-02 06:33:46,889] {logging_mixin.py:104} INFO - [2021-10-02 06:33:46,889] {dag.py:2280} INFO - Setting next_dagrun for example_xcom_args_with_operators to None
[2021-10-02 06:33:46,896] {scheduler_job.py:190} INFO - Processing /usr/local/lib/python3.6/dist-packages/airflow/example_dags/example_xcomargs.py took 0.040 seconds
[2021-10-02 06:34:17,535] {scheduler_job.py:182} INFO - Started process (PID=522) to work on /usr/local/lib/python3.6/dist-packages/airflow/example_dags/example_xcomargs.py
[2021-10-02 06:34:17,535] {scheduler_job.py:629} INFO - Processing file /usr/local/lib/python3.6/dist-packages/airflow/example_dags/example_xcomargs.py for tasks to queue
[2021-10-02 06:34:17,535] {logging_mixin.py:104} INFO - [2021-10-02 06:34:17,535] {dagbag.py:451} INFO - Filling up the DagBag from /usr/local/lib/python3.6/dist-packages/airflow/example_dags/example_xcomargs.py
[2021-10-02 06:34:17,543] {scheduler_job.py:639} INFO - DAG(s) dict_keys(['example_xcom_args', 'example_xcom_args_with_operators']) retrieved from /usr/local/lib/python3.6/dist-packages/airflow/example_dags/example_xcomargs.py
[2021-10-02 06:34:17,558] {logging_mixin.py:104} INFO - [2021-10-02 06:34:17,558] {dag.py:1824} INFO - Sync 2 DAGs
[2021-10-02 06:34:17,565] {logging_mixin.py:104} INFO - [2021-10-02 06:34:17,565] {dag.py:2280} INFO - Setting next_dagrun for example_xcom_args to None
[2021-10-02 06:34:17,566] {logging_mixin.py:104} INFO - [2021-10-02 06:34:17,566] {dag.py:2280} INFO - Setting next_dagrun for example_xcom_args_with_operators to None
[2021-10-02 06:34:17,572] {scheduler_job.py:190} INFO - Processing /usr/local/lib/python3.6/dist-packages/airflow/example_dags/example_xcomargs.py took 0.039 seconds
[2021-10-02 06:34:48,166] {scheduler_job.py:182} INFO - Started process (PID=599) to work on /usr/local/lib/python3.6/dist-packages/airflow/example_dags/example_xcomargs.py
[2021-10-02 06:34:48,167] {scheduler_job.py:629} INFO - Processing file /usr/local/lib/python3.6/dist-packages/airflow/example_dags/example_xcomargs.py for tasks to queue
[2021-10-02 06:34:48,167] {logging_mixin.py:104} INFO - [2021-10-02 06:34:48,167] {dagbag.py:451} INFO - Filling up the DagBag from /usr/local/lib/python3.6/dist-packages/airflow/example_dags/example_xcomargs.py
[2021-10-02 06:34:48,175] {scheduler_job.py:639} INFO - DAG(s) dict_keys(['example_xcom_args', 'example_xcom_args_with_operators']) retrieved from /usr/local/lib/python3.6/dist-packages/airflow/example_dags/example_xcomargs.py
[2021-10-02 06:34:48,190] {logging_mixin.py:104} INFO - [2021-10-02 06:34:48,190] {dag.py:1824} INFO - Sync 2 DAGs
[2021-10-02 06:34:48,198] {logging_mixin.py:104} INFO - [2021-10-02 06:34:48,198] {dag.py:2280} INFO - Setting next_dagrun for example_xcom_args to None
[2021-10-02 06:34:48,198] {logging_mixin.py:104} INFO - [2021-10-02 06:34:48,198] {dag.py:2280} INFO - Setting next_dagrun for example_xcom_args_with_operators to None
[2021-10-02 06:34:48,205] {scheduler_job.py:190} INFO - Processing /usr/local/lib/python3.6/dist-packages/airflow/example_dags/example_xcomargs.py took 0.040 seconds
[2021-10-02 06:35:18,736] {scheduler_job.py:182} INFO - Started process (PID=673) to work on /usr/local/lib/python3.6/dist-packages/airflow/example_dags/example_xcomargs.py
[2021-10-02 06:35:18,737] {scheduler_job.py:629} INFO - Processing file /usr/local/lib/python3.6/dist-packages/airflow/example_dags/example_xcomargs.py for tasks to queue
[2021-10-02 06:35:18,737] {logging_mixin.py:104} INFO - [2021-10-02 06:35:18,737] {dagbag.py:451} INFO - Filling up the DagBag from /usr/local/lib/python3.6/dist-packages/airflow/example_dags/example_xcomargs.py
[2021-10-02 06:35:18,745] {scheduler_job.py:639} INFO - DAG(s) dict_keys(['example_xcom_args', 'example_xcom_args_with_operators']) retrieved from /usr/local/lib/python3.6/dist-packages/airflow/example_dags/example_xcomargs.py
[2021-10-02 06:35:18,760] {logging_mixin.py:104} INFO - [2021-10-02 06:35:18,760] {dag.py:1824} INFO - Sync 2 DAGs
[2021-10-02 06:35:18,768] {logging_mixin.py:104} INFO - [2021-10-02 06:35:18,768] {dag.py:2280} INFO - Setting next_dagrun for example_xcom_args to None
[2021-10-02 06:35:18,769] {logging_mixin.py:104} INFO - [2021-10-02 06:35:18,769] {dag.py:2280} INFO - Setting next_dagrun for example_xcom_args_with_operators to None
[2021-10-02 06:35:18,775] {scheduler_job.py:190} INFO - Processing /usr/local/lib/python3.6/dist-packages/airflow/example_dags/example_xcomargs.py took 0.040 seconds
[2021-10-02 06:35:56,960] {scheduler_job.py:182} INFO - Started process (PID=55) to work on /usr/local/lib/python3.6/dist-packages/airflow/example_dags/example_xcomargs.py
[2021-10-02 06:35:56,961] {scheduler_job.py:629} INFO - Processing file /usr/local/lib/python3.6/dist-packages/airflow/example_dags/example_xcomargs.py for tasks to queue
[2021-10-02 06:35:56,961] {logging_mixin.py:104} INFO - [2021-10-02 06:35:56,961] {dagbag.py:451} INFO - Filling up the DagBag from /usr/local/lib/python3.6/dist-packages/airflow/example_dags/example_xcomargs.py
[2021-10-02 06:35:56,971] {scheduler_job.py:639} INFO - DAG(s) dict_keys(['example_xcom_args', 'example_xcom_args_with_operators']) retrieved from /usr/local/lib/python3.6/dist-packages/airflow/example_dags/example_xcomargs.py
[2021-10-02 06:35:56,989] {logging_mixin.py:104} INFO - [2021-10-02 06:35:56,989] {dag.py:1824} INFO - Sync 2 DAGs
[2021-10-02 06:35:57,008] {logging_mixin.py:104} INFO - [2021-10-02 06:35:57,008] {dag.py:2280} INFO - Setting next_dagrun for example_xcom_args to None
[2021-10-02 06:35:57,009] {logging_mixin.py:104} INFO - [2021-10-02 06:35:57,008] {dag.py:2280} INFO - Setting next_dagrun for example_xcom_args_with_operators to None
[2021-10-02 06:35:57,019] {scheduler_job.py:190} INFO - Processing /usr/local/lib/python3.6/dist-packages/airflow/example_dags/example_xcomargs.py took 0.061 seconds
[2021-10-02 06:36:45,695] {scheduler_job.py:182} INFO - Started process (PID=94) to work on /usr/local/lib/python3.6/dist-packages/airflow/example_dags/example_xcomargs.py
[2021-10-02 06:36:45,696] {scheduler_job.py:629} INFO - Processing file /usr/local/lib/python3.6/dist-packages/airflow/example_dags/example_xcomargs.py for tasks to queue
[2021-10-02 06:36:45,697] {logging_mixin.py:104} INFO - [2021-10-02 06:36:45,696] {dagbag.py:451} INFO - Filling up the DagBag from /usr/local/lib/python3.6/dist-packages/airflow/example_dags/example_xcomargs.py
[2021-10-02 06:36:45,707] {scheduler_job.py:639} INFO - DAG(s) dict_keys(['example_xcom_args', 'example_xcom_args_with_operators']) retrieved from /usr/local/lib/python3.6/dist-packages/airflow/example_dags/example_xcomargs.py
[2021-10-02 06:36:45,720] {logging_mixin.py:104} INFO - [2021-10-02 06:36:45,720] {dag.py:1824} INFO - Sync 2 DAGs
[2021-10-02 06:36:45,731] {logging_mixin.py:104} INFO - [2021-10-02 06:36:45,731] {dag.py:2280} INFO - Setting next_dagrun for example_xcom_args to None
[2021-10-02 06:36:45,732] {logging_mixin.py:104} INFO - [2021-10-02 06:36:45,732] {dag.py:2280} INFO - Setting next_dagrun for example_xcom_args_with_operators to None
[2021-10-02 06:36:45,739] {scheduler_job.py:190} INFO - Processing /usr/local/lib/python3.6/dist-packages/airflow/example_dags/example_xcomargs.py took 0.046 seconds
[2021-10-02 06:37:16,752] {scheduler_job.py:182} INFO - Started process (PID=216) to work on /usr/local/lib/python3.6/dist-packages/airflow/example_dags/example_xcomargs.py
[2021-10-02 06:37:16,753] {scheduler_job.py:629} INFO - Processing file /usr/local/lib/python3.6/dist-packages/airflow/example_dags/example_xcomargs.py for tasks to queue
[2021-10-02 06:37:16,753] {logging_mixin.py:104} INFO - [2021-10-02 06:37:16,753] {dagbag.py:451} INFO - Filling up the DagBag from /usr/local/lib/python3.6/dist-packages/airflow/example_dags/example_xcomargs.py
[2021-10-02 06:37:16,760] {scheduler_job.py:639} INFO - DAG(s) dict_keys(['example_xcom_args', 'example_xcom_args_with_operators']) retrieved from /usr/local/lib/python3.6/dist-packages/airflow/example_dags/example_xcomargs.py
[2021-10-02 06:37:16,775] {logging_mixin.py:104} INFO - [2021-10-02 06:37:16,775] {dag.py:1824} INFO - Sync 2 DAGs
[2021-10-02 06:37:16,783] {logging_mixin.py:104} INFO - [2021-10-02 06:37:16,783] {dag.py:2280} INFO - Setting next_dagrun for example_xcom_args to None
[2021-10-02 06:37:16,783] {logging_mixin.py:104} INFO - [2021-10-02 06:37:16,783] {dag.py:2280} INFO - Setting next_dagrun for example_xcom_args_with_operators to None
[2021-10-02 06:37:16,789] {scheduler_job.py:190} INFO - Processing /usr/local/lib/python3.6/dist-packages/airflow/example_dags/example_xcomargs.py took 0.039 seconds
[2021-10-02 06:37:41,679] {scheduler_job.py:182} INFO - Started process (PID=51) to work on /usr/local/lib/python3.6/dist-packages/airflow/example_dags/example_xcomargs.py
[2021-10-02 06:37:41,680] {scheduler_job.py:629} INFO - Processing file /usr/local/lib/python3.6/dist-packages/airflow/example_dags/example_xcomargs.py for tasks to queue
[2021-10-02 06:37:41,680] {logging_mixin.py:104} INFO - [2021-10-02 06:37:41,680] {dagbag.py:451} INFO - Filling up the DagBag from /usr/local/lib/python3.6/dist-packages/airflow/example_dags/example_xcomargs.py
[2021-10-02 06:37:41,690] {scheduler_job.py:639} INFO - DAG(s) dict_keys(['example_xcom_args', 'example_xcom_args_with_operators']) retrieved from /usr/local/lib/python3.6/dist-packages/airflow/example_dags/example_xcomargs.py
[2021-10-02 06:37:41,707] {logging_mixin.py:104} INFO - [2021-10-02 06:37:41,707] {dag.py:1824} INFO - Sync 2 DAGs
[2021-10-02 06:37:41,720] {logging_mixin.py:104} INFO - [2021-10-02 06:37:41,720] {dag.py:2280} INFO - Setting next_dagrun for example_xcom_args to None
[2021-10-02 06:37:41,721] {logging_mixin.py:104} INFO - [2021-10-02 06:37:41,721] {dag.py:2280} INFO - Setting next_dagrun for example_xcom_args_with_operators to None
[2021-10-02 06:37:41,730] {scheduler_job.py:190} INFO - Processing /usr/local/lib/python3.6/dist-packages/airflow/example_dags/example_xcomargs.py took 0.053 seconds
[2021-10-02 06:38:12,094] {scheduler_job.py:182} INFO - Started process (PID=189) to work on /usr/local/lib/python3.6/dist-packages/airflow/example_dags/example_xcomargs.py
[2021-10-02 06:38:12,095] {scheduler_job.py:629} INFO - Processing file /usr/local/lib/python3.6/dist-packages/airflow/example_dags/example_xcomargs.py for tasks to queue
[2021-10-02 06:38:12,095] {logging_mixin.py:104} INFO - [2021-10-02 06:38:12,095] {dagbag.py:451} INFO - Filling up the DagBag from /usr/local/lib/python3.6/dist-packages/airflow/example_dags/example_xcomargs.py
[2021-10-02 06:38:12,104] {scheduler_job.py:639} INFO - DAG(s) dict_keys(['example_xcom_args', 'example_xcom_args_with_operators']) retrieved from /usr/local/lib/python3.6/dist-packages/airflow/example_dags/example_xcomargs.py
[2021-10-02 06:38:12,122] {logging_mixin.py:104} INFO - [2021-10-02 06:38:12,122] {dag.py:1824} INFO - Sync 2 DAGs
[2021-10-02 06:38:12,133] {logging_mixin.py:104} INFO - [2021-10-02 06:38:12,132] {dag.py:2280} INFO - Setting next_dagrun for example_xcom_args to None
[2021-10-02 06:38:12,133] {logging_mixin.py:104} INFO - [2021-10-02 06:38:12,133] {dag.py:2280} INFO - Setting next_dagrun for example_xcom_args_with_operators to None
[2021-10-02 06:38:12,141] {scheduler_job.py:190} INFO - Processing /usr/local/lib/python3.6/dist-packages/airflow/example_dags/example_xcomargs.py took 0.049 seconds
[2021-10-02 06:38:42,689] {scheduler_job.py:182} INFO - Started process (PID=270) to work on /usr/local/lib/python3.6/dist-packages/airflow/example_dags/example_xcomargs.py
[2021-10-02 06:38:42,690] {scheduler_job.py:629} INFO - Processing file /usr/local/lib/python3.6/dist-packages/airflow/example_dags/example_xcomargs.py for tasks to queue
[2021-10-02 06:38:42,690] {logging_mixin.py:104} INFO - [2021-10-02 06:38:42,690] {dagbag.py:451} INFO - Filling up the DagBag from /usr/local/lib/python3.6/dist-packages/airflow/example_dags/example_xcomargs.py
[2021-10-02 06:38:42,699] {scheduler_job.py:639} INFO - DAG(s) dict_keys(['example_xcom_args', 'example_xcom_args_with_operators']) retrieved from /usr/local/lib/python3.6/dist-packages/airflow/example_dags/example_xcomargs.py
[2021-10-02 06:38:42,716] {logging_mixin.py:104} INFO - [2021-10-02 06:38:42,716] {dag.py:1824} INFO - Sync 2 DAGs
[2021-10-02 06:38:42,726] {logging_mixin.py:104} INFO - [2021-10-02 06:38:42,726] {dag.py:2280} INFO - Setting next_dagrun for example_xcom_args to None
[2021-10-02 06:38:42,727] {logging_mixin.py:104} INFO - [2021-10-02 06:38:42,727] {dag.py:2280} INFO - Setting next_dagrun for example_xcom_args_with_operators to None
[2021-10-02 06:38:42,735] {scheduler_job.py:190} INFO - Processing /usr/local/lib/python3.6/dist-packages/airflow/example_dags/example_xcomargs.py took 0.047 seconds
[2021-10-02 06:39:13,406] {scheduler_job.py:182} INFO - Started process (PID=348) to work on /usr/local/lib/python3.6/dist-packages/airflow/example_dags/example_xcomargs.py
[2021-10-02 06:39:13,407] {scheduler_job.py:629} INFO - Processing file /usr/local/lib/python3.6/dist-packages/airflow/example_dags/example_xcomargs.py for tasks to queue
[2021-10-02 06:39:13,407] {logging_mixin.py:104} INFO - [2021-10-02 06:39:13,407] {dagbag.py:451} INFO - Filling up the DagBag from /usr/local/lib/python3.6/dist-packages/airflow/example_dags/example_xcomargs.py
[2021-10-02 06:39:13,415] {scheduler_job.py:639} INFO - DAG(s) dict_keys(['example_xcom_args', 'example_xcom_args_with_operators']) retrieved from /usr/local/lib/python3.6/dist-packages/airflow/example_dags/example_xcomargs.py
[2021-10-02 06:39:13,432] {logging_mixin.py:104} INFO - [2021-10-02 06:39:13,432] {dag.py:1824} INFO - Sync 2 DAGs
[2021-10-02 06:39:13,444] {logging_mixin.py:104} INFO - [2021-10-02 06:39:13,444] {dag.py:2280} INFO - Setting next_dagrun for example_xcom_args to None
[2021-10-02 06:39:13,444] {logging_mixin.py:104} INFO - [2021-10-02 06:39:13,444] {dag.py:2280} INFO - Setting next_dagrun for example_xcom_args_with_operators to None
[2021-10-02 06:39:13,459] {scheduler_job.py:190} INFO - Processing /usr/local/lib/python3.6/dist-packages/airflow/example_dags/example_xcomargs.py took 0.055 seconds
