[2021-10-02 06:31:45,223] {scheduler_job.py:182} INFO - Started process (PID=67) to work on /usr/local/lib/python3.6/dist-packages/airflow/example_dags/example_external_task_marker_dag.py
[2021-10-02 06:31:45,224] {scheduler_job.py:629} INFO - Processing file /usr/local/lib/python3.6/dist-packages/airflow/example_dags/example_external_task_marker_dag.py for tasks to queue
[2021-10-02 06:31:45,224] {logging_mixin.py:104} INFO - [2021-10-02 06:31:45,224] {dagbag.py:451} INFO - Filling up the DagBag from /usr/local/lib/python3.6/dist-packages/airflow/example_dags/example_external_task_marker_dag.py
[2021-10-02 06:31:45,230] {scheduler_job.py:639} INFO - DAG(s) dict_keys(['example_external_task_marker_parent', 'example_external_task_marker_child']) retrieved from /usr/local/lib/python3.6/dist-packages/airflow/example_dags/example_external_task_marker_dag.py
[2021-10-02 06:31:45,241] {logging_mixin.py:104} INFO - [2021-10-02 06:31:45,241] {dag.py:1824} INFO - Sync 2 DAGs
[2021-10-02 06:31:45,251] {logging_mixin.py:104} INFO - [2021-10-02 06:31:45,251] {dag.py:2280} INFO - Setting next_dagrun for example_external_task_marker_child to None
[2021-10-02 06:31:45,252] {logging_mixin.py:104} INFO - [2021-10-02 06:31:45,252] {dag.py:2280} INFO - Setting next_dagrun for example_external_task_marker_parent to None
[2021-10-02 06:31:45,259] {scheduler_job.py:190} INFO - Processing /usr/local/lib/python3.6/dist-packages/airflow/example_dags/example_external_task_marker_dag.py took 0.037 seconds
[2021-10-02 06:32:15,267] {scheduler_job.py:182} INFO - Started process (PID=221) to work on /usr/local/lib/python3.6/dist-packages/airflow/example_dags/example_external_task_marker_dag.py
[2021-10-02 06:32:15,267] {scheduler_job.py:629} INFO - Processing file /usr/local/lib/python3.6/dist-packages/airflow/example_dags/example_external_task_marker_dag.py for tasks to queue
[2021-10-02 06:32:15,267] {logging_mixin.py:104} INFO - [2021-10-02 06:32:15,267] {dagbag.py:451} INFO - Filling up the DagBag from /usr/local/lib/python3.6/dist-packages/airflow/example_dags/example_external_task_marker_dag.py
[2021-10-02 06:32:15,273] {scheduler_job.py:639} INFO - DAG(s) dict_keys(['example_external_task_marker_parent', 'example_external_task_marker_child']) retrieved from /usr/local/lib/python3.6/dist-packages/airflow/example_dags/example_external_task_marker_dag.py
[2021-10-02 06:32:15,290] {logging_mixin.py:104} INFO - [2021-10-02 06:32:15,290] {dag.py:1824} INFO - Sync 2 DAGs
[2021-10-02 06:32:15,298] {logging_mixin.py:104} INFO - [2021-10-02 06:32:15,298] {dag.py:2280} INFO - Setting next_dagrun for example_external_task_marker_child to None
[2021-10-02 06:32:15,298] {logging_mixin.py:104} INFO - [2021-10-02 06:32:15,298] {dag.py:2280} INFO - Setting next_dagrun for example_external_task_marker_parent to None
[2021-10-02 06:32:15,304] {scheduler_job.py:190} INFO - Processing /usr/local/lib/python3.6/dist-packages/airflow/example_dags/example_external_task_marker_dag.py took 0.039 seconds
[2021-10-02 06:32:45,551] {scheduler_job.py:182} INFO - Started process (PID=292) to work on /usr/local/lib/python3.6/dist-packages/airflow/example_dags/example_external_task_marker_dag.py
[2021-10-02 06:32:45,552] {scheduler_job.py:629} INFO - Processing file /usr/local/lib/python3.6/dist-packages/airflow/example_dags/example_external_task_marker_dag.py for tasks to queue
[2021-10-02 06:32:45,552] {logging_mixin.py:104} INFO - [2021-10-02 06:32:45,552] {dagbag.py:451} INFO - Filling up the DagBag from /usr/local/lib/python3.6/dist-packages/airflow/example_dags/example_external_task_marker_dag.py
[2021-10-02 06:32:45,558] {scheduler_job.py:639} INFO - DAG(s) dict_keys(['example_external_task_marker_parent', 'example_external_task_marker_child']) retrieved from /usr/local/lib/python3.6/dist-packages/airflow/example_dags/example_external_task_marker_dag.py
[2021-10-02 06:32:45,572] {logging_mixin.py:104} INFO - [2021-10-02 06:32:45,572] {dag.py:1824} INFO - Sync 2 DAGs
[2021-10-02 06:32:45,582] {logging_mixin.py:104} INFO - [2021-10-02 06:32:45,582] {dag.py:2280} INFO - Setting next_dagrun for example_external_task_marker_child to None
[2021-10-02 06:32:45,582] {logging_mixin.py:104} INFO - [2021-10-02 06:32:45,582] {dag.py:2280} INFO - Setting next_dagrun for example_external_task_marker_parent to None
[2021-10-02 06:32:45,589] {scheduler_job.py:190} INFO - Processing /usr/local/lib/python3.6/dist-packages/airflow/example_dags/example_external_task_marker_dag.py took 0.039 seconds
[2021-10-02 06:33:16,228] {scheduler_job.py:182} INFO - Started process (PID=367) to work on /usr/local/lib/python3.6/dist-packages/airflow/example_dags/example_external_task_marker_dag.py
[2021-10-02 06:33:16,228] {scheduler_job.py:629} INFO - Processing file /usr/local/lib/python3.6/dist-packages/airflow/example_dags/example_external_task_marker_dag.py for tasks to queue
[2021-10-02 06:33:16,229] {logging_mixin.py:104} INFO - [2021-10-02 06:33:16,229] {dagbag.py:451} INFO - Filling up the DagBag from /usr/local/lib/python3.6/dist-packages/airflow/example_dags/example_external_task_marker_dag.py
[2021-10-02 06:33:16,236] {scheduler_job.py:639} INFO - DAG(s) dict_keys(['example_external_task_marker_parent', 'example_external_task_marker_child']) retrieved from /usr/local/lib/python3.6/dist-packages/airflow/example_dags/example_external_task_marker_dag.py
[2021-10-02 06:33:16,252] {logging_mixin.py:104} INFO - [2021-10-02 06:33:16,252] {dag.py:1824} INFO - Sync 2 DAGs
[2021-10-02 06:33:16,266] {logging_mixin.py:104} INFO - [2021-10-02 06:33:16,266] {dag.py:2280} INFO - Setting next_dagrun for example_external_task_marker_child to None
[2021-10-02 06:33:16,267] {logging_mixin.py:104} INFO - [2021-10-02 06:33:16,267] {dag.py:2280} INFO - Setting next_dagrun for example_external_task_marker_parent to None
[2021-10-02 06:33:16,277] {scheduler_job.py:190} INFO - Processing /usr/local/lib/python3.6/dist-packages/airflow/example_dags/example_external_task_marker_dag.py took 0.052 seconds
[2021-10-02 06:33:46,939] {scheduler_job.py:182} INFO - Started process (PID=446) to work on /usr/local/lib/python3.6/dist-packages/airflow/example_dags/example_external_task_marker_dag.py
[2021-10-02 06:33:46,940] {scheduler_job.py:629} INFO - Processing file /usr/local/lib/python3.6/dist-packages/airflow/example_dags/example_external_task_marker_dag.py for tasks to queue
[2021-10-02 06:33:46,941] {logging_mixin.py:104} INFO - [2021-10-02 06:33:46,940] {dagbag.py:451} INFO - Filling up the DagBag from /usr/local/lib/python3.6/dist-packages/airflow/example_dags/example_external_task_marker_dag.py
[2021-10-02 06:33:46,946] {scheduler_job.py:639} INFO - DAG(s) dict_keys(['example_external_task_marker_parent', 'example_external_task_marker_child']) retrieved from /usr/local/lib/python3.6/dist-packages/airflow/example_dags/example_external_task_marker_dag.py
[2021-10-02 06:33:46,960] {logging_mixin.py:104} INFO - [2021-10-02 06:33:46,960] {dag.py:1824} INFO - Sync 2 DAGs
[2021-10-02 06:33:46,971] {logging_mixin.py:104} INFO - [2021-10-02 06:33:46,971] {dag.py:2280} INFO - Setting next_dagrun for example_external_task_marker_child to None
[2021-10-02 06:33:46,971] {logging_mixin.py:104} INFO - [2021-10-02 06:33:46,971] {dag.py:2280} INFO - Setting next_dagrun for example_external_task_marker_parent to None
[2021-10-02 06:33:46,976] {scheduler_job.py:190} INFO - Processing /usr/local/lib/python3.6/dist-packages/airflow/example_dags/example_external_task_marker_dag.py took 0.039 seconds
[2021-10-02 06:34:17,614] {scheduler_job.py:182} INFO - Started process (PID=527) to work on /usr/local/lib/python3.6/dist-packages/airflow/example_dags/example_external_task_marker_dag.py
[2021-10-02 06:34:17,615] {scheduler_job.py:629} INFO - Processing file /usr/local/lib/python3.6/dist-packages/airflow/example_dags/example_external_task_marker_dag.py for tasks to queue
[2021-10-02 06:34:17,615] {logging_mixin.py:104} INFO - [2021-10-02 06:34:17,615] {dagbag.py:451} INFO - Filling up the DagBag from /usr/local/lib/python3.6/dist-packages/airflow/example_dags/example_external_task_marker_dag.py
[2021-10-02 06:34:17,621] {scheduler_job.py:639} INFO - DAG(s) dict_keys(['example_external_task_marker_parent', 'example_external_task_marker_child']) retrieved from /usr/local/lib/python3.6/dist-packages/airflow/example_dags/example_external_task_marker_dag.py
[2021-10-02 06:34:17,634] {logging_mixin.py:104} INFO - [2021-10-02 06:34:17,633] {dag.py:1824} INFO - Sync 2 DAGs
[2021-10-02 06:34:17,642] {logging_mixin.py:104} INFO - [2021-10-02 06:34:17,642] {dag.py:2280} INFO - Setting next_dagrun for example_external_task_marker_child to None
[2021-10-02 06:34:17,643] {logging_mixin.py:104} INFO - [2021-10-02 06:34:17,642] {dag.py:2280} INFO - Setting next_dagrun for example_external_task_marker_parent to None
[2021-10-02 06:34:17,648] {scheduler_job.py:190} INFO - Processing /usr/local/lib/python3.6/dist-packages/airflow/example_dags/example_external_task_marker_dag.py took 0.035 seconds
[2021-10-02 06:34:48,246] {scheduler_job.py:182} INFO - Started process (PID=604) to work on /usr/local/lib/python3.6/dist-packages/airflow/example_dags/example_external_task_marker_dag.py
[2021-10-02 06:34:48,246] {scheduler_job.py:629} INFO - Processing file /usr/local/lib/python3.6/dist-packages/airflow/example_dags/example_external_task_marker_dag.py for tasks to queue
[2021-10-02 06:34:48,247] {logging_mixin.py:104} INFO - [2021-10-02 06:34:48,247] {dagbag.py:451} INFO - Filling up the DagBag from /usr/local/lib/python3.6/dist-packages/airflow/example_dags/example_external_task_marker_dag.py
[2021-10-02 06:34:48,253] {scheduler_job.py:639} INFO - DAG(s) dict_keys(['example_external_task_marker_parent', 'example_external_task_marker_child']) retrieved from /usr/local/lib/python3.6/dist-packages/airflow/example_dags/example_external_task_marker_dag.py
[2021-10-02 06:34:48,265] {logging_mixin.py:104} INFO - [2021-10-02 06:34:48,265] {dag.py:1824} INFO - Sync 2 DAGs
[2021-10-02 06:34:48,274] {logging_mixin.py:104} INFO - [2021-10-02 06:34:48,274] {dag.py:2280} INFO - Setting next_dagrun for example_external_task_marker_child to None
[2021-10-02 06:34:48,274] {logging_mixin.py:104} INFO - [2021-10-02 06:34:48,274] {dag.py:2280} INFO - Setting next_dagrun for example_external_task_marker_parent to None
[2021-10-02 06:34:48,280] {scheduler_job.py:190} INFO - Processing /usr/local/lib/python3.6/dist-packages/airflow/example_dags/example_external_task_marker_dag.py took 0.036 seconds
[2021-10-02 06:35:18,817] {scheduler_job.py:182} INFO - Started process (PID=678) to work on /usr/local/lib/python3.6/dist-packages/airflow/example_dags/example_external_task_marker_dag.py
[2021-10-02 06:35:18,818] {scheduler_job.py:629} INFO - Processing file /usr/local/lib/python3.6/dist-packages/airflow/example_dags/example_external_task_marker_dag.py for tasks to queue
[2021-10-02 06:35:18,818] {logging_mixin.py:104} INFO - [2021-10-02 06:35:18,818] {dagbag.py:451} INFO - Filling up the DagBag from /usr/local/lib/python3.6/dist-packages/airflow/example_dags/example_external_task_marker_dag.py
[2021-10-02 06:35:18,824] {scheduler_job.py:639} INFO - DAG(s) dict_keys(['example_external_task_marker_parent', 'example_external_task_marker_child']) retrieved from /usr/local/lib/python3.6/dist-packages/airflow/example_dags/example_external_task_marker_dag.py
[2021-10-02 06:35:18,840] {logging_mixin.py:104} INFO - [2021-10-02 06:35:18,840] {dag.py:1824} INFO - Sync 2 DAGs
[2021-10-02 06:35:18,850] {logging_mixin.py:104} INFO - [2021-10-02 06:35:18,850] {dag.py:2280} INFO - Setting next_dagrun for example_external_task_marker_child to None
[2021-10-02 06:35:18,851] {logging_mixin.py:104} INFO - [2021-10-02 06:35:18,851] {dag.py:2280} INFO - Setting next_dagrun for example_external_task_marker_parent to None
[2021-10-02 06:35:18,856] {scheduler_job.py:190} INFO - Processing /usr/local/lib/python3.6/dist-packages/airflow/example_dags/example_external_task_marker_dag.py took 0.040 seconds
[2021-10-02 06:35:57,280] {scheduler_job.py:182} INFO - Started process (PID=68) to work on /usr/local/lib/python3.6/dist-packages/airflow/example_dags/example_external_task_marker_dag.py
[2021-10-02 06:35:57,281] {scheduler_job.py:629} INFO - Processing file /usr/local/lib/python3.6/dist-packages/airflow/example_dags/example_external_task_marker_dag.py for tasks to queue
[2021-10-02 06:35:57,282] {logging_mixin.py:104} INFO - [2021-10-02 06:35:57,281] {dagbag.py:451} INFO - Filling up the DagBag from /usr/local/lib/python3.6/dist-packages/airflow/example_dags/example_external_task_marker_dag.py
[2021-10-02 06:35:57,290] {scheduler_job.py:639} INFO - DAG(s) dict_keys(['example_external_task_marker_parent', 'example_external_task_marker_child']) retrieved from /usr/local/lib/python3.6/dist-packages/airflow/example_dags/example_external_task_marker_dag.py
[2021-10-02 06:35:57,305] {logging_mixin.py:104} INFO - [2021-10-02 06:35:57,305] {dag.py:1824} INFO - Sync 2 DAGs
[2021-10-02 06:35:57,317] {logging_mixin.py:104} INFO - [2021-10-02 06:35:57,317] {dag.py:2280} INFO - Setting next_dagrun for example_external_task_marker_child to None
[2021-10-02 06:35:57,318] {logging_mixin.py:104} INFO - [2021-10-02 06:35:57,318] {dag.py:2280} INFO - Setting next_dagrun for example_external_task_marker_parent to None
[2021-10-02 06:35:57,325] {scheduler_job.py:190} INFO - Processing /usr/local/lib/python3.6/dist-packages/airflow/example_dags/example_external_task_marker_dag.py took 0.047 seconds
[2021-10-02 06:36:44,361] {scheduler_job.py:182} INFO - Started process (PID=47) to work on /usr/local/lib/python3.6/dist-packages/airflow/example_dags/example_external_task_marker_dag.py
[2021-10-02 06:36:44,361] {scheduler_job.py:629} INFO - Processing file /usr/local/lib/python3.6/dist-packages/airflow/example_dags/example_external_task_marker_dag.py for tasks to queue
[2021-10-02 06:36:44,362] {logging_mixin.py:104} INFO - [2021-10-02 06:36:44,362] {dagbag.py:451} INFO - Filling up the DagBag from /usr/local/lib/python3.6/dist-packages/airflow/example_dags/example_external_task_marker_dag.py
[2021-10-02 06:36:44,370] {scheduler_job.py:639} INFO - DAG(s) dict_keys(['example_external_task_marker_parent', 'example_external_task_marker_child']) retrieved from /usr/local/lib/python3.6/dist-packages/airflow/example_dags/example_external_task_marker_dag.py
[2021-10-02 06:36:44,388] {logging_mixin.py:104} INFO - [2021-10-02 06:36:44,388] {dag.py:1824} INFO - Sync 2 DAGs
[2021-10-02 06:36:44,402] {logging_mixin.py:104} INFO - [2021-10-02 06:36:44,402] {dag.py:2280} INFO - Setting next_dagrun for example_external_task_marker_child to None
[2021-10-02 06:36:44,403] {logging_mixin.py:104} INFO - [2021-10-02 06:36:44,403] {dag.py:2280} INFO - Setting next_dagrun for example_external_task_marker_parent to None
[2021-10-02 06:36:44,411] {scheduler_job.py:190} INFO - Processing /usr/local/lib/python3.6/dist-packages/airflow/example_dags/example_external_task_marker_dag.py took 0.052 seconds
[2021-10-02 06:37:14,873] {scheduler_job.py:182} INFO - Started process (PID=185) to work on /usr/local/lib/python3.6/dist-packages/airflow/example_dags/example_external_task_marker_dag.py
[2021-10-02 06:37:14,873] {scheduler_job.py:629} INFO - Processing file /usr/local/lib/python3.6/dist-packages/airflow/example_dags/example_external_task_marker_dag.py for tasks to queue
[2021-10-02 06:37:14,873] {logging_mixin.py:104} INFO - [2021-10-02 06:37:14,873] {dagbag.py:451} INFO - Filling up the DagBag from /usr/local/lib/python3.6/dist-packages/airflow/example_dags/example_external_task_marker_dag.py
[2021-10-02 06:37:14,879] {scheduler_job.py:639} INFO - DAG(s) dict_keys(['example_external_task_marker_parent', 'example_external_task_marker_child']) retrieved from /usr/local/lib/python3.6/dist-packages/airflow/example_dags/example_external_task_marker_dag.py
[2021-10-02 06:37:14,895] {logging_mixin.py:104} INFO - [2021-10-02 06:37:14,895] {dag.py:1824} INFO - Sync 2 DAGs
[2021-10-02 06:37:14,903] {logging_mixin.py:104} INFO - [2021-10-02 06:37:14,903] {dag.py:2280} INFO - Setting next_dagrun for example_external_task_marker_child to None
[2021-10-02 06:37:14,904] {logging_mixin.py:104} INFO - [2021-10-02 06:37:14,904] {dag.py:2280} INFO - Setting next_dagrun for example_external_task_marker_parent to None
[2021-10-02 06:37:14,911] {scheduler_job.py:190} INFO - Processing /usr/local/lib/python3.6/dist-packages/airflow/example_dags/example_external_task_marker_dag.py took 0.040 seconds
[2021-10-02 06:37:42,014] {scheduler_job.py:182} INFO - Started process (PID=65) to work on /usr/local/lib/python3.6/dist-packages/airflow/example_dags/example_external_task_marker_dag.py
[2021-10-02 06:37:42,015] {scheduler_job.py:629} INFO - Processing file /usr/local/lib/python3.6/dist-packages/airflow/example_dags/example_external_task_marker_dag.py for tasks to queue
[2021-10-02 06:37:42,015] {logging_mixin.py:104} INFO - [2021-10-02 06:37:42,015] {dagbag.py:451} INFO - Filling up the DagBag from /usr/local/lib/python3.6/dist-packages/airflow/example_dags/example_external_task_marker_dag.py
[2021-10-02 06:37:42,023] {scheduler_job.py:639} INFO - DAG(s) dict_keys(['example_external_task_marker_parent', 'example_external_task_marker_child']) retrieved from /usr/local/lib/python3.6/dist-packages/airflow/example_dags/example_external_task_marker_dag.py
[2021-10-02 06:37:42,039] {logging_mixin.py:104} INFO - [2021-10-02 06:37:42,039] {dag.py:1824} INFO - Sync 2 DAGs
[2021-10-02 06:37:42,051] {logging_mixin.py:104} INFO - [2021-10-02 06:37:42,051] {dag.py:2280} INFO - Setting next_dagrun for example_external_task_marker_child to None
[2021-10-02 06:37:42,052] {logging_mixin.py:104} INFO - [2021-10-02 06:37:42,052] {dag.py:2280} INFO - Setting next_dagrun for example_external_task_marker_parent to None
[2021-10-02 06:37:42,059] {scheduler_job.py:190} INFO - Processing /usr/local/lib/python3.6/dist-packages/airflow/example_dags/example_external_task_marker_dag.py took 0.047 seconds
[2021-10-02 06:38:12,203] {scheduler_job.py:182} INFO - Started process (PID=195) to work on /usr/local/lib/python3.6/dist-packages/airflow/example_dags/example_external_task_marker_dag.py
[2021-10-02 06:38:12,204] {scheduler_job.py:629} INFO - Processing file /usr/local/lib/python3.6/dist-packages/airflow/example_dags/example_external_task_marker_dag.py for tasks to queue
[2021-10-02 06:38:12,204] {logging_mixin.py:104} INFO - [2021-10-02 06:38:12,204] {dagbag.py:451} INFO - Filling up the DagBag from /usr/local/lib/python3.6/dist-packages/airflow/example_dags/example_external_task_marker_dag.py
[2021-10-02 06:38:12,210] {scheduler_job.py:639} INFO - DAG(s) dict_keys(['example_external_task_marker_parent', 'example_external_task_marker_child']) retrieved from /usr/local/lib/python3.6/dist-packages/airflow/example_dags/example_external_task_marker_dag.py
[2021-10-02 06:38:12,224] {logging_mixin.py:104} INFO - [2021-10-02 06:38:12,224] {dag.py:1824} INFO - Sync 2 DAGs
[2021-10-02 06:38:12,233] {logging_mixin.py:104} INFO - [2021-10-02 06:38:12,233] {dag.py:2280} INFO - Setting next_dagrun for example_external_task_marker_child to None
[2021-10-02 06:38:12,233] {logging_mixin.py:104} INFO - [2021-10-02 06:38:12,233] {dag.py:2280} INFO - Setting next_dagrun for example_external_task_marker_parent to None
[2021-10-02 06:38:12,239] {scheduler_job.py:190} INFO - Processing /usr/local/lib/python3.6/dist-packages/airflow/example_dags/example_external_task_marker_dag.py took 0.038 seconds
[2021-10-02 06:38:42,819] {scheduler_job.py:182} INFO - Started process (PID=276) to work on /usr/local/lib/python3.6/dist-packages/airflow/example_dags/example_external_task_marker_dag.py
[2021-10-02 06:38:42,820] {scheduler_job.py:629} INFO - Processing file /usr/local/lib/python3.6/dist-packages/airflow/example_dags/example_external_task_marker_dag.py for tasks to queue
[2021-10-02 06:38:42,820] {logging_mixin.py:104} INFO - [2021-10-02 06:38:42,820] {dagbag.py:451} INFO - Filling up the DagBag from /usr/local/lib/python3.6/dist-packages/airflow/example_dags/example_external_task_marker_dag.py
[2021-10-02 06:38:42,827] {scheduler_job.py:639} INFO - DAG(s) dict_keys(['example_external_task_marker_parent', 'example_external_task_marker_child']) retrieved from /usr/local/lib/python3.6/dist-packages/airflow/example_dags/example_external_task_marker_dag.py
[2021-10-02 06:38:42,841] {logging_mixin.py:104} INFO - [2021-10-02 06:38:42,841] {dag.py:1824} INFO - Sync 2 DAGs
[2021-10-02 06:38:42,850] {logging_mixin.py:104} INFO - [2021-10-02 06:38:42,850] {dag.py:2280} INFO - Setting next_dagrun for example_external_task_marker_child to None
[2021-10-02 06:38:42,851] {logging_mixin.py:104} INFO - [2021-10-02 06:38:42,851] {dag.py:2280} INFO - Setting next_dagrun for example_external_task_marker_parent to None
[2021-10-02 06:38:42,857] {scheduler_job.py:190} INFO - Processing /usr/local/lib/python3.6/dist-packages/airflow/example_dags/example_external_task_marker_dag.py took 0.041 seconds
[2021-10-02 06:39:13,542] {scheduler_job.py:182} INFO - Started process (PID=354) to work on /usr/local/lib/python3.6/dist-packages/airflow/example_dags/example_external_task_marker_dag.py
[2021-10-02 06:39:13,543] {scheduler_job.py:629} INFO - Processing file /usr/local/lib/python3.6/dist-packages/airflow/example_dags/example_external_task_marker_dag.py for tasks to queue
[2021-10-02 06:39:13,543] {logging_mixin.py:104} INFO - [2021-10-02 06:39:13,543] {dagbag.py:451} INFO - Filling up the DagBag from /usr/local/lib/python3.6/dist-packages/airflow/example_dags/example_external_task_marker_dag.py
[2021-10-02 06:39:13,549] {scheduler_job.py:639} INFO - DAG(s) dict_keys(['example_external_task_marker_parent', 'example_external_task_marker_child']) retrieved from /usr/local/lib/python3.6/dist-packages/airflow/example_dags/example_external_task_marker_dag.py
[2021-10-02 06:39:13,564] {logging_mixin.py:104} INFO - [2021-10-02 06:39:13,564] {dag.py:1824} INFO - Sync 2 DAGs
[2021-10-02 06:39:13,576] {logging_mixin.py:104} INFO - [2021-10-02 06:39:13,576] {dag.py:2280} INFO - Setting next_dagrun for example_external_task_marker_child to None
[2021-10-02 06:39:13,577] {logging_mixin.py:104} INFO - [2021-10-02 06:39:13,577] {dag.py:2280} INFO - Setting next_dagrun for example_external_task_marker_parent to None
[2021-10-02 06:39:13,587] {scheduler_job.py:190} INFO - Processing /usr/local/lib/python3.6/dist-packages/airflow/example_dags/example_external_task_marker_dag.py took 0.046 seconds
