[2021-10-02 06:31:45,612] {scheduler_job.py:182} INFO - Started process (PID=81) to work on /usr/local/lib/python3.6/dist-packages/airflow/example_dags/example_bash_operator.py
[2021-10-02 06:31:45,612] {scheduler_job.py:629} INFO - Processing file /usr/local/lib/python3.6/dist-packages/airflow/example_dags/example_bash_operator.py for tasks to queue
[2021-10-02 06:31:45,613] {logging_mixin.py:104} INFO - [2021-10-02 06:31:45,613] {dagbag.py:451} INFO - Filling up the DagBag from /usr/local/lib/python3.6/dist-packages/airflow/example_dags/example_bash_operator.py
[2021-10-02 06:31:45,619] {scheduler_job.py:639} INFO - DAG(s) dict_keys(['example_bash_operator']) retrieved from /usr/local/lib/python3.6/dist-packages/airflow/example_dags/example_bash_operator.py
[2021-10-02 06:31:45,627] {logging_mixin.py:104} INFO - [2021-10-02 06:31:45,627] {dag.py:1824} INFO - Sync 1 DAGs
[2021-10-02 06:31:45,641] {logging_mixin.py:104} INFO - [2021-10-02 06:31:45,641] {dag.py:2280} INFO - Setting next_dagrun for example_bash_operator to 2021-09-30 00:00:00+00:00
[2021-10-02 06:31:45,647] {scheduler_job.py:190} INFO - Processing /usr/local/lib/python3.6/dist-packages/airflow/example_dags/example_bash_operator.py took 0.037 seconds
[2021-10-02 06:32:16,446] {scheduler_job.py:182} INFO - Started process (PID=229) to work on /usr/local/lib/python3.6/dist-packages/airflow/example_dags/example_bash_operator.py
[2021-10-02 06:32:16,447] {scheduler_job.py:629} INFO - Processing file /usr/local/lib/python3.6/dist-packages/airflow/example_dags/example_bash_operator.py for tasks to queue
[2021-10-02 06:32:16,447] {logging_mixin.py:104} INFO - [2021-10-02 06:32:16,447] {dagbag.py:451} INFO - Filling up the DagBag from /usr/local/lib/python3.6/dist-packages/airflow/example_dags/example_bash_operator.py
[2021-10-02 06:32:16,454] {scheduler_job.py:639} INFO - DAG(s) dict_keys(['example_bash_operator']) retrieved from /usr/local/lib/python3.6/dist-packages/airflow/example_dags/example_bash_operator.py
[2021-10-02 06:32:16,466] {logging_mixin.py:104} INFO - [2021-10-02 06:32:16,466] {dag.py:1824} INFO - Sync 1 DAGs
[2021-10-02 06:32:16,482] {logging_mixin.py:104} INFO - [2021-10-02 06:32:16,482] {dag.py:2280} INFO - Setting next_dagrun for example_bash_operator to 2021-09-30 00:00:00+00:00
[2021-10-02 06:32:16,489] {scheduler_job.py:190} INFO - Processing /usr/local/lib/python3.6/dist-packages/airflow/example_dags/example_bash_operator.py took 0.044 seconds
[2021-10-02 06:32:46,852] {scheduler_job.py:182} INFO - Started process (PID=305) to work on /usr/local/lib/python3.6/dist-packages/airflow/example_dags/example_bash_operator.py
[2021-10-02 06:32:46,853] {scheduler_job.py:629} INFO - Processing file /usr/local/lib/python3.6/dist-packages/airflow/example_dags/example_bash_operator.py for tasks to queue
[2021-10-02 06:32:46,853] {logging_mixin.py:104} INFO - [2021-10-02 06:32:46,853] {dagbag.py:451} INFO - Filling up the DagBag from /usr/local/lib/python3.6/dist-packages/airflow/example_dags/example_bash_operator.py
[2021-10-02 06:32:46,861] {scheduler_job.py:639} INFO - DAG(s) dict_keys(['example_bash_operator']) retrieved from /usr/local/lib/python3.6/dist-packages/airflow/example_dags/example_bash_operator.py
[2021-10-02 06:32:46,872] {logging_mixin.py:104} INFO - [2021-10-02 06:32:46,872] {dag.py:1824} INFO - Sync 1 DAGs
[2021-10-02 06:32:46,885] {logging_mixin.py:104} INFO - [2021-10-02 06:32:46,884] {dag.py:2280} INFO - Setting next_dagrun for example_bash_operator to 2021-09-30 00:00:00+00:00
[2021-10-02 06:32:46,891] {scheduler_job.py:190} INFO - Processing /usr/local/lib/python3.6/dist-packages/airflow/example_dags/example_bash_operator.py took 0.040 seconds
[2021-10-02 06:33:17,579] {scheduler_job.py:182} INFO - Started process (PID=380) to work on /usr/local/lib/python3.6/dist-packages/airflow/example_dags/example_bash_operator.py
[2021-10-02 06:33:17,580] {scheduler_job.py:629} INFO - Processing file /usr/local/lib/python3.6/dist-packages/airflow/example_dags/example_bash_operator.py for tasks to queue
[2021-10-02 06:33:17,580] {logging_mixin.py:104} INFO - [2021-10-02 06:33:17,580] {dagbag.py:451} INFO - Filling up the DagBag from /usr/local/lib/python3.6/dist-packages/airflow/example_dags/example_bash_operator.py
[2021-10-02 06:33:17,587] {scheduler_job.py:639} INFO - DAG(s) dict_keys(['example_bash_operator']) retrieved from /usr/local/lib/python3.6/dist-packages/airflow/example_dags/example_bash_operator.py
[2021-10-02 06:33:17,599] {logging_mixin.py:104} INFO - [2021-10-02 06:33:17,599] {dag.py:1824} INFO - Sync 1 DAGs
[2021-10-02 06:33:17,612] {logging_mixin.py:104} INFO - [2021-10-02 06:33:17,612] {dag.py:2280} INFO - Setting next_dagrun for example_bash_operator to 2021-09-30 00:00:00+00:00
[2021-10-02 06:33:17,618] {scheduler_job.py:190} INFO - Processing /usr/local/lib/python3.6/dist-packages/airflow/example_dags/example_bash_operator.py took 0.041 seconds
[2021-10-02 06:33:48,231] {scheduler_job.py:182} INFO - Started process (PID=459) to work on /usr/local/lib/python3.6/dist-packages/airflow/example_dags/example_bash_operator.py
[2021-10-02 06:33:48,232] {scheduler_job.py:629} INFO - Processing file /usr/local/lib/python3.6/dist-packages/airflow/example_dags/example_bash_operator.py for tasks to queue
[2021-10-02 06:33:48,232] {logging_mixin.py:104} INFO - [2021-10-02 06:33:48,232] {dagbag.py:451} INFO - Filling up the DagBag from /usr/local/lib/python3.6/dist-packages/airflow/example_dags/example_bash_operator.py
[2021-10-02 06:33:48,238] {scheduler_job.py:639} INFO - DAG(s) dict_keys(['example_bash_operator']) retrieved from /usr/local/lib/python3.6/dist-packages/airflow/example_dags/example_bash_operator.py
[2021-10-02 06:33:48,250] {logging_mixin.py:104} INFO - [2021-10-02 06:33:48,250] {dag.py:1824} INFO - Sync 1 DAGs
[2021-10-02 06:33:48,262] {logging_mixin.py:104} INFO - [2021-10-02 06:33:48,262] {dag.py:2280} INFO - Setting next_dagrun for example_bash_operator to 2021-09-30 00:00:00+00:00
[2021-10-02 06:33:48,268] {scheduler_job.py:190} INFO - Processing /usr/local/lib/python3.6/dist-packages/airflow/example_dags/example_bash_operator.py took 0.039 seconds
[2021-10-02 06:34:18,929] {scheduler_job.py:182} INFO - Started process (PID=540) to work on /usr/local/lib/python3.6/dist-packages/airflow/example_dags/example_bash_operator.py
[2021-10-02 06:34:18,929] {scheduler_job.py:629} INFO - Processing file /usr/local/lib/python3.6/dist-packages/airflow/example_dags/example_bash_operator.py for tasks to queue
[2021-10-02 06:34:18,930] {logging_mixin.py:104} INFO - [2021-10-02 06:34:18,930] {dagbag.py:451} INFO - Filling up the DagBag from /usr/local/lib/python3.6/dist-packages/airflow/example_dags/example_bash_operator.py
[2021-10-02 06:34:18,938] {scheduler_job.py:639} INFO - DAG(s) dict_keys(['example_bash_operator']) retrieved from /usr/local/lib/python3.6/dist-packages/airflow/example_dags/example_bash_operator.py
[2021-10-02 06:34:18,950] {logging_mixin.py:104} INFO - [2021-10-02 06:34:18,950] {dag.py:1824} INFO - Sync 1 DAGs
[2021-10-02 06:34:18,964] {logging_mixin.py:104} INFO - [2021-10-02 06:34:18,964] {dag.py:2280} INFO - Setting next_dagrun for example_bash_operator to 2021-09-30 00:00:00+00:00
[2021-10-02 06:34:18,969] {scheduler_job.py:190} INFO - Processing /usr/local/lib/python3.6/dist-packages/airflow/example_dags/example_bash_operator.py took 0.042 seconds
[2021-10-02 06:34:49,505] {scheduler_job.py:182} INFO - Started process (PID=617) to work on /usr/local/lib/python3.6/dist-packages/airflow/example_dags/example_bash_operator.py
[2021-10-02 06:34:49,506] {scheduler_job.py:629} INFO - Processing file /usr/local/lib/python3.6/dist-packages/airflow/example_dags/example_bash_operator.py for tasks to queue
[2021-10-02 06:34:49,506] {logging_mixin.py:104} INFO - [2021-10-02 06:34:49,506] {dagbag.py:451} INFO - Filling up the DagBag from /usr/local/lib/python3.6/dist-packages/airflow/example_dags/example_bash_operator.py
[2021-10-02 06:34:49,513] {scheduler_job.py:639} INFO - DAG(s) dict_keys(['example_bash_operator']) retrieved from /usr/local/lib/python3.6/dist-packages/airflow/example_dags/example_bash_operator.py
[2021-10-02 06:34:49,525] {logging_mixin.py:104} INFO - [2021-10-02 06:34:49,525] {dag.py:1824} INFO - Sync 1 DAGs
[2021-10-02 06:34:49,537] {logging_mixin.py:104} INFO - [2021-10-02 06:34:49,537] {dag.py:2280} INFO - Setting next_dagrun for example_bash_operator to 2021-09-30 00:00:00+00:00
[2021-10-02 06:34:49,543] {scheduler_job.py:190} INFO - Processing /usr/local/lib/python3.6/dist-packages/airflow/example_dags/example_bash_operator.py took 0.039 seconds
[2021-10-02 06:35:20,171] {scheduler_job.py:182} INFO - Started process (PID=691) to work on /usr/local/lib/python3.6/dist-packages/airflow/example_dags/example_bash_operator.py
[2021-10-02 06:35:20,172] {scheduler_job.py:629} INFO - Processing file /usr/local/lib/python3.6/dist-packages/airflow/example_dags/example_bash_operator.py for tasks to queue
[2021-10-02 06:35:20,172] {logging_mixin.py:104} INFO - [2021-10-02 06:35:20,172] {dagbag.py:451} INFO - Filling up the DagBag from /usr/local/lib/python3.6/dist-packages/airflow/example_dags/example_bash_operator.py
[2021-10-02 06:35:20,182] {scheduler_job.py:639} INFO - DAG(s) dict_keys(['example_bash_operator']) retrieved from /usr/local/lib/python3.6/dist-packages/airflow/example_dags/example_bash_operator.py
[2021-10-02 06:35:20,199] {logging_mixin.py:104} INFO - [2021-10-02 06:35:20,199] {dag.py:1824} INFO - Sync 1 DAGs
[2021-10-02 06:35:20,217] {logging_mixin.py:104} INFO - [2021-10-02 06:35:20,217] {dag.py:2280} INFO - Setting next_dagrun for example_bash_operator to 2021-09-30 00:00:00+00:00
[2021-10-02 06:35:20,226] {scheduler_job.py:190} INFO - Processing /usr/local/lib/python3.6/dist-packages/airflow/example_dags/example_bash_operator.py took 0.057 seconds
[2021-10-02 06:35:57,735] {scheduler_job.py:182} INFO - Started process (PID=89) to work on /usr/local/lib/python3.6/dist-packages/airflow/example_dags/example_bash_operator.py
[2021-10-02 06:35:57,736] {scheduler_job.py:629} INFO - Processing file /usr/local/lib/python3.6/dist-packages/airflow/example_dags/example_bash_operator.py for tasks to queue
[2021-10-02 06:35:57,736] {logging_mixin.py:104} INFO - [2021-10-02 06:35:57,736] {dagbag.py:451} INFO - Filling up the DagBag from /usr/local/lib/python3.6/dist-packages/airflow/example_dags/example_bash_operator.py
[2021-10-02 06:35:57,754] {scheduler_job.py:639} INFO - DAG(s) dict_keys(['example_bash_operator']) retrieved from /usr/local/lib/python3.6/dist-packages/airflow/example_dags/example_bash_operator.py
[2021-10-02 06:35:57,773] {logging_mixin.py:104} INFO - [2021-10-02 06:35:57,773] {dag.py:1824} INFO - Sync 1 DAGs
[2021-10-02 06:35:57,798] {logging_mixin.py:104} INFO - [2021-10-02 06:35:57,798] {dag.py:2280} INFO - Setting next_dagrun for example_bash_operator to 2021-09-30 00:00:00+00:00
[2021-10-02 06:35:57,805] {scheduler_job.py:190} INFO - Processing /usr/local/lib/python3.6/dist-packages/airflow/example_dags/example_bash_operator.py took 0.072 seconds
[2021-10-02 06:36:44,708] {scheduler_job.py:182} INFO - Started process (PID=63) to work on /usr/local/lib/python3.6/dist-packages/airflow/example_dags/example_bash_operator.py
[2021-10-02 06:36:44,709] {scheduler_job.py:629} INFO - Processing file /usr/local/lib/python3.6/dist-packages/airflow/example_dags/example_bash_operator.py for tasks to queue
[2021-10-02 06:36:44,709] {logging_mixin.py:104} INFO - [2021-10-02 06:36:44,709] {dagbag.py:451} INFO - Filling up the DagBag from /usr/local/lib/python3.6/dist-packages/airflow/example_dags/example_bash_operator.py
[2021-10-02 06:36:44,719] {scheduler_job.py:639} INFO - DAG(s) dict_keys(['example_bash_operator']) retrieved from /usr/local/lib/python3.6/dist-packages/airflow/example_dags/example_bash_operator.py
[2021-10-02 06:36:44,734] {logging_mixin.py:104} INFO - [2021-10-02 06:36:44,734] {dag.py:1824} INFO - Sync 1 DAGs
[2021-10-02 06:36:44,751] {logging_mixin.py:104} INFO - [2021-10-02 06:36:44,751] {dag.py:2280} INFO - Setting next_dagrun for example_bash_operator to 2021-09-30 00:00:00+00:00
[2021-10-02 06:36:44,758] {scheduler_job.py:190} INFO - Processing /usr/local/lib/python3.6/dist-packages/airflow/example_dags/example_bash_operator.py took 0.052 seconds
[2021-10-02 06:37:14,999] {scheduler_job.py:182} INFO - Started process (PID=190) to work on /usr/local/lib/python3.6/dist-packages/airflow/example_dags/example_bash_operator.py
[2021-10-02 06:37:14,999] {scheduler_job.py:629} INFO - Processing file /usr/local/lib/python3.6/dist-packages/airflow/example_dags/example_bash_operator.py for tasks to queue
[2021-10-02 06:37:15,000] {logging_mixin.py:104} INFO - [2021-10-02 06:37:15,000] {dagbag.py:451} INFO - Filling up the DagBag from /usr/local/lib/python3.6/dist-packages/airflow/example_dags/example_bash_operator.py
[2021-10-02 06:37:15,010] {scheduler_job.py:639} INFO - DAG(s) dict_keys(['example_bash_operator']) retrieved from /usr/local/lib/python3.6/dist-packages/airflow/example_dags/example_bash_operator.py
[2021-10-02 06:37:15,032] {logging_mixin.py:104} INFO - [2021-10-02 06:37:15,031] {dag.py:1824} INFO - Sync 1 DAGs
[2021-10-02 06:37:15,049] {logging_mixin.py:104} INFO - [2021-10-02 06:37:15,049] {dag.py:2280} INFO - Setting next_dagrun for example_bash_operator to 2021-09-30 00:00:00+00:00
[2021-10-02 06:37:15,056] {scheduler_job.py:190} INFO - Processing /usr/local/lib/python3.6/dist-packages/airflow/example_dags/example_bash_operator.py took 0.060 seconds
[2021-10-02 06:37:42,832] {scheduler_job.py:182} INFO - Started process (PID=91) to work on /usr/local/lib/python3.6/dist-packages/airflow/example_dags/example_bash_operator.py
[2021-10-02 06:37:42,832] {scheduler_job.py:629} INFO - Processing file /usr/local/lib/python3.6/dist-packages/airflow/example_dags/example_bash_operator.py for tasks to queue
[2021-10-02 06:37:42,832] {logging_mixin.py:104} INFO - [2021-10-02 06:37:42,832] {dagbag.py:451} INFO - Filling up the DagBag from /usr/local/lib/python3.6/dist-packages/airflow/example_dags/example_bash_operator.py
[2021-10-02 06:37:42,840] {scheduler_job.py:639} INFO - DAG(s) dict_keys(['example_bash_operator']) retrieved from /usr/local/lib/python3.6/dist-packages/airflow/example_dags/example_bash_operator.py
[2021-10-02 06:37:42,855] {logging_mixin.py:104} INFO - [2021-10-02 06:37:42,855] {dag.py:1824} INFO - Sync 1 DAGs
[2021-10-02 06:37:42,870] {logging_mixin.py:104} INFO - [2021-10-02 06:37:42,870] {dag.py:2280} INFO - Setting next_dagrun for example_bash_operator to 2021-09-30 00:00:00+00:00
[2021-10-02 06:37:42,877] {scheduler_job.py:190} INFO - Processing /usr/local/lib/python3.6/dist-packages/airflow/example_dags/example_bash_operator.py took 0.047 seconds
[2021-10-02 06:38:13,529] {scheduler_job.py:182} INFO - Started process (PID=208) to work on /usr/local/lib/python3.6/dist-packages/airflow/example_dags/example_bash_operator.py
[2021-10-02 06:38:13,530] {scheduler_job.py:629} INFO - Processing file /usr/local/lib/python3.6/dist-packages/airflow/example_dags/example_bash_operator.py for tasks to queue
[2021-10-02 06:38:13,530] {logging_mixin.py:104} INFO - [2021-10-02 06:38:13,530] {dagbag.py:451} INFO - Filling up the DagBag from /usr/local/lib/python3.6/dist-packages/airflow/example_dags/example_bash_operator.py
[2021-10-02 06:38:13,537] {scheduler_job.py:639} INFO - DAG(s) dict_keys(['example_bash_operator']) retrieved from /usr/local/lib/python3.6/dist-packages/airflow/example_dags/example_bash_operator.py
[2021-10-02 06:38:13,549] {logging_mixin.py:104} INFO - [2021-10-02 06:38:13,549] {dag.py:1824} INFO - Sync 1 DAGs
[2021-10-02 06:38:13,561] {logging_mixin.py:104} INFO - [2021-10-02 06:38:13,561] {dag.py:2280} INFO - Setting next_dagrun for example_bash_operator to 2021-09-30 00:00:00+00:00
[2021-10-02 06:38:13,567] {scheduler_job.py:190} INFO - Processing /usr/local/lib/python3.6/dist-packages/airflow/example_dags/example_bash_operator.py took 0.040 seconds
[2021-10-02 06:38:44,099] {scheduler_job.py:182} INFO - Started process (PID=287) to work on /usr/local/lib/python3.6/dist-packages/airflow/example_dags/example_bash_operator.py
[2021-10-02 06:38:44,100] {scheduler_job.py:629} INFO - Processing file /usr/local/lib/python3.6/dist-packages/airflow/example_dags/example_bash_operator.py for tasks to queue
[2021-10-02 06:38:44,100] {logging_mixin.py:104} INFO - [2021-10-02 06:38:44,100] {dagbag.py:451} INFO - Filling up the DagBag from /usr/local/lib/python3.6/dist-packages/airflow/example_dags/example_bash_operator.py
[2021-10-02 06:38:44,110] {scheduler_job.py:639} INFO - DAG(s) dict_keys(['example_bash_operator']) retrieved from /usr/local/lib/python3.6/dist-packages/airflow/example_dags/example_bash_operator.py
[2021-10-02 06:38:44,127] {logging_mixin.py:104} INFO - [2021-10-02 06:38:44,127] {dag.py:1824} INFO - Sync 1 DAGs
[2021-10-02 06:38:44,144] {logging_mixin.py:104} INFO - [2021-10-02 06:38:44,144] {dag.py:2280} INFO - Setting next_dagrun for example_bash_operator to 2021-09-30 00:00:00+00:00
[2021-10-02 06:38:44,152] {scheduler_job.py:190} INFO - Processing /usr/local/lib/python3.6/dist-packages/airflow/example_dags/example_bash_operator.py took 0.055 seconds
[2021-10-02 06:39:14,804] {scheduler_job.py:182} INFO - Started process (PID=365) to work on /usr/local/lib/python3.6/dist-packages/airflow/example_dags/example_bash_operator.py
[2021-10-02 06:39:14,805] {scheduler_job.py:629} INFO - Processing file /usr/local/lib/python3.6/dist-packages/airflow/example_dags/example_bash_operator.py for tasks to queue
[2021-10-02 06:39:14,805] {logging_mixin.py:104} INFO - [2021-10-02 06:39:14,805] {dagbag.py:451} INFO - Filling up the DagBag from /usr/local/lib/python3.6/dist-packages/airflow/example_dags/example_bash_operator.py
[2021-10-02 06:39:14,812] {scheduler_job.py:639} INFO - DAG(s) dict_keys(['example_bash_operator']) retrieved from /usr/local/lib/python3.6/dist-packages/airflow/example_dags/example_bash_operator.py
[2021-10-02 06:39:14,823] {logging_mixin.py:104} INFO - [2021-10-02 06:39:14,823] {dag.py:1824} INFO - Sync 1 DAGs
[2021-10-02 06:39:14,835] {logging_mixin.py:104} INFO - [2021-10-02 06:39:14,835] {dag.py:2280} INFO - Setting next_dagrun for example_bash_operator to 2021-09-30 00:00:00+00:00
[2021-10-02 06:39:14,841] {scheduler_job.py:190} INFO - Processing /usr/local/lib/python3.6/dist-packages/airflow/example_dags/example_bash_operator.py took 0.038 seconds
