[2021-10-02 06:31:44,678] {scheduler_job.py:182} INFO - Started process (PID=46) to work on /usr/local/lib/python3.6/dist-packages/airflow/example_dags/example_latest_only.py
[2021-10-02 06:31:44,679] {scheduler_job.py:629} INFO - Processing file /usr/local/lib/python3.6/dist-packages/airflow/example_dags/example_latest_only.py for tasks to queue
[2021-10-02 06:31:44,679] {logging_mixin.py:104} INFO - [2021-10-02 06:31:44,679] {dagbag.py:451} INFO - Filling up the DagBag from /usr/local/lib/python3.6/dist-packages/airflow/example_dags/example_latest_only.py
[2021-10-02 06:31:44,693] {scheduler_job.py:639} INFO - DAG(s) dict_keys(['latest_only']) retrieved from /usr/local/lib/python3.6/dist-packages/airflow/example_dags/example_latest_only.py
[2021-10-02 06:31:44,718] {logging_mixin.py:104} INFO - [2021-10-02 06:31:44,718] {dag.py:1824} INFO - Sync 1 DAGs
[2021-10-02 06:31:44,735] {logging_mixin.py:104} INFO - [2021-10-02 06:31:44,735] {dag.py:2280} INFO - Setting next_dagrun for latest_only to 2021-09-30 00:00:00+00:00
[2021-10-02 06:31:44,742] {scheduler_job.py:190} INFO - Processing /usr/local/lib/python3.6/dist-packages/airflow/example_dags/example_latest_only.py took 0.067 seconds
[2021-10-02 06:32:15,086] {scheduler_job.py:182} INFO - Started process (PID=211) to work on /usr/local/lib/python3.6/dist-packages/airflow/example_dags/example_latest_only.py
[2021-10-02 06:32:15,087] {scheduler_job.py:629} INFO - Processing file /usr/local/lib/python3.6/dist-packages/airflow/example_dags/example_latest_only.py for tasks to queue
[2021-10-02 06:32:15,087] {logging_mixin.py:104} INFO - [2021-10-02 06:32:15,087] {dagbag.py:451} INFO - Filling up the DagBag from /usr/local/lib/python3.6/dist-packages/airflow/example_dags/example_latest_only.py
[2021-10-02 06:32:15,092] {scheduler_job.py:639} INFO - DAG(s) dict_keys(['latest_only']) retrieved from /usr/local/lib/python3.6/dist-packages/airflow/example_dags/example_latest_only.py
[2021-10-02 06:32:15,104] {logging_mixin.py:104} INFO - [2021-10-02 06:32:15,103] {dag.py:1824} INFO - Sync 1 DAGs
[2021-10-02 06:32:15,112] {logging_mixin.py:104} INFO - [2021-10-02 06:32:15,112] {dag.py:2280} INFO - Setting next_dagrun for latest_only to 2021-09-30 00:00:00+00:00
[2021-10-02 06:32:15,118] {scheduler_job.py:190} INFO - Processing /usr/local/lib/python3.6/dist-packages/airflow/example_dags/example_latest_only.py took 0.033 seconds
[2021-10-02 06:32:45,511] {scheduler_job.py:182} INFO - Started process (PID=290) to work on /usr/local/lib/python3.6/dist-packages/airflow/example_dags/example_latest_only.py
[2021-10-02 06:32:45,511] {scheduler_job.py:629} INFO - Processing file /usr/local/lib/python3.6/dist-packages/airflow/example_dags/example_latest_only.py for tasks to queue
[2021-10-02 06:32:45,512] {logging_mixin.py:104} INFO - [2021-10-02 06:32:45,512] {dagbag.py:451} INFO - Filling up the DagBag from /usr/local/lib/python3.6/dist-packages/airflow/example_dags/example_latest_only.py
[2021-10-02 06:32:45,518] {scheduler_job.py:639} INFO - DAG(s) dict_keys(['latest_only']) retrieved from /usr/local/lib/python3.6/dist-packages/airflow/example_dags/example_latest_only.py
[2021-10-02 06:32:45,529] {logging_mixin.py:104} INFO - [2021-10-02 06:32:45,529] {dag.py:1824} INFO - Sync 1 DAGs
[2021-10-02 06:32:45,538] {logging_mixin.py:104} INFO - [2021-10-02 06:32:45,538] {dag.py:2280} INFO - Setting next_dagrun for latest_only to 2021-09-30 00:00:00+00:00
[2021-10-02 06:32:45,544] {scheduler_job.py:190} INFO - Processing /usr/local/lib/python3.6/dist-packages/airflow/example_dags/example_latest_only.py took 0.035 seconds
[2021-10-02 06:33:16,204] {scheduler_job.py:182} INFO - Started process (PID=365) to work on /usr/local/lib/python3.6/dist-packages/airflow/example_dags/example_latest_only.py
[2021-10-02 06:33:16,205] {scheduler_job.py:629} INFO - Processing file /usr/local/lib/python3.6/dist-packages/airflow/example_dags/example_latest_only.py for tasks to queue
[2021-10-02 06:33:16,205] {logging_mixin.py:104} INFO - [2021-10-02 06:33:16,205] {dagbag.py:451} INFO - Filling up the DagBag from /usr/local/lib/python3.6/dist-packages/airflow/example_dags/example_latest_only.py
[2021-10-02 06:33:16,210] {scheduler_job.py:639} INFO - DAG(s) dict_keys(['latest_only']) retrieved from /usr/local/lib/python3.6/dist-packages/airflow/example_dags/example_latest_only.py
[2021-10-02 06:33:16,224] {logging_mixin.py:104} INFO - [2021-10-02 06:33:16,224] {dag.py:1824} INFO - Sync 1 DAGs
[2021-10-02 06:33:16,238] {logging_mixin.py:104} INFO - [2021-10-02 06:33:16,238] {dag.py:2280} INFO - Setting next_dagrun for latest_only to 2021-09-30 00:00:00+00:00
[2021-10-02 06:33:16,247] {scheduler_job.py:190} INFO - Processing /usr/local/lib/python3.6/dist-packages/airflow/example_dags/example_latest_only.py took 0.044 seconds
[2021-10-02 06:33:46,905] {scheduler_job.py:182} INFO - Started process (PID=444) to work on /usr/local/lib/python3.6/dist-packages/airflow/example_dags/example_latest_only.py
[2021-10-02 06:33:46,905] {scheduler_job.py:629} INFO - Processing file /usr/local/lib/python3.6/dist-packages/airflow/example_dags/example_latest_only.py for tasks to queue
[2021-10-02 06:33:46,906] {logging_mixin.py:104} INFO - [2021-10-02 06:33:46,906] {dagbag.py:451} INFO - Filling up the DagBag from /usr/local/lib/python3.6/dist-packages/airflow/example_dags/example_latest_only.py
[2021-10-02 06:33:46,913] {scheduler_job.py:639} INFO - DAG(s) dict_keys(['latest_only']) retrieved from /usr/local/lib/python3.6/dist-packages/airflow/example_dags/example_latest_only.py
[2021-10-02 06:33:46,927] {logging_mixin.py:104} INFO - [2021-10-02 06:33:46,927] {dag.py:1824} INFO - Sync 1 DAGs
[2021-10-02 06:33:46,936] {logging_mixin.py:104} INFO - [2021-10-02 06:33:46,936] {dag.py:2280} INFO - Setting next_dagrun for latest_only to 2021-09-30 00:00:00+00:00
[2021-10-02 06:33:46,941] {scheduler_job.py:190} INFO - Processing /usr/local/lib/python3.6/dist-packages/airflow/example_dags/example_latest_only.py took 0.039 seconds
[2021-10-02 06:34:17,593] {scheduler_job.py:182} INFO - Started process (PID=525) to work on /usr/local/lib/python3.6/dist-packages/airflow/example_dags/example_latest_only.py
[2021-10-02 06:34:17,594] {scheduler_job.py:629} INFO - Processing file /usr/local/lib/python3.6/dist-packages/airflow/example_dags/example_latest_only.py for tasks to queue
[2021-10-02 06:34:17,594] {logging_mixin.py:104} INFO - [2021-10-02 06:34:17,594] {dagbag.py:451} INFO - Filling up the DagBag from /usr/local/lib/python3.6/dist-packages/airflow/example_dags/example_latest_only.py
[2021-10-02 06:34:17,599] {scheduler_job.py:639} INFO - DAG(s) dict_keys(['latest_only']) retrieved from /usr/local/lib/python3.6/dist-packages/airflow/example_dags/example_latest_only.py
[2021-10-02 06:34:17,610] {logging_mixin.py:104} INFO - [2021-10-02 06:34:17,610] {dag.py:1824} INFO - Sync 1 DAGs
[2021-10-02 06:34:17,619] {logging_mixin.py:104} INFO - [2021-10-02 06:34:17,618] {dag.py:2280} INFO - Setting next_dagrun for latest_only to 2021-09-30 00:00:00+00:00
[2021-10-02 06:34:17,624] {scheduler_job.py:190} INFO - Processing /usr/local/lib/python3.6/dist-packages/airflow/example_dags/example_latest_only.py took 0.032 seconds
[2021-10-02 06:34:48,212] {scheduler_job.py:182} INFO - Started process (PID=602) to work on /usr/local/lib/python3.6/dist-packages/airflow/example_dags/example_latest_only.py
[2021-10-02 06:34:48,213] {scheduler_job.py:629} INFO - Processing file /usr/local/lib/python3.6/dist-packages/airflow/example_dags/example_latest_only.py for tasks to queue
[2021-10-02 06:34:48,213] {logging_mixin.py:104} INFO - [2021-10-02 06:34:48,213] {dagbag.py:451} INFO - Filling up the DagBag from /usr/local/lib/python3.6/dist-packages/airflow/example_dags/example_latest_only.py
[2021-10-02 06:34:48,220] {scheduler_job.py:639} INFO - DAG(s) dict_keys(['latest_only']) retrieved from /usr/local/lib/python3.6/dist-packages/airflow/example_dags/example_latest_only.py
[2021-10-02 06:34:48,231] {logging_mixin.py:104} INFO - [2021-10-02 06:34:48,231] {dag.py:1824} INFO - Sync 1 DAGs
[2021-10-02 06:34:48,239] {logging_mixin.py:104} INFO - [2021-10-02 06:34:48,239] {dag.py:2280} INFO - Setting next_dagrun for latest_only to 2021-09-30 00:00:00+00:00
[2021-10-02 06:34:48,245] {scheduler_job.py:190} INFO - Processing /usr/local/lib/python3.6/dist-packages/airflow/example_dags/example_latest_only.py took 0.034 seconds
[2021-10-02 06:35:18,797] {scheduler_job.py:182} INFO - Started process (PID=676) to work on /usr/local/lib/python3.6/dist-packages/airflow/example_dags/example_latest_only.py
[2021-10-02 06:35:18,797] {scheduler_job.py:629} INFO - Processing file /usr/local/lib/python3.6/dist-packages/airflow/example_dags/example_latest_only.py for tasks to queue
[2021-10-02 06:35:18,797] {logging_mixin.py:104} INFO - [2021-10-02 06:35:18,797] {dagbag.py:451} INFO - Filling up the DagBag from /usr/local/lib/python3.6/dist-packages/airflow/example_dags/example_latest_only.py
[2021-10-02 06:35:18,803] {scheduler_job.py:639} INFO - DAG(s) dict_keys(['latest_only']) retrieved from /usr/local/lib/python3.6/dist-packages/airflow/example_dags/example_latest_only.py
[2021-10-02 06:35:18,814] {logging_mixin.py:104} INFO - [2021-10-02 06:35:18,814] {dag.py:1824} INFO - Sync 1 DAGs
[2021-10-02 06:35:18,823] {logging_mixin.py:104} INFO - [2021-10-02 06:35:18,822] {dag.py:2280} INFO - Setting next_dagrun for latest_only to 2021-09-30 00:00:00+00:00
[2021-10-02 06:35:18,828] {scheduler_job.py:190} INFO - Processing /usr/local/lib/python3.6/dist-packages/airflow/example_dags/example_latest_only.py took 0.033 seconds
[2021-10-02 06:35:57,124] {scheduler_job.py:182} INFO - Started process (PID=65) to work on /usr/local/lib/python3.6/dist-packages/airflow/example_dags/example_latest_only.py
[2021-10-02 06:35:57,124] {scheduler_job.py:629} INFO - Processing file /usr/local/lib/python3.6/dist-packages/airflow/example_dags/example_latest_only.py for tasks to queue
[2021-10-02 06:35:57,125] {logging_mixin.py:104} INFO - [2021-10-02 06:35:57,125] {dagbag.py:451} INFO - Filling up the DagBag from /usr/local/lib/python3.6/dist-packages/airflow/example_dags/example_latest_only.py
[2021-10-02 06:35:57,132] {scheduler_job.py:639} INFO - DAG(s) dict_keys(['latest_only']) retrieved from /usr/local/lib/python3.6/dist-packages/airflow/example_dags/example_latest_only.py
[2021-10-02 06:35:57,147] {logging_mixin.py:104} INFO - [2021-10-02 06:35:57,147] {dag.py:1824} INFO - Sync 1 DAGs
[2021-10-02 06:35:57,158] {logging_mixin.py:104} INFO - [2021-10-02 06:35:57,158] {dag.py:2280} INFO - Setting next_dagrun for latest_only to 2021-09-30 00:00:00+00:00
[2021-10-02 06:35:57,166] {scheduler_job.py:190} INFO - Processing /usr/local/lib/python3.6/dist-packages/airflow/example_dags/example_latest_only.py took 0.044 seconds
[2021-10-02 06:36:44,494] {scheduler_job.py:182} INFO - Started process (PID=52) to work on /usr/local/lib/python3.6/dist-packages/airflow/example_dags/example_latest_only.py
[2021-10-02 06:36:44,495] {scheduler_job.py:629} INFO - Processing file /usr/local/lib/python3.6/dist-packages/airflow/example_dags/example_latest_only.py for tasks to queue
[2021-10-02 06:36:44,495] {logging_mixin.py:104} INFO - [2021-10-02 06:36:44,495] {dagbag.py:451} INFO - Filling up the DagBag from /usr/local/lib/python3.6/dist-packages/airflow/example_dags/example_latest_only.py
[2021-10-02 06:36:44,503] {scheduler_job.py:639} INFO - DAG(s) dict_keys(['latest_only']) retrieved from /usr/local/lib/python3.6/dist-packages/airflow/example_dags/example_latest_only.py
[2021-10-02 06:36:44,518] {logging_mixin.py:104} INFO - [2021-10-02 06:36:44,518] {dag.py:1824} INFO - Sync 1 DAGs
[2021-10-02 06:36:44,530] {logging_mixin.py:104} INFO - [2021-10-02 06:36:44,529] {dag.py:2280} INFO - Setting next_dagrun for latest_only to 2021-09-30 00:00:00+00:00
[2021-10-02 06:36:44,537] {scheduler_job.py:190} INFO - Processing /usr/local/lib/python3.6/dist-packages/airflow/example_dags/example_latest_only.py took 0.045 seconds
[2021-10-02 06:37:14,952] {scheduler_job.py:182} INFO - Started process (PID=188) to work on /usr/local/lib/python3.6/dist-packages/airflow/example_dags/example_latest_only.py
[2021-10-02 06:37:14,952] {scheduler_job.py:629} INFO - Processing file /usr/local/lib/python3.6/dist-packages/airflow/example_dags/example_latest_only.py for tasks to queue
[2021-10-02 06:37:14,952] {logging_mixin.py:104} INFO - [2021-10-02 06:37:14,952] {dagbag.py:451} INFO - Filling up the DagBag from /usr/local/lib/python3.6/dist-packages/airflow/example_dags/example_latest_only.py
[2021-10-02 06:37:14,958] {scheduler_job.py:639} INFO - DAG(s) dict_keys(['latest_only']) retrieved from /usr/local/lib/python3.6/dist-packages/airflow/example_dags/example_latest_only.py
[2021-10-02 06:37:14,970] {logging_mixin.py:104} INFO - [2021-10-02 06:37:14,970] {dag.py:1824} INFO - Sync 1 DAGs
[2021-10-02 06:37:14,982] {logging_mixin.py:104} INFO - [2021-10-02 06:37:14,982] {dag.py:2280} INFO - Setting next_dagrun for latest_only to 2021-09-30 00:00:00+00:00
[2021-10-02 06:37:14,988] {scheduler_job.py:190} INFO - Processing /usr/local/lib/python3.6/dist-packages/airflow/example_dags/example_latest_only.py took 0.038 seconds
[2021-10-02 06:37:42,887] {scheduler_job.py:182} INFO - Started process (PID=93) to work on /usr/local/lib/python3.6/dist-packages/airflow/example_dags/example_latest_only.py
[2021-10-02 06:37:42,888] {scheduler_job.py:629} INFO - Processing file /usr/local/lib/python3.6/dist-packages/airflow/example_dags/example_latest_only.py for tasks to queue
[2021-10-02 06:37:42,888] {logging_mixin.py:104} INFO - [2021-10-02 06:37:42,888] {dagbag.py:451} INFO - Filling up the DagBag from /usr/local/lib/python3.6/dist-packages/airflow/example_dags/example_latest_only.py
[2021-10-02 06:37:42,894] {scheduler_job.py:639} INFO - DAG(s) dict_keys(['latest_only']) retrieved from /usr/local/lib/python3.6/dist-packages/airflow/example_dags/example_latest_only.py
[2021-10-02 06:37:42,907] {logging_mixin.py:104} INFO - [2021-10-02 06:37:42,907] {dag.py:1824} INFO - Sync 1 DAGs
[2021-10-02 06:37:42,919] {logging_mixin.py:104} INFO - [2021-10-02 06:37:42,918] {dag.py:2280} INFO - Setting next_dagrun for latest_only to 2021-09-30 00:00:00+00:00
[2021-10-02 06:37:42,926] {scheduler_job.py:190} INFO - Processing /usr/local/lib/python3.6/dist-packages/airflow/example_dags/example_latest_only.py took 0.040 seconds
[2021-10-02 06:38:13,618] {scheduler_job.py:182} INFO - Started process (PID=210) to work on /usr/local/lib/python3.6/dist-packages/airflow/example_dags/example_latest_only.py
[2021-10-02 06:38:13,618] {scheduler_job.py:629} INFO - Processing file /usr/local/lib/python3.6/dist-packages/airflow/example_dags/example_latest_only.py for tasks to queue
[2021-10-02 06:38:13,619] {logging_mixin.py:104} INFO - [2021-10-02 06:38:13,619] {dagbag.py:451} INFO - Filling up the DagBag from /usr/local/lib/python3.6/dist-packages/airflow/example_dags/example_latest_only.py
[2021-10-02 06:38:13,624] {scheduler_job.py:639} INFO - DAG(s) dict_keys(['latest_only']) retrieved from /usr/local/lib/python3.6/dist-packages/airflow/example_dags/example_latest_only.py
[2021-10-02 06:38:13,637] {logging_mixin.py:104} INFO - [2021-10-02 06:38:13,637] {dag.py:1824} INFO - Sync 1 DAGs
[2021-10-02 06:38:13,647] {logging_mixin.py:104} INFO - [2021-10-02 06:38:13,647] {dag.py:2280} INFO - Setting next_dagrun for latest_only to 2021-09-30 00:00:00+00:00
[2021-10-02 06:38:13,653] {scheduler_job.py:190} INFO - Processing /usr/local/lib/python3.6/dist-packages/airflow/example_dags/example_latest_only.py took 0.036 seconds
[2021-10-02 06:38:44,161] {scheduler_job.py:182} INFO - Started process (PID=289) to work on /usr/local/lib/python3.6/dist-packages/airflow/example_dags/example_latest_only.py
[2021-10-02 06:38:44,162] {scheduler_job.py:629} INFO - Processing file /usr/local/lib/python3.6/dist-packages/airflow/example_dags/example_latest_only.py for tasks to queue
[2021-10-02 06:38:44,162] {logging_mixin.py:104} INFO - [2021-10-02 06:38:44,162] {dagbag.py:451} INFO - Filling up the DagBag from /usr/local/lib/python3.6/dist-packages/airflow/example_dags/example_latest_only.py
[2021-10-02 06:38:44,169] {scheduler_job.py:639} INFO - DAG(s) dict_keys(['latest_only']) retrieved from /usr/local/lib/python3.6/dist-packages/airflow/example_dags/example_latest_only.py
[2021-10-02 06:38:44,182] {logging_mixin.py:104} INFO - [2021-10-02 06:38:44,182] {dag.py:1824} INFO - Sync 1 DAGs
[2021-10-02 06:38:44,191] {logging_mixin.py:104} INFO - [2021-10-02 06:38:44,191] {dag.py:2280} INFO - Setting next_dagrun for latest_only to 2021-09-30 00:00:00+00:00
[2021-10-02 06:38:44,197] {scheduler_job.py:190} INFO - Processing /usr/local/lib/python3.6/dist-packages/airflow/example_dags/example_latest_only.py took 0.038 seconds
[2021-10-02 06:39:14,848] {scheduler_job.py:182} INFO - Started process (PID=367) to work on /usr/local/lib/python3.6/dist-packages/airflow/example_dags/example_latest_only.py
[2021-10-02 06:39:14,849] {scheduler_job.py:629} INFO - Processing file /usr/local/lib/python3.6/dist-packages/airflow/example_dags/example_latest_only.py for tasks to queue
[2021-10-02 06:39:14,849] {logging_mixin.py:104} INFO - [2021-10-02 06:39:14,849] {dagbag.py:451} INFO - Filling up the DagBag from /usr/local/lib/python3.6/dist-packages/airflow/example_dags/example_latest_only.py
[2021-10-02 06:39:14,854] {scheduler_job.py:639} INFO - DAG(s) dict_keys(['latest_only']) retrieved from /usr/local/lib/python3.6/dist-packages/airflow/example_dags/example_latest_only.py
[2021-10-02 06:39:14,866] {logging_mixin.py:104} INFO - [2021-10-02 06:39:14,866] {dag.py:1824} INFO - Sync 1 DAGs
[2021-10-02 06:39:14,875] {logging_mixin.py:104} INFO - [2021-10-02 06:39:14,874] {dag.py:2280} INFO - Setting next_dagrun for latest_only to 2021-09-30 00:00:00+00:00
[2021-10-02 06:39:14,880] {scheduler_job.py:190} INFO - Processing /usr/local/lib/python3.6/dist-packages/airflow/example_dags/example_latest_only.py took 0.033 seconds
