[2021-10-02 06:31:45,325] {scheduler_job.py:182} INFO - Started process (PID=69) to work on /usr/local/lib/python3.6/dist-packages/airflow/example_dags/example_trigger_target_dag.py
[2021-10-02 06:31:45,326] {scheduler_job.py:629} INFO - Processing file /usr/local/lib/python3.6/dist-packages/airflow/example_dags/example_trigger_target_dag.py for tasks to queue
[2021-10-02 06:31:45,326] {logging_mixin.py:104} INFO - [2021-10-02 06:31:45,326] {dagbag.py:451} INFO - Filling up the DagBag from /usr/local/lib/python3.6/dist-packages/airflow/example_dags/example_trigger_target_dag.py
[2021-10-02 06:31:45,332] {scheduler_job.py:639} INFO - DAG(s) dict_keys(['example_trigger_target_dag']) retrieved from /usr/local/lib/python3.6/dist-packages/airflow/example_dags/example_trigger_target_dag.py
[2021-10-02 06:31:45,340] {logging_mixin.py:104} INFO - [2021-10-02 06:31:45,340] {dag.py:1824} INFO - Sync 1 DAGs
[2021-10-02 06:31:45,352] {logging_mixin.py:104} INFO - [2021-10-02 06:31:45,352] {dag.py:2280} INFO - Setting next_dagrun for example_trigger_target_dag to None
[2021-10-02 06:31:45,360] {scheduler_job.py:190} INFO - Processing /usr/local/lib/python3.6/dist-packages/airflow/example_dags/example_trigger_target_dag.py took 0.036 seconds
[2021-10-02 06:32:16,334] {scheduler_job.py:182} INFO - Started process (PID=224) to work on /usr/local/lib/python3.6/dist-packages/airflow/example_dags/example_trigger_target_dag.py
[2021-10-02 06:32:16,335] {scheduler_job.py:629} INFO - Processing file /usr/local/lib/python3.6/dist-packages/airflow/example_dags/example_trigger_target_dag.py for tasks to queue
[2021-10-02 06:32:16,335] {logging_mixin.py:104} INFO - [2021-10-02 06:32:16,335] {dagbag.py:451} INFO - Filling up the DagBag from /usr/local/lib/python3.6/dist-packages/airflow/example_dags/example_trigger_target_dag.py
[2021-10-02 06:32:16,341] {scheduler_job.py:639} INFO - DAG(s) dict_keys(['example_trigger_target_dag']) retrieved from /usr/local/lib/python3.6/dist-packages/airflow/example_dags/example_trigger_target_dag.py
[2021-10-02 06:32:16,353] {logging_mixin.py:104} INFO - [2021-10-02 06:32:16,353] {dag.py:1824} INFO - Sync 1 DAGs
[2021-10-02 06:32:16,363] {logging_mixin.py:104} INFO - [2021-10-02 06:32:16,362] {dag.py:2280} INFO - Setting next_dagrun for example_trigger_target_dag to None
[2021-10-02 06:32:16,369] {scheduler_job.py:190} INFO - Processing /usr/local/lib/python3.6/dist-packages/airflow/example_dags/example_trigger_target_dag.py took 0.036 seconds
[2021-10-02 06:32:46,725] {scheduler_job.py:182} INFO - Started process (PID=300) to work on /usr/local/lib/python3.6/dist-packages/airflow/example_dags/example_trigger_target_dag.py
[2021-10-02 06:32:46,725] {scheduler_job.py:629} INFO - Processing file /usr/local/lib/python3.6/dist-packages/airflow/example_dags/example_trigger_target_dag.py for tasks to queue
[2021-10-02 06:32:46,725] {logging_mixin.py:104} INFO - [2021-10-02 06:32:46,725] {dagbag.py:451} INFO - Filling up the DagBag from /usr/local/lib/python3.6/dist-packages/airflow/example_dags/example_trigger_target_dag.py
[2021-10-02 06:32:46,731] {scheduler_job.py:639} INFO - DAG(s) dict_keys(['example_trigger_target_dag']) retrieved from /usr/local/lib/python3.6/dist-packages/airflow/example_dags/example_trigger_target_dag.py
[2021-10-02 06:32:46,743] {logging_mixin.py:104} INFO - [2021-10-02 06:32:46,743] {dag.py:1824} INFO - Sync 1 DAGs
[2021-10-02 06:32:46,753] {logging_mixin.py:104} INFO - [2021-10-02 06:32:46,753] {dag.py:2280} INFO - Setting next_dagrun for example_trigger_target_dag to None
[2021-10-02 06:32:46,760] {scheduler_job.py:190} INFO - Processing /usr/local/lib/python3.6/dist-packages/airflow/example_dags/example_trigger_target_dag.py took 0.037 seconds
[2021-10-02 06:33:17,447] {scheduler_job.py:182} INFO - Started process (PID=375) to work on /usr/local/lib/python3.6/dist-packages/airflow/example_dags/example_trigger_target_dag.py
[2021-10-02 06:33:17,447] {scheduler_job.py:629} INFO - Processing file /usr/local/lib/python3.6/dist-packages/airflow/example_dags/example_trigger_target_dag.py for tasks to queue
[2021-10-02 06:33:17,447] {logging_mixin.py:104} INFO - [2021-10-02 06:33:17,447] {dagbag.py:451} INFO - Filling up the DagBag from /usr/local/lib/python3.6/dist-packages/airflow/example_dags/example_trigger_target_dag.py
[2021-10-02 06:33:17,453] {scheduler_job.py:639} INFO - DAG(s) dict_keys(['example_trigger_target_dag']) retrieved from /usr/local/lib/python3.6/dist-packages/airflow/example_dags/example_trigger_target_dag.py
[2021-10-02 06:33:17,464] {logging_mixin.py:104} INFO - [2021-10-02 06:33:17,464] {dag.py:1824} INFO - Sync 1 DAGs
[2021-10-02 06:33:17,472] {logging_mixin.py:104} INFO - [2021-10-02 06:33:17,472] {dag.py:2280} INFO - Setting next_dagrun for example_trigger_target_dag to None
[2021-10-02 06:33:17,479] {scheduler_job.py:190} INFO - Processing /usr/local/lib/python3.6/dist-packages/airflow/example_dags/example_trigger_target_dag.py took 0.034 seconds
[2021-10-02 06:33:48,083] {scheduler_job.py:182} INFO - Started process (PID=454) to work on /usr/local/lib/python3.6/dist-packages/airflow/example_dags/example_trigger_target_dag.py
[2021-10-02 06:33:48,084] {scheduler_job.py:629} INFO - Processing file /usr/local/lib/python3.6/dist-packages/airflow/example_dags/example_trigger_target_dag.py for tasks to queue
[2021-10-02 06:33:48,084] {logging_mixin.py:104} INFO - [2021-10-02 06:33:48,084] {dagbag.py:451} INFO - Filling up the DagBag from /usr/local/lib/python3.6/dist-packages/airflow/example_dags/example_trigger_target_dag.py
[2021-10-02 06:33:48,093] {scheduler_job.py:639} INFO - DAG(s) dict_keys(['example_trigger_target_dag']) retrieved from /usr/local/lib/python3.6/dist-packages/airflow/example_dags/example_trigger_target_dag.py
[2021-10-02 06:33:48,107] {logging_mixin.py:104} INFO - [2021-10-02 06:33:48,107] {dag.py:1824} INFO - Sync 1 DAGs
[2021-10-02 06:33:48,119] {logging_mixin.py:104} INFO - [2021-10-02 06:33:48,119] {dag.py:2280} INFO - Setting next_dagrun for example_trigger_target_dag to None
[2021-10-02 06:33:48,127] {scheduler_job.py:190} INFO - Processing /usr/local/lib/python3.6/dist-packages/airflow/example_dags/example_trigger_target_dag.py took 0.045 seconds
[2021-10-02 06:34:18,760] {scheduler_job.py:182} INFO - Started process (PID=535) to work on /usr/local/lib/python3.6/dist-packages/airflow/example_dags/example_trigger_target_dag.py
[2021-10-02 06:34:18,761] {scheduler_job.py:629} INFO - Processing file /usr/local/lib/python3.6/dist-packages/airflow/example_dags/example_trigger_target_dag.py for tasks to queue
[2021-10-02 06:34:18,761] {logging_mixin.py:104} INFO - [2021-10-02 06:34:18,761] {dagbag.py:451} INFO - Filling up the DagBag from /usr/local/lib/python3.6/dist-packages/airflow/example_dags/example_trigger_target_dag.py
[2021-10-02 06:34:18,767] {scheduler_job.py:639} INFO - DAG(s) dict_keys(['example_trigger_target_dag']) retrieved from /usr/local/lib/python3.6/dist-packages/airflow/example_dags/example_trigger_target_dag.py
[2021-10-02 06:34:18,782] {logging_mixin.py:104} INFO - [2021-10-02 06:34:18,782] {dag.py:1824} INFO - Sync 1 DAGs
[2021-10-02 06:34:18,794] {logging_mixin.py:104} INFO - [2021-10-02 06:34:18,794] {dag.py:2280} INFO - Setting next_dagrun for example_trigger_target_dag to None
[2021-10-02 06:34:18,800] {scheduler_job.py:190} INFO - Processing /usr/local/lib/python3.6/dist-packages/airflow/example_dags/example_trigger_target_dag.py took 0.041 seconds
[2021-10-02 06:34:49,374] {scheduler_job.py:182} INFO - Started process (PID=612) to work on /usr/local/lib/python3.6/dist-packages/airflow/example_dags/example_trigger_target_dag.py
[2021-10-02 06:34:49,375] {scheduler_job.py:629} INFO - Processing file /usr/local/lib/python3.6/dist-packages/airflow/example_dags/example_trigger_target_dag.py for tasks to queue
[2021-10-02 06:34:49,375] {logging_mixin.py:104} INFO - [2021-10-02 06:34:49,375] {dagbag.py:451} INFO - Filling up the DagBag from /usr/local/lib/python3.6/dist-packages/airflow/example_dags/example_trigger_target_dag.py
[2021-10-02 06:34:49,381] {scheduler_job.py:639} INFO - DAG(s) dict_keys(['example_trigger_target_dag']) retrieved from /usr/local/lib/python3.6/dist-packages/airflow/example_dags/example_trigger_target_dag.py
[2021-10-02 06:34:49,393] {logging_mixin.py:104} INFO - [2021-10-02 06:34:49,393] {dag.py:1824} INFO - Sync 1 DAGs
[2021-10-02 06:34:49,402] {logging_mixin.py:104} INFO - [2021-10-02 06:34:49,402] {dag.py:2280} INFO - Setting next_dagrun for example_trigger_target_dag to None
[2021-10-02 06:34:49,409] {scheduler_job.py:190} INFO - Processing /usr/local/lib/python3.6/dist-packages/airflow/example_dags/example_trigger_target_dag.py took 0.036 seconds
[2021-10-02 06:35:19,969] {scheduler_job.py:182} INFO - Started process (PID=686) to work on /usr/local/lib/python3.6/dist-packages/airflow/example_dags/example_trigger_target_dag.py
[2021-10-02 06:35:19,969] {scheduler_job.py:629} INFO - Processing file /usr/local/lib/python3.6/dist-packages/airflow/example_dags/example_trigger_target_dag.py for tasks to queue
[2021-10-02 06:35:19,970] {logging_mixin.py:104} INFO - [2021-10-02 06:35:19,970] {dagbag.py:451} INFO - Filling up the DagBag from /usr/local/lib/python3.6/dist-packages/airflow/example_dags/example_trigger_target_dag.py
[2021-10-02 06:35:19,979] {scheduler_job.py:639} INFO - DAG(s) dict_keys(['example_trigger_target_dag']) retrieved from /usr/local/lib/python3.6/dist-packages/airflow/example_dags/example_trigger_target_dag.py
[2021-10-02 06:35:19,997] {logging_mixin.py:104} INFO - [2021-10-02 06:35:19,997] {dag.py:1824} INFO - Sync 1 DAGs
[2021-10-02 06:35:20,013] {logging_mixin.py:104} INFO - [2021-10-02 06:35:20,012] {dag.py:2280} INFO - Setting next_dagrun for example_trigger_target_dag to None
[2021-10-02 06:35:20,023] {scheduler_job.py:190} INFO - Processing /usr/local/lib/python3.6/dist-packages/airflow/example_dags/example_trigger_target_dag.py took 0.057 seconds
[2021-10-02 06:35:56,647] {scheduler_job.py:182} INFO - Started process (PID=43) to work on /usr/local/lib/python3.6/dist-packages/airflow/example_dags/example_trigger_target_dag.py
[2021-10-02 06:35:56,648] {scheduler_job.py:629} INFO - Processing file /usr/local/lib/python3.6/dist-packages/airflow/example_dags/example_trigger_target_dag.py for tasks to queue
[2021-10-02 06:35:56,648] {logging_mixin.py:104} INFO - [2021-10-02 06:35:56,648] {dagbag.py:451} INFO - Filling up the DagBag from /usr/local/lib/python3.6/dist-packages/airflow/example_dags/example_trigger_target_dag.py
[2021-10-02 06:35:56,657] {scheduler_job.py:639} INFO - DAG(s) dict_keys(['example_trigger_target_dag']) retrieved from /usr/local/lib/python3.6/dist-packages/airflow/example_dags/example_trigger_target_dag.py
[2021-10-02 06:35:56,676] {logging_mixin.py:104} INFO - [2021-10-02 06:35:56,675] {dag.py:1824} INFO - Sync 1 DAGs
[2021-10-02 06:35:56,689] {logging_mixin.py:104} INFO - [2021-10-02 06:35:56,689] {dag.py:2280} INFO - Setting next_dagrun for example_trigger_target_dag to None
[2021-10-02 06:35:56,698] {scheduler_job.py:190} INFO - Processing /usr/local/lib/python3.6/dist-packages/airflow/example_dags/example_trigger_target_dag.py took 0.053 seconds
[2021-10-02 06:36:45,400] {scheduler_job.py:182} INFO - Started process (PID=88) to work on /usr/local/lib/python3.6/dist-packages/airflow/example_dags/example_trigger_target_dag.py
[2021-10-02 06:36:45,401] {scheduler_job.py:629} INFO - Processing file /usr/local/lib/python3.6/dist-packages/airflow/example_dags/example_trigger_target_dag.py for tasks to queue
[2021-10-02 06:36:45,401] {logging_mixin.py:104} INFO - [2021-10-02 06:36:45,401] {dagbag.py:451} INFO - Filling up the DagBag from /usr/local/lib/python3.6/dist-packages/airflow/example_dags/example_trigger_target_dag.py
[2021-10-02 06:36:45,418] {scheduler_job.py:639} INFO - DAG(s) dict_keys(['example_trigger_target_dag']) retrieved from /usr/local/lib/python3.6/dist-packages/airflow/example_dags/example_trigger_target_dag.py
[2021-10-02 06:36:45,450] {logging_mixin.py:104} INFO - [2021-10-02 06:36:45,450] {dag.py:1824} INFO - Sync 1 DAGs
[2021-10-02 06:36:45,460] {logging_mixin.py:104} INFO - [2021-10-02 06:36:45,460] {dag.py:2280} INFO - Setting next_dagrun for example_trigger_target_dag to None
[2021-10-02 06:36:45,466] {scheduler_job.py:190} INFO - Processing /usr/local/lib/python3.6/dist-packages/airflow/example_dags/example_trigger_target_dag.py took 0.070 seconds
[2021-10-02 06:37:16,411] {scheduler_job.py:182} INFO - Started process (PID=203) to work on /usr/local/lib/python3.6/dist-packages/airflow/example_dags/example_trigger_target_dag.py
[2021-10-02 06:37:16,411] {scheduler_job.py:629} INFO - Processing file /usr/local/lib/python3.6/dist-packages/airflow/example_dags/example_trigger_target_dag.py for tasks to queue
[2021-10-02 06:37:16,412] {logging_mixin.py:104} INFO - [2021-10-02 06:37:16,412] {dagbag.py:451} INFO - Filling up the DagBag from /usr/local/lib/python3.6/dist-packages/airflow/example_dags/example_trigger_target_dag.py
[2021-10-02 06:37:16,421] {scheduler_job.py:639} INFO - DAG(s) dict_keys(['example_trigger_target_dag']) retrieved from /usr/local/lib/python3.6/dist-packages/airflow/example_dags/example_trigger_target_dag.py
[2021-10-02 06:37:16,436] {logging_mixin.py:104} INFO - [2021-10-02 06:37:16,435] {dag.py:1824} INFO - Sync 1 DAGs
[2021-10-02 06:37:16,454] {logging_mixin.py:104} INFO - [2021-10-02 06:37:16,454] {dag.py:2280} INFO - Setting next_dagrun for example_trigger_target_dag to None
[2021-10-02 06:37:16,463] {scheduler_job.py:190} INFO - Processing /usr/local/lib/python3.6/dist-packages/airflow/example_dags/example_trigger_target_dag.py took 0.054 seconds
[2021-10-02 06:37:41,605] {scheduler_job.py:182} INFO - Started process (PID=48) to work on /usr/local/lib/python3.6/dist-packages/airflow/example_dags/example_trigger_target_dag.py
[2021-10-02 06:37:41,605] {scheduler_job.py:629} INFO - Processing file /usr/local/lib/python3.6/dist-packages/airflow/example_dags/example_trigger_target_dag.py for tasks to queue
[2021-10-02 06:37:41,606] {logging_mixin.py:104} INFO - [2021-10-02 06:37:41,606] {dagbag.py:451} INFO - Filling up the DagBag from /usr/local/lib/python3.6/dist-packages/airflow/example_dags/example_trigger_target_dag.py
[2021-10-02 06:37:41,614] {scheduler_job.py:639} INFO - DAG(s) dict_keys(['example_trigger_target_dag']) retrieved from /usr/local/lib/python3.6/dist-packages/airflow/example_dags/example_trigger_target_dag.py
[2021-10-02 06:37:41,632] {logging_mixin.py:104} INFO - [2021-10-02 06:37:41,632] {dag.py:1824} INFO - Sync 1 DAGs
[2021-10-02 06:37:41,644] {logging_mixin.py:104} INFO - [2021-10-02 06:37:41,644] {dag.py:2280} INFO - Setting next_dagrun for example_trigger_target_dag to None
[2021-10-02 06:37:41,652] {scheduler_job.py:190} INFO - Processing /usr/local/lib/python3.6/dist-packages/airflow/example_dags/example_trigger_target_dag.py took 0.049 seconds
[2021-10-02 06:38:12,055] {scheduler_job.py:182} INFO - Started process (PID=188) to work on /usr/local/lib/python3.6/dist-packages/airflow/example_dags/example_trigger_target_dag.py
[2021-10-02 06:38:12,056] {scheduler_job.py:629} INFO - Processing file /usr/local/lib/python3.6/dist-packages/airflow/example_dags/example_trigger_target_dag.py for tasks to queue
[2021-10-02 06:38:12,056] {logging_mixin.py:104} INFO - [2021-10-02 06:38:12,056] {dagbag.py:451} INFO - Filling up the DagBag from /usr/local/lib/python3.6/dist-packages/airflow/example_dags/example_trigger_target_dag.py
[2021-10-02 06:38:12,062] {scheduler_job.py:639} INFO - DAG(s) dict_keys(['example_trigger_target_dag']) retrieved from /usr/local/lib/python3.6/dist-packages/airflow/example_dags/example_trigger_target_dag.py
[2021-10-02 06:38:12,073] {logging_mixin.py:104} INFO - [2021-10-02 06:38:12,073] {dag.py:1824} INFO - Sync 1 DAGs
[2021-10-02 06:38:12,081] {logging_mixin.py:104} INFO - [2021-10-02 06:38:12,081] {dag.py:2280} INFO - Setting next_dagrun for example_trigger_target_dag to None
[2021-10-02 06:38:12,087] {scheduler_job.py:190} INFO - Processing /usr/local/lib/python3.6/dist-packages/airflow/example_dags/example_trigger_target_dag.py took 0.033 seconds
[2021-10-02 06:38:42,601] {scheduler_job.py:182} INFO - Started process (PID=268) to work on /usr/local/lib/python3.6/dist-packages/airflow/example_dags/example_trigger_target_dag.py
[2021-10-02 06:38:42,602] {scheduler_job.py:629} INFO - Processing file /usr/local/lib/python3.6/dist-packages/airflow/example_dags/example_trigger_target_dag.py for tasks to queue
[2021-10-02 06:38:42,602] {logging_mixin.py:104} INFO - [2021-10-02 06:38:42,602] {dagbag.py:451} INFO - Filling up the DagBag from /usr/local/lib/python3.6/dist-packages/airflow/example_dags/example_trigger_target_dag.py
[2021-10-02 06:38:42,609] {scheduler_job.py:639} INFO - DAG(s) dict_keys(['example_trigger_target_dag']) retrieved from /usr/local/lib/python3.6/dist-packages/airflow/example_dags/example_trigger_target_dag.py
[2021-10-02 06:38:42,620] {logging_mixin.py:104} INFO - [2021-10-02 06:38:42,620] {dag.py:1824} INFO - Sync 1 DAGs
[2021-10-02 06:38:42,630] {logging_mixin.py:104} INFO - [2021-10-02 06:38:42,630] {dag.py:2280} INFO - Setting next_dagrun for example_trigger_target_dag to None
[2021-10-02 06:38:42,637] {scheduler_job.py:190} INFO - Processing /usr/local/lib/python3.6/dist-packages/airflow/example_dags/example_trigger_target_dag.py took 0.037 seconds
[2021-10-02 06:39:13,358] {scheduler_job.py:182} INFO - Started process (PID=346) to work on /usr/local/lib/python3.6/dist-packages/airflow/example_dags/example_trigger_target_dag.py
[2021-10-02 06:39:13,359] {scheduler_job.py:629} INFO - Processing file /usr/local/lib/python3.6/dist-packages/airflow/example_dags/example_trigger_target_dag.py for tasks to queue
[2021-10-02 06:39:13,359] {logging_mixin.py:104} INFO - [2021-10-02 06:39:13,359] {dagbag.py:451} INFO - Filling up the DagBag from /usr/local/lib/python3.6/dist-packages/airflow/example_dags/example_trigger_target_dag.py
[2021-10-02 06:39:13,368] {scheduler_job.py:639} INFO - DAG(s) dict_keys(['example_trigger_target_dag']) retrieved from /usr/local/lib/python3.6/dist-packages/airflow/example_dags/example_trigger_target_dag.py
[2021-10-02 06:39:13,381] {logging_mixin.py:104} INFO - [2021-10-02 06:39:13,381] {dag.py:1824} INFO - Sync 1 DAGs
[2021-10-02 06:39:13,392] {logging_mixin.py:104} INFO - [2021-10-02 06:39:13,392] {dag.py:2280} INFO - Setting next_dagrun for example_trigger_target_dag to None
[2021-10-02 06:39:13,398] {scheduler_job.py:190} INFO - Processing /usr/local/lib/python3.6/dist-packages/airflow/example_dags/example_trigger_target_dag.py took 0.042 seconds
