[2021-10-02 06:31:45,370] {scheduler_job.py:182} INFO - Started process (PID=70) to work on /usr/local/lib/python3.6/dist-packages/airflow/example_dags/example_python_operator.py
[2021-10-02 06:31:45,371] {scheduler_job.py:629} INFO - Processing file /usr/local/lib/python3.6/dist-packages/airflow/example_dags/example_python_operator.py for tasks to queue
[2021-10-02 06:31:45,372] {logging_mixin.py:104} INFO - [2021-10-02 06:31:45,372] {dagbag.py:451} INFO - Filling up the DagBag from /usr/local/lib/python3.6/dist-packages/airflow/example_dags/example_python_operator.py
[2021-10-02 06:31:45,381] {scheduler_job.py:639} INFO - DAG(s) dict_keys(['example_python_operator']) retrieved from /usr/local/lib/python3.6/dist-packages/airflow/example_dags/example_python_operator.py
[2021-10-02 06:31:45,389] {logging_mixin.py:104} INFO - [2021-10-02 06:31:45,389] {dag.py:1824} INFO - Sync 1 DAGs
[2021-10-02 06:31:45,398] {logging_mixin.py:104} INFO - [2021-10-02 06:31:45,398] {dag.py:2280} INFO - Setting next_dagrun for example_python_operator to None
[2021-10-02 06:31:45,403] {scheduler_job.py:190} INFO - Processing /usr/local/lib/python3.6/dist-packages/airflow/example_dags/example_python_operator.py took 0.035 seconds
[2021-10-02 06:32:16,293] {scheduler_job.py:182} INFO - Started process (PID=223) to work on /usr/local/lib/python3.6/dist-packages/airflow/example_dags/example_python_operator.py
[2021-10-02 06:32:16,294] {scheduler_job.py:629} INFO - Processing file /usr/local/lib/python3.6/dist-packages/airflow/example_dags/example_python_operator.py for tasks to queue
[2021-10-02 06:32:16,294] {logging_mixin.py:104} INFO - [2021-10-02 06:32:16,294] {dagbag.py:451} INFO - Filling up the DagBag from /usr/local/lib/python3.6/dist-packages/airflow/example_dags/example_python_operator.py
[2021-10-02 06:32:16,300] {scheduler_job.py:639} INFO - DAG(s) dict_keys(['example_python_operator']) retrieved from /usr/local/lib/python3.6/dist-packages/airflow/example_dags/example_python_operator.py
[2021-10-02 06:32:16,310] {logging_mixin.py:104} INFO - [2021-10-02 06:32:16,310] {dag.py:1824} INFO - Sync 1 DAGs
[2021-10-02 06:32:16,318] {logging_mixin.py:104} INFO - [2021-10-02 06:32:16,318] {dag.py:2280} INFO - Setting next_dagrun for example_python_operator to None
[2021-10-02 06:32:16,327] {scheduler_job.py:190} INFO - Processing /usr/local/lib/python3.6/dist-packages/airflow/example_dags/example_python_operator.py took 0.036 seconds
[2021-10-02 06:32:46,767] {scheduler_job.py:182} INFO - Started process (PID=301) to work on /usr/local/lib/python3.6/dist-packages/airflow/example_dags/example_python_operator.py
[2021-10-02 06:32:46,768] {scheduler_job.py:629} INFO - Processing file /usr/local/lib/python3.6/dist-packages/airflow/example_dags/example_python_operator.py for tasks to queue
[2021-10-02 06:32:46,768] {logging_mixin.py:104} INFO - [2021-10-02 06:32:46,768] {dagbag.py:451} INFO - Filling up the DagBag from /usr/local/lib/python3.6/dist-packages/airflow/example_dags/example_python_operator.py
[2021-10-02 06:32:46,775] {scheduler_job.py:639} INFO - DAG(s) dict_keys(['example_python_operator']) retrieved from /usr/local/lib/python3.6/dist-packages/airflow/example_dags/example_python_operator.py
[2021-10-02 06:32:46,786] {logging_mixin.py:104} INFO - [2021-10-02 06:32:46,786] {dag.py:1824} INFO - Sync 1 DAGs
[2021-10-02 06:32:46,794] {logging_mixin.py:104} INFO - [2021-10-02 06:32:46,794] {dag.py:2280} INFO - Setting next_dagrun for example_python_operator to None
[2021-10-02 06:32:46,799] {scheduler_job.py:190} INFO - Processing /usr/local/lib/python3.6/dist-packages/airflow/example_dags/example_python_operator.py took 0.033 seconds
[2021-10-02 06:33:17,487] {scheduler_job.py:182} INFO - Started process (PID=376) to work on /usr/local/lib/python3.6/dist-packages/airflow/example_dags/example_python_operator.py
[2021-10-02 06:33:17,488] {scheduler_job.py:629} INFO - Processing file /usr/local/lib/python3.6/dist-packages/airflow/example_dags/example_python_operator.py for tasks to queue
[2021-10-02 06:33:17,488] {logging_mixin.py:104} INFO - [2021-10-02 06:33:17,488] {dagbag.py:451} INFO - Filling up the DagBag from /usr/local/lib/python3.6/dist-packages/airflow/example_dags/example_python_operator.py
[2021-10-02 06:33:17,495] {scheduler_job.py:639} INFO - DAG(s) dict_keys(['example_python_operator']) retrieved from /usr/local/lib/python3.6/dist-packages/airflow/example_dags/example_python_operator.py
[2021-10-02 06:33:17,507] {logging_mixin.py:104} INFO - [2021-10-02 06:33:17,507] {dag.py:1824} INFO - Sync 1 DAGs
[2021-10-02 06:33:17,518] {logging_mixin.py:104} INFO - [2021-10-02 06:33:17,518] {dag.py:2280} INFO - Setting next_dagrun for example_python_operator to None
[2021-10-02 06:33:17,524] {scheduler_job.py:190} INFO - Processing /usr/local/lib/python3.6/dist-packages/airflow/example_dags/example_python_operator.py took 0.039 seconds
[2021-10-02 06:33:48,136] {scheduler_job.py:182} INFO - Started process (PID=455) to work on /usr/local/lib/python3.6/dist-packages/airflow/example_dags/example_python_operator.py
[2021-10-02 06:33:48,136] {scheduler_job.py:629} INFO - Processing file /usr/local/lib/python3.6/dist-packages/airflow/example_dags/example_python_operator.py for tasks to queue
[2021-10-02 06:33:48,137] {logging_mixin.py:104} INFO - [2021-10-02 06:33:48,137] {dagbag.py:451} INFO - Filling up the DagBag from /usr/local/lib/python3.6/dist-packages/airflow/example_dags/example_python_operator.py
[2021-10-02 06:33:48,145] {scheduler_job.py:639} INFO - DAG(s) dict_keys(['example_python_operator']) retrieved from /usr/local/lib/python3.6/dist-packages/airflow/example_dags/example_python_operator.py
[2021-10-02 06:33:48,158] {logging_mixin.py:104} INFO - [2021-10-02 06:33:48,158] {dag.py:1824} INFO - Sync 1 DAGs
[2021-10-02 06:33:48,169] {logging_mixin.py:104} INFO - [2021-10-02 06:33:48,169] {dag.py:2280} INFO - Setting next_dagrun for example_python_operator to None
[2021-10-02 06:33:48,176] {scheduler_job.py:190} INFO - Processing /usr/local/lib/python3.6/dist-packages/airflow/example_dags/example_python_operator.py took 0.042 seconds
[2021-10-02 06:34:18,812] {scheduler_job.py:182} INFO - Started process (PID=536) to work on /usr/local/lib/python3.6/dist-packages/airflow/example_dags/example_python_operator.py
[2021-10-02 06:34:18,812] {scheduler_job.py:629} INFO - Processing file /usr/local/lib/python3.6/dist-packages/airflow/example_dags/example_python_operator.py for tasks to queue
[2021-10-02 06:34:18,812] {logging_mixin.py:104} INFO - [2021-10-02 06:34:18,812] {dagbag.py:451} INFO - Filling up the DagBag from /usr/local/lib/python3.6/dist-packages/airflow/example_dags/example_python_operator.py
[2021-10-02 06:34:18,824] {scheduler_job.py:639} INFO - DAG(s) dict_keys(['example_python_operator']) retrieved from /usr/local/lib/python3.6/dist-packages/airflow/example_dags/example_python_operator.py
[2021-10-02 06:34:18,839] {logging_mixin.py:104} INFO - [2021-10-02 06:34:18,839] {dag.py:1824} INFO - Sync 1 DAGs
[2021-10-02 06:34:18,847] {logging_mixin.py:104} INFO - [2021-10-02 06:34:18,847] {dag.py:2280} INFO - Setting next_dagrun for example_python_operator to None
[2021-10-02 06:34:18,856] {scheduler_job.py:190} INFO - Processing /usr/local/lib/python3.6/dist-packages/airflow/example_dags/example_python_operator.py took 0.046 seconds
[2021-10-02 06:34:49,417] {scheduler_job.py:182} INFO - Started process (PID=613) to work on /usr/local/lib/python3.6/dist-packages/airflow/example_dags/example_python_operator.py
[2021-10-02 06:34:49,418] {scheduler_job.py:629} INFO - Processing file /usr/local/lib/python3.6/dist-packages/airflow/example_dags/example_python_operator.py for tasks to queue
[2021-10-02 06:34:49,418] {logging_mixin.py:104} INFO - [2021-10-02 06:34:49,418] {dagbag.py:451} INFO - Filling up the DagBag from /usr/local/lib/python3.6/dist-packages/airflow/example_dags/example_python_operator.py
[2021-10-02 06:34:49,426] {scheduler_job.py:639} INFO - DAG(s) dict_keys(['example_python_operator']) retrieved from /usr/local/lib/python3.6/dist-packages/airflow/example_dags/example_python_operator.py
[2021-10-02 06:34:49,438] {logging_mixin.py:104} INFO - [2021-10-02 06:34:49,438] {dag.py:1824} INFO - Sync 1 DAGs
[2021-10-02 06:34:49,446] {logging_mixin.py:104} INFO - [2021-10-02 06:34:49,446] {dag.py:2280} INFO - Setting next_dagrun for example_python_operator to None
[2021-10-02 06:34:49,451] {scheduler_job.py:190} INFO - Processing /usr/local/lib/python3.6/dist-packages/airflow/example_dags/example_python_operator.py took 0.036 seconds
[2021-10-02 06:35:20,037] {scheduler_job.py:182} INFO - Started process (PID=687) to work on /usr/local/lib/python3.6/dist-packages/airflow/example_dags/example_python_operator.py
[2021-10-02 06:35:20,038] {scheduler_job.py:629} INFO - Processing file /usr/local/lib/python3.6/dist-packages/airflow/example_dags/example_python_operator.py for tasks to queue
[2021-10-02 06:35:20,039] {logging_mixin.py:104} INFO - [2021-10-02 06:35:20,039] {dagbag.py:451} INFO - Filling up the DagBag from /usr/local/lib/python3.6/dist-packages/airflow/example_dags/example_python_operator.py
[2021-10-02 06:35:20,049] {scheduler_job.py:639} INFO - DAG(s) dict_keys(['example_python_operator']) retrieved from /usr/local/lib/python3.6/dist-packages/airflow/example_dags/example_python_operator.py
[2021-10-02 06:35:20,066] {logging_mixin.py:104} INFO - [2021-10-02 06:35:20,066] {dag.py:1824} INFO - Sync 1 DAGs
[2021-10-02 06:35:20,079] {logging_mixin.py:104} INFO - [2021-10-02 06:35:20,079] {dag.py:2280} INFO - Setting next_dagrun for example_python_operator to None
[2021-10-02 06:35:20,086] {scheduler_job.py:190} INFO - Processing /usr/local/lib/python3.6/dist-packages/airflow/example_dags/example_python_operator.py took 0.052 seconds
[2021-10-02 06:35:56,760] {scheduler_job.py:182} INFO - Started process (PID=48) to work on /usr/local/lib/python3.6/dist-packages/airflow/example_dags/example_python_operator.py
[2021-10-02 06:35:56,761] {scheduler_job.py:629} INFO - Processing file /usr/local/lib/python3.6/dist-packages/airflow/example_dags/example_python_operator.py for tasks to queue
[2021-10-02 06:35:56,761] {logging_mixin.py:104} INFO - [2021-10-02 06:35:56,761] {dagbag.py:451} INFO - Filling up the DagBag from /usr/local/lib/python3.6/dist-packages/airflow/example_dags/example_python_operator.py
[2021-10-02 06:35:56,768] {scheduler_job.py:639} INFO - DAG(s) dict_keys(['example_python_operator']) retrieved from /usr/local/lib/python3.6/dist-packages/airflow/example_dags/example_python_operator.py
[2021-10-02 06:35:56,779] {logging_mixin.py:104} INFO - [2021-10-02 06:35:56,779] {dag.py:1824} INFO - Sync 1 DAGs
[2021-10-02 06:35:56,787] {logging_mixin.py:104} INFO - [2021-10-02 06:35:56,787] {dag.py:2280} INFO - Setting next_dagrun for example_python_operator to None
[2021-10-02 06:35:56,792] {scheduler_job.py:190} INFO - Processing /usr/local/lib/python3.6/dist-packages/airflow/example_dags/example_python_operator.py took 0.033 seconds
[2021-10-02 06:36:44,898] {scheduler_job.py:182} INFO - Started process (PID=66) to work on /usr/local/lib/python3.6/dist-packages/airflow/example_dags/example_python_operator.py
[2021-10-02 06:36:44,899] {scheduler_job.py:629} INFO - Processing file /usr/local/lib/python3.6/dist-packages/airflow/example_dags/example_python_operator.py for tasks to queue
[2021-10-02 06:36:44,899] {logging_mixin.py:104} INFO - [2021-10-02 06:36:44,899] {dagbag.py:451} INFO - Filling up the DagBag from /usr/local/lib/python3.6/dist-packages/airflow/example_dags/example_python_operator.py
[2021-10-02 06:36:44,908] {scheduler_job.py:639} INFO - DAG(s) dict_keys(['example_python_operator']) retrieved from /usr/local/lib/python3.6/dist-packages/airflow/example_dags/example_python_operator.py
[2021-10-02 06:36:44,924] {logging_mixin.py:104} INFO - [2021-10-02 06:36:44,924] {dag.py:1824} INFO - Sync 1 DAGs
[2021-10-02 06:36:44,936] {logging_mixin.py:104} INFO - [2021-10-02 06:36:44,935] {dag.py:2280} INFO - Setting next_dagrun for example_python_operator to None
[2021-10-02 06:36:44,943] {scheduler_job.py:190} INFO - Processing /usr/local/lib/python3.6/dist-packages/airflow/example_dags/example_python_operator.py took 0.047 seconds
[2021-10-02 06:37:15,092] {scheduler_job.py:182} INFO - Started process (PID=194) to work on /usr/local/lib/python3.6/dist-packages/airflow/example_dags/example_python_operator.py
[2021-10-02 06:37:15,093] {scheduler_job.py:629} INFO - Processing file /usr/local/lib/python3.6/dist-packages/airflow/example_dags/example_python_operator.py for tasks to queue
[2021-10-02 06:37:15,093] {logging_mixin.py:104} INFO - [2021-10-02 06:37:15,093] {dagbag.py:451} INFO - Filling up the DagBag from /usr/local/lib/python3.6/dist-packages/airflow/example_dags/example_python_operator.py
[2021-10-02 06:37:15,104] {scheduler_job.py:639} INFO - DAG(s) dict_keys(['example_python_operator']) retrieved from /usr/local/lib/python3.6/dist-packages/airflow/example_dags/example_python_operator.py
[2021-10-02 06:37:15,122] {logging_mixin.py:104} INFO - [2021-10-02 06:37:15,122] {dag.py:1824} INFO - Sync 1 DAGs
[2021-10-02 06:37:15,133] {logging_mixin.py:104} INFO - [2021-10-02 06:37:15,133] {dag.py:2280} INFO - Setting next_dagrun for example_python_operator to None
[2021-10-02 06:37:15,146] {scheduler_job.py:190} INFO - Processing /usr/local/lib/python3.6/dist-packages/airflow/example_dags/example_python_operator.py took 0.056 seconds
[2021-10-02 06:37:42,164] {scheduler_job.py:182} INFO - Started process (PID=67) to work on /usr/local/lib/python3.6/dist-packages/airflow/example_dags/example_python_operator.py
[2021-10-02 06:37:42,164] {scheduler_job.py:629} INFO - Processing file /usr/local/lib/python3.6/dist-packages/airflow/example_dags/example_python_operator.py for tasks to queue
[2021-10-02 06:37:42,165] {logging_mixin.py:104} INFO - [2021-10-02 06:37:42,165] {dagbag.py:451} INFO - Filling up the DagBag from /usr/local/lib/python3.6/dist-packages/airflow/example_dags/example_python_operator.py
[2021-10-02 06:37:42,174] {scheduler_job.py:639} INFO - DAG(s) dict_keys(['example_python_operator']) retrieved from /usr/local/lib/python3.6/dist-packages/airflow/example_dags/example_python_operator.py
[2021-10-02 06:37:42,190] {logging_mixin.py:104} INFO - [2021-10-02 06:37:42,190] {dag.py:1824} INFO - Sync 1 DAGs
[2021-10-02 06:37:42,207] {logging_mixin.py:104} INFO - [2021-10-02 06:37:42,207] {dag.py:2280} INFO - Setting next_dagrun for example_python_operator to None
[2021-10-02 06:37:42,219] {scheduler_job.py:190} INFO - Processing /usr/local/lib/python3.6/dist-packages/airflow/example_dags/example_python_operator.py took 0.058 seconds
[2021-10-02 06:38:12,247] {scheduler_job.py:182} INFO - Started process (PID=197) to work on /usr/local/lib/python3.6/dist-packages/airflow/example_dags/example_python_operator.py
[2021-10-02 06:38:12,247] {scheduler_job.py:629} INFO - Processing file /usr/local/lib/python3.6/dist-packages/airflow/example_dags/example_python_operator.py for tasks to queue
[2021-10-02 06:38:12,248] {logging_mixin.py:104} INFO - [2021-10-02 06:38:12,248] {dagbag.py:451} INFO - Filling up the DagBag from /usr/local/lib/python3.6/dist-packages/airflow/example_dags/example_python_operator.py
[2021-10-02 06:38:12,254] {scheduler_job.py:639} INFO - DAG(s) dict_keys(['example_python_operator']) retrieved from /usr/local/lib/python3.6/dist-packages/airflow/example_dags/example_python_operator.py
[2021-10-02 06:38:12,268] {logging_mixin.py:104} INFO - [2021-10-02 06:38:12,268] {dag.py:1824} INFO - Sync 1 DAGs
[2021-10-02 06:38:12,278] {logging_mixin.py:104} INFO - [2021-10-02 06:38:12,278] {dag.py:2280} INFO - Setting next_dagrun for example_python_operator to None
[2021-10-02 06:38:12,284] {scheduler_job.py:190} INFO - Processing /usr/local/lib/python3.6/dist-packages/airflow/example_dags/example_python_operator.py took 0.039 seconds
[2021-10-02 06:38:42,644] {scheduler_job.py:182} INFO - Started process (PID=269) to work on /usr/local/lib/python3.6/dist-packages/airflow/example_dags/example_python_operator.py
[2021-10-02 06:38:42,645] {scheduler_job.py:629} INFO - Processing file /usr/local/lib/python3.6/dist-packages/airflow/example_dags/example_python_operator.py for tasks to queue
[2021-10-02 06:38:42,645] {logging_mixin.py:104} INFO - [2021-10-02 06:38:42,645] {dagbag.py:451} INFO - Filling up the DagBag from /usr/local/lib/python3.6/dist-packages/airflow/example_dags/example_python_operator.py
[2021-10-02 06:38:42,652] {scheduler_job.py:639} INFO - DAG(s) dict_keys(['example_python_operator']) retrieved from /usr/local/lib/python3.6/dist-packages/airflow/example_dags/example_python_operator.py
[2021-10-02 06:38:42,664] {logging_mixin.py:104} INFO - [2021-10-02 06:38:42,664] {dag.py:1824} INFO - Sync 1 DAGs
[2021-10-02 06:38:42,674] {logging_mixin.py:104} INFO - [2021-10-02 06:38:42,674] {dag.py:2280} INFO - Setting next_dagrun for example_python_operator to None
[2021-10-02 06:38:42,681] {scheduler_job.py:190} INFO - Processing /usr/local/lib/python3.6/dist-packages/airflow/example_dags/example_python_operator.py took 0.038 seconds
[2021-10-02 06:39:13,399] {scheduler_job.py:182} INFO - Started process (PID=347) to work on /usr/local/lib/python3.6/dist-packages/airflow/example_dags/example_python_operator.py
[2021-10-02 06:39:13,400] {scheduler_job.py:629} INFO - Processing file /usr/local/lib/python3.6/dist-packages/airflow/example_dags/example_python_operator.py for tasks to queue
[2021-10-02 06:39:13,400] {logging_mixin.py:104} INFO - [2021-10-02 06:39:13,400] {dagbag.py:451} INFO - Filling up the DagBag from /usr/local/lib/python3.6/dist-packages/airflow/example_dags/example_python_operator.py
[2021-10-02 06:39:13,407] {scheduler_job.py:639} INFO - DAG(s) dict_keys(['example_python_operator']) retrieved from /usr/local/lib/python3.6/dist-packages/airflow/example_dags/example_python_operator.py
[2021-10-02 06:39:13,420] {logging_mixin.py:104} INFO - [2021-10-02 06:39:13,420] {dag.py:1824} INFO - Sync 1 DAGs
[2021-10-02 06:39:13,429] {logging_mixin.py:104} INFO - [2021-10-02 06:39:13,429] {dag.py:2280} INFO - Setting next_dagrun for example_python_operator to None
[2021-10-02 06:39:13,434] {scheduler_job.py:190} INFO - Processing /usr/local/lib/python3.6/dist-packages/airflow/example_dags/example_python_operator.py took 0.036 seconds
