[2021-10-02 06:31:45,201] {scheduler_job.py:182} INFO - Started process (PID=66) to work on /usr/local/lib/python3.6/dist-packages/airflow/example_dags/example_kubernetes_executor_config.py
[2021-10-02 06:31:45,201] {scheduler_job.py:629} INFO - Processing file /usr/local/lib/python3.6/dist-packages/airflow/example_dags/example_kubernetes_executor_config.py for tasks to queue
[2021-10-02 06:31:45,202] {logging_mixin.py:104} INFO - [2021-10-02 06:31:45,202] {dagbag.py:451} INFO - Filling up the DagBag from /usr/local/lib/python3.6/dist-packages/airflow/example_dags/example_kubernetes_executor_config.py
[2021-10-02 06:31:45,207] {logging_mixin.py:104} INFO - [2021-10-02 06:31:45,207] {example_kubernetes_executor_config.py:175} WARNING - Could not import DAGs in example_kubernetes_executor_config.py: No module named 'kubernetes'
[2021-10-02 06:31:45,207] {logging_mixin.py:104} INFO - [2021-10-02 06:31:45,207] {example_kubernetes_executor_config.py:176} WARNING - Install kubernetes dependencies with: pip install apache-airflow['cncf.kubernetes']
[2021-10-02 06:31:45,207] {scheduler_job.py:641} WARNING - No viable dags retrieved from /usr/local/lib/python3.6/dist-packages/airflow/example_dags/example_kubernetes_executor_config.py
[2021-10-02 06:31:45,216] {scheduler_job.py:190} INFO - Processing /usr/local/lib/python3.6/dist-packages/airflow/example_dags/example_kubernetes_executor_config.py took 0.017 seconds
[2021-10-02 06:32:15,246] {scheduler_job.py:182} INFO - Started process (PID=220) to work on /usr/local/lib/python3.6/dist-packages/airflow/example_dags/example_kubernetes_executor_config.py
[2021-10-02 06:32:15,247] {scheduler_job.py:629} INFO - Processing file /usr/local/lib/python3.6/dist-packages/airflow/example_dags/example_kubernetes_executor_config.py for tasks to queue
[2021-10-02 06:32:15,247] {logging_mixin.py:104} INFO - [2021-10-02 06:32:15,247] {dagbag.py:451} INFO - Filling up the DagBag from /usr/local/lib/python3.6/dist-packages/airflow/example_dags/example_kubernetes_executor_config.py
[2021-10-02 06:32:15,251] {logging_mixin.py:104} INFO - [2021-10-02 06:32:15,251] {example_kubernetes_executor_config.py:175} WARNING - Could not import DAGs in example_kubernetes_executor_config.py: No module named 'kubernetes'
[2021-10-02 06:32:15,251] {logging_mixin.py:104} INFO - [2021-10-02 06:32:15,251] {example_kubernetes_executor_config.py:176} WARNING - Install kubernetes dependencies with: pip install apache-airflow['cncf.kubernetes']
[2021-10-02 06:32:15,251] {scheduler_job.py:641} WARNING - No viable dags retrieved from /usr/local/lib/python3.6/dist-packages/airflow/example_dags/example_kubernetes_executor_config.py
[2021-10-02 06:32:15,259] {scheduler_job.py:190} INFO - Processing /usr/local/lib/python3.6/dist-packages/airflow/example_dags/example_kubernetes_executor_config.py took 0.014 seconds
[2021-10-02 06:32:45,533] {scheduler_job.py:182} INFO - Started process (PID=291) to work on /usr/local/lib/python3.6/dist-packages/airflow/example_dags/example_kubernetes_executor_config.py
[2021-10-02 06:32:45,533] {scheduler_job.py:629} INFO - Processing file /usr/local/lib/python3.6/dist-packages/airflow/example_dags/example_kubernetes_executor_config.py for tasks to queue
[2021-10-02 06:32:45,533] {logging_mixin.py:104} INFO - [2021-10-02 06:32:45,533] {dagbag.py:451} INFO - Filling up the DagBag from /usr/local/lib/python3.6/dist-packages/airflow/example_dags/example_kubernetes_executor_config.py
[2021-10-02 06:32:45,537] {logging_mixin.py:104} INFO - [2021-10-02 06:32:45,537] {example_kubernetes_executor_config.py:175} WARNING - Could not import DAGs in example_kubernetes_executor_config.py: No module named 'kubernetes'
[2021-10-02 06:32:45,537] {logging_mixin.py:104} INFO - [2021-10-02 06:32:45,537] {example_kubernetes_executor_config.py:176} WARNING - Install kubernetes dependencies with: pip install apache-airflow['cncf.kubernetes']
[2021-10-02 06:32:45,537] {scheduler_job.py:641} WARNING - No viable dags retrieved from /usr/local/lib/python3.6/dist-packages/airflow/example_dags/example_kubernetes_executor_config.py
[2021-10-02 06:32:45,544] {scheduler_job.py:190} INFO - Processing /usr/local/lib/python3.6/dist-packages/airflow/example_dags/example_kubernetes_executor_config.py took 0.013 seconds
[2021-10-02 06:33:16,206] {scheduler_job.py:182} INFO - Started process (PID=366) to work on /usr/local/lib/python3.6/dist-packages/airflow/example_dags/example_kubernetes_executor_config.py
[2021-10-02 06:33:16,206] {scheduler_job.py:629} INFO - Processing file /usr/local/lib/python3.6/dist-packages/airflow/example_dags/example_kubernetes_executor_config.py for tasks to queue
[2021-10-02 06:33:16,207] {logging_mixin.py:104} INFO - [2021-10-02 06:33:16,207] {dagbag.py:451} INFO - Filling up the DagBag from /usr/local/lib/python3.6/dist-packages/airflow/example_dags/example_kubernetes_executor_config.py
[2021-10-02 06:33:16,211] {logging_mixin.py:104} INFO - [2021-10-02 06:33:16,210] {example_kubernetes_executor_config.py:175} WARNING - Could not import DAGs in example_kubernetes_executor_config.py: No module named 'kubernetes'
[2021-10-02 06:33:16,211] {logging_mixin.py:104} INFO - [2021-10-02 06:33:16,211] {example_kubernetes_executor_config.py:176} WARNING - Install kubernetes dependencies with: pip install apache-airflow['cncf.kubernetes']
[2021-10-02 06:33:16,211] {scheduler_job.py:641} WARNING - No viable dags retrieved from /usr/local/lib/python3.6/dist-packages/airflow/example_dags/example_kubernetes_executor_config.py
[2021-10-02 06:33:16,218] {scheduler_job.py:190} INFO - Processing /usr/local/lib/python3.6/dist-packages/airflow/example_dags/example_kubernetes_executor_config.py took 0.013 seconds
[2021-10-02 06:33:46,918] {scheduler_job.py:182} INFO - Started process (PID=445) to work on /usr/local/lib/python3.6/dist-packages/airflow/example_dags/example_kubernetes_executor_config.py
[2021-10-02 06:33:46,919] {scheduler_job.py:629} INFO - Processing file /usr/local/lib/python3.6/dist-packages/airflow/example_dags/example_kubernetes_executor_config.py for tasks to queue
[2021-10-02 06:33:46,919] {logging_mixin.py:104} INFO - [2021-10-02 06:33:46,919] {dagbag.py:451} INFO - Filling up the DagBag from /usr/local/lib/python3.6/dist-packages/airflow/example_dags/example_kubernetes_executor_config.py
[2021-10-02 06:33:46,924] {logging_mixin.py:104} INFO - [2021-10-02 06:33:46,924] {example_kubernetes_executor_config.py:175} WARNING - Could not import DAGs in example_kubernetes_executor_config.py: No module named 'kubernetes'
[2021-10-02 06:33:46,924] {logging_mixin.py:104} INFO - [2021-10-02 06:33:46,924] {example_kubernetes_executor_config.py:176} WARNING - Install kubernetes dependencies with: pip install apache-airflow['cncf.kubernetes']
[2021-10-02 06:33:46,924] {scheduler_job.py:641} WARNING - No viable dags retrieved from /usr/local/lib/python3.6/dist-packages/airflow/example_dags/example_kubernetes_executor_config.py
[2021-10-02 06:33:46,932] {scheduler_job.py:190} INFO - Processing /usr/local/lib/python3.6/dist-packages/airflow/example_dags/example_kubernetes_executor_config.py took 0.016 seconds
[2021-10-02 06:34:17,595] {scheduler_job.py:182} INFO - Started process (PID=526) to work on /usr/local/lib/python3.6/dist-packages/airflow/example_dags/example_kubernetes_executor_config.py
[2021-10-02 06:34:17,596] {scheduler_job.py:629} INFO - Processing file /usr/local/lib/python3.6/dist-packages/airflow/example_dags/example_kubernetes_executor_config.py for tasks to queue
[2021-10-02 06:34:17,596] {logging_mixin.py:104} INFO - [2021-10-02 06:34:17,596] {dagbag.py:451} INFO - Filling up the DagBag from /usr/local/lib/python3.6/dist-packages/airflow/example_dags/example_kubernetes_executor_config.py
[2021-10-02 06:34:17,600] {logging_mixin.py:104} INFO - [2021-10-02 06:34:17,600] {example_kubernetes_executor_config.py:175} WARNING - Could not import DAGs in example_kubernetes_executor_config.py: No module named 'kubernetes'
[2021-10-02 06:34:17,600] {logging_mixin.py:104} INFO - [2021-10-02 06:34:17,600] {example_kubernetes_executor_config.py:176} WARNING - Install kubernetes dependencies with: pip install apache-airflow['cncf.kubernetes']
[2021-10-02 06:34:17,600] {scheduler_job.py:641} WARNING - No viable dags retrieved from /usr/local/lib/python3.6/dist-packages/airflow/example_dags/example_kubernetes_executor_config.py
[2021-10-02 06:34:17,607] {scheduler_job.py:190} INFO - Processing /usr/local/lib/python3.6/dist-packages/airflow/example_dags/example_kubernetes_executor_config.py took 0.013 seconds
[2021-10-02 06:34:48,227] {scheduler_job.py:182} INFO - Started process (PID=603) to work on /usr/local/lib/python3.6/dist-packages/airflow/example_dags/example_kubernetes_executor_config.py
[2021-10-02 06:34:48,227] {scheduler_job.py:629} INFO - Processing file /usr/local/lib/python3.6/dist-packages/airflow/example_dags/example_kubernetes_executor_config.py for tasks to queue
[2021-10-02 06:34:48,228] {logging_mixin.py:104} INFO - [2021-10-02 06:34:48,228] {dagbag.py:451} INFO - Filling up the DagBag from /usr/local/lib/python3.6/dist-packages/airflow/example_dags/example_kubernetes_executor_config.py
[2021-10-02 06:34:48,232] {logging_mixin.py:104} INFO - [2021-10-02 06:34:48,231] {example_kubernetes_executor_config.py:175} WARNING - Could not import DAGs in example_kubernetes_executor_config.py: No module named 'kubernetes'
[2021-10-02 06:34:48,232] {logging_mixin.py:104} INFO - [2021-10-02 06:34:48,232] {example_kubernetes_executor_config.py:176} WARNING - Install kubernetes dependencies with: pip install apache-airflow['cncf.kubernetes']
[2021-10-02 06:34:48,232] {scheduler_job.py:641} WARNING - No viable dags retrieved from /usr/local/lib/python3.6/dist-packages/airflow/example_dags/example_kubernetes_executor_config.py
[2021-10-02 06:34:48,239] {scheduler_job.py:190} INFO - Processing /usr/local/lib/python3.6/dist-packages/airflow/example_dags/example_kubernetes_executor_config.py took 0.013 seconds
[2021-10-02 06:35:18,798] {scheduler_job.py:182} INFO - Started process (PID=677) to work on /usr/local/lib/python3.6/dist-packages/airflow/example_dags/example_kubernetes_executor_config.py
[2021-10-02 06:35:18,799] {scheduler_job.py:629} INFO - Processing file /usr/local/lib/python3.6/dist-packages/airflow/example_dags/example_kubernetes_executor_config.py for tasks to queue
[2021-10-02 06:35:18,799] {logging_mixin.py:104} INFO - [2021-10-02 06:35:18,799] {dagbag.py:451} INFO - Filling up the DagBag from /usr/local/lib/python3.6/dist-packages/airflow/example_dags/example_kubernetes_executor_config.py
[2021-10-02 06:35:18,803] {logging_mixin.py:104} INFO - [2021-10-02 06:35:18,803] {example_kubernetes_executor_config.py:175} WARNING - Could not import DAGs in example_kubernetes_executor_config.py: No module named 'kubernetes'
[2021-10-02 06:35:18,803] {logging_mixin.py:104} INFO - [2021-10-02 06:35:18,803] {example_kubernetes_executor_config.py:176} WARNING - Install kubernetes dependencies with: pip install apache-airflow['cncf.kubernetes']
[2021-10-02 06:35:18,803] {scheduler_job.py:641} WARNING - No viable dags retrieved from /usr/local/lib/python3.6/dist-packages/airflow/example_dags/example_kubernetes_executor_config.py
[2021-10-02 06:35:18,810] {scheduler_job.py:190} INFO - Processing /usr/local/lib/python3.6/dist-packages/airflow/example_dags/example_kubernetes_executor_config.py took 0.013 seconds
[2021-10-02 06:35:57,639] {scheduler_job.py:182} INFO - Started process (PID=80) to work on /usr/local/lib/python3.6/dist-packages/airflow/example_dags/example_kubernetes_executor_config.py
[2021-10-02 06:35:57,640] {scheduler_job.py:629} INFO - Processing file /usr/local/lib/python3.6/dist-packages/airflow/example_dags/example_kubernetes_executor_config.py for tasks to queue
[2021-10-02 06:35:57,640] {logging_mixin.py:104} INFO - [2021-10-02 06:35:57,640] {dagbag.py:451} INFO - Filling up the DagBag from /usr/local/lib/python3.6/dist-packages/airflow/example_dags/example_kubernetes_executor_config.py
[2021-10-02 06:35:57,645] {logging_mixin.py:104} INFO - [2021-10-02 06:35:57,645] {example_kubernetes_executor_config.py:175} WARNING - Could not import DAGs in example_kubernetes_executor_config.py: No module named 'kubernetes'
[2021-10-02 06:35:57,645] {logging_mixin.py:104} INFO - [2021-10-02 06:35:57,645] {example_kubernetes_executor_config.py:176} WARNING - Install kubernetes dependencies with: pip install apache-airflow['cncf.kubernetes']
[2021-10-02 06:35:57,646] {scheduler_job.py:641} WARNING - No viable dags retrieved from /usr/local/lib/python3.6/dist-packages/airflow/example_dags/example_kubernetes_executor_config.py
[2021-10-02 06:35:57,654] {scheduler_job.py:190} INFO - Processing /usr/local/lib/python3.6/dist-packages/airflow/example_dags/example_kubernetes_executor_config.py took 0.018 seconds
[2021-10-02 06:36:45,740] {scheduler_job.py:182} INFO - Started process (PID=95) to work on /usr/local/lib/python3.6/dist-packages/airflow/example_dags/example_kubernetes_executor_config.py
[2021-10-02 06:36:45,740] {scheduler_job.py:629} INFO - Processing file /usr/local/lib/python3.6/dist-packages/airflow/example_dags/example_kubernetes_executor_config.py for tasks to queue
[2021-10-02 06:36:45,741] {logging_mixin.py:104} INFO - [2021-10-02 06:36:45,741] {dagbag.py:451} INFO - Filling up the DagBag from /usr/local/lib/python3.6/dist-packages/airflow/example_dags/example_kubernetes_executor_config.py
[2021-10-02 06:36:45,745] {logging_mixin.py:104} INFO - [2021-10-02 06:36:45,744] {example_kubernetes_executor_config.py:175} WARNING - Could not import DAGs in example_kubernetes_executor_config.py: No module named 'kubernetes'
[2021-10-02 06:36:45,745] {logging_mixin.py:104} INFO - [2021-10-02 06:36:45,745] {example_kubernetes_executor_config.py:176} WARNING - Install kubernetes dependencies with: pip install apache-airflow['cncf.kubernetes']
[2021-10-02 06:36:45,745] {scheduler_job.py:641} WARNING - No viable dags retrieved from /usr/local/lib/python3.6/dist-packages/airflow/example_dags/example_kubernetes_executor_config.py
[2021-10-02 06:36:45,754] {scheduler_job.py:190} INFO - Processing /usr/local/lib/python3.6/dist-packages/airflow/example_dags/example_kubernetes_executor_config.py took 0.016 seconds
[2021-10-02 06:37:16,799] {scheduler_job.py:182} INFO - Started process (PID=217) to work on /usr/local/lib/python3.6/dist-packages/airflow/example_dags/example_kubernetes_executor_config.py
[2021-10-02 06:37:16,799] {scheduler_job.py:629} INFO - Processing file /usr/local/lib/python3.6/dist-packages/airflow/example_dags/example_kubernetes_executor_config.py for tasks to queue
[2021-10-02 06:37:16,800] {logging_mixin.py:104} INFO - [2021-10-02 06:37:16,800] {dagbag.py:451} INFO - Filling up the DagBag from /usr/local/lib/python3.6/dist-packages/airflow/example_dags/example_kubernetes_executor_config.py
[2021-10-02 06:37:16,803] {logging_mixin.py:104} INFO - [2021-10-02 06:37:16,803] {example_kubernetes_executor_config.py:175} WARNING - Could not import DAGs in example_kubernetes_executor_config.py: No module named 'kubernetes'
[2021-10-02 06:37:16,804] {logging_mixin.py:104} INFO - [2021-10-02 06:37:16,804] {example_kubernetes_executor_config.py:176} WARNING - Install kubernetes dependencies with: pip install apache-airflow['cncf.kubernetes']
[2021-10-02 06:37:16,804] {scheduler_job.py:641} WARNING - No viable dags retrieved from /usr/local/lib/python3.6/dist-packages/airflow/example_dags/example_kubernetes_executor_config.py
[2021-10-02 06:37:16,810] {scheduler_job.py:190} INFO - Processing /usr/local/lib/python3.6/dist-packages/airflow/example_dags/example_kubernetes_executor_config.py took 0.013 seconds
[2021-10-02 06:37:42,518] {scheduler_job.py:182} INFO - Started process (PID=86) to work on /usr/local/lib/python3.6/dist-packages/airflow/example_dags/example_kubernetes_executor_config.py
[2021-10-02 06:37:42,521] {scheduler_job.py:629} INFO - Processing file /usr/local/lib/python3.6/dist-packages/airflow/example_dags/example_kubernetes_executor_config.py for tasks to queue
[2021-10-02 06:37:42,522] {logging_mixin.py:104} INFO - [2021-10-02 06:37:42,522] {dagbag.py:451} INFO - Filling up the DagBag from /usr/local/lib/python3.6/dist-packages/airflow/example_dags/example_kubernetes_executor_config.py
[2021-10-02 06:37:42,531] {logging_mixin.py:104} INFO - [2021-10-02 06:37:42,531] {example_kubernetes_executor_config.py:175} WARNING - Could not import DAGs in example_kubernetes_executor_config.py: No module named 'kubernetes'
[2021-10-02 06:37:42,531] {logging_mixin.py:104} INFO - [2021-10-02 06:37:42,531] {example_kubernetes_executor_config.py:176} WARNING - Install kubernetes dependencies with: pip install apache-airflow['cncf.kubernetes']
[2021-10-02 06:37:42,531] {scheduler_job.py:641} WARNING - No viable dags retrieved from /usr/local/lib/python3.6/dist-packages/airflow/example_dags/example_kubernetes_executor_config.py
[2021-10-02 06:37:42,543] {scheduler_job.py:190} INFO - Processing /usr/local/lib/python3.6/dist-packages/airflow/example_dags/example_kubernetes_executor_config.py took 0.027 seconds
[2021-10-02 06:38:13,383] {scheduler_job.py:182} INFO - Started process (PID=201) to work on /usr/local/lib/python3.6/dist-packages/airflow/example_dags/example_kubernetes_executor_config.py
[2021-10-02 06:38:13,383] {scheduler_job.py:629} INFO - Processing file /usr/local/lib/python3.6/dist-packages/airflow/example_dags/example_kubernetes_executor_config.py for tasks to queue
[2021-10-02 06:38:13,383] {logging_mixin.py:104} INFO - [2021-10-02 06:38:13,383] {dagbag.py:451} INFO - Filling up the DagBag from /usr/local/lib/python3.6/dist-packages/airflow/example_dags/example_kubernetes_executor_config.py
[2021-10-02 06:38:13,387] {logging_mixin.py:104} INFO - [2021-10-02 06:38:13,387] {example_kubernetes_executor_config.py:175} WARNING - Could not import DAGs in example_kubernetes_executor_config.py: No module named 'kubernetes'
[2021-10-02 06:38:13,387] {logging_mixin.py:104} INFO - [2021-10-02 06:38:13,387] {example_kubernetes_executor_config.py:176} WARNING - Install kubernetes dependencies with: pip install apache-airflow['cncf.kubernetes']
[2021-10-02 06:38:13,387] {scheduler_job.py:641} WARNING - No viable dags retrieved from /usr/local/lib/python3.6/dist-packages/airflow/example_dags/example_kubernetes_executor_config.py
[2021-10-02 06:38:13,395] {scheduler_job.py:190} INFO - Processing /usr/local/lib/python3.6/dist-packages/airflow/example_dags/example_kubernetes_executor_config.py took 0.014 seconds
[2021-10-02 06:38:43,958] {scheduler_job.py:182} INFO - Started process (PID=281) to work on /usr/local/lib/python3.6/dist-packages/airflow/example_dags/example_kubernetes_executor_config.py
[2021-10-02 06:38:43,959] {scheduler_job.py:629} INFO - Processing file /usr/local/lib/python3.6/dist-packages/airflow/example_dags/example_kubernetes_executor_config.py for tasks to queue
[2021-10-02 06:38:43,959] {logging_mixin.py:104} INFO - [2021-10-02 06:38:43,959] {dagbag.py:451} INFO - Filling up the DagBag from /usr/local/lib/python3.6/dist-packages/airflow/example_dags/example_kubernetes_executor_config.py
[2021-10-02 06:38:43,964] {logging_mixin.py:104} INFO - [2021-10-02 06:38:43,964] {example_kubernetes_executor_config.py:175} WARNING - Could not import DAGs in example_kubernetes_executor_config.py: No module named 'kubernetes'
[2021-10-02 06:38:43,964] {logging_mixin.py:104} INFO - [2021-10-02 06:38:43,964] {example_kubernetes_executor_config.py:176} WARNING - Install kubernetes dependencies with: pip install apache-airflow['cncf.kubernetes']
[2021-10-02 06:38:43,964] {scheduler_job.py:641} WARNING - No viable dags retrieved from /usr/local/lib/python3.6/dist-packages/airflow/example_dags/example_kubernetes_executor_config.py
[2021-10-02 06:38:43,972] {scheduler_job.py:190} INFO - Processing /usr/local/lib/python3.6/dist-packages/airflow/example_dags/example_kubernetes_executor_config.py took 0.016 seconds
[2021-10-02 06:39:14,698] {scheduler_job.py:182} INFO - Started process (PID=359) to work on /usr/local/lib/python3.6/dist-packages/airflow/example_dags/example_kubernetes_executor_config.py
[2021-10-02 06:39:14,698] {scheduler_job.py:629} INFO - Processing file /usr/local/lib/python3.6/dist-packages/airflow/example_dags/example_kubernetes_executor_config.py for tasks to queue
[2021-10-02 06:39:14,699] {logging_mixin.py:104} INFO - [2021-10-02 06:39:14,699] {dagbag.py:451} INFO - Filling up the DagBag from /usr/local/lib/python3.6/dist-packages/airflow/example_dags/example_kubernetes_executor_config.py
[2021-10-02 06:39:14,703] {logging_mixin.py:104} INFO - [2021-10-02 06:39:14,703] {example_kubernetes_executor_config.py:175} WARNING - Could not import DAGs in example_kubernetes_executor_config.py: No module named 'kubernetes'
[2021-10-02 06:39:14,703] {logging_mixin.py:104} INFO - [2021-10-02 06:39:14,703] {example_kubernetes_executor_config.py:176} WARNING - Install kubernetes dependencies with: pip install apache-airflow['cncf.kubernetes']
[2021-10-02 06:39:14,703] {scheduler_job.py:641} WARNING - No viable dags retrieved from /usr/local/lib/python3.6/dist-packages/airflow/example_dags/example_kubernetes_executor_config.py
[2021-10-02 06:39:14,710] {scheduler_job.py:190} INFO - Processing /usr/local/lib/python3.6/dist-packages/airflow/example_dags/example_kubernetes_executor_config.py took 0.015 seconds
