[2021-10-02 06:31:45,839] {scheduler_job.py:182} INFO - Started process (PID=93) to work on /usr/local/lib/python3.6/dist-packages/airflow/example_dags/example_task_group.py
[2021-10-02 06:31:45,840] {scheduler_job.py:629} INFO - Processing file /usr/local/lib/python3.6/dist-packages/airflow/example_dags/example_task_group.py for tasks to queue
[2021-10-02 06:31:45,840] {logging_mixin.py:104} INFO - [2021-10-02 06:31:45,840] {dagbag.py:451} INFO - Filling up the DagBag from /usr/local/lib/python3.6/dist-packages/airflow/example_dags/example_task_group.py
[2021-10-02 06:31:45,847] {scheduler_job.py:639} INFO - DAG(s) dict_keys(['example_task_group']) retrieved from /usr/local/lib/python3.6/dist-packages/airflow/example_dags/example_task_group.py
[2021-10-02 06:31:45,855] {logging_mixin.py:104} INFO - [2021-10-02 06:31:45,855] {dag.py:1824} INFO - Sync 1 DAGs
[2021-10-02 06:31:45,864] {logging_mixin.py:104} INFO - [2021-10-02 06:31:45,864] {dag.py:2280} INFO - Setting next_dagrun for example_task_group to 2021-09-30 00:00:00+00:00
[2021-10-02 06:31:45,869] {scheduler_job.py:190} INFO - Processing /usr/local/lib/python3.6/dist-packages/airflow/example_dags/example_task_group.py took 0.031 seconds
[2021-10-02 06:32:16,729] {scheduler_job.py:182} INFO - Started process (PID=241) to work on /usr/local/lib/python3.6/dist-packages/airflow/example_dags/example_task_group.py
[2021-10-02 06:32:16,729] {scheduler_job.py:629} INFO - Processing file /usr/local/lib/python3.6/dist-packages/airflow/example_dags/example_task_group.py for tasks to queue
[2021-10-02 06:32:16,730] {logging_mixin.py:104} INFO - [2021-10-02 06:32:16,730] {dagbag.py:451} INFO - Filling up the DagBag from /usr/local/lib/python3.6/dist-packages/airflow/example_dags/example_task_group.py
[2021-10-02 06:32:16,736] {scheduler_job.py:639} INFO - DAG(s) dict_keys(['example_task_group']) retrieved from /usr/local/lib/python3.6/dist-packages/airflow/example_dags/example_task_group.py
[2021-10-02 06:32:16,751] {logging_mixin.py:104} INFO - [2021-10-02 06:32:16,750] {dag.py:1824} INFO - Sync 1 DAGs
[2021-10-02 06:32:16,759] {logging_mixin.py:104} INFO - [2021-10-02 06:32:16,759] {dag.py:2280} INFO - Setting next_dagrun for example_task_group to 2021-09-30 00:00:00+00:00
[2021-10-02 06:32:16,765] {scheduler_job.py:190} INFO - Processing /usr/local/lib/python3.6/dist-packages/airflow/example_dags/example_task_group.py took 0.038 seconds
[2021-10-02 06:32:46,955] {scheduler_job.py:182} INFO - Started process (PID=310) to work on /usr/local/lib/python3.6/dist-packages/airflow/example_dags/example_task_group.py
[2021-10-02 06:32:46,956] {scheduler_job.py:629} INFO - Processing file /usr/local/lib/python3.6/dist-packages/airflow/example_dags/example_task_group.py for tasks to queue
[2021-10-02 06:32:46,956] {logging_mixin.py:104} INFO - [2021-10-02 06:32:46,956] {dagbag.py:451} INFO - Filling up the DagBag from /usr/local/lib/python3.6/dist-packages/airflow/example_dags/example_task_group.py
[2021-10-02 06:32:46,963] {scheduler_job.py:639} INFO - DAG(s) dict_keys(['example_task_group']) retrieved from /usr/local/lib/python3.6/dist-packages/airflow/example_dags/example_task_group.py
[2021-10-02 06:32:46,974] {logging_mixin.py:104} INFO - [2021-10-02 06:32:46,974] {dag.py:1824} INFO - Sync 1 DAGs
[2021-10-02 06:32:46,983] {logging_mixin.py:104} INFO - [2021-10-02 06:32:46,983] {dag.py:2280} INFO - Setting next_dagrun for example_task_group to 2021-09-30 00:00:00+00:00
[2021-10-02 06:32:46,989] {scheduler_job.py:190} INFO - Processing /usr/local/lib/python3.6/dist-packages/airflow/example_dags/example_task_group.py took 0.035 seconds
[2021-10-02 06:33:17,698] {scheduler_job.py:182} INFO - Started process (PID=385) to work on /usr/local/lib/python3.6/dist-packages/airflow/example_dags/example_task_group.py
[2021-10-02 06:33:17,698] {scheduler_job.py:629} INFO - Processing file /usr/local/lib/python3.6/dist-packages/airflow/example_dags/example_task_group.py for tasks to queue
[2021-10-02 06:33:17,698] {logging_mixin.py:104} INFO - [2021-10-02 06:33:17,698] {dagbag.py:451} INFO - Filling up the DagBag from /usr/local/lib/python3.6/dist-packages/airflow/example_dags/example_task_group.py
[2021-10-02 06:33:17,706] {scheduler_job.py:639} INFO - DAG(s) dict_keys(['example_task_group']) retrieved from /usr/local/lib/python3.6/dist-packages/airflow/example_dags/example_task_group.py
[2021-10-02 06:33:17,717] {logging_mixin.py:104} INFO - [2021-10-02 06:33:17,717] {dag.py:1824} INFO - Sync 1 DAGs
[2021-10-02 06:33:17,726] {logging_mixin.py:104} INFO - [2021-10-02 06:33:17,726] {dag.py:2280} INFO - Setting next_dagrun for example_task_group to 2021-09-30 00:00:00+00:00
[2021-10-02 06:33:17,731] {scheduler_job.py:190} INFO - Processing /usr/local/lib/python3.6/dist-packages/airflow/example_dags/example_task_group.py took 0.035 seconds
[2021-10-02 06:33:48,352] {scheduler_job.py:182} INFO - Started process (PID=464) to work on /usr/local/lib/python3.6/dist-packages/airflow/example_dags/example_task_group.py
[2021-10-02 06:33:48,353] {scheduler_job.py:629} INFO - Processing file /usr/local/lib/python3.6/dist-packages/airflow/example_dags/example_task_group.py for tasks to queue
[2021-10-02 06:33:48,353] {logging_mixin.py:104} INFO - [2021-10-02 06:33:48,353] {dagbag.py:451} INFO - Filling up the DagBag from /usr/local/lib/python3.6/dist-packages/airflow/example_dags/example_task_group.py
[2021-10-02 06:33:48,361] {scheduler_job.py:639} INFO - DAG(s) dict_keys(['example_task_group']) retrieved from /usr/local/lib/python3.6/dist-packages/airflow/example_dags/example_task_group.py
[2021-10-02 06:33:48,375] {logging_mixin.py:104} INFO - [2021-10-02 06:33:48,375] {dag.py:1824} INFO - Sync 1 DAGs
[2021-10-02 06:33:48,384] {logging_mixin.py:104} INFO - [2021-10-02 06:33:48,384] {dag.py:2280} INFO - Setting next_dagrun for example_task_group to 2021-09-30 00:00:00+00:00
[2021-10-02 06:33:48,391] {scheduler_job.py:190} INFO - Processing /usr/local/lib/python3.6/dist-packages/airflow/example_dags/example_task_group.py took 0.041 seconds
[2021-10-02 06:34:19,076] {scheduler_job.py:182} INFO - Started process (PID=545) to work on /usr/local/lib/python3.6/dist-packages/airflow/example_dags/example_task_group.py
[2021-10-02 06:34:19,077] {scheduler_job.py:629} INFO - Processing file /usr/local/lib/python3.6/dist-packages/airflow/example_dags/example_task_group.py for tasks to queue
[2021-10-02 06:34:19,077] {logging_mixin.py:104} INFO - [2021-10-02 06:34:19,077] {dagbag.py:451} INFO - Filling up the DagBag from /usr/local/lib/python3.6/dist-packages/airflow/example_dags/example_task_group.py
[2021-10-02 06:34:19,083] {scheduler_job.py:639} INFO - DAG(s) dict_keys(['example_task_group']) retrieved from /usr/local/lib/python3.6/dist-packages/airflow/example_dags/example_task_group.py
[2021-10-02 06:34:19,095] {logging_mixin.py:104} INFO - [2021-10-02 06:34:19,095] {dag.py:1824} INFO - Sync 1 DAGs
[2021-10-02 06:34:19,103] {logging_mixin.py:104} INFO - [2021-10-02 06:34:19,103] {dag.py:2280} INFO - Setting next_dagrun for example_task_group to 2021-09-30 00:00:00+00:00
[2021-10-02 06:34:19,108] {scheduler_job.py:190} INFO - Processing /usr/local/lib/python3.6/dist-packages/airflow/example_dags/example_task_group.py took 0.033 seconds
[2021-10-02 06:34:49,615] {scheduler_job.py:182} INFO - Started process (PID=622) to work on /usr/local/lib/python3.6/dist-packages/airflow/example_dags/example_task_group.py
[2021-10-02 06:34:49,615] {scheduler_job.py:629} INFO - Processing file /usr/local/lib/python3.6/dist-packages/airflow/example_dags/example_task_group.py for tasks to queue
[2021-10-02 06:34:49,615] {logging_mixin.py:104} INFO - [2021-10-02 06:34:49,615] {dagbag.py:451} INFO - Filling up the DagBag from /usr/local/lib/python3.6/dist-packages/airflow/example_dags/example_task_group.py
[2021-10-02 06:34:49,622] {scheduler_job.py:639} INFO - DAG(s) dict_keys(['example_task_group']) retrieved from /usr/local/lib/python3.6/dist-packages/airflow/example_dags/example_task_group.py
[2021-10-02 06:34:49,633] {logging_mixin.py:104} INFO - [2021-10-02 06:34:49,633] {dag.py:1824} INFO - Sync 1 DAGs
[2021-10-02 06:34:49,642] {logging_mixin.py:104} INFO - [2021-10-02 06:34:49,642] {dag.py:2280} INFO - Setting next_dagrun for example_task_group to 2021-09-30 00:00:00+00:00
[2021-10-02 06:34:49,647] {scheduler_job.py:190} INFO - Processing /usr/local/lib/python3.6/dist-packages/airflow/example_dags/example_task_group.py took 0.034 seconds
[2021-10-02 06:35:20,388] {scheduler_job.py:182} INFO - Started process (PID=697) to work on /usr/local/lib/python3.6/dist-packages/airflow/example_dags/example_task_group.py
[2021-10-02 06:35:20,389] {scheduler_job.py:629} INFO - Processing file /usr/local/lib/python3.6/dist-packages/airflow/example_dags/example_task_group.py for tasks to queue
[2021-10-02 06:35:20,389] {logging_mixin.py:104} INFO - [2021-10-02 06:35:20,389] {dagbag.py:451} INFO - Filling up the DagBag from /usr/local/lib/python3.6/dist-packages/airflow/example_dags/example_task_group.py
[2021-10-02 06:35:20,396] {scheduler_job.py:639} INFO - DAG(s) dict_keys(['example_task_group']) retrieved from /usr/local/lib/python3.6/dist-packages/airflow/example_dags/example_task_group.py
[2021-10-02 06:35:20,414] {logging_mixin.py:104} INFO - [2021-10-02 06:35:20,414] {dag.py:1824} INFO - Sync 1 DAGs
[2021-10-02 06:35:20,425] {logging_mixin.py:104} INFO - [2021-10-02 06:35:20,425] {dag.py:2280} INFO - Setting next_dagrun for example_task_group to 2021-09-30 00:00:00+00:00
[2021-10-02 06:35:20,432] {scheduler_job.py:190} INFO - Processing /usr/local/lib/python3.6/dist-packages/airflow/example_dags/example_task_group.py took 0.046 seconds
[2021-10-02 06:35:57,815] {scheduler_job.py:182} INFO - Started process (PID=90) to work on /usr/local/lib/python3.6/dist-packages/airflow/example_dags/example_task_group.py
[2021-10-02 06:35:57,815] {scheduler_job.py:629} INFO - Processing file /usr/local/lib/python3.6/dist-packages/airflow/example_dags/example_task_group.py for tasks to queue
[2021-10-02 06:35:57,815] {logging_mixin.py:104} INFO - [2021-10-02 06:35:57,815] {dagbag.py:451} INFO - Filling up the DagBag from /usr/local/lib/python3.6/dist-packages/airflow/example_dags/example_task_group.py
[2021-10-02 06:35:57,822] {scheduler_job.py:639} INFO - DAG(s) dict_keys(['example_task_group']) retrieved from /usr/local/lib/python3.6/dist-packages/airflow/example_dags/example_task_group.py
[2021-10-02 06:35:57,831] {logging_mixin.py:104} INFO - [2021-10-02 06:35:57,831] {dag.py:1824} INFO - Sync 1 DAGs
[2021-10-02 06:35:57,842] {logging_mixin.py:104} INFO - [2021-10-02 06:35:57,842] {dag.py:2280} INFO - Setting next_dagrun for example_task_group to 2021-09-30 00:00:00+00:00
[2021-10-02 06:35:57,850] {scheduler_job.py:190} INFO - Processing /usr/local/lib/python3.6/dist-packages/airflow/example_dags/example_task_group.py took 0.037 seconds
[2021-10-02 06:36:45,097] {scheduler_job.py:182} INFO - Started process (PID=76) to work on /usr/local/lib/python3.6/dist-packages/airflow/example_dags/example_task_group.py
[2021-10-02 06:36:45,097] {scheduler_job.py:629} INFO - Processing file /usr/local/lib/python3.6/dist-packages/airflow/example_dags/example_task_group.py for tasks to queue
[2021-10-02 06:36:45,098] {logging_mixin.py:104} INFO - [2021-10-02 06:36:45,098] {dagbag.py:451} INFO - Filling up the DagBag from /usr/local/lib/python3.6/dist-packages/airflow/example_dags/example_task_group.py
[2021-10-02 06:36:45,107] {scheduler_job.py:639} INFO - DAG(s) dict_keys(['example_task_group']) retrieved from /usr/local/lib/python3.6/dist-packages/airflow/example_dags/example_task_group.py
[2021-10-02 06:36:45,117] {logging_mixin.py:104} INFO - [2021-10-02 06:36:45,117] {dag.py:1824} INFO - Sync 1 DAGs
[2021-10-02 06:36:45,129] {logging_mixin.py:104} INFO - [2021-10-02 06:36:45,129] {dag.py:2280} INFO - Setting next_dagrun for example_task_group to 2021-09-30 00:00:00+00:00
[2021-10-02 06:36:45,136] {scheduler_job.py:190} INFO - Processing /usr/local/lib/python3.6/dist-packages/airflow/example_dags/example_task_group.py took 0.041 seconds
[2021-10-02 06:37:15,297] {scheduler_job.py:182} INFO - Started process (PID=198) to work on /usr/local/lib/python3.6/dist-packages/airflow/example_dags/example_task_group.py
[2021-10-02 06:37:15,297] {scheduler_job.py:629} INFO - Processing file /usr/local/lib/python3.6/dist-packages/airflow/example_dags/example_task_group.py for tasks to queue
[2021-10-02 06:37:15,298] {logging_mixin.py:104} INFO - [2021-10-02 06:37:15,298] {dagbag.py:451} INFO - Filling up the DagBag from /usr/local/lib/python3.6/dist-packages/airflow/example_dags/example_task_group.py
[2021-10-02 06:37:15,305] {scheduler_job.py:639} INFO - DAG(s) dict_keys(['example_task_group']) retrieved from /usr/local/lib/python3.6/dist-packages/airflow/example_dags/example_task_group.py
[2021-10-02 06:37:15,320] {logging_mixin.py:104} INFO - [2021-10-02 06:37:15,320] {dag.py:1824} INFO - Sync 1 DAGs
[2021-10-02 06:37:15,331] {logging_mixin.py:104} INFO - [2021-10-02 06:37:15,331] {dag.py:2280} INFO - Setting next_dagrun for example_task_group to 2021-09-30 00:00:00+00:00
[2021-10-02 06:37:15,340] {scheduler_job.py:190} INFO - Processing /usr/local/lib/python3.6/dist-packages/airflow/example_dags/example_task_group.py took 0.044 seconds
[2021-10-02 06:37:41,912] {scheduler_job.py:182} INFO - Started process (PID=63) to work on /usr/local/lib/python3.6/dist-packages/airflow/example_dags/example_task_group.py
[2021-10-02 06:37:41,913] {scheduler_job.py:629} INFO - Processing file /usr/local/lib/python3.6/dist-packages/airflow/example_dags/example_task_group.py for tasks to queue
[2021-10-02 06:37:41,913] {logging_mixin.py:104} INFO - [2021-10-02 06:37:41,913] {dagbag.py:451} INFO - Filling up the DagBag from /usr/local/lib/python3.6/dist-packages/airflow/example_dags/example_task_group.py
[2021-10-02 06:37:41,922] {scheduler_job.py:639} INFO - DAG(s) dict_keys(['example_task_group']) retrieved from /usr/local/lib/python3.6/dist-packages/airflow/example_dags/example_task_group.py
[2021-10-02 06:37:41,932] {logging_mixin.py:104} INFO - [2021-10-02 06:37:41,932] {dag.py:1824} INFO - Sync 1 DAGs
[2021-10-02 06:37:41,944] {logging_mixin.py:104} INFO - [2021-10-02 06:37:41,944] {dag.py:2280} INFO - Setting next_dagrun for example_task_group to 2021-09-30 00:00:00+00:00
[2021-10-02 06:37:41,951] {scheduler_job.py:190} INFO - Processing /usr/local/lib/python3.6/dist-packages/airflow/example_dags/example_task_group.py took 0.041 seconds
[2021-10-02 06:38:12,163] {scheduler_job.py:182} INFO - Started process (PID=193) to work on /usr/local/lib/python3.6/dist-packages/airflow/example_dags/example_task_group.py
[2021-10-02 06:38:12,163] {scheduler_job.py:629} INFO - Processing file /usr/local/lib/python3.6/dist-packages/airflow/example_dags/example_task_group.py for tasks to queue
[2021-10-02 06:38:12,164] {logging_mixin.py:104} INFO - [2021-10-02 06:38:12,164] {dagbag.py:451} INFO - Filling up the DagBag from /usr/local/lib/python3.6/dist-packages/airflow/example_dags/example_task_group.py
[2021-10-02 06:38:12,170] {scheduler_job.py:639} INFO - DAG(s) dict_keys(['example_task_group']) retrieved from /usr/local/lib/python3.6/dist-packages/airflow/example_dags/example_task_group.py
[2021-10-02 06:38:12,182] {logging_mixin.py:104} INFO - [2021-10-02 06:38:12,182] {dag.py:1824} INFO - Sync 1 DAGs
[2021-10-02 06:38:12,190] {logging_mixin.py:104} INFO - [2021-10-02 06:38:12,190] {dag.py:2280} INFO - Setting next_dagrun for example_task_group to 2021-09-30 00:00:00+00:00
[2021-10-02 06:38:12,195] {scheduler_job.py:190} INFO - Processing /usr/local/lib/python3.6/dist-packages/airflow/example_dags/example_task_group.py took 0.034 seconds
[2021-10-02 06:38:42,760] {scheduler_job.py:182} INFO - Started process (PID=274) to work on /usr/local/lib/python3.6/dist-packages/airflow/example_dags/example_task_group.py
[2021-10-02 06:38:42,761] {scheduler_job.py:629} INFO - Processing file /usr/local/lib/python3.6/dist-packages/airflow/example_dags/example_task_group.py for tasks to queue
[2021-10-02 06:38:42,761] {logging_mixin.py:104} INFO - [2021-10-02 06:38:42,761] {dagbag.py:451} INFO - Filling up the DagBag from /usr/local/lib/python3.6/dist-packages/airflow/example_dags/example_task_group.py
[2021-10-02 06:38:42,770] {scheduler_job.py:639} INFO - DAG(s) dict_keys(['example_task_group']) retrieved from /usr/local/lib/python3.6/dist-packages/airflow/example_dags/example_task_group.py
[2021-10-02 06:38:42,784] {logging_mixin.py:104} INFO - [2021-10-02 06:38:42,783] {dag.py:1824} INFO - Sync 1 DAGs
[2021-10-02 06:38:42,798] {logging_mixin.py:104} INFO - [2021-10-02 06:38:42,798] {dag.py:2280} INFO - Setting next_dagrun for example_task_group to 2021-09-30 00:00:00+00:00
[2021-10-02 06:38:42,807] {scheduler_job.py:190} INFO - Processing /usr/local/lib/python3.6/dist-packages/airflow/example_dags/example_task_group.py took 0.049 seconds
[2021-10-02 06:39:13,501] {scheduler_job.py:182} INFO - Started process (PID=352) to work on /usr/local/lib/python3.6/dist-packages/airflow/example_dags/example_task_group.py
[2021-10-02 06:39:13,501] {scheduler_job.py:629} INFO - Processing file /usr/local/lib/python3.6/dist-packages/airflow/example_dags/example_task_group.py for tasks to queue
[2021-10-02 06:39:13,501] {logging_mixin.py:104} INFO - [2021-10-02 06:39:13,501] {dagbag.py:451} INFO - Filling up the DagBag from /usr/local/lib/python3.6/dist-packages/airflow/example_dags/example_task_group.py
[2021-10-02 06:39:13,508] {scheduler_job.py:639} INFO - DAG(s) dict_keys(['example_task_group']) retrieved from /usr/local/lib/python3.6/dist-packages/airflow/example_dags/example_task_group.py
[2021-10-02 06:39:13,520] {logging_mixin.py:104} INFO - [2021-10-02 06:39:13,520] {dag.py:1824} INFO - Sync 1 DAGs
[2021-10-02 06:39:13,529] {logging_mixin.py:104} INFO - [2021-10-02 06:39:13,528] {dag.py:2280} INFO - Setting next_dagrun for example_task_group to 2021-09-30 00:00:00+00:00
[2021-10-02 06:39:13,534] {scheduler_job.py:190} INFO - Processing /usr/local/lib/python3.6/dist-packages/airflow/example_dags/example_task_group.py took 0.035 seconds
