[2021-10-02 06:31:44,567] {scheduler_job.py:182} INFO - Started process (PID=42) to work on /usr/local/lib/python3.6/dist-packages/airflow/example_dags/example_dag_decorator.py
[2021-10-02 06:31:44,567] {scheduler_job.py:629} INFO - Processing file /usr/local/lib/python3.6/dist-packages/airflow/example_dags/example_dag_decorator.py for tasks to queue
[2021-10-02 06:31:44,568] {logging_mixin.py:104} INFO - [2021-10-02 06:31:44,568] {dagbag.py:451} INFO - Filling up the DagBag from /usr/local/lib/python3.6/dist-packages/airflow/example_dags/example_dag_decorator.py
[2021-10-02 06:31:44,580] {scheduler_job.py:639} INFO - DAG(s) dict_keys(['example_dag_decorator']) retrieved from /usr/local/lib/python3.6/dist-packages/airflow/example_dags/example_dag_decorator.py
[2021-10-02 06:31:44,615] {logging_mixin.py:104} INFO - [2021-10-02 06:31:44,615] {dag.py:1824} INFO - Sync 1 DAGs
[2021-10-02 06:31:44,631] {logging_mixin.py:104} INFO - [2021-10-02 06:31:44,631] {dag.py:2280} INFO - Setting next_dagrun for example_dag_decorator to None
[2021-10-02 06:31:44,638] {scheduler_job.py:190} INFO - Processing /usr/local/lib/python3.6/dist-packages/airflow/example_dags/example_dag_decorator.py took 0.075 seconds
[2021-10-02 06:32:15,002] {scheduler_job.py:182} INFO - Started process (PID=208) to work on /usr/local/lib/python3.6/dist-packages/airflow/example_dags/example_dag_decorator.py
[2021-10-02 06:32:15,002] {scheduler_job.py:629} INFO - Processing file /usr/local/lib/python3.6/dist-packages/airflow/example_dags/example_dag_decorator.py for tasks to queue
[2021-10-02 06:32:15,003] {logging_mixin.py:104} INFO - [2021-10-02 06:32:15,003] {dagbag.py:451} INFO - Filling up the DagBag from /usr/local/lib/python3.6/dist-packages/airflow/example_dags/example_dag_decorator.py
[2021-10-02 06:32:15,011] {scheduler_job.py:639} INFO - DAG(s) dict_keys(['example_dag_decorator']) retrieved from /usr/local/lib/python3.6/dist-packages/airflow/example_dags/example_dag_decorator.py
[2021-10-02 06:32:15,024] {logging_mixin.py:104} INFO - [2021-10-02 06:32:15,023] {dag.py:1824} INFO - Sync 1 DAGs
[2021-10-02 06:32:15,032] {logging_mixin.py:104} INFO - [2021-10-02 06:32:15,031] {dag.py:2280} INFO - Setting next_dagrun for example_dag_decorator to None
[2021-10-02 06:32:15,042] {scheduler_job.py:190} INFO - Processing /usr/local/lib/python3.6/dist-packages/airflow/example_dags/example_dag_decorator.py took 0.042 seconds
[2021-10-02 06:32:45,404] {scheduler_job.py:182} INFO - Started process (PID=285) to work on /usr/local/lib/python3.6/dist-packages/airflow/example_dags/example_dag_decorator.py
[2021-10-02 06:32:45,404] {scheduler_job.py:629} INFO - Processing file /usr/local/lib/python3.6/dist-packages/airflow/example_dags/example_dag_decorator.py for tasks to queue
[2021-10-02 06:32:45,405] {logging_mixin.py:104} INFO - [2021-10-02 06:32:45,405] {dagbag.py:451} INFO - Filling up the DagBag from /usr/local/lib/python3.6/dist-packages/airflow/example_dags/example_dag_decorator.py
[2021-10-02 06:32:45,413] {scheduler_job.py:639} INFO - DAG(s) dict_keys(['example_dag_decorator']) retrieved from /usr/local/lib/python3.6/dist-packages/airflow/example_dags/example_dag_decorator.py
[2021-10-02 06:32:45,425] {logging_mixin.py:104} INFO - [2021-10-02 06:32:45,425] {dag.py:1824} INFO - Sync 1 DAGs
[2021-10-02 06:32:45,433] {logging_mixin.py:104} INFO - [2021-10-02 06:32:45,433] {dag.py:2280} INFO - Setting next_dagrun for example_dag_decorator to None
[2021-10-02 06:32:45,444] {scheduler_job.py:190} INFO - Processing /usr/local/lib/python3.6/dist-packages/airflow/example_dags/example_dag_decorator.py took 0.041 seconds
[2021-10-02 06:33:16,083] {scheduler_job.py:182} INFO - Started process (PID=360) to work on /usr/local/lib/python3.6/dist-packages/airflow/example_dags/example_dag_decorator.py
[2021-10-02 06:33:16,083] {scheduler_job.py:629} INFO - Processing file /usr/local/lib/python3.6/dist-packages/airflow/example_dags/example_dag_decorator.py for tasks to queue
[2021-10-02 06:33:16,084] {logging_mixin.py:104} INFO - [2021-10-02 06:33:16,084] {dagbag.py:451} INFO - Filling up the DagBag from /usr/local/lib/python3.6/dist-packages/airflow/example_dags/example_dag_decorator.py
[2021-10-02 06:33:16,097] {scheduler_job.py:639} INFO - DAG(s) dict_keys(['example_dag_decorator']) retrieved from /usr/local/lib/python3.6/dist-packages/airflow/example_dags/example_dag_decorator.py
[2021-10-02 06:33:16,118] {logging_mixin.py:104} INFO - [2021-10-02 06:33:16,117] {dag.py:1824} INFO - Sync 1 DAGs
[2021-10-02 06:33:16,129] {logging_mixin.py:104} INFO - [2021-10-02 06:33:16,129] {dag.py:2280} INFO - Setting next_dagrun for example_dag_decorator to None
[2021-10-02 06:33:16,138] {scheduler_job.py:190} INFO - Processing /usr/local/lib/python3.6/dist-packages/airflow/example_dags/example_dag_decorator.py took 0.058 seconds
[2021-10-02 06:33:46,815] {scheduler_job.py:182} INFO - Started process (PID=439) to work on /usr/local/lib/python3.6/dist-packages/airflow/example_dags/example_dag_decorator.py
[2021-10-02 06:33:46,816] {scheduler_job.py:629} INFO - Processing file /usr/local/lib/python3.6/dist-packages/airflow/example_dags/example_dag_decorator.py for tasks to queue
[2021-10-02 06:33:46,816] {logging_mixin.py:104} INFO - [2021-10-02 06:33:46,816] {dagbag.py:451} INFO - Filling up the DagBag from /usr/local/lib/python3.6/dist-packages/airflow/example_dags/example_dag_decorator.py
[2021-10-02 06:33:46,824] {scheduler_job.py:639} INFO - DAG(s) dict_keys(['example_dag_decorator']) retrieved from /usr/local/lib/python3.6/dist-packages/airflow/example_dags/example_dag_decorator.py
[2021-10-02 06:33:46,837] {logging_mixin.py:104} INFO - [2021-10-02 06:33:46,836] {dag.py:1824} INFO - Sync 1 DAGs
[2021-10-02 06:33:46,844] {logging_mixin.py:104} INFO - [2021-10-02 06:33:46,844] {dag.py:2280} INFO - Setting next_dagrun for example_dag_decorator to None
[2021-10-02 06:33:46,850] {scheduler_job.py:190} INFO - Processing /usr/local/lib/python3.6/dist-packages/airflow/example_dags/example_dag_decorator.py took 0.037 seconds
[2021-10-02 06:34:17,485] {scheduler_job.py:182} INFO - Started process (PID=520) to work on /usr/local/lib/python3.6/dist-packages/airflow/example_dags/example_dag_decorator.py
[2021-10-02 06:34:17,485] {scheduler_job.py:629} INFO - Processing file /usr/local/lib/python3.6/dist-packages/airflow/example_dags/example_dag_decorator.py for tasks to queue
[2021-10-02 06:34:17,486] {logging_mixin.py:104} INFO - [2021-10-02 06:34:17,485] {dagbag.py:451} INFO - Filling up the DagBag from /usr/local/lib/python3.6/dist-packages/airflow/example_dags/example_dag_decorator.py
[2021-10-02 06:34:17,493] {scheduler_job.py:639} INFO - DAG(s) dict_keys(['example_dag_decorator']) retrieved from /usr/local/lib/python3.6/dist-packages/airflow/example_dags/example_dag_decorator.py
[2021-10-02 06:34:17,507] {logging_mixin.py:104} INFO - [2021-10-02 06:34:17,507] {dag.py:1824} INFO - Sync 1 DAGs
[2021-10-02 06:34:17,518] {logging_mixin.py:104} INFO - [2021-10-02 06:34:17,518] {dag.py:2280} INFO - Setting next_dagrun for example_dag_decorator to None
[2021-10-02 06:34:17,526] {scheduler_job.py:190} INFO - Processing /usr/local/lib/python3.6/dist-packages/airflow/example_dags/example_dag_decorator.py took 0.043 seconds
[2021-10-02 06:34:48,118] {scheduler_job.py:182} INFO - Started process (PID=597) to work on /usr/local/lib/python3.6/dist-packages/airflow/example_dags/example_dag_decorator.py
[2021-10-02 06:34:48,118] {scheduler_job.py:629} INFO - Processing file /usr/local/lib/python3.6/dist-packages/airflow/example_dags/example_dag_decorator.py for tasks to queue
[2021-10-02 06:34:48,119] {logging_mixin.py:104} INFO - [2021-10-02 06:34:48,118] {dagbag.py:451} INFO - Filling up the DagBag from /usr/local/lib/python3.6/dist-packages/airflow/example_dags/example_dag_decorator.py
[2021-10-02 06:34:48,126] {scheduler_job.py:639} INFO - DAG(s) dict_keys(['example_dag_decorator']) retrieved from /usr/local/lib/python3.6/dist-packages/airflow/example_dags/example_dag_decorator.py
[2021-10-02 06:34:48,141] {logging_mixin.py:104} INFO - [2021-10-02 06:34:48,141] {dag.py:1824} INFO - Sync 1 DAGs
[2021-10-02 06:34:48,151] {logging_mixin.py:104} INFO - [2021-10-02 06:34:48,151] {dag.py:2280} INFO - Setting next_dagrun for example_dag_decorator to None
[2021-10-02 06:34:48,158] {scheduler_job.py:190} INFO - Processing /usr/local/lib/python3.6/dist-packages/airflow/example_dags/example_dag_decorator.py took 0.042 seconds
[2021-10-02 06:35:18,693] {scheduler_job.py:182} INFO - Started process (PID=671) to work on /usr/local/lib/python3.6/dist-packages/airflow/example_dags/example_dag_decorator.py
[2021-10-02 06:35:18,693] {scheduler_job.py:629} INFO - Processing file /usr/local/lib/python3.6/dist-packages/airflow/example_dags/example_dag_decorator.py for tasks to queue
[2021-10-02 06:35:18,694] {logging_mixin.py:104} INFO - [2021-10-02 06:35:18,694] {dagbag.py:451} INFO - Filling up the DagBag from /usr/local/lib/python3.6/dist-packages/airflow/example_dags/example_dag_decorator.py
[2021-10-02 06:35:18,702] {scheduler_job.py:639} INFO - DAG(s) dict_keys(['example_dag_decorator']) retrieved from /usr/local/lib/python3.6/dist-packages/airflow/example_dags/example_dag_decorator.py
[2021-10-02 06:35:18,715] {logging_mixin.py:104} INFO - [2021-10-02 06:35:18,715] {dag.py:1824} INFO - Sync 1 DAGs
[2021-10-02 06:35:18,722] {logging_mixin.py:104} INFO - [2021-10-02 06:35:18,722] {dag.py:2280} INFO - Setting next_dagrun for example_dag_decorator to None
[2021-10-02 06:35:18,729] {scheduler_job.py:190} INFO - Processing /usr/local/lib/python3.6/dist-packages/airflow/example_dags/example_dag_decorator.py took 0.038 seconds
[2021-10-02 06:35:56,708] {scheduler_job.py:182} INFO - Started process (PID=46) to work on /usr/local/lib/python3.6/dist-packages/airflow/example_dags/example_dag_decorator.py
[2021-10-02 06:35:56,709] {scheduler_job.py:629} INFO - Processing file /usr/local/lib/python3.6/dist-packages/airflow/example_dags/example_dag_decorator.py for tasks to queue
[2021-10-02 06:35:56,709] {logging_mixin.py:104} INFO - [2021-10-02 06:35:56,709] {dagbag.py:451} INFO - Filling up the DagBag from /usr/local/lib/python3.6/dist-packages/airflow/example_dags/example_dag_decorator.py
[2021-10-02 06:35:56,721] {scheduler_job.py:639} INFO - DAG(s) dict_keys(['example_dag_decorator']) retrieved from /usr/local/lib/python3.6/dist-packages/airflow/example_dags/example_dag_decorator.py
[2021-10-02 06:35:56,730] {logging_mixin.py:104} INFO - [2021-10-02 06:35:56,730] {dag.py:1824} INFO - Sync 1 DAGs
[2021-10-02 06:35:56,744] {logging_mixin.py:104} INFO - [2021-10-02 06:35:56,744] {dag.py:2280} INFO - Setting next_dagrun for example_dag_decorator to None
[2021-10-02 06:35:56,751] {scheduler_job.py:190} INFO - Processing /usr/local/lib/python3.6/dist-packages/airflow/example_dags/example_dag_decorator.py took 0.045 seconds
[2021-10-02 06:36:44,442] {scheduler_job.py:182} INFO - Started process (PID=49) to work on /usr/local/lib/python3.6/dist-packages/airflow/example_dags/example_dag_decorator.py
[2021-10-02 06:36:44,443] {scheduler_job.py:629} INFO - Processing file /usr/local/lib/python3.6/dist-packages/airflow/example_dags/example_dag_decorator.py for tasks to queue
[2021-10-02 06:36:44,443] {logging_mixin.py:104} INFO - [2021-10-02 06:36:44,443] {dagbag.py:451} INFO - Filling up the DagBag from /usr/local/lib/python3.6/dist-packages/airflow/example_dags/example_dag_decorator.py
[2021-10-02 06:36:44,454] {scheduler_job.py:639} INFO - DAG(s) dict_keys(['example_dag_decorator']) retrieved from /usr/local/lib/python3.6/dist-packages/airflow/example_dags/example_dag_decorator.py
[2021-10-02 06:36:44,464] {logging_mixin.py:104} INFO - [2021-10-02 06:36:44,464] {dag.py:1824} INFO - Sync 1 DAGs
[2021-10-02 06:36:44,477] {logging_mixin.py:104} INFO - [2021-10-02 06:36:44,477] {dag.py:2280} INFO - Setting next_dagrun for example_dag_decorator to None
[2021-10-02 06:36:44,484] {scheduler_job.py:190} INFO - Processing /usr/local/lib/python3.6/dist-packages/airflow/example_dags/example_dag_decorator.py took 0.044 seconds
[2021-10-02 06:37:14,874] {scheduler_job.py:182} INFO - Started process (PID=186) to work on /usr/local/lib/python3.6/dist-packages/airflow/example_dags/example_dag_decorator.py
[2021-10-02 06:37:14,875] {scheduler_job.py:629} INFO - Processing file /usr/local/lib/python3.6/dist-packages/airflow/example_dags/example_dag_decorator.py for tasks to queue
[2021-10-02 06:37:14,875] {logging_mixin.py:104} INFO - [2021-10-02 06:37:14,875] {dagbag.py:451} INFO - Filling up the DagBag from /usr/local/lib/python3.6/dist-packages/airflow/example_dags/example_dag_decorator.py
[2021-10-02 06:37:14,883] {scheduler_job.py:639} INFO - DAG(s) dict_keys(['example_dag_decorator']) retrieved from /usr/local/lib/python3.6/dist-packages/airflow/example_dags/example_dag_decorator.py
[2021-10-02 06:37:14,896] {logging_mixin.py:104} INFO - [2021-10-02 06:37:14,896] {dag.py:1824} INFO - Sync 1 DAGs
[2021-10-02 06:37:14,904] {logging_mixin.py:104} INFO - [2021-10-02 06:37:14,904] {dag.py:2280} INFO - Setting next_dagrun for example_dag_decorator to None
[2021-10-02 06:37:14,911] {scheduler_job.py:190} INFO - Processing /usr/local/lib/python3.6/dist-packages/airflow/example_dags/example_dag_decorator.py took 0.038 seconds
[2021-10-02 06:37:42,893] {scheduler_job.py:182} INFO - Started process (PID=94) to work on /usr/local/lib/python3.6/dist-packages/airflow/example_dags/example_dag_decorator.py
[2021-10-02 06:37:42,894] {scheduler_job.py:629} INFO - Processing file /usr/local/lib/python3.6/dist-packages/airflow/example_dags/example_dag_decorator.py for tasks to queue
[2021-10-02 06:37:42,894] {logging_mixin.py:104} INFO - [2021-10-02 06:37:42,894] {dagbag.py:451} INFO - Filling up the DagBag from /usr/local/lib/python3.6/dist-packages/airflow/example_dags/example_dag_decorator.py
[2021-10-02 06:37:42,905] {scheduler_job.py:639} INFO - DAG(s) dict_keys(['example_dag_decorator']) retrieved from /usr/local/lib/python3.6/dist-packages/airflow/example_dags/example_dag_decorator.py
[2021-10-02 06:37:42,915] {logging_mixin.py:104} INFO - [2021-10-02 06:37:42,915] {dag.py:1824} INFO - Sync 1 DAGs
[2021-10-02 06:37:42,927] {logging_mixin.py:104} INFO - [2021-10-02 06:37:42,926] {dag.py:2280} INFO - Setting next_dagrun for example_dag_decorator to None
[2021-10-02 06:37:42,935] {scheduler_job.py:190} INFO - Processing /usr/local/lib/python3.6/dist-packages/airflow/example_dags/example_dag_decorator.py took 0.043 seconds
[2021-10-02 06:38:13,422] {scheduler_job.py:182} INFO - Started process (PID=204) to work on /usr/local/lib/python3.6/dist-packages/airflow/example_dags/example_dag_decorator.py
[2021-10-02 06:38:13,422] {scheduler_job.py:629} INFO - Processing file /usr/local/lib/python3.6/dist-packages/airflow/example_dags/example_dag_decorator.py for tasks to queue
[2021-10-02 06:38:13,423] {logging_mixin.py:104} INFO - [2021-10-02 06:38:13,423] {dagbag.py:451} INFO - Filling up the DagBag from /usr/local/lib/python3.6/dist-packages/airflow/example_dags/example_dag_decorator.py
[2021-10-02 06:38:13,431] {scheduler_job.py:639} INFO - DAG(s) dict_keys(['example_dag_decorator']) retrieved from /usr/local/lib/python3.6/dist-packages/airflow/example_dags/example_dag_decorator.py
[2021-10-02 06:38:13,444] {logging_mixin.py:104} INFO - [2021-10-02 06:38:13,444] {dag.py:1824} INFO - Sync 1 DAGs
[2021-10-02 06:38:13,453] {logging_mixin.py:104} INFO - [2021-10-02 06:38:13,453] {dag.py:2280} INFO - Setting next_dagrun for example_dag_decorator to None
[2021-10-02 06:38:13,459] {scheduler_job.py:190} INFO - Processing /usr/local/lib/python3.6/dist-packages/airflow/example_dags/example_dag_decorator.py took 0.039 seconds
[2021-10-02 06:38:44,012] {scheduler_job.py:182} INFO - Started process (PID=284) to work on /usr/local/lib/python3.6/dist-packages/airflow/example_dags/example_dag_decorator.py
[2021-10-02 06:38:44,012] {scheduler_job.py:629} INFO - Processing file /usr/local/lib/python3.6/dist-packages/airflow/example_dags/example_dag_decorator.py for tasks to queue
[2021-10-02 06:38:44,013] {logging_mixin.py:104} INFO - [2021-10-02 06:38:44,013] {dagbag.py:451} INFO - Filling up the DagBag from /usr/local/lib/python3.6/dist-packages/airflow/example_dags/example_dag_decorator.py
[2021-10-02 06:38:44,022] {scheduler_job.py:639} INFO - DAG(s) dict_keys(['example_dag_decorator']) retrieved from /usr/local/lib/python3.6/dist-packages/airflow/example_dags/example_dag_decorator.py
[2021-10-02 06:38:44,037] {logging_mixin.py:104} INFO - [2021-10-02 06:38:44,037] {dag.py:1824} INFO - Sync 1 DAGs
[2021-10-02 06:38:44,051] {logging_mixin.py:104} INFO - [2021-10-02 06:38:44,051] {dag.py:2280} INFO - Setting next_dagrun for example_dag_decorator to None
[2021-10-02 06:38:44,060] {scheduler_job.py:190} INFO - Processing /usr/local/lib/python3.6/dist-packages/airflow/example_dags/example_dag_decorator.py took 0.050 seconds
[2021-10-02 06:39:14,738] {scheduler_job.py:182} INFO - Started process (PID=362) to work on /usr/local/lib/python3.6/dist-packages/airflow/example_dags/example_dag_decorator.py
[2021-10-02 06:39:14,738] {scheduler_job.py:629} INFO - Processing file /usr/local/lib/python3.6/dist-packages/airflow/example_dags/example_dag_decorator.py for tasks to queue
[2021-10-02 06:39:14,739] {logging_mixin.py:104} INFO - [2021-10-02 06:39:14,739] {dagbag.py:451} INFO - Filling up the DagBag from /usr/local/lib/python3.6/dist-packages/airflow/example_dags/example_dag_decorator.py
[2021-10-02 06:39:14,747] {scheduler_job.py:639} INFO - DAG(s) dict_keys(['example_dag_decorator']) retrieved from /usr/local/lib/python3.6/dist-packages/airflow/example_dags/example_dag_decorator.py
[2021-10-02 06:39:14,759] {logging_mixin.py:104} INFO - [2021-10-02 06:39:14,759] {dag.py:1824} INFO - Sync 1 DAGs
[2021-10-02 06:39:14,767] {logging_mixin.py:104} INFO - [2021-10-02 06:39:14,767] {dag.py:2280} INFO - Setting next_dagrun for example_dag_decorator to None
[2021-10-02 06:39:14,774] {scheduler_job.py:190} INFO - Processing /usr/local/lib/python3.6/dist-packages/airflow/example_dags/example_dag_decorator.py took 0.037 seconds
