[2021-10-02 06:31:44,653] {scheduler_job.py:182} INFO - Started process (PID=45) to work on /usr/local/lib/python3.6/dist-packages/airflow/example_dags/tutorial_etl_dag.py
[2021-10-02 06:31:44,654] {scheduler_job.py:629} INFO - Processing file /usr/local/lib/python3.6/dist-packages/airflow/example_dags/tutorial_etl_dag.py for tasks to queue
[2021-10-02 06:31:44,655] {logging_mixin.py:104} INFO - [2021-10-02 06:31:44,655] {dagbag.py:451} INFO - Filling up the DagBag from /usr/local/lib/python3.6/dist-packages/airflow/example_dags/tutorial_etl_dag.py
[2021-10-02 06:31:44,674] {scheduler_job.py:639} INFO - DAG(s) dict_keys(['tutorial_etl_dag']) retrieved from /usr/local/lib/python3.6/dist-packages/airflow/example_dags/tutorial_etl_dag.py
[2021-10-02 06:31:44,705] {logging_mixin.py:104} INFO - [2021-10-02 06:31:44,704] {dag.py:1824} INFO - Sync 1 DAGs
[2021-10-02 06:31:44,720] {logging_mixin.py:104} INFO - [2021-10-02 06:31:44,720] {dag.py:2280} INFO - Setting next_dagrun for tutorial_etl_dag to None
[2021-10-02 06:31:44,730] {scheduler_job.py:190} INFO - Processing /usr/local/lib/python3.6/dist-packages/airflow/example_dags/tutorial_etl_dag.py took 0.079 seconds
[2021-10-02 06:32:15,049] {scheduler_job.py:182} INFO - Started process (PID=210) to work on /usr/local/lib/python3.6/dist-packages/airflow/example_dags/tutorial_etl_dag.py
[2021-10-02 06:32:15,050] {scheduler_job.py:629} INFO - Processing file /usr/local/lib/python3.6/dist-packages/airflow/example_dags/tutorial_etl_dag.py for tasks to queue
[2021-10-02 06:32:15,050] {logging_mixin.py:104} INFO - [2021-10-02 06:32:15,050] {dagbag.py:451} INFO - Filling up the DagBag from /usr/local/lib/python3.6/dist-packages/airflow/example_dags/tutorial_etl_dag.py
[2021-10-02 06:32:15,056] {scheduler_job.py:639} INFO - DAG(s) dict_keys(['tutorial_etl_dag']) retrieved from /usr/local/lib/python3.6/dist-packages/airflow/example_dags/tutorial_etl_dag.py
[2021-10-02 06:32:15,066] {logging_mixin.py:104} INFO - [2021-10-02 06:32:15,066] {dag.py:1824} INFO - Sync 1 DAGs
[2021-10-02 06:32:15,074] {logging_mixin.py:104} INFO - [2021-10-02 06:32:15,074] {dag.py:2280} INFO - Setting next_dagrun for tutorial_etl_dag to None
[2021-10-02 06:32:15,079] {scheduler_job.py:190} INFO - Processing /usr/local/lib/python3.6/dist-packages/airflow/example_dags/tutorial_etl_dag.py took 0.032 seconds
[2021-10-02 06:32:45,492] {scheduler_job.py:182} INFO - Started process (PID=288) to work on /usr/local/lib/python3.6/dist-packages/airflow/example_dags/tutorial_etl_dag.py
[2021-10-02 06:32:45,493] {scheduler_job.py:629} INFO - Processing file /usr/local/lib/python3.6/dist-packages/airflow/example_dags/tutorial_etl_dag.py for tasks to queue
[2021-10-02 06:32:45,493] {logging_mixin.py:104} INFO - [2021-10-02 06:32:45,493] {dagbag.py:451} INFO - Filling up the DagBag from /usr/local/lib/python3.6/dist-packages/airflow/example_dags/tutorial_etl_dag.py
[2021-10-02 06:32:45,500] {scheduler_job.py:639} INFO - DAG(s) dict_keys(['tutorial_etl_dag']) retrieved from /usr/local/lib/python3.6/dist-packages/airflow/example_dags/tutorial_etl_dag.py
[2021-10-02 06:32:45,511] {logging_mixin.py:104} INFO - [2021-10-02 06:32:45,511] {dag.py:1824} INFO - Sync 1 DAGs
[2021-10-02 06:32:45,520] {logging_mixin.py:104} INFO - [2021-10-02 06:32:45,520] {dag.py:2280} INFO - Setting next_dagrun for tutorial_etl_dag to None
[2021-10-02 06:32:45,526] {scheduler_job.py:190} INFO - Processing /usr/local/lib/python3.6/dist-packages/airflow/example_dags/tutorial_etl_dag.py took 0.035 seconds
[2021-10-02 06:33:16,150] {scheduler_job.py:182} INFO - Started process (PID=363) to work on /usr/local/lib/python3.6/dist-packages/airflow/example_dags/tutorial_etl_dag.py
[2021-10-02 06:33:16,151] {scheduler_job.py:629} INFO - Processing file /usr/local/lib/python3.6/dist-packages/airflow/example_dags/tutorial_etl_dag.py for tasks to queue
[2021-10-02 06:33:16,151] {logging_mixin.py:104} INFO - [2021-10-02 06:33:16,151] {dagbag.py:451} INFO - Filling up the DagBag from /usr/local/lib/python3.6/dist-packages/airflow/example_dags/tutorial_etl_dag.py
[2021-10-02 06:33:16,157] {scheduler_job.py:639} INFO - DAG(s) dict_keys(['tutorial_etl_dag']) retrieved from /usr/local/lib/python3.6/dist-packages/airflow/example_dags/tutorial_etl_dag.py
[2021-10-02 06:33:16,168] {logging_mixin.py:104} INFO - [2021-10-02 06:33:16,168] {dag.py:1824} INFO - Sync 1 DAGs
[2021-10-02 06:33:16,177] {logging_mixin.py:104} INFO - [2021-10-02 06:33:16,177] {dag.py:2280} INFO - Setting next_dagrun for tutorial_etl_dag to None
[2021-10-02 06:33:16,182] {scheduler_job.py:190} INFO - Processing /usr/local/lib/python3.6/dist-packages/airflow/example_dags/tutorial_etl_dag.py took 0.033 seconds
[2021-10-02 06:33:46,862] {scheduler_job.py:182} INFO - Started process (PID=442) to work on /usr/local/lib/python3.6/dist-packages/airflow/example_dags/tutorial_etl_dag.py
[2021-10-02 06:33:46,862] {scheduler_job.py:629} INFO - Processing file /usr/local/lib/python3.6/dist-packages/airflow/example_dags/tutorial_etl_dag.py for tasks to queue
[2021-10-02 06:33:46,863] {logging_mixin.py:104} INFO - [2021-10-02 06:33:46,863] {dagbag.py:451} INFO - Filling up the DagBag from /usr/local/lib/python3.6/dist-packages/airflow/example_dags/tutorial_etl_dag.py
[2021-10-02 06:33:46,869] {scheduler_job.py:639} INFO - DAG(s) dict_keys(['tutorial_etl_dag']) retrieved from /usr/local/lib/python3.6/dist-packages/airflow/example_dags/tutorial_etl_dag.py
[2021-10-02 06:33:46,880] {logging_mixin.py:104} INFO - [2021-10-02 06:33:46,880] {dag.py:1824} INFO - Sync 1 DAGs
[2021-10-02 06:33:46,888] {logging_mixin.py:104} INFO - [2021-10-02 06:33:46,888] {dag.py:2280} INFO - Setting next_dagrun for tutorial_etl_dag to None
[2021-10-02 06:33:46,894] {scheduler_job.py:190} INFO - Processing /usr/local/lib/python3.6/dist-packages/airflow/example_dags/tutorial_etl_dag.py took 0.033 seconds
[2021-10-02 06:34:17,539] {scheduler_job.py:182} INFO - Started process (PID=523) to work on /usr/local/lib/python3.6/dist-packages/airflow/example_dags/tutorial_etl_dag.py
[2021-10-02 06:34:17,539] {scheduler_job.py:629} INFO - Processing file /usr/local/lib/python3.6/dist-packages/airflow/example_dags/tutorial_etl_dag.py for tasks to queue
[2021-10-02 06:34:17,539] {logging_mixin.py:104} INFO - [2021-10-02 06:34:17,539] {dagbag.py:451} INFO - Filling up the DagBag from /usr/local/lib/python3.6/dist-packages/airflow/example_dags/tutorial_etl_dag.py
[2021-10-02 06:34:17,546] {scheduler_job.py:639} INFO - DAG(s) dict_keys(['tutorial_etl_dag']) retrieved from /usr/local/lib/python3.6/dist-packages/airflow/example_dags/tutorial_etl_dag.py
[2021-10-02 06:34:17,557] {logging_mixin.py:104} INFO - [2021-10-02 06:34:17,556] {dag.py:1824} INFO - Sync 1 DAGs
[2021-10-02 06:34:17,565] {logging_mixin.py:104} INFO - [2021-10-02 06:34:17,564] {dag.py:2280} INFO - Setting next_dagrun for tutorial_etl_dag to None
[2021-10-02 06:34:17,570] {scheduler_job.py:190} INFO - Processing /usr/local/lib/python3.6/dist-packages/airflow/example_dags/tutorial_etl_dag.py took 0.033 seconds
[2021-10-02 06:34:48,170] {scheduler_job.py:182} INFO - Started process (PID=600) to work on /usr/local/lib/python3.6/dist-packages/airflow/example_dags/tutorial_etl_dag.py
[2021-10-02 06:34:48,170] {scheduler_job.py:629} INFO - Processing file /usr/local/lib/python3.6/dist-packages/airflow/example_dags/tutorial_etl_dag.py for tasks to queue
[2021-10-02 06:34:48,171] {logging_mixin.py:104} INFO - [2021-10-02 06:34:48,171] {dagbag.py:451} INFO - Filling up the DagBag from /usr/local/lib/python3.6/dist-packages/airflow/example_dags/tutorial_etl_dag.py
[2021-10-02 06:34:48,177] {scheduler_job.py:639} INFO - DAG(s) dict_keys(['tutorial_etl_dag']) retrieved from /usr/local/lib/python3.6/dist-packages/airflow/example_dags/tutorial_etl_dag.py
[2021-10-02 06:34:48,188] {logging_mixin.py:104} INFO - [2021-10-02 06:34:48,188] {dag.py:1824} INFO - Sync 1 DAGs
[2021-10-02 06:34:48,197] {logging_mixin.py:104} INFO - [2021-10-02 06:34:48,197] {dag.py:2280} INFO - Setting next_dagrun for tutorial_etl_dag to None
[2021-10-02 06:34:48,202] {scheduler_job.py:190} INFO - Processing /usr/local/lib/python3.6/dist-packages/airflow/example_dags/tutorial_etl_dag.py took 0.034 seconds
[2021-10-02 06:35:18,739] {scheduler_job.py:182} INFO - Started process (PID=674) to work on /usr/local/lib/python3.6/dist-packages/airflow/example_dags/tutorial_etl_dag.py
[2021-10-02 06:35:18,740] {scheduler_job.py:629} INFO - Processing file /usr/local/lib/python3.6/dist-packages/airflow/example_dags/tutorial_etl_dag.py for tasks to queue
[2021-10-02 06:35:18,740] {logging_mixin.py:104} INFO - [2021-10-02 06:35:18,740] {dagbag.py:451} INFO - Filling up the DagBag from /usr/local/lib/python3.6/dist-packages/airflow/example_dags/tutorial_etl_dag.py
[2021-10-02 06:35:18,747] {scheduler_job.py:639} INFO - DAG(s) dict_keys(['tutorial_etl_dag']) retrieved from /usr/local/lib/python3.6/dist-packages/airflow/example_dags/tutorial_etl_dag.py
[2021-10-02 06:35:18,759] {logging_mixin.py:104} INFO - [2021-10-02 06:35:18,758] {dag.py:1824} INFO - Sync 1 DAGs
[2021-10-02 06:35:18,768] {logging_mixin.py:104} INFO - [2021-10-02 06:35:18,768] {dag.py:2280} INFO - Setting next_dagrun for tutorial_etl_dag to None
[2021-10-02 06:35:18,774] {scheduler_job.py:190} INFO - Processing /usr/local/lib/python3.6/dist-packages/airflow/example_dags/tutorial_etl_dag.py took 0.037 seconds
[2021-10-02 06:35:56,719] {scheduler_job.py:182} INFO - Started process (PID=47) to work on /usr/local/lib/python3.6/dist-packages/airflow/example_dags/tutorial_etl_dag.py
[2021-10-02 06:35:56,720] {scheduler_job.py:629} INFO - Processing file /usr/local/lib/python3.6/dist-packages/airflow/example_dags/tutorial_etl_dag.py for tasks to queue
[2021-10-02 06:35:56,720] {logging_mixin.py:104} INFO - [2021-10-02 06:35:56,720] {dagbag.py:451} INFO - Filling up the DagBag from /usr/local/lib/python3.6/dist-packages/airflow/example_dags/tutorial_etl_dag.py
[2021-10-02 06:35:56,727] {scheduler_job.py:639} INFO - DAG(s) dict_keys(['tutorial_etl_dag']) retrieved from /usr/local/lib/python3.6/dist-packages/airflow/example_dags/tutorial_etl_dag.py
[2021-10-02 06:35:56,740] {logging_mixin.py:104} INFO - [2021-10-02 06:35:56,740] {dag.py:1824} INFO - Sync 1 DAGs
[2021-10-02 06:35:56,748] {logging_mixin.py:104} INFO - [2021-10-02 06:35:56,748] {dag.py:2280} INFO - Setting next_dagrun for tutorial_etl_dag to None
[2021-10-02 06:35:56,754] {scheduler_job.py:190} INFO - Processing /usr/local/lib/python3.6/dist-packages/airflow/example_dags/tutorial_etl_dag.py took 0.036 seconds
[2021-10-02 06:36:45,259] {scheduler_job.py:182} INFO - Started process (PID=79) to work on /usr/local/lib/python3.6/dist-packages/airflow/example_dags/tutorial_etl_dag.py
[2021-10-02 06:36:45,260] {scheduler_job.py:629} INFO - Processing file /usr/local/lib/python3.6/dist-packages/airflow/example_dags/tutorial_etl_dag.py for tasks to queue
[2021-10-02 06:36:45,260] {logging_mixin.py:104} INFO - [2021-10-02 06:36:45,260] {dagbag.py:451} INFO - Filling up the DagBag from /usr/local/lib/python3.6/dist-packages/airflow/example_dags/tutorial_etl_dag.py
[2021-10-02 06:36:45,270] {scheduler_job.py:639} INFO - DAG(s) dict_keys(['tutorial_etl_dag']) retrieved from /usr/local/lib/python3.6/dist-packages/airflow/example_dags/tutorial_etl_dag.py
[2021-10-02 06:36:45,288] {logging_mixin.py:104} INFO - [2021-10-02 06:36:45,288] {dag.py:1824} INFO - Sync 1 DAGs
[2021-10-02 06:36:45,302] {logging_mixin.py:104} INFO - [2021-10-02 06:36:45,302] {dag.py:2280} INFO - Setting next_dagrun for tutorial_etl_dag to None
[2021-10-02 06:36:45,309] {scheduler_job.py:190} INFO - Processing /usr/local/lib/python3.6/dist-packages/airflow/example_dags/tutorial_etl_dag.py took 0.052 seconds
[2021-10-02 06:37:15,350] {scheduler_job.py:182} INFO - Started process (PID=200) to work on /usr/local/lib/python3.6/dist-packages/airflow/example_dags/tutorial_etl_dag.py
[2021-10-02 06:37:15,351] {scheduler_job.py:629} INFO - Processing file /usr/local/lib/python3.6/dist-packages/airflow/example_dags/tutorial_etl_dag.py for tasks to queue
[2021-10-02 06:37:15,351] {logging_mixin.py:104} INFO - [2021-10-02 06:37:15,351] {dagbag.py:451} INFO - Filling up the DagBag from /usr/local/lib/python3.6/dist-packages/airflow/example_dags/tutorial_etl_dag.py
[2021-10-02 06:37:15,361] {scheduler_job.py:639} INFO - DAG(s) dict_keys(['tutorial_etl_dag']) retrieved from /usr/local/lib/python3.6/dist-packages/airflow/example_dags/tutorial_etl_dag.py
[2021-10-02 06:37:15,376] {logging_mixin.py:104} INFO - [2021-10-02 06:37:15,376] {dag.py:1824} INFO - Sync 1 DAGs
[2021-10-02 06:37:15,386] {logging_mixin.py:104} INFO - [2021-10-02 06:37:15,386] {dag.py:2280} INFO - Setting next_dagrun for tutorial_etl_dag to None
[2021-10-02 06:37:15,395] {scheduler_job.py:190} INFO - Processing /usr/local/lib/python3.6/dist-packages/airflow/example_dags/tutorial_etl_dag.py took 0.048 seconds
[2021-10-02 06:37:41,961] {scheduler_job.py:182} INFO - Started process (PID=64) to work on /usr/local/lib/python3.6/dist-packages/airflow/example_dags/tutorial_etl_dag.py
[2021-10-02 06:37:41,961] {scheduler_job.py:629} INFO - Processing file /usr/local/lib/python3.6/dist-packages/airflow/example_dags/tutorial_etl_dag.py for tasks to queue
[2021-10-02 06:37:41,962] {logging_mixin.py:104} INFO - [2021-10-02 06:37:41,962] {dagbag.py:451} INFO - Filling up the DagBag from /usr/local/lib/python3.6/dist-packages/airflow/example_dags/tutorial_etl_dag.py
[2021-10-02 06:37:41,970] {scheduler_job.py:639} INFO - DAG(s) dict_keys(['tutorial_etl_dag']) retrieved from /usr/local/lib/python3.6/dist-packages/airflow/example_dags/tutorial_etl_dag.py
[2021-10-02 06:37:41,985] {logging_mixin.py:104} INFO - [2021-10-02 06:37:41,985] {dag.py:1824} INFO - Sync 1 DAGs
[2021-10-02 06:37:41,996] {logging_mixin.py:104} INFO - [2021-10-02 06:37:41,996] {dag.py:2280} INFO - Setting next_dagrun for tutorial_etl_dag to None
[2021-10-02 06:37:42,004] {scheduler_job.py:190} INFO - Processing /usr/local/lib/python3.6/dist-packages/airflow/example_dags/tutorial_etl_dag.py took 0.045 seconds
[2021-10-02 06:38:12,196] {scheduler_job.py:182} INFO - Started process (PID=194) to work on /usr/local/lib/python3.6/dist-packages/airflow/example_dags/tutorial_etl_dag.py
[2021-10-02 06:38:12,197] {scheduler_job.py:629} INFO - Processing file /usr/local/lib/python3.6/dist-packages/airflow/example_dags/tutorial_etl_dag.py for tasks to queue
[2021-10-02 06:38:12,197] {logging_mixin.py:104} INFO - [2021-10-02 06:38:12,197] {dagbag.py:451} INFO - Filling up the DagBag from /usr/local/lib/python3.6/dist-packages/airflow/example_dags/tutorial_etl_dag.py
[2021-10-02 06:38:12,204] {scheduler_job.py:639} INFO - DAG(s) dict_keys(['tutorial_etl_dag']) retrieved from /usr/local/lib/python3.6/dist-packages/airflow/example_dags/tutorial_etl_dag.py
[2021-10-02 06:38:12,215] {logging_mixin.py:104} INFO - [2021-10-02 06:38:12,215] {dag.py:1824} INFO - Sync 1 DAGs
[2021-10-02 06:38:12,224] {logging_mixin.py:104} INFO - [2021-10-02 06:38:12,223] {dag.py:2280} INFO - Setting next_dagrun for tutorial_etl_dag to None
[2021-10-02 06:38:12,229] {scheduler_job.py:190} INFO - Processing /usr/local/lib/python3.6/dist-packages/airflow/example_dags/tutorial_etl_dag.py took 0.035 seconds
[2021-10-02 06:38:42,795] {scheduler_job.py:182} INFO - Started process (PID=275) to work on /usr/local/lib/python3.6/dist-packages/airflow/example_dags/tutorial_etl_dag.py
[2021-10-02 06:38:42,796] {scheduler_job.py:629} INFO - Processing file /usr/local/lib/python3.6/dist-packages/airflow/example_dags/tutorial_etl_dag.py for tasks to queue
[2021-10-02 06:38:42,797] {logging_mixin.py:104} INFO - [2021-10-02 06:38:42,797] {dagbag.py:451} INFO - Filling up the DagBag from /usr/local/lib/python3.6/dist-packages/airflow/example_dags/tutorial_etl_dag.py
[2021-10-02 06:38:42,807] {scheduler_job.py:639} INFO - DAG(s) dict_keys(['tutorial_etl_dag']) retrieved from /usr/local/lib/python3.6/dist-packages/airflow/example_dags/tutorial_etl_dag.py
[2021-10-02 06:38:42,824] {logging_mixin.py:104} INFO - [2021-10-02 06:38:42,824] {dag.py:1824} INFO - Sync 1 DAGs
[2021-10-02 06:38:42,836] {logging_mixin.py:104} INFO - [2021-10-02 06:38:42,836] {dag.py:2280} INFO - Setting next_dagrun for tutorial_etl_dag to None
[2021-10-02 06:38:42,843] {scheduler_job.py:190} INFO - Processing /usr/local/lib/python3.6/dist-packages/airflow/example_dags/tutorial_etl_dag.py took 0.051 seconds
[2021-10-02 06:39:13,525] {scheduler_job.py:182} INFO - Started process (PID=353) to work on /usr/local/lib/python3.6/dist-packages/airflow/example_dags/tutorial_etl_dag.py
[2021-10-02 06:39:13,526] {scheduler_job.py:629} INFO - Processing file /usr/local/lib/python3.6/dist-packages/airflow/example_dags/tutorial_etl_dag.py for tasks to queue
[2021-10-02 06:39:13,526] {logging_mixin.py:104} INFO - [2021-10-02 06:39:13,526] {dagbag.py:451} INFO - Filling up the DagBag from /usr/local/lib/python3.6/dist-packages/airflow/example_dags/tutorial_etl_dag.py
[2021-10-02 06:39:13,533] {scheduler_job.py:639} INFO - DAG(s) dict_keys(['tutorial_etl_dag']) retrieved from /usr/local/lib/python3.6/dist-packages/airflow/example_dags/tutorial_etl_dag.py
[2021-10-02 06:39:13,544] {logging_mixin.py:104} INFO - [2021-10-02 06:39:13,544] {dag.py:1824} INFO - Sync 1 DAGs
[2021-10-02 06:39:13,552] {logging_mixin.py:104} INFO - [2021-10-02 06:39:13,552] {dag.py:2280} INFO - Setting next_dagrun for tutorial_etl_dag to None
[2021-10-02 06:39:13,558] {scheduler_job.py:190} INFO - Processing /usr/local/lib/python3.6/dist-packages/airflow/example_dags/tutorial_etl_dag.py took 0.035 seconds
