[2021-09-30 07:30:45,332] {scheduler_job.py:182} INFO - Started process (PID=57) to work on /srv/app/airflow/dags/hello.py
[2021-09-30 07:30:45,333] {scheduler_job.py:629} INFO - Processing file /srv/app/airflow/dags/hello.py for tasks to queue
[2021-09-30 07:30:45,333] {logging_mixin.py:104} INFO - [2021-09-30 07:30:45,333] {dagbag.py:451} INFO - Filling up the DagBag from /srv/app/airflow/dags/hello.py
[2021-09-30 07:30:45,366] {logging_mixin.py:104} WARNING - /usr/local/lib/python3.6/dist-packages/airflow/utils/decorators.py:94 DeprecationWarning: provide_context is deprecated as of 2.0 and is no longer required
[2021-09-30 07:30:45,369] {scheduler_job.py:639} INFO - DAG(s) dict_keys(['hello_airflow1']) retrieved from /srv/app/airflow/dags/hello.py
[2021-09-30 07:30:45,377] {logging_mixin.py:104} INFO - [2021-09-30 07:30:45,377] {dag.py:1824} INFO - Sync 1 DAGs
[2021-09-30 07:30:45,388] {logging_mixin.py:104} INFO - [2021-09-30 07:30:45,388] {dag.py:2280} INFO - Setting next_dagrun for hello_airflow1 to 2021-09-29 00:00:00+00:00
[2021-09-30 07:30:45,393] {scheduler_job.py:190} INFO - Processing /srv/app/airflow/dags/hello.py took 0.062 seconds
[2021-09-30 07:31:15,584] {scheduler_job.py:182} INFO - Started process (PID=227) to work on /srv/app/airflow/dags/hello.py
[2021-09-30 07:31:15,584] {scheduler_job.py:629} INFO - Processing file /srv/app/airflow/dags/hello.py for tasks to queue
[2021-09-30 07:31:15,585] {logging_mixin.py:104} INFO - [2021-09-30 07:31:15,585] {dagbag.py:451} INFO - Filling up the DagBag from /srv/app/airflow/dags/hello.py
[2021-09-30 07:31:15,635] {logging_mixin.py:104} WARNING - /usr/local/lib/python3.6/dist-packages/airflow/utils/decorators.py:94 DeprecationWarning: provide_context is deprecated as of 2.0 and is no longer required
[2021-09-30 07:31:15,641] {scheduler_job.py:639} INFO - DAG(s) dict_keys(['hello_airflow1']) retrieved from /srv/app/airflow/dags/hello.py
[2021-09-30 07:31:15,658] {logging_mixin.py:104} INFO - [2021-09-30 07:31:15,658] {dag.py:1824} INFO - Sync 1 DAGs
[2021-09-30 07:31:15,674] {logging_mixin.py:104} INFO - [2021-09-30 07:31:15,674] {dag.py:2280} INFO - Setting next_dagrun for hello_airflow1 to 2021-09-29 00:00:00+00:00
[2021-09-30 07:31:15,683] {scheduler_job.py:190} INFO - Processing /srv/app/airflow/dags/hello.py took 0.101 seconds
[2021-09-30 07:31:46,756] {scheduler_job.py:182} INFO - Started process (PID=309) to work on /srv/app/airflow/dags/hello.py
[2021-09-30 07:31:46,757] {scheduler_job.py:629} INFO - Processing file /srv/app/airflow/dags/hello.py for tasks to queue
[2021-09-30 07:31:46,757] {logging_mixin.py:104} INFO - [2021-09-30 07:31:46,757] {dagbag.py:451} INFO - Filling up the DagBag from /srv/app/airflow/dags/hello.py
[2021-09-30 07:31:46,791] {logging_mixin.py:104} WARNING - /usr/local/lib/python3.6/dist-packages/airflow/utils/decorators.py:94 DeprecationWarning: provide_context is deprecated as of 2.0 and is no longer required
[2021-09-30 07:31:46,794] {scheduler_job.py:639} INFO - DAG(s) dict_keys(['hello_airflow1']) retrieved from /srv/app/airflow/dags/hello.py
[2021-09-30 07:31:46,806] {logging_mixin.py:104} INFO - [2021-09-30 07:31:46,806] {dag.py:1824} INFO - Sync 1 DAGs
[2021-09-30 07:31:46,818] {logging_mixin.py:104} INFO - [2021-09-30 07:31:46,818] {dag.py:2280} INFO - Setting next_dagrun for hello_airflow1 to 2021-09-29 00:00:00+00:00
[2021-09-30 07:31:46,823] {scheduler_job.py:190} INFO - Processing /srv/app/airflow/dags/hello.py took 0.069 seconds
[2021-09-30 07:32:17,197] {scheduler_job.py:182} INFO - Started process (PID=387) to work on /srv/app/airflow/dags/hello.py
[2021-09-30 07:32:17,198] {scheduler_job.py:629} INFO - Processing file /srv/app/airflow/dags/hello.py for tasks to queue
[2021-09-30 07:32:17,198] {logging_mixin.py:104} INFO - [2021-09-30 07:32:17,198] {dagbag.py:451} INFO - Filling up the DagBag from /srv/app/airflow/dags/hello.py
[2021-09-30 07:32:17,230] {logging_mixin.py:104} WARNING - /usr/local/lib/python3.6/dist-packages/airflow/utils/decorators.py:94 DeprecationWarning: provide_context is deprecated as of 2.0 and is no longer required
[2021-09-30 07:32:17,233] {scheduler_job.py:639} INFO - DAG(s) dict_keys(['hello_airflow1']) retrieved from /srv/app/airflow/dags/hello.py
[2021-09-30 07:32:17,245] {logging_mixin.py:104} INFO - [2021-09-30 07:32:17,245] {dag.py:1824} INFO - Sync 1 DAGs
[2021-09-30 07:32:17,256] {logging_mixin.py:104} INFO - [2021-09-30 07:32:17,255] {dag.py:2280} INFO - Setting next_dagrun for hello_airflow1 to 2021-09-29 00:00:00+00:00
[2021-09-30 07:32:17,260] {scheduler_job.py:190} INFO - Processing /srv/app/airflow/dags/hello.py took 0.065 seconds
[2021-09-30 07:32:47,986] {scheduler_job.py:182} INFO - Started process (PID=472) to work on /srv/app/airflow/dags/hello.py
[2021-09-30 07:32:47,987] {scheduler_job.py:629} INFO - Processing file /srv/app/airflow/dags/hello.py for tasks to queue
[2021-09-30 07:32:47,988] {logging_mixin.py:104} INFO - [2021-09-30 07:32:47,987] {dagbag.py:451} INFO - Filling up the DagBag from /srv/app/airflow/dags/hello.py
[2021-09-30 07:32:48,029] {logging_mixin.py:104} WARNING - /usr/local/lib/python3.6/dist-packages/airflow/utils/decorators.py:94 DeprecationWarning: provide_context is deprecated as of 2.0 and is no longer required
[2021-09-30 07:32:48,033] {scheduler_job.py:639} INFO - DAG(s) dict_keys(['hello_airflow1']) retrieved from /srv/app/airflow/dags/hello.py
[2021-09-30 07:32:48,048] {logging_mixin.py:104} INFO - [2021-09-30 07:32:48,048] {dag.py:1824} INFO - Sync 1 DAGs
[2021-09-30 07:32:48,059] {logging_mixin.py:104} INFO - [2021-09-30 07:32:48,059] {dag.py:2280} INFO - Setting next_dagrun for hello_airflow1 to 2021-09-29 00:00:00+00:00
[2021-09-30 07:32:48,065] {scheduler_job.py:190} INFO - Processing /srv/app/airflow/dags/hello.py took 0.081 seconds
[2021-09-30 07:33:43,320] {scheduler_job.py:182} INFO - Started process (PID=74) to work on /srv/app/airflow/dags/hello.py
[2021-09-30 07:33:43,321] {scheduler_job.py:629} INFO - Processing file /srv/app/airflow/dags/hello.py for tasks to queue
[2021-09-30 07:33:43,321] {logging_mixin.py:104} INFO - [2021-09-30 07:33:43,321] {dagbag.py:451} INFO - Filling up the DagBag from /srv/app/airflow/dags/hello.py
[2021-09-30 07:33:43,401] {logging_mixin.py:104} WARNING - /usr/local/lib/python3.6/dist-packages/airflow/utils/decorators.py:94 DeprecationWarning: provide_context is deprecated as of 2.0 and is no longer required
[2021-09-30 07:33:43,405] {scheduler_job.py:639} INFO - DAG(s) dict_keys(['hello_airflow1']) retrieved from /srv/app/airflow/dags/hello.py
[2021-09-30 07:33:43,420] {logging_mixin.py:104} INFO - [2021-09-30 07:33:43,420] {dag.py:1824} INFO - Sync 1 DAGs
[2021-09-30 07:33:43,433] {logging_mixin.py:104} INFO - [2021-09-30 07:33:43,433] {dag.py:2280} INFO - Setting next_dagrun for hello_airflow1 to 2021-09-29 00:00:00+00:00
[2021-09-30 07:33:43,439] {scheduler_job.py:190} INFO - Processing /srv/app/airflow/dags/hello.py took 0.121 seconds
[2021-09-30 07:34:15,003] {scheduler_job.py:182} INFO - Started process (PID=219) to work on /srv/app/airflow/dags/hello.py
[2021-09-30 07:34:15,004] {scheduler_job.py:629} INFO - Processing file /srv/app/airflow/dags/hello.py for tasks to queue
[2021-09-30 07:34:15,004] {logging_mixin.py:104} INFO - [2021-09-30 07:34:15,004] {dagbag.py:451} INFO - Filling up the DagBag from /srv/app/airflow/dags/hello.py
[2021-09-30 07:34:15,052] {logging_mixin.py:104} WARNING - /usr/local/lib/python3.6/dist-packages/airflow/utils/decorators.py:94 DeprecationWarning: provide_context is deprecated as of 2.0 and is no longer required
[2021-09-30 07:34:15,056] {scheduler_job.py:639} INFO - DAG(s) dict_keys(['hello_airflow1']) retrieved from /srv/app/airflow/dags/hello.py
[2021-09-30 07:34:15,073] {logging_mixin.py:104} INFO - [2021-09-30 07:34:15,072] {dag.py:1824} INFO - Sync 1 DAGs
[2021-09-30 07:34:15,086] {logging_mixin.py:104} INFO - [2021-09-30 07:34:15,086] {dag.py:2280} INFO - Setting next_dagrun for hello_airflow1 to 2021-09-29 00:00:00+00:00
[2021-09-30 07:34:15,091] {scheduler_job.py:190} INFO - Processing /srv/app/airflow/dags/hello.py took 0.090 seconds
[2021-09-30 07:34:46,043] {scheduler_job.py:182} INFO - Started process (PID=289) to work on /srv/app/airflow/dags/hello.py
[2021-09-30 07:34:46,043] {scheduler_job.py:629} INFO - Processing file /srv/app/airflow/dags/hello.py for tasks to queue
[2021-09-30 07:34:46,044] {logging_mixin.py:104} INFO - [2021-09-30 07:34:46,044] {dagbag.py:451} INFO - Filling up the DagBag from /srv/app/airflow/dags/hello.py
[2021-09-30 07:34:46,097] {logging_mixin.py:104} WARNING - /usr/local/lib/python3.6/dist-packages/airflow/utils/decorators.py:94 DeprecationWarning: provide_context is deprecated as of 2.0 and is no longer required
[2021-09-30 07:34:46,103] {scheduler_job.py:639} INFO - DAG(s) dict_keys(['hello_airflow1']) retrieved from /srv/app/airflow/dags/hello.py
[2021-09-30 07:34:46,124] {logging_mixin.py:104} INFO - [2021-09-30 07:34:46,124] {dag.py:1824} INFO - Sync 1 DAGs
[2021-09-30 07:34:46,150] {logging_mixin.py:104} INFO - [2021-09-30 07:34:46,150] {dag.py:2280} INFO - Setting next_dagrun for hello_airflow1 to 2021-09-29 00:00:00+00:00
[2021-09-30 07:34:46,161] {scheduler_job.py:190} INFO - Processing /srv/app/airflow/dags/hello.py took 0.120 seconds
[2021-09-30 07:36:11,798] {scheduler_job.py:182} INFO - Started process (PID=61) to work on /srv/app/airflow/dags/hello.py
[2021-09-30 07:36:11,799] {scheduler_job.py:629} INFO - Processing file /srv/app/airflow/dags/hello.py for tasks to queue
[2021-09-30 07:36:11,799] {logging_mixin.py:104} INFO - [2021-09-30 07:36:11,799] {dagbag.py:451} INFO - Filling up the DagBag from /srv/app/airflow/dags/hello.py
[2021-09-30 07:36:11,836] {logging_mixin.py:104} WARNING - /usr/local/lib/python3.6/dist-packages/airflow/utils/decorators.py:94 DeprecationWarning: provide_context is deprecated as of 2.0 and is no longer required
[2021-09-30 07:36:11,839] {scheduler_job.py:639} INFO - DAG(s) dict_keys(['hello_airflow1']) retrieved from /srv/app/airflow/dags/hello.py
[2021-09-30 07:36:11,852] {logging_mixin.py:104} INFO - [2021-09-30 07:36:11,852] {dag.py:1824} INFO - Sync 1 DAGs
[2021-09-30 07:36:11,864] {logging_mixin.py:104} INFO - [2021-09-30 07:36:11,864] {dag.py:2280} INFO - Setting next_dagrun for hello_airflow1 to 2021-09-29 00:00:00+00:00
[2021-09-30 07:36:11,869] {scheduler_job.py:190} INFO - Processing /srv/app/airflow/dags/hello.py took 0.072 seconds
[2021-09-30 07:36:42,691] {scheduler_job.py:182} INFO - Started process (PID=198) to work on /srv/app/airflow/dags/hello.py
[2021-09-30 07:36:42,692] {scheduler_job.py:629} INFO - Processing file /srv/app/airflow/dags/hello.py for tasks to queue
[2021-09-30 07:36:42,693] {logging_mixin.py:104} INFO - [2021-09-30 07:36:42,693] {dagbag.py:451} INFO - Filling up the DagBag from /srv/app/airflow/dags/hello.py
[2021-09-30 07:36:42,738] {logging_mixin.py:104} WARNING - /usr/local/lib/python3.6/dist-packages/airflow/utils/decorators.py:94 DeprecationWarning: provide_context is deprecated as of 2.0 and is no longer required
[2021-09-30 07:36:42,742] {scheduler_job.py:639} INFO - DAG(s) dict_keys(['hello_airflow1']) retrieved from /srv/app/airflow/dags/hello.py
[2021-09-30 07:36:42,756] {logging_mixin.py:104} INFO - [2021-09-30 07:36:42,756] {dag.py:1824} INFO - Sync 1 DAGs
[2021-09-30 07:36:42,768] {logging_mixin.py:104} INFO - [2021-09-30 07:36:42,768] {dag.py:2280} INFO - Setting next_dagrun for hello_airflow1 to 2021-09-29 00:00:00+00:00
[2021-09-30 07:36:42,775] {scheduler_job.py:190} INFO - Processing /srv/app/airflow/dags/hello.py took 0.086 seconds
[2021-09-30 07:37:29,344] {scheduler_job.py:182} INFO - Started process (PID=70) to work on /srv/app/airflow/dags/hello.py
[2021-09-30 07:37:29,345] {scheduler_job.py:629} INFO - Processing file /srv/app/airflow/dags/hello.py for tasks to queue
[2021-09-30 07:37:29,345] {logging_mixin.py:104} INFO - [2021-09-30 07:37:29,345] {dagbag.py:451} INFO - Filling up the DagBag from /srv/app/airflow/dags/hello.py
[2021-09-30 07:37:29,392] {logging_mixin.py:104} WARNING - /usr/local/lib/python3.6/dist-packages/airflow/utils/decorators.py:94 DeprecationWarning: provide_context is deprecated as of 2.0 and is no longer required
[2021-09-30 07:37:29,396] {scheduler_job.py:639} INFO - DAG(s) dict_keys(['hello_airflow1']) retrieved from /srv/app/airflow/dags/hello.py
[2021-09-30 07:37:29,411] {logging_mixin.py:104} INFO - [2021-09-30 07:37:29,411] {dag.py:1824} INFO - Sync 1 DAGs
[2021-09-30 07:37:29,424] {logging_mixin.py:104} INFO - [2021-09-30 07:37:29,424] {dag.py:2280} INFO - Setting next_dagrun for hello_airflow1 to 2021-09-29 00:00:00+00:00
[2021-09-30 07:37:29,429] {scheduler_job.py:190} INFO - Processing /srv/app/airflow/dags/hello.py took 0.087 seconds
[2021-09-30 07:38:00,367] {scheduler_job.py:182} INFO - Started process (PID=205) to work on /srv/app/airflow/dags/hello.py
[2021-09-30 07:38:00,367] {scheduler_job.py:629} INFO - Processing file /srv/app/airflow/dags/hello.py for tasks to queue
[2021-09-30 07:38:00,368] {logging_mixin.py:104} INFO - [2021-09-30 07:38:00,367] {dagbag.py:451} INFO - Filling up the DagBag from /srv/app/airflow/dags/hello.py
[2021-09-30 07:38:00,406] {logging_mixin.py:104} WARNING - /usr/local/lib/python3.6/dist-packages/airflow/utils/decorators.py:94 DeprecationWarning: provide_context is deprecated as of 2.0 and is no longer required
[2021-09-30 07:38:00,409] {scheduler_job.py:639} INFO - DAG(s) dict_keys(['hello_airflow1']) retrieved from /srv/app/airflow/dags/hello.py
[2021-09-30 07:38:00,421] {logging_mixin.py:104} INFO - [2021-09-30 07:38:00,421] {dag.py:1824} INFO - Sync 1 DAGs
[2021-09-30 07:38:00,430] {logging_mixin.py:104} INFO - [2021-09-30 07:38:00,430] {dag.py:2280} INFO - Setting next_dagrun for hello_airflow1 to 2021-09-29 00:00:00+00:00
[2021-09-30 07:38:00,434] {scheduler_job.py:190} INFO - Processing /srv/app/airflow/dags/hello.py took 0.069 seconds
[2021-09-30 07:38:31,047] {scheduler_job.py:182} INFO - Started process (PID=283) to work on /srv/app/airflow/dags/hello.py
[2021-09-30 07:38:31,047] {scheduler_job.py:629} INFO - Processing file /srv/app/airflow/dags/hello.py for tasks to queue
[2021-09-30 07:38:31,048] {logging_mixin.py:104} INFO - [2021-09-30 07:38:31,048] {dagbag.py:451} INFO - Filling up the DagBag from /srv/app/airflow/dags/hello.py
[2021-09-30 07:38:31,081] {logging_mixin.py:104} WARNING - /usr/local/lib/python3.6/dist-packages/airflow/utils/decorators.py:94 DeprecationWarning: provide_context is deprecated as of 2.0 and is no longer required
[2021-09-30 07:38:31,084] {scheduler_job.py:639} INFO - DAG(s) dict_keys(['hello_airflow1']) retrieved from /srv/app/airflow/dags/hello.py
[2021-09-30 07:38:31,097] {logging_mixin.py:104} INFO - [2021-09-30 07:38:31,097] {dag.py:1824} INFO - Sync 1 DAGs
[2021-09-30 07:38:31,106] {logging_mixin.py:104} INFO - [2021-09-30 07:38:31,106] {dag.py:2280} INFO - Setting next_dagrun for hello_airflow1 to 2021-09-29 00:00:00+00:00
[2021-09-30 07:38:31,110] {scheduler_job.py:190} INFO - Processing /srv/app/airflow/dags/hello.py took 0.065 seconds
[2021-09-30 07:39:01,723] {scheduler_job.py:182} INFO - Started process (PID=357) to work on /srv/app/airflow/dags/hello.py
[2021-09-30 07:39:01,724] {scheduler_job.py:629} INFO - Processing file /srv/app/airflow/dags/hello.py for tasks to queue
[2021-09-30 07:39:01,724] {logging_mixin.py:104} INFO - [2021-09-30 07:39:01,724] {dagbag.py:451} INFO - Filling up the DagBag from /srv/app/airflow/dags/hello.py
[2021-09-30 07:39:01,767] {logging_mixin.py:104} WARNING - /usr/local/lib/python3.6/dist-packages/airflow/utils/decorators.py:94 DeprecationWarning: provide_context is deprecated as of 2.0 and is no longer required
[2021-09-30 07:39:01,770] {scheduler_job.py:639} INFO - DAG(s) dict_keys(['hello_airflow1']) retrieved from /srv/app/airflow/dags/hello.py
[2021-09-30 07:39:01,782] {logging_mixin.py:104} INFO - [2021-09-30 07:39:01,782] {dag.py:1824} INFO - Sync 1 DAGs
[2021-09-30 07:39:01,791] {logging_mixin.py:104} INFO - [2021-09-30 07:39:01,791] {dag.py:2280} INFO - Setting next_dagrun for hello_airflow1 to 2021-09-29 00:00:00+00:00
[2021-09-30 07:39:01,795] {scheduler_job.py:190} INFO - Processing /srv/app/airflow/dags/hello.py took 0.075 seconds
[2021-09-30 07:39:32,436] {scheduler_job.py:182} INFO - Started process (PID=441) to work on /srv/app/airflow/dags/hello.py
[2021-09-30 07:39:32,437] {scheduler_job.py:629} INFO - Processing file /srv/app/airflow/dags/hello.py for tasks to queue
[2021-09-30 07:39:32,437] {logging_mixin.py:104} INFO - [2021-09-30 07:39:32,437] {dagbag.py:451} INFO - Filling up the DagBag from /srv/app/airflow/dags/hello.py
[2021-09-30 07:39:32,471] {logging_mixin.py:104} WARNING - /usr/local/lib/python3.6/dist-packages/airflow/utils/decorators.py:94 DeprecationWarning: provide_context is deprecated as of 2.0 and is no longer required
[2021-09-30 07:39:32,474] {scheduler_job.py:639} INFO - DAG(s) dict_keys(['hello_airflow1']) retrieved from /srv/app/airflow/dags/hello.py
[2021-09-30 07:39:32,489] {logging_mixin.py:104} INFO - [2021-09-30 07:39:32,489] {dag.py:1824} INFO - Sync 1 DAGs
[2021-09-30 07:39:32,502] {logging_mixin.py:104} INFO - [2021-09-30 07:39:32,501] {dag.py:2280} INFO - Setting next_dagrun for hello_airflow1 to 2021-09-29 00:00:00+00:00
[2021-09-30 07:39:32,508] {scheduler_job.py:190} INFO - Processing /srv/app/airflow/dags/hello.py took 0.074 seconds
[2021-09-30 07:40:02,705] {scheduler_job.py:182} INFO - Started process (PID=516) to work on /srv/app/airflow/dags/hello.py
[2021-09-30 07:40:02,706] {scheduler_job.py:629} INFO - Processing file /srv/app/airflow/dags/hello.py for tasks to queue
[2021-09-30 07:40:02,706] {logging_mixin.py:104} INFO - [2021-09-30 07:40:02,706] {dagbag.py:451} INFO - Filling up the DagBag from /srv/app/airflow/dags/hello.py
[2021-09-30 07:40:02,742] {logging_mixin.py:104} WARNING - /usr/local/lib/python3.6/dist-packages/airflow/utils/decorators.py:94 DeprecationWarning: provide_context is deprecated as of 2.0 and is no longer required
[2021-09-30 07:40:02,745] {scheduler_job.py:639} INFO - DAG(s) dict_keys(['hello_airflow1']) retrieved from /srv/app/airflow/dags/hello.py
[2021-09-30 07:40:02,758] {logging_mixin.py:104} INFO - [2021-09-30 07:40:02,758] {dag.py:1824} INFO - Sync 1 DAGs
[2021-09-30 07:40:02,767] {logging_mixin.py:104} INFO - [2021-09-30 07:40:02,767] {dag.py:2280} INFO - Setting next_dagrun for hello_airflow1 to 2021-09-29 00:00:00+00:00
[2021-09-30 07:40:02,772] {scheduler_job.py:190} INFO - Processing /srv/app/airflow/dags/hello.py took 0.068 seconds
[2021-09-30 07:40:33,355] {scheduler_job.py:182} INFO - Started process (PID=590) to work on /srv/app/airflow/dags/hello.py
[2021-09-30 07:40:33,356] {scheduler_job.py:629} INFO - Processing file /srv/app/airflow/dags/hello.py for tasks to queue
[2021-09-30 07:40:33,356] {logging_mixin.py:104} INFO - [2021-09-30 07:40:33,356] {dagbag.py:451} INFO - Filling up the DagBag from /srv/app/airflow/dags/hello.py
[2021-09-30 07:40:33,391] {logging_mixin.py:104} WARNING - /usr/local/lib/python3.6/dist-packages/airflow/utils/decorators.py:94 DeprecationWarning: provide_context is deprecated as of 2.0 and is no longer required
[2021-09-30 07:40:33,395] {scheduler_job.py:639} INFO - DAG(s) dict_keys(['hello_airflow1']) retrieved from /srv/app/airflow/dags/hello.py
[2021-09-30 07:40:33,407] {logging_mixin.py:104} INFO - [2021-09-30 07:40:33,407] {dag.py:1824} INFO - Sync 1 DAGs
[2021-09-30 07:40:33,416] {logging_mixin.py:104} INFO - [2021-09-30 07:40:33,416] {dag.py:2280} INFO - Setting next_dagrun for hello_airflow1 to 2021-09-29 00:00:00+00:00
[2021-09-30 07:40:33,421] {scheduler_job.py:190} INFO - Processing /srv/app/airflow/dags/hello.py took 0.068 seconds
[2021-09-30 07:41:04,063] {scheduler_job.py:182} INFO - Started process (PID=665) to work on /srv/app/airflow/dags/hello.py
[2021-09-30 07:41:04,064] {scheduler_job.py:629} INFO - Processing file /srv/app/airflow/dags/hello.py for tasks to queue
[2021-09-30 07:41:04,064] {logging_mixin.py:104} INFO - [2021-09-30 07:41:04,064] {dagbag.py:451} INFO - Filling up the DagBag from /srv/app/airflow/dags/hello.py
[2021-09-30 07:41:04,098] {logging_mixin.py:104} WARNING - /usr/local/lib/python3.6/dist-packages/airflow/utils/decorators.py:94 DeprecationWarning: provide_context is deprecated as of 2.0 and is no longer required
[2021-09-30 07:41:04,101] {scheduler_job.py:639} INFO - DAG(s) dict_keys(['hello_airflow1']) retrieved from /srv/app/airflow/dags/hello.py
[2021-09-30 07:41:04,113] {logging_mixin.py:104} INFO - [2021-09-30 07:41:04,113] {dag.py:1824} INFO - Sync 1 DAGs
[2021-09-30 07:41:04,121] {logging_mixin.py:104} INFO - [2021-09-30 07:41:04,121] {dag.py:2280} INFO - Setting next_dagrun for hello_airflow1 to 2021-09-29 00:00:00+00:00
[2021-09-30 07:41:04,126] {scheduler_job.py:190} INFO - Processing /srv/app/airflow/dags/hello.py took 0.064 seconds
[2021-09-30 07:41:34,812] {scheduler_job.py:182} INFO - Started process (PID=739) to work on /srv/app/airflow/dags/hello.py
[2021-09-30 07:41:34,813] {scheduler_job.py:629} INFO - Processing file /srv/app/airflow/dags/hello.py for tasks to queue
[2021-09-30 07:41:34,813] {logging_mixin.py:104} INFO - [2021-09-30 07:41:34,813] {dagbag.py:451} INFO - Filling up the DagBag from /srv/app/airflow/dags/hello.py
[2021-09-30 07:41:34,846] {logging_mixin.py:104} WARNING - /usr/local/lib/python3.6/dist-packages/airflow/utils/decorators.py:94 DeprecationWarning: provide_context is deprecated as of 2.0 and is no longer required
[2021-09-30 07:41:34,849] {scheduler_job.py:639} INFO - DAG(s) dict_keys(['hello_airflow1']) retrieved from /srv/app/airflow/dags/hello.py
[2021-09-30 07:41:34,860] {logging_mixin.py:104} INFO - [2021-09-30 07:41:34,860] {dag.py:1824} INFO - Sync 1 DAGs
[2021-09-30 07:41:34,869] {logging_mixin.py:104} INFO - [2021-09-30 07:41:34,869] {dag.py:2280} INFO - Setting next_dagrun for hello_airflow1 to 2021-09-29 00:00:00+00:00
[2021-09-30 07:41:34,873] {scheduler_job.py:190} INFO - Processing /srv/app/airflow/dags/hello.py took 0.063 seconds
[2021-09-30 07:42:05,556] {scheduler_job.py:182} INFO - Started process (PID=816) to work on /srv/app/airflow/dags/hello.py
[2021-09-30 07:42:05,557] {scheduler_job.py:629} INFO - Processing file /srv/app/airflow/dags/hello.py for tasks to queue
[2021-09-30 07:42:05,557] {logging_mixin.py:104} INFO - [2021-09-30 07:42:05,557] {dagbag.py:451} INFO - Filling up the DagBag from /srv/app/airflow/dags/hello.py
[2021-09-30 07:42:05,606] {logging_mixin.py:104} WARNING - /usr/local/lib/python3.6/dist-packages/airflow/utils/decorators.py:94 DeprecationWarning: provide_context is deprecated as of 2.0 and is no longer required
[2021-09-30 07:42:05,610] {scheduler_job.py:639} INFO - DAG(s) dict_keys(['hello_airflow1']) retrieved from /srv/app/airflow/dags/hello.py
[2021-09-30 07:42:05,631] {logging_mixin.py:104} INFO - [2021-09-30 07:42:05,631] {dag.py:1824} INFO - Sync 1 DAGs
[2021-09-30 07:42:05,648] {logging_mixin.py:104} INFO - [2021-09-30 07:42:05,648] {dag.py:2280} INFO - Setting next_dagrun for hello_airflow1 to 2021-09-29 00:00:00+00:00
[2021-09-30 07:42:05,654] {scheduler_job.py:190} INFO - Processing /srv/app/airflow/dags/hello.py took 0.100 seconds
[2021-09-30 07:42:36,502] {scheduler_job.py:182} INFO - Started process (PID=897) to work on /srv/app/airflow/dags/hello.py
[2021-09-30 07:42:36,503] {scheduler_job.py:629} INFO - Processing file /srv/app/airflow/dags/hello.py for tasks to queue
[2021-09-30 07:42:36,503] {logging_mixin.py:104} INFO - [2021-09-30 07:42:36,503] {dagbag.py:451} INFO - Filling up the DagBag from /srv/app/airflow/dags/hello.py
[2021-09-30 07:42:36,550] {logging_mixin.py:104} WARNING - /usr/local/lib/python3.6/dist-packages/airflow/utils/decorators.py:94 DeprecationWarning: provide_context is deprecated as of 2.0 and is no longer required
[2021-09-30 07:42:36,555] {scheduler_job.py:639} INFO - DAG(s) dict_keys(['hello_airflow1']) retrieved from /srv/app/airflow/dags/hello.py
[2021-09-30 07:42:36,573] {logging_mixin.py:104} INFO - [2021-09-30 07:42:36,573] {dag.py:1824} INFO - Sync 1 DAGs
[2021-09-30 07:42:36,587] {logging_mixin.py:104} INFO - [2021-09-30 07:42:36,587] {dag.py:2280} INFO - Setting next_dagrun for hello_airflow1 to 2021-09-29 00:00:00+00:00
[2021-09-30 07:42:36,593] {scheduler_job.py:190} INFO - Processing /srv/app/airflow/dags/hello.py took 0.093 seconds
[2021-09-30 07:43:06,730] {scheduler_job.py:182} INFO - Started process (PID=970) to work on /srv/app/airflow/dags/hello.py
[2021-09-30 07:43:06,731] {scheduler_job.py:629} INFO - Processing file /srv/app/airflow/dags/hello.py for tasks to queue
[2021-09-30 07:43:06,731] {logging_mixin.py:104} INFO - [2021-09-30 07:43:06,731] {dagbag.py:451} INFO - Filling up the DagBag from /srv/app/airflow/dags/hello.py
[2021-09-30 07:43:06,782] {logging_mixin.py:104} WARNING - /usr/local/lib/python3.6/dist-packages/airflow/utils/decorators.py:94 DeprecationWarning: provide_context is deprecated as of 2.0 and is no longer required
[2021-09-30 07:43:06,786] {scheduler_job.py:639} INFO - DAG(s) dict_keys(['hello_airflow1']) retrieved from /srv/app/airflow/dags/hello.py
[2021-09-30 07:43:06,803] {logging_mixin.py:104} INFO - [2021-09-30 07:43:06,802] {dag.py:1824} INFO - Sync 1 DAGs
[2021-09-30 07:43:06,815] {logging_mixin.py:104} INFO - [2021-09-30 07:43:06,815] {dag.py:2280} INFO - Setting next_dagrun for hello_airflow1 to 2021-09-29 00:00:00+00:00
[2021-09-30 07:43:06,822] {scheduler_job.py:190} INFO - Processing /srv/app/airflow/dags/hello.py took 0.095 seconds
[2021-09-30 07:43:50,381] {scheduler_job.py:182} INFO - Started process (PID=73) to work on /srv/app/airflow/dags/hello.py
[2021-09-30 07:43:50,382] {scheduler_job.py:629} INFO - Processing file /srv/app/airflow/dags/hello.py for tasks to queue
[2021-09-30 07:43:50,383] {logging_mixin.py:104} INFO - [2021-09-30 07:43:50,383] {dagbag.py:451} INFO - Filling up the DagBag from /srv/app/airflow/dags/hello.py
[2021-09-30 07:43:50,456] {logging_mixin.py:104} WARNING - /usr/local/lib/python3.6/dist-packages/airflow/utils/decorators.py:94 DeprecationWarning: provide_context is deprecated as of 2.0 and is no longer required
[2021-09-30 07:43:50,462] {scheduler_job.py:639} INFO - DAG(s) dict_keys(['hello_airflow1']) retrieved from /srv/app/airflow/dags/hello.py
[2021-09-30 07:43:50,483] {logging_mixin.py:104} INFO - [2021-09-30 07:43:50,483] {dag.py:1824} INFO - Sync 1 DAGs
[2021-09-30 07:43:50,501] {logging_mixin.py:104} INFO - [2021-09-30 07:43:50,501] {dag.py:2280} INFO - Setting next_dagrun for hello_airflow1 to 2021-09-29 00:00:00+00:00
[2021-09-30 07:43:50,511] {scheduler_job.py:190} INFO - Processing /srv/app/airflow/dags/hello.py took 0.133 seconds
[2021-09-30 07:44:21,212] {scheduler_job.py:182} INFO - Started process (PID=200) to work on /srv/app/airflow/dags/hello.py
[2021-09-30 07:44:21,212] {scheduler_job.py:629} INFO - Processing file /srv/app/airflow/dags/hello.py for tasks to queue
[2021-09-30 07:44:21,213] {logging_mixin.py:104} INFO - [2021-09-30 07:44:21,213] {dagbag.py:451} INFO - Filling up the DagBag from /srv/app/airflow/dags/hello.py
[2021-09-30 07:44:21,252] {logging_mixin.py:104} WARNING - /usr/local/lib/python3.6/dist-packages/airflow/utils/decorators.py:94 DeprecationWarning: provide_context is deprecated as of 2.0 and is no longer required
[2021-09-30 07:44:21,256] {scheduler_job.py:639} INFO - DAG(s) dict_keys(['hello_airflow1']) retrieved from /srv/app/airflow/dags/hello.py
[2021-09-30 07:44:21,271] {logging_mixin.py:104} INFO - [2021-09-30 07:44:21,271] {dag.py:1824} INFO - Sync 1 DAGs
[2021-09-30 07:44:21,284] {logging_mixin.py:104} INFO - [2021-09-30 07:44:21,284] {dag.py:2280} INFO - Setting next_dagrun for hello_airflow1 to 2021-09-29 00:00:00+00:00
[2021-09-30 07:44:21,291] {scheduler_job.py:190} INFO - Processing /srv/app/airflow/dags/hello.py took 0.081 seconds
[2021-09-30 07:44:52,112] {scheduler_job.py:182} INFO - Started process (PID=275) to work on /srv/app/airflow/dags/hello.py
[2021-09-30 07:44:52,113] {scheduler_job.py:629} INFO - Processing file /srv/app/airflow/dags/hello.py for tasks to queue
[2021-09-30 07:44:52,113] {logging_mixin.py:104} INFO - [2021-09-30 07:44:52,113] {dagbag.py:451} INFO - Filling up the DagBag from /srv/app/airflow/dags/hello.py
[2021-09-30 07:44:52,159] {logging_mixin.py:104} WARNING - /usr/local/lib/python3.6/dist-packages/airflow/utils/decorators.py:94 DeprecationWarning: provide_context is deprecated as of 2.0 and is no longer required
[2021-09-30 07:44:52,163] {scheduler_job.py:639} INFO - DAG(s) dict_keys(['hello_airflow1']) retrieved from /srv/app/airflow/dags/hello.py
[2021-09-30 07:44:52,182] {logging_mixin.py:104} INFO - [2021-09-30 07:44:52,182] {dag.py:1824} INFO - Sync 1 DAGs
[2021-09-30 07:44:52,196] {logging_mixin.py:104} INFO - [2021-09-30 07:44:52,196] {dag.py:2280} INFO - Setting next_dagrun for hello_airflow1 to 2021-09-29 00:00:00+00:00
[2021-09-30 07:44:52,204] {scheduler_job.py:190} INFO - Processing /srv/app/airflow/dags/hello.py took 0.094 seconds
[2021-09-30 07:45:22,518] {scheduler_job.py:182} INFO - Started process (PID=353) to work on /srv/app/airflow/dags/hello.py
[2021-09-30 07:45:22,518] {scheduler_job.py:629} INFO - Processing file /srv/app/airflow/dags/hello.py for tasks to queue
[2021-09-30 07:45:22,519] {logging_mixin.py:104} INFO - [2021-09-30 07:45:22,519] {dagbag.py:451} INFO - Filling up the DagBag from /srv/app/airflow/dags/hello.py
[2021-09-30 07:45:22,562] {logging_mixin.py:104} WARNING - /usr/local/lib/python3.6/dist-packages/airflow/utils/decorators.py:94 DeprecationWarning: provide_context is deprecated as of 2.0 and is no longer required
[2021-09-30 07:45:22,567] {scheduler_job.py:639} INFO - DAG(s) dict_keys(['hello_airflow1']) retrieved from /srv/app/airflow/dags/hello.py
[2021-09-30 07:45:22,582] {logging_mixin.py:104} INFO - [2021-09-30 07:45:22,581] {dag.py:1824} INFO - Sync 1 DAGs
[2021-09-30 07:45:22,593] {logging_mixin.py:104} INFO - [2021-09-30 07:45:22,593] {dag.py:2280} INFO - Setting next_dagrun for hello_airflow1 to 2021-09-29 00:00:00+00:00
[2021-09-30 07:45:22,600] {scheduler_job.py:190} INFO - Processing /srv/app/airflow/dags/hello.py took 0.085 seconds
[2021-09-30 07:45:53,104] {scheduler_job.py:182} INFO - Started process (PID=427) to work on /srv/app/airflow/dags/hello.py
[2021-09-30 07:45:53,105] {scheduler_job.py:629} INFO - Processing file /srv/app/airflow/dags/hello.py for tasks to queue
[2021-09-30 07:45:53,105] {logging_mixin.py:104} INFO - [2021-09-30 07:45:53,105] {dagbag.py:451} INFO - Filling up the DagBag from /srv/app/airflow/dags/hello.py
[2021-09-30 07:45:53,146] {logging_mixin.py:104} WARNING - /usr/local/lib/python3.6/dist-packages/airflow/utils/decorators.py:94 DeprecationWarning: provide_context is deprecated as of 2.0 and is no longer required
[2021-09-30 07:45:53,150] {scheduler_job.py:639} INFO - DAG(s) dict_keys(['hello_airflow1']) retrieved from /srv/app/airflow/dags/hello.py
[2021-09-30 07:45:53,166] {logging_mixin.py:104} INFO - [2021-09-30 07:45:53,166] {dag.py:1824} INFO - Sync 1 DAGs
[2021-09-30 07:45:53,180] {logging_mixin.py:104} INFO - [2021-09-30 07:45:53,180] {dag.py:2280} INFO - Setting next_dagrun for hello_airflow1 to 2021-09-29 00:00:00+00:00
[2021-09-30 07:45:53,186] {scheduler_job.py:190} INFO - Processing /srv/app/airflow/dags/hello.py took 0.085 seconds
[2021-09-30 07:46:23,436] {scheduler_job.py:182} INFO - Started process (PID=510) to work on /srv/app/airflow/dags/hello.py
[2021-09-30 07:46:23,436] {scheduler_job.py:629} INFO - Processing file /srv/app/airflow/dags/hello.py for tasks to queue
[2021-09-30 07:46:23,437] {logging_mixin.py:104} INFO - [2021-09-30 07:46:23,437] {dagbag.py:451} INFO - Filling up the DagBag from /srv/app/airflow/dags/hello.py
[2021-09-30 07:46:23,476] {logging_mixin.py:104} WARNING - /usr/local/lib/python3.6/dist-packages/airflow/utils/decorators.py:94 DeprecationWarning: provide_context is deprecated as of 2.0 and is no longer required
[2021-09-30 07:46:23,479] {scheduler_job.py:639} INFO - DAG(s) dict_keys(['hello_airflow1']) retrieved from /srv/app/airflow/dags/hello.py
[2021-09-30 07:46:23,494] {logging_mixin.py:104} INFO - [2021-09-30 07:46:23,494] {dag.py:1824} INFO - Sync 1 DAGs
[2021-09-30 07:46:23,506] {logging_mixin.py:104} INFO - [2021-09-30 07:46:23,506] {dag.py:2280} INFO - Setting next_dagrun for hello_airflow1 to 2021-09-29 00:00:00+00:00
[2021-09-30 07:46:23,512] {scheduler_job.py:190} INFO - Processing /srv/app/airflow/dags/hello.py took 0.078 seconds
[2021-09-30 07:46:53,666] {scheduler_job.py:182} INFO - Started process (PID=586) to work on /srv/app/airflow/dags/hello.py
[2021-09-30 07:46:53,667] {scheduler_job.py:629} INFO - Processing file /srv/app/airflow/dags/hello.py for tasks to queue
[2021-09-30 07:46:53,667] {logging_mixin.py:104} INFO - [2021-09-30 07:46:53,667] {dagbag.py:451} INFO - Filling up the DagBag from /srv/app/airflow/dags/hello.py
[2021-09-30 07:46:53,708] {logging_mixin.py:104} WARNING - /usr/local/lib/python3.6/dist-packages/airflow/utils/decorators.py:94 DeprecationWarning: provide_context is deprecated as of 2.0 and is no longer required
[2021-09-30 07:46:53,712] {scheduler_job.py:639} INFO - DAG(s) dict_keys(['hello_airflow1']) retrieved from /srv/app/airflow/dags/hello.py
[2021-09-30 07:46:53,726] {logging_mixin.py:104} INFO - [2021-09-30 07:46:53,726] {dag.py:1824} INFO - Sync 1 DAGs
[2021-09-30 07:46:53,737] {logging_mixin.py:104} INFO - [2021-09-30 07:46:53,737] {dag.py:2280} INFO - Setting next_dagrun for hello_airflow1 to 2021-09-29 00:00:00+00:00
[2021-09-30 07:46:53,743] {scheduler_job.py:190} INFO - Processing /srv/app/airflow/dags/hello.py took 0.079 seconds
[2021-09-30 07:47:24,143] {scheduler_job.py:182} INFO - Started process (PID=661) to work on /srv/app/airflow/dags/hello.py
[2021-09-30 07:47:24,144] {scheduler_job.py:629} INFO - Processing file /srv/app/airflow/dags/hello.py for tasks to queue
[2021-09-30 07:47:24,144] {logging_mixin.py:104} INFO - [2021-09-30 07:47:24,144] {dagbag.py:451} INFO - Filling up the DagBag from /srv/app/airflow/dags/hello.py
[2021-09-30 07:47:24,186] {logging_mixin.py:104} WARNING - /usr/local/lib/python3.6/dist-packages/airflow/utils/decorators.py:94 DeprecationWarning: provide_context is deprecated as of 2.0 and is no longer required
[2021-09-30 07:47:24,189] {scheduler_job.py:639} INFO - DAG(s) dict_keys(['hello_airflow1']) retrieved from /srv/app/airflow/dags/hello.py
[2021-09-30 07:47:24,205] {logging_mixin.py:104} INFO - [2021-09-30 07:47:24,204] {dag.py:1824} INFO - Sync 1 DAGs
[2021-09-30 07:47:24,216] {logging_mixin.py:104} INFO - [2021-09-30 07:47:24,216] {dag.py:2280} INFO - Setting next_dagrun for hello_airflow1 to 2021-09-29 00:00:00+00:00
[2021-09-30 07:47:24,222] {scheduler_job.py:190} INFO - Processing /srv/app/airflow/dags/hello.py took 0.081 seconds
[2021-09-30 07:47:54,239] {scheduler_job.py:182} INFO - Started process (PID=735) to work on /srv/app/airflow/dags/hello.py
[2021-09-30 07:47:54,240] {scheduler_job.py:629} INFO - Processing file /srv/app/airflow/dags/hello.py for tasks to queue
[2021-09-30 07:47:54,240] {logging_mixin.py:104} INFO - [2021-09-30 07:47:54,240] {dagbag.py:451} INFO - Filling up the DagBag from /srv/app/airflow/dags/hello.py
[2021-09-30 07:47:54,283] {logging_mixin.py:104} WARNING - /usr/local/lib/python3.6/dist-packages/airflow/utils/decorators.py:94 DeprecationWarning: provide_context is deprecated as of 2.0 and is no longer required
[2021-09-30 07:47:54,287] {scheduler_job.py:639} INFO - DAG(s) dict_keys(['hello_airflow1']) retrieved from /srv/app/airflow/dags/hello.py
[2021-09-30 07:47:54,303] {logging_mixin.py:104} INFO - [2021-09-30 07:47:54,303] {dag.py:1824} INFO - Sync 1 DAGs
[2021-09-30 07:47:54,314] {logging_mixin.py:104} INFO - [2021-09-30 07:47:54,314] {dag.py:2280} INFO - Setting next_dagrun for hello_airflow1 to 2021-09-29 00:00:00+00:00
[2021-09-30 07:47:54,319] {scheduler_job.py:190} INFO - Processing /srv/app/airflow/dags/hello.py took 0.082 seconds
[2021-09-30 07:48:24,503] {scheduler_job.py:182} INFO - Started process (PID=809) to work on /srv/app/airflow/dags/hello.py
[2021-09-30 07:48:24,504] {scheduler_job.py:629} INFO - Processing file /srv/app/airflow/dags/hello.py for tasks to queue
[2021-09-30 07:48:24,504] {logging_mixin.py:104} INFO - [2021-09-30 07:48:24,504] {dagbag.py:451} INFO - Filling up the DagBag from /srv/app/airflow/dags/hello.py
[2021-09-30 07:48:24,545] {logging_mixin.py:104} WARNING - /usr/local/lib/python3.6/dist-packages/airflow/utils/decorators.py:94 DeprecationWarning: provide_context is deprecated as of 2.0 and is no longer required
[2021-09-30 07:48:24,549] {scheduler_job.py:639} INFO - DAG(s) dict_keys(['hello_airflow1']) retrieved from /srv/app/airflow/dags/hello.py
[2021-09-30 07:48:24,564] {logging_mixin.py:104} INFO - [2021-09-30 07:48:24,564] {dag.py:1824} INFO - Sync 1 DAGs
[2021-09-30 07:48:24,576] {logging_mixin.py:104} INFO - [2021-09-30 07:48:24,576] {dag.py:2280} INFO - Setting next_dagrun for hello_airflow1 to 2021-09-29 00:00:00+00:00
[2021-09-30 07:48:24,582] {scheduler_job.py:190} INFO - Processing /srv/app/airflow/dags/hello.py took 0.080 seconds
[2021-09-30 07:48:54,648] {scheduler_job.py:182} INFO - Started process (PID=885) to work on /srv/app/airflow/dags/hello.py
[2021-09-30 07:48:54,648] {scheduler_job.py:629} INFO - Processing file /srv/app/airflow/dags/hello.py for tasks to queue
[2021-09-30 07:48:54,649] {logging_mixin.py:104} INFO - [2021-09-30 07:48:54,649] {dagbag.py:451} INFO - Filling up the DagBag from /srv/app/airflow/dags/hello.py
[2021-09-30 07:48:54,695] {logging_mixin.py:104} WARNING - /usr/local/lib/python3.6/dist-packages/airflow/utils/decorators.py:94 DeprecationWarning: provide_context is deprecated as of 2.0 and is no longer required
[2021-09-30 07:48:54,698] {scheduler_job.py:639} INFO - DAG(s) dict_keys(['hello_airflow1']) retrieved from /srv/app/airflow/dags/hello.py
[2021-09-30 07:48:54,715] {logging_mixin.py:104} INFO - [2021-09-30 07:48:54,715] {dag.py:1824} INFO - Sync 1 DAGs
[2021-09-30 07:48:54,731] {logging_mixin.py:104} INFO - [2021-09-30 07:48:54,731] {dag.py:2280} INFO - Setting next_dagrun for hello_airflow1 to 2021-09-29 00:00:00+00:00
[2021-09-30 07:48:54,738] {scheduler_job.py:190} INFO - Processing /srv/app/airflow/dags/hello.py took 0.092 seconds
[2021-09-30 07:49:24,917] {scheduler_job.py:182} INFO - Started process (PID=959) to work on /srv/app/airflow/dags/hello.py
[2021-09-30 07:49:24,918] {scheduler_job.py:629} INFO - Processing file /srv/app/airflow/dags/hello.py for tasks to queue
[2021-09-30 07:49:24,918] {logging_mixin.py:104} INFO - [2021-09-30 07:49:24,918] {dagbag.py:451} INFO - Filling up the DagBag from /srv/app/airflow/dags/hello.py
[2021-09-30 07:49:24,962] {logging_mixin.py:104} WARNING - /usr/local/lib/python3.6/dist-packages/airflow/utils/decorators.py:94 DeprecationWarning: provide_context is deprecated as of 2.0 and is no longer required
[2021-09-30 07:49:24,966] {scheduler_job.py:639} INFO - DAG(s) dict_keys(['hello_airflow1']) retrieved from /srv/app/airflow/dags/hello.py
[2021-09-30 07:49:24,982] {logging_mixin.py:104} INFO - [2021-09-30 07:49:24,982] {dag.py:1824} INFO - Sync 1 DAGs
[2021-09-30 07:49:24,995] {logging_mixin.py:104} INFO - [2021-09-30 07:49:24,994] {dag.py:2280} INFO - Setting next_dagrun for hello_airflow1 to 2021-09-29 00:00:00+00:00
[2021-09-30 07:49:25,000] {scheduler_job.py:190} INFO - Processing /srv/app/airflow/dags/hello.py took 0.085 seconds
[2021-09-30 07:49:55,179] {scheduler_job.py:182} INFO - Started process (PID=1033) to work on /srv/app/airflow/dags/hello.py
[2021-09-30 07:49:55,180] {scheduler_job.py:629} INFO - Processing file /srv/app/airflow/dags/hello.py for tasks to queue
[2021-09-30 07:49:55,181] {logging_mixin.py:104} INFO - [2021-09-30 07:49:55,180] {dagbag.py:451} INFO - Filling up the DagBag from /srv/app/airflow/dags/hello.py
[2021-09-30 07:49:55,225] {logging_mixin.py:104} WARNING - /usr/local/lib/python3.6/dist-packages/airflow/utils/decorators.py:94 DeprecationWarning: provide_context is deprecated as of 2.0 and is no longer required
[2021-09-30 07:49:55,229] {scheduler_job.py:639} INFO - DAG(s) dict_keys(['hello_airflow1']) retrieved from /srv/app/airflow/dags/hello.py
[2021-09-30 07:49:55,244] {logging_mixin.py:104} INFO - [2021-09-30 07:49:55,244] {dag.py:1824} INFO - Sync 1 DAGs
[2021-09-30 07:49:55,256] {logging_mixin.py:104} INFO - [2021-09-30 07:49:55,255] {dag.py:2280} INFO - Setting next_dagrun for hello_airflow1 to 2021-09-29 00:00:00+00:00
[2021-09-30 07:49:55,263] {scheduler_job.py:190} INFO - Processing /srv/app/airflow/dags/hello.py took 0.085 seconds
[2021-09-30 07:50:25,380] {scheduler_job.py:182} INFO - Started process (PID=1108) to work on /srv/app/airflow/dags/hello.py
[2021-09-30 07:50:25,381] {scheduler_job.py:629} INFO - Processing file /srv/app/airflow/dags/hello.py for tasks to queue
[2021-09-30 07:50:25,381] {logging_mixin.py:104} INFO - [2021-09-30 07:50:25,381] {dagbag.py:451} INFO - Filling up the DagBag from /srv/app/airflow/dags/hello.py
[2021-09-30 07:50:25,428] {logging_mixin.py:104} WARNING - /usr/local/lib/python3.6/dist-packages/airflow/utils/decorators.py:94 DeprecationWarning: provide_context is deprecated as of 2.0 and is no longer required
[2021-09-30 07:50:25,431] {scheduler_job.py:639} INFO - DAG(s) dict_keys(['hello_airflow1']) retrieved from /srv/app/airflow/dags/hello.py
[2021-09-30 07:50:25,448] {logging_mixin.py:104} INFO - [2021-09-30 07:50:25,448] {dag.py:1824} INFO - Sync 1 DAGs
[2021-09-30 07:50:25,461] {logging_mixin.py:104} INFO - [2021-09-30 07:50:25,461] {dag.py:2280} INFO - Setting next_dagrun for hello_airflow1 to 2021-09-29 00:00:00+00:00
[2021-09-30 07:50:25,468] {scheduler_job.py:190} INFO - Processing /srv/app/airflow/dags/hello.py took 0.090 seconds
[2021-09-30 07:50:55,530] {scheduler_job.py:182} INFO - Started process (PID=1182) to work on /srv/app/airflow/dags/hello.py
[2021-09-30 07:50:55,531] {scheduler_job.py:629} INFO - Processing file /srv/app/airflow/dags/hello.py for tasks to queue
[2021-09-30 07:50:55,532] {logging_mixin.py:104} INFO - [2021-09-30 07:50:55,532] {dagbag.py:451} INFO - Filling up the DagBag from /srv/app/airflow/dags/hello.py
[2021-09-30 07:50:55,573] {logging_mixin.py:104} WARNING - /usr/local/lib/python3.6/dist-packages/airflow/utils/decorators.py:94 DeprecationWarning: provide_context is deprecated as of 2.0 and is no longer required
[2021-09-30 07:50:55,576] {scheduler_job.py:639} INFO - DAG(s) dict_keys(['hello_airflow1']) retrieved from /srv/app/airflow/dags/hello.py
[2021-09-30 07:50:55,591] {logging_mixin.py:104} INFO - [2021-09-30 07:50:55,591] {dag.py:1824} INFO - Sync 1 DAGs
[2021-09-30 07:50:55,602] {logging_mixin.py:104} INFO - [2021-09-30 07:50:55,602] {dag.py:2280} INFO - Setting next_dagrun for hello_airflow1 to 2021-09-29 00:00:00+00:00
[2021-09-30 07:50:55,611] {scheduler_job.py:190} INFO - Processing /srv/app/airflow/dags/hello.py took 0.082 seconds
[2021-09-30 07:51:25,800] {scheduler_job.py:182} INFO - Started process (PID=1256) to work on /srv/app/airflow/dags/hello.py
[2021-09-30 07:51:25,801] {scheduler_job.py:629} INFO - Processing file /srv/app/airflow/dags/hello.py for tasks to queue
[2021-09-30 07:51:25,802] {logging_mixin.py:104} INFO - [2021-09-30 07:51:25,802] {dagbag.py:451} INFO - Filling up the DagBag from /srv/app/airflow/dags/hello.py
[2021-09-30 07:51:25,848] {logging_mixin.py:104} WARNING - /usr/local/lib/python3.6/dist-packages/airflow/utils/decorators.py:94 DeprecationWarning: provide_context is deprecated as of 2.0 and is no longer required
[2021-09-30 07:51:25,852] {scheduler_job.py:639} INFO - DAG(s) dict_keys(['hello_airflow1']) retrieved from /srv/app/airflow/dags/hello.py
[2021-09-30 07:51:25,877] {logging_mixin.py:104} INFO - [2021-09-30 07:51:25,877] {dag.py:1824} INFO - Sync 1 DAGs
[2021-09-30 07:51:25,892] {logging_mixin.py:104} INFO - [2021-09-30 07:51:25,892] {dag.py:2280} INFO - Setting next_dagrun for hello_airflow1 to 2021-09-29 00:00:00+00:00
[2021-09-30 07:51:25,898] {scheduler_job.py:190} INFO - Processing /srv/app/airflow/dags/hello.py took 0.100 seconds
[2021-09-30 07:51:55,938] {scheduler_job.py:182} INFO - Started process (PID=1336) to work on /srv/app/airflow/dags/hello.py
[2021-09-30 07:51:55,939] {scheduler_job.py:629} INFO - Processing file /srv/app/airflow/dags/hello.py for tasks to queue
[2021-09-30 07:51:55,939] {logging_mixin.py:104} INFO - [2021-09-30 07:51:55,939] {dagbag.py:451} INFO - Filling up the DagBag from /srv/app/airflow/dags/hello.py
[2021-09-30 07:51:55,995] {logging_mixin.py:104} WARNING - /usr/local/lib/python3.6/dist-packages/airflow/utils/decorators.py:94 DeprecationWarning: provide_context is deprecated as of 2.0 and is no longer required
[2021-09-30 07:51:56,000] {scheduler_job.py:639} INFO - DAG(s) dict_keys(['hello_airflow1']) retrieved from /srv/app/airflow/dags/hello.py
[2021-09-30 07:51:56,018] {logging_mixin.py:104} INFO - [2021-09-30 07:51:56,018] {dag.py:1824} INFO - Sync 1 DAGs
[2021-09-30 07:51:56,029] {logging_mixin.py:104} INFO - [2021-09-30 07:51:56,029] {dag.py:2280} INFO - Setting next_dagrun for hello_airflow1 to 2021-09-29 00:00:00+00:00
[2021-09-30 07:51:56,035] {scheduler_job.py:190} INFO - Processing /srv/app/airflow/dags/hello.py took 0.100 seconds
[2021-09-30 07:52:27,049] {scheduler_job.py:182} INFO - Started process (PID=1404) to work on /srv/app/airflow/dags/hello.py
[2021-09-30 07:52:27,049] {scheduler_job.py:629} INFO - Processing file /srv/app/airflow/dags/hello.py for tasks to queue
[2021-09-30 07:52:27,050] {logging_mixin.py:104} INFO - [2021-09-30 07:52:27,050] {dagbag.py:451} INFO - Filling up the DagBag from /srv/app/airflow/dags/hello.py
[2021-09-30 07:52:27,114] {logging_mixin.py:104} WARNING - /usr/local/lib/python3.6/dist-packages/airflow/utils/decorators.py:94 DeprecationWarning: provide_context is deprecated as of 2.0 and is no longer required
[2021-09-30 07:52:27,119] {scheduler_job.py:639} INFO - DAG(s) dict_keys(['hello_airflow1']) retrieved from /srv/app/airflow/dags/hello.py
[2021-09-30 07:52:27,137] {logging_mixin.py:104} INFO - [2021-09-30 07:52:27,137] {dag.py:1824} INFO - Sync 1 DAGs
[2021-09-30 07:52:27,150] {logging_mixin.py:104} INFO - [2021-09-30 07:52:27,150] {dag.py:2280} INFO - Setting next_dagrun for hello_airflow1 to 2021-09-29 00:00:00+00:00
[2021-09-30 07:52:27,157] {scheduler_job.py:190} INFO - Processing /srv/app/airflow/dags/hello.py took 0.111 seconds
[2021-09-30 07:52:57,206] {scheduler_job.py:182} INFO - Started process (PID=1461) to work on /srv/app/airflow/dags/hello.py
[2021-09-30 07:52:57,206] {scheduler_job.py:629} INFO - Processing file /srv/app/airflow/dags/hello.py for tasks to queue
[2021-09-30 07:52:57,207] {logging_mixin.py:104} INFO - [2021-09-30 07:52:57,207] {dagbag.py:451} INFO - Filling up the DagBag from /srv/app/airflow/dags/hello.py
[2021-09-30 07:52:57,247] {logging_mixin.py:104} WARNING - /usr/local/lib/python3.6/dist-packages/airflow/utils/decorators.py:94 DeprecationWarning: provide_context is deprecated as of 2.0 and is no longer required
[2021-09-30 07:52:57,250] {scheduler_job.py:639} INFO - DAG(s) dict_keys(['hello_airflow1']) retrieved from /srv/app/airflow/dags/hello.py
[2021-09-30 07:52:57,268] {logging_mixin.py:104} INFO - [2021-09-30 07:52:57,267] {dag.py:1824} INFO - Sync 1 DAGs
[2021-09-30 07:52:57,281] {logging_mixin.py:104} INFO - [2021-09-30 07:52:57,281] {dag.py:2280} INFO - Setting next_dagrun for hello_airflow1 to 2021-09-29 00:00:00+00:00
[2021-09-30 07:52:57,288] {scheduler_job.py:190} INFO - Processing /srv/app/airflow/dags/hello.py took 0.084 seconds
[2021-09-30 07:53:27,338] {scheduler_job.py:182} INFO - Started process (PID=1536) to work on /srv/app/airflow/dags/hello.py
[2021-09-30 07:53:27,339] {scheduler_job.py:629} INFO - Processing file /srv/app/airflow/dags/hello.py for tasks to queue
[2021-09-30 07:53:27,339] {logging_mixin.py:104} INFO - [2021-09-30 07:53:27,339] {dagbag.py:451} INFO - Filling up the DagBag from /srv/app/airflow/dags/hello.py
[2021-09-30 07:53:27,383] {logging_mixin.py:104} WARNING - /usr/local/lib/python3.6/dist-packages/airflow/utils/decorators.py:94 DeprecationWarning: provide_context is deprecated as of 2.0 and is no longer required
[2021-09-30 07:53:27,387] {scheduler_job.py:639} INFO - DAG(s) dict_keys(['hello_airflow1']) retrieved from /srv/app/airflow/dags/hello.py
[2021-09-30 07:53:27,400] {logging_mixin.py:104} INFO - [2021-09-30 07:53:27,400] {dag.py:1824} INFO - Sync 1 DAGs
[2021-09-30 07:53:27,411] {logging_mixin.py:104} INFO - [2021-09-30 07:53:27,411] {dag.py:2280} INFO - Setting next_dagrun for hello_airflow1 to 2021-09-29 00:00:00+00:00
[2021-09-30 07:53:27,418] {scheduler_job.py:190} INFO - Processing /srv/app/airflow/dags/hello.py took 0.082 seconds
[2021-09-30 07:53:57,563] {scheduler_job.py:182} INFO - Started process (PID=1609) to work on /srv/app/airflow/dags/hello.py
[2021-09-30 07:53:57,564] {scheduler_job.py:629} INFO - Processing file /srv/app/airflow/dags/hello.py for tasks to queue
[2021-09-30 07:53:57,565] {logging_mixin.py:104} INFO - [2021-09-30 07:53:57,564] {dagbag.py:451} INFO - Filling up the DagBag from /srv/app/airflow/dags/hello.py
[2021-09-30 07:53:57,612] {logging_mixin.py:104} WARNING - /usr/local/lib/python3.6/dist-packages/airflow/utils/decorators.py:94 DeprecationWarning: provide_context is deprecated as of 2.0 and is no longer required
[2021-09-30 07:53:57,617] {scheduler_job.py:639} INFO - DAG(s) dict_keys(['hello_airflow1']) retrieved from /srv/app/airflow/dags/hello.py
[2021-09-30 07:53:57,634] {logging_mixin.py:104} INFO - [2021-09-30 07:53:57,634] {dag.py:1824} INFO - Sync 1 DAGs
[2021-09-30 07:53:57,649] {logging_mixin.py:104} INFO - [2021-09-30 07:53:57,649] {dag.py:2280} INFO - Setting next_dagrun for hello_airflow1 to 2021-09-29 00:00:00+00:00
[2021-09-30 07:53:57,656] {scheduler_job.py:190} INFO - Processing /srv/app/airflow/dags/hello.py took 0.095 seconds
[2021-09-30 07:54:27,942] {scheduler_job.py:182} INFO - Started process (PID=1683) to work on /srv/app/airflow/dags/hello.py
[2021-09-30 07:54:27,943] {scheduler_job.py:629} INFO - Processing file /srv/app/airflow/dags/hello.py for tasks to queue
[2021-09-30 07:54:27,944] {logging_mixin.py:104} INFO - [2021-09-30 07:54:27,944] {dagbag.py:451} INFO - Filling up the DagBag from /srv/app/airflow/dags/hello.py
[2021-09-30 07:54:27,991] {logging_mixin.py:104} WARNING - /usr/local/lib/python3.6/dist-packages/airflow/utils/decorators.py:94 DeprecationWarning: provide_context is deprecated as of 2.0 and is no longer required
[2021-09-30 07:54:27,995] {scheduler_job.py:639} INFO - DAG(s) dict_keys(['hello_airflow1']) retrieved from /srv/app/airflow/dags/hello.py
[2021-09-30 07:54:28,010] {logging_mixin.py:104} INFO - [2021-09-30 07:54:28,010] {dag.py:1824} INFO - Sync 1 DAGs
[2021-09-30 07:54:28,021] {logging_mixin.py:104} INFO - [2021-09-30 07:54:28,021] {dag.py:2280} INFO - Setting next_dagrun for hello_airflow1 to 2021-09-29 00:00:00+00:00
[2021-09-30 07:54:28,027] {scheduler_job.py:190} INFO - Processing /srv/app/airflow/dags/hello.py took 0.087 seconds
[2021-09-30 07:54:58,223] {scheduler_job.py:182} INFO - Started process (PID=1758) to work on /srv/app/airflow/dags/hello.py
[2021-09-30 07:54:58,224] {scheduler_job.py:629} INFO - Processing file /srv/app/airflow/dags/hello.py for tasks to queue
[2021-09-30 07:54:58,225] {logging_mixin.py:104} INFO - [2021-09-30 07:54:58,224] {dagbag.py:451} INFO - Filling up the DagBag from /srv/app/airflow/dags/hello.py
[2021-09-30 07:54:58,268] {logging_mixin.py:104} WARNING - /usr/local/lib/python3.6/dist-packages/airflow/utils/decorators.py:94 DeprecationWarning: provide_context is deprecated as of 2.0 and is no longer required
[2021-09-30 07:54:58,271] {scheduler_job.py:639} INFO - DAG(s) dict_keys(['hello_airflow1']) retrieved from /srv/app/airflow/dags/hello.py
[2021-09-30 07:54:58,288] {logging_mixin.py:104} INFO - [2021-09-30 07:54:58,287] {dag.py:1824} INFO - Sync 1 DAGs
[2021-09-30 07:54:58,301] {logging_mixin.py:104} INFO - [2021-09-30 07:54:58,301] {dag.py:2280} INFO - Setting next_dagrun for hello_airflow1 to 2021-09-29 00:00:00+00:00
[2021-09-30 07:54:58,306] {scheduler_job.py:190} INFO - Processing /srv/app/airflow/dags/hello.py took 0.085 seconds
[2021-09-30 07:55:28,526] {scheduler_job.py:182} INFO - Started process (PID=1832) to work on /srv/app/airflow/dags/hello.py
[2021-09-30 07:55:28,526] {scheduler_job.py:629} INFO - Processing file /srv/app/airflow/dags/hello.py for tasks to queue
[2021-09-30 07:55:28,527] {logging_mixin.py:104} INFO - [2021-09-30 07:55:28,527] {dagbag.py:451} INFO - Filling up the DagBag from /srv/app/airflow/dags/hello.py
[2021-09-30 07:55:28,568] {logging_mixin.py:104} WARNING - /usr/local/lib/python3.6/dist-packages/airflow/utils/decorators.py:94 DeprecationWarning: provide_context is deprecated as of 2.0 and is no longer required
[2021-09-30 07:55:28,571] {scheduler_job.py:639} INFO - DAG(s) dict_keys(['hello_airflow1']) retrieved from /srv/app/airflow/dags/hello.py
[2021-09-30 07:55:28,587] {logging_mixin.py:104} INFO - [2021-09-30 07:55:28,587] {dag.py:1824} INFO - Sync 1 DAGs
[2021-09-30 07:55:28,600] {logging_mixin.py:104} INFO - [2021-09-30 07:55:28,600] {dag.py:2280} INFO - Setting next_dagrun for hello_airflow1 to 2021-09-29 00:00:00+00:00
[2021-09-30 07:55:28,607] {scheduler_job.py:190} INFO - Processing /srv/app/airflow/dags/hello.py took 0.083 seconds
[2021-09-30 07:55:58,683] {scheduler_job.py:182} INFO - Started process (PID=1908) to work on /srv/app/airflow/dags/hello.py
[2021-09-30 07:55:58,684] {scheduler_job.py:629} INFO - Processing file /srv/app/airflow/dags/hello.py for tasks to queue
[2021-09-30 07:55:58,685] {logging_mixin.py:104} INFO - [2021-09-30 07:55:58,685] {dagbag.py:451} INFO - Filling up the DagBag from /srv/app/airflow/dags/hello.py
[2021-09-30 07:55:58,723] {logging_mixin.py:104} WARNING - /usr/local/lib/python3.6/dist-packages/airflow/utils/decorators.py:94 DeprecationWarning: provide_context is deprecated as of 2.0 and is no longer required
[2021-09-30 07:55:58,727] {scheduler_job.py:639} INFO - DAG(s) dict_keys(['hello_airflow1']) retrieved from /srv/app/airflow/dags/hello.py
[2021-09-30 07:55:58,742] {logging_mixin.py:104} INFO - [2021-09-30 07:55:58,742] {dag.py:1824} INFO - Sync 1 DAGs
[2021-09-30 07:55:58,753] {logging_mixin.py:104} INFO - [2021-09-30 07:55:58,753] {dag.py:2280} INFO - Setting next_dagrun for hello_airflow1 to 2021-09-29 00:00:00+00:00
[2021-09-30 07:55:58,759] {scheduler_job.py:190} INFO - Processing /srv/app/airflow/dags/hello.py took 0.077 seconds
[2021-09-30 07:56:28,828] {scheduler_job.py:182} INFO - Started process (PID=1984) to work on /srv/app/airflow/dags/hello.py
[2021-09-30 07:56:28,829] {scheduler_job.py:629} INFO - Processing file /srv/app/airflow/dags/hello.py for tasks to queue
[2021-09-30 07:56:28,829] {logging_mixin.py:104} INFO - [2021-09-30 07:56:28,829] {dagbag.py:451} INFO - Filling up the DagBag from /srv/app/airflow/dags/hello.py
[2021-09-30 07:56:28,866] {logging_mixin.py:104} WARNING - /usr/local/lib/python3.6/dist-packages/airflow/utils/decorators.py:94 DeprecationWarning: provide_context is deprecated as of 2.0 and is no longer required
[2021-09-30 07:56:28,869] {scheduler_job.py:639} INFO - DAG(s) dict_keys(['hello_airflow1']) retrieved from /srv/app/airflow/dags/hello.py
[2021-09-30 07:56:28,882] {logging_mixin.py:104} INFO - [2021-09-30 07:56:28,882] {dag.py:1824} INFO - Sync 1 DAGs
[2021-09-30 07:56:28,892] {logging_mixin.py:104} INFO - [2021-09-30 07:56:28,892] {dag.py:2280} INFO - Setting next_dagrun for hello_airflow1 to 2021-09-29 00:00:00+00:00
[2021-09-30 07:56:28,898] {scheduler_job.py:190} INFO - Processing /srv/app/airflow/dags/hello.py took 0.072 seconds
[2021-09-30 07:56:59,873] {scheduler_job.py:182} INFO - Started process (PID=2067) to work on /srv/app/airflow/dags/hello.py
[2021-09-30 07:56:59,873] {scheduler_job.py:629} INFO - Processing file /srv/app/airflow/dags/hello.py for tasks to queue
[2021-09-30 07:56:59,874] {logging_mixin.py:104} INFO - [2021-09-30 07:56:59,874] {dagbag.py:451} INFO - Filling up the DagBag from /srv/app/airflow/dags/hello.py
[2021-09-30 07:56:59,916] {logging_mixin.py:104} WARNING - /usr/local/lib/python3.6/dist-packages/airflow/utils/decorators.py:94 DeprecationWarning: provide_context is deprecated as of 2.0 and is no longer required
[2021-09-30 07:56:59,920] {scheduler_job.py:639} INFO - DAG(s) dict_keys(['hello_airflow1']) retrieved from /srv/app/airflow/dags/hello.py
[2021-09-30 07:56:59,936] {logging_mixin.py:104} INFO - [2021-09-30 07:56:59,936] {dag.py:1824} INFO - Sync 1 DAGs
[2021-09-30 07:56:59,948] {logging_mixin.py:104} INFO - [2021-09-30 07:56:59,947] {dag.py:2280} INFO - Setting next_dagrun for hello_airflow1 to 2021-09-29 00:00:00+00:00
[2021-09-30 07:56:59,953] {scheduler_job.py:190} INFO - Processing /srv/app/airflow/dags/hello.py took 0.083 seconds
[2021-09-30 07:57:30,736] {scheduler_job.py:182} INFO - Started process (PID=2141) to work on /srv/app/airflow/dags/hello.py
[2021-09-30 07:57:30,736] {scheduler_job.py:629} INFO - Processing file /srv/app/airflow/dags/hello.py for tasks to queue
[2021-09-30 07:57:30,737] {logging_mixin.py:104} INFO - [2021-09-30 07:57:30,737] {dagbag.py:451} INFO - Filling up the DagBag from /srv/app/airflow/dags/hello.py
[2021-09-30 07:57:30,791] {logging_mixin.py:104} WARNING - /usr/local/lib/python3.6/dist-packages/airflow/utils/decorators.py:94 DeprecationWarning: provide_context is deprecated as of 2.0 and is no longer required
[2021-09-30 07:57:30,795] {scheduler_job.py:639} INFO - DAG(s) dict_keys(['hello_airflow1']) retrieved from /srv/app/airflow/dags/hello.py
[2021-09-30 07:57:30,811] {logging_mixin.py:104} INFO - [2021-09-30 07:57:30,811] {dag.py:1824} INFO - Sync 1 DAGs
[2021-09-30 07:57:30,827] {logging_mixin.py:104} INFO - [2021-09-30 07:57:30,826] {dag.py:2280} INFO - Setting next_dagrun for hello_airflow1 to 2021-09-29 00:00:00+00:00
[2021-09-30 07:57:30,834] {scheduler_job.py:190} INFO - Processing /srv/app/airflow/dags/hello.py took 0.101 seconds
[2021-09-30 07:58:00,845] {scheduler_job.py:182} INFO - Started process (PID=2218) to work on /srv/app/airflow/dags/hello.py
[2021-09-30 07:58:00,846] {scheduler_job.py:629} INFO - Processing file /srv/app/airflow/dags/hello.py for tasks to queue
[2021-09-30 07:58:00,846] {logging_mixin.py:104} INFO - [2021-09-30 07:58:00,846] {dagbag.py:451} INFO - Filling up the DagBag from /srv/app/airflow/dags/hello.py
[2021-09-30 07:58:00,889] {logging_mixin.py:104} WARNING - /usr/local/lib/python3.6/dist-packages/airflow/utils/decorators.py:94 DeprecationWarning: provide_context is deprecated as of 2.0 and is no longer required
[2021-09-30 07:58:00,892] {scheduler_job.py:639} INFO - DAG(s) dict_keys(['hello_airflow1']) retrieved from /srv/app/airflow/dags/hello.py
[2021-09-30 07:58:00,906] {logging_mixin.py:104} INFO - [2021-09-30 07:58:00,906] {dag.py:1824} INFO - Sync 1 DAGs
[2021-09-30 07:58:00,916] {logging_mixin.py:104} INFO - [2021-09-30 07:58:00,916] {dag.py:2280} INFO - Setting next_dagrun for hello_airflow1 to 2021-09-29 00:00:00+00:00
[2021-09-30 07:58:00,923] {scheduler_job.py:190} INFO - Processing /srv/app/airflow/dags/hello.py took 0.080 seconds
[2021-09-30 07:58:30,935] {scheduler_job.py:182} INFO - Started process (PID=2292) to work on /srv/app/airflow/dags/hello.py
[2021-09-30 07:58:30,935] {scheduler_job.py:629} INFO - Processing file /srv/app/airflow/dags/hello.py for tasks to queue
[2021-09-30 07:58:30,936] {logging_mixin.py:104} INFO - [2021-09-30 07:58:30,936] {dagbag.py:451} INFO - Filling up the DagBag from /srv/app/airflow/dags/hello.py
[2021-09-30 07:58:30,981] {logging_mixin.py:104} WARNING - /usr/local/lib/python3.6/dist-packages/airflow/utils/decorators.py:94 DeprecationWarning: provide_context is deprecated as of 2.0 and is no longer required
[2021-09-30 07:58:30,984] {scheduler_job.py:639} INFO - DAG(s) dict_keys(['hello_airflow1']) retrieved from /srv/app/airflow/dags/hello.py
[2021-09-30 07:58:31,001] {logging_mixin.py:104} INFO - [2021-09-30 07:58:31,001] {dag.py:1824} INFO - Sync 1 DAGs
[2021-09-30 07:58:31,016] {logging_mixin.py:104} INFO - [2021-09-30 07:58:31,016] {dag.py:2280} INFO - Setting next_dagrun for hello_airflow1 to 2021-09-29 00:00:00+00:00
[2021-09-30 07:58:31,023] {scheduler_job.py:190} INFO - Processing /srv/app/airflow/dags/hello.py took 0.090 seconds
[2021-09-30 07:59:01,036] {scheduler_job.py:182} INFO - Started process (PID=2364) to work on /srv/app/airflow/dags/hello.py
[2021-09-30 07:59:01,036] {scheduler_job.py:629} INFO - Processing file /srv/app/airflow/dags/hello.py for tasks to queue
[2021-09-30 07:59:01,037] {logging_mixin.py:104} INFO - [2021-09-30 07:59:01,037] {dagbag.py:451} INFO - Filling up the DagBag from /srv/app/airflow/dags/hello.py
[2021-09-30 07:59:01,080] {logging_mixin.py:104} WARNING - /usr/local/lib/python3.6/dist-packages/airflow/utils/decorators.py:94 DeprecationWarning: provide_context is deprecated as of 2.0 and is no longer required
[2021-09-30 07:59:01,084] {scheduler_job.py:639} INFO - DAG(s) dict_keys(['hello_airflow1']) retrieved from /srv/app/airflow/dags/hello.py
[2021-09-30 07:59:01,099] {logging_mixin.py:104} INFO - [2021-09-30 07:59:01,099] {dag.py:1824} INFO - Sync 1 DAGs
[2021-09-30 07:59:01,113] {logging_mixin.py:104} INFO - [2021-09-30 07:59:01,113] {dag.py:2280} INFO - Setting next_dagrun for hello_airflow1 to 2021-09-29 00:00:00+00:00
[2021-09-30 07:59:01,119] {scheduler_job.py:190} INFO - Processing /srv/app/airflow/dags/hello.py took 0.085 seconds
[2021-09-30 07:59:31,246] {scheduler_job.py:182} INFO - Started process (PID=2438) to work on /srv/app/airflow/dags/hello.py
[2021-09-30 07:59:31,247] {scheduler_job.py:629} INFO - Processing file /srv/app/airflow/dags/hello.py for tasks to queue
[2021-09-30 07:59:31,248] {logging_mixin.py:104} INFO - [2021-09-30 07:59:31,248] {dagbag.py:451} INFO - Filling up the DagBag from /srv/app/airflow/dags/hello.py
[2021-09-30 07:59:31,301] {logging_mixin.py:104} WARNING - /usr/local/lib/python3.6/dist-packages/airflow/utils/decorators.py:94 DeprecationWarning: provide_context is deprecated as of 2.0 and is no longer required
[2021-09-30 07:59:31,306] {scheduler_job.py:639} INFO - DAG(s) dict_keys(['hello_airflow1']) retrieved from /srv/app/airflow/dags/hello.py
[2021-09-30 07:59:31,329] {logging_mixin.py:104} INFO - [2021-09-30 07:59:31,329] {dag.py:1824} INFO - Sync 1 DAGs
[2021-09-30 07:59:31,350] {logging_mixin.py:104} INFO - [2021-09-30 07:59:31,349] {dag.py:2280} INFO - Setting next_dagrun for hello_airflow1 to 2021-09-29 00:00:00+00:00
[2021-09-30 07:59:31,358] {scheduler_job.py:190} INFO - Processing /srv/app/airflow/dags/hello.py took 0.115 seconds
[2021-09-30 08:00:01,435] {scheduler_job.py:182} INFO - Started process (PID=2514) to work on /srv/app/airflow/dags/hello.py
[2021-09-30 08:00:01,436] {scheduler_job.py:629} INFO - Processing file /srv/app/airflow/dags/hello.py for tasks to queue
[2021-09-30 08:00:01,436] {logging_mixin.py:104} INFO - [2021-09-30 08:00:01,436] {dagbag.py:451} INFO - Filling up the DagBag from /srv/app/airflow/dags/hello.py
[2021-09-30 08:00:01,480] {logging_mixin.py:104} WARNING - /usr/local/lib/python3.6/dist-packages/airflow/utils/decorators.py:94 DeprecationWarning: provide_context is deprecated as of 2.0 and is no longer required
[2021-09-30 08:00:01,484] {scheduler_job.py:639} INFO - DAG(s) dict_keys(['hello_airflow1']) retrieved from /srv/app/airflow/dags/hello.py
[2021-09-30 08:00:01,499] {logging_mixin.py:104} INFO - [2021-09-30 08:00:01,499] {dag.py:1824} INFO - Sync 1 DAGs
[2021-09-30 08:00:01,511] {logging_mixin.py:104} INFO - [2021-09-30 08:00:01,511] {dag.py:2280} INFO - Setting next_dagrun for hello_airflow1 to 2021-09-29 00:00:00+00:00
[2021-09-30 08:00:01,518] {scheduler_job.py:190} INFO - Processing /srv/app/airflow/dags/hello.py took 0.085 seconds
[2021-09-30 08:00:31,636] {scheduler_job.py:182} INFO - Started process (PID=2587) to work on /srv/app/airflow/dags/hello.py
[2021-09-30 08:00:31,637] {scheduler_job.py:629} INFO - Processing file /srv/app/airflow/dags/hello.py for tasks to queue
[2021-09-30 08:00:31,638] {logging_mixin.py:104} INFO - [2021-09-30 08:00:31,638] {dagbag.py:451} INFO - Filling up the DagBag from /srv/app/airflow/dags/hello.py
[2021-09-30 08:00:31,681] {logging_mixin.py:104} WARNING - /usr/local/lib/python3.6/dist-packages/airflow/utils/decorators.py:94 DeprecationWarning: provide_context is deprecated as of 2.0 and is no longer required
[2021-09-30 08:00:31,685] {scheduler_job.py:639} INFO - DAG(s) dict_keys(['hello_airflow1']) retrieved from /srv/app/airflow/dags/hello.py
[2021-09-30 08:00:31,702] {logging_mixin.py:104} INFO - [2021-09-30 08:00:31,702] {dag.py:1824} INFO - Sync 1 DAGs
[2021-09-30 08:00:31,714] {logging_mixin.py:104} INFO - [2021-09-30 08:00:31,714] {dag.py:2280} INFO - Setting next_dagrun for hello_airflow1 to 2021-09-29 00:00:00+00:00
[2021-09-30 08:00:31,720] {scheduler_job.py:190} INFO - Processing /srv/app/airflow/dags/hello.py took 0.087 seconds
[2021-09-30 08:01:02,824] {scheduler_job.py:182} INFO - Started process (PID=2669) to work on /srv/app/airflow/dags/hello.py
[2021-09-30 08:01:02,827] {scheduler_job.py:629} INFO - Processing file /srv/app/airflow/dags/hello.py for tasks to queue
[2021-09-30 08:01:02,827] {logging_mixin.py:104} INFO - [2021-09-30 08:01:02,827] {dagbag.py:451} INFO - Filling up the DagBag from /srv/app/airflow/dags/hello.py
[2021-09-30 08:01:02,871] {logging_mixin.py:104} WARNING - /usr/local/lib/python3.6/dist-packages/airflow/utils/decorators.py:94 DeprecationWarning: provide_context is deprecated as of 2.0 and is no longer required
[2021-09-30 08:01:02,876] {scheduler_job.py:639} INFO - DAG(s) dict_keys(['hello_airflow1']) retrieved from /srv/app/airflow/dags/hello.py
[2021-09-30 08:01:02,893] {logging_mixin.py:104} INFO - [2021-09-30 08:01:02,893] {dag.py:1824} INFO - Sync 1 DAGs
[2021-09-30 08:01:02,908] {logging_mixin.py:104} INFO - [2021-09-30 08:01:02,907] {dag.py:2280} INFO - Setting next_dagrun for hello_airflow1 to 2021-09-29 00:00:00+00:00
[2021-09-30 08:01:02,915] {scheduler_job.py:190} INFO - Processing /srv/app/airflow/dags/hello.py took 0.093 seconds
[2021-09-30 08:01:33,819] {scheduler_job.py:182} INFO - Started process (PID=2738) to work on /srv/app/airflow/dags/hello.py
[2021-09-30 08:01:33,820] {scheduler_job.py:629} INFO - Processing file /srv/app/airflow/dags/hello.py for tasks to queue
[2021-09-30 08:01:33,821] {logging_mixin.py:104} INFO - [2021-09-30 08:01:33,821] {dagbag.py:451} INFO - Filling up the DagBag from /srv/app/airflow/dags/hello.py
[2021-09-30 08:01:33,878] {logging_mixin.py:104} WARNING - /usr/local/lib/python3.6/dist-packages/airflow/utils/decorators.py:94 DeprecationWarning: provide_context is deprecated as of 2.0 and is no longer required
[2021-09-30 08:01:33,882] {scheduler_job.py:639} INFO - DAG(s) dict_keys(['hello_airflow1']) retrieved from /srv/app/airflow/dags/hello.py
[2021-09-30 08:01:33,901] {logging_mixin.py:104} INFO - [2021-09-30 08:01:33,901] {dag.py:1824} INFO - Sync 1 DAGs
[2021-09-30 08:01:33,916] {logging_mixin.py:104} INFO - [2021-09-30 08:01:33,916] {dag.py:2280} INFO - Setting next_dagrun for hello_airflow1 to 2021-09-29 00:00:00+00:00
[2021-09-30 08:01:33,926] {scheduler_job.py:190} INFO - Processing /srv/app/airflow/dags/hello.py took 0.113 seconds
[2021-09-30 08:02:04,229] {scheduler_job.py:182} INFO - Started process (PID=2804) to work on /srv/app/airflow/dags/hello.py
[2021-09-30 08:02:04,229] {scheduler_job.py:629} INFO - Processing file /srv/app/airflow/dags/hello.py for tasks to queue
[2021-09-30 08:02:04,230] {logging_mixin.py:104} INFO - [2021-09-30 08:02:04,230] {dagbag.py:451} INFO - Filling up the DagBag from /srv/app/airflow/dags/hello.py
[2021-09-30 08:02:04,272] {logging_mixin.py:104} WARNING - /usr/local/lib/python3.6/dist-packages/airflow/utils/decorators.py:94 DeprecationWarning: provide_context is deprecated as of 2.0 and is no longer required
[2021-09-30 08:02:04,276] {scheduler_job.py:639} INFO - DAG(s) dict_keys(['hello_airflow1']) retrieved from /srv/app/airflow/dags/hello.py
[2021-09-30 08:02:04,292] {logging_mixin.py:104} INFO - [2021-09-30 08:02:04,292] {dag.py:1824} INFO - Sync 1 DAGs
[2021-09-30 08:02:04,304] {logging_mixin.py:104} INFO - [2021-09-30 08:02:04,304] {dag.py:2280} INFO - Setting next_dagrun for hello_airflow1 to 2021-09-29 00:00:00+00:00
[2021-09-30 08:02:04,311] {scheduler_job.py:190} INFO - Processing /srv/app/airflow/dags/hello.py took 0.084 seconds
