[2021-09-30 07:30:45,505] {scheduler_job.py:182} INFO - Started process (PID=67) to work on /usr/local/lib/python3.6/dist-packages/airflow/example_dags/example_latest_only.py
[2021-09-30 07:30:45,506] {scheduler_job.py:629} INFO - Processing file /usr/local/lib/python3.6/dist-packages/airflow/example_dags/example_latest_only.py for tasks to queue
[2021-09-30 07:30:45,507] {logging_mixin.py:104} INFO - [2021-09-30 07:30:45,506] {dagbag.py:451} INFO - Filling up the DagBag from /usr/local/lib/python3.6/dist-packages/airflow/example_dags/example_latest_only.py
[2021-09-30 07:30:45,514] {scheduler_job.py:639} INFO - DAG(s) dict_keys(['latest_only']) retrieved from /usr/local/lib/python3.6/dist-packages/airflow/example_dags/example_latest_only.py
[2021-09-30 07:30:45,537] {logging_mixin.py:104} INFO - [2021-09-30 07:30:45,537] {dag.py:1824} INFO - Sync 1 DAGs
[2021-09-30 07:30:45,558] {logging_mixin.py:104} INFO - [2021-09-30 07:30:45,557] {dag.py:2280} INFO - Setting next_dagrun for latest_only to 2021-09-28 00:00:00+00:00
[2021-09-30 07:30:45,569] {scheduler_job.py:190} INFO - Processing /usr/local/lib/python3.6/dist-packages/airflow/example_dags/example_latest_only.py took 0.066 seconds
[2021-09-30 07:31:15,659] {scheduler_job.py:182} INFO - Started process (PID=229) to work on /usr/local/lib/python3.6/dist-packages/airflow/example_dags/example_latest_only.py
[2021-09-30 07:31:15,659] {scheduler_job.py:629} INFO - Processing file /usr/local/lib/python3.6/dist-packages/airflow/example_dags/example_latest_only.py for tasks to queue
[2021-09-30 07:31:15,660] {logging_mixin.py:104} INFO - [2021-09-30 07:31:15,660] {dagbag.py:451} INFO - Filling up the DagBag from /usr/local/lib/python3.6/dist-packages/airflow/example_dags/example_latest_only.py
[2021-09-30 07:31:15,669] {scheduler_job.py:639} INFO - DAG(s) dict_keys(['latest_only']) retrieved from /usr/local/lib/python3.6/dist-packages/airflow/example_dags/example_latest_only.py
[2021-09-30 07:31:15,691] {logging_mixin.py:104} INFO - [2021-09-30 07:31:15,691] {dag.py:1824} INFO - Sync 1 DAGs
[2021-09-30 07:31:15,708] {logging_mixin.py:104} INFO - [2021-09-30 07:31:15,707] {dag.py:2280} INFO - Setting next_dagrun for latest_only to 2021-09-28 00:00:00+00:00
[2021-09-30 07:31:15,717] {scheduler_job.py:190} INFO - Processing /usr/local/lib/python3.6/dist-packages/airflow/example_dags/example_latest_only.py took 0.059 seconds
[2021-09-30 07:31:46,552] {scheduler_job.py:182} INFO - Started process (PID=300) to work on /usr/local/lib/python3.6/dist-packages/airflow/example_dags/example_latest_only.py
[2021-09-30 07:31:46,553] {scheduler_job.py:629} INFO - Processing file /usr/local/lib/python3.6/dist-packages/airflow/example_dags/example_latest_only.py for tasks to queue
[2021-09-30 07:31:46,553] {logging_mixin.py:104} INFO - [2021-09-30 07:31:46,553] {dagbag.py:451} INFO - Filling up the DagBag from /usr/local/lib/python3.6/dist-packages/airflow/example_dags/example_latest_only.py
[2021-09-30 07:31:46,559] {scheduler_job.py:639} INFO - DAG(s) dict_keys(['latest_only']) retrieved from /usr/local/lib/python3.6/dist-packages/airflow/example_dags/example_latest_only.py
[2021-09-30 07:31:46,572] {logging_mixin.py:104} INFO - [2021-09-30 07:31:46,572] {dag.py:1824} INFO - Sync 1 DAGs
[2021-09-30 07:31:46,582] {logging_mixin.py:104} INFO - [2021-09-30 07:31:46,582] {dag.py:2280} INFO - Setting next_dagrun for latest_only to 2021-09-28 00:00:00+00:00
[2021-09-30 07:31:46,587] {scheduler_job.py:190} INFO - Processing /usr/local/lib/python3.6/dist-packages/airflow/example_dags/example_latest_only.py took 0.037 seconds
[2021-09-30 07:32:17,025] {scheduler_job.py:182} INFO - Started process (PID=378) to work on /usr/local/lib/python3.6/dist-packages/airflow/example_dags/example_latest_only.py
[2021-09-30 07:32:17,025] {scheduler_job.py:629} INFO - Processing file /usr/local/lib/python3.6/dist-packages/airflow/example_dags/example_latest_only.py for tasks to queue
[2021-09-30 07:32:17,025] {logging_mixin.py:104} INFO - [2021-09-30 07:32:17,025] {dagbag.py:451} INFO - Filling up the DagBag from /usr/local/lib/python3.6/dist-packages/airflow/example_dags/example_latest_only.py
[2021-09-30 07:32:17,031] {scheduler_job.py:639} INFO - DAG(s) dict_keys(['latest_only']) retrieved from /usr/local/lib/python3.6/dist-packages/airflow/example_dags/example_latest_only.py
[2021-09-30 07:32:17,043] {logging_mixin.py:104} INFO - [2021-09-30 07:32:17,043] {dag.py:1824} INFO - Sync 1 DAGs
[2021-09-30 07:32:17,053] {logging_mixin.py:104} INFO - [2021-09-30 07:32:17,053] {dag.py:2280} INFO - Setting next_dagrun for latest_only to 2021-09-28 00:00:00+00:00
[2021-09-30 07:32:17,062] {scheduler_job.py:190} INFO - Processing /usr/local/lib/python3.6/dist-packages/airflow/example_dags/example_latest_only.py took 0.039 seconds
[2021-09-30 07:32:47,731] {scheduler_job.py:182} INFO - Started process (PID=463) to work on /usr/local/lib/python3.6/dist-packages/airflow/example_dags/example_latest_only.py
[2021-09-30 07:32:47,731] {scheduler_job.py:629} INFO - Processing file /usr/local/lib/python3.6/dist-packages/airflow/example_dags/example_latest_only.py for tasks to queue
[2021-09-30 07:32:47,732] {logging_mixin.py:104} INFO - [2021-09-30 07:32:47,731] {dagbag.py:451} INFO - Filling up the DagBag from /usr/local/lib/python3.6/dist-packages/airflow/example_dags/example_latest_only.py
[2021-09-30 07:32:47,737] {scheduler_job.py:639} INFO - DAG(s) dict_keys(['latest_only']) retrieved from /usr/local/lib/python3.6/dist-packages/airflow/example_dags/example_latest_only.py
[2021-09-30 07:32:47,748] {logging_mixin.py:104} INFO - [2021-09-30 07:32:47,748] {dag.py:1824} INFO - Sync 1 DAGs
[2021-09-30 07:32:47,757] {logging_mixin.py:104} INFO - [2021-09-30 07:32:47,757] {dag.py:2280} INFO - Setting next_dagrun for latest_only to 2021-09-28 00:00:00+00:00
[2021-09-30 07:32:47,763] {scheduler_job.py:190} INFO - Processing /usr/local/lib/python3.6/dist-packages/airflow/example_dags/example_latest_only.py took 0.034 seconds
[2021-09-30 07:33:17,776] {scheduler_job.py:182} INFO - Started process (PID=556) to work on /usr/local/lib/python3.6/dist-packages/airflow/example_dags/example_latest_only.py
[2021-09-30 07:33:17,777] {scheduler_job.py:629} INFO - Processing file /usr/local/lib/python3.6/dist-packages/airflow/example_dags/example_latest_only.py for tasks to queue
[2021-09-30 07:33:17,777] {logging_mixin.py:104} INFO - [2021-09-30 07:33:17,777] {dagbag.py:451} INFO - Filling up the DagBag from /usr/local/lib/python3.6/dist-packages/airflow/example_dags/example_latest_only.py
[2021-09-30 07:33:17,783] {scheduler_job.py:639} INFO - DAG(s) dict_keys(['latest_only']) retrieved from /usr/local/lib/python3.6/dist-packages/airflow/example_dags/example_latest_only.py
[2021-09-30 07:33:17,794] {logging_mixin.py:104} INFO - [2021-09-30 07:33:17,794] {dag.py:1824} INFO - Sync 1 DAGs
[2021-09-30 07:33:17,803] {logging_mixin.py:104} INFO - [2021-09-30 07:33:17,803] {dag.py:2280} INFO - Setting next_dagrun for latest_only to 2021-09-28 00:00:00+00:00
[2021-09-30 07:33:17,809] {scheduler_job.py:190} INFO - Processing /usr/local/lib/python3.6/dist-packages/airflow/example_dags/example_latest_only.py took 0.034 seconds
[2021-09-30 07:33:43,003] {scheduler_job.py:182} INFO - Started process (PID=62) to work on /usr/local/lib/python3.6/dist-packages/airflow/example_dags/example_latest_only.py
[2021-09-30 07:33:43,004] {scheduler_job.py:629} INFO - Processing file /usr/local/lib/python3.6/dist-packages/airflow/example_dags/example_latest_only.py for tasks to queue
[2021-09-30 07:33:43,005] {logging_mixin.py:104} INFO - [2021-09-30 07:33:43,005] {dagbag.py:451} INFO - Filling up the DagBag from /usr/local/lib/python3.6/dist-packages/airflow/example_dags/example_latest_only.py
[2021-09-30 07:33:43,013] {scheduler_job.py:639} INFO - DAG(s) dict_keys(['latest_only']) retrieved from /usr/local/lib/python3.6/dist-packages/airflow/example_dags/example_latest_only.py
[2021-09-30 07:33:43,029] {logging_mixin.py:104} INFO - [2021-09-30 07:33:43,029] {dag.py:1824} INFO - Sync 1 DAGs
[2021-09-30 07:33:43,041] {logging_mixin.py:104} INFO - [2021-09-30 07:33:43,041] {dag.py:2280} INFO - Setting next_dagrun for latest_only to 2021-09-28 00:00:00+00:00
[2021-09-30 07:33:43,049] {scheduler_job.py:190} INFO - Processing /usr/local/lib/python3.6/dist-packages/airflow/example_dags/example_latest_only.py took 0.048 seconds
[2021-09-30 07:34:13,246] {scheduler_job.py:182} INFO - Started process (PID=194) to work on /usr/local/lib/python3.6/dist-packages/airflow/example_dags/example_latest_only.py
[2021-09-30 07:34:13,247] {scheduler_job.py:629} INFO - Processing file /usr/local/lib/python3.6/dist-packages/airflow/example_dags/example_latest_only.py for tasks to queue
[2021-09-30 07:34:13,247] {logging_mixin.py:104} INFO - [2021-09-30 07:34:13,247] {dagbag.py:451} INFO - Filling up the DagBag from /usr/local/lib/python3.6/dist-packages/airflow/example_dags/example_latest_only.py
[2021-09-30 07:34:13,254] {scheduler_job.py:639} INFO - DAG(s) dict_keys(['latest_only']) retrieved from /usr/local/lib/python3.6/dist-packages/airflow/example_dags/example_latest_only.py
[2021-09-30 07:34:13,268] {logging_mixin.py:104} INFO - [2021-09-30 07:34:13,268] {dag.py:1824} INFO - Sync 1 DAGs
[2021-09-30 07:34:13,281] {logging_mixin.py:104} INFO - [2021-09-30 07:34:13,281] {dag.py:2280} INFO - Setting next_dagrun for latest_only to 2021-09-28 00:00:00+00:00
[2021-09-30 07:34:13,290] {scheduler_job.py:190} INFO - Processing /usr/local/lib/python3.6/dist-packages/airflow/example_dags/example_latest_only.py took 0.045 seconds
[2021-09-30 07:34:43,397] {scheduler_job.py:182} INFO - Started process (PID=266) to work on /usr/local/lib/python3.6/dist-packages/airflow/example_dags/example_latest_only.py
[2021-09-30 07:34:43,398] {scheduler_job.py:629} INFO - Processing file /usr/local/lib/python3.6/dist-packages/airflow/example_dags/example_latest_only.py for tasks to queue
[2021-09-30 07:34:43,398] {logging_mixin.py:104} INFO - [2021-09-30 07:34:43,398] {dagbag.py:451} INFO - Filling up the DagBag from /usr/local/lib/python3.6/dist-packages/airflow/example_dags/example_latest_only.py
[2021-09-30 07:34:43,413] {scheduler_job.py:639} INFO - DAG(s) dict_keys(['latest_only']) retrieved from /usr/local/lib/python3.6/dist-packages/airflow/example_dags/example_latest_only.py
[2021-09-30 07:34:43,438] {logging_mixin.py:104} INFO - [2021-09-30 07:34:43,438] {dag.py:1824} INFO - Sync 1 DAGs
[2021-09-30 07:34:43,455] {logging_mixin.py:104} INFO - [2021-09-30 07:34:43,455] {dag.py:2280} INFO - Setting next_dagrun for latest_only to 2021-09-28 00:00:00+00:00
[2021-09-30 07:34:43,465] {scheduler_job.py:190} INFO - Processing /usr/local/lib/python3.6/dist-packages/airflow/example_dags/example_latest_only.py took 0.072 seconds
[2021-09-30 07:36:11,423] {scheduler_job.py:182} INFO - Started process (PID=44) to work on /usr/local/lib/python3.6/dist-packages/airflow/example_dags/example_latest_only.py
[2021-09-30 07:36:11,423] {scheduler_job.py:629} INFO - Processing file /usr/local/lib/python3.6/dist-packages/airflow/example_dags/example_latest_only.py for tasks to queue
[2021-09-30 07:36:11,424] {logging_mixin.py:104} INFO - [2021-09-30 07:36:11,423] {dagbag.py:451} INFO - Filling up the DagBag from /usr/local/lib/python3.6/dist-packages/airflow/example_dags/example_latest_only.py
[2021-09-30 07:36:11,430] {scheduler_job.py:639} INFO - DAG(s) dict_keys(['latest_only']) retrieved from /usr/local/lib/python3.6/dist-packages/airflow/example_dags/example_latest_only.py
[2021-09-30 07:36:11,442] {logging_mixin.py:104} INFO - [2021-09-30 07:36:11,442] {dag.py:1824} INFO - Sync 1 DAGs
[2021-09-30 07:36:11,452] {logging_mixin.py:104} INFO - [2021-09-30 07:36:11,452] {dag.py:2280} INFO - Setting next_dagrun for latest_only to 2021-09-28 00:00:00+00:00
[2021-09-30 07:36:11,458] {scheduler_job.py:190} INFO - Processing /usr/local/lib/python3.6/dist-packages/airflow/example_dags/example_latest_only.py took 0.037 seconds
[2021-09-30 07:36:42,293] {scheduler_job.py:182} INFO - Started process (PID=184) to work on /usr/local/lib/python3.6/dist-packages/airflow/example_dags/example_latest_only.py
[2021-09-30 07:36:42,294] {scheduler_job.py:629} INFO - Processing file /usr/local/lib/python3.6/dist-packages/airflow/example_dags/example_latest_only.py for tasks to queue
[2021-09-30 07:36:42,294] {logging_mixin.py:104} INFO - [2021-09-30 07:36:42,294] {dagbag.py:451} INFO - Filling up the DagBag from /usr/local/lib/python3.6/dist-packages/airflow/example_dags/example_latest_only.py
[2021-09-30 07:36:42,302] {scheduler_job.py:639} INFO - DAG(s) dict_keys(['latest_only']) retrieved from /usr/local/lib/python3.6/dist-packages/airflow/example_dags/example_latest_only.py
[2021-09-30 07:36:42,317] {logging_mixin.py:104} INFO - [2021-09-30 07:36:42,316] {dag.py:1824} INFO - Sync 1 DAGs
[2021-09-30 07:36:42,327] {logging_mixin.py:104} INFO - [2021-09-30 07:36:42,327] {dag.py:2280} INFO - Setting next_dagrun for latest_only to 2021-09-28 00:00:00+00:00
[2021-09-30 07:36:42,335] {scheduler_job.py:190} INFO - Processing /usr/local/lib/python3.6/dist-packages/airflow/example_dags/example_latest_only.py took 0.044 seconds
[2021-09-30 07:37:28,808] {scheduler_job.py:182} INFO - Started process (PID=48) to work on /usr/local/lib/python3.6/dist-packages/airflow/example_dags/example_latest_only.py
[2021-09-30 07:37:28,809] {scheduler_job.py:629} INFO - Processing file /usr/local/lib/python3.6/dist-packages/airflow/example_dags/example_latest_only.py for tasks to queue
[2021-09-30 07:37:28,809] {logging_mixin.py:104} INFO - [2021-09-30 07:37:28,809] {dagbag.py:451} INFO - Filling up the DagBag from /usr/local/lib/python3.6/dist-packages/airflow/example_dags/example_latest_only.py
[2021-09-30 07:37:28,816] {scheduler_job.py:639} INFO - DAG(s) dict_keys(['latest_only']) retrieved from /usr/local/lib/python3.6/dist-packages/airflow/example_dags/example_latest_only.py
[2021-09-30 07:37:28,829] {logging_mixin.py:104} INFO - [2021-09-30 07:37:28,829] {dag.py:1824} INFO - Sync 1 DAGs
[2021-09-30 07:37:28,841] {logging_mixin.py:104} INFO - [2021-09-30 07:37:28,840] {dag.py:2280} INFO - Setting next_dagrun for latest_only to 2021-09-28 00:00:00+00:00
[2021-09-30 07:37:28,849] {scheduler_job.py:190} INFO - Processing /usr/local/lib/python3.6/dist-packages/airflow/example_dags/example_latest_only.py took 0.043 seconds
[2021-09-30 07:37:58,897] {scheduler_job.py:182} INFO - Started process (PID=186) to work on /usr/local/lib/python3.6/dist-packages/airflow/example_dags/example_latest_only.py
[2021-09-30 07:37:58,898] {scheduler_job.py:629} INFO - Processing file /usr/local/lib/python3.6/dist-packages/airflow/example_dags/example_latest_only.py for tasks to queue
[2021-09-30 07:37:58,898] {logging_mixin.py:104} INFO - [2021-09-30 07:37:58,898] {dagbag.py:451} INFO - Filling up the DagBag from /usr/local/lib/python3.6/dist-packages/airflow/example_dags/example_latest_only.py
[2021-09-30 07:37:58,903] {scheduler_job.py:639} INFO - DAG(s) dict_keys(['latest_only']) retrieved from /usr/local/lib/python3.6/dist-packages/airflow/example_dags/example_latest_only.py
[2021-09-30 07:37:58,914] {logging_mixin.py:104} INFO - [2021-09-30 07:37:58,914] {dag.py:1824} INFO - Sync 1 DAGs
[2021-09-30 07:37:58,923] {logging_mixin.py:104} INFO - [2021-09-30 07:37:58,923] {dag.py:2280} INFO - Setting next_dagrun for latest_only to 2021-09-28 00:00:00+00:00
[2021-09-30 07:37:58,928] {scheduler_job.py:190} INFO - Processing /usr/local/lib/python3.6/dist-packages/airflow/example_dags/example_latest_only.py took 0.032 seconds
[2021-09-30 07:38:29,621] {scheduler_job.py:182} INFO - Started process (PID=264) to work on /usr/local/lib/python3.6/dist-packages/airflow/example_dags/example_latest_only.py
[2021-09-30 07:38:29,622] {scheduler_job.py:629} INFO - Processing file /usr/local/lib/python3.6/dist-packages/airflow/example_dags/example_latest_only.py for tasks to queue
[2021-09-30 07:38:29,622] {logging_mixin.py:104} INFO - [2021-09-30 07:38:29,622] {dagbag.py:451} INFO - Filling up the DagBag from /usr/local/lib/python3.6/dist-packages/airflow/example_dags/example_latest_only.py
[2021-09-30 07:38:29,628] {scheduler_job.py:639} INFO - DAG(s) dict_keys(['latest_only']) retrieved from /usr/local/lib/python3.6/dist-packages/airflow/example_dags/example_latest_only.py
[2021-09-30 07:38:29,640] {logging_mixin.py:104} INFO - [2021-09-30 07:38:29,640] {dag.py:1824} INFO - Sync 1 DAGs
[2021-09-30 07:38:29,649] {logging_mixin.py:104} INFO - [2021-09-30 07:38:29,649] {dag.py:2280} INFO - Setting next_dagrun for latest_only to 2021-09-28 00:00:00+00:00
[2021-09-30 07:38:29,655] {scheduler_job.py:190} INFO - Processing /usr/local/lib/python3.6/dist-packages/airflow/example_dags/example_latest_only.py took 0.035 seconds
[2021-09-30 07:39:00,304] {scheduler_job.py:182} INFO - Started process (PID=338) to work on /usr/local/lib/python3.6/dist-packages/airflow/example_dags/example_latest_only.py
[2021-09-30 07:39:00,304] {scheduler_job.py:629} INFO - Processing file /usr/local/lib/python3.6/dist-packages/airflow/example_dags/example_latest_only.py for tasks to queue
[2021-09-30 07:39:00,305] {logging_mixin.py:104} INFO - [2021-09-30 07:39:00,305] {dagbag.py:451} INFO - Filling up the DagBag from /usr/local/lib/python3.6/dist-packages/airflow/example_dags/example_latest_only.py
[2021-09-30 07:39:00,311] {scheduler_job.py:639} INFO - DAG(s) dict_keys(['latest_only']) retrieved from /usr/local/lib/python3.6/dist-packages/airflow/example_dags/example_latest_only.py
[2021-09-30 07:39:00,322] {logging_mixin.py:104} INFO - [2021-09-30 07:39:00,322] {dag.py:1824} INFO - Sync 1 DAGs
[2021-09-30 07:39:00,330] {logging_mixin.py:104} INFO - [2021-09-30 07:39:00,330] {dag.py:2280} INFO - Setting next_dagrun for latest_only to 2021-09-28 00:00:00+00:00
[2021-09-30 07:39:00,335] {scheduler_job.py:190} INFO - Processing /usr/local/lib/python3.6/dist-packages/airflow/example_dags/example_latest_only.py took 0.033 seconds
[2021-09-30 07:39:30,989] {scheduler_job.py:182} INFO - Started process (PID=422) to work on /usr/local/lib/python3.6/dist-packages/airflow/example_dags/example_latest_only.py
[2021-09-30 07:39:30,990] {scheduler_job.py:629} INFO - Processing file /usr/local/lib/python3.6/dist-packages/airflow/example_dags/example_latest_only.py for tasks to queue
[2021-09-30 07:39:30,990] {logging_mixin.py:104} INFO - [2021-09-30 07:39:30,990] {dagbag.py:451} INFO - Filling up the DagBag from /usr/local/lib/python3.6/dist-packages/airflow/example_dags/example_latest_only.py
[2021-09-30 07:39:30,996] {scheduler_job.py:639} INFO - DAG(s) dict_keys(['latest_only']) retrieved from /usr/local/lib/python3.6/dist-packages/airflow/example_dags/example_latest_only.py
[2021-09-30 07:39:31,009] {logging_mixin.py:104} INFO - [2021-09-30 07:39:31,009] {dag.py:1824} INFO - Sync 1 DAGs
[2021-09-30 07:39:31,019] {logging_mixin.py:104} INFO - [2021-09-30 07:39:31,019] {dag.py:2280} INFO - Setting next_dagrun for latest_only to 2021-09-28 00:00:00+00:00
[2021-09-30 07:39:31,026] {scheduler_job.py:190} INFO - Processing /usr/local/lib/python3.6/dist-packages/airflow/example_dags/example_latest_only.py took 0.038 seconds
[2021-09-30 07:40:01,222] {scheduler_job.py:182} INFO - Started process (PID=497) to work on /usr/local/lib/python3.6/dist-packages/airflow/example_dags/example_latest_only.py
[2021-09-30 07:40:01,223] {scheduler_job.py:629} INFO - Processing file /usr/local/lib/python3.6/dist-packages/airflow/example_dags/example_latest_only.py for tasks to queue
[2021-09-30 07:40:01,223] {logging_mixin.py:104} INFO - [2021-09-30 07:40:01,223] {dagbag.py:451} INFO - Filling up the DagBag from /usr/local/lib/python3.6/dist-packages/airflow/example_dags/example_latest_only.py
[2021-09-30 07:40:01,229] {scheduler_job.py:639} INFO - DAG(s) dict_keys(['latest_only']) retrieved from /usr/local/lib/python3.6/dist-packages/airflow/example_dags/example_latest_only.py
[2021-09-30 07:40:01,241] {logging_mixin.py:104} INFO - [2021-09-30 07:40:01,241] {dag.py:1824} INFO - Sync 1 DAGs
[2021-09-30 07:40:01,249] {logging_mixin.py:104} INFO - [2021-09-30 07:40:01,249] {dag.py:2280} INFO - Setting next_dagrun for latest_only to 2021-09-28 00:00:00+00:00
[2021-09-30 07:40:01,255] {scheduler_job.py:190} INFO - Processing /usr/local/lib/python3.6/dist-packages/airflow/example_dags/example_latest_only.py took 0.034 seconds
[2021-09-30 07:40:31,926] {scheduler_job.py:182} INFO - Started process (PID=571) to work on /usr/local/lib/python3.6/dist-packages/airflow/example_dags/example_latest_only.py
[2021-09-30 07:40:31,927] {scheduler_job.py:629} INFO - Processing file /usr/local/lib/python3.6/dist-packages/airflow/example_dags/example_latest_only.py for tasks to queue
[2021-09-30 07:40:31,927] {logging_mixin.py:104} INFO - [2021-09-30 07:40:31,927] {dagbag.py:451} INFO - Filling up the DagBag from /usr/local/lib/python3.6/dist-packages/airflow/example_dags/example_latest_only.py
[2021-09-30 07:40:31,932] {scheduler_job.py:639} INFO - DAG(s) dict_keys(['latest_only']) retrieved from /usr/local/lib/python3.6/dist-packages/airflow/example_dags/example_latest_only.py
[2021-09-30 07:40:31,943] {logging_mixin.py:104} INFO - [2021-09-30 07:40:31,943] {dag.py:1824} INFO - Sync 1 DAGs
[2021-09-30 07:40:31,952] {logging_mixin.py:104} INFO - [2021-09-30 07:40:31,952] {dag.py:2280} INFO - Setting next_dagrun for latest_only to 2021-09-28 00:00:00+00:00
[2021-09-30 07:40:31,957] {scheduler_job.py:190} INFO - Processing /usr/local/lib/python3.6/dist-packages/airflow/example_dags/example_latest_only.py took 0.032 seconds
[2021-09-30 07:41:02,609] {scheduler_job.py:182} INFO - Started process (PID=646) to work on /usr/local/lib/python3.6/dist-packages/airflow/example_dags/example_latest_only.py
[2021-09-30 07:41:02,610] {scheduler_job.py:629} INFO - Processing file /usr/local/lib/python3.6/dist-packages/airflow/example_dags/example_latest_only.py for tasks to queue
[2021-09-30 07:41:02,610] {logging_mixin.py:104} INFO - [2021-09-30 07:41:02,610] {dagbag.py:451} INFO - Filling up the DagBag from /usr/local/lib/python3.6/dist-packages/airflow/example_dags/example_latest_only.py
[2021-09-30 07:41:02,616] {scheduler_job.py:639} INFO - DAG(s) dict_keys(['latest_only']) retrieved from /usr/local/lib/python3.6/dist-packages/airflow/example_dags/example_latest_only.py
[2021-09-30 07:41:02,628] {logging_mixin.py:104} INFO - [2021-09-30 07:41:02,628] {dag.py:1824} INFO - Sync 1 DAGs
[2021-09-30 07:41:02,638] {logging_mixin.py:104} INFO - [2021-09-30 07:41:02,638] {dag.py:2280} INFO - Setting next_dagrun for latest_only to 2021-09-28 00:00:00+00:00
[2021-09-30 07:41:02,645] {scheduler_job.py:190} INFO - Processing /usr/local/lib/python3.6/dist-packages/airflow/example_dags/example_latest_only.py took 0.038 seconds
[2021-09-30 07:41:33,351] {scheduler_job.py:182} INFO - Started process (PID=720) to work on /usr/local/lib/python3.6/dist-packages/airflow/example_dags/example_latest_only.py
[2021-09-30 07:41:33,351] {scheduler_job.py:629} INFO - Processing file /usr/local/lib/python3.6/dist-packages/airflow/example_dags/example_latest_only.py for tasks to queue
[2021-09-30 07:41:33,352] {logging_mixin.py:104} INFO - [2021-09-30 07:41:33,352] {dagbag.py:451} INFO - Filling up the DagBag from /usr/local/lib/python3.6/dist-packages/airflow/example_dags/example_latest_only.py
[2021-09-30 07:41:33,358] {scheduler_job.py:639} INFO - DAG(s) dict_keys(['latest_only']) retrieved from /usr/local/lib/python3.6/dist-packages/airflow/example_dags/example_latest_only.py
[2021-09-30 07:41:33,371] {logging_mixin.py:104} INFO - [2021-09-30 07:41:33,371] {dag.py:1824} INFO - Sync 1 DAGs
[2021-09-30 07:41:33,380] {logging_mixin.py:104} INFO - [2021-09-30 07:41:33,380] {dag.py:2280} INFO - Setting next_dagrun for latest_only to 2021-09-28 00:00:00+00:00
[2021-09-30 07:41:33,386] {scheduler_job.py:190} INFO - Processing /usr/local/lib/python3.6/dist-packages/airflow/example_dags/example_latest_only.py took 0.037 seconds
[2021-09-30 07:42:04,046] {scheduler_job.py:182} INFO - Started process (PID=796) to work on /usr/local/lib/python3.6/dist-packages/airflow/example_dags/example_latest_only.py
[2021-09-30 07:42:04,046] {scheduler_job.py:629} INFO - Processing file /usr/local/lib/python3.6/dist-packages/airflow/example_dags/example_latest_only.py for tasks to queue
[2021-09-30 07:42:04,046] {logging_mixin.py:104} INFO - [2021-09-30 07:42:04,046] {dagbag.py:451} INFO - Filling up the DagBag from /usr/local/lib/python3.6/dist-packages/airflow/example_dags/example_latest_only.py
[2021-09-30 07:42:04,052] {scheduler_job.py:639} INFO - DAG(s) dict_keys(['latest_only']) retrieved from /usr/local/lib/python3.6/dist-packages/airflow/example_dags/example_latest_only.py
[2021-09-30 07:42:04,064] {logging_mixin.py:104} INFO - [2021-09-30 07:42:04,064] {dag.py:1824} INFO - Sync 1 DAGs
[2021-09-30 07:42:04,073] {logging_mixin.py:104} INFO - [2021-09-30 07:42:04,073] {dag.py:2280} INFO - Setting next_dagrun for latest_only to 2021-09-28 00:00:00+00:00
[2021-09-30 07:42:04,078] {scheduler_job.py:190} INFO - Processing /usr/local/lib/python3.6/dist-packages/airflow/example_dags/example_latest_only.py took 0.034 seconds
[2021-09-30 07:42:34,913] {scheduler_job.py:182} INFO - Started process (PID=870) to work on /usr/local/lib/python3.6/dist-packages/airflow/example_dags/example_latest_only.py
[2021-09-30 07:42:34,914] {scheduler_job.py:629} INFO - Processing file /usr/local/lib/python3.6/dist-packages/airflow/example_dags/example_latest_only.py for tasks to queue
[2021-09-30 07:42:34,914] {logging_mixin.py:104} INFO - [2021-09-30 07:42:34,914] {dagbag.py:451} INFO - Filling up the DagBag from /usr/local/lib/python3.6/dist-packages/airflow/example_dags/example_latest_only.py
[2021-09-30 07:42:34,928] {scheduler_job.py:639} INFO - DAG(s) dict_keys(['latest_only']) retrieved from /usr/local/lib/python3.6/dist-packages/airflow/example_dags/example_latest_only.py
[2021-09-30 07:42:34,950] {logging_mixin.py:104} INFO - [2021-09-30 07:42:34,950] {dag.py:1824} INFO - Sync 1 DAGs
[2021-09-30 07:42:34,961] {logging_mixin.py:104} INFO - [2021-09-30 07:42:34,961] {dag.py:2280} INFO - Setting next_dagrun for latest_only to 2021-09-28 00:00:00+00:00
[2021-09-30 07:42:34,971] {scheduler_job.py:190} INFO - Processing /usr/local/lib/python3.6/dist-packages/airflow/example_dags/example_latest_only.py took 0.060 seconds
[2021-09-30 07:43:05,034] {scheduler_job.py:182} INFO - Started process (PID=944) to work on /usr/local/lib/python3.6/dist-packages/airflow/example_dags/example_latest_only.py
[2021-09-30 07:43:05,035] {scheduler_job.py:629} INFO - Processing file /usr/local/lib/python3.6/dist-packages/airflow/example_dags/example_latest_only.py for tasks to queue
[2021-09-30 07:43:05,035] {logging_mixin.py:104} INFO - [2021-09-30 07:43:05,035] {dagbag.py:451} INFO - Filling up the DagBag from /usr/local/lib/python3.6/dist-packages/airflow/example_dags/example_latest_only.py
[2021-09-30 07:43:05,046] {scheduler_job.py:639} INFO - DAG(s) dict_keys(['latest_only']) retrieved from /usr/local/lib/python3.6/dist-packages/airflow/example_dags/example_latest_only.py
[2021-09-30 07:43:05,071] {logging_mixin.py:104} INFO - [2021-09-30 07:43:05,071] {dag.py:1824} INFO - Sync 1 DAGs
[2021-09-30 07:43:05,093] {logging_mixin.py:104} INFO - [2021-09-30 07:43:05,092] {dag.py:2280} INFO - Setting next_dagrun for latest_only to 2021-09-28 00:00:00+00:00
[2021-09-30 07:43:05,106] {scheduler_job.py:190} INFO - Processing /usr/local/lib/python3.6/dist-packages/airflow/example_dags/example_latest_only.py took 0.076 seconds
[2021-09-30 07:43:51,333] {scheduler_job.py:182} INFO - Started process (PID=95) to work on /usr/local/lib/python3.6/dist-packages/airflow/example_dags/example_latest_only.py
[2021-09-30 07:43:51,334] {scheduler_job.py:629} INFO - Processing file /usr/local/lib/python3.6/dist-packages/airflow/example_dags/example_latest_only.py for tasks to queue
[2021-09-30 07:43:51,335] {logging_mixin.py:104} INFO - [2021-09-30 07:43:51,335] {dagbag.py:451} INFO - Filling up the DagBag from /usr/local/lib/python3.6/dist-packages/airflow/example_dags/example_latest_only.py
[2021-09-30 07:43:51,352] {scheduler_job.py:639} INFO - DAG(s) dict_keys(['latest_only']) retrieved from /usr/local/lib/python3.6/dist-packages/airflow/example_dags/example_latest_only.py
[2021-09-30 07:43:51,382] {logging_mixin.py:104} INFO - [2021-09-30 07:43:51,382] {dag.py:1824} INFO - Sync 1 DAGs
[2021-09-30 07:43:51,404] {logging_mixin.py:104} INFO - [2021-09-30 07:43:51,404] {dag.py:2280} INFO - Setting next_dagrun for latest_only to 2021-09-28 00:00:00+00:00
[2021-09-30 07:43:51,431] {scheduler_job.py:190} INFO - Processing /usr/local/lib/python3.6/dist-packages/airflow/example_dags/example_latest_only.py took 0.108 seconds
[2021-09-30 07:44:21,459] {scheduler_job.py:182} INFO - Started process (PID=209) to work on /usr/local/lib/python3.6/dist-packages/airflow/example_dags/example_latest_only.py
[2021-09-30 07:44:21,460] {scheduler_job.py:629} INFO - Processing file /usr/local/lib/python3.6/dist-packages/airflow/example_dags/example_latest_only.py for tasks to queue
[2021-09-30 07:44:21,461] {logging_mixin.py:104} INFO - [2021-09-30 07:44:21,461] {dagbag.py:451} INFO - Filling up the DagBag from /usr/local/lib/python3.6/dist-packages/airflow/example_dags/example_latest_only.py
[2021-09-30 07:44:21,470] {scheduler_job.py:639} INFO - DAG(s) dict_keys(['latest_only']) retrieved from /usr/local/lib/python3.6/dist-packages/airflow/example_dags/example_latest_only.py
[2021-09-30 07:44:21,488] {logging_mixin.py:104} INFO - [2021-09-30 07:44:21,488] {dag.py:1824} INFO - Sync 1 DAGs
[2021-09-30 07:44:21,503] {logging_mixin.py:104} INFO - [2021-09-30 07:44:21,503] {dag.py:2280} INFO - Setting next_dagrun for latest_only to 2021-09-28 00:00:00+00:00
[2021-09-30 07:44:21,512] {scheduler_job.py:190} INFO - Processing /usr/local/lib/python3.6/dist-packages/airflow/example_dags/example_latest_only.py took 0.055 seconds
[2021-09-30 07:44:52,365] {scheduler_job.py:182} INFO - Started process (PID=283) to work on /usr/local/lib/python3.6/dist-packages/airflow/example_dags/example_latest_only.py
[2021-09-30 07:44:52,366] {scheduler_job.py:629} INFO - Processing file /usr/local/lib/python3.6/dist-packages/airflow/example_dags/example_latest_only.py for tasks to queue
[2021-09-30 07:44:52,366] {logging_mixin.py:104} INFO - [2021-09-30 07:44:52,366] {dagbag.py:451} INFO - Filling up the DagBag from /usr/local/lib/python3.6/dist-packages/airflow/example_dags/example_latest_only.py
[2021-09-30 07:44:52,374] {scheduler_job.py:639} INFO - DAG(s) dict_keys(['latest_only']) retrieved from /usr/local/lib/python3.6/dist-packages/airflow/example_dags/example_latest_only.py
[2021-09-30 07:44:52,390] {logging_mixin.py:104} INFO - [2021-09-30 07:44:52,390] {dag.py:1824} INFO - Sync 1 DAGs
[2021-09-30 07:44:52,403] {logging_mixin.py:104} INFO - [2021-09-30 07:44:52,403] {dag.py:2280} INFO - Setting next_dagrun for latest_only to 2021-09-28 00:00:00+00:00
[2021-09-30 07:44:52,411] {scheduler_job.py:190} INFO - Processing /usr/local/lib/python3.6/dist-packages/airflow/example_dags/example_latest_only.py took 0.048 seconds
[2021-09-30 07:45:22,760] {scheduler_job.py:182} INFO - Started process (PID=361) to work on /usr/local/lib/python3.6/dist-packages/airflow/example_dags/example_latest_only.py
[2021-09-30 07:45:22,761] {scheduler_job.py:629} INFO - Processing file /usr/local/lib/python3.6/dist-packages/airflow/example_dags/example_latest_only.py for tasks to queue
[2021-09-30 07:45:22,761] {logging_mixin.py:104} INFO - [2021-09-30 07:45:22,761] {dagbag.py:451} INFO - Filling up the DagBag from /usr/local/lib/python3.6/dist-packages/airflow/example_dags/example_latest_only.py
[2021-09-30 07:45:22,770] {scheduler_job.py:639} INFO - DAG(s) dict_keys(['latest_only']) retrieved from /usr/local/lib/python3.6/dist-packages/airflow/example_dags/example_latest_only.py
[2021-09-30 07:45:22,786] {logging_mixin.py:104} INFO - [2021-09-30 07:45:22,786] {dag.py:1824} INFO - Sync 1 DAGs
[2021-09-30 07:45:22,798] {logging_mixin.py:104} INFO - [2021-09-30 07:45:22,798] {dag.py:2280} INFO - Setting next_dagrun for latest_only to 2021-09-28 00:00:00+00:00
[2021-09-30 07:45:22,807] {scheduler_job.py:190} INFO - Processing /usr/local/lib/python3.6/dist-packages/airflow/example_dags/example_latest_only.py took 0.050 seconds
[2021-09-30 07:45:53,324] {scheduler_job.py:182} INFO - Started process (PID=435) to work on /usr/local/lib/python3.6/dist-packages/airflow/example_dags/example_latest_only.py
[2021-09-30 07:45:53,324] {scheduler_job.py:629} INFO - Processing file /usr/local/lib/python3.6/dist-packages/airflow/example_dags/example_latest_only.py for tasks to queue
[2021-09-30 07:45:53,325] {logging_mixin.py:104} INFO - [2021-09-30 07:45:53,325] {dagbag.py:451} INFO - Filling up the DagBag from /usr/local/lib/python3.6/dist-packages/airflow/example_dags/example_latest_only.py
[2021-09-30 07:45:53,334] {scheduler_job.py:639} INFO - DAG(s) dict_keys(['latest_only']) retrieved from /usr/local/lib/python3.6/dist-packages/airflow/example_dags/example_latest_only.py
[2021-09-30 07:45:53,351] {logging_mixin.py:104} INFO - [2021-09-30 07:45:53,351] {dag.py:1824} INFO - Sync 1 DAGs
[2021-09-30 07:45:53,366] {logging_mixin.py:104} INFO - [2021-09-30 07:45:53,366] {dag.py:2280} INFO - Setting next_dagrun for latest_only to 2021-09-28 00:00:00+00:00
[2021-09-30 07:45:53,376] {scheduler_job.py:190} INFO - Processing /usr/local/lib/python3.6/dist-packages/airflow/example_dags/example_latest_only.py took 0.054 seconds
[2021-09-30 07:46:23,676] {scheduler_job.py:182} INFO - Started process (PID=518) to work on /usr/local/lib/python3.6/dist-packages/airflow/example_dags/example_latest_only.py
[2021-09-30 07:46:23,677] {scheduler_job.py:629} INFO - Processing file /usr/local/lib/python3.6/dist-packages/airflow/example_dags/example_latest_only.py for tasks to queue
[2021-09-30 07:46:23,677] {logging_mixin.py:104} INFO - [2021-09-30 07:46:23,677] {dagbag.py:451} INFO - Filling up the DagBag from /usr/local/lib/python3.6/dist-packages/airflow/example_dags/example_latest_only.py
[2021-09-30 07:46:23,686] {scheduler_job.py:639} INFO - DAG(s) dict_keys(['latest_only']) retrieved from /usr/local/lib/python3.6/dist-packages/airflow/example_dags/example_latest_only.py
[2021-09-30 07:46:23,701] {logging_mixin.py:104} INFO - [2021-09-30 07:46:23,701] {dag.py:1824} INFO - Sync 1 DAGs
[2021-09-30 07:46:23,715] {logging_mixin.py:104} INFO - [2021-09-30 07:46:23,715] {dag.py:2280} INFO - Setting next_dagrun for latest_only to 2021-09-28 00:00:00+00:00
[2021-09-30 07:46:23,725] {scheduler_job.py:190} INFO - Processing /usr/local/lib/python3.6/dist-packages/airflow/example_dags/example_latest_only.py took 0.051 seconds
[2021-09-30 07:46:53,829] {scheduler_job.py:182} INFO - Started process (PID=592) to work on /usr/local/lib/python3.6/dist-packages/airflow/example_dags/example_latest_only.py
[2021-09-30 07:46:53,830] {scheduler_job.py:629} INFO - Processing file /usr/local/lib/python3.6/dist-packages/airflow/example_dags/example_latest_only.py for tasks to queue
[2021-09-30 07:46:53,831] {logging_mixin.py:104} INFO - [2021-09-30 07:46:53,830] {dagbag.py:451} INFO - Filling up the DagBag from /usr/local/lib/python3.6/dist-packages/airflow/example_dags/example_latest_only.py
[2021-09-30 07:46:53,839] {scheduler_job.py:639} INFO - DAG(s) dict_keys(['latest_only']) retrieved from /usr/local/lib/python3.6/dist-packages/airflow/example_dags/example_latest_only.py
[2021-09-30 07:46:53,855] {logging_mixin.py:104} INFO - [2021-09-30 07:46:53,855] {dag.py:1824} INFO - Sync 1 DAGs
[2021-09-30 07:46:53,867] {logging_mixin.py:104} INFO - [2021-09-30 07:46:53,867] {dag.py:2280} INFO - Setting next_dagrun for latest_only to 2021-09-28 00:00:00+00:00
[2021-09-30 07:46:53,874] {scheduler_job.py:190} INFO - Processing /usr/local/lib/python3.6/dist-packages/airflow/example_dags/example_latest_only.py took 0.049 seconds
[2021-09-30 07:47:24,374] {scheduler_job.py:182} INFO - Started process (PID=669) to work on /usr/local/lib/python3.6/dist-packages/airflow/example_dags/example_latest_only.py
[2021-09-30 07:47:24,375] {scheduler_job.py:629} INFO - Processing file /usr/local/lib/python3.6/dist-packages/airflow/example_dags/example_latest_only.py for tasks to queue
[2021-09-30 07:47:24,375] {logging_mixin.py:104} INFO - [2021-09-30 07:47:24,375] {dagbag.py:451} INFO - Filling up the DagBag from /usr/local/lib/python3.6/dist-packages/airflow/example_dags/example_latest_only.py
[2021-09-30 07:47:24,383] {scheduler_job.py:639} INFO - DAG(s) dict_keys(['latest_only']) retrieved from /usr/local/lib/python3.6/dist-packages/airflow/example_dags/example_latest_only.py
[2021-09-30 07:47:24,400] {logging_mixin.py:104} INFO - [2021-09-30 07:47:24,400] {dag.py:1824} INFO - Sync 1 DAGs
[2021-09-30 07:47:24,412] {logging_mixin.py:104} INFO - [2021-09-30 07:47:24,412] {dag.py:2280} INFO - Setting next_dagrun for latest_only to 2021-09-28 00:00:00+00:00
[2021-09-30 07:47:24,420] {scheduler_job.py:190} INFO - Processing /usr/local/lib/python3.6/dist-packages/airflow/example_dags/example_latest_only.py took 0.049 seconds
[2021-09-30 07:47:54,471] {scheduler_job.py:182} INFO - Started process (PID=743) to work on /usr/local/lib/python3.6/dist-packages/airflow/example_dags/example_latest_only.py
[2021-09-30 07:47:54,472] {scheduler_job.py:629} INFO - Processing file /usr/local/lib/python3.6/dist-packages/airflow/example_dags/example_latest_only.py for tasks to queue
[2021-09-30 07:47:54,472] {logging_mixin.py:104} INFO - [2021-09-30 07:47:54,472] {dagbag.py:451} INFO - Filling up the DagBag from /usr/local/lib/python3.6/dist-packages/airflow/example_dags/example_latest_only.py
[2021-09-30 07:47:54,480] {scheduler_job.py:639} INFO - DAG(s) dict_keys(['latest_only']) retrieved from /usr/local/lib/python3.6/dist-packages/airflow/example_dags/example_latest_only.py
[2021-09-30 07:47:54,498] {logging_mixin.py:104} INFO - [2021-09-30 07:47:54,498] {dag.py:1824} INFO - Sync 1 DAGs
[2021-09-30 07:47:54,514] {logging_mixin.py:104} INFO - [2021-09-30 07:47:54,514] {dag.py:2280} INFO - Setting next_dagrun for latest_only to 2021-09-28 00:00:00+00:00
[2021-09-30 07:47:54,523] {scheduler_job.py:190} INFO - Processing /usr/local/lib/python3.6/dist-packages/airflow/example_dags/example_latest_only.py took 0.055 seconds
[2021-09-30 07:48:24,751] {scheduler_job.py:182} INFO - Started process (PID=817) to work on /usr/local/lib/python3.6/dist-packages/airflow/example_dags/example_latest_only.py
[2021-09-30 07:48:24,752] {scheduler_job.py:629} INFO - Processing file /usr/local/lib/python3.6/dist-packages/airflow/example_dags/example_latest_only.py for tasks to queue
[2021-09-30 07:48:24,753] {logging_mixin.py:104} INFO - [2021-09-30 07:48:24,753] {dagbag.py:451} INFO - Filling up the DagBag from /usr/local/lib/python3.6/dist-packages/airflow/example_dags/example_latest_only.py
[2021-09-30 07:48:24,763] {scheduler_job.py:639} INFO - DAG(s) dict_keys(['latest_only']) retrieved from /usr/local/lib/python3.6/dist-packages/airflow/example_dags/example_latest_only.py
[2021-09-30 07:48:24,781] {logging_mixin.py:104} INFO - [2021-09-30 07:48:24,781] {dag.py:1824} INFO - Sync 1 DAGs
[2021-09-30 07:48:24,793] {logging_mixin.py:104} INFO - [2021-09-30 07:48:24,793] {dag.py:2280} INFO - Setting next_dagrun for latest_only to 2021-09-28 00:00:00+00:00
[2021-09-30 07:48:24,801] {scheduler_job.py:190} INFO - Processing /usr/local/lib/python3.6/dist-packages/airflow/example_dags/example_latest_only.py took 0.052 seconds
[2021-09-30 07:48:54,860] {scheduler_job.py:182} INFO - Started process (PID=891) to work on /usr/local/lib/python3.6/dist-packages/airflow/example_dags/example_latest_only.py
[2021-09-30 07:48:54,861] {scheduler_job.py:629} INFO - Processing file /usr/local/lib/python3.6/dist-packages/airflow/example_dags/example_latest_only.py for tasks to queue
[2021-09-30 07:48:54,861] {logging_mixin.py:104} INFO - [2021-09-30 07:48:54,861] {dagbag.py:451} INFO - Filling up the DagBag from /usr/local/lib/python3.6/dist-packages/airflow/example_dags/example_latest_only.py
[2021-09-30 07:48:54,874] {scheduler_job.py:639} INFO - DAG(s) dict_keys(['latest_only']) retrieved from /usr/local/lib/python3.6/dist-packages/airflow/example_dags/example_latest_only.py
[2021-09-30 07:48:54,901] {logging_mixin.py:104} INFO - [2021-09-30 07:48:54,901] {dag.py:1824} INFO - Sync 1 DAGs
[2021-09-30 07:48:54,917] {logging_mixin.py:104} INFO - [2021-09-30 07:48:54,917] {dag.py:2280} INFO - Setting next_dagrun for latest_only to 2021-09-28 00:00:00+00:00
[2021-09-30 07:48:54,928] {scheduler_job.py:190} INFO - Processing /usr/local/lib/python3.6/dist-packages/airflow/example_dags/example_latest_only.py took 0.070 seconds
[2021-09-30 07:49:25,092] {scheduler_job.py:182} INFO - Started process (PID=965) to work on /usr/local/lib/python3.6/dist-packages/airflow/example_dags/example_latest_only.py
[2021-09-30 07:49:25,093] {scheduler_job.py:629} INFO - Processing file /usr/local/lib/python3.6/dist-packages/airflow/example_dags/example_latest_only.py for tasks to queue
[2021-09-30 07:49:25,094] {logging_mixin.py:104} INFO - [2021-09-30 07:49:25,094] {dagbag.py:451} INFO - Filling up the DagBag from /usr/local/lib/python3.6/dist-packages/airflow/example_dags/example_latest_only.py
[2021-09-30 07:49:25,103] {scheduler_job.py:639} INFO - DAG(s) dict_keys(['latest_only']) retrieved from /usr/local/lib/python3.6/dist-packages/airflow/example_dags/example_latest_only.py
[2021-09-30 07:49:25,119] {logging_mixin.py:104} INFO - [2021-09-30 07:49:25,118] {dag.py:1824} INFO - Sync 1 DAGs
[2021-09-30 07:49:25,131] {logging_mixin.py:104} INFO - [2021-09-30 07:49:25,131] {dag.py:2280} INFO - Setting next_dagrun for latest_only to 2021-09-28 00:00:00+00:00
[2021-09-30 07:49:25,139] {scheduler_job.py:190} INFO - Processing /usr/local/lib/python3.6/dist-packages/airflow/example_dags/example_latest_only.py took 0.049 seconds
[2021-09-30 07:49:55,338] {scheduler_job.py:182} INFO - Started process (PID=1039) to work on /usr/local/lib/python3.6/dist-packages/airflow/example_dags/example_latest_only.py
[2021-09-30 07:49:55,339] {scheduler_job.py:629} INFO - Processing file /usr/local/lib/python3.6/dist-packages/airflow/example_dags/example_latest_only.py for tasks to queue
[2021-09-30 07:49:55,339] {logging_mixin.py:104} INFO - [2021-09-30 07:49:55,339] {dagbag.py:451} INFO - Filling up the DagBag from /usr/local/lib/python3.6/dist-packages/airflow/example_dags/example_latest_only.py
[2021-09-30 07:49:55,348] {scheduler_job.py:639} INFO - DAG(s) dict_keys(['latest_only']) retrieved from /usr/local/lib/python3.6/dist-packages/airflow/example_dags/example_latest_only.py
[2021-09-30 07:49:55,363] {logging_mixin.py:104} INFO - [2021-09-30 07:49:55,363] {dag.py:1824} INFO - Sync 1 DAGs
[2021-09-30 07:49:55,374] {logging_mixin.py:104} INFO - [2021-09-30 07:49:55,374] {dag.py:2280} INFO - Setting next_dagrun for latest_only to 2021-09-28 00:00:00+00:00
[2021-09-30 07:49:55,383] {scheduler_job.py:190} INFO - Processing /usr/local/lib/python3.6/dist-packages/airflow/example_dags/example_latest_only.py took 0.048 seconds
[2021-09-30 07:50:25,536] {scheduler_job.py:182} INFO - Started process (PID=1113) to work on /usr/local/lib/python3.6/dist-packages/airflow/example_dags/example_latest_only.py
[2021-09-30 07:50:25,537] {scheduler_job.py:629} INFO - Processing file /usr/local/lib/python3.6/dist-packages/airflow/example_dags/example_latest_only.py for tasks to queue
[2021-09-30 07:50:25,537] {logging_mixin.py:104} INFO - [2021-09-30 07:50:25,537] {dagbag.py:451} INFO - Filling up the DagBag from /usr/local/lib/python3.6/dist-packages/airflow/example_dags/example_latest_only.py
[2021-09-30 07:50:25,545] {scheduler_job.py:639} INFO - DAG(s) dict_keys(['latest_only']) retrieved from /usr/local/lib/python3.6/dist-packages/airflow/example_dags/example_latest_only.py
[2021-09-30 07:50:25,562] {logging_mixin.py:104} INFO - [2021-09-30 07:50:25,562] {dag.py:1824} INFO - Sync 1 DAGs
[2021-09-30 07:50:25,577] {logging_mixin.py:104} INFO - [2021-09-30 07:50:25,577] {dag.py:2280} INFO - Setting next_dagrun for latest_only to 2021-09-28 00:00:00+00:00
[2021-09-30 07:50:25,586] {scheduler_job.py:190} INFO - Processing /usr/local/lib/python3.6/dist-packages/airflow/example_dags/example_latest_only.py took 0.052 seconds
[2021-09-30 07:50:55,685] {scheduler_job.py:182} INFO - Started process (PID=1187) to work on /usr/local/lib/python3.6/dist-packages/airflow/example_dags/example_latest_only.py
[2021-09-30 07:50:55,686] {scheduler_job.py:629} INFO - Processing file /usr/local/lib/python3.6/dist-packages/airflow/example_dags/example_latest_only.py for tasks to queue
[2021-09-30 07:50:55,686] {logging_mixin.py:104} INFO - [2021-09-30 07:50:55,686] {dagbag.py:451} INFO - Filling up the DagBag from /usr/local/lib/python3.6/dist-packages/airflow/example_dags/example_latest_only.py
[2021-09-30 07:50:55,694] {scheduler_job.py:639} INFO - DAG(s) dict_keys(['latest_only']) retrieved from /usr/local/lib/python3.6/dist-packages/airflow/example_dags/example_latest_only.py
[2021-09-30 07:50:55,709] {logging_mixin.py:104} INFO - [2021-09-30 07:50:55,708] {dag.py:1824} INFO - Sync 1 DAGs
[2021-09-30 07:50:55,724] {logging_mixin.py:104} INFO - [2021-09-30 07:50:55,724] {dag.py:2280} INFO - Setting next_dagrun for latest_only to 2021-09-28 00:00:00+00:00
[2021-09-30 07:50:55,733] {scheduler_job.py:190} INFO - Processing /usr/local/lib/python3.6/dist-packages/airflow/example_dags/example_latest_only.py took 0.050 seconds
[2021-09-30 07:51:25,984] {scheduler_job.py:182} INFO - Started process (PID=1262) to work on /usr/local/lib/python3.6/dist-packages/airflow/example_dags/example_latest_only.py
[2021-09-30 07:51:25,985] {scheduler_job.py:629} INFO - Processing file /usr/local/lib/python3.6/dist-packages/airflow/example_dags/example_latest_only.py for tasks to queue
[2021-09-30 07:51:25,985] {logging_mixin.py:104} INFO - [2021-09-30 07:51:25,985] {dagbag.py:451} INFO - Filling up the DagBag from /usr/local/lib/python3.6/dist-packages/airflow/example_dags/example_latest_only.py
[2021-09-30 07:51:25,993] {scheduler_job.py:639} INFO - DAG(s) dict_keys(['latest_only']) retrieved from /usr/local/lib/python3.6/dist-packages/airflow/example_dags/example_latest_only.py
[2021-09-30 07:51:26,010] {logging_mixin.py:104} INFO - [2021-09-30 07:51:26,010] {dag.py:1824} INFO - Sync 1 DAGs
[2021-09-30 07:51:26,023] {logging_mixin.py:104} INFO - [2021-09-30 07:51:26,023] {dag.py:2280} INFO - Setting next_dagrun for latest_only to 2021-09-28 00:00:00+00:00
[2021-09-30 07:51:26,031] {scheduler_job.py:190} INFO - Processing /usr/local/lib/python3.6/dist-packages/airflow/example_dags/example_latest_only.py took 0.049 seconds
[2021-09-30 07:51:56,102] {scheduler_job.py:182} INFO - Started process (PID=1341) to work on /usr/local/lib/python3.6/dist-packages/airflow/example_dags/example_latest_only.py
[2021-09-30 07:51:56,102] {scheduler_job.py:629} INFO - Processing file /usr/local/lib/python3.6/dist-packages/airflow/example_dags/example_latest_only.py for tasks to queue
[2021-09-30 07:51:56,103] {logging_mixin.py:104} INFO - [2021-09-30 07:51:56,103] {dagbag.py:451} INFO - Filling up the DagBag from /usr/local/lib/python3.6/dist-packages/airflow/example_dags/example_latest_only.py
[2021-09-30 07:51:56,111] {scheduler_job.py:639} INFO - DAG(s) dict_keys(['latest_only']) retrieved from /usr/local/lib/python3.6/dist-packages/airflow/example_dags/example_latest_only.py
[2021-09-30 07:51:56,129] {logging_mixin.py:104} INFO - [2021-09-30 07:51:56,129] {dag.py:1824} INFO - Sync 1 DAGs
[2021-09-30 07:51:56,142] {logging_mixin.py:104} INFO - [2021-09-30 07:51:56,142] {dag.py:2280} INFO - Setting next_dagrun for latest_only to 2021-09-28 00:00:00+00:00
[2021-09-30 07:51:56,149] {scheduler_job.py:190} INFO - Processing /usr/local/lib/python3.6/dist-packages/airflow/example_dags/example_latest_only.py took 0.050 seconds
[2021-09-30 07:52:27,651] {scheduler_job.py:182} INFO - Started process (PID=1419) to work on /usr/local/lib/python3.6/dist-packages/airflow/example_dags/example_latest_only.py
[2021-09-30 07:52:27,652] {scheduler_job.py:629} INFO - Processing file /usr/local/lib/python3.6/dist-packages/airflow/example_dags/example_latest_only.py for tasks to queue
[2021-09-30 07:52:27,653] {logging_mixin.py:104} INFO - [2021-09-30 07:52:27,653] {dagbag.py:451} INFO - Filling up the DagBag from /usr/local/lib/python3.6/dist-packages/airflow/example_dags/example_latest_only.py
[2021-09-30 07:52:27,666] {scheduler_job.py:639} INFO - DAG(s) dict_keys(['latest_only']) retrieved from /usr/local/lib/python3.6/dist-packages/airflow/example_dags/example_latest_only.py
[2021-09-30 07:52:27,685] {logging_mixin.py:104} INFO - [2021-09-30 07:52:27,685] {dag.py:1824} INFO - Sync 1 DAGs
[2021-09-30 07:52:27,700] {logging_mixin.py:104} INFO - [2021-09-30 07:52:27,700] {dag.py:2280} INFO - Setting next_dagrun for latest_only to 2021-09-28 00:00:00+00:00
[2021-09-30 07:52:27,710] {scheduler_job.py:190} INFO - Processing /usr/local/lib/python3.6/dist-packages/airflow/example_dags/example_latest_only.py took 0.062 seconds
[2021-09-30 07:52:57,725] {scheduler_job.py:182} INFO - Started process (PID=1478) to work on /usr/local/lib/python3.6/dist-packages/airflow/example_dags/example_latest_only.py
[2021-09-30 07:52:57,725] {scheduler_job.py:629} INFO - Processing file /usr/local/lib/python3.6/dist-packages/airflow/example_dags/example_latest_only.py for tasks to queue
[2021-09-30 07:52:57,726] {logging_mixin.py:104} INFO - [2021-09-30 07:52:57,726] {dagbag.py:451} INFO - Filling up the DagBag from /usr/local/lib/python3.6/dist-packages/airflow/example_dags/example_latest_only.py
[2021-09-30 07:52:57,733] {scheduler_job.py:639} INFO - DAG(s) dict_keys(['latest_only']) retrieved from /usr/local/lib/python3.6/dist-packages/airflow/example_dags/example_latest_only.py
[2021-09-30 07:52:57,750] {logging_mixin.py:104} INFO - [2021-09-30 07:52:57,750] {dag.py:1824} INFO - Sync 1 DAGs
[2021-09-30 07:52:57,763] {logging_mixin.py:104} INFO - [2021-09-30 07:52:57,763] {dag.py:2280} INFO - Setting next_dagrun for latest_only to 2021-09-28 00:00:00+00:00
[2021-09-30 07:52:57,772] {scheduler_job.py:190} INFO - Processing /usr/local/lib/python3.6/dist-packages/airflow/example_dags/example_latest_only.py took 0.049 seconds
[2021-09-30 07:53:27,844] {scheduler_job.py:182} INFO - Started process (PID=1551) to work on /usr/local/lib/python3.6/dist-packages/airflow/example_dags/example_latest_only.py
[2021-09-30 07:53:27,845] {scheduler_job.py:629} INFO - Processing file /usr/local/lib/python3.6/dist-packages/airflow/example_dags/example_latest_only.py for tasks to queue
[2021-09-30 07:53:27,845] {logging_mixin.py:104} INFO - [2021-09-30 07:53:27,845] {dagbag.py:451} INFO - Filling up the DagBag from /usr/local/lib/python3.6/dist-packages/airflow/example_dags/example_latest_only.py
[2021-09-30 07:53:27,853] {scheduler_job.py:639} INFO - DAG(s) dict_keys(['latest_only']) retrieved from /usr/local/lib/python3.6/dist-packages/airflow/example_dags/example_latest_only.py
[2021-09-30 07:53:27,871] {logging_mixin.py:104} INFO - [2021-09-30 07:53:27,870] {dag.py:1824} INFO - Sync 1 DAGs
[2021-09-30 07:53:27,884] {logging_mixin.py:104} INFO - [2021-09-30 07:53:27,884] {dag.py:2280} INFO - Setting next_dagrun for latest_only to 2021-09-28 00:00:00+00:00
[2021-09-30 07:53:27,894] {scheduler_job.py:190} INFO - Processing /usr/local/lib/python3.6/dist-packages/airflow/example_dags/example_latest_only.py took 0.052 seconds
[2021-09-30 07:53:58,003] {scheduler_job.py:182} INFO - Started process (PID=1622) to work on /usr/local/lib/python3.6/dist-packages/airflow/example_dags/example_latest_only.py
[2021-09-30 07:53:58,004] {scheduler_job.py:629} INFO - Processing file /usr/local/lib/python3.6/dist-packages/airflow/example_dags/example_latest_only.py for tasks to queue
[2021-09-30 07:53:58,005] {logging_mixin.py:104} INFO - [2021-09-30 07:53:58,004] {dagbag.py:451} INFO - Filling up the DagBag from /usr/local/lib/python3.6/dist-packages/airflow/example_dags/example_latest_only.py
[2021-09-30 07:53:58,014] {scheduler_job.py:639} INFO - DAG(s) dict_keys(['latest_only']) retrieved from /usr/local/lib/python3.6/dist-packages/airflow/example_dags/example_latest_only.py
[2021-09-30 07:53:58,031] {logging_mixin.py:104} INFO - [2021-09-30 07:53:58,031] {dag.py:1824} INFO - Sync 1 DAGs
[2021-09-30 07:53:58,046] {logging_mixin.py:104} INFO - [2021-09-30 07:53:58,045] {dag.py:2280} INFO - Setting next_dagrun for latest_only to 2021-09-28 00:00:00+00:00
[2021-09-30 07:53:58,053] {scheduler_job.py:190} INFO - Processing /usr/local/lib/python3.6/dist-packages/airflow/example_dags/example_latest_only.py took 0.052 seconds
[2021-09-30 07:54:28,395] {scheduler_job.py:182} INFO - Started process (PID=1697) to work on /usr/local/lib/python3.6/dist-packages/airflow/example_dags/example_latest_only.py
[2021-09-30 07:54:28,396] {scheduler_job.py:629} INFO - Processing file /usr/local/lib/python3.6/dist-packages/airflow/example_dags/example_latest_only.py for tasks to queue
[2021-09-30 07:54:28,397] {logging_mixin.py:104} INFO - [2021-09-30 07:54:28,397] {dagbag.py:451} INFO - Filling up the DagBag from /usr/local/lib/python3.6/dist-packages/airflow/example_dags/example_latest_only.py
[2021-09-30 07:54:28,405] {scheduler_job.py:639} INFO - DAG(s) dict_keys(['latest_only']) retrieved from /usr/local/lib/python3.6/dist-packages/airflow/example_dags/example_latest_only.py
[2021-09-30 07:54:28,423] {logging_mixin.py:104} INFO - [2021-09-30 07:54:28,423] {dag.py:1824} INFO - Sync 1 DAGs
[2021-09-30 07:54:28,439] {logging_mixin.py:104} INFO - [2021-09-30 07:54:28,439] {dag.py:2280} INFO - Setting next_dagrun for latest_only to 2021-09-28 00:00:00+00:00
[2021-09-30 07:54:28,447] {scheduler_job.py:190} INFO - Processing /usr/local/lib/python3.6/dist-packages/airflow/example_dags/example_latest_only.py took 0.055 seconds
[2021-09-30 07:54:58,719] {scheduler_job.py:182} INFO - Started process (PID=1772) to work on /usr/local/lib/python3.6/dist-packages/airflow/example_dags/example_latest_only.py
[2021-09-30 07:54:58,720] {scheduler_job.py:629} INFO - Processing file /usr/local/lib/python3.6/dist-packages/airflow/example_dags/example_latest_only.py for tasks to queue
[2021-09-30 07:54:58,721] {logging_mixin.py:104} INFO - [2021-09-30 07:54:58,720] {dagbag.py:451} INFO - Filling up the DagBag from /usr/local/lib/python3.6/dist-packages/airflow/example_dags/example_latest_only.py
[2021-09-30 07:54:58,730] {scheduler_job.py:639} INFO - DAG(s) dict_keys(['latest_only']) retrieved from /usr/local/lib/python3.6/dist-packages/airflow/example_dags/example_latest_only.py
[2021-09-30 07:54:58,748] {logging_mixin.py:104} INFO - [2021-09-30 07:54:58,748] {dag.py:1824} INFO - Sync 1 DAGs
[2021-09-30 07:54:58,762] {logging_mixin.py:104} INFO - [2021-09-30 07:54:58,762] {dag.py:2280} INFO - Setting next_dagrun for latest_only to 2021-09-28 00:00:00+00:00
[2021-09-30 07:54:58,770] {scheduler_job.py:190} INFO - Processing /usr/local/lib/python3.6/dist-packages/airflow/example_dags/example_latest_only.py took 0.053 seconds
[2021-09-30 07:55:28,935] {scheduler_job.py:182} INFO - Started process (PID=1845) to work on /usr/local/lib/python3.6/dist-packages/airflow/example_dags/example_latest_only.py
[2021-09-30 07:55:28,935] {scheduler_job.py:629} INFO - Processing file /usr/local/lib/python3.6/dist-packages/airflow/example_dags/example_latest_only.py for tasks to queue
[2021-09-30 07:55:28,936] {logging_mixin.py:104} INFO - [2021-09-30 07:55:28,936] {dagbag.py:451} INFO - Filling up the DagBag from /usr/local/lib/python3.6/dist-packages/airflow/example_dags/example_latest_only.py
[2021-09-30 07:55:28,945] {scheduler_job.py:639} INFO - DAG(s) dict_keys(['latest_only']) retrieved from /usr/local/lib/python3.6/dist-packages/airflow/example_dags/example_latest_only.py
[2021-09-30 07:55:28,963] {logging_mixin.py:104} INFO - [2021-09-30 07:55:28,963] {dag.py:1824} INFO - Sync 1 DAGs
[2021-09-30 07:55:28,976] {logging_mixin.py:104} INFO - [2021-09-30 07:55:28,976] {dag.py:2280} INFO - Setting next_dagrun for latest_only to 2021-09-28 00:00:00+00:00
[2021-09-30 07:55:28,983] {scheduler_job.py:190} INFO - Processing /usr/local/lib/python3.6/dist-packages/airflow/example_dags/example_latest_only.py took 0.052 seconds
[2021-09-30 07:55:59,040] {scheduler_job.py:182} INFO - Started process (PID=1919) to work on /usr/local/lib/python3.6/dist-packages/airflow/example_dags/example_latest_only.py
[2021-09-30 07:55:59,041] {scheduler_job.py:629} INFO - Processing file /usr/local/lib/python3.6/dist-packages/airflow/example_dags/example_latest_only.py for tasks to queue
[2021-09-30 07:55:59,041] {logging_mixin.py:104} INFO - [2021-09-30 07:55:59,041] {dagbag.py:451} INFO - Filling up the DagBag from /usr/local/lib/python3.6/dist-packages/airflow/example_dags/example_latest_only.py
[2021-09-30 07:55:59,049] {scheduler_job.py:639} INFO - DAG(s) dict_keys(['latest_only']) retrieved from /usr/local/lib/python3.6/dist-packages/airflow/example_dags/example_latest_only.py
[2021-09-30 07:55:59,065] {logging_mixin.py:104} INFO - [2021-09-30 07:55:59,065] {dag.py:1824} INFO - Sync 1 DAGs
[2021-09-30 07:55:59,079] {logging_mixin.py:104} INFO - [2021-09-30 07:55:59,078] {dag.py:2280} INFO - Setting next_dagrun for latest_only to 2021-09-28 00:00:00+00:00
[2021-09-30 07:55:59,087] {scheduler_job.py:190} INFO - Processing /usr/local/lib/python3.6/dist-packages/airflow/example_dags/example_latest_only.py took 0.049 seconds
[2021-09-30 07:56:29,167] {scheduler_job.py:182} INFO - Started process (PID=1996) to work on /usr/local/lib/python3.6/dist-packages/airflow/example_dags/example_latest_only.py
[2021-09-30 07:56:29,167] {scheduler_job.py:629} INFO - Processing file /usr/local/lib/python3.6/dist-packages/airflow/example_dags/example_latest_only.py for tasks to queue
[2021-09-30 07:56:29,168] {logging_mixin.py:104} INFO - [2021-09-30 07:56:29,168] {dagbag.py:451} INFO - Filling up the DagBag from /usr/local/lib/python3.6/dist-packages/airflow/example_dags/example_latest_only.py
[2021-09-30 07:56:29,176] {scheduler_job.py:639} INFO - DAG(s) dict_keys(['latest_only']) retrieved from /usr/local/lib/python3.6/dist-packages/airflow/example_dags/example_latest_only.py
[2021-09-30 07:56:29,193] {logging_mixin.py:104} INFO - [2021-09-30 07:56:29,192] {dag.py:1824} INFO - Sync 1 DAGs
[2021-09-30 07:56:29,205] {logging_mixin.py:104} INFO - [2021-09-30 07:56:29,205] {dag.py:2280} INFO - Setting next_dagrun for latest_only to 2021-09-28 00:00:00+00:00
[2021-09-30 07:56:29,214] {scheduler_job.py:190} INFO - Processing /usr/local/lib/python3.6/dist-packages/airflow/example_dags/example_latest_only.py took 0.050 seconds
[2021-09-30 07:57:00,122] {scheduler_job.py:182} INFO - Started process (PID=2075) to work on /usr/local/lib/python3.6/dist-packages/airflow/example_dags/example_latest_only.py
[2021-09-30 07:57:00,122] {scheduler_job.py:629} INFO - Processing file /usr/local/lib/python3.6/dist-packages/airflow/example_dags/example_latest_only.py for tasks to queue
[2021-09-30 07:57:00,123] {logging_mixin.py:104} INFO - [2021-09-30 07:57:00,123] {dagbag.py:451} INFO - Filling up the DagBag from /usr/local/lib/python3.6/dist-packages/airflow/example_dags/example_latest_only.py
[2021-09-30 07:57:00,130] {scheduler_job.py:639} INFO - DAG(s) dict_keys(['latest_only']) retrieved from /usr/local/lib/python3.6/dist-packages/airflow/example_dags/example_latest_only.py
[2021-09-30 07:57:00,144] {logging_mixin.py:104} INFO - [2021-09-30 07:57:00,144] {dag.py:1824} INFO - Sync 1 DAGs
[2021-09-30 07:57:00,155] {logging_mixin.py:104} INFO - [2021-09-30 07:57:00,155] {dag.py:2280} INFO - Setting next_dagrun for latest_only to 2021-09-28 00:00:00+00:00
[2021-09-30 07:57:00,162] {scheduler_job.py:190} INFO - Processing /usr/local/lib/python3.6/dist-packages/airflow/example_dags/example_latest_only.py took 0.042 seconds
[2021-09-30 07:57:31,002] {scheduler_job.py:182} INFO - Started process (PID=2149) to work on /usr/local/lib/python3.6/dist-packages/airflow/example_dags/example_latest_only.py
[2021-09-30 07:57:31,003] {scheduler_job.py:629} INFO - Processing file /usr/local/lib/python3.6/dist-packages/airflow/example_dags/example_latest_only.py for tasks to queue
[2021-09-30 07:57:31,004] {logging_mixin.py:104} INFO - [2021-09-30 07:57:31,004] {dagbag.py:451} INFO - Filling up the DagBag from /usr/local/lib/python3.6/dist-packages/airflow/example_dags/example_latest_only.py
[2021-09-30 07:57:31,012] {scheduler_job.py:639} INFO - DAG(s) dict_keys(['latest_only']) retrieved from /usr/local/lib/python3.6/dist-packages/airflow/example_dags/example_latest_only.py
[2021-09-30 07:57:31,028] {logging_mixin.py:104} INFO - [2021-09-30 07:57:31,028] {dag.py:1824} INFO - Sync 1 DAGs
[2021-09-30 07:57:31,040] {logging_mixin.py:104} INFO - [2021-09-30 07:57:31,040] {dag.py:2280} INFO - Setting next_dagrun for latest_only to 2021-09-28 00:00:00+00:00
[2021-09-30 07:57:31,048] {scheduler_job.py:190} INFO - Processing /usr/local/lib/python3.6/dist-packages/airflow/example_dags/example_latest_only.py took 0.048 seconds
[2021-09-30 07:58:01,111] {scheduler_job.py:182} INFO - Started process (PID=2225) to work on /usr/local/lib/python3.6/dist-packages/airflow/example_dags/example_latest_only.py
[2021-09-30 07:58:01,111] {scheduler_job.py:629} INFO - Processing file /usr/local/lib/python3.6/dist-packages/airflow/example_dags/example_latest_only.py for tasks to queue
[2021-09-30 07:58:01,112] {logging_mixin.py:104} INFO - [2021-09-30 07:58:01,112] {dagbag.py:451} INFO - Filling up the DagBag from /usr/local/lib/python3.6/dist-packages/airflow/example_dags/example_latest_only.py
[2021-09-30 07:58:01,119] {scheduler_job.py:639} INFO - DAG(s) dict_keys(['latest_only']) retrieved from /usr/local/lib/python3.6/dist-packages/airflow/example_dags/example_latest_only.py
[2021-09-30 07:58:01,134] {logging_mixin.py:104} INFO - [2021-09-30 07:58:01,134] {dag.py:1824} INFO - Sync 1 DAGs
[2021-09-30 07:58:01,145] {logging_mixin.py:104} INFO - [2021-09-30 07:58:01,145] {dag.py:2280} INFO - Setting next_dagrun for latest_only to 2021-09-28 00:00:00+00:00
[2021-09-30 07:58:01,152] {scheduler_job.py:190} INFO - Processing /usr/local/lib/python3.6/dist-packages/airflow/example_dags/example_latest_only.py took 0.043 seconds
[2021-09-30 07:58:31,210] {scheduler_job.py:182} INFO - Started process (PID=2299) to work on /usr/local/lib/python3.6/dist-packages/airflow/example_dags/example_latest_only.py
[2021-09-30 07:58:31,211] {scheduler_job.py:629} INFO - Processing file /usr/local/lib/python3.6/dist-packages/airflow/example_dags/example_latest_only.py for tasks to queue
[2021-09-30 07:58:31,212] {logging_mixin.py:104} INFO - [2021-09-30 07:58:31,211] {dagbag.py:451} INFO - Filling up the DagBag from /usr/local/lib/python3.6/dist-packages/airflow/example_dags/example_latest_only.py
[2021-09-30 07:58:31,219] {scheduler_job.py:639} INFO - DAG(s) dict_keys(['latest_only']) retrieved from /usr/local/lib/python3.6/dist-packages/airflow/example_dags/example_latest_only.py
[2021-09-30 07:58:31,234] {logging_mixin.py:104} INFO - [2021-09-30 07:58:31,233] {dag.py:1824} INFO - Sync 1 DAGs
[2021-09-30 07:58:31,245] {logging_mixin.py:104} INFO - [2021-09-30 07:58:31,245] {dag.py:2280} INFO - Setting next_dagrun for latest_only to 2021-09-28 00:00:00+00:00
[2021-09-30 07:58:31,253] {scheduler_job.py:190} INFO - Processing /usr/local/lib/python3.6/dist-packages/airflow/example_dags/example_latest_only.py took 0.045 seconds
[2021-09-30 07:59:01,337] {scheduler_job.py:182} INFO - Started process (PID=2374) to work on /usr/local/lib/python3.6/dist-packages/airflow/example_dags/example_latest_only.py
[2021-09-30 07:59:01,337] {scheduler_job.py:629} INFO - Processing file /usr/local/lib/python3.6/dist-packages/airflow/example_dags/example_latest_only.py for tasks to queue
[2021-09-30 07:59:01,338] {logging_mixin.py:104} INFO - [2021-09-30 07:59:01,338] {dagbag.py:451} INFO - Filling up the DagBag from /usr/local/lib/python3.6/dist-packages/airflow/example_dags/example_latest_only.py
[2021-09-30 07:59:01,346] {scheduler_job.py:639} INFO - DAG(s) dict_keys(['latest_only']) retrieved from /usr/local/lib/python3.6/dist-packages/airflow/example_dags/example_latest_only.py
[2021-09-30 07:59:01,362] {logging_mixin.py:104} INFO - [2021-09-30 07:59:01,362] {dag.py:1824} INFO - Sync 1 DAGs
[2021-09-30 07:59:01,374] {logging_mixin.py:104} INFO - [2021-09-30 07:59:01,374] {dag.py:2280} INFO - Setting next_dagrun for latest_only to 2021-09-28 00:00:00+00:00
[2021-09-30 07:59:01,383] {scheduler_job.py:190} INFO - Processing /usr/local/lib/python3.6/dist-packages/airflow/example_dags/example_latest_only.py took 0.048 seconds
[2021-09-30 07:59:31,452] {scheduler_job.py:182} INFO - Started process (PID=2444) to work on /usr/local/lib/python3.6/dist-packages/airflow/example_dags/example_latest_only.py
[2021-09-30 07:59:31,453] {scheduler_job.py:629} INFO - Processing file /usr/local/lib/python3.6/dist-packages/airflow/example_dags/example_latest_only.py for tasks to queue
[2021-09-30 07:59:31,453] {logging_mixin.py:104} INFO - [2021-09-30 07:59:31,453] {dagbag.py:451} INFO - Filling up the DagBag from /usr/local/lib/python3.6/dist-packages/airflow/example_dags/example_latest_only.py
[2021-09-30 07:59:31,463] {scheduler_job.py:639} INFO - DAG(s) dict_keys(['latest_only']) retrieved from /usr/local/lib/python3.6/dist-packages/airflow/example_dags/example_latest_only.py
[2021-09-30 07:59:31,479] {logging_mixin.py:104} INFO - [2021-09-30 07:59:31,479] {dag.py:1824} INFO - Sync 1 DAGs
[2021-09-30 07:59:31,494] {logging_mixin.py:104} INFO - [2021-09-30 07:59:31,493] {dag.py:2280} INFO - Setting next_dagrun for latest_only to 2021-09-28 00:00:00+00:00
[2021-09-30 07:59:31,504] {scheduler_job.py:190} INFO - Processing /usr/local/lib/python3.6/dist-packages/airflow/example_dags/example_latest_only.py took 0.055 seconds
[2021-09-30 08:00:01,603] {scheduler_job.py:182} INFO - Started process (PID=2518) to work on /usr/local/lib/python3.6/dist-packages/airflow/example_dags/example_latest_only.py
[2021-09-30 08:00:01,604] {scheduler_job.py:629} INFO - Processing file /usr/local/lib/python3.6/dist-packages/airflow/example_dags/example_latest_only.py for tasks to queue
[2021-09-30 08:00:01,604] {logging_mixin.py:104} INFO - [2021-09-30 08:00:01,604] {dagbag.py:451} INFO - Filling up the DagBag from /usr/local/lib/python3.6/dist-packages/airflow/example_dags/example_latest_only.py
[2021-09-30 08:00:01,613] {scheduler_job.py:639} INFO - DAG(s) dict_keys(['latest_only']) retrieved from /usr/local/lib/python3.6/dist-packages/airflow/example_dags/example_latest_only.py
[2021-09-30 08:00:01,630] {logging_mixin.py:104} INFO - [2021-09-30 08:00:01,630] {dag.py:1824} INFO - Sync 1 DAGs
[2021-09-30 08:00:01,642] {logging_mixin.py:104} INFO - [2021-09-30 08:00:01,642] {dag.py:2280} INFO - Setting next_dagrun for latest_only to 2021-09-28 00:00:00+00:00
[2021-09-30 08:00:01,649] {scheduler_job.py:190} INFO - Processing /usr/local/lib/python3.6/dist-packages/airflow/example_dags/example_latest_only.py took 0.049 seconds
[2021-09-30 08:00:31,823] {scheduler_job.py:182} INFO - Started process (PID=2593) to work on /usr/local/lib/python3.6/dist-packages/airflow/example_dags/example_latest_only.py
[2021-09-30 08:00:31,823] {scheduler_job.py:629} INFO - Processing file /usr/local/lib/python3.6/dist-packages/airflow/example_dags/example_latest_only.py for tasks to queue
[2021-09-30 08:00:31,824] {logging_mixin.py:104} INFO - [2021-09-30 08:00:31,824] {dagbag.py:451} INFO - Filling up the DagBag from /usr/local/lib/python3.6/dist-packages/airflow/example_dags/example_latest_only.py
[2021-09-30 08:00:31,833] {scheduler_job.py:639} INFO - DAG(s) dict_keys(['latest_only']) retrieved from /usr/local/lib/python3.6/dist-packages/airflow/example_dags/example_latest_only.py
[2021-09-30 08:00:31,850] {logging_mixin.py:104} INFO - [2021-09-30 08:00:31,850] {dag.py:1824} INFO - Sync 1 DAGs
[2021-09-30 08:00:31,864] {logging_mixin.py:104} INFO - [2021-09-30 08:00:31,864] {dag.py:2280} INFO - Setting next_dagrun for latest_only to 2021-09-28 00:00:00+00:00
[2021-09-30 08:00:31,872] {scheduler_job.py:190} INFO - Processing /usr/local/lib/python3.6/dist-packages/airflow/example_dags/example_latest_only.py took 0.052 seconds
[2021-09-30 08:01:03,078] {scheduler_job.py:182} INFO - Started process (PID=2677) to work on /usr/local/lib/python3.6/dist-packages/airflow/example_dags/example_latest_only.py
[2021-09-30 08:01:03,080] {scheduler_job.py:629} INFO - Processing file /usr/local/lib/python3.6/dist-packages/airflow/example_dags/example_latest_only.py for tasks to queue
[2021-09-30 08:01:03,081] {logging_mixin.py:104} INFO - [2021-09-30 08:01:03,081] {dagbag.py:451} INFO - Filling up the DagBag from /usr/local/lib/python3.6/dist-packages/airflow/example_dags/example_latest_only.py
[2021-09-30 08:01:03,088] {scheduler_job.py:639} INFO - DAG(s) dict_keys(['latest_only']) retrieved from /usr/local/lib/python3.6/dist-packages/airflow/example_dags/example_latest_only.py
[2021-09-30 08:01:03,104] {logging_mixin.py:104} INFO - [2021-09-30 08:01:03,104] {dag.py:1824} INFO - Sync 1 DAGs
[2021-09-30 08:01:03,117] {logging_mixin.py:104} INFO - [2021-09-30 08:01:03,117] {dag.py:2280} INFO - Setting next_dagrun for latest_only to 2021-09-28 00:00:00+00:00
[2021-09-30 08:01:03,125] {scheduler_job.py:190} INFO - Processing /usr/local/lib/python3.6/dist-packages/airflow/example_dags/example_latest_only.py took 0.049 seconds
[2021-09-30 08:01:34,395] {scheduler_job.py:182} INFO - Started process (PID=2753) to work on /usr/local/lib/python3.6/dist-packages/airflow/example_dags/example_latest_only.py
[2021-09-30 08:01:34,396] {scheduler_job.py:629} INFO - Processing file /usr/local/lib/python3.6/dist-packages/airflow/example_dags/example_latest_only.py for tasks to queue
[2021-09-30 08:01:34,396] {logging_mixin.py:104} INFO - [2021-09-30 08:01:34,396] {dagbag.py:451} INFO - Filling up the DagBag from /usr/local/lib/python3.6/dist-packages/airflow/example_dags/example_latest_only.py
[2021-09-30 08:01:34,416] {scheduler_job.py:639} INFO - DAG(s) dict_keys(['latest_only']) retrieved from /usr/local/lib/python3.6/dist-packages/airflow/example_dags/example_latest_only.py
[2021-09-30 08:01:34,437] {logging_mixin.py:104} INFO - [2021-09-30 08:01:34,437] {dag.py:1824} INFO - Sync 1 DAGs
[2021-09-30 08:01:34,451] {logging_mixin.py:104} INFO - [2021-09-30 08:01:34,451] {dag.py:2280} INFO - Setting next_dagrun for latest_only to 2021-09-28 00:00:00+00:00
[2021-09-30 08:01:34,460] {scheduler_job.py:190} INFO - Processing /usr/local/lib/python3.6/dist-packages/airflow/example_dags/example_latest_only.py took 0.068 seconds
[2021-09-30 08:02:04,494] {scheduler_job.py:182} INFO - Started process (PID=2812) to work on /usr/local/lib/python3.6/dist-packages/airflow/example_dags/example_latest_only.py
[2021-09-30 08:02:04,494] {scheduler_job.py:629} INFO - Processing file /usr/local/lib/python3.6/dist-packages/airflow/example_dags/example_latest_only.py for tasks to queue
[2021-09-30 08:02:04,495] {logging_mixin.py:104} INFO - [2021-09-30 08:02:04,495] {dagbag.py:451} INFO - Filling up the DagBag from /usr/local/lib/python3.6/dist-packages/airflow/example_dags/example_latest_only.py
[2021-09-30 08:02:04,502] {scheduler_job.py:639} INFO - DAG(s) dict_keys(['latest_only']) retrieved from /usr/local/lib/python3.6/dist-packages/airflow/example_dags/example_latest_only.py
[2021-09-30 08:02:04,519] {logging_mixin.py:104} INFO - [2021-09-30 08:02:04,518] {dag.py:1824} INFO - Sync 1 DAGs
[2021-09-30 08:02:04,530] {logging_mixin.py:104} INFO - [2021-09-30 08:02:04,530] {dag.py:2280} INFO - Setting next_dagrun for latest_only to 2021-09-28 00:00:00+00:00
[2021-09-30 08:02:04,538] {scheduler_job.py:190} INFO - Processing /usr/local/lib/python3.6/dist-packages/airflow/example_dags/example_latest_only.py took 0.047 seconds
