[2021-09-30 07:30:46,003] {scheduler_job.py:182} INFO - Started process (PID=77) to work on /usr/local/lib/python3.6/dist-packages/airflow/example_dags/example_nested_branch_dag.py
[2021-09-30 07:30:46,004] {scheduler_job.py:629} INFO - Processing file /usr/local/lib/python3.6/dist-packages/airflow/example_dags/example_nested_branch_dag.py for tasks to queue
[2021-09-30 07:30:46,004] {logging_mixin.py:104} INFO - [2021-09-30 07:30:46,004] {dagbag.py:451} INFO - Filling up the DagBag from /usr/local/lib/python3.6/dist-packages/airflow/example_dags/example_nested_branch_dag.py
[2021-09-30 07:30:46,012] {scheduler_job.py:639} INFO - DAG(s) dict_keys(['example_nested_branch_dag']) retrieved from /usr/local/lib/python3.6/dist-packages/airflow/example_dags/example_nested_branch_dag.py
[2021-09-30 07:30:46,021] {logging_mixin.py:104} INFO - [2021-09-30 07:30:46,021] {dag.py:1824} INFO - Sync 1 DAGs
[2021-09-30 07:30:46,034] {logging_mixin.py:104} INFO - [2021-09-30 07:30:46,034] {dag.py:2280} INFO - Setting next_dagrun for example_nested_branch_dag to 2021-09-28 00:00:00+00:00
[2021-09-30 07:30:46,040] {scheduler_job.py:190} INFO - Processing /usr/local/lib/python3.6/dist-packages/airflow/example_dags/example_nested_branch_dag.py took 0.039 seconds
[2021-09-30 07:31:17,007] {scheduler_job.py:182} INFO - Started process (PID=240) to work on /usr/local/lib/python3.6/dist-packages/airflow/example_dags/example_nested_branch_dag.py
[2021-09-30 07:31:17,007] {scheduler_job.py:629} INFO - Processing file /usr/local/lib/python3.6/dist-packages/airflow/example_dags/example_nested_branch_dag.py for tasks to queue
[2021-09-30 07:31:17,008] {logging_mixin.py:104} INFO - [2021-09-30 07:31:17,008] {dagbag.py:451} INFO - Filling up the DagBag from /usr/local/lib/python3.6/dist-packages/airflow/example_dags/example_nested_branch_dag.py
[2021-09-30 07:31:17,017] {scheduler_job.py:639} INFO - DAG(s) dict_keys(['example_nested_branch_dag']) retrieved from /usr/local/lib/python3.6/dist-packages/airflow/example_dags/example_nested_branch_dag.py
[2021-09-30 07:31:17,029] {logging_mixin.py:104} INFO - [2021-09-30 07:31:17,029] {dag.py:1824} INFO - Sync 1 DAGs
[2021-09-30 07:31:17,042] {logging_mixin.py:104} INFO - [2021-09-30 07:31:17,042] {dag.py:2280} INFO - Setting next_dagrun for example_nested_branch_dag to 2021-09-28 00:00:00+00:00
[2021-09-30 07:31:17,048] {scheduler_job.py:190} INFO - Processing /usr/local/lib/python3.6/dist-packages/airflow/example_dags/example_nested_branch_dag.py took 0.043 seconds
[2021-09-30 07:31:47,893] {scheduler_job.py:182} INFO - Started process (PID=313) to work on /usr/local/lib/python3.6/dist-packages/airflow/example_dags/example_nested_branch_dag.py
[2021-09-30 07:31:47,893] {scheduler_job.py:629} INFO - Processing file /usr/local/lib/python3.6/dist-packages/airflow/example_dags/example_nested_branch_dag.py for tasks to queue
[2021-09-30 07:31:47,894] {logging_mixin.py:104} INFO - [2021-09-30 07:31:47,894] {dagbag.py:451} INFO - Filling up the DagBag from /usr/local/lib/python3.6/dist-packages/airflow/example_dags/example_nested_branch_dag.py
[2021-09-30 07:31:47,910] {scheduler_job.py:639} INFO - DAG(s) dict_keys(['example_nested_branch_dag']) retrieved from /usr/local/lib/python3.6/dist-packages/airflow/example_dags/example_nested_branch_dag.py
[2021-09-30 07:31:47,932] {logging_mixin.py:104} INFO - [2021-09-30 07:31:47,932] {dag.py:1824} INFO - Sync 1 DAGs
[2021-09-30 07:31:47,960] {logging_mixin.py:104} INFO - [2021-09-30 07:31:47,960] {dag.py:2280} INFO - Setting next_dagrun for example_nested_branch_dag to 2021-09-28 00:00:00+00:00
[2021-09-30 07:31:47,971] {scheduler_job.py:190} INFO - Processing /usr/local/lib/python3.6/dist-packages/airflow/example_dags/example_nested_branch_dag.py took 0.081 seconds
[2021-09-30 07:32:18,272] {scheduler_job.py:182} INFO - Started process (PID=391) to work on /usr/local/lib/python3.6/dist-packages/airflow/example_dags/example_nested_branch_dag.py
[2021-09-30 07:32:18,273] {scheduler_job.py:629} INFO - Processing file /usr/local/lib/python3.6/dist-packages/airflow/example_dags/example_nested_branch_dag.py for tasks to queue
[2021-09-30 07:32:18,273] {logging_mixin.py:104} INFO - [2021-09-30 07:32:18,273] {dagbag.py:451} INFO - Filling up the DagBag from /usr/local/lib/python3.6/dist-packages/airflow/example_dags/example_nested_branch_dag.py
[2021-09-30 07:32:18,281] {scheduler_job.py:639} INFO - DAG(s) dict_keys(['example_nested_branch_dag']) retrieved from /usr/local/lib/python3.6/dist-packages/airflow/example_dags/example_nested_branch_dag.py
[2021-09-30 07:32:18,294] {logging_mixin.py:104} INFO - [2021-09-30 07:32:18,294] {dag.py:1824} INFO - Sync 1 DAGs
[2021-09-30 07:32:18,308] {logging_mixin.py:104} INFO - [2021-09-30 07:32:18,308] {dag.py:2280} INFO - Setting next_dagrun for example_nested_branch_dag to 2021-09-28 00:00:00+00:00
[2021-09-30 07:32:18,313] {scheduler_job.py:190} INFO - Processing /usr/local/lib/python3.6/dist-packages/airflow/example_dags/example_nested_branch_dag.py took 0.043 seconds
[2021-09-30 07:32:49,076] {scheduler_job.py:182} INFO - Started process (PID=476) to work on /usr/local/lib/python3.6/dist-packages/airflow/example_dags/example_nested_branch_dag.py
[2021-09-30 07:32:49,077] {scheduler_job.py:629} INFO - Processing file /usr/local/lib/python3.6/dist-packages/airflow/example_dags/example_nested_branch_dag.py for tasks to queue
[2021-09-30 07:32:49,077] {logging_mixin.py:104} INFO - [2021-09-30 07:32:49,077] {dagbag.py:451} INFO - Filling up the DagBag from /usr/local/lib/python3.6/dist-packages/airflow/example_dags/example_nested_branch_dag.py
[2021-09-30 07:32:49,085] {scheduler_job.py:639} INFO - DAG(s) dict_keys(['example_nested_branch_dag']) retrieved from /usr/local/lib/python3.6/dist-packages/airflow/example_dags/example_nested_branch_dag.py
[2021-09-30 07:32:49,099] {logging_mixin.py:104} INFO - [2021-09-30 07:32:49,099] {dag.py:1824} INFO - Sync 1 DAGs
[2021-09-30 07:32:49,114] {logging_mixin.py:104} INFO - [2021-09-30 07:32:49,113] {dag.py:2280} INFO - Setting next_dagrun for example_nested_branch_dag to 2021-09-28 00:00:00+00:00
[2021-09-30 07:32:49,120] {scheduler_job.py:190} INFO - Processing /usr/local/lib/python3.6/dist-packages/airflow/example_dags/example_nested_branch_dag.py took 0.046 seconds
[2021-09-30 07:33:43,060] {scheduler_job.py:182} INFO - Started process (PID=63) to work on /usr/local/lib/python3.6/dist-packages/airflow/example_dags/example_nested_branch_dag.py
[2021-09-30 07:33:43,060] {scheduler_job.py:629} INFO - Processing file /usr/local/lib/python3.6/dist-packages/airflow/example_dags/example_nested_branch_dag.py for tasks to queue
[2021-09-30 07:33:43,061] {logging_mixin.py:104} INFO - [2021-09-30 07:33:43,061] {dagbag.py:451} INFO - Filling up the DagBag from /usr/local/lib/python3.6/dist-packages/airflow/example_dags/example_nested_branch_dag.py
[2021-09-30 07:33:43,073] {scheduler_job.py:639} INFO - DAG(s) dict_keys(['example_nested_branch_dag']) retrieved from /usr/local/lib/python3.6/dist-packages/airflow/example_dags/example_nested_branch_dag.py
[2021-09-30 07:33:43,091] {logging_mixin.py:104} INFO - [2021-09-30 07:33:43,091] {dag.py:1824} INFO - Sync 1 DAGs
[2021-09-30 07:33:43,111] {logging_mixin.py:104} INFO - [2021-09-30 07:33:43,111] {dag.py:2280} INFO - Setting next_dagrun for example_nested_branch_dag to 2021-09-28 00:00:00+00:00
[2021-09-30 07:33:43,119] {scheduler_job.py:190} INFO - Processing /usr/local/lib/python3.6/dist-packages/airflow/example_dags/example_nested_branch_dag.py took 0.062 seconds
[2021-09-30 07:34:13,273] {scheduler_job.py:182} INFO - Started process (PID=195) to work on /usr/local/lib/python3.6/dist-packages/airflow/example_dags/example_nested_branch_dag.py
[2021-09-30 07:34:13,274] {scheduler_job.py:629} INFO - Processing file /usr/local/lib/python3.6/dist-packages/airflow/example_dags/example_nested_branch_dag.py for tasks to queue
[2021-09-30 07:34:13,274] {logging_mixin.py:104} INFO - [2021-09-30 07:34:13,274] {dagbag.py:451} INFO - Filling up the DagBag from /usr/local/lib/python3.6/dist-packages/airflow/example_dags/example_nested_branch_dag.py
[2021-09-30 07:34:13,284] {scheduler_job.py:639} INFO - DAG(s) dict_keys(['example_nested_branch_dag']) retrieved from /usr/local/lib/python3.6/dist-packages/airflow/example_dags/example_nested_branch_dag.py
[2021-09-30 07:34:13,303] {logging_mixin.py:104} INFO - [2021-09-30 07:34:13,303] {dag.py:1824} INFO - Sync 1 DAGs
[2021-09-30 07:34:13,324] {logging_mixin.py:104} INFO - [2021-09-30 07:34:13,323] {dag.py:2280} INFO - Setting next_dagrun for example_nested_branch_dag to 2021-09-28 00:00:00+00:00
[2021-09-30 07:34:13,331] {scheduler_job.py:190} INFO - Processing /usr/local/lib/python3.6/dist-packages/airflow/example_dags/example_nested_branch_dag.py took 0.059 seconds
[2021-09-30 07:34:43,452] {scheduler_job.py:182} INFO - Started process (PID=267) to work on /usr/local/lib/python3.6/dist-packages/airflow/example_dags/example_nested_branch_dag.py
[2021-09-30 07:34:43,453] {scheduler_job.py:629} INFO - Processing file /usr/local/lib/python3.6/dist-packages/airflow/example_dags/example_nested_branch_dag.py for tasks to queue
[2021-09-30 07:34:43,454] {logging_mixin.py:104} INFO - [2021-09-30 07:34:43,454] {dagbag.py:451} INFO - Filling up the DagBag from /usr/local/lib/python3.6/dist-packages/airflow/example_dags/example_nested_branch_dag.py
[2021-09-30 07:34:43,465] {scheduler_job.py:639} INFO - DAG(s) dict_keys(['example_nested_branch_dag']) retrieved from /usr/local/lib/python3.6/dist-packages/airflow/example_dags/example_nested_branch_dag.py
[2021-09-30 07:34:43,481] {logging_mixin.py:104} INFO - [2021-09-30 07:34:43,481] {dag.py:1824} INFO - Sync 1 DAGs
[2021-09-30 07:34:43,501] {logging_mixin.py:104} INFO - [2021-09-30 07:34:43,501] {dag.py:2280} INFO - Setting next_dagrun for example_nested_branch_dag to 2021-09-28 00:00:00+00:00
[2021-09-30 07:34:43,510] {scheduler_job.py:190} INFO - Processing /usr/local/lib/python3.6/dist-packages/airflow/example_dags/example_nested_branch_dag.py took 0.061 seconds
[2021-09-30 07:36:11,579] {scheduler_job.py:182} INFO - Started process (PID=52) to work on /usr/local/lib/python3.6/dist-packages/airflow/example_dags/example_nested_branch_dag.py
[2021-09-30 07:36:11,579] {scheduler_job.py:629} INFO - Processing file /usr/local/lib/python3.6/dist-packages/airflow/example_dags/example_nested_branch_dag.py for tasks to queue
[2021-09-30 07:36:11,580] {logging_mixin.py:104} INFO - [2021-09-30 07:36:11,580] {dagbag.py:451} INFO - Filling up the DagBag from /usr/local/lib/python3.6/dist-packages/airflow/example_dags/example_nested_branch_dag.py
[2021-09-30 07:36:11,588] {scheduler_job.py:639} INFO - DAG(s) dict_keys(['example_nested_branch_dag']) retrieved from /usr/local/lib/python3.6/dist-packages/airflow/example_dags/example_nested_branch_dag.py
[2021-09-30 07:36:11,600] {logging_mixin.py:104} INFO - [2021-09-30 07:36:11,600] {dag.py:1824} INFO - Sync 1 DAGs
[2021-09-30 07:36:11,615] {logging_mixin.py:104} INFO - [2021-09-30 07:36:11,615] {dag.py:2280} INFO - Setting next_dagrun for example_nested_branch_dag to 2021-09-28 00:00:00+00:00
[2021-09-30 07:36:11,622] {scheduler_job.py:190} INFO - Processing /usr/local/lib/python3.6/dist-packages/airflow/example_dags/example_nested_branch_dag.py took 0.045 seconds
[2021-09-30 07:36:42,474] {scheduler_job.py:182} INFO - Started process (PID=190) to work on /usr/local/lib/python3.6/dist-packages/airflow/example_dags/example_nested_branch_dag.py
[2021-09-30 07:36:42,474] {scheduler_job.py:629} INFO - Processing file /usr/local/lib/python3.6/dist-packages/airflow/example_dags/example_nested_branch_dag.py for tasks to queue
[2021-09-30 07:36:42,475] {logging_mixin.py:104} INFO - [2021-09-30 07:36:42,475] {dagbag.py:451} INFO - Filling up the DagBag from /usr/local/lib/python3.6/dist-packages/airflow/example_dags/example_nested_branch_dag.py
[2021-09-30 07:36:42,485] {scheduler_job.py:639} INFO - DAG(s) dict_keys(['example_nested_branch_dag']) retrieved from /usr/local/lib/python3.6/dist-packages/airflow/example_dags/example_nested_branch_dag.py
[2021-09-30 07:36:42,501] {logging_mixin.py:104} INFO - [2021-09-30 07:36:42,501] {dag.py:1824} INFO - Sync 1 DAGs
[2021-09-30 07:36:42,519] {logging_mixin.py:104} INFO - [2021-09-30 07:36:42,519] {dag.py:2280} INFO - Setting next_dagrun for example_nested_branch_dag to 2021-09-28 00:00:00+00:00
[2021-09-30 07:36:42,527] {scheduler_job.py:190} INFO - Processing /usr/local/lib/python3.6/dist-packages/airflow/example_dags/example_nested_branch_dag.py took 0.055 seconds
[2021-09-30 07:37:29,081] {scheduler_job.py:182} INFO - Started process (PID=60) to work on /usr/local/lib/python3.6/dist-packages/airflow/example_dags/example_nested_branch_dag.py
[2021-09-30 07:37:29,082] {scheduler_job.py:629} INFO - Processing file /usr/local/lib/python3.6/dist-packages/airflow/example_dags/example_nested_branch_dag.py for tasks to queue
[2021-09-30 07:37:29,083] {logging_mixin.py:104} INFO - [2021-09-30 07:37:29,083] {dagbag.py:451} INFO - Filling up the DagBag from /usr/local/lib/python3.6/dist-packages/airflow/example_dags/example_nested_branch_dag.py
[2021-09-30 07:37:29,094] {scheduler_job.py:639} INFO - DAG(s) dict_keys(['example_nested_branch_dag']) retrieved from /usr/local/lib/python3.6/dist-packages/airflow/example_dags/example_nested_branch_dag.py
[2021-09-30 07:37:29,108] {logging_mixin.py:104} INFO - [2021-09-30 07:37:29,108] {dag.py:1824} INFO - Sync 1 DAGs
[2021-09-30 07:37:29,126] {logging_mixin.py:104} INFO - [2021-09-30 07:37:29,126] {dag.py:2280} INFO - Setting next_dagrun for example_nested_branch_dag to 2021-09-28 00:00:00+00:00
[2021-09-30 07:37:29,134] {scheduler_job.py:190} INFO - Processing /usr/local/lib/python3.6/dist-packages/airflow/example_dags/example_nested_branch_dag.py took 0.054 seconds
[2021-09-30 07:38:00,122] {scheduler_job.py:182} INFO - Started process (PID=196) to work on /usr/local/lib/python3.6/dist-packages/airflow/example_dags/example_nested_branch_dag.py
[2021-09-30 07:38:00,123] {scheduler_job.py:629} INFO - Processing file /usr/local/lib/python3.6/dist-packages/airflow/example_dags/example_nested_branch_dag.py for tasks to queue
[2021-09-30 07:38:00,123] {logging_mixin.py:104} INFO - [2021-09-30 07:38:00,123] {dagbag.py:451} INFO - Filling up the DagBag from /usr/local/lib/python3.6/dist-packages/airflow/example_dags/example_nested_branch_dag.py
[2021-09-30 07:38:00,131] {scheduler_job.py:639} INFO - DAG(s) dict_keys(['example_nested_branch_dag']) retrieved from /usr/local/lib/python3.6/dist-packages/airflow/example_dags/example_nested_branch_dag.py
[2021-09-30 07:38:00,143] {logging_mixin.py:104} INFO - [2021-09-30 07:38:00,143] {dag.py:1824} INFO - Sync 1 DAGs
[2021-09-30 07:38:00,154] {logging_mixin.py:104} INFO - [2021-09-30 07:38:00,154] {dag.py:2280} INFO - Setting next_dagrun for example_nested_branch_dag to 2021-09-28 00:00:00+00:00
[2021-09-30 07:38:00,160] {scheduler_job.py:190} INFO - Processing /usr/local/lib/python3.6/dist-packages/airflow/example_dags/example_nested_branch_dag.py took 0.039 seconds
[2021-09-30 07:38:30,825] {scheduler_job.py:182} INFO - Started process (PID=274) to work on /usr/local/lib/python3.6/dist-packages/airflow/example_dags/example_nested_branch_dag.py
[2021-09-30 07:38:30,826] {scheduler_job.py:629} INFO - Processing file /usr/local/lib/python3.6/dist-packages/airflow/example_dags/example_nested_branch_dag.py for tasks to queue
[2021-09-30 07:38:30,826] {logging_mixin.py:104} INFO - [2021-09-30 07:38:30,826] {dagbag.py:451} INFO - Filling up the DagBag from /usr/local/lib/python3.6/dist-packages/airflow/example_dags/example_nested_branch_dag.py
[2021-09-30 07:38:30,836] {scheduler_job.py:639} INFO - DAG(s) dict_keys(['example_nested_branch_dag']) retrieved from /usr/local/lib/python3.6/dist-packages/airflow/example_dags/example_nested_branch_dag.py
[2021-09-30 07:38:30,850] {logging_mixin.py:104} INFO - [2021-09-30 07:38:30,850] {dag.py:1824} INFO - Sync 1 DAGs
[2021-09-30 07:38:30,862] {logging_mixin.py:104} INFO - [2021-09-30 07:38:30,862] {dag.py:2280} INFO - Setting next_dagrun for example_nested_branch_dag to 2021-09-28 00:00:00+00:00
[2021-09-30 07:38:30,869] {scheduler_job.py:190} INFO - Processing /usr/local/lib/python3.6/dist-packages/airflow/example_dags/example_nested_branch_dag.py took 0.046 seconds
[2021-09-30 07:39:01,484] {scheduler_job.py:182} INFO - Started process (PID=348) to work on /usr/local/lib/python3.6/dist-packages/airflow/example_dags/example_nested_branch_dag.py
[2021-09-30 07:39:01,485] {scheduler_job.py:629} INFO - Processing file /usr/local/lib/python3.6/dist-packages/airflow/example_dags/example_nested_branch_dag.py for tasks to queue
[2021-09-30 07:39:01,485] {logging_mixin.py:104} INFO - [2021-09-30 07:39:01,485] {dagbag.py:451} INFO - Filling up the DagBag from /usr/local/lib/python3.6/dist-packages/airflow/example_dags/example_nested_branch_dag.py
[2021-09-30 07:39:01,493] {scheduler_job.py:639} INFO - DAG(s) dict_keys(['example_nested_branch_dag']) retrieved from /usr/local/lib/python3.6/dist-packages/airflow/example_dags/example_nested_branch_dag.py
[2021-09-30 07:39:01,505] {logging_mixin.py:104} INFO - [2021-09-30 07:39:01,505] {dag.py:1824} INFO - Sync 1 DAGs
[2021-09-30 07:39:01,525] {logging_mixin.py:104} INFO - [2021-09-30 07:39:01,525] {dag.py:2280} INFO - Setting next_dagrun for example_nested_branch_dag to 2021-09-28 00:00:00+00:00
[2021-09-30 07:39:01,530] {scheduler_job.py:190} INFO - Processing /usr/local/lib/python3.6/dist-packages/airflow/example_dags/example_nested_branch_dag.py took 0.047 seconds
[2021-09-30 07:39:32,212] {scheduler_job.py:182} INFO - Started process (PID=432) to work on /usr/local/lib/python3.6/dist-packages/airflow/example_dags/example_nested_branch_dag.py
[2021-09-30 07:39:32,213] {scheduler_job.py:629} INFO - Processing file /usr/local/lib/python3.6/dist-packages/airflow/example_dags/example_nested_branch_dag.py for tasks to queue
[2021-09-30 07:39:32,213] {logging_mixin.py:104} INFO - [2021-09-30 07:39:32,213] {dagbag.py:451} INFO - Filling up the DagBag from /usr/local/lib/python3.6/dist-packages/airflow/example_dags/example_nested_branch_dag.py
[2021-09-30 07:39:32,221] {scheduler_job.py:639} INFO - DAG(s) dict_keys(['example_nested_branch_dag']) retrieved from /usr/local/lib/python3.6/dist-packages/airflow/example_dags/example_nested_branch_dag.py
[2021-09-30 07:39:32,233] {logging_mixin.py:104} INFO - [2021-09-30 07:39:32,233] {dag.py:1824} INFO - Sync 1 DAGs
[2021-09-30 07:39:32,246] {logging_mixin.py:104} INFO - [2021-09-30 07:39:32,246] {dag.py:2280} INFO - Setting next_dagrun for example_nested_branch_dag to 2021-09-28 00:00:00+00:00
[2021-09-30 07:39:32,252] {scheduler_job.py:190} INFO - Processing /usr/local/lib/python3.6/dist-packages/airflow/example_dags/example_nested_branch_dag.py took 0.041 seconds
[2021-09-30 07:40:02,411] {scheduler_job.py:182} INFO - Started process (PID=506) to work on /usr/local/lib/python3.6/dist-packages/airflow/example_dags/example_nested_branch_dag.py
[2021-09-30 07:40:02,411] {scheduler_job.py:629} INFO - Processing file /usr/local/lib/python3.6/dist-packages/airflow/example_dags/example_nested_branch_dag.py for tasks to queue
[2021-09-30 07:40:02,412] {logging_mixin.py:104} INFO - [2021-09-30 07:40:02,412] {dagbag.py:451} INFO - Filling up the DagBag from /usr/local/lib/python3.6/dist-packages/airflow/example_dags/example_nested_branch_dag.py
[2021-09-30 07:40:02,423] {scheduler_job.py:639} INFO - DAG(s) dict_keys(['example_nested_branch_dag']) retrieved from /usr/local/lib/python3.6/dist-packages/airflow/example_dags/example_nested_branch_dag.py
[2021-09-30 07:40:02,443] {logging_mixin.py:104} INFO - [2021-09-30 07:40:02,443] {dag.py:1824} INFO - Sync 1 DAGs
[2021-09-30 07:40:02,460] {logging_mixin.py:104} INFO - [2021-09-30 07:40:02,460] {dag.py:2280} INFO - Setting next_dagrun for example_nested_branch_dag to 2021-09-28 00:00:00+00:00
[2021-09-30 07:40:02,469] {scheduler_job.py:190} INFO - Processing /usr/local/lib/python3.6/dist-packages/airflow/example_dags/example_nested_branch_dag.py took 0.063 seconds
[2021-09-30 07:40:33,137] {scheduler_job.py:182} INFO - Started process (PID=581) to work on /usr/local/lib/python3.6/dist-packages/airflow/example_dags/example_nested_branch_dag.py
[2021-09-30 07:40:33,137] {scheduler_job.py:629} INFO - Processing file /usr/local/lib/python3.6/dist-packages/airflow/example_dags/example_nested_branch_dag.py for tasks to queue
[2021-09-30 07:40:33,137] {logging_mixin.py:104} INFO - [2021-09-30 07:40:33,137] {dagbag.py:451} INFO - Filling up the DagBag from /usr/local/lib/python3.6/dist-packages/airflow/example_dags/example_nested_branch_dag.py
[2021-09-30 07:40:33,145] {scheduler_job.py:639} INFO - DAG(s) dict_keys(['example_nested_branch_dag']) retrieved from /usr/local/lib/python3.6/dist-packages/airflow/example_dags/example_nested_branch_dag.py
[2021-09-30 07:40:33,156] {logging_mixin.py:104} INFO - [2021-09-30 07:40:33,156] {dag.py:1824} INFO - Sync 1 DAGs
[2021-09-30 07:40:33,168] {logging_mixin.py:104} INFO - [2021-09-30 07:40:33,168] {dag.py:2280} INFO - Setting next_dagrun for example_nested_branch_dag to 2021-09-28 00:00:00+00:00
[2021-09-30 07:40:33,173] {scheduler_job.py:190} INFO - Processing /usr/local/lib/python3.6/dist-packages/airflow/example_dags/example_nested_branch_dag.py took 0.038 seconds
[2021-09-30 07:41:03,844] {scheduler_job.py:182} INFO - Started process (PID=656) to work on /usr/local/lib/python3.6/dist-packages/airflow/example_dags/example_nested_branch_dag.py
[2021-09-30 07:41:03,845] {scheduler_job.py:629} INFO - Processing file /usr/local/lib/python3.6/dist-packages/airflow/example_dags/example_nested_branch_dag.py for tasks to queue
[2021-09-30 07:41:03,845] {logging_mixin.py:104} INFO - [2021-09-30 07:41:03,845] {dagbag.py:451} INFO - Filling up the DagBag from /usr/local/lib/python3.6/dist-packages/airflow/example_dags/example_nested_branch_dag.py
[2021-09-30 07:41:03,853] {scheduler_job.py:639} INFO - DAG(s) dict_keys(['example_nested_branch_dag']) retrieved from /usr/local/lib/python3.6/dist-packages/airflow/example_dags/example_nested_branch_dag.py
[2021-09-30 07:41:03,864] {logging_mixin.py:104} INFO - [2021-09-30 07:41:03,864] {dag.py:1824} INFO - Sync 1 DAGs
[2021-09-30 07:41:03,876] {logging_mixin.py:104} INFO - [2021-09-30 07:41:03,876] {dag.py:2280} INFO - Setting next_dagrun for example_nested_branch_dag to 2021-09-28 00:00:00+00:00
[2021-09-30 07:41:03,882] {scheduler_job.py:190} INFO - Processing /usr/local/lib/python3.6/dist-packages/airflow/example_dags/example_nested_branch_dag.py took 0.039 seconds
[2021-09-30 07:41:34,548] {scheduler_job.py:182} INFO - Started process (PID=730) to work on /usr/local/lib/python3.6/dist-packages/airflow/example_dags/example_nested_branch_dag.py
[2021-09-30 07:41:34,548] {scheduler_job.py:629} INFO - Processing file /usr/local/lib/python3.6/dist-packages/airflow/example_dags/example_nested_branch_dag.py for tasks to queue
[2021-09-30 07:41:34,549] {logging_mixin.py:104} INFO - [2021-09-30 07:41:34,549] {dagbag.py:451} INFO - Filling up the DagBag from /usr/local/lib/python3.6/dist-packages/airflow/example_dags/example_nested_branch_dag.py
[2021-09-30 07:41:34,557] {scheduler_job.py:639} INFO - DAG(s) dict_keys(['example_nested_branch_dag']) retrieved from /usr/local/lib/python3.6/dist-packages/airflow/example_dags/example_nested_branch_dag.py
[2021-09-30 07:41:34,570] {logging_mixin.py:104} INFO - [2021-09-30 07:41:34,570] {dag.py:1824} INFO - Sync 1 DAGs
[2021-09-30 07:41:34,585] {logging_mixin.py:104} INFO - [2021-09-30 07:41:34,585] {dag.py:2280} INFO - Setting next_dagrun for example_nested_branch_dag to 2021-09-28 00:00:00+00:00
[2021-09-30 07:41:34,590] {scheduler_job.py:190} INFO - Processing /usr/local/lib/python3.6/dist-packages/airflow/example_dags/example_nested_branch_dag.py took 0.044 seconds
[2021-09-30 07:42:05,245] {scheduler_job.py:182} INFO - Started process (PID=806) to work on /usr/local/lib/python3.6/dist-packages/airflow/example_dags/example_nested_branch_dag.py
[2021-09-30 07:42:05,246] {scheduler_job.py:629} INFO - Processing file /usr/local/lib/python3.6/dist-packages/airflow/example_dags/example_nested_branch_dag.py for tasks to queue
[2021-09-30 07:42:05,246] {logging_mixin.py:104} INFO - [2021-09-30 07:42:05,246] {dagbag.py:451} INFO - Filling up the DagBag from /usr/local/lib/python3.6/dist-packages/airflow/example_dags/example_nested_branch_dag.py
[2021-09-30 07:42:05,254] {scheduler_job.py:639} INFO - DAG(s) dict_keys(['example_nested_branch_dag']) retrieved from /usr/local/lib/python3.6/dist-packages/airflow/example_dags/example_nested_branch_dag.py
[2021-09-30 07:42:05,268] {logging_mixin.py:104} INFO - [2021-09-30 07:42:05,268] {dag.py:1824} INFO - Sync 1 DAGs
[2021-09-30 07:42:05,284] {logging_mixin.py:104} INFO - [2021-09-30 07:42:05,284] {dag.py:2280} INFO - Setting next_dagrun for example_nested_branch_dag to 2021-09-28 00:00:00+00:00
[2021-09-30 07:42:05,291] {scheduler_job.py:190} INFO - Processing /usr/local/lib/python3.6/dist-packages/airflow/example_dags/example_nested_branch_dag.py took 0.048 seconds
[2021-09-30 07:42:36,190] {scheduler_job.py:182} INFO - Started process (PID=888) to work on /usr/local/lib/python3.6/dist-packages/airflow/example_dags/example_nested_branch_dag.py
[2021-09-30 07:42:36,191] {scheduler_job.py:629} INFO - Processing file /usr/local/lib/python3.6/dist-packages/airflow/example_dags/example_nested_branch_dag.py for tasks to queue
[2021-09-30 07:42:36,191] {logging_mixin.py:104} INFO - [2021-09-30 07:42:36,191] {dagbag.py:451} INFO - Filling up the DagBag from /usr/local/lib/python3.6/dist-packages/airflow/example_dags/example_nested_branch_dag.py
[2021-09-30 07:42:36,202] {scheduler_job.py:639} INFO - DAG(s) dict_keys(['example_nested_branch_dag']) retrieved from /usr/local/lib/python3.6/dist-packages/airflow/example_dags/example_nested_branch_dag.py
[2021-09-30 07:42:36,218] {logging_mixin.py:104} INFO - [2021-09-30 07:42:36,218] {dag.py:1824} INFO - Sync 1 DAGs
[2021-09-30 07:42:36,233] {logging_mixin.py:104} INFO - [2021-09-30 07:42:36,233] {dag.py:2280} INFO - Setting next_dagrun for example_nested_branch_dag to 2021-09-28 00:00:00+00:00
[2021-09-30 07:42:36,242] {scheduler_job.py:190} INFO - Processing /usr/local/lib/python3.6/dist-packages/airflow/example_dags/example_nested_branch_dag.py took 0.054 seconds
[2021-09-30 07:43:06,412] {scheduler_job.py:182} INFO - Started process (PID=962) to work on /usr/local/lib/python3.6/dist-packages/airflow/example_dags/example_nested_branch_dag.py
[2021-09-30 07:43:06,413] {scheduler_job.py:629} INFO - Processing file /usr/local/lib/python3.6/dist-packages/airflow/example_dags/example_nested_branch_dag.py for tasks to queue
[2021-09-30 07:43:06,413] {logging_mixin.py:104} INFO - [2021-09-30 07:43:06,413] {dagbag.py:451} INFO - Filling up the DagBag from /usr/local/lib/python3.6/dist-packages/airflow/example_dags/example_nested_branch_dag.py
[2021-09-30 07:43:06,428] {scheduler_job.py:639} INFO - DAG(s) dict_keys(['example_nested_branch_dag']) retrieved from /usr/local/lib/python3.6/dist-packages/airflow/example_dags/example_nested_branch_dag.py
[2021-09-30 07:43:06,451] {logging_mixin.py:104} INFO - [2021-09-30 07:43:06,451] {dag.py:1824} INFO - Sync 1 DAGs
[2021-09-30 07:43:06,478] {logging_mixin.py:104} INFO - [2021-09-30 07:43:06,477] {dag.py:2280} INFO - Setting next_dagrun for example_nested_branch_dag to 2021-09-28 00:00:00+00:00
[2021-09-30 07:43:06,491] {scheduler_job.py:190} INFO - Processing /usr/local/lib/python3.6/dist-packages/airflow/example_dags/example_nested_branch_dag.py took 0.082 seconds
[2021-09-30 07:43:49,367] {scheduler_job.py:182} INFO - Started process (PID=50) to work on /usr/local/lib/python3.6/dist-packages/airflow/example_dags/example_nested_branch_dag.py
[2021-09-30 07:43:49,368] {scheduler_job.py:629} INFO - Processing file /usr/local/lib/python3.6/dist-packages/airflow/example_dags/example_nested_branch_dag.py for tasks to queue
[2021-09-30 07:43:49,368] {logging_mixin.py:104} INFO - [2021-09-30 07:43:49,368] {dagbag.py:451} INFO - Filling up the DagBag from /usr/local/lib/python3.6/dist-packages/airflow/example_dags/example_nested_branch_dag.py
[2021-09-30 07:43:49,383] {scheduler_job.py:639} INFO - DAG(s) dict_keys(['example_nested_branch_dag']) retrieved from /usr/local/lib/python3.6/dist-packages/airflow/example_dags/example_nested_branch_dag.py
[2021-09-30 07:43:49,405] {logging_mixin.py:104} INFO - [2021-09-30 07:43:49,405] {dag.py:1824} INFO - Sync 1 DAGs
[2021-09-30 07:43:49,428] {logging_mixin.py:104} INFO - [2021-09-30 07:43:49,428] {dag.py:2280} INFO - Setting next_dagrun for example_nested_branch_dag to 2021-09-28 00:00:00+00:00
[2021-09-30 07:43:49,441] {scheduler_job.py:190} INFO - Processing /usr/local/lib/python3.6/dist-packages/airflow/example_dags/example_nested_branch_dag.py took 0.077 seconds
[2021-09-30 07:44:19,919] {scheduler_job.py:182} INFO - Started process (PID=190) to work on /usr/local/lib/python3.6/dist-packages/airflow/example_dags/example_nested_branch_dag.py
[2021-09-30 07:44:19,919] {scheduler_job.py:629} INFO - Processing file /usr/local/lib/python3.6/dist-packages/airflow/example_dags/example_nested_branch_dag.py for tasks to queue
[2021-09-30 07:44:19,920] {logging_mixin.py:104} INFO - [2021-09-30 07:44:19,920] {dagbag.py:451} INFO - Filling up the DagBag from /usr/local/lib/python3.6/dist-packages/airflow/example_dags/example_nested_branch_dag.py
[2021-09-30 07:44:19,931] {scheduler_job.py:639} INFO - DAG(s) dict_keys(['example_nested_branch_dag']) retrieved from /usr/local/lib/python3.6/dist-packages/airflow/example_dags/example_nested_branch_dag.py
[2021-09-30 07:44:19,945] {logging_mixin.py:104} INFO - [2021-09-30 07:44:19,945] {dag.py:1824} INFO - Sync 1 DAGs
[2021-09-30 07:44:19,960] {logging_mixin.py:104} INFO - [2021-09-30 07:44:19,960] {dag.py:2280} INFO - Setting next_dagrun for example_nested_branch_dag to 2021-09-28 00:00:00+00:00
[2021-09-30 07:44:19,968] {scheduler_job.py:190} INFO - Processing /usr/local/lib/python3.6/dist-packages/airflow/example_dags/example_nested_branch_dag.py took 0.051 seconds
[2021-09-30 07:44:50,789] {scheduler_job.py:182} INFO - Started process (PID=265) to work on /usr/local/lib/python3.6/dist-packages/airflow/example_dags/example_nested_branch_dag.py
[2021-09-30 07:44:50,789] {scheduler_job.py:629} INFO - Processing file /usr/local/lib/python3.6/dist-packages/airflow/example_dags/example_nested_branch_dag.py for tasks to queue
[2021-09-30 07:44:50,790] {logging_mixin.py:104} INFO - [2021-09-30 07:44:50,790] {dagbag.py:451} INFO - Filling up the DagBag from /usr/local/lib/python3.6/dist-packages/airflow/example_dags/example_nested_branch_dag.py
[2021-09-30 07:44:50,803] {scheduler_job.py:639} INFO - DAG(s) dict_keys(['example_nested_branch_dag']) retrieved from /usr/local/lib/python3.6/dist-packages/airflow/example_dags/example_nested_branch_dag.py
[2021-09-30 07:44:50,816] {logging_mixin.py:104} INFO - [2021-09-30 07:44:50,816] {dag.py:1824} INFO - Sync 1 DAGs
[2021-09-30 07:44:50,832] {logging_mixin.py:104} INFO - [2021-09-30 07:44:50,832] {dag.py:2280} INFO - Setting next_dagrun for example_nested_branch_dag to 2021-09-28 00:00:00+00:00
[2021-09-30 07:44:50,840] {scheduler_job.py:190} INFO - Processing /usr/local/lib/python3.6/dist-packages/airflow/example_dags/example_nested_branch_dag.py took 0.054 seconds
[2021-09-30 07:45:21,171] {scheduler_job.py:182} INFO - Started process (PID=343) to work on /usr/local/lib/python3.6/dist-packages/airflow/example_dags/example_nested_branch_dag.py
[2021-09-30 07:45:21,172] {scheduler_job.py:629} INFO - Processing file /usr/local/lib/python3.6/dist-packages/airflow/example_dags/example_nested_branch_dag.py for tasks to queue
[2021-09-30 07:45:21,172] {logging_mixin.py:104} INFO - [2021-09-30 07:45:21,172] {dagbag.py:451} INFO - Filling up the DagBag from /usr/local/lib/python3.6/dist-packages/airflow/example_dags/example_nested_branch_dag.py
[2021-09-30 07:45:21,185] {scheduler_job.py:639} INFO - DAG(s) dict_keys(['example_nested_branch_dag']) retrieved from /usr/local/lib/python3.6/dist-packages/airflow/example_dags/example_nested_branch_dag.py
[2021-09-30 07:45:21,200] {logging_mixin.py:104} INFO - [2021-09-30 07:45:21,200] {dag.py:1824} INFO - Sync 1 DAGs
[2021-09-30 07:45:21,217] {logging_mixin.py:104} INFO - [2021-09-30 07:45:21,217] {dag.py:2280} INFO - Setting next_dagrun for example_nested_branch_dag to 2021-09-28 00:00:00+00:00
[2021-09-30 07:45:21,225] {scheduler_job.py:190} INFO - Processing /usr/local/lib/python3.6/dist-packages/airflow/example_dags/example_nested_branch_dag.py took 0.057 seconds
[2021-09-30 07:45:51,763] {scheduler_job.py:182} INFO - Started process (PID=417) to work on /usr/local/lib/python3.6/dist-packages/airflow/example_dags/example_nested_branch_dag.py
[2021-09-30 07:45:51,763] {scheduler_job.py:629} INFO - Processing file /usr/local/lib/python3.6/dist-packages/airflow/example_dags/example_nested_branch_dag.py for tasks to queue
[2021-09-30 07:45:51,764] {logging_mixin.py:104} INFO - [2021-09-30 07:45:51,764] {dagbag.py:451} INFO - Filling up the DagBag from /usr/local/lib/python3.6/dist-packages/airflow/example_dags/example_nested_branch_dag.py
[2021-09-30 07:45:51,774] {scheduler_job.py:639} INFO - DAG(s) dict_keys(['example_nested_branch_dag']) retrieved from /usr/local/lib/python3.6/dist-packages/airflow/example_dags/example_nested_branch_dag.py
[2021-09-30 07:45:51,790] {logging_mixin.py:104} INFO - [2021-09-30 07:45:51,790] {dag.py:1824} INFO - Sync 1 DAGs
[2021-09-30 07:45:51,812] {logging_mixin.py:104} INFO - [2021-09-30 07:45:51,812] {dag.py:2280} INFO - Setting next_dagrun for example_nested_branch_dag to 2021-09-28 00:00:00+00:00
[2021-09-30 07:45:51,821] {scheduler_job.py:190} INFO - Processing /usr/local/lib/python3.6/dist-packages/airflow/example_dags/example_nested_branch_dag.py took 0.060 seconds
[2021-09-30 07:46:22,054] {scheduler_job.py:182} INFO - Started process (PID=501) to work on /usr/local/lib/python3.6/dist-packages/airflow/example_dags/example_nested_branch_dag.py
[2021-09-30 07:46:22,055] {scheduler_job.py:629} INFO - Processing file /usr/local/lib/python3.6/dist-packages/airflow/example_dags/example_nested_branch_dag.py for tasks to queue
[2021-09-30 07:46:22,056] {logging_mixin.py:104} INFO - [2021-09-30 07:46:22,056] {dagbag.py:451} INFO - Filling up the DagBag from /usr/local/lib/python3.6/dist-packages/airflow/example_dags/example_nested_branch_dag.py
[2021-09-30 07:46:22,069] {scheduler_job.py:639} INFO - DAG(s) dict_keys(['example_nested_branch_dag']) retrieved from /usr/local/lib/python3.6/dist-packages/airflow/example_dags/example_nested_branch_dag.py
[2021-09-30 07:46:22,096] {logging_mixin.py:104} INFO - [2021-09-30 07:46:22,096] {dag.py:1824} INFO - Sync 1 DAGs
[2021-09-30 07:46:22,126] {logging_mixin.py:104} INFO - [2021-09-30 07:46:22,126] {dag.py:2280} INFO - Setting next_dagrun for example_nested_branch_dag to 2021-09-28 00:00:00+00:00
[2021-09-30 07:46:22,137] {scheduler_job.py:190} INFO - Processing /usr/local/lib/python3.6/dist-packages/airflow/example_dags/example_nested_branch_dag.py took 0.086 seconds
[2021-09-30 07:46:52,372] {scheduler_job.py:182} INFO - Started process (PID=577) to work on /usr/local/lib/python3.6/dist-packages/airflow/example_dags/example_nested_branch_dag.py
[2021-09-30 07:46:52,373] {scheduler_job.py:629} INFO - Processing file /usr/local/lib/python3.6/dist-packages/airflow/example_dags/example_nested_branch_dag.py for tasks to queue
[2021-09-30 07:46:52,373] {logging_mixin.py:104} INFO - [2021-09-30 07:46:52,373] {dagbag.py:451} INFO - Filling up the DagBag from /usr/local/lib/python3.6/dist-packages/airflow/example_dags/example_nested_branch_dag.py
[2021-09-30 07:46:52,384] {scheduler_job.py:639} INFO - DAG(s) dict_keys(['example_nested_branch_dag']) retrieved from /usr/local/lib/python3.6/dist-packages/airflow/example_dags/example_nested_branch_dag.py
[2021-09-30 07:46:52,399] {logging_mixin.py:104} INFO - [2021-09-30 07:46:52,399] {dag.py:1824} INFO - Sync 1 DAGs
[2021-09-30 07:46:52,416] {logging_mixin.py:104} INFO - [2021-09-30 07:46:52,416] {dag.py:2280} INFO - Setting next_dagrun for example_nested_branch_dag to 2021-09-28 00:00:00+00:00
[2021-09-30 07:46:52,425] {scheduler_job.py:190} INFO - Processing /usr/local/lib/python3.6/dist-packages/airflow/example_dags/example_nested_branch_dag.py took 0.055 seconds
[2021-09-30 07:47:22,788] {scheduler_job.py:182} INFO - Started process (PID=651) to work on /usr/local/lib/python3.6/dist-packages/airflow/example_dags/example_nested_branch_dag.py
[2021-09-30 07:47:22,788] {scheduler_job.py:629} INFO - Processing file /usr/local/lib/python3.6/dist-packages/airflow/example_dags/example_nested_branch_dag.py for tasks to queue
[2021-09-30 07:47:22,789] {logging_mixin.py:104} INFO - [2021-09-30 07:47:22,788] {dagbag.py:451} INFO - Filling up the DagBag from /usr/local/lib/python3.6/dist-packages/airflow/example_dags/example_nested_branch_dag.py
[2021-09-30 07:47:22,799] {scheduler_job.py:639} INFO - DAG(s) dict_keys(['example_nested_branch_dag']) retrieved from /usr/local/lib/python3.6/dist-packages/airflow/example_dags/example_nested_branch_dag.py
[2021-09-30 07:47:22,814] {logging_mixin.py:104} INFO - [2021-09-30 07:47:22,814] {dag.py:1824} INFO - Sync 1 DAGs
[2021-09-30 07:47:22,832] {logging_mixin.py:104} INFO - [2021-09-30 07:47:22,831] {dag.py:2280} INFO - Setting next_dagrun for example_nested_branch_dag to 2021-09-28 00:00:00+00:00
[2021-09-30 07:47:22,839] {scheduler_job.py:190} INFO - Processing /usr/local/lib/python3.6/dist-packages/airflow/example_dags/example_nested_branch_dag.py took 0.054 seconds
[2021-09-30 07:47:52,888] {scheduler_job.py:182} INFO - Started process (PID=723) to work on /usr/local/lib/python3.6/dist-packages/airflow/example_dags/example_nested_branch_dag.py
[2021-09-30 07:47:52,888] {scheduler_job.py:629} INFO - Processing file /usr/local/lib/python3.6/dist-packages/airflow/example_dags/example_nested_branch_dag.py for tasks to queue
[2021-09-30 07:47:52,889] {logging_mixin.py:104} INFO - [2021-09-30 07:47:52,889] {dagbag.py:451} INFO - Filling up the DagBag from /usr/local/lib/python3.6/dist-packages/airflow/example_dags/example_nested_branch_dag.py
[2021-09-30 07:47:52,900] {scheduler_job.py:639} INFO - DAG(s) dict_keys(['example_nested_branch_dag']) retrieved from /usr/local/lib/python3.6/dist-packages/airflow/example_dags/example_nested_branch_dag.py
[2021-09-30 07:47:52,914] {logging_mixin.py:104} INFO - [2021-09-30 07:47:52,914] {dag.py:1824} INFO - Sync 1 DAGs
[2021-09-30 07:47:52,930] {logging_mixin.py:104} INFO - [2021-09-30 07:47:52,930] {dag.py:2280} INFO - Setting next_dagrun for example_nested_branch_dag to 2021-09-28 00:00:00+00:00
[2021-09-30 07:47:52,938] {scheduler_job.py:190} INFO - Processing /usr/local/lib/python3.6/dist-packages/airflow/example_dags/example_nested_branch_dag.py took 0.053 seconds
[2021-09-30 07:48:23,202] {scheduler_job.py:182} INFO - Started process (PID=800) to work on /usr/local/lib/python3.6/dist-packages/airflow/example_dags/example_nested_branch_dag.py
[2021-09-30 07:48:23,203] {scheduler_job.py:629} INFO - Processing file /usr/local/lib/python3.6/dist-packages/airflow/example_dags/example_nested_branch_dag.py for tasks to queue
[2021-09-30 07:48:23,203] {logging_mixin.py:104} INFO - [2021-09-30 07:48:23,203] {dagbag.py:451} INFO - Filling up the DagBag from /usr/local/lib/python3.6/dist-packages/airflow/example_dags/example_nested_branch_dag.py
[2021-09-30 07:48:23,215] {scheduler_job.py:639} INFO - DAG(s) dict_keys(['example_nested_branch_dag']) retrieved from /usr/local/lib/python3.6/dist-packages/airflow/example_dags/example_nested_branch_dag.py
[2021-09-30 07:48:23,229] {logging_mixin.py:104} INFO - [2021-09-30 07:48:23,229] {dag.py:1824} INFO - Sync 1 DAGs
[2021-09-30 07:48:23,247] {logging_mixin.py:104} INFO - [2021-09-30 07:48:23,247] {dag.py:2280} INFO - Setting next_dagrun for example_nested_branch_dag to 2021-09-28 00:00:00+00:00
[2021-09-30 07:48:23,254] {scheduler_job.py:190} INFO - Processing /usr/local/lib/python3.6/dist-packages/airflow/example_dags/example_nested_branch_dag.py took 0.054 seconds
[2021-09-30 07:48:53,333] {scheduler_job.py:182} INFO - Started process (PID=876) to work on /usr/local/lib/python3.6/dist-packages/airflow/example_dags/example_nested_branch_dag.py
[2021-09-30 07:48:53,333] {scheduler_job.py:629} INFO - Processing file /usr/local/lib/python3.6/dist-packages/airflow/example_dags/example_nested_branch_dag.py for tasks to queue
[2021-09-30 07:48:53,334] {logging_mixin.py:104} INFO - [2021-09-30 07:48:53,334] {dagbag.py:451} INFO - Filling up the DagBag from /usr/local/lib/python3.6/dist-packages/airflow/example_dags/example_nested_branch_dag.py
[2021-09-30 07:48:53,348] {scheduler_job.py:639} INFO - DAG(s) dict_keys(['example_nested_branch_dag']) retrieved from /usr/local/lib/python3.6/dist-packages/airflow/example_dags/example_nested_branch_dag.py
[2021-09-30 07:48:53,368] {logging_mixin.py:104} INFO - [2021-09-30 07:48:53,368] {dag.py:1824} INFO - Sync 1 DAGs
[2021-09-30 07:48:53,385] {logging_mixin.py:104} INFO - [2021-09-30 07:48:53,385] {dag.py:2280} INFO - Setting next_dagrun for example_nested_branch_dag to 2021-09-28 00:00:00+00:00
[2021-09-30 07:48:53,392] {scheduler_job.py:190} INFO - Processing /usr/local/lib/python3.6/dist-packages/airflow/example_dags/example_nested_branch_dag.py took 0.062 seconds
[2021-09-30 07:49:23,579] {scheduler_job.py:182} INFO - Started process (PID=949) to work on /usr/local/lib/python3.6/dist-packages/airflow/example_dags/example_nested_branch_dag.py
[2021-09-30 07:49:23,579] {scheduler_job.py:629} INFO - Processing file /usr/local/lib/python3.6/dist-packages/airflow/example_dags/example_nested_branch_dag.py for tasks to queue
[2021-09-30 07:49:23,580] {logging_mixin.py:104} INFO - [2021-09-30 07:49:23,580] {dagbag.py:451} INFO - Filling up the DagBag from /usr/local/lib/python3.6/dist-packages/airflow/example_dags/example_nested_branch_dag.py
[2021-09-30 07:49:23,593] {scheduler_job.py:639} INFO - DAG(s) dict_keys(['example_nested_branch_dag']) retrieved from /usr/local/lib/python3.6/dist-packages/airflow/example_dags/example_nested_branch_dag.py
[2021-09-30 07:49:23,610] {logging_mixin.py:104} INFO - [2021-09-30 07:49:23,610] {dag.py:1824} INFO - Sync 1 DAGs
[2021-09-30 07:49:23,627] {logging_mixin.py:104} INFO - [2021-09-30 07:49:23,627] {dag.py:2280} INFO - Setting next_dagrun for example_nested_branch_dag to 2021-09-28 00:00:00+00:00
[2021-09-30 07:49:23,635] {scheduler_job.py:190} INFO - Processing /usr/local/lib/python3.6/dist-packages/airflow/example_dags/example_nested_branch_dag.py took 0.059 seconds
[2021-09-30 07:49:53,860] {scheduler_job.py:182} INFO - Started process (PID=1023) to work on /usr/local/lib/python3.6/dist-packages/airflow/example_dags/example_nested_branch_dag.py
[2021-09-30 07:49:53,860] {scheduler_job.py:629} INFO - Processing file /usr/local/lib/python3.6/dist-packages/airflow/example_dags/example_nested_branch_dag.py for tasks to queue
[2021-09-30 07:49:53,861] {logging_mixin.py:104} INFO - [2021-09-30 07:49:53,861] {dagbag.py:451} INFO - Filling up the DagBag from /usr/local/lib/python3.6/dist-packages/airflow/example_dags/example_nested_branch_dag.py
[2021-09-30 07:49:53,871] {scheduler_job.py:639} INFO - DAG(s) dict_keys(['example_nested_branch_dag']) retrieved from /usr/local/lib/python3.6/dist-packages/airflow/example_dags/example_nested_branch_dag.py
[2021-09-30 07:49:53,885] {logging_mixin.py:104} INFO - [2021-09-30 07:49:53,885] {dag.py:1824} INFO - Sync 1 DAGs
[2021-09-30 07:49:53,901] {logging_mixin.py:104} INFO - [2021-09-30 07:49:53,901] {dag.py:2280} INFO - Setting next_dagrun for example_nested_branch_dag to 2021-09-28 00:00:00+00:00
[2021-09-30 07:49:53,908] {scheduler_job.py:190} INFO - Processing /usr/local/lib/python3.6/dist-packages/airflow/example_dags/example_nested_branch_dag.py took 0.050 seconds
[2021-09-30 07:50:24,041] {scheduler_job.py:182} INFO - Started process (PID=1098) to work on /usr/local/lib/python3.6/dist-packages/airflow/example_dags/example_nested_branch_dag.py
[2021-09-30 07:50:24,041] {scheduler_job.py:629} INFO - Processing file /usr/local/lib/python3.6/dist-packages/airflow/example_dags/example_nested_branch_dag.py for tasks to queue
[2021-09-30 07:50:24,042] {logging_mixin.py:104} INFO - [2021-09-30 07:50:24,041] {dagbag.py:451} INFO - Filling up the DagBag from /usr/local/lib/python3.6/dist-packages/airflow/example_dags/example_nested_branch_dag.py
[2021-09-30 07:50:24,052] {scheduler_job.py:639} INFO - DAG(s) dict_keys(['example_nested_branch_dag']) retrieved from /usr/local/lib/python3.6/dist-packages/airflow/example_dags/example_nested_branch_dag.py
[2021-09-30 07:50:24,068] {logging_mixin.py:104} INFO - [2021-09-30 07:50:24,068] {dag.py:1824} INFO - Sync 1 DAGs
[2021-09-30 07:50:24,086] {logging_mixin.py:104} INFO - [2021-09-30 07:50:24,086] {dag.py:2280} INFO - Setting next_dagrun for example_nested_branch_dag to 2021-09-28 00:00:00+00:00
[2021-09-30 07:50:24,093] {scheduler_job.py:190} INFO - Processing /usr/local/lib/python3.6/dist-packages/airflow/example_dags/example_nested_branch_dag.py took 0.055 seconds
[2021-09-30 07:50:54,196] {scheduler_job.py:182} INFO - Started process (PID=1172) to work on /usr/local/lib/python3.6/dist-packages/airflow/example_dags/example_nested_branch_dag.py
[2021-09-30 07:50:54,197] {scheduler_job.py:629} INFO - Processing file /usr/local/lib/python3.6/dist-packages/airflow/example_dags/example_nested_branch_dag.py for tasks to queue
[2021-09-30 07:50:54,197] {logging_mixin.py:104} INFO - [2021-09-30 07:50:54,197] {dagbag.py:451} INFO - Filling up the DagBag from /usr/local/lib/python3.6/dist-packages/airflow/example_dags/example_nested_branch_dag.py
[2021-09-30 07:50:54,207] {scheduler_job.py:639} INFO - DAG(s) dict_keys(['example_nested_branch_dag']) retrieved from /usr/local/lib/python3.6/dist-packages/airflow/example_dags/example_nested_branch_dag.py
[2021-09-30 07:50:54,224] {logging_mixin.py:104} INFO - [2021-09-30 07:50:54,223] {dag.py:1824} INFO - Sync 1 DAGs
[2021-09-30 07:50:54,240] {logging_mixin.py:104} INFO - [2021-09-30 07:50:54,240] {dag.py:2280} INFO - Setting next_dagrun for example_nested_branch_dag to 2021-09-28 00:00:00+00:00
[2021-09-30 07:50:54,249] {scheduler_job.py:190} INFO - Processing /usr/local/lib/python3.6/dist-packages/airflow/example_dags/example_nested_branch_dag.py took 0.055 seconds
[2021-09-30 07:51:24,458] {scheduler_job.py:182} INFO - Started process (PID=1246) to work on /usr/local/lib/python3.6/dist-packages/airflow/example_dags/example_nested_branch_dag.py
[2021-09-30 07:51:24,459] {scheduler_job.py:629} INFO - Processing file /usr/local/lib/python3.6/dist-packages/airflow/example_dags/example_nested_branch_dag.py for tasks to queue
[2021-09-30 07:51:24,459] {logging_mixin.py:104} INFO - [2021-09-30 07:51:24,459] {dagbag.py:451} INFO - Filling up the DagBag from /usr/local/lib/python3.6/dist-packages/airflow/example_dags/example_nested_branch_dag.py
[2021-09-30 07:51:24,469] {scheduler_job.py:639} INFO - DAG(s) dict_keys(['example_nested_branch_dag']) retrieved from /usr/local/lib/python3.6/dist-packages/airflow/example_dags/example_nested_branch_dag.py
[2021-09-30 07:51:24,484] {logging_mixin.py:104} INFO - [2021-09-30 07:51:24,484] {dag.py:1824} INFO - Sync 1 DAGs
[2021-09-30 07:51:24,502] {logging_mixin.py:104} INFO - [2021-09-30 07:51:24,502] {dag.py:2280} INFO - Setting next_dagrun for example_nested_branch_dag to 2021-09-28 00:00:00+00:00
[2021-09-30 07:51:24,509] {scheduler_job.py:190} INFO - Processing /usr/local/lib/python3.6/dist-packages/airflow/example_dags/example_nested_branch_dag.py took 0.053 seconds
[2021-09-30 07:51:55,361] {scheduler_job.py:182} INFO - Started process (PID=1325) to work on /usr/local/lib/python3.6/dist-packages/airflow/example_dags/example_nested_branch_dag.py
[2021-09-30 07:51:55,362] {scheduler_job.py:629} INFO - Processing file /usr/local/lib/python3.6/dist-packages/airflow/example_dags/example_nested_branch_dag.py for tasks to queue
[2021-09-30 07:51:55,362] {logging_mixin.py:104} INFO - [2021-09-30 07:51:55,362] {dagbag.py:451} INFO - Filling up the DagBag from /usr/local/lib/python3.6/dist-packages/airflow/example_dags/example_nested_branch_dag.py
[2021-09-30 07:51:55,375] {scheduler_job.py:639} INFO - DAG(s) dict_keys(['example_nested_branch_dag']) retrieved from /usr/local/lib/python3.6/dist-packages/airflow/example_dags/example_nested_branch_dag.py
[2021-09-30 07:51:55,393] {logging_mixin.py:104} INFO - [2021-09-30 07:51:55,393] {dag.py:1824} INFO - Sync 1 DAGs
[2021-09-30 07:51:55,416] {logging_mixin.py:104} INFO - [2021-09-30 07:51:55,416] {dag.py:2280} INFO - Setting next_dagrun for example_nested_branch_dag to 2021-09-28 00:00:00+00:00
[2021-09-30 07:51:55,426] {scheduler_job.py:190} INFO - Processing /usr/local/lib/python3.6/dist-packages/airflow/example_dags/example_nested_branch_dag.py took 0.067 seconds
[2021-09-30 07:52:25,455] {scheduler_job.py:182} INFO - Started process (PID=1383) to work on /usr/local/lib/python3.6/dist-packages/airflow/example_dags/example_nested_branch_dag.py
[2021-09-30 07:52:25,456] {scheduler_job.py:629} INFO - Processing file /usr/local/lib/python3.6/dist-packages/airflow/example_dags/example_nested_branch_dag.py for tasks to queue
[2021-09-30 07:52:25,457] {logging_mixin.py:104} INFO - [2021-09-30 07:52:25,456] {dagbag.py:451} INFO - Filling up the DagBag from /usr/local/lib/python3.6/dist-packages/airflow/example_dags/example_nested_branch_dag.py
[2021-09-30 07:52:25,467] {scheduler_job.py:639} INFO - DAG(s) dict_keys(['example_nested_branch_dag']) retrieved from /usr/local/lib/python3.6/dist-packages/airflow/example_dags/example_nested_branch_dag.py
[2021-09-30 07:52:25,482] {logging_mixin.py:104} INFO - [2021-09-30 07:52:25,482] {dag.py:1824} INFO - Sync 1 DAGs
[2021-09-30 07:52:25,499] {logging_mixin.py:104} INFO - [2021-09-30 07:52:25,499] {dag.py:2280} INFO - Setting next_dagrun for example_nested_branch_dag to 2021-09-28 00:00:00+00:00
[2021-09-30 07:52:25,507] {scheduler_job.py:190} INFO - Processing /usr/local/lib/python3.6/dist-packages/airflow/example_dags/example_nested_branch_dag.py took 0.053 seconds
[2021-09-30 07:52:56,106] {scheduler_job.py:182} INFO - Started process (PID=1457) to work on /usr/local/lib/python3.6/dist-packages/airflow/example_dags/example_nested_branch_dag.py
[2021-09-30 07:52:56,107] {scheduler_job.py:629} INFO - Processing file /usr/local/lib/python3.6/dist-packages/airflow/example_dags/example_nested_branch_dag.py for tasks to queue
[2021-09-30 07:52:56,107] {logging_mixin.py:104} INFO - [2021-09-30 07:52:56,107] {dagbag.py:451} INFO - Filling up the DagBag from /usr/local/lib/python3.6/dist-packages/airflow/example_dags/example_nested_branch_dag.py
[2021-09-30 07:52:56,119] {scheduler_job.py:639} INFO - DAG(s) dict_keys(['example_nested_branch_dag']) retrieved from /usr/local/lib/python3.6/dist-packages/airflow/example_dags/example_nested_branch_dag.py
[2021-09-30 07:52:56,138] {logging_mixin.py:104} INFO - [2021-09-30 07:52:56,138] {dag.py:1824} INFO - Sync 1 DAGs
[2021-09-30 07:52:56,159] {logging_mixin.py:104} INFO - [2021-09-30 07:52:56,159] {dag.py:2280} INFO - Setting next_dagrun for example_nested_branch_dag to 2021-09-28 00:00:00+00:00
[2021-09-30 07:52:56,168] {scheduler_job.py:190} INFO - Processing /usr/local/lib/python3.6/dist-packages/airflow/example_dags/example_nested_branch_dag.py took 0.067 seconds
[2021-09-30 07:53:26,192] {scheduler_job.py:182} INFO - Started process (PID=1531) to work on /usr/local/lib/python3.6/dist-packages/airflow/example_dags/example_nested_branch_dag.py
[2021-09-30 07:53:26,192] {scheduler_job.py:629} INFO - Processing file /usr/local/lib/python3.6/dist-packages/airflow/example_dags/example_nested_branch_dag.py for tasks to queue
[2021-09-30 07:53:26,193] {logging_mixin.py:104} INFO - [2021-09-30 07:53:26,193] {dagbag.py:451} INFO - Filling up the DagBag from /usr/local/lib/python3.6/dist-packages/airflow/example_dags/example_nested_branch_dag.py
[2021-09-30 07:53:26,204] {scheduler_job.py:639} INFO - DAG(s) dict_keys(['example_nested_branch_dag']) retrieved from /usr/local/lib/python3.6/dist-packages/airflow/example_dags/example_nested_branch_dag.py
[2021-09-30 07:53:26,220] {logging_mixin.py:104} INFO - [2021-09-30 07:53:26,220] {dag.py:1824} INFO - Sync 1 DAGs
[2021-09-30 07:53:26,242] {logging_mixin.py:104} INFO - [2021-09-30 07:53:26,242] {dag.py:2280} INFO - Setting next_dagrun for example_nested_branch_dag to 2021-09-28 00:00:00+00:00
[2021-09-30 07:53:26,251] {scheduler_job.py:190} INFO - Processing /usr/local/lib/python3.6/dist-packages/airflow/example_dags/example_nested_branch_dag.py took 0.062 seconds
[2021-09-30 07:53:56,471] {scheduler_job.py:182} INFO - Started process (PID=1605) to work on /usr/local/lib/python3.6/dist-packages/airflow/example_dags/example_nested_branch_dag.py
[2021-09-30 07:53:56,472] {scheduler_job.py:629} INFO - Processing file /usr/local/lib/python3.6/dist-packages/airflow/example_dags/example_nested_branch_dag.py for tasks to queue
[2021-09-30 07:53:56,472] {logging_mixin.py:104} INFO - [2021-09-30 07:53:56,472] {dagbag.py:451} INFO - Filling up the DagBag from /usr/local/lib/python3.6/dist-packages/airflow/example_dags/example_nested_branch_dag.py
[2021-09-30 07:53:56,484] {scheduler_job.py:639} INFO - DAG(s) dict_keys(['example_nested_branch_dag']) retrieved from /usr/local/lib/python3.6/dist-packages/airflow/example_dags/example_nested_branch_dag.py
[2021-09-30 07:53:56,501] {logging_mixin.py:104} INFO - [2021-09-30 07:53:56,501] {dag.py:1824} INFO - Sync 1 DAGs
[2021-09-30 07:53:56,521] {logging_mixin.py:104} INFO - [2021-09-30 07:53:56,521] {dag.py:2280} INFO - Setting next_dagrun for example_nested_branch_dag to 2021-09-28 00:00:00+00:00
[2021-09-30 07:53:56,528] {scheduler_job.py:190} INFO - Processing /usr/local/lib/python3.6/dist-packages/airflow/example_dags/example_nested_branch_dag.py took 0.060 seconds
[2021-09-30 07:54:26,850] {scheduler_job.py:182} INFO - Started process (PID=1679) to work on /usr/local/lib/python3.6/dist-packages/airflow/example_dags/example_nested_branch_dag.py
[2021-09-30 07:54:26,850] {scheduler_job.py:629} INFO - Processing file /usr/local/lib/python3.6/dist-packages/airflow/example_dags/example_nested_branch_dag.py for tasks to queue
[2021-09-30 07:54:26,851] {logging_mixin.py:104} INFO - [2021-09-30 07:54:26,851] {dagbag.py:451} INFO - Filling up the DagBag from /usr/local/lib/python3.6/dist-packages/airflow/example_dags/example_nested_branch_dag.py
[2021-09-30 07:54:26,863] {scheduler_job.py:639} INFO - DAG(s) dict_keys(['example_nested_branch_dag']) retrieved from /usr/local/lib/python3.6/dist-packages/airflow/example_dags/example_nested_branch_dag.py
[2021-09-30 07:54:26,879] {logging_mixin.py:104} INFO - [2021-09-30 07:54:26,879] {dag.py:1824} INFO - Sync 1 DAGs
[2021-09-30 07:54:26,899] {logging_mixin.py:104} INFO - [2021-09-30 07:54:26,899] {dag.py:2280} INFO - Setting next_dagrun for example_nested_branch_dag to 2021-09-28 00:00:00+00:00
[2021-09-30 07:54:26,907] {scheduler_job.py:190} INFO - Processing /usr/local/lib/python3.6/dist-packages/airflow/example_dags/example_nested_branch_dag.py took 0.060 seconds
[2021-09-30 07:54:57,137] {scheduler_job.py:182} INFO - Started process (PID=1754) to work on /usr/local/lib/python3.6/dist-packages/airflow/example_dags/example_nested_branch_dag.py
[2021-09-30 07:54:57,138] {scheduler_job.py:629} INFO - Processing file /usr/local/lib/python3.6/dist-packages/airflow/example_dags/example_nested_branch_dag.py for tasks to queue
[2021-09-30 07:54:57,138] {logging_mixin.py:104} INFO - [2021-09-30 07:54:57,138] {dagbag.py:451} INFO - Filling up the DagBag from /usr/local/lib/python3.6/dist-packages/airflow/example_dags/example_nested_branch_dag.py
[2021-09-30 07:54:57,148] {scheduler_job.py:639} INFO - DAG(s) dict_keys(['example_nested_branch_dag']) retrieved from /usr/local/lib/python3.6/dist-packages/airflow/example_dags/example_nested_branch_dag.py
[2021-09-30 07:54:57,163] {logging_mixin.py:104} INFO - [2021-09-30 07:54:57,163] {dag.py:1824} INFO - Sync 1 DAGs
[2021-09-30 07:54:57,179] {logging_mixin.py:104} INFO - [2021-09-30 07:54:57,179] {dag.py:2280} INFO - Setting next_dagrun for example_nested_branch_dag to 2021-09-28 00:00:00+00:00
[2021-09-30 07:54:57,186] {scheduler_job.py:190} INFO - Processing /usr/local/lib/python3.6/dist-packages/airflow/example_dags/example_nested_branch_dag.py took 0.051 seconds
[2021-09-30 07:55:27,437] {scheduler_job.py:182} INFO - Started process (PID=1828) to work on /usr/local/lib/python3.6/dist-packages/airflow/example_dags/example_nested_branch_dag.py
[2021-09-30 07:55:27,438] {scheduler_job.py:629} INFO - Processing file /usr/local/lib/python3.6/dist-packages/airflow/example_dags/example_nested_branch_dag.py for tasks to queue
[2021-09-30 07:55:27,438] {logging_mixin.py:104} INFO - [2021-09-30 07:55:27,438] {dagbag.py:451} INFO - Filling up the DagBag from /usr/local/lib/python3.6/dist-packages/airflow/example_dags/example_nested_branch_dag.py
[2021-09-30 07:55:27,451] {scheduler_job.py:639} INFO - DAG(s) dict_keys(['example_nested_branch_dag']) retrieved from /usr/local/lib/python3.6/dist-packages/airflow/example_dags/example_nested_branch_dag.py
[2021-09-30 07:55:27,468] {logging_mixin.py:104} INFO - [2021-09-30 07:55:27,468] {dag.py:1824} INFO - Sync 1 DAGs
[2021-09-30 07:55:27,484] {logging_mixin.py:104} INFO - [2021-09-30 07:55:27,484] {dag.py:2280} INFO - Setting next_dagrun for example_nested_branch_dag to 2021-09-28 00:00:00+00:00
[2021-09-30 07:55:27,491] {scheduler_job.py:190} INFO - Processing /usr/local/lib/python3.6/dist-packages/airflow/example_dags/example_nested_branch_dag.py took 0.057 seconds
[2021-09-30 07:55:57,594] {scheduler_job.py:182} INFO - Started process (PID=1904) to work on /usr/local/lib/python3.6/dist-packages/airflow/example_dags/example_nested_branch_dag.py
[2021-09-30 07:55:57,595] {scheduler_job.py:629} INFO - Processing file /usr/local/lib/python3.6/dist-packages/airflow/example_dags/example_nested_branch_dag.py for tasks to queue
[2021-09-30 07:55:57,596] {logging_mixin.py:104} INFO - [2021-09-30 07:55:57,595] {dagbag.py:451} INFO - Filling up the DagBag from /usr/local/lib/python3.6/dist-packages/airflow/example_dags/example_nested_branch_dag.py
[2021-09-30 07:55:57,606] {scheduler_job.py:639} INFO - DAG(s) dict_keys(['example_nested_branch_dag']) retrieved from /usr/local/lib/python3.6/dist-packages/airflow/example_dags/example_nested_branch_dag.py
[2021-09-30 07:55:57,621] {logging_mixin.py:104} INFO - [2021-09-30 07:55:57,621] {dag.py:1824} INFO - Sync 1 DAGs
[2021-09-30 07:55:57,639] {logging_mixin.py:104} INFO - [2021-09-30 07:55:57,639] {dag.py:2280} INFO - Setting next_dagrun for example_nested_branch_dag to 2021-09-28 00:00:00+00:00
[2021-09-30 07:55:57,647] {scheduler_job.py:190} INFO - Processing /usr/local/lib/python3.6/dist-packages/airflow/example_dags/example_nested_branch_dag.py took 0.055 seconds
[2021-09-30 07:56:27,740] {scheduler_job.py:182} INFO - Started process (PID=1980) to work on /usr/local/lib/python3.6/dist-packages/airflow/example_dags/example_nested_branch_dag.py
[2021-09-30 07:56:27,741] {scheduler_job.py:629} INFO - Processing file /usr/local/lib/python3.6/dist-packages/airflow/example_dags/example_nested_branch_dag.py for tasks to queue
[2021-09-30 07:56:27,742] {logging_mixin.py:104} INFO - [2021-09-30 07:56:27,742] {dagbag.py:451} INFO - Filling up the DagBag from /usr/local/lib/python3.6/dist-packages/airflow/example_dags/example_nested_branch_dag.py
[2021-09-30 07:56:27,752] {scheduler_job.py:639} INFO - DAG(s) dict_keys(['example_nested_branch_dag']) retrieved from /usr/local/lib/python3.6/dist-packages/airflow/example_dags/example_nested_branch_dag.py
[2021-09-30 07:56:27,770] {logging_mixin.py:104} INFO - [2021-09-30 07:56:27,770] {dag.py:1824} INFO - Sync 1 DAGs
[2021-09-30 07:56:27,789] {logging_mixin.py:104} INFO - [2021-09-30 07:56:27,788] {dag.py:2280} INFO - Setting next_dagrun for example_nested_branch_dag to 2021-09-28 00:00:00+00:00
[2021-09-30 07:56:27,796] {scheduler_job.py:190} INFO - Processing /usr/local/lib/python3.6/dist-packages/airflow/example_dags/example_nested_branch_dag.py took 0.058 seconds
[2021-09-30 07:56:58,542] {scheduler_job.py:182} INFO - Started process (PID=2054) to work on /usr/local/lib/python3.6/dist-packages/airflow/example_dags/example_nested_branch_dag.py
[2021-09-30 07:56:58,543] {scheduler_job.py:629} INFO - Processing file /usr/local/lib/python3.6/dist-packages/airflow/example_dags/example_nested_branch_dag.py for tasks to queue
[2021-09-30 07:56:58,543] {logging_mixin.py:104} INFO - [2021-09-30 07:56:58,543] {dagbag.py:451} INFO - Filling up the DagBag from /usr/local/lib/python3.6/dist-packages/airflow/example_dags/example_nested_branch_dag.py
[2021-09-30 07:56:58,553] {scheduler_job.py:639} INFO - DAG(s) dict_keys(['example_nested_branch_dag']) retrieved from /usr/local/lib/python3.6/dist-packages/airflow/example_dags/example_nested_branch_dag.py
[2021-09-30 07:56:58,567] {logging_mixin.py:104} INFO - [2021-09-30 07:56:58,567] {dag.py:1824} INFO - Sync 1 DAGs
[2021-09-30 07:56:58,584] {logging_mixin.py:104} INFO - [2021-09-30 07:56:58,584] {dag.py:2280} INFO - Setting next_dagrun for example_nested_branch_dag to 2021-09-28 00:00:00+00:00
[2021-09-30 07:56:58,591] {scheduler_job.py:190} INFO - Processing /usr/local/lib/python3.6/dist-packages/airflow/example_dags/example_nested_branch_dag.py took 0.051 seconds
[2021-09-30 07:57:29,333] {scheduler_job.py:182} INFO - Started process (PID=2128) to work on /usr/local/lib/python3.6/dist-packages/airflow/example_dags/example_nested_branch_dag.py
[2021-09-30 07:57:29,333] {scheduler_job.py:629} INFO - Processing file /usr/local/lib/python3.6/dist-packages/airflow/example_dags/example_nested_branch_dag.py for tasks to queue
[2021-09-30 07:57:29,334] {logging_mixin.py:104} INFO - [2021-09-30 07:57:29,334] {dagbag.py:451} INFO - Filling up the DagBag from /usr/local/lib/python3.6/dist-packages/airflow/example_dags/example_nested_branch_dag.py
[2021-09-30 07:57:29,346] {scheduler_job.py:639} INFO - DAG(s) dict_keys(['example_nested_branch_dag']) retrieved from /usr/local/lib/python3.6/dist-packages/airflow/example_dags/example_nested_branch_dag.py
[2021-09-30 07:57:29,360] {logging_mixin.py:104} INFO - [2021-09-30 07:57:29,360] {dag.py:1824} INFO - Sync 1 DAGs
[2021-09-30 07:57:29,376] {logging_mixin.py:104} INFO - [2021-09-30 07:57:29,376] {dag.py:2280} INFO - Setting next_dagrun for example_nested_branch_dag to 2021-09-28 00:00:00+00:00
[2021-09-30 07:57:29,384] {scheduler_job.py:190} INFO - Processing /usr/local/lib/python3.6/dist-packages/airflow/example_dags/example_nested_branch_dag.py took 0.053 seconds
[2021-09-30 07:57:59,421] {scheduler_job.py:182} INFO - Started process (PID=2204) to work on /usr/local/lib/python3.6/dist-packages/airflow/example_dags/example_nested_branch_dag.py
[2021-09-30 07:57:59,422] {scheduler_job.py:629} INFO - Processing file /usr/local/lib/python3.6/dist-packages/airflow/example_dags/example_nested_branch_dag.py for tasks to queue
[2021-09-30 07:57:59,422] {logging_mixin.py:104} INFO - [2021-09-30 07:57:59,422] {dagbag.py:451} INFO - Filling up the DagBag from /usr/local/lib/python3.6/dist-packages/airflow/example_dags/example_nested_branch_dag.py
[2021-09-30 07:57:59,433] {scheduler_job.py:639} INFO - DAG(s) dict_keys(['example_nested_branch_dag']) retrieved from /usr/local/lib/python3.6/dist-packages/airflow/example_dags/example_nested_branch_dag.py
[2021-09-30 07:57:59,447] {logging_mixin.py:104} INFO - [2021-09-30 07:57:59,447] {dag.py:1824} INFO - Sync 1 DAGs
[2021-09-30 07:57:59,463] {logging_mixin.py:104} INFO - [2021-09-30 07:57:59,463] {dag.py:2280} INFO - Setting next_dagrun for example_nested_branch_dag to 2021-09-28 00:00:00+00:00
[2021-09-30 07:57:59,470] {scheduler_job.py:190} INFO - Processing /usr/local/lib/python3.6/dist-packages/airflow/example_dags/example_nested_branch_dag.py took 0.051 seconds
[2021-09-30 07:58:29,546] {scheduler_job.py:182} INFO - Started process (PID=2278) to work on /usr/local/lib/python3.6/dist-packages/airflow/example_dags/example_nested_branch_dag.py
[2021-09-30 07:58:29,546] {scheduler_job.py:629} INFO - Processing file /usr/local/lib/python3.6/dist-packages/airflow/example_dags/example_nested_branch_dag.py for tasks to queue
[2021-09-30 07:58:29,547] {logging_mixin.py:104} INFO - [2021-09-30 07:58:29,547] {dagbag.py:451} INFO - Filling up the DagBag from /usr/local/lib/python3.6/dist-packages/airflow/example_dags/example_nested_branch_dag.py
[2021-09-30 07:58:29,559] {scheduler_job.py:639} INFO - DAG(s) dict_keys(['example_nested_branch_dag']) retrieved from /usr/local/lib/python3.6/dist-packages/airflow/example_dags/example_nested_branch_dag.py
[2021-09-30 07:58:29,574] {logging_mixin.py:104} INFO - [2021-09-30 07:58:29,574] {dag.py:1824} INFO - Sync 1 DAGs
[2021-09-30 07:58:29,591] {logging_mixin.py:104} INFO - [2021-09-30 07:58:29,591] {dag.py:2280} INFO - Setting next_dagrun for example_nested_branch_dag to 2021-09-28 00:00:00+00:00
[2021-09-30 07:58:29,599] {scheduler_job.py:190} INFO - Processing /usr/local/lib/python3.6/dist-packages/airflow/example_dags/example_nested_branch_dag.py took 0.055 seconds
[2021-09-30 07:58:59,761] {scheduler_job.py:182} INFO - Started process (PID=2354) to work on /usr/local/lib/python3.6/dist-packages/airflow/example_dags/example_nested_branch_dag.py
[2021-09-30 07:58:59,762] {scheduler_job.py:629} INFO - Processing file /usr/local/lib/python3.6/dist-packages/airflow/example_dags/example_nested_branch_dag.py for tasks to queue
[2021-09-30 07:58:59,762] {logging_mixin.py:104} INFO - [2021-09-30 07:58:59,762] {dagbag.py:451} INFO - Filling up the DagBag from /usr/local/lib/python3.6/dist-packages/airflow/example_dags/example_nested_branch_dag.py
[2021-09-30 07:58:59,773] {scheduler_job.py:639} INFO - DAG(s) dict_keys(['example_nested_branch_dag']) retrieved from /usr/local/lib/python3.6/dist-packages/airflow/example_dags/example_nested_branch_dag.py
[2021-09-30 07:58:59,789] {logging_mixin.py:104} INFO - [2021-09-30 07:58:59,789] {dag.py:1824} INFO - Sync 1 DAGs
[2021-09-30 07:58:59,807] {logging_mixin.py:104} INFO - [2021-09-30 07:58:59,807] {dag.py:2280} INFO - Setting next_dagrun for example_nested_branch_dag to 2021-09-28 00:00:00+00:00
[2021-09-30 07:58:59,815] {scheduler_job.py:190} INFO - Processing /usr/local/lib/python3.6/dist-packages/airflow/example_dags/example_nested_branch_dag.py took 0.056 seconds
[2021-09-30 07:59:29,899] {scheduler_job.py:182} INFO - Started process (PID=2428) to work on /usr/local/lib/python3.6/dist-packages/airflow/example_dags/example_nested_branch_dag.py
[2021-09-30 07:59:29,900] {scheduler_job.py:629} INFO - Processing file /usr/local/lib/python3.6/dist-packages/airflow/example_dags/example_nested_branch_dag.py for tasks to queue
[2021-09-30 07:59:29,900] {logging_mixin.py:104} INFO - [2021-09-30 07:59:29,900] {dagbag.py:451} INFO - Filling up the DagBag from /usr/local/lib/python3.6/dist-packages/airflow/example_dags/example_nested_branch_dag.py
[2021-09-30 07:59:29,911] {scheduler_job.py:639} INFO - DAG(s) dict_keys(['example_nested_branch_dag']) retrieved from /usr/local/lib/python3.6/dist-packages/airflow/example_dags/example_nested_branch_dag.py
[2021-09-30 07:59:29,925] {logging_mixin.py:104} INFO - [2021-09-30 07:59:29,925] {dag.py:1824} INFO - Sync 1 DAGs
[2021-09-30 07:59:29,941] {logging_mixin.py:104} INFO - [2021-09-30 07:59:29,941] {dag.py:2280} INFO - Setting next_dagrun for example_nested_branch_dag to 2021-09-28 00:00:00+00:00
[2021-09-30 07:59:29,949] {scheduler_job.py:190} INFO - Processing /usr/local/lib/python3.6/dist-packages/airflow/example_dags/example_nested_branch_dag.py took 0.052 seconds
[2021-09-30 08:00:00,165] {scheduler_job.py:182} INFO - Started process (PID=2504) to work on /usr/local/lib/python3.6/dist-packages/airflow/example_dags/example_nested_branch_dag.py
[2021-09-30 08:00:00,165] {scheduler_job.py:629} INFO - Processing file /usr/local/lib/python3.6/dist-packages/airflow/example_dags/example_nested_branch_dag.py for tasks to queue
[2021-09-30 08:00:00,166] {logging_mixin.py:104} INFO - [2021-09-30 08:00:00,166] {dagbag.py:451} INFO - Filling up the DagBag from /usr/local/lib/python3.6/dist-packages/airflow/example_dags/example_nested_branch_dag.py
[2021-09-30 08:00:00,177] {scheduler_job.py:639} INFO - DAG(s) dict_keys(['example_nested_branch_dag']) retrieved from /usr/local/lib/python3.6/dist-packages/airflow/example_dags/example_nested_branch_dag.py
[2021-09-30 08:00:00,191] {logging_mixin.py:104} INFO - [2021-09-30 08:00:00,191] {dag.py:1824} INFO - Sync 1 DAGs
[2021-09-30 08:00:00,210] {logging_mixin.py:104} INFO - [2021-09-30 08:00:00,210] {dag.py:2280} INFO - Setting next_dagrun for example_nested_branch_dag to 2021-09-28 00:00:00+00:00
[2021-09-30 08:00:00,218] {scheduler_job.py:190} INFO - Processing /usr/local/lib/python3.6/dist-packages/airflow/example_dags/example_nested_branch_dag.py took 0.055 seconds
[2021-09-30 08:00:30,350] {scheduler_job.py:182} INFO - Started process (PID=2578) to work on /usr/local/lib/python3.6/dist-packages/airflow/example_dags/example_nested_branch_dag.py
[2021-09-30 08:00:30,351] {scheduler_job.py:629} INFO - Processing file /usr/local/lib/python3.6/dist-packages/airflow/example_dags/example_nested_branch_dag.py for tasks to queue
[2021-09-30 08:00:30,351] {logging_mixin.py:104} INFO - [2021-09-30 08:00:30,351] {dagbag.py:451} INFO - Filling up the DagBag from /usr/local/lib/python3.6/dist-packages/airflow/example_dags/example_nested_branch_dag.py
[2021-09-30 08:00:30,363] {scheduler_job.py:639} INFO - DAG(s) dict_keys(['example_nested_branch_dag']) retrieved from /usr/local/lib/python3.6/dist-packages/airflow/example_dags/example_nested_branch_dag.py
[2021-09-30 08:00:30,378] {logging_mixin.py:104} INFO - [2021-09-30 08:00:30,378] {dag.py:1824} INFO - Sync 1 DAGs
[2021-09-30 08:00:30,394] {logging_mixin.py:104} INFO - [2021-09-30 08:00:30,394] {dag.py:2280} INFO - Setting next_dagrun for example_nested_branch_dag to 2021-09-28 00:00:00+00:00
[2021-09-30 08:00:30,402] {scheduler_job.py:190} INFO - Processing /usr/local/lib/python3.6/dist-packages/airflow/example_dags/example_nested_branch_dag.py took 0.054 seconds
[2021-09-30 08:01:01,293] {scheduler_job.py:182} INFO - Started process (PID=2644) to work on /usr/local/lib/python3.6/dist-packages/airflow/example_dags/example_nested_branch_dag.py
[2021-09-30 08:01:01,294] {scheduler_job.py:629} INFO - Processing file /usr/local/lib/python3.6/dist-packages/airflow/example_dags/example_nested_branch_dag.py for tasks to queue
[2021-09-30 08:01:01,295] {logging_mixin.py:104} INFO - [2021-09-30 08:01:01,295] {dagbag.py:451} INFO - Filling up the DagBag from /usr/local/lib/python3.6/dist-packages/airflow/example_dags/example_nested_branch_dag.py
[2021-09-30 08:01:01,305] {scheduler_job.py:639} INFO - DAG(s) dict_keys(['example_nested_branch_dag']) retrieved from /usr/local/lib/python3.6/dist-packages/airflow/example_dags/example_nested_branch_dag.py
[2021-09-30 08:01:01,324] {logging_mixin.py:104} INFO - [2021-09-30 08:01:01,324] {dag.py:1824} INFO - Sync 1 DAGs
[2021-09-30 08:01:01,345] {logging_mixin.py:104} INFO - [2021-09-30 08:01:01,345] {dag.py:2280} INFO - Setting next_dagrun for example_nested_branch_dag to 2021-09-28 00:00:00+00:00
[2021-09-30 08:01:01,352] {scheduler_job.py:190} INFO - Processing /usr/local/lib/python3.6/dist-packages/airflow/example_dags/example_nested_branch_dag.py took 0.062 seconds
[2021-09-30 08:01:32,328] {scheduler_job.py:182} INFO - Started process (PID=2719) to work on /usr/local/lib/python3.6/dist-packages/airflow/example_dags/example_nested_branch_dag.py
[2021-09-30 08:01:32,328] {scheduler_job.py:629} INFO - Processing file /usr/local/lib/python3.6/dist-packages/airflow/example_dags/example_nested_branch_dag.py for tasks to queue
[2021-09-30 08:01:32,329] {logging_mixin.py:104} INFO - [2021-09-30 08:01:32,329] {dagbag.py:451} INFO - Filling up the DagBag from /usr/local/lib/python3.6/dist-packages/airflow/example_dags/example_nested_branch_dag.py
[2021-09-30 08:01:32,339] {scheduler_job.py:639} INFO - DAG(s) dict_keys(['example_nested_branch_dag']) retrieved from /usr/local/lib/python3.6/dist-packages/airflow/example_dags/example_nested_branch_dag.py
[2021-09-30 08:01:32,353] {logging_mixin.py:104} INFO - [2021-09-30 08:01:32,352] {dag.py:1824} INFO - Sync 1 DAGs
[2021-09-30 08:01:32,368] {logging_mixin.py:104} INFO - [2021-09-30 08:01:32,368] {dag.py:2280} INFO - Setting next_dagrun for example_nested_branch_dag to 2021-09-28 00:00:00+00:00
[2021-09-30 08:01:32,375] {scheduler_job.py:190} INFO - Processing /usr/local/lib/python3.6/dist-packages/airflow/example_dags/example_nested_branch_dag.py took 0.050 seconds
[2021-09-30 08:02:02,871] {scheduler_job.py:182} INFO - Started process (PID=2793) to work on /usr/local/lib/python3.6/dist-packages/airflow/example_dags/example_nested_branch_dag.py
[2021-09-30 08:02:02,872] {scheduler_job.py:629} INFO - Processing file /usr/local/lib/python3.6/dist-packages/airflow/example_dags/example_nested_branch_dag.py for tasks to queue
[2021-09-30 08:02:02,873] {logging_mixin.py:104} INFO - [2021-09-30 08:02:02,872] {dagbag.py:451} INFO - Filling up the DagBag from /usr/local/lib/python3.6/dist-packages/airflow/example_dags/example_nested_branch_dag.py
[2021-09-30 08:02:02,883] {scheduler_job.py:639} INFO - DAG(s) dict_keys(['example_nested_branch_dag']) retrieved from /usr/local/lib/python3.6/dist-packages/airflow/example_dags/example_nested_branch_dag.py
[2021-09-30 08:02:02,899] {logging_mixin.py:104} INFO - [2021-09-30 08:02:02,899] {dag.py:1824} INFO - Sync 1 DAGs
[2021-09-30 08:02:02,916] {logging_mixin.py:104} INFO - [2021-09-30 08:02:02,916] {dag.py:2280} INFO - Setting next_dagrun for example_nested_branch_dag to 2021-09-28 00:00:00+00:00
[2021-09-30 08:02:02,923] {scheduler_job.py:190} INFO - Processing /usr/local/lib/python3.6/dist-packages/airflow/example_dags/example_nested_branch_dag.py took 0.054 seconds
