[2021-09-30 07:30:45,786] {scheduler_job.py:182} INFO - Started process (PID=73) to work on /usr/local/lib/python3.6/dist-packages/airflow/example_dags/example_xcomargs.py
[2021-09-30 07:30:45,787] {scheduler_job.py:629} INFO - Processing file /usr/local/lib/python3.6/dist-packages/airflow/example_dags/example_xcomargs.py for tasks to queue
[2021-09-30 07:30:45,787] {logging_mixin.py:104} INFO - [2021-09-30 07:30:45,787] {dagbag.py:451} INFO - Filling up the DagBag from /usr/local/lib/python3.6/dist-packages/airflow/example_dags/example_xcomargs.py
[2021-09-30 07:30:45,795] {scheduler_job.py:639} INFO - DAG(s) dict_keys(['example_xcom_args', 'example_xcom_args_with_operators']) retrieved from /usr/local/lib/python3.6/dist-packages/airflow/example_dags/example_xcomargs.py
[2021-09-30 07:30:45,805] {logging_mixin.py:104} INFO - [2021-09-30 07:30:45,805] {dag.py:1824} INFO - Sync 2 DAGs
[2021-09-30 07:30:45,817] {logging_mixin.py:104} INFO - [2021-09-30 07:30:45,817] {dag.py:2280} INFO - Setting next_dagrun for example_xcom_args to None
[2021-09-30 07:30:45,818] {logging_mixin.py:104} INFO - [2021-09-30 07:30:45,818] {dag.py:2280} INFO - Setting next_dagrun for example_xcom_args_with_operators to None
[2021-09-30 07:30:45,825] {scheduler_job.py:190} INFO - Processing /usr/local/lib/python3.6/dist-packages/airflow/example_dags/example_xcomargs.py took 0.042 seconds
[2021-09-30 07:31:15,867] {scheduler_job.py:182} INFO - Started process (PID=235) to work on /usr/local/lib/python3.6/dist-packages/airflow/example_dags/example_xcomargs.py
[2021-09-30 07:31:15,868] {scheduler_job.py:629} INFO - Processing file /usr/local/lib/python3.6/dist-packages/airflow/example_dags/example_xcomargs.py for tasks to queue
[2021-09-30 07:31:15,868] {logging_mixin.py:104} INFO - [2021-09-30 07:31:15,868] {dagbag.py:451} INFO - Filling up the DagBag from /usr/local/lib/python3.6/dist-packages/airflow/example_dags/example_xcomargs.py
[2021-09-30 07:31:15,875] {scheduler_job.py:639} INFO - DAG(s) dict_keys(['example_xcom_args', 'example_xcom_args_with_operators']) retrieved from /usr/local/lib/python3.6/dist-packages/airflow/example_dags/example_xcomargs.py
[2021-09-30 07:31:15,890] {logging_mixin.py:104} INFO - [2021-09-30 07:31:15,890] {dag.py:1824} INFO - Sync 2 DAGs
[2021-09-30 07:31:15,898] {logging_mixin.py:104} INFO - [2021-09-30 07:31:15,897] {dag.py:2280} INFO - Setting next_dagrun for example_xcom_args to None
[2021-09-30 07:31:15,898] {logging_mixin.py:104} INFO - [2021-09-30 07:31:15,898] {dag.py:2280} INFO - Setting next_dagrun for example_xcom_args_with_operators to None
[2021-09-30 07:31:15,904] {scheduler_job.py:190} INFO - Processing /usr/local/lib/python3.6/dist-packages/airflow/example_dags/example_xcomargs.py took 0.038 seconds
[2021-09-30 07:31:46,684] {scheduler_job.py:182} INFO - Started process (PID=306) to work on /usr/local/lib/python3.6/dist-packages/airflow/example_dags/example_xcomargs.py
[2021-09-30 07:31:46,685] {scheduler_job.py:629} INFO - Processing file /usr/local/lib/python3.6/dist-packages/airflow/example_dags/example_xcomargs.py for tasks to queue
[2021-09-30 07:31:46,685] {logging_mixin.py:104} INFO - [2021-09-30 07:31:46,685] {dagbag.py:451} INFO - Filling up the DagBag from /usr/local/lib/python3.6/dist-packages/airflow/example_dags/example_xcomargs.py
[2021-09-30 07:31:46,694] {scheduler_job.py:639} INFO - DAG(s) dict_keys(['example_xcom_args', 'example_xcom_args_with_operators']) retrieved from /usr/local/lib/python3.6/dist-packages/airflow/example_dags/example_xcomargs.py
[2021-09-30 07:31:46,711] {logging_mixin.py:104} INFO - [2021-09-30 07:31:46,711] {dag.py:1824} INFO - Sync 2 DAGs
[2021-09-30 07:31:46,720] {logging_mixin.py:104} INFO - [2021-09-30 07:31:46,720] {dag.py:2280} INFO - Setting next_dagrun for example_xcom_args to None
[2021-09-30 07:31:46,721] {logging_mixin.py:104} INFO - [2021-09-30 07:31:46,721] {dag.py:2280} INFO - Setting next_dagrun for example_xcom_args_with_operators to None
[2021-09-30 07:31:46,728] {scheduler_job.py:190} INFO - Processing /usr/local/lib/python3.6/dist-packages/airflow/example_dags/example_xcomargs.py took 0.046 seconds
[2021-09-30 07:32:17,128] {scheduler_job.py:182} INFO - Started process (PID=384) to work on /usr/local/lib/python3.6/dist-packages/airflow/example_dags/example_xcomargs.py
[2021-09-30 07:32:17,128] {scheduler_job.py:629} INFO - Processing file /usr/local/lib/python3.6/dist-packages/airflow/example_dags/example_xcomargs.py for tasks to queue
[2021-09-30 07:32:17,129] {logging_mixin.py:104} INFO - [2021-09-30 07:32:17,129] {dagbag.py:451} INFO - Filling up the DagBag from /usr/local/lib/python3.6/dist-packages/airflow/example_dags/example_xcomargs.py
[2021-09-30 07:32:17,138] {scheduler_job.py:639} INFO - DAG(s) dict_keys(['example_xcom_args', 'example_xcom_args_with_operators']) retrieved from /usr/local/lib/python3.6/dist-packages/airflow/example_dags/example_xcomargs.py
[2021-09-30 07:32:17,154] {logging_mixin.py:104} INFO - [2021-09-30 07:32:17,154] {dag.py:1824} INFO - Sync 2 DAGs
[2021-09-30 07:32:17,164] {logging_mixin.py:104} INFO - [2021-09-30 07:32:17,164] {dag.py:2280} INFO - Setting next_dagrun for example_xcom_args to None
[2021-09-30 07:32:17,164] {logging_mixin.py:104} INFO - [2021-09-30 07:32:17,164] {dag.py:2280} INFO - Setting next_dagrun for example_xcom_args_with_operators to None
[2021-09-30 07:32:17,170] {scheduler_job.py:190} INFO - Processing /usr/local/lib/python3.6/dist-packages/airflow/example_dags/example_xcomargs.py took 0.044 seconds
[2021-09-30 07:32:47,919] {scheduler_job.py:182} INFO - Started process (PID=469) to work on /usr/local/lib/python3.6/dist-packages/airflow/example_dags/example_xcomargs.py
[2021-09-30 07:32:47,920] {scheduler_job.py:629} INFO - Processing file /usr/local/lib/python3.6/dist-packages/airflow/example_dags/example_xcomargs.py for tasks to queue
[2021-09-30 07:32:47,920] {logging_mixin.py:104} INFO - [2021-09-30 07:32:47,920] {dagbag.py:451} INFO - Filling up the DagBag from /usr/local/lib/python3.6/dist-packages/airflow/example_dags/example_xcomargs.py
[2021-09-30 07:32:47,929] {scheduler_job.py:639} INFO - DAG(s) dict_keys(['example_xcom_args', 'example_xcom_args_with_operators']) retrieved from /usr/local/lib/python3.6/dist-packages/airflow/example_dags/example_xcomargs.py
[2021-09-30 07:32:47,950] {logging_mixin.py:104} INFO - [2021-09-30 07:32:47,950] {dag.py:1824} INFO - Sync 2 DAGs
[2021-09-30 07:32:47,964] {logging_mixin.py:104} INFO - [2021-09-30 07:32:47,964] {dag.py:2280} INFO - Setting next_dagrun for example_xcom_args to None
[2021-09-30 07:32:47,965] {logging_mixin.py:104} INFO - [2021-09-30 07:32:47,965] {dag.py:2280} INFO - Setting next_dagrun for example_xcom_args_with_operators to None
[2021-09-30 07:32:47,975] {scheduler_job.py:190} INFO - Processing /usr/local/lib/python3.6/dist-packages/airflow/example_dags/example_xcomargs.py took 0.058 seconds
[2021-09-30 07:33:43,186] {scheduler_job.py:182} INFO - Started process (PID=65) to work on /usr/local/lib/python3.6/dist-packages/airflow/example_dags/example_xcomargs.py
[2021-09-30 07:33:43,187] {scheduler_job.py:629} INFO - Processing file /usr/local/lib/python3.6/dist-packages/airflow/example_dags/example_xcomargs.py for tasks to queue
[2021-09-30 07:33:43,188] {logging_mixin.py:104} INFO - [2021-09-30 07:33:43,188] {dagbag.py:451} INFO - Filling up the DagBag from /usr/local/lib/python3.6/dist-packages/airflow/example_dags/example_xcomargs.py
[2021-09-30 07:33:43,199] {scheduler_job.py:639} INFO - DAG(s) dict_keys(['example_xcom_args', 'example_xcom_args_with_operators']) retrieved from /usr/local/lib/python3.6/dist-packages/airflow/example_dags/example_xcomargs.py
[2021-09-30 07:33:43,216] {logging_mixin.py:104} INFO - [2021-09-30 07:33:43,216] {dag.py:1824} INFO - Sync 2 DAGs
[2021-09-30 07:33:43,230] {logging_mixin.py:104} INFO - [2021-09-30 07:33:43,230] {dag.py:2280} INFO - Setting next_dagrun for example_xcom_args to None
[2021-09-30 07:33:43,231] {logging_mixin.py:104} INFO - [2021-09-30 07:33:43,231] {dag.py:2280} INFO - Setting next_dagrun for example_xcom_args_with_operators to None
[2021-09-30 07:33:43,239] {scheduler_job.py:190} INFO - Processing /usr/local/lib/python3.6/dist-packages/airflow/example_dags/example_xcomargs.py took 0.054 seconds
[2021-09-30 07:34:13,342] {scheduler_job.py:182} INFO - Started process (PID=197) to work on /usr/local/lib/python3.6/dist-packages/airflow/example_dags/example_xcomargs.py
[2021-09-30 07:34:13,343] {scheduler_job.py:629} INFO - Processing file /usr/local/lib/python3.6/dist-packages/airflow/example_dags/example_xcomargs.py for tasks to queue
[2021-09-30 07:34:13,343] {logging_mixin.py:104} INFO - [2021-09-30 07:34:13,343] {dagbag.py:451} INFO - Filling up the DagBag from /usr/local/lib/python3.6/dist-packages/airflow/example_dags/example_xcomargs.py
[2021-09-30 07:34:13,353] {scheduler_job.py:639} INFO - DAG(s) dict_keys(['example_xcom_args', 'example_xcom_args_with_operators']) retrieved from /usr/local/lib/python3.6/dist-packages/airflow/example_dags/example_xcomargs.py
[2021-09-30 07:34:13,371] {logging_mixin.py:104} INFO - [2021-09-30 07:34:13,371] {dag.py:1824} INFO - Sync 2 DAGs
[2021-09-30 07:34:13,382] {logging_mixin.py:104} INFO - [2021-09-30 07:34:13,382] {dag.py:2280} INFO - Setting next_dagrun for example_xcom_args to None
[2021-09-30 07:34:13,383] {logging_mixin.py:104} INFO - [2021-09-30 07:34:13,382] {dag.py:2280} INFO - Setting next_dagrun for example_xcom_args_with_operators to None
[2021-09-30 07:34:13,390] {scheduler_job.py:190} INFO - Processing /usr/local/lib/python3.6/dist-packages/airflow/example_dags/example_xcomargs.py took 0.050 seconds
[2021-09-30 07:34:43,543] {scheduler_job.py:182} INFO - Started process (PID=270) to work on /usr/local/lib/python3.6/dist-packages/airflow/example_dags/example_xcomargs.py
[2021-09-30 07:34:43,544] {scheduler_job.py:629} INFO - Processing file /usr/local/lib/python3.6/dist-packages/airflow/example_dags/example_xcomargs.py for tasks to queue
[2021-09-30 07:34:43,545] {logging_mixin.py:104} INFO - [2021-09-30 07:34:43,544] {dagbag.py:451} INFO - Filling up the DagBag from /usr/local/lib/python3.6/dist-packages/airflow/example_dags/example_xcomargs.py
[2021-09-30 07:34:43,555] {scheduler_job.py:639} INFO - DAG(s) dict_keys(['example_xcom_args', 'example_xcom_args_with_operators']) retrieved from /usr/local/lib/python3.6/dist-packages/airflow/example_dags/example_xcomargs.py
[2021-09-30 07:34:43,577] {logging_mixin.py:104} INFO - [2021-09-30 07:34:43,577] {dag.py:1824} INFO - Sync 2 DAGs
[2021-09-30 07:34:43,589] {logging_mixin.py:104} INFO - [2021-09-30 07:34:43,589] {dag.py:2280} INFO - Setting next_dagrun for example_xcom_args to None
[2021-09-30 07:34:43,589] {logging_mixin.py:104} INFO - [2021-09-30 07:34:43,589] {dag.py:2280} INFO - Setting next_dagrun for example_xcom_args_with_operators to None
[2021-09-30 07:34:43,599] {scheduler_job.py:190} INFO - Processing /usr/local/lib/python3.6/dist-packages/airflow/example_dags/example_xcomargs.py took 0.059 seconds
[2021-09-30 07:36:11,497] {scheduler_job.py:182} INFO - Started process (PID=46) to work on /usr/local/lib/python3.6/dist-packages/airflow/example_dags/example_xcomargs.py
[2021-09-30 07:36:11,497] {scheduler_job.py:629} INFO - Processing file /usr/local/lib/python3.6/dist-packages/airflow/example_dags/example_xcomargs.py for tasks to queue
[2021-09-30 07:36:11,498] {logging_mixin.py:104} INFO - [2021-09-30 07:36:11,498] {dagbag.py:451} INFO - Filling up the DagBag from /usr/local/lib/python3.6/dist-packages/airflow/example_dags/example_xcomargs.py
[2021-09-30 07:36:11,509] {scheduler_job.py:639} INFO - DAG(s) dict_keys(['example_xcom_args', 'example_xcom_args_with_operators']) retrieved from /usr/local/lib/python3.6/dist-packages/airflow/example_dags/example_xcomargs.py
[2021-09-30 07:36:11,527] {logging_mixin.py:104} INFO - [2021-09-30 07:36:11,527] {dag.py:1824} INFO - Sync 2 DAGs
[2021-09-30 07:36:11,537] {logging_mixin.py:104} INFO - [2021-09-30 07:36:11,537] {dag.py:2280} INFO - Setting next_dagrun for example_xcom_args to None
[2021-09-30 07:36:11,537] {logging_mixin.py:104} INFO - [2021-09-30 07:36:11,537] {dag.py:2280} INFO - Setting next_dagrun for example_xcom_args_with_operators to None
[2021-09-30 07:36:11,544] {scheduler_job.py:190} INFO - Processing /usr/local/lib/python3.6/dist-packages/airflow/example_dags/example_xcomargs.py took 0.049 seconds
[2021-09-30 07:36:42,361] {scheduler_job.py:182} INFO - Started process (PID=186) to work on /usr/local/lib/python3.6/dist-packages/airflow/example_dags/example_xcomargs.py
[2021-09-30 07:36:42,362] {scheduler_job.py:629} INFO - Processing file /usr/local/lib/python3.6/dist-packages/airflow/example_dags/example_xcomargs.py for tasks to queue
[2021-09-30 07:36:42,362] {logging_mixin.py:104} INFO - [2021-09-30 07:36:42,362] {dagbag.py:451} INFO - Filling up the DagBag from /usr/local/lib/python3.6/dist-packages/airflow/example_dags/example_xcomargs.py
[2021-09-30 07:36:42,374] {scheduler_job.py:639} INFO - DAG(s) dict_keys(['example_xcom_args', 'example_xcom_args_with_operators']) retrieved from /usr/local/lib/python3.6/dist-packages/airflow/example_dags/example_xcomargs.py
[2021-09-30 07:36:42,393] {logging_mixin.py:104} INFO - [2021-09-30 07:36:42,393] {dag.py:1824} INFO - Sync 2 DAGs
[2021-09-30 07:36:42,404] {logging_mixin.py:104} INFO - [2021-09-30 07:36:42,404] {dag.py:2280} INFO - Setting next_dagrun for example_xcom_args to None
[2021-09-30 07:36:42,405] {logging_mixin.py:104} INFO - [2021-09-30 07:36:42,405] {dag.py:2280} INFO - Setting next_dagrun for example_xcom_args_with_operators to None
[2021-09-30 07:36:42,415] {scheduler_job.py:190} INFO - Processing /usr/local/lib/python3.6/dist-packages/airflow/example_dags/example_xcomargs.py took 0.056 seconds
[2021-09-30 07:37:28,917] {scheduler_job.py:182} INFO - Started process (PID=54) to work on /usr/local/lib/python3.6/dist-packages/airflow/example_dags/example_xcomargs.py
[2021-09-30 07:37:28,918] {scheduler_job.py:629} INFO - Processing file /usr/local/lib/python3.6/dist-packages/airflow/example_dags/example_xcomargs.py for tasks to queue
[2021-09-30 07:37:28,918] {logging_mixin.py:104} INFO - [2021-09-30 07:37:28,918] {dagbag.py:451} INFO - Filling up the DagBag from /usr/local/lib/python3.6/dist-packages/airflow/example_dags/example_xcomargs.py
[2021-09-30 07:37:28,927] {scheduler_job.py:639} INFO - DAG(s) dict_keys(['example_xcom_args', 'example_xcom_args_with_operators']) retrieved from /usr/local/lib/python3.6/dist-packages/airflow/example_dags/example_xcomargs.py
[2021-09-30 07:37:28,943] {logging_mixin.py:104} INFO - [2021-09-30 07:37:28,943] {dag.py:1824} INFO - Sync 2 DAGs
[2021-09-30 07:37:28,956] {logging_mixin.py:104} INFO - [2021-09-30 07:37:28,956] {dag.py:2280} INFO - Setting next_dagrun for example_xcom_args to None
[2021-09-30 07:37:28,957] {logging_mixin.py:104} INFO - [2021-09-30 07:37:28,957] {dag.py:2280} INFO - Setting next_dagrun for example_xcom_args_with_operators to None
[2021-09-30 07:37:28,965] {scheduler_job.py:190} INFO - Processing /usr/local/lib/python3.6/dist-packages/airflow/example_dags/example_xcomargs.py took 0.050 seconds
[2021-09-30 07:37:58,981] {scheduler_job.py:182} INFO - Started process (PID=190) to work on /usr/local/lib/python3.6/dist-packages/airflow/example_dags/example_xcomargs.py
[2021-09-30 07:37:58,982] {scheduler_job.py:629} INFO - Processing file /usr/local/lib/python3.6/dist-packages/airflow/example_dags/example_xcomargs.py for tasks to queue
[2021-09-30 07:37:58,982] {logging_mixin.py:104} INFO - [2021-09-30 07:37:58,982] {dagbag.py:451} INFO - Filling up the DagBag from /usr/local/lib/python3.6/dist-packages/airflow/example_dags/example_xcomargs.py
[2021-09-30 07:37:58,990] {scheduler_job.py:639} INFO - DAG(s) dict_keys(['example_xcom_args', 'example_xcom_args_with_operators']) retrieved from /usr/local/lib/python3.6/dist-packages/airflow/example_dags/example_xcomargs.py
[2021-09-30 07:37:59,004] {logging_mixin.py:104} INFO - [2021-09-30 07:37:59,004] {dag.py:1824} INFO - Sync 2 DAGs
[2021-09-30 07:37:59,011] {logging_mixin.py:104} INFO - [2021-09-30 07:37:59,011] {dag.py:2280} INFO - Setting next_dagrun for example_xcom_args to None
[2021-09-30 07:37:59,012] {logging_mixin.py:104} INFO - [2021-09-30 07:37:59,012] {dag.py:2280} INFO - Setting next_dagrun for example_xcom_args_with_operators to None
[2021-09-30 07:37:59,018] {scheduler_job.py:190} INFO - Processing /usr/local/lib/python3.6/dist-packages/airflow/example_dags/example_xcomargs.py took 0.038 seconds
[2021-09-30 07:38:29,707] {scheduler_job.py:182} INFO - Started process (PID=268) to work on /usr/local/lib/python3.6/dist-packages/airflow/example_dags/example_xcomargs.py
[2021-09-30 07:38:29,708] {scheduler_job.py:629} INFO - Processing file /usr/local/lib/python3.6/dist-packages/airflow/example_dags/example_xcomargs.py for tasks to queue
[2021-09-30 07:38:29,708] {logging_mixin.py:104} INFO - [2021-09-30 07:38:29,708] {dagbag.py:451} INFO - Filling up the DagBag from /usr/local/lib/python3.6/dist-packages/airflow/example_dags/example_xcomargs.py
[2021-09-30 07:38:29,717] {scheduler_job.py:639} INFO - DAG(s) dict_keys(['example_xcom_args', 'example_xcom_args_with_operators']) retrieved from /usr/local/lib/python3.6/dist-packages/airflow/example_dags/example_xcomargs.py
[2021-09-30 07:38:29,736] {logging_mixin.py:104} INFO - [2021-09-30 07:38:29,736] {dag.py:1824} INFO - Sync 2 DAGs
[2021-09-30 07:38:29,745] {logging_mixin.py:104} INFO - [2021-09-30 07:38:29,745] {dag.py:2280} INFO - Setting next_dagrun for example_xcom_args to None
[2021-09-30 07:38:29,745] {logging_mixin.py:104} INFO - [2021-09-30 07:38:29,745] {dag.py:2280} INFO - Setting next_dagrun for example_xcom_args_with_operators to None
[2021-09-30 07:38:29,755] {scheduler_job.py:190} INFO - Processing /usr/local/lib/python3.6/dist-packages/airflow/example_dags/example_xcomargs.py took 0.049 seconds
[2021-09-30 07:39:00,382] {scheduler_job.py:182} INFO - Started process (PID=342) to work on /usr/local/lib/python3.6/dist-packages/airflow/example_dags/example_xcomargs.py
[2021-09-30 07:39:00,383] {scheduler_job.py:629} INFO - Processing file /usr/local/lib/python3.6/dist-packages/airflow/example_dags/example_xcomargs.py for tasks to queue
[2021-09-30 07:39:00,383] {logging_mixin.py:104} INFO - [2021-09-30 07:39:00,383] {dagbag.py:451} INFO - Filling up the DagBag from /usr/local/lib/python3.6/dist-packages/airflow/example_dags/example_xcomargs.py
[2021-09-30 07:39:00,391] {scheduler_job.py:639} INFO - DAG(s) dict_keys(['example_xcom_args', 'example_xcom_args_with_operators']) retrieved from /usr/local/lib/python3.6/dist-packages/airflow/example_dags/example_xcomargs.py
[2021-09-30 07:39:00,409] {logging_mixin.py:104} INFO - [2021-09-30 07:39:00,409] {dag.py:1824} INFO - Sync 2 DAGs
[2021-09-30 07:39:00,417] {logging_mixin.py:104} INFO - [2021-09-30 07:39:00,417] {dag.py:2280} INFO - Setting next_dagrun for example_xcom_args to None
[2021-09-30 07:39:00,418] {logging_mixin.py:104} INFO - [2021-09-30 07:39:00,418] {dag.py:2280} INFO - Setting next_dagrun for example_xcom_args_with_operators to None
[2021-09-30 07:39:00,424] {scheduler_job.py:190} INFO - Processing /usr/local/lib/python3.6/dist-packages/airflow/example_dags/example_xcomargs.py took 0.044 seconds
[2021-09-30 07:39:31,101] {scheduler_job.py:182} INFO - Started process (PID=426) to work on /usr/local/lib/python3.6/dist-packages/airflow/example_dags/example_xcomargs.py
[2021-09-30 07:39:31,102] {scheduler_job.py:629} INFO - Processing file /usr/local/lib/python3.6/dist-packages/airflow/example_dags/example_xcomargs.py for tasks to queue
[2021-09-30 07:39:31,103] {logging_mixin.py:104} INFO - [2021-09-30 07:39:31,103] {dagbag.py:451} INFO - Filling up the DagBag from /usr/local/lib/python3.6/dist-packages/airflow/example_dags/example_xcomargs.py
[2021-09-30 07:39:31,117] {scheduler_job.py:639} INFO - DAG(s) dict_keys(['example_xcom_args', 'example_xcom_args_with_operators']) retrieved from /usr/local/lib/python3.6/dist-packages/airflow/example_dags/example_xcomargs.py
[2021-09-30 07:39:31,137] {logging_mixin.py:104} INFO - [2021-09-30 07:39:31,137] {dag.py:1824} INFO - Sync 2 DAGs
[2021-09-30 07:39:31,148] {logging_mixin.py:104} INFO - [2021-09-30 07:39:31,148] {dag.py:2280} INFO - Setting next_dagrun for example_xcom_args to None
[2021-09-30 07:39:31,149] {logging_mixin.py:104} INFO - [2021-09-30 07:39:31,149] {dag.py:2280} INFO - Setting next_dagrun for example_xcom_args_with_operators to None
[2021-09-30 07:39:31,157] {scheduler_job.py:190} INFO - Processing /usr/local/lib/python3.6/dist-packages/airflow/example_dags/example_xcomargs.py took 0.059 seconds
[2021-09-30 07:40:01,353] {scheduler_job.py:182} INFO - Started process (PID=503) to work on /usr/local/lib/python3.6/dist-packages/airflow/example_dags/example_xcomargs.py
[2021-09-30 07:40:01,353] {scheduler_job.py:629} INFO - Processing file /usr/local/lib/python3.6/dist-packages/airflow/example_dags/example_xcomargs.py for tasks to queue
[2021-09-30 07:40:01,354] {logging_mixin.py:104} INFO - [2021-09-30 07:40:01,354] {dagbag.py:451} INFO - Filling up the DagBag from /usr/local/lib/python3.6/dist-packages/airflow/example_dags/example_xcomargs.py
[2021-09-30 07:40:01,362] {scheduler_job.py:639} INFO - DAG(s) dict_keys(['example_xcom_args', 'example_xcom_args_with_operators']) retrieved from /usr/local/lib/python3.6/dist-packages/airflow/example_dags/example_xcomargs.py
[2021-09-30 07:40:01,379] {logging_mixin.py:104} INFO - [2021-09-30 07:40:01,379] {dag.py:1824} INFO - Sync 2 DAGs
[2021-09-30 07:40:01,388] {logging_mixin.py:104} INFO - [2021-09-30 07:40:01,388] {dag.py:2280} INFO - Setting next_dagrun for example_xcom_args to None
[2021-09-30 07:40:01,388] {logging_mixin.py:104} INFO - [2021-09-30 07:40:01,388] {dag.py:2280} INFO - Setting next_dagrun for example_xcom_args_with_operators to None
[2021-09-30 07:40:01,395] {scheduler_job.py:190} INFO - Processing /usr/local/lib/python3.6/dist-packages/airflow/example_dags/example_xcomargs.py took 0.044 seconds
[2021-09-30 07:40:32,010] {scheduler_job.py:182} INFO - Started process (PID=575) to work on /usr/local/lib/python3.6/dist-packages/airflow/example_dags/example_xcomargs.py
[2021-09-30 07:40:32,011] {scheduler_job.py:629} INFO - Processing file /usr/local/lib/python3.6/dist-packages/airflow/example_dags/example_xcomargs.py for tasks to queue
[2021-09-30 07:40:32,011] {logging_mixin.py:104} INFO - [2021-09-30 07:40:32,011] {dagbag.py:451} INFO - Filling up the DagBag from /usr/local/lib/python3.6/dist-packages/airflow/example_dags/example_xcomargs.py
[2021-09-30 07:40:32,020] {scheduler_job.py:639} INFO - DAG(s) dict_keys(['example_xcom_args', 'example_xcom_args_with_operators']) retrieved from /usr/local/lib/python3.6/dist-packages/airflow/example_dags/example_xcomargs.py
[2021-09-30 07:40:32,036] {logging_mixin.py:104} INFO - [2021-09-30 07:40:32,036] {dag.py:1824} INFO - Sync 2 DAGs
[2021-09-30 07:40:32,044] {logging_mixin.py:104} INFO - [2021-09-30 07:40:32,044] {dag.py:2280} INFO - Setting next_dagrun for example_xcom_args to None
[2021-09-30 07:40:32,045] {logging_mixin.py:104} INFO - [2021-09-30 07:40:32,045] {dag.py:2280} INFO - Setting next_dagrun for example_xcom_args_with_operators to None
[2021-09-30 07:40:32,060] {scheduler_job.py:190} INFO - Processing /usr/local/lib/python3.6/dist-packages/airflow/example_dags/example_xcomargs.py took 0.051 seconds
[2021-09-30 07:41:02,753] {scheduler_job.py:182} INFO - Started process (PID=650) to work on /usr/local/lib/python3.6/dist-packages/airflow/example_dags/example_xcomargs.py
[2021-09-30 07:41:02,753] {scheduler_job.py:629} INFO - Processing file /usr/local/lib/python3.6/dist-packages/airflow/example_dags/example_xcomargs.py for tasks to queue
[2021-09-30 07:41:02,754] {logging_mixin.py:104} INFO - [2021-09-30 07:41:02,754] {dagbag.py:451} INFO - Filling up the DagBag from /usr/local/lib/python3.6/dist-packages/airflow/example_dags/example_xcomargs.py
[2021-09-30 07:41:02,761] {scheduler_job.py:639} INFO - DAG(s) dict_keys(['example_xcom_args', 'example_xcom_args_with_operators']) retrieved from /usr/local/lib/python3.6/dist-packages/airflow/example_dags/example_xcomargs.py
[2021-09-30 07:41:02,775] {logging_mixin.py:104} INFO - [2021-09-30 07:41:02,775] {dag.py:1824} INFO - Sync 2 DAGs
[2021-09-30 07:41:02,783] {logging_mixin.py:104} INFO - [2021-09-30 07:41:02,783] {dag.py:2280} INFO - Setting next_dagrun for example_xcom_args to None
[2021-09-30 07:41:02,784] {logging_mixin.py:104} INFO - [2021-09-30 07:41:02,784] {dag.py:2280} INFO - Setting next_dagrun for example_xcom_args_with_operators to None
[2021-09-30 07:41:02,790] {scheduler_job.py:190} INFO - Processing /usr/local/lib/python3.6/dist-packages/airflow/example_dags/example_xcomargs.py took 0.039 seconds
[2021-09-30 07:41:33,438] {scheduler_job.py:182} INFO - Started process (PID=724) to work on /usr/local/lib/python3.6/dist-packages/airflow/example_dags/example_xcomargs.py
[2021-09-30 07:41:33,438] {scheduler_job.py:629} INFO - Processing file /usr/local/lib/python3.6/dist-packages/airflow/example_dags/example_xcomargs.py for tasks to queue
[2021-09-30 07:41:33,439] {logging_mixin.py:104} INFO - [2021-09-30 07:41:33,439] {dagbag.py:451} INFO - Filling up the DagBag from /usr/local/lib/python3.6/dist-packages/airflow/example_dags/example_xcomargs.py
[2021-09-30 07:41:33,447] {scheduler_job.py:639} INFO - DAG(s) dict_keys(['example_xcom_args', 'example_xcom_args_with_operators']) retrieved from /usr/local/lib/python3.6/dist-packages/airflow/example_dags/example_xcomargs.py
[2021-09-30 07:41:33,461] {logging_mixin.py:104} INFO - [2021-09-30 07:41:33,461] {dag.py:1824} INFO - Sync 2 DAGs
[2021-09-30 07:41:33,470] {logging_mixin.py:104} INFO - [2021-09-30 07:41:33,469] {dag.py:2280} INFO - Setting next_dagrun for example_xcom_args to None
[2021-09-30 07:41:33,470] {logging_mixin.py:104} INFO - [2021-09-30 07:41:33,470] {dag.py:2280} INFO - Setting next_dagrun for example_xcom_args_with_operators to None
[2021-09-30 07:41:33,477] {scheduler_job.py:190} INFO - Processing /usr/local/lib/python3.6/dist-packages/airflow/example_dags/example_xcomargs.py took 0.041 seconds
[2021-09-30 07:42:04,131] {scheduler_job.py:182} INFO - Started process (PID=800) to work on /usr/local/lib/python3.6/dist-packages/airflow/example_dags/example_xcomargs.py
[2021-09-30 07:42:04,132] {scheduler_job.py:629} INFO - Processing file /usr/local/lib/python3.6/dist-packages/airflow/example_dags/example_xcomargs.py for tasks to queue
[2021-09-30 07:42:04,133] {logging_mixin.py:104} INFO - [2021-09-30 07:42:04,133] {dagbag.py:451} INFO - Filling up the DagBag from /usr/local/lib/python3.6/dist-packages/airflow/example_dags/example_xcomargs.py
[2021-09-30 07:42:04,142] {scheduler_job.py:639} INFO - DAG(s) dict_keys(['example_xcom_args', 'example_xcom_args_with_operators']) retrieved from /usr/local/lib/python3.6/dist-packages/airflow/example_dags/example_xcomargs.py
[2021-09-30 07:42:04,159] {logging_mixin.py:104} INFO - [2021-09-30 07:42:04,159] {dag.py:1824} INFO - Sync 2 DAGs
[2021-09-30 07:42:04,171] {logging_mixin.py:104} INFO - [2021-09-30 07:42:04,171] {dag.py:2280} INFO - Setting next_dagrun for example_xcom_args to None
[2021-09-30 07:42:04,172] {logging_mixin.py:104} INFO - [2021-09-30 07:42:04,171] {dag.py:2280} INFO - Setting next_dagrun for example_xcom_args_with_operators to None
[2021-09-30 07:42:04,179] {scheduler_job.py:190} INFO - Processing /usr/local/lib/python3.6/dist-packages/airflow/example_dags/example_xcomargs.py took 0.050 seconds
[2021-09-30 07:42:35,046] {scheduler_job.py:182} INFO - Started process (PID=874) to work on /usr/local/lib/python3.6/dist-packages/airflow/example_dags/example_xcomargs.py
[2021-09-30 07:42:35,046] {scheduler_job.py:629} INFO - Processing file /usr/local/lib/python3.6/dist-packages/airflow/example_dags/example_xcomargs.py for tasks to queue
[2021-09-30 07:42:35,047] {logging_mixin.py:104} INFO - [2021-09-30 07:42:35,047] {dagbag.py:451} INFO - Filling up the DagBag from /usr/local/lib/python3.6/dist-packages/airflow/example_dags/example_xcomargs.py
[2021-09-30 07:42:35,058] {scheduler_job.py:639} INFO - DAG(s) dict_keys(['example_xcom_args', 'example_xcom_args_with_operators']) retrieved from /usr/local/lib/python3.6/dist-packages/airflow/example_dags/example_xcomargs.py
[2021-09-30 07:42:35,082] {logging_mixin.py:104} INFO - [2021-09-30 07:42:35,082] {dag.py:1824} INFO - Sync 2 DAGs
[2021-09-30 07:42:35,097] {logging_mixin.py:104} INFO - [2021-09-30 07:42:35,096] {dag.py:2280} INFO - Setting next_dagrun for example_xcom_args to None
[2021-09-30 07:42:35,098] {logging_mixin.py:104} INFO - [2021-09-30 07:42:35,098] {dag.py:2280} INFO - Setting next_dagrun for example_xcom_args_with_operators to None
[2021-09-30 07:42:35,107] {scheduler_job.py:190} INFO - Processing /usr/local/lib/python3.6/dist-packages/airflow/example_dags/example_xcomargs.py took 0.063 seconds
[2021-09-30 07:43:05,127] {scheduler_job.py:182} INFO - Started process (PID=946) to work on /usr/local/lib/python3.6/dist-packages/airflow/example_dags/example_xcomargs.py
[2021-09-30 07:43:05,128] {scheduler_job.py:629} INFO - Processing file /usr/local/lib/python3.6/dist-packages/airflow/example_dags/example_xcomargs.py for tasks to queue
[2021-09-30 07:43:05,128] {logging_mixin.py:104} INFO - [2021-09-30 07:43:05,128] {dagbag.py:451} INFO - Filling up the DagBag from /usr/local/lib/python3.6/dist-packages/airflow/example_dags/example_xcomargs.py
[2021-09-30 07:43:05,145] {scheduler_job.py:639} INFO - DAG(s) dict_keys(['example_xcom_args', 'example_xcom_args_with_operators']) retrieved from /usr/local/lib/python3.6/dist-packages/airflow/example_dags/example_xcomargs.py
[2021-09-30 07:43:05,193] {logging_mixin.py:104} INFO - [2021-09-30 07:43:05,193] {dag.py:1824} INFO - Sync 2 DAGs
[2021-09-30 07:43:05,208] {logging_mixin.py:104} INFO - [2021-09-30 07:43:05,208] {dag.py:2280} INFO - Setting next_dagrun for example_xcom_args to None
[2021-09-30 07:43:05,209] {logging_mixin.py:104} INFO - [2021-09-30 07:43:05,209] {dag.py:2280} INFO - Setting next_dagrun for example_xcom_args_with_operators to None
[2021-09-30 07:43:05,220] {scheduler_job.py:190} INFO - Processing /usr/local/lib/python3.6/dist-packages/airflow/example_dags/example_xcomargs.py took 0.096 seconds
[2021-09-30 07:43:49,660] {scheduler_job.py:182} INFO - Started process (PID=57) to work on /usr/local/lib/python3.6/dist-packages/airflow/example_dags/example_xcomargs.py
[2021-09-30 07:43:49,661] {scheduler_job.py:629} INFO - Processing file /usr/local/lib/python3.6/dist-packages/airflow/example_dags/example_xcomargs.py for tasks to queue
[2021-09-30 07:43:49,662] {logging_mixin.py:104} INFO - [2021-09-30 07:43:49,662] {dagbag.py:451} INFO - Filling up the DagBag from /usr/local/lib/python3.6/dist-packages/airflow/example_dags/example_xcomargs.py
[2021-09-30 07:43:49,678] {scheduler_job.py:639} INFO - DAG(s) dict_keys(['example_xcom_args', 'example_xcom_args_with_operators']) retrieved from /usr/local/lib/python3.6/dist-packages/airflow/example_dags/example_xcomargs.py
[2021-09-30 07:43:49,703] {logging_mixin.py:104} INFO - [2021-09-30 07:43:49,703] {dag.py:1824} INFO - Sync 2 DAGs
[2021-09-30 07:43:49,723] {logging_mixin.py:104} INFO - [2021-09-30 07:43:49,723] {dag.py:2280} INFO - Setting next_dagrun for example_xcom_args to None
[2021-09-30 07:43:49,724] {logging_mixin.py:104} INFO - [2021-09-30 07:43:49,724] {dag.py:2280} INFO - Setting next_dagrun for example_xcom_args_with_operators to None
[2021-09-30 07:43:49,735] {scheduler_job.py:190} INFO - Processing /usr/local/lib/python3.6/dist-packages/airflow/example_dags/example_xcomargs.py took 0.078 seconds
[2021-09-30 07:44:20,068] {scheduler_job.py:182} INFO - Started process (PID=195) to work on /usr/local/lib/python3.6/dist-packages/airflow/example_dags/example_xcomargs.py
[2021-09-30 07:44:20,069] {scheduler_job.py:629} INFO - Processing file /usr/local/lib/python3.6/dist-packages/airflow/example_dags/example_xcomargs.py for tasks to queue
[2021-09-30 07:44:20,069] {logging_mixin.py:104} INFO - [2021-09-30 07:44:20,069] {dagbag.py:451} INFO - Filling up the DagBag from /usr/local/lib/python3.6/dist-packages/airflow/example_dags/example_xcomargs.py
[2021-09-30 07:44:20,080] {scheduler_job.py:639} INFO - DAG(s) dict_keys(['example_xcom_args', 'example_xcom_args_with_operators']) retrieved from /usr/local/lib/python3.6/dist-packages/airflow/example_dags/example_xcomargs.py
[2021-09-30 07:44:20,100] {logging_mixin.py:104} INFO - [2021-09-30 07:44:20,100] {dag.py:1824} INFO - Sync 2 DAGs
[2021-09-30 07:44:20,111] {logging_mixin.py:104} INFO - [2021-09-30 07:44:20,111] {dag.py:2280} INFO - Setting next_dagrun for example_xcom_args to None
[2021-09-30 07:44:20,112] {logging_mixin.py:104} INFO - [2021-09-30 07:44:20,112] {dag.py:2280} INFO - Setting next_dagrun for example_xcom_args_with_operators to None
[2021-09-30 07:44:20,120] {scheduler_job.py:190} INFO - Processing /usr/local/lib/python3.6/dist-packages/airflow/example_dags/example_xcomargs.py took 0.054 seconds
[2021-09-30 07:44:50,944] {scheduler_job.py:182} INFO - Started process (PID=270) to work on /usr/local/lib/python3.6/dist-packages/airflow/example_dags/example_xcomargs.py
[2021-09-30 07:44:50,945] {scheduler_job.py:629} INFO - Processing file /usr/local/lib/python3.6/dist-packages/airflow/example_dags/example_xcomargs.py for tasks to queue
[2021-09-30 07:44:50,945] {logging_mixin.py:104} INFO - [2021-09-30 07:44:50,945] {dagbag.py:451} INFO - Filling up the DagBag from /usr/local/lib/python3.6/dist-packages/airflow/example_dags/example_xcomargs.py
[2021-09-30 07:44:50,956] {scheduler_job.py:639} INFO - DAG(s) dict_keys(['example_xcom_args', 'example_xcom_args_with_operators']) retrieved from /usr/local/lib/python3.6/dist-packages/airflow/example_dags/example_xcomargs.py
[2021-09-30 07:44:50,977] {logging_mixin.py:104} INFO - [2021-09-30 07:44:50,977] {dag.py:1824} INFO - Sync 2 DAGs
[2021-09-30 07:44:50,990] {logging_mixin.py:104} INFO - [2021-09-30 07:44:50,990] {dag.py:2280} INFO - Setting next_dagrun for example_xcom_args to None
[2021-09-30 07:44:50,991] {logging_mixin.py:104} INFO - [2021-09-30 07:44:50,990] {dag.py:2280} INFO - Setting next_dagrun for example_xcom_args_with_operators to None
[2021-09-30 07:44:51,001] {scheduler_job.py:190} INFO - Processing /usr/local/lib/python3.6/dist-packages/airflow/example_dags/example_xcomargs.py took 0.059 seconds
[2021-09-30 07:45:21,342] {scheduler_job.py:182} INFO - Started process (PID=348) to work on /usr/local/lib/python3.6/dist-packages/airflow/example_dags/example_xcomargs.py
[2021-09-30 07:45:21,343] {scheduler_job.py:629} INFO - Processing file /usr/local/lib/python3.6/dist-packages/airflow/example_dags/example_xcomargs.py for tasks to queue
[2021-09-30 07:45:21,344] {logging_mixin.py:104} INFO - [2021-09-30 07:45:21,344] {dagbag.py:451} INFO - Filling up the DagBag from /usr/local/lib/python3.6/dist-packages/airflow/example_dags/example_xcomargs.py
[2021-09-30 07:45:21,355] {scheduler_job.py:639} INFO - DAG(s) dict_keys(['example_xcom_args', 'example_xcom_args_with_operators']) retrieved from /usr/local/lib/python3.6/dist-packages/airflow/example_dags/example_xcomargs.py
[2021-09-30 07:45:21,380] {logging_mixin.py:104} INFO - [2021-09-30 07:45:21,380] {dag.py:1824} INFO - Sync 2 DAGs
[2021-09-30 07:45:21,394] {logging_mixin.py:104} INFO - [2021-09-30 07:45:21,394] {dag.py:2280} INFO - Setting next_dagrun for example_xcom_args to None
[2021-09-30 07:45:21,395] {logging_mixin.py:104} INFO - [2021-09-30 07:45:21,395] {dag.py:2280} INFO - Setting next_dagrun for example_xcom_args_with_operators to None
[2021-09-30 07:45:21,406] {scheduler_job.py:190} INFO - Processing /usr/local/lib/python3.6/dist-packages/airflow/example_dags/example_xcomargs.py took 0.067 seconds
[2021-09-30 07:45:51,935] {scheduler_job.py:182} INFO - Started process (PID=422) to work on /usr/local/lib/python3.6/dist-packages/airflow/example_dags/example_xcomargs.py
[2021-09-30 07:45:51,935] {scheduler_job.py:629} INFO - Processing file /usr/local/lib/python3.6/dist-packages/airflow/example_dags/example_xcomargs.py for tasks to queue
[2021-09-30 07:45:51,936] {logging_mixin.py:104} INFO - [2021-09-30 07:45:51,936] {dagbag.py:451} INFO - Filling up the DagBag from /usr/local/lib/python3.6/dist-packages/airflow/example_dags/example_xcomargs.py
[2021-09-30 07:45:51,951] {scheduler_job.py:639} INFO - DAG(s) dict_keys(['example_xcom_args', 'example_xcom_args_with_operators']) retrieved from /usr/local/lib/python3.6/dist-packages/airflow/example_dags/example_xcomargs.py
[2021-09-30 07:45:51,977] {logging_mixin.py:104} INFO - [2021-09-30 07:45:51,977] {dag.py:1824} INFO - Sync 2 DAGs
[2021-09-30 07:45:51,990] {logging_mixin.py:104} INFO - [2021-09-30 07:45:51,990] {dag.py:2280} INFO - Setting next_dagrun for example_xcom_args to None
[2021-09-30 07:45:51,990] {logging_mixin.py:104} INFO - [2021-09-30 07:45:51,990] {dag.py:2280} INFO - Setting next_dagrun for example_xcom_args_with_operators to None
[2021-09-30 07:45:51,999] {scheduler_job.py:190} INFO - Processing /usr/local/lib/python3.6/dist-packages/airflow/example_dags/example_xcomargs.py took 0.067 seconds
[2021-09-30 07:46:22,287] {scheduler_job.py:182} INFO - Started process (PID=505) to work on /usr/local/lib/python3.6/dist-packages/airflow/example_dags/example_xcomargs.py
[2021-09-30 07:46:22,288] {scheduler_job.py:629} INFO - Processing file /usr/local/lib/python3.6/dist-packages/airflow/example_dags/example_xcomargs.py for tasks to queue
[2021-09-30 07:46:22,289] {logging_mixin.py:104} INFO - [2021-09-30 07:46:22,289] {dagbag.py:451} INFO - Filling up the DagBag from /usr/local/lib/python3.6/dist-packages/airflow/example_dags/example_xcomargs.py
[2021-09-30 07:46:22,300] {scheduler_job.py:639} INFO - DAG(s) dict_keys(['example_xcom_args', 'example_xcom_args_with_operators']) retrieved from /usr/local/lib/python3.6/dist-packages/airflow/example_dags/example_xcomargs.py
[2021-09-30 07:46:22,323] {logging_mixin.py:104} INFO - [2021-09-30 07:46:22,323] {dag.py:1824} INFO - Sync 2 DAGs
[2021-09-30 07:46:22,337] {logging_mixin.py:104} INFO - [2021-09-30 07:46:22,337] {dag.py:2280} INFO - Setting next_dagrun for example_xcom_args to None
[2021-09-30 07:46:22,338] {logging_mixin.py:104} INFO - [2021-09-30 07:46:22,338] {dag.py:2280} INFO - Setting next_dagrun for example_xcom_args_with_operators to None
[2021-09-30 07:46:22,347] {scheduler_job.py:190} INFO - Processing /usr/local/lib/python3.6/dist-packages/airflow/example_dags/example_xcomargs.py took 0.062 seconds
[2021-09-30 07:46:52,509] {scheduler_job.py:182} INFO - Started process (PID=581) to work on /usr/local/lib/python3.6/dist-packages/airflow/example_dags/example_xcomargs.py
[2021-09-30 07:46:52,510] {scheduler_job.py:629} INFO - Processing file /usr/local/lib/python3.6/dist-packages/airflow/example_dags/example_xcomargs.py for tasks to queue
[2021-09-30 07:46:52,510] {logging_mixin.py:104} INFO - [2021-09-30 07:46:52,510] {dagbag.py:451} INFO - Filling up the DagBag from /usr/local/lib/python3.6/dist-packages/airflow/example_dags/example_xcomargs.py
[2021-09-30 07:46:52,520] {scheduler_job.py:639} INFO - DAG(s) dict_keys(['example_xcom_args', 'example_xcom_args_with_operators']) retrieved from /usr/local/lib/python3.6/dist-packages/airflow/example_dags/example_xcomargs.py
[2021-09-30 07:46:52,541] {logging_mixin.py:104} INFO - [2021-09-30 07:46:52,541] {dag.py:1824} INFO - Sync 2 DAGs
[2021-09-30 07:46:52,553] {logging_mixin.py:104} INFO - [2021-09-30 07:46:52,553] {dag.py:2280} INFO - Setting next_dagrun for example_xcom_args to None
[2021-09-30 07:46:52,553] {logging_mixin.py:104} INFO - [2021-09-30 07:46:52,553] {dag.py:2280} INFO - Setting next_dagrun for example_xcom_args_with_operators to None
[2021-09-30 07:46:52,564] {scheduler_job.py:190} INFO - Processing /usr/local/lib/python3.6/dist-packages/airflow/example_dags/example_xcomargs.py took 0.057 seconds
[2021-09-30 07:47:22,956] {scheduler_job.py:182} INFO - Started process (PID=656) to work on /usr/local/lib/python3.6/dist-packages/airflow/example_dags/example_xcomargs.py
[2021-09-30 07:47:22,957] {scheduler_job.py:629} INFO - Processing file /usr/local/lib/python3.6/dist-packages/airflow/example_dags/example_xcomargs.py for tasks to queue
[2021-09-30 07:47:22,957] {logging_mixin.py:104} INFO - [2021-09-30 07:47:22,957] {dagbag.py:451} INFO - Filling up the DagBag from /usr/local/lib/python3.6/dist-packages/airflow/example_dags/example_xcomargs.py
[2021-09-30 07:47:22,970] {scheduler_job.py:639} INFO - DAG(s) dict_keys(['example_xcom_args', 'example_xcom_args_with_operators']) retrieved from /usr/local/lib/python3.6/dist-packages/airflow/example_dags/example_xcomargs.py
[2021-09-30 07:47:22,996] {logging_mixin.py:104} INFO - [2021-09-30 07:47:22,996] {dag.py:1824} INFO - Sync 2 DAGs
[2021-09-30 07:47:23,009] {logging_mixin.py:104} INFO - [2021-09-30 07:47:23,009] {dag.py:2280} INFO - Setting next_dagrun for example_xcom_args to None
[2021-09-30 07:47:23,010] {logging_mixin.py:104} INFO - [2021-09-30 07:47:23,010] {dag.py:2280} INFO - Setting next_dagrun for example_xcom_args_with_operators to None
[2021-09-30 07:47:23,019] {scheduler_job.py:190} INFO - Processing /usr/local/lib/python3.6/dist-packages/airflow/example_dags/example_xcomargs.py took 0.066 seconds
[2021-09-30 07:47:53,082] {scheduler_job.py:182} INFO - Started process (PID=730) to work on /usr/local/lib/python3.6/dist-packages/airflow/example_dags/example_xcomargs.py
[2021-09-30 07:47:53,083] {scheduler_job.py:629} INFO - Processing file /usr/local/lib/python3.6/dist-packages/airflow/example_dags/example_xcomargs.py for tasks to queue
[2021-09-30 07:47:53,084] {logging_mixin.py:104} INFO - [2021-09-30 07:47:53,084] {dagbag.py:451} INFO - Filling up the DagBag from /usr/local/lib/python3.6/dist-packages/airflow/example_dags/example_xcomargs.py
[2021-09-30 07:47:53,094] {scheduler_job.py:639} INFO - DAG(s) dict_keys(['example_xcom_args', 'example_xcom_args_with_operators']) retrieved from /usr/local/lib/python3.6/dist-packages/airflow/example_dags/example_xcomargs.py
[2021-09-30 07:47:53,119] {logging_mixin.py:104} INFO - [2021-09-30 07:47:53,119] {dag.py:1824} INFO - Sync 2 DAGs
[2021-09-30 07:47:53,134] {logging_mixin.py:104} INFO - [2021-09-30 07:47:53,134] {dag.py:2280} INFO - Setting next_dagrun for example_xcom_args to None
[2021-09-30 07:47:53,135] {logging_mixin.py:104} INFO - [2021-09-30 07:47:53,135] {dag.py:2280} INFO - Setting next_dagrun for example_xcom_args_with_operators to None
[2021-09-30 07:47:53,146] {scheduler_job.py:190} INFO - Processing /usr/local/lib/python3.6/dist-packages/airflow/example_dags/example_xcomargs.py took 0.066 seconds
[2021-09-30 07:48:23,328] {scheduler_job.py:182} INFO - Started process (PID=804) to work on /usr/local/lib/python3.6/dist-packages/airflow/example_dags/example_xcomargs.py
[2021-09-30 07:48:23,329] {scheduler_job.py:629} INFO - Processing file /usr/local/lib/python3.6/dist-packages/airflow/example_dags/example_xcomargs.py for tasks to queue
[2021-09-30 07:48:23,330] {logging_mixin.py:104} INFO - [2021-09-30 07:48:23,329] {dagbag.py:451} INFO - Filling up the DagBag from /usr/local/lib/python3.6/dist-packages/airflow/example_dags/example_xcomargs.py
[2021-09-30 07:48:23,341] {scheduler_job.py:639} INFO - DAG(s) dict_keys(['example_xcom_args', 'example_xcom_args_with_operators']) retrieved from /usr/local/lib/python3.6/dist-packages/airflow/example_dags/example_xcomargs.py
[2021-09-30 07:48:23,364] {logging_mixin.py:104} INFO - [2021-09-30 07:48:23,364] {dag.py:1824} INFO - Sync 2 DAGs
[2021-09-30 07:48:23,379] {logging_mixin.py:104} INFO - [2021-09-30 07:48:23,379] {dag.py:2280} INFO - Setting next_dagrun for example_xcom_args to None
[2021-09-30 07:48:23,380] {logging_mixin.py:104} INFO - [2021-09-30 07:48:23,380] {dag.py:2280} INFO - Setting next_dagrun for example_xcom_args_with_operators to None
[2021-09-30 07:48:23,391] {scheduler_job.py:190} INFO - Processing /usr/local/lib/python3.6/dist-packages/airflow/example_dags/example_xcomargs.py took 0.065 seconds
[2021-09-30 07:48:53,457] {scheduler_job.py:182} INFO - Started process (PID=879) to work on /usr/local/lib/python3.6/dist-packages/airflow/example_dags/example_xcomargs.py
[2021-09-30 07:48:53,457] {scheduler_job.py:629} INFO - Processing file /usr/local/lib/python3.6/dist-packages/airflow/example_dags/example_xcomargs.py for tasks to queue
[2021-09-30 07:48:53,458] {logging_mixin.py:104} INFO - [2021-09-30 07:48:53,458] {dagbag.py:451} INFO - Filling up the DagBag from /usr/local/lib/python3.6/dist-packages/airflow/example_dags/example_xcomargs.py
[2021-09-30 07:48:53,468] {scheduler_job.py:639} INFO - DAG(s) dict_keys(['example_xcom_args', 'example_xcom_args_with_operators']) retrieved from /usr/local/lib/python3.6/dist-packages/airflow/example_dags/example_xcomargs.py
[2021-09-30 07:48:53,489] {logging_mixin.py:104} INFO - [2021-09-30 07:48:53,489] {dag.py:1824} INFO - Sync 2 DAGs
[2021-09-30 07:48:53,500] {logging_mixin.py:104} INFO - [2021-09-30 07:48:53,500] {dag.py:2280} INFO - Setting next_dagrun for example_xcom_args to None
[2021-09-30 07:48:53,501] {logging_mixin.py:104} INFO - [2021-09-30 07:48:53,501] {dag.py:2280} INFO - Setting next_dagrun for example_xcom_args_with_operators to None
[2021-09-30 07:48:53,509] {scheduler_job.py:190} INFO - Processing /usr/local/lib/python3.6/dist-packages/airflow/example_dags/example_xcomargs.py took 0.055 seconds
[2021-09-30 07:49:23,751] {scheduler_job.py:182} INFO - Started process (PID=954) to work on /usr/local/lib/python3.6/dist-packages/airflow/example_dags/example_xcomargs.py
[2021-09-30 07:49:23,751] {scheduler_job.py:629} INFO - Processing file /usr/local/lib/python3.6/dist-packages/airflow/example_dags/example_xcomargs.py for tasks to queue
[2021-09-30 07:49:23,752] {logging_mixin.py:104} INFO - [2021-09-30 07:49:23,752] {dagbag.py:451} INFO - Filling up the DagBag from /usr/local/lib/python3.6/dist-packages/airflow/example_dags/example_xcomargs.py
[2021-09-30 07:49:23,762] {scheduler_job.py:639} INFO - DAG(s) dict_keys(['example_xcom_args', 'example_xcom_args_with_operators']) retrieved from /usr/local/lib/python3.6/dist-packages/airflow/example_dags/example_xcomargs.py
[2021-09-30 07:49:23,783] {logging_mixin.py:104} INFO - [2021-09-30 07:49:23,782] {dag.py:1824} INFO - Sync 2 DAGs
[2021-09-30 07:49:23,794] {logging_mixin.py:104} INFO - [2021-09-30 07:49:23,794] {dag.py:2280} INFO - Setting next_dagrun for example_xcom_args to None
[2021-09-30 07:49:23,794] {logging_mixin.py:104} INFO - [2021-09-30 07:49:23,794] {dag.py:2280} INFO - Setting next_dagrun for example_xcom_args_with_operators to None
[2021-09-30 07:49:23,803] {scheduler_job.py:190} INFO - Processing /usr/local/lib/python3.6/dist-packages/airflow/example_dags/example_xcomargs.py took 0.054 seconds
[2021-09-30 07:49:54,034] {scheduler_job.py:182} INFO - Started process (PID=1028) to work on /usr/local/lib/python3.6/dist-packages/airflow/example_dags/example_xcomargs.py
[2021-09-30 07:49:54,035] {scheduler_job.py:629} INFO - Processing file /usr/local/lib/python3.6/dist-packages/airflow/example_dags/example_xcomargs.py for tasks to queue
[2021-09-30 07:49:54,036] {logging_mixin.py:104} INFO - [2021-09-30 07:49:54,035] {dagbag.py:451} INFO - Filling up the DagBag from /usr/local/lib/python3.6/dist-packages/airflow/example_dags/example_xcomargs.py
[2021-09-30 07:49:54,046] {scheduler_job.py:639} INFO - DAG(s) dict_keys(['example_xcom_args', 'example_xcom_args_with_operators']) retrieved from /usr/local/lib/python3.6/dist-packages/airflow/example_dags/example_xcomargs.py
[2021-09-30 07:49:54,070] {logging_mixin.py:104} INFO - [2021-09-30 07:49:54,070] {dag.py:1824} INFO - Sync 2 DAGs
[2021-09-30 07:49:54,083] {logging_mixin.py:104} INFO - [2021-09-30 07:49:54,083] {dag.py:2280} INFO - Setting next_dagrun for example_xcom_args to None
[2021-09-30 07:49:54,084] {logging_mixin.py:104} INFO - [2021-09-30 07:49:54,084] {dag.py:2280} INFO - Setting next_dagrun for example_xcom_args_with_operators to None
[2021-09-30 07:49:54,095] {scheduler_job.py:190} INFO - Processing /usr/local/lib/python3.6/dist-packages/airflow/example_dags/example_xcomargs.py took 0.062 seconds
[2021-09-30 07:50:24,191] {scheduler_job.py:182} INFO - Started process (PID=1103) to work on /usr/local/lib/python3.6/dist-packages/airflow/example_dags/example_xcomargs.py
[2021-09-30 07:50:24,192] {scheduler_job.py:629} INFO - Processing file /usr/local/lib/python3.6/dist-packages/airflow/example_dags/example_xcomargs.py for tasks to queue
[2021-09-30 07:50:24,192] {logging_mixin.py:104} INFO - [2021-09-30 07:50:24,192] {dagbag.py:451} INFO - Filling up the DagBag from /usr/local/lib/python3.6/dist-packages/airflow/example_dags/example_xcomargs.py
[2021-09-30 07:50:24,203] {scheduler_job.py:639} INFO - DAG(s) dict_keys(['example_xcom_args', 'example_xcom_args_with_operators']) retrieved from /usr/local/lib/python3.6/dist-packages/airflow/example_dags/example_xcomargs.py
[2021-09-30 07:50:24,225] {logging_mixin.py:104} INFO - [2021-09-30 07:50:24,224] {dag.py:1824} INFO - Sync 2 DAGs
[2021-09-30 07:50:24,237] {logging_mixin.py:104} INFO - [2021-09-30 07:50:24,237] {dag.py:2280} INFO - Setting next_dagrun for example_xcom_args to None
[2021-09-30 07:50:24,238] {logging_mixin.py:104} INFO - [2021-09-30 07:50:24,238] {dag.py:2280} INFO - Setting next_dagrun for example_xcom_args_with_operators to None
[2021-09-30 07:50:24,249] {scheduler_job.py:190} INFO - Processing /usr/local/lib/python3.6/dist-packages/airflow/example_dags/example_xcomargs.py took 0.061 seconds
[2021-09-30 07:50:54,345] {scheduler_job.py:182} INFO - Started process (PID=1177) to work on /usr/local/lib/python3.6/dist-packages/airflow/example_dags/example_xcomargs.py
[2021-09-30 07:50:54,346] {scheduler_job.py:629} INFO - Processing file /usr/local/lib/python3.6/dist-packages/airflow/example_dags/example_xcomargs.py for tasks to queue
[2021-09-30 07:50:54,347] {logging_mixin.py:104} INFO - [2021-09-30 07:50:54,347] {dagbag.py:451} INFO - Filling up the DagBag from /usr/local/lib/python3.6/dist-packages/airflow/example_dags/example_xcomargs.py
[2021-09-30 07:50:54,359] {scheduler_job.py:639} INFO - DAG(s) dict_keys(['example_xcom_args', 'example_xcom_args_with_operators']) retrieved from /usr/local/lib/python3.6/dist-packages/airflow/example_dags/example_xcomargs.py
[2021-09-30 07:50:54,381] {logging_mixin.py:104} INFO - [2021-09-30 07:50:54,380] {dag.py:1824} INFO - Sync 2 DAGs
[2021-09-30 07:50:54,393] {logging_mixin.py:104} INFO - [2021-09-30 07:50:54,392] {dag.py:2280} INFO - Setting next_dagrun for example_xcom_args to None
[2021-09-30 07:50:54,393] {logging_mixin.py:104} INFO - [2021-09-30 07:50:54,393] {dag.py:2280} INFO - Setting next_dagrun for example_xcom_args_with_operators to None
[2021-09-30 07:50:54,403] {scheduler_job.py:190} INFO - Processing /usr/local/lib/python3.6/dist-packages/airflow/example_dags/example_xcomargs.py took 0.060 seconds
[2021-09-30 07:51:24,581] {scheduler_job.py:182} INFO - Started process (PID=1250) to work on /usr/local/lib/python3.6/dist-packages/airflow/example_dags/example_xcomargs.py
[2021-09-30 07:51:24,582] {scheduler_job.py:629} INFO - Processing file /usr/local/lib/python3.6/dist-packages/airflow/example_dags/example_xcomargs.py for tasks to queue
[2021-09-30 07:51:24,582] {logging_mixin.py:104} INFO - [2021-09-30 07:51:24,582] {dagbag.py:451} INFO - Filling up the DagBag from /usr/local/lib/python3.6/dist-packages/airflow/example_dags/example_xcomargs.py
[2021-09-30 07:51:24,592] {scheduler_job.py:639} INFO - DAG(s) dict_keys(['example_xcom_args', 'example_xcom_args_with_operators']) retrieved from /usr/local/lib/python3.6/dist-packages/airflow/example_dags/example_xcomargs.py
[2021-09-30 07:51:24,617] {logging_mixin.py:104} INFO - [2021-09-30 07:51:24,617] {dag.py:1824} INFO - Sync 2 DAGs
[2021-09-30 07:51:24,634] {logging_mixin.py:104} INFO - [2021-09-30 07:51:24,634] {dag.py:2280} INFO - Setting next_dagrun for example_xcom_args to None
[2021-09-30 07:51:24,635] {logging_mixin.py:104} INFO - [2021-09-30 07:51:24,635] {dag.py:2280} INFO - Setting next_dagrun for example_xcom_args_with_operators to None
[2021-09-30 07:51:24,645] {scheduler_job.py:190} INFO - Processing /usr/local/lib/python3.6/dist-packages/airflow/example_dags/example_xcomargs.py took 0.066 seconds
[2021-09-30 07:51:55,690] {scheduler_job.py:182} INFO - Started process (PID=1330) to work on /usr/local/lib/python3.6/dist-packages/airflow/example_dags/example_xcomargs.py
[2021-09-30 07:51:55,692] {scheduler_job.py:629} INFO - Processing file /usr/local/lib/python3.6/dist-packages/airflow/example_dags/example_xcomargs.py for tasks to queue
[2021-09-30 07:51:55,692] {logging_mixin.py:104} INFO - [2021-09-30 07:51:55,692] {dagbag.py:451} INFO - Filling up the DagBag from /usr/local/lib/python3.6/dist-packages/airflow/example_dags/example_xcomargs.py
[2021-09-30 07:51:55,703] {scheduler_job.py:639} INFO - DAG(s) dict_keys(['example_xcom_args', 'example_xcom_args_with_operators']) retrieved from /usr/local/lib/python3.6/dist-packages/airflow/example_dags/example_xcomargs.py
[2021-09-30 07:51:55,721] {logging_mixin.py:104} INFO - [2021-09-30 07:51:55,721] {dag.py:1824} INFO - Sync 2 DAGs
[2021-09-30 07:51:55,735] {logging_mixin.py:104} INFO - [2021-09-30 07:51:55,735] {dag.py:2280} INFO - Setting next_dagrun for example_xcom_args to None
[2021-09-30 07:51:55,735] {logging_mixin.py:104} INFO - [2021-09-30 07:51:55,735] {dag.py:2280} INFO - Setting next_dagrun for example_xcom_args_with_operators to None
[2021-09-30 07:51:55,743] {scheduler_job.py:190} INFO - Processing /usr/local/lib/python3.6/dist-packages/airflow/example_dags/example_xcomargs.py took 0.054 seconds
[2021-09-30 07:52:26,620] {scheduler_job.py:182} INFO - Started process (PID=1390) to work on /usr/local/lib/python3.6/dist-packages/airflow/example_dags/example_xcomargs.py
[2021-09-30 07:52:26,621] {scheduler_job.py:629} INFO - Processing file /usr/local/lib/python3.6/dist-packages/airflow/example_dags/example_xcomargs.py for tasks to queue
[2021-09-30 07:52:26,622] {logging_mixin.py:104} INFO - [2021-09-30 07:52:26,621] {dagbag.py:451} INFO - Filling up the DagBag from /usr/local/lib/python3.6/dist-packages/airflow/example_dags/example_xcomargs.py
[2021-09-30 07:52:26,632] {scheduler_job.py:639} INFO - DAG(s) dict_keys(['example_xcom_args', 'example_xcom_args_with_operators']) retrieved from /usr/local/lib/python3.6/dist-packages/airflow/example_dags/example_xcomargs.py
[2021-09-30 07:52:26,654] {logging_mixin.py:104} INFO - [2021-09-30 07:52:26,653] {dag.py:1824} INFO - Sync 2 DAGs
[2021-09-30 07:52:26,670] {logging_mixin.py:104} INFO - [2021-09-30 07:52:26,670] {dag.py:2280} INFO - Setting next_dagrun for example_xcom_args to None
[2021-09-30 07:52:26,671] {logging_mixin.py:104} INFO - [2021-09-30 07:52:26,671] {dag.py:2280} INFO - Setting next_dagrun for example_xcom_args_with_operators to None
[2021-09-30 07:52:26,682] {scheduler_job.py:190} INFO - Processing /usr/local/lib/python3.6/dist-packages/airflow/example_dags/example_xcomargs.py took 0.064 seconds
[2021-09-30 07:52:57,329] {scheduler_job.py:182} INFO - Started process (PID=1465) to work on /usr/local/lib/python3.6/dist-packages/airflow/example_dags/example_xcomargs.py
[2021-09-30 07:52:57,329] {scheduler_job.py:629} INFO - Processing file /usr/local/lib/python3.6/dist-packages/airflow/example_dags/example_xcomargs.py for tasks to queue
[2021-09-30 07:52:57,330] {logging_mixin.py:104} INFO - [2021-09-30 07:52:57,330] {dagbag.py:451} INFO - Filling up the DagBag from /usr/local/lib/python3.6/dist-packages/airflow/example_dags/example_xcomargs.py
[2021-09-30 07:52:57,343] {scheduler_job.py:639} INFO - DAG(s) dict_keys(['example_xcom_args', 'example_xcom_args_with_operators']) retrieved from /usr/local/lib/python3.6/dist-packages/airflow/example_dags/example_xcomargs.py
[2021-09-30 07:52:57,366] {logging_mixin.py:104} INFO - [2021-09-30 07:52:57,366] {dag.py:1824} INFO - Sync 2 DAGs
[2021-09-30 07:52:57,381] {logging_mixin.py:104} INFO - [2021-09-30 07:52:57,381] {dag.py:2280} INFO - Setting next_dagrun for example_xcom_args to None
[2021-09-30 07:52:57,382] {logging_mixin.py:104} INFO - [2021-09-30 07:52:57,382] {dag.py:2280} INFO - Setting next_dagrun for example_xcom_args_with_operators to None
[2021-09-30 07:52:57,390] {scheduler_job.py:190} INFO - Processing /usr/local/lib/python3.6/dist-packages/airflow/example_dags/example_xcomargs.py took 0.064 seconds
[2021-09-30 07:53:27,429] {scheduler_job.py:182} INFO - Started process (PID=1539) to work on /usr/local/lib/python3.6/dist-packages/airflow/example_dags/example_xcomargs.py
[2021-09-30 07:53:27,430] {scheduler_job.py:629} INFO - Processing file /usr/local/lib/python3.6/dist-packages/airflow/example_dags/example_xcomargs.py for tasks to queue
[2021-09-30 07:53:27,430] {logging_mixin.py:104} INFO - [2021-09-30 07:53:27,430] {dagbag.py:451} INFO - Filling up the DagBag from /usr/local/lib/python3.6/dist-packages/airflow/example_dags/example_xcomargs.py
[2021-09-30 07:53:27,441] {scheduler_job.py:639} INFO - DAG(s) dict_keys(['example_xcom_args', 'example_xcom_args_with_operators']) retrieved from /usr/local/lib/python3.6/dist-packages/airflow/example_dags/example_xcomargs.py
[2021-09-30 07:53:27,463] {logging_mixin.py:104} INFO - [2021-09-30 07:53:27,463] {dag.py:1824} INFO - Sync 2 DAGs
[2021-09-30 07:53:27,476] {logging_mixin.py:104} INFO - [2021-09-30 07:53:27,476] {dag.py:2280} INFO - Setting next_dagrun for example_xcom_args to None
[2021-09-30 07:53:27,477] {logging_mixin.py:104} INFO - [2021-09-30 07:53:27,477] {dag.py:2280} INFO - Setting next_dagrun for example_xcom_args_with_operators to None
[2021-09-30 07:53:27,487] {scheduler_job.py:190} INFO - Processing /usr/local/lib/python3.6/dist-packages/airflow/example_dags/example_xcomargs.py took 0.060 seconds
[2021-09-30 07:53:57,628] {scheduler_job.py:182} INFO - Started process (PID=1611) to work on /usr/local/lib/python3.6/dist-packages/airflow/example_dags/example_xcomargs.py
[2021-09-30 07:53:57,629] {scheduler_job.py:629} INFO - Processing file /usr/local/lib/python3.6/dist-packages/airflow/example_dags/example_xcomargs.py for tasks to queue
[2021-09-30 07:53:57,629] {logging_mixin.py:104} INFO - [2021-09-30 07:53:57,629] {dagbag.py:451} INFO - Filling up the DagBag from /usr/local/lib/python3.6/dist-packages/airflow/example_dags/example_xcomargs.py
[2021-09-30 07:53:57,640] {scheduler_job.py:639} INFO - DAG(s) dict_keys(['example_xcom_args', 'example_xcom_args_with_operators']) retrieved from /usr/local/lib/python3.6/dist-packages/airflow/example_dags/example_xcomargs.py
[2021-09-30 07:53:57,665] {logging_mixin.py:104} INFO - [2021-09-30 07:53:57,664] {dag.py:1824} INFO - Sync 2 DAGs
[2021-09-30 07:53:57,683] {logging_mixin.py:104} INFO - [2021-09-30 07:53:57,683] {dag.py:2280} INFO - Setting next_dagrun for example_xcom_args to None
[2021-09-30 07:53:57,684] {logging_mixin.py:104} INFO - [2021-09-30 07:53:57,684] {dag.py:2280} INFO - Setting next_dagrun for example_xcom_args_with_operators to None
[2021-09-30 07:53:57,695] {scheduler_job.py:190} INFO - Processing /usr/local/lib/python3.6/dist-packages/airflow/example_dags/example_xcomargs.py took 0.069 seconds
[2021-09-30 07:54:28,167] {scheduler_job.py:182} INFO - Started process (PID=1690) to work on /usr/local/lib/python3.6/dist-packages/airflow/example_dags/example_xcomargs.py
[2021-09-30 07:54:28,168] {scheduler_job.py:629} INFO - Processing file /usr/local/lib/python3.6/dist-packages/airflow/example_dags/example_xcomargs.py for tasks to queue
[2021-09-30 07:54:28,168] {logging_mixin.py:104} INFO - [2021-09-30 07:54:28,168] {dagbag.py:451} INFO - Filling up the DagBag from /usr/local/lib/python3.6/dist-packages/airflow/example_dags/example_xcomargs.py
[2021-09-30 07:54:28,180] {scheduler_job.py:639} INFO - DAG(s) dict_keys(['example_xcom_args', 'example_xcom_args_with_operators']) retrieved from /usr/local/lib/python3.6/dist-packages/airflow/example_dags/example_xcomargs.py
[2021-09-30 07:54:28,203] {logging_mixin.py:104} INFO - [2021-09-30 07:54:28,203] {dag.py:1824} INFO - Sync 2 DAGs
[2021-09-30 07:54:28,216] {logging_mixin.py:104} INFO - [2021-09-30 07:54:28,216] {dag.py:2280} INFO - Setting next_dagrun for example_xcom_args to None
[2021-09-30 07:54:28,217] {logging_mixin.py:104} INFO - [2021-09-30 07:54:28,217] {dag.py:2280} INFO - Setting next_dagrun for example_xcom_args_with_operators to None
[2021-09-30 07:54:28,228] {scheduler_job.py:190} INFO - Processing /usr/local/lib/python3.6/dist-packages/airflow/example_dags/example_xcomargs.py took 0.064 seconds
[2021-09-30 07:54:58,443] {scheduler_job.py:182} INFO - Started process (PID=1765) to work on /usr/local/lib/python3.6/dist-packages/airflow/example_dags/example_xcomargs.py
[2021-09-30 07:54:58,444] {scheduler_job.py:629} INFO - Processing file /usr/local/lib/python3.6/dist-packages/airflow/example_dags/example_xcomargs.py for tasks to queue
[2021-09-30 07:54:58,445] {logging_mixin.py:104} INFO - [2021-09-30 07:54:58,444] {dagbag.py:451} INFO - Filling up the DagBag from /usr/local/lib/python3.6/dist-packages/airflow/example_dags/example_xcomargs.py
[2021-09-30 07:54:58,458] {scheduler_job.py:639} INFO - DAG(s) dict_keys(['example_xcom_args', 'example_xcom_args_with_operators']) retrieved from /usr/local/lib/python3.6/dist-packages/airflow/example_dags/example_xcomargs.py
[2021-09-30 07:54:58,484] {logging_mixin.py:104} INFO - [2021-09-30 07:54:58,483] {dag.py:1824} INFO - Sync 2 DAGs
[2021-09-30 07:54:58,496] {logging_mixin.py:104} INFO - [2021-09-30 07:54:58,496] {dag.py:2280} INFO - Setting next_dagrun for example_xcom_args to None
[2021-09-30 07:54:58,497] {logging_mixin.py:104} INFO - [2021-09-30 07:54:58,497] {dag.py:2280} INFO - Setting next_dagrun for example_xcom_args_with_operators to None
[2021-09-30 07:54:58,506] {scheduler_job.py:190} INFO - Processing /usr/local/lib/python3.6/dist-packages/airflow/example_dags/example_xcomargs.py took 0.065 seconds
[2021-09-30 07:55:28,741] {scheduler_job.py:182} INFO - Started process (PID=1839) to work on /usr/local/lib/python3.6/dist-packages/airflow/example_dags/example_xcomargs.py
[2021-09-30 07:55:28,741] {scheduler_job.py:629} INFO - Processing file /usr/local/lib/python3.6/dist-packages/airflow/example_dags/example_xcomargs.py for tasks to queue
[2021-09-30 07:55:28,742] {logging_mixin.py:104} INFO - [2021-09-30 07:55:28,742] {dagbag.py:451} INFO - Filling up the DagBag from /usr/local/lib/python3.6/dist-packages/airflow/example_dags/example_xcomargs.py
[2021-09-30 07:55:28,754] {scheduler_job.py:639} INFO - DAG(s) dict_keys(['example_xcom_args', 'example_xcom_args_with_operators']) retrieved from /usr/local/lib/python3.6/dist-packages/airflow/example_dags/example_xcomargs.py
[2021-09-30 07:55:28,777] {logging_mixin.py:104} INFO - [2021-09-30 07:55:28,777] {dag.py:1824} INFO - Sync 2 DAGs
[2021-09-30 07:55:28,790] {logging_mixin.py:104} INFO - [2021-09-30 07:55:28,790] {dag.py:2280} INFO - Setting next_dagrun for example_xcom_args to None
[2021-09-30 07:55:28,791] {logging_mixin.py:104} INFO - [2021-09-30 07:55:28,791] {dag.py:2280} INFO - Setting next_dagrun for example_xcom_args_with_operators to None
[2021-09-30 07:55:28,800] {scheduler_job.py:190} INFO - Processing /usr/local/lib/python3.6/dist-packages/airflow/example_dags/example_xcomargs.py took 0.062 seconds
[2021-09-30 07:55:58,973] {scheduler_job.py:182} INFO - Started process (PID=1917) to work on /usr/local/lib/python3.6/dist-packages/airflow/example_dags/example_xcomargs.py
[2021-09-30 07:55:58,974] {scheduler_job.py:629} INFO - Processing file /usr/local/lib/python3.6/dist-packages/airflow/example_dags/example_xcomargs.py for tasks to queue
[2021-09-30 07:55:58,975] {logging_mixin.py:104} INFO - [2021-09-30 07:55:58,974] {dagbag.py:451} INFO - Filling up the DagBag from /usr/local/lib/python3.6/dist-packages/airflow/example_dags/example_xcomargs.py
[2021-09-30 07:55:58,986] {scheduler_job.py:639} INFO - DAG(s) dict_keys(['example_xcom_args', 'example_xcom_args_with_operators']) retrieved from /usr/local/lib/python3.6/dist-packages/airflow/example_dags/example_xcomargs.py
[2021-09-30 07:55:59,007] {logging_mixin.py:104} INFO - [2021-09-30 07:55:59,007] {dag.py:1824} INFO - Sync 2 DAGs
[2021-09-30 07:55:59,020] {logging_mixin.py:104} INFO - [2021-09-30 07:55:59,020] {dag.py:2280} INFO - Setting next_dagrun for example_xcom_args to None
[2021-09-30 07:55:59,021] {logging_mixin.py:104} INFO - [2021-09-30 07:55:59,021] {dag.py:2280} INFO - Setting next_dagrun for example_xcom_args_with_operators to None
[2021-09-30 07:55:59,029] {scheduler_job.py:190} INFO - Processing /usr/local/lib/python3.6/dist-packages/airflow/example_dags/example_xcomargs.py took 0.058 seconds
[2021-09-30 07:56:29,086] {scheduler_job.py:182} INFO - Started process (PID=1993) to work on /usr/local/lib/python3.6/dist-packages/airflow/example_dags/example_xcomargs.py
[2021-09-30 07:56:29,087] {scheduler_job.py:629} INFO - Processing file /usr/local/lib/python3.6/dist-packages/airflow/example_dags/example_xcomargs.py for tasks to queue
[2021-09-30 07:56:29,088] {logging_mixin.py:104} INFO - [2021-09-30 07:56:29,088] {dagbag.py:451} INFO - Filling up the DagBag from /usr/local/lib/python3.6/dist-packages/airflow/example_dags/example_xcomargs.py
[2021-09-30 07:56:29,098] {scheduler_job.py:639} INFO - DAG(s) dict_keys(['example_xcom_args', 'example_xcom_args_with_operators']) retrieved from /usr/local/lib/python3.6/dist-packages/airflow/example_dags/example_xcomargs.py
[2021-09-30 07:56:29,120] {logging_mixin.py:104} INFO - [2021-09-30 07:56:29,119] {dag.py:1824} INFO - Sync 2 DAGs
[2021-09-30 07:56:29,133] {logging_mixin.py:104} INFO - [2021-09-30 07:56:29,133] {dag.py:2280} INFO - Setting next_dagrun for example_xcom_args to None
[2021-09-30 07:56:29,134] {logging_mixin.py:104} INFO - [2021-09-30 07:56:29,134] {dag.py:2280} INFO - Setting next_dagrun for example_xcom_args_with_operators to None
[2021-09-30 07:56:29,142] {scheduler_job.py:190} INFO - Processing /usr/local/lib/python3.6/dist-packages/airflow/example_dags/example_xcomargs.py took 0.058 seconds
[2021-09-30 07:56:59,688] {scheduler_job.py:182} INFO - Started process (PID=2061) to work on /usr/local/lib/python3.6/dist-packages/airflow/example_dags/example_xcomargs.py
[2021-09-30 07:56:59,688] {scheduler_job.py:629} INFO - Processing file /usr/local/lib/python3.6/dist-packages/airflow/example_dags/example_xcomargs.py for tasks to queue
[2021-09-30 07:56:59,689] {logging_mixin.py:104} INFO - [2021-09-30 07:56:59,689] {dagbag.py:451} INFO - Filling up the DagBag from /usr/local/lib/python3.6/dist-packages/airflow/example_dags/example_xcomargs.py
[2021-09-30 07:56:59,701] {scheduler_job.py:639} INFO - DAG(s) dict_keys(['example_xcom_args', 'example_xcom_args_with_operators']) retrieved from /usr/local/lib/python3.6/dist-packages/airflow/example_dags/example_xcomargs.py
[2021-09-30 07:56:59,720] {logging_mixin.py:104} INFO - [2021-09-30 07:56:59,720] {dag.py:1824} INFO - Sync 2 DAGs
[2021-09-30 07:56:59,732] {logging_mixin.py:104} INFO - [2021-09-30 07:56:59,732] {dag.py:2280} INFO - Setting next_dagrun for example_xcom_args to None
[2021-09-30 07:56:59,732] {logging_mixin.py:104} INFO - [2021-09-30 07:56:59,732] {dag.py:2280} INFO - Setting next_dagrun for example_xcom_args_with_operators to None
[2021-09-30 07:56:59,741] {scheduler_job.py:190} INFO - Processing /usr/local/lib/python3.6/dist-packages/airflow/example_dags/example_xcomargs.py took 0.055 seconds
[2021-09-30 07:57:30,496] {scheduler_job.py:182} INFO - Started process (PID=2135) to work on /usr/local/lib/python3.6/dist-packages/airflow/example_dags/example_xcomargs.py
[2021-09-30 07:57:30,497] {scheduler_job.py:629} INFO - Processing file /usr/local/lib/python3.6/dist-packages/airflow/example_dags/example_xcomargs.py for tasks to queue
[2021-09-30 07:57:30,497] {logging_mixin.py:104} INFO - [2021-09-30 07:57:30,497] {dagbag.py:451} INFO - Filling up the DagBag from /usr/local/lib/python3.6/dist-packages/airflow/example_dags/example_xcomargs.py
[2021-09-30 07:57:30,509] {scheduler_job.py:639} INFO - DAG(s) dict_keys(['example_xcom_args', 'example_xcom_args_with_operators']) retrieved from /usr/local/lib/python3.6/dist-packages/airflow/example_dags/example_xcomargs.py
[2021-09-30 07:57:30,532] {logging_mixin.py:104} INFO - [2021-09-30 07:57:30,532] {dag.py:1824} INFO - Sync 2 DAGs
[2021-09-30 07:57:30,548] {logging_mixin.py:104} INFO - [2021-09-30 07:57:30,548] {dag.py:2280} INFO - Setting next_dagrun for example_xcom_args to None
[2021-09-30 07:57:30,548] {logging_mixin.py:104} INFO - [2021-09-30 07:57:30,548] {dag.py:2280} INFO - Setting next_dagrun for example_xcom_args_with_operators to None
[2021-09-30 07:57:30,561] {scheduler_job.py:190} INFO - Processing /usr/local/lib/python3.6/dist-packages/airflow/example_dags/example_xcomargs.py took 0.067 seconds
[2021-09-30 07:58:00,574] {scheduler_job.py:182} INFO - Started process (PID=2211) to work on /usr/local/lib/python3.6/dist-packages/airflow/example_dags/example_xcomargs.py
[2021-09-30 07:58:00,575] {scheduler_job.py:629} INFO - Processing file /usr/local/lib/python3.6/dist-packages/airflow/example_dags/example_xcomargs.py for tasks to queue
[2021-09-30 07:58:00,576] {logging_mixin.py:104} INFO - [2021-09-30 07:58:00,576] {dagbag.py:451} INFO - Filling up the DagBag from /usr/local/lib/python3.6/dist-packages/airflow/example_dags/example_xcomargs.py
[2021-09-30 07:58:00,589] {scheduler_job.py:639} INFO - DAG(s) dict_keys(['example_xcom_args', 'example_xcom_args_with_operators']) retrieved from /usr/local/lib/python3.6/dist-packages/airflow/example_dags/example_xcomargs.py
[2021-09-30 07:58:00,609] {logging_mixin.py:104} INFO - [2021-09-30 07:58:00,608] {dag.py:1824} INFO - Sync 2 DAGs
[2021-09-30 07:58:00,618] {logging_mixin.py:104} INFO - [2021-09-30 07:58:00,618] {dag.py:2280} INFO - Setting next_dagrun for example_xcom_args to None
[2021-09-30 07:58:00,619] {logging_mixin.py:104} INFO - [2021-09-30 07:58:00,619] {dag.py:2280} INFO - Setting next_dagrun for example_xcom_args_with_operators to None
[2021-09-30 07:58:00,627] {scheduler_job.py:190} INFO - Processing /usr/local/lib/python3.6/dist-packages/airflow/example_dags/example_xcomargs.py took 0.056 seconds
[2021-09-30 07:58:30,693] {scheduler_job.py:182} INFO - Started process (PID=2284) to work on /usr/local/lib/python3.6/dist-packages/airflow/example_dags/example_xcomargs.py
[2021-09-30 07:58:30,694] {scheduler_job.py:629} INFO - Processing file /usr/local/lib/python3.6/dist-packages/airflow/example_dags/example_xcomargs.py for tasks to queue
[2021-09-30 07:58:30,694] {logging_mixin.py:104} INFO - [2021-09-30 07:58:30,694] {dagbag.py:451} INFO - Filling up the DagBag from /usr/local/lib/python3.6/dist-packages/airflow/example_dags/example_xcomargs.py
[2021-09-30 07:58:30,706] {scheduler_job.py:639} INFO - DAG(s) dict_keys(['example_xcom_args', 'example_xcom_args_with_operators']) retrieved from /usr/local/lib/python3.6/dist-packages/airflow/example_dags/example_xcomargs.py
[2021-09-30 07:58:30,727] {logging_mixin.py:104} INFO - [2021-09-30 07:58:30,727] {dag.py:1824} INFO - Sync 2 DAGs
[2021-09-30 07:58:30,739] {logging_mixin.py:104} INFO - [2021-09-30 07:58:30,739] {dag.py:2280} INFO - Setting next_dagrun for example_xcom_args to None
[2021-09-30 07:58:30,740] {logging_mixin.py:104} INFO - [2021-09-30 07:58:30,740] {dag.py:2280} INFO - Setting next_dagrun for example_xcom_args_with_operators to None
[2021-09-30 07:58:30,749] {scheduler_job.py:190} INFO - Processing /usr/local/lib/python3.6/dist-packages/airflow/example_dags/example_xcomargs.py took 0.057 seconds
[2021-09-30 07:59:00,851] {scheduler_job.py:182} INFO - Started process (PID=2359) to work on /usr/local/lib/python3.6/dist-packages/airflow/example_dags/example_xcomargs.py
[2021-09-30 07:59:00,851] {scheduler_job.py:629} INFO - Processing file /usr/local/lib/python3.6/dist-packages/airflow/example_dags/example_xcomargs.py for tasks to queue
[2021-09-30 07:59:00,852] {logging_mixin.py:104} INFO - [2021-09-30 07:59:00,852] {dagbag.py:451} INFO - Filling up the DagBag from /usr/local/lib/python3.6/dist-packages/airflow/example_dags/example_xcomargs.py
[2021-09-30 07:59:00,862] {scheduler_job.py:639} INFO - DAG(s) dict_keys(['example_xcom_args', 'example_xcom_args_with_operators']) retrieved from /usr/local/lib/python3.6/dist-packages/airflow/example_dags/example_xcomargs.py
[2021-09-30 07:59:00,883] {logging_mixin.py:104} INFO - [2021-09-30 07:59:00,883] {dag.py:1824} INFO - Sync 2 DAGs
[2021-09-30 07:59:00,894] {logging_mixin.py:104} INFO - [2021-09-30 07:59:00,894] {dag.py:2280} INFO - Setting next_dagrun for example_xcom_args to None
[2021-09-30 07:59:00,895] {logging_mixin.py:104} INFO - [2021-09-30 07:59:00,895] {dag.py:2280} INFO - Setting next_dagrun for example_xcom_args_with_operators to None
[2021-09-30 07:59:00,905] {scheduler_job.py:190} INFO - Processing /usr/local/lib/python3.6/dist-packages/airflow/example_dags/example_xcomargs.py took 0.057 seconds
[2021-09-30 07:59:31,038] {scheduler_job.py:182} INFO - Started process (PID=2434) to work on /usr/local/lib/python3.6/dist-packages/airflow/example_dags/example_xcomargs.py
[2021-09-30 07:59:31,039] {scheduler_job.py:629} INFO - Processing file /usr/local/lib/python3.6/dist-packages/airflow/example_dags/example_xcomargs.py for tasks to queue
[2021-09-30 07:59:31,039] {logging_mixin.py:104} INFO - [2021-09-30 07:59:31,039] {dagbag.py:451} INFO - Filling up the DagBag from /usr/local/lib/python3.6/dist-packages/airflow/example_dags/example_xcomargs.py
[2021-09-30 07:59:31,051] {scheduler_job.py:639} INFO - DAG(s) dict_keys(['example_xcom_args', 'example_xcom_args_with_operators']) retrieved from /usr/local/lib/python3.6/dist-packages/airflow/example_dags/example_xcomargs.py
[2021-09-30 07:59:31,073] {logging_mixin.py:104} INFO - [2021-09-30 07:59:31,073] {dag.py:1824} INFO - Sync 2 DAGs
[2021-09-30 07:59:31,085] {logging_mixin.py:104} INFO - [2021-09-30 07:59:31,085] {dag.py:2280} INFO - Setting next_dagrun for example_xcom_args to None
[2021-09-30 07:59:31,086] {logging_mixin.py:104} INFO - [2021-09-30 07:59:31,086] {dag.py:2280} INFO - Setting next_dagrun for example_xcom_args_with_operators to None
[2021-09-30 07:59:31,095] {scheduler_job.py:190} INFO - Processing /usr/local/lib/python3.6/dist-packages/airflow/example_dags/example_xcomargs.py took 0.059 seconds
[2021-09-30 08:00:01,258] {scheduler_job.py:182} INFO - Started process (PID=2509) to work on /usr/local/lib/python3.6/dist-packages/airflow/example_dags/example_xcomargs.py
[2021-09-30 08:00:01,259] {scheduler_job.py:629} INFO - Processing file /usr/local/lib/python3.6/dist-packages/airflow/example_dags/example_xcomargs.py for tasks to queue
[2021-09-30 08:00:01,259] {logging_mixin.py:104} INFO - [2021-09-30 08:00:01,259] {dagbag.py:451} INFO - Filling up the DagBag from /usr/local/lib/python3.6/dist-packages/airflow/example_dags/example_xcomargs.py
[2021-09-30 08:00:01,270] {scheduler_job.py:639} INFO - DAG(s) dict_keys(['example_xcom_args', 'example_xcom_args_with_operators']) retrieved from /usr/local/lib/python3.6/dist-packages/airflow/example_dags/example_xcomargs.py
[2021-09-30 08:00:01,291] {logging_mixin.py:104} INFO - [2021-09-30 08:00:01,291] {dag.py:1824} INFO - Sync 2 DAGs
[2021-09-30 08:00:01,302] {logging_mixin.py:104} INFO - [2021-09-30 08:00:01,302] {dag.py:2280} INFO - Setting next_dagrun for example_xcom_args to None
[2021-09-30 08:00:01,303] {logging_mixin.py:104} INFO - [2021-09-30 08:00:01,302] {dag.py:2280} INFO - Setting next_dagrun for example_xcom_args_with_operators to None
[2021-09-30 08:00:01,312] {scheduler_job.py:190} INFO - Processing /usr/local/lib/python3.6/dist-packages/airflow/example_dags/example_xcomargs.py took 0.057 seconds
[2021-09-30 08:00:31,443] {scheduler_job.py:182} INFO - Started process (PID=2583) to work on /usr/local/lib/python3.6/dist-packages/airflow/example_dags/example_xcomargs.py
[2021-09-30 08:00:31,444] {scheduler_job.py:629} INFO - Processing file /usr/local/lib/python3.6/dist-packages/airflow/example_dags/example_xcomargs.py for tasks to queue
[2021-09-30 08:00:31,444] {logging_mixin.py:104} INFO - [2021-09-30 08:00:31,444] {dagbag.py:451} INFO - Filling up the DagBag from /usr/local/lib/python3.6/dist-packages/airflow/example_dags/example_xcomargs.py
[2021-09-30 08:00:31,456] {scheduler_job.py:639} INFO - DAG(s) dict_keys(['example_xcom_args', 'example_xcom_args_with_operators']) retrieved from /usr/local/lib/python3.6/dist-packages/airflow/example_dags/example_xcomargs.py
[2021-09-30 08:00:31,474] {logging_mixin.py:104} INFO - [2021-09-30 08:00:31,474] {dag.py:1824} INFO - Sync 2 DAGs
[2021-09-30 08:00:31,487] {logging_mixin.py:104} INFO - [2021-09-30 08:00:31,487] {dag.py:2280} INFO - Setting next_dagrun for example_xcom_args to None
[2021-09-30 08:00:31,488] {logging_mixin.py:104} INFO - [2021-09-30 08:00:31,488] {dag.py:2280} INFO - Setting next_dagrun for example_xcom_args_with_operators to None
[2021-09-30 08:00:31,500] {scheduler_job.py:190} INFO - Processing /usr/local/lib/python3.6/dist-packages/airflow/example_dags/example_xcomargs.py took 0.059 seconds
[2021-09-30 08:01:02,648] {scheduler_job.py:182} INFO - Started process (PID=2663) to work on /usr/local/lib/python3.6/dist-packages/airflow/example_dags/example_xcomargs.py
[2021-09-30 08:01:02,650] {scheduler_job.py:629} INFO - Processing file /usr/local/lib/python3.6/dist-packages/airflow/example_dags/example_xcomargs.py for tasks to queue
[2021-09-30 08:01:02,650] {logging_mixin.py:104} INFO - [2021-09-30 08:01:02,650] {dagbag.py:451} INFO - Filling up the DagBag from /usr/local/lib/python3.6/dist-packages/airflow/example_dags/example_xcomargs.py
[2021-09-30 08:01:02,660] {scheduler_job.py:639} INFO - DAG(s) dict_keys(['example_xcom_args', 'example_xcom_args_with_operators']) retrieved from /usr/local/lib/python3.6/dist-packages/airflow/example_dags/example_xcomargs.py
[2021-09-30 08:01:02,677] {logging_mixin.py:104} INFO - [2021-09-30 08:01:02,677] {dag.py:1824} INFO - Sync 2 DAGs
[2021-09-30 08:01:02,690] {logging_mixin.py:104} INFO - [2021-09-30 08:01:02,690] {dag.py:2280} INFO - Setting next_dagrun for example_xcom_args to None
[2021-09-30 08:01:02,691] {logging_mixin.py:104} INFO - [2021-09-30 08:01:02,691] {dag.py:2280} INFO - Setting next_dagrun for example_xcom_args_with_operators to None
[2021-09-30 08:01:02,699] {scheduler_job.py:190} INFO - Processing /usr/local/lib/python3.6/dist-packages/airflow/example_dags/example_xcomargs.py took 0.053 seconds
[2021-09-30 08:01:33,453] {scheduler_job.py:182} INFO - Started process (PID=2724) to work on /usr/local/lib/python3.6/dist-packages/airflow/example_dags/example_xcomargs.py
[2021-09-30 08:01:33,454] {scheduler_job.py:629} INFO - Processing file /usr/local/lib/python3.6/dist-packages/airflow/example_dags/example_xcomargs.py for tasks to queue
[2021-09-30 08:01:33,454] {logging_mixin.py:104} INFO - [2021-09-30 08:01:33,454] {dagbag.py:451} INFO - Filling up the DagBag from /usr/local/lib/python3.6/dist-packages/airflow/example_dags/example_xcomargs.py
[2021-09-30 08:01:33,467] {scheduler_job.py:639} INFO - DAG(s) dict_keys(['example_xcom_args', 'example_xcom_args_with_operators']) retrieved from /usr/local/lib/python3.6/dist-packages/airflow/example_dags/example_xcomargs.py
[2021-09-30 08:01:33,491] {logging_mixin.py:104} INFO - [2021-09-30 08:01:33,491] {dag.py:1824} INFO - Sync 2 DAGs
[2021-09-30 08:01:33,505] {logging_mixin.py:104} INFO - [2021-09-30 08:01:33,505] {dag.py:2280} INFO - Setting next_dagrun for example_xcom_args to None
[2021-09-30 08:01:33,506] {logging_mixin.py:104} INFO - [2021-09-30 08:01:33,506] {dag.py:2280} INFO - Setting next_dagrun for example_xcom_args_with_operators to None
[2021-09-30 08:01:33,516] {scheduler_job.py:190} INFO - Processing /usr/local/lib/python3.6/dist-packages/airflow/example_dags/example_xcomargs.py took 0.065 seconds
[2021-09-30 08:02:03,988] {scheduler_job.py:182} INFO - Started process (PID=2798) to work on /usr/local/lib/python3.6/dist-packages/airflow/example_dags/example_xcomargs.py
[2021-09-30 08:02:03,988] {scheduler_job.py:629} INFO - Processing file /usr/local/lib/python3.6/dist-packages/airflow/example_dags/example_xcomargs.py for tasks to queue
[2021-09-30 08:02:03,989] {logging_mixin.py:104} INFO - [2021-09-30 08:02:03,989] {dagbag.py:451} INFO - Filling up the DagBag from /usr/local/lib/python3.6/dist-packages/airflow/example_dags/example_xcomargs.py
[2021-09-30 08:02:03,998] {scheduler_job.py:639} INFO - DAG(s) dict_keys(['example_xcom_args', 'example_xcom_args_with_operators']) retrieved from /usr/local/lib/python3.6/dist-packages/airflow/example_dags/example_xcomargs.py
[2021-09-30 08:02:04,018] {logging_mixin.py:104} INFO - [2021-09-30 08:02:04,018] {dag.py:1824} INFO - Sync 2 DAGs
[2021-09-30 08:02:04,029] {logging_mixin.py:104} INFO - [2021-09-30 08:02:04,029] {dag.py:2280} INFO - Setting next_dagrun for example_xcom_args to None
[2021-09-30 08:02:04,030] {logging_mixin.py:104} INFO - [2021-09-30 08:02:04,030] {dag.py:2280} INFO - Setting next_dagrun for example_xcom_args_with_operators to None
[2021-09-30 08:02:04,038] {scheduler_job.py:190} INFO - Processing /usr/local/lib/python3.6/dist-packages/airflow/example_dags/example_xcomargs.py took 0.053 seconds
