[2021-09-30 07:30:45,002] {scheduler_job.py:182} INFO - Started process (PID=43) to work on /usr/local/lib/python3.6/dist-packages/airflow/example_dags/example_dag_decorator.py
[2021-09-30 07:30:45,003] {scheduler_job.py:629} INFO - Processing file /usr/local/lib/python3.6/dist-packages/airflow/example_dags/example_dag_decorator.py for tasks to queue
[2021-09-30 07:30:45,003] {logging_mixin.py:104} INFO - [2021-09-30 07:30:45,003] {dagbag.py:451} INFO - Filling up the DagBag from /usr/local/lib/python3.6/dist-packages/airflow/example_dags/example_dag_decorator.py
[2021-09-30 07:30:45,011] {scheduler_job.py:639} INFO - DAG(s) dict_keys(['example_dag_decorator']) retrieved from /usr/local/lib/python3.6/dist-packages/airflow/example_dags/example_dag_decorator.py
[2021-09-30 07:30:45,020] {logging_mixin.py:104} INFO - [2021-09-30 07:30:45,020] {dag.py:1824} INFO - Sync 1 DAGs
[2021-09-30 07:30:45,032] {logging_mixin.py:104} INFO - [2021-09-30 07:30:45,032] {dag.py:2280} INFO - Setting next_dagrun for example_dag_decorator to None
[2021-09-30 07:30:45,039] {scheduler_job.py:190} INFO - Processing /usr/local/lib/python3.6/dist-packages/airflow/example_dags/example_dag_decorator.py took 0.039 seconds
[2021-09-30 07:31:15,146] {scheduler_job.py:182} INFO - Started process (PID=217) to work on /usr/local/lib/python3.6/dist-packages/airflow/example_dags/example_dag_decorator.py
[2021-09-30 07:31:15,147] {scheduler_job.py:629} INFO - Processing file /usr/local/lib/python3.6/dist-packages/airflow/example_dags/example_dag_decorator.py for tasks to queue
[2021-09-30 07:31:15,147] {logging_mixin.py:104} INFO - [2021-09-30 07:31:15,147] {dagbag.py:451} INFO - Filling up the DagBag from /usr/local/lib/python3.6/dist-packages/airflow/example_dags/example_dag_decorator.py
[2021-09-30 07:31:15,161] {scheduler_job.py:639} INFO - DAG(s) dict_keys(['example_dag_decorator']) retrieved from /usr/local/lib/python3.6/dist-packages/airflow/example_dags/example_dag_decorator.py
[2021-09-30 07:31:15,181] {logging_mixin.py:104} INFO - [2021-09-30 07:31:15,181] {dag.py:1824} INFO - Sync 1 DAGs
[2021-09-30 07:31:15,194] {logging_mixin.py:104} INFO - [2021-09-30 07:31:15,194] {dag.py:2280} INFO - Setting next_dagrun for example_dag_decorator to None
[2021-09-30 07:31:15,205] {scheduler_job.py:190} INFO - Processing /usr/local/lib/python3.6/dist-packages/airflow/example_dags/example_dag_decorator.py took 0.061 seconds
[2021-09-30 07:31:45,220] {scheduler_job.py:182} INFO - Started process (PID=290) to work on /usr/local/lib/python3.6/dist-packages/airflow/example_dags/example_dag_decorator.py
[2021-09-30 07:31:45,221] {scheduler_job.py:629} INFO - Processing file /usr/local/lib/python3.6/dist-packages/airflow/example_dags/example_dag_decorator.py for tasks to queue
[2021-09-30 07:31:45,221] {logging_mixin.py:104} INFO - [2021-09-30 07:31:45,221] {dagbag.py:451} INFO - Filling up the DagBag from /usr/local/lib/python3.6/dist-packages/airflow/example_dags/example_dag_decorator.py
[2021-09-30 07:31:45,231] {scheduler_job.py:639} INFO - DAG(s) dict_keys(['example_dag_decorator']) retrieved from /usr/local/lib/python3.6/dist-packages/airflow/example_dags/example_dag_decorator.py
[2021-09-30 07:31:45,247] {logging_mixin.py:104} INFO - [2021-09-30 07:31:45,247] {dag.py:1824} INFO - Sync 1 DAGs
[2021-09-30 07:31:45,259] {logging_mixin.py:104} INFO - [2021-09-30 07:31:45,259] {dag.py:2280} INFO - Setting next_dagrun for example_dag_decorator to None
[2021-09-30 07:31:45,269] {scheduler_job.py:190} INFO - Processing /usr/local/lib/python3.6/dist-packages/airflow/example_dags/example_dag_decorator.py took 0.051 seconds
[2021-09-30 07:32:15,802] {scheduler_job.py:182} INFO - Started process (PID=369) to work on /usr/local/lib/python3.6/dist-packages/airflow/example_dags/example_dag_decorator.py
[2021-09-30 07:32:15,803] {scheduler_job.py:629} INFO - Processing file /usr/local/lib/python3.6/dist-packages/airflow/example_dags/example_dag_decorator.py for tasks to queue
[2021-09-30 07:32:15,803] {logging_mixin.py:104} INFO - [2021-09-30 07:32:15,803] {dagbag.py:451} INFO - Filling up the DagBag from /usr/local/lib/python3.6/dist-packages/airflow/example_dags/example_dag_decorator.py
[2021-09-30 07:32:15,812] {scheduler_job.py:639} INFO - DAG(s) dict_keys(['example_dag_decorator']) retrieved from /usr/local/lib/python3.6/dist-packages/airflow/example_dags/example_dag_decorator.py
[2021-09-30 07:32:15,827] {logging_mixin.py:104} INFO - [2021-09-30 07:32:15,827] {dag.py:1824} INFO - Sync 1 DAGs
[2021-09-30 07:32:15,838] {logging_mixin.py:104} INFO - [2021-09-30 07:32:15,838] {dag.py:2280} INFO - Setting next_dagrun for example_dag_decorator to None
[2021-09-30 07:32:15,845] {scheduler_job.py:190} INFO - Processing /usr/local/lib/python3.6/dist-packages/airflow/example_dags/example_dag_decorator.py took 0.045 seconds
[2021-09-30 07:32:46,456] {scheduler_job.py:182} INFO - Started process (PID=454) to work on /usr/local/lib/python3.6/dist-packages/airflow/example_dags/example_dag_decorator.py
[2021-09-30 07:32:46,457] {scheduler_job.py:629} INFO - Processing file /usr/local/lib/python3.6/dist-packages/airflow/example_dags/example_dag_decorator.py for tasks to queue
[2021-09-30 07:32:46,458] {logging_mixin.py:104} INFO - [2021-09-30 07:32:46,458] {dagbag.py:451} INFO - Filling up the DagBag from /usr/local/lib/python3.6/dist-packages/airflow/example_dags/example_dag_decorator.py
[2021-09-30 07:32:46,469] {scheduler_job.py:639} INFO - DAG(s) dict_keys(['example_dag_decorator']) retrieved from /usr/local/lib/python3.6/dist-packages/airflow/example_dags/example_dag_decorator.py
[2021-09-30 07:32:46,486] {logging_mixin.py:104} INFO - [2021-09-30 07:32:46,486] {dag.py:1824} INFO - Sync 1 DAGs
[2021-09-30 07:32:46,498] {logging_mixin.py:104} INFO - [2021-09-30 07:32:46,498] {dag.py:2280} INFO - Setting next_dagrun for example_dag_decorator to None
[2021-09-30 07:32:46,508] {scheduler_job.py:190} INFO - Processing /usr/local/lib/python3.6/dist-packages/airflow/example_dags/example_dag_decorator.py took 0.054 seconds
[2021-09-30 07:33:16,525] {scheduler_job.py:182} INFO - Started process (PID=546) to work on /usr/local/lib/python3.6/dist-packages/airflow/example_dags/example_dag_decorator.py
[2021-09-30 07:33:16,526] {scheduler_job.py:629} INFO - Processing file /usr/local/lib/python3.6/dist-packages/airflow/example_dags/example_dag_decorator.py for tasks to queue
[2021-09-30 07:33:16,526] {logging_mixin.py:104} INFO - [2021-09-30 07:33:16,526] {dagbag.py:451} INFO - Filling up the DagBag from /usr/local/lib/python3.6/dist-packages/airflow/example_dags/example_dag_decorator.py
[2021-09-30 07:33:16,534] {scheduler_job.py:639} INFO - DAG(s) dict_keys(['example_dag_decorator']) retrieved from /usr/local/lib/python3.6/dist-packages/airflow/example_dags/example_dag_decorator.py
[2021-09-30 07:33:16,545] {logging_mixin.py:104} INFO - [2021-09-30 07:33:16,545] {dag.py:1824} INFO - Sync 1 DAGs
[2021-09-30 07:33:16,553] {logging_mixin.py:104} INFO - [2021-09-30 07:33:16,553] {dag.py:2280} INFO - Setting next_dagrun for example_dag_decorator to None
[2021-09-30 07:33:16,559] {scheduler_job.py:190} INFO - Processing /usr/local/lib/python3.6/dist-packages/airflow/example_dags/example_dag_decorator.py took 0.035 seconds
[2021-09-30 07:33:42,556] {scheduler_job.py:182} INFO - Started process (PID=42) to work on /usr/local/lib/python3.6/dist-packages/airflow/example_dags/example_dag_decorator.py
[2021-09-30 07:33:42,557] {scheduler_job.py:629} INFO - Processing file /usr/local/lib/python3.6/dist-packages/airflow/example_dags/example_dag_decorator.py for tasks to queue
[2021-09-30 07:33:42,557] {logging_mixin.py:104} INFO - [2021-09-30 07:33:42,557] {dagbag.py:451} INFO - Filling up the DagBag from /usr/local/lib/python3.6/dist-packages/airflow/example_dags/example_dag_decorator.py
[2021-09-30 07:33:42,569] {scheduler_job.py:639} INFO - DAG(s) dict_keys(['example_dag_decorator']) retrieved from /usr/local/lib/python3.6/dist-packages/airflow/example_dags/example_dag_decorator.py
[2021-09-30 07:33:42,578] {logging_mixin.py:104} INFO - [2021-09-30 07:33:42,578] {dag.py:1824} INFO - Sync 1 DAGs
[2021-09-30 07:33:42,591] {logging_mixin.py:104} INFO - [2021-09-30 07:33:42,591] {dag.py:2280} INFO - Setting next_dagrun for example_dag_decorator to None
[2021-09-30 07:33:42,598] {scheduler_job.py:190} INFO - Processing /usr/local/lib/python3.6/dist-packages/airflow/example_dags/example_dag_decorator.py took 0.044 seconds
[2021-09-30 07:34:13,054] {scheduler_job.py:182} INFO - Started process (PID=186) to work on /usr/local/lib/python3.6/dist-packages/airflow/example_dags/example_dag_decorator.py
[2021-09-30 07:34:13,054] {scheduler_job.py:629} INFO - Processing file /usr/local/lib/python3.6/dist-packages/airflow/example_dags/example_dag_decorator.py for tasks to queue
[2021-09-30 07:34:13,054] {logging_mixin.py:104} INFO - [2021-09-30 07:34:13,054] {dagbag.py:451} INFO - Filling up the DagBag from /usr/local/lib/python3.6/dist-packages/airflow/example_dags/example_dag_decorator.py
[2021-09-30 07:34:13,063] {scheduler_job.py:639} INFO - DAG(s) dict_keys(['example_dag_decorator']) retrieved from /usr/local/lib/python3.6/dist-packages/airflow/example_dags/example_dag_decorator.py
[2021-09-30 07:34:13,077] {logging_mixin.py:104} INFO - [2021-09-30 07:34:13,077] {dag.py:1824} INFO - Sync 1 DAGs
[2021-09-30 07:34:13,088] {logging_mixin.py:104} INFO - [2021-09-30 07:34:13,088] {dag.py:2280} INFO - Setting next_dagrun for example_dag_decorator to None
[2021-09-30 07:34:13,101] {scheduler_job.py:190} INFO - Processing /usr/local/lib/python3.6/dist-packages/airflow/example_dags/example_dag_decorator.py took 0.049 seconds
[2021-09-30 07:34:43,216] {scheduler_job.py:182} INFO - Started process (PID=260) to work on /usr/local/lib/python3.6/dist-packages/airflow/example_dags/example_dag_decorator.py
[2021-09-30 07:34:43,216] {scheduler_job.py:629} INFO - Processing file /usr/local/lib/python3.6/dist-packages/airflow/example_dags/example_dag_decorator.py for tasks to queue
[2021-09-30 07:34:43,217] {logging_mixin.py:104} INFO - [2021-09-30 07:34:43,217] {dagbag.py:451} INFO - Filling up the DagBag from /usr/local/lib/python3.6/dist-packages/airflow/example_dags/example_dag_decorator.py
[2021-09-30 07:34:43,225] {scheduler_job.py:639} INFO - DAG(s) dict_keys(['example_dag_decorator']) retrieved from /usr/local/lib/python3.6/dist-packages/airflow/example_dags/example_dag_decorator.py
[2021-09-30 07:34:43,239] {logging_mixin.py:104} INFO - [2021-09-30 07:34:43,239] {dag.py:1824} INFO - Sync 1 DAGs
[2021-09-30 07:34:43,247] {logging_mixin.py:104} INFO - [2021-09-30 07:34:43,247] {dag.py:2280} INFO - Setting next_dagrun for example_dag_decorator to None
[2021-09-30 07:34:43,256] {scheduler_job.py:190} INFO - Processing /usr/local/lib/python3.6/dist-packages/airflow/example_dags/example_dag_decorator.py took 0.042 seconds
[2021-09-30 07:36:11,630] {scheduler_job.py:182} INFO - Started process (PID=54) to work on /usr/local/lib/python3.6/dist-packages/airflow/example_dags/example_dag_decorator.py
[2021-09-30 07:36:11,632] {scheduler_job.py:629} INFO - Processing file /usr/local/lib/python3.6/dist-packages/airflow/example_dags/example_dag_decorator.py for tasks to queue
[2021-09-30 07:36:11,633] {logging_mixin.py:104} INFO - [2021-09-30 07:36:11,632] {dagbag.py:451} INFO - Filling up the DagBag from /usr/local/lib/python3.6/dist-packages/airflow/example_dags/example_dag_decorator.py
[2021-09-30 07:36:11,645] {scheduler_job.py:639} INFO - DAG(s) dict_keys(['example_dag_decorator']) retrieved from /usr/local/lib/python3.6/dist-packages/airflow/example_dags/example_dag_decorator.py
[2021-09-30 07:36:11,654] {logging_mixin.py:104} INFO - [2021-09-30 07:36:11,654] {dag.py:1824} INFO - Sync 1 DAGs
[2021-09-30 07:36:11,664] {logging_mixin.py:104} INFO - [2021-09-30 07:36:11,664] {dag.py:2280} INFO - Setting next_dagrun for example_dag_decorator to None
[2021-09-30 07:36:11,671] {scheduler_job.py:190} INFO - Processing /usr/local/lib/python3.6/dist-packages/airflow/example_dags/example_dag_decorator.py took 0.042 seconds
[2021-09-30 07:36:42,487] {scheduler_job.py:182} INFO - Started process (PID=191) to work on /usr/local/lib/python3.6/dist-packages/airflow/example_dags/example_dag_decorator.py
[2021-09-30 07:36:42,488] {scheduler_job.py:629} INFO - Processing file /usr/local/lib/python3.6/dist-packages/airflow/example_dags/example_dag_decorator.py for tasks to queue
[2021-09-30 07:36:42,488] {logging_mixin.py:104} INFO - [2021-09-30 07:36:42,488] {dagbag.py:451} INFO - Filling up the DagBag from /usr/local/lib/python3.6/dist-packages/airflow/example_dags/example_dag_decorator.py
[2021-09-30 07:36:42,500] {scheduler_job.py:639} INFO - DAG(s) dict_keys(['example_dag_decorator']) retrieved from /usr/local/lib/python3.6/dist-packages/airflow/example_dags/example_dag_decorator.py
[2021-09-30 07:36:42,518] {logging_mixin.py:104} INFO - [2021-09-30 07:36:42,518] {dag.py:1824} INFO - Sync 1 DAGs
[2021-09-30 07:36:42,528] {logging_mixin.py:104} INFO - [2021-09-30 07:36:42,528] {dag.py:2280} INFO - Setting next_dagrun for example_dag_decorator to None
[2021-09-30 07:36:42,537] {scheduler_job.py:190} INFO - Processing /usr/local/lib/python3.6/dist-packages/airflow/example_dags/example_dag_decorator.py took 0.052 seconds
[2021-09-30 07:37:29,289] {scheduler_job.py:182} INFO - Started process (PID=67) to work on /usr/local/lib/python3.6/dist-packages/airflow/example_dags/example_dag_decorator.py
[2021-09-30 07:37:29,290] {scheduler_job.py:629} INFO - Processing file /usr/local/lib/python3.6/dist-packages/airflow/example_dags/example_dag_decorator.py for tasks to queue
[2021-09-30 07:37:29,290] {logging_mixin.py:104} INFO - [2021-09-30 07:37:29,290] {dagbag.py:451} INFO - Filling up the DagBag from /usr/local/lib/python3.6/dist-packages/airflow/example_dags/example_dag_decorator.py
[2021-09-30 07:37:29,299] {scheduler_job.py:639} INFO - DAG(s) dict_keys(['example_dag_decorator']) retrieved from /usr/local/lib/python3.6/dist-packages/airflow/example_dags/example_dag_decorator.py
[2021-09-30 07:37:29,308] {logging_mixin.py:104} INFO - [2021-09-30 07:37:29,308] {dag.py:1824} INFO - Sync 1 DAGs
[2021-09-30 07:37:29,321] {logging_mixin.py:104} INFO - [2021-09-30 07:37:29,321] {dag.py:2280} INFO - Setting next_dagrun for example_dag_decorator to None
[2021-09-30 07:37:29,329] {scheduler_job.py:190} INFO - Processing /usr/local/lib/python3.6/dist-packages/airflow/example_dags/example_dag_decorator.py took 0.041 seconds
[2021-09-30 07:38:00,288] {scheduler_job.py:182} INFO - Started process (PID=202) to work on /usr/local/lib/python3.6/dist-packages/airflow/example_dags/example_dag_decorator.py
[2021-09-30 07:38:00,289] {scheduler_job.py:629} INFO - Processing file /usr/local/lib/python3.6/dist-packages/airflow/example_dags/example_dag_decorator.py for tasks to queue
[2021-09-30 07:38:00,289] {logging_mixin.py:104} INFO - [2021-09-30 07:38:00,289] {dagbag.py:451} INFO - Filling up the DagBag from /usr/local/lib/python3.6/dist-packages/airflow/example_dags/example_dag_decorator.py
[2021-09-30 07:38:00,297] {scheduler_job.py:639} INFO - DAG(s) dict_keys(['example_dag_decorator']) retrieved from /usr/local/lib/python3.6/dist-packages/airflow/example_dags/example_dag_decorator.py
[2021-09-30 07:38:00,308] {logging_mixin.py:104} INFO - [2021-09-30 07:38:00,308] {dag.py:1824} INFO - Sync 1 DAGs
[2021-09-30 07:38:00,316] {logging_mixin.py:104} INFO - [2021-09-30 07:38:00,316] {dag.py:2280} INFO - Setting next_dagrun for example_dag_decorator to None
[2021-09-30 07:38:00,321] {scheduler_job.py:190} INFO - Processing /usr/local/lib/python3.6/dist-packages/airflow/example_dags/example_dag_decorator.py took 0.035 seconds
[2021-09-30 07:38:30,970] {scheduler_job.py:182} INFO - Started process (PID=280) to work on /usr/local/lib/python3.6/dist-packages/airflow/example_dags/example_dag_decorator.py
[2021-09-30 07:38:30,971] {scheduler_job.py:629} INFO - Processing file /usr/local/lib/python3.6/dist-packages/airflow/example_dags/example_dag_decorator.py for tasks to queue
[2021-09-30 07:38:30,971] {logging_mixin.py:104} INFO - [2021-09-30 07:38:30,971] {dagbag.py:451} INFO - Filling up the DagBag from /usr/local/lib/python3.6/dist-packages/airflow/example_dags/example_dag_decorator.py
[2021-09-30 07:38:30,979] {scheduler_job.py:639} INFO - DAG(s) dict_keys(['example_dag_decorator']) retrieved from /usr/local/lib/python3.6/dist-packages/airflow/example_dags/example_dag_decorator.py
[2021-09-30 07:38:30,991] {logging_mixin.py:104} INFO - [2021-09-30 07:38:30,991] {dag.py:1824} INFO - Sync 1 DAGs
[2021-09-30 07:38:30,998] {logging_mixin.py:104} INFO - [2021-09-30 07:38:30,998] {dag.py:2280} INFO - Setting next_dagrun for example_dag_decorator to None
[2021-09-30 07:38:31,005] {scheduler_job.py:190} INFO - Processing /usr/local/lib/python3.6/dist-packages/airflow/example_dags/example_dag_decorator.py took 0.036 seconds
[2021-09-30 07:39:01,635] {scheduler_job.py:182} INFO - Started process (PID=354) to work on /usr/local/lib/python3.6/dist-packages/airflow/example_dags/example_dag_decorator.py
[2021-09-30 07:39:01,635] {scheduler_job.py:629} INFO - Processing file /usr/local/lib/python3.6/dist-packages/airflow/example_dags/example_dag_decorator.py for tasks to queue
[2021-09-30 07:39:01,636] {logging_mixin.py:104} INFO - [2021-09-30 07:39:01,636] {dagbag.py:451} INFO - Filling up the DagBag from /usr/local/lib/python3.6/dist-packages/airflow/example_dags/example_dag_decorator.py
[2021-09-30 07:39:01,644] {scheduler_job.py:639} INFO - DAG(s) dict_keys(['example_dag_decorator']) retrieved from /usr/local/lib/python3.6/dist-packages/airflow/example_dags/example_dag_decorator.py
[2021-09-30 07:39:01,659] {logging_mixin.py:104} INFO - [2021-09-30 07:39:01,659] {dag.py:1824} INFO - Sync 1 DAGs
[2021-09-30 07:39:01,674] {logging_mixin.py:104} INFO - [2021-09-30 07:39:01,674] {dag.py:2280} INFO - Setting next_dagrun for example_dag_decorator to None
[2021-09-30 07:39:01,681] {scheduler_job.py:190} INFO - Processing /usr/local/lib/python3.6/dist-packages/airflow/example_dags/example_dag_decorator.py took 0.048 seconds
[2021-09-30 07:39:32,385] {scheduler_job.py:182} INFO - Started process (PID=438) to work on /usr/local/lib/python3.6/dist-packages/airflow/example_dags/example_dag_decorator.py
[2021-09-30 07:39:32,385] {scheduler_job.py:629} INFO - Processing file /usr/local/lib/python3.6/dist-packages/airflow/example_dags/example_dag_decorator.py for tasks to queue
[2021-09-30 07:39:32,386] {logging_mixin.py:104} INFO - [2021-09-30 07:39:32,386] {dagbag.py:451} INFO - Filling up the DagBag from /usr/local/lib/python3.6/dist-packages/airflow/example_dags/example_dag_decorator.py
[2021-09-30 07:39:32,394] {scheduler_job.py:639} INFO - DAG(s) dict_keys(['example_dag_decorator']) retrieved from /usr/local/lib/python3.6/dist-packages/airflow/example_dags/example_dag_decorator.py
[2021-09-30 07:39:32,409] {logging_mixin.py:104} INFO - [2021-09-30 07:39:32,409] {dag.py:1824} INFO - Sync 1 DAGs
[2021-09-30 07:39:32,419] {logging_mixin.py:104} INFO - [2021-09-30 07:39:32,419] {dag.py:2280} INFO - Setting next_dagrun for example_dag_decorator to None
[2021-09-30 07:39:32,427] {scheduler_job.py:190} INFO - Processing /usr/local/lib/python3.6/dist-packages/airflow/example_dags/example_dag_decorator.py took 0.044 seconds
[2021-09-30 07:40:02,599] {scheduler_job.py:182} INFO - Started process (PID=512) to work on /usr/local/lib/python3.6/dist-packages/airflow/example_dags/example_dag_decorator.py
[2021-09-30 07:40:02,600] {scheduler_job.py:629} INFO - Processing file /usr/local/lib/python3.6/dist-packages/airflow/example_dags/example_dag_decorator.py for tasks to queue
[2021-09-30 07:40:02,600] {logging_mixin.py:104} INFO - [2021-09-30 07:40:02,600] {dagbag.py:451} INFO - Filling up the DagBag from /usr/local/lib/python3.6/dist-packages/airflow/example_dags/example_dag_decorator.py
[2021-09-30 07:40:02,610] {scheduler_job.py:639} INFO - DAG(s) dict_keys(['example_dag_decorator']) retrieved from /usr/local/lib/python3.6/dist-packages/airflow/example_dags/example_dag_decorator.py
[2021-09-30 07:40:02,625] {logging_mixin.py:104} INFO - [2021-09-30 07:40:02,625] {dag.py:1824} INFO - Sync 1 DAGs
[2021-09-30 07:40:02,634] {logging_mixin.py:104} INFO - [2021-09-30 07:40:02,634] {dag.py:2280} INFO - Setting next_dagrun for example_dag_decorator to None
[2021-09-30 07:40:02,641] {scheduler_job.py:190} INFO - Processing /usr/local/lib/python3.6/dist-packages/airflow/example_dags/example_dag_decorator.py took 0.043 seconds
[2021-09-30 07:40:33,270] {scheduler_job.py:182} INFO - Started process (PID=587) to work on /usr/local/lib/python3.6/dist-packages/airflow/example_dags/example_dag_decorator.py
[2021-09-30 07:40:33,271] {scheduler_job.py:629} INFO - Processing file /usr/local/lib/python3.6/dist-packages/airflow/example_dags/example_dag_decorator.py for tasks to queue
[2021-09-30 07:40:33,271] {logging_mixin.py:104} INFO - [2021-09-30 07:40:33,271] {dagbag.py:451} INFO - Filling up the DagBag from /usr/local/lib/python3.6/dist-packages/airflow/example_dags/example_dag_decorator.py
[2021-09-30 07:40:33,280] {scheduler_job.py:639} INFO - DAG(s) dict_keys(['example_dag_decorator']) retrieved from /usr/local/lib/python3.6/dist-packages/airflow/example_dags/example_dag_decorator.py
[2021-09-30 07:40:33,295] {logging_mixin.py:104} INFO - [2021-09-30 07:40:33,295] {dag.py:1824} INFO - Sync 1 DAGs
[2021-09-30 07:40:33,304] {logging_mixin.py:104} INFO - [2021-09-30 07:40:33,304] {dag.py:2280} INFO - Setting next_dagrun for example_dag_decorator to None
[2021-09-30 07:40:33,311] {scheduler_job.py:190} INFO - Processing /usr/local/lib/python3.6/dist-packages/airflow/example_dags/example_dag_decorator.py took 0.043 seconds
[2021-09-30 07:41:04,012] {scheduler_job.py:182} INFO - Started process (PID=662) to work on /usr/local/lib/python3.6/dist-packages/airflow/example_dags/example_dag_decorator.py
[2021-09-30 07:41:04,013] {scheduler_job.py:629} INFO - Processing file /usr/local/lib/python3.6/dist-packages/airflow/example_dags/example_dag_decorator.py for tasks to queue
[2021-09-30 07:41:04,013] {logging_mixin.py:104} INFO - [2021-09-30 07:41:04,013] {dagbag.py:451} INFO - Filling up the DagBag from /usr/local/lib/python3.6/dist-packages/airflow/example_dags/example_dag_decorator.py
[2021-09-30 07:41:04,022] {scheduler_job.py:639} INFO - DAG(s) dict_keys(['example_dag_decorator']) retrieved from /usr/local/lib/python3.6/dist-packages/airflow/example_dags/example_dag_decorator.py
[2021-09-30 07:41:04,036] {logging_mixin.py:104} INFO - [2021-09-30 07:41:04,036] {dag.py:1824} INFO - Sync 1 DAGs
[2021-09-30 07:41:04,047] {logging_mixin.py:104} INFO - [2021-09-30 07:41:04,047] {dag.py:2280} INFO - Setting next_dagrun for example_dag_decorator to None
[2021-09-30 07:41:04,055] {scheduler_job.py:190} INFO - Processing /usr/local/lib/python3.6/dist-packages/airflow/example_dags/example_dag_decorator.py took 0.044 seconds
[2021-09-30 07:41:34,719] {scheduler_job.py:182} INFO - Started process (PID=736) to work on /usr/local/lib/python3.6/dist-packages/airflow/example_dags/example_dag_decorator.py
[2021-09-30 07:41:34,720] {scheduler_job.py:629} INFO - Processing file /usr/local/lib/python3.6/dist-packages/airflow/example_dags/example_dag_decorator.py for tasks to queue
[2021-09-30 07:41:34,720] {logging_mixin.py:104} INFO - [2021-09-30 07:41:34,720] {dagbag.py:451} INFO - Filling up the DagBag from /usr/local/lib/python3.6/dist-packages/airflow/example_dags/example_dag_decorator.py
[2021-09-30 07:41:34,728] {scheduler_job.py:639} INFO - DAG(s) dict_keys(['example_dag_decorator']) retrieved from /usr/local/lib/python3.6/dist-packages/airflow/example_dags/example_dag_decorator.py
[2021-09-30 07:41:34,741] {logging_mixin.py:104} INFO - [2021-09-30 07:41:34,741] {dag.py:1824} INFO - Sync 1 DAGs
[2021-09-30 07:41:34,750] {logging_mixin.py:104} INFO - [2021-09-30 07:41:34,750] {dag.py:2280} INFO - Setting next_dagrun for example_dag_decorator to None
[2021-09-30 07:41:34,756] {scheduler_job.py:190} INFO - Processing /usr/local/lib/python3.6/dist-packages/airflow/example_dags/example_dag_decorator.py took 0.038 seconds
[2021-09-30 07:42:05,441] {scheduler_job.py:182} INFO - Started process (PID=813) to work on /usr/local/lib/python3.6/dist-packages/airflow/example_dags/example_dag_decorator.py
[2021-09-30 07:42:05,442] {scheduler_job.py:629} INFO - Processing file /usr/local/lib/python3.6/dist-packages/airflow/example_dags/example_dag_decorator.py for tasks to queue
[2021-09-30 07:42:05,442] {logging_mixin.py:104} INFO - [2021-09-30 07:42:05,442] {dagbag.py:451} INFO - Filling up the DagBag from /usr/local/lib/python3.6/dist-packages/airflow/example_dags/example_dag_decorator.py
[2021-09-30 07:42:05,452] {scheduler_job.py:639} INFO - DAG(s) dict_keys(['example_dag_decorator']) retrieved from /usr/local/lib/python3.6/dist-packages/airflow/example_dags/example_dag_decorator.py
[2021-09-30 07:42:05,467] {logging_mixin.py:104} INFO - [2021-09-30 07:42:05,466] {dag.py:1824} INFO - Sync 1 DAGs
[2021-09-30 07:42:05,476] {logging_mixin.py:104} INFO - [2021-09-30 07:42:05,476] {dag.py:2280} INFO - Setting next_dagrun for example_dag_decorator to None
[2021-09-30 07:42:05,485] {scheduler_job.py:190} INFO - Processing /usr/local/lib/python3.6/dist-packages/airflow/example_dags/example_dag_decorator.py took 0.045 seconds
[2021-09-30 07:42:36,385] {scheduler_job.py:182} INFO - Started process (PID=894) to work on /usr/local/lib/python3.6/dist-packages/airflow/example_dags/example_dag_decorator.py
[2021-09-30 07:42:36,386] {scheduler_job.py:629} INFO - Processing file /usr/local/lib/python3.6/dist-packages/airflow/example_dags/example_dag_decorator.py for tasks to queue
[2021-09-30 07:42:36,387] {logging_mixin.py:104} INFO - [2021-09-30 07:42:36,386] {dagbag.py:451} INFO - Filling up the DagBag from /usr/local/lib/python3.6/dist-packages/airflow/example_dags/example_dag_decorator.py
[2021-09-30 07:42:36,398] {scheduler_job.py:639} INFO - DAG(s) dict_keys(['example_dag_decorator']) retrieved from /usr/local/lib/python3.6/dist-packages/airflow/example_dags/example_dag_decorator.py
[2021-09-30 07:42:36,417] {logging_mixin.py:104} INFO - [2021-09-30 07:42:36,416] {dag.py:1824} INFO - Sync 1 DAGs
[2021-09-30 07:42:36,428] {logging_mixin.py:104} INFO - [2021-09-30 07:42:36,427] {dag.py:2280} INFO - Setting next_dagrun for example_dag_decorator to None
[2021-09-30 07:42:36,440] {scheduler_job.py:190} INFO - Processing /usr/local/lib/python3.6/dist-packages/airflow/example_dags/example_dag_decorator.py took 0.057 seconds
[2021-09-30 07:43:06,644] {scheduler_job.py:182} INFO - Started process (PID=967) to work on /usr/local/lib/python3.6/dist-packages/airflow/example_dags/example_dag_decorator.py
[2021-09-30 07:43:06,645] {scheduler_job.py:629} INFO - Processing file /usr/local/lib/python3.6/dist-packages/airflow/example_dags/example_dag_decorator.py for tasks to queue
[2021-09-30 07:43:06,645] {logging_mixin.py:104} INFO - [2021-09-30 07:43:06,645] {dagbag.py:451} INFO - Filling up the DagBag from /usr/local/lib/python3.6/dist-packages/airflow/example_dags/example_dag_decorator.py
[2021-09-30 07:43:06,658] {scheduler_job.py:639} INFO - DAG(s) dict_keys(['example_dag_decorator']) retrieved from /usr/local/lib/python3.6/dist-packages/airflow/example_dags/example_dag_decorator.py
[2021-09-30 07:43:06,679] {logging_mixin.py:104} INFO - [2021-09-30 07:43:06,679] {dag.py:1824} INFO - Sync 1 DAGs
[2021-09-30 07:43:06,693] {logging_mixin.py:104} INFO - [2021-09-30 07:43:06,693] {dag.py:2280} INFO - Setting next_dagrun for example_dag_decorator to None
[2021-09-30 07:43:06,704] {scheduler_job.py:190} INFO - Processing /usr/local/lib/python3.6/dist-packages/airflow/example_dags/example_dag_decorator.py took 0.063 seconds
[2021-09-30 07:43:49,281] {scheduler_job.py:182} INFO - Started process (PID=47) to work on /usr/local/lib/python3.6/dist-packages/airflow/example_dags/example_dag_decorator.py
[2021-09-30 07:43:49,282] {scheduler_job.py:629} INFO - Processing file /usr/local/lib/python3.6/dist-packages/airflow/example_dags/example_dag_decorator.py for tasks to queue
[2021-09-30 07:43:49,283] {logging_mixin.py:104} INFO - [2021-09-30 07:43:49,283] {dagbag.py:451} INFO - Filling up the DagBag from /usr/local/lib/python3.6/dist-packages/airflow/example_dags/example_dag_decorator.py
[2021-09-30 07:43:49,303] {scheduler_job.py:639} INFO - DAG(s) dict_keys(['example_dag_decorator']) retrieved from /usr/local/lib/python3.6/dist-packages/airflow/example_dags/example_dag_decorator.py
[2021-09-30 07:43:49,325] {logging_mixin.py:104} INFO - [2021-09-30 07:43:49,324] {dag.py:1824} INFO - Sync 1 DAGs
[2021-09-30 07:43:49,343] {logging_mixin.py:104} INFO - [2021-09-30 07:43:49,343] {dag.py:2280} INFO - Setting next_dagrun for example_dag_decorator to None
[2021-09-30 07:43:49,355] {scheduler_job.py:190} INFO - Processing /usr/local/lib/python3.6/dist-packages/airflow/example_dags/example_dag_decorator.py took 0.077 seconds
[2021-09-30 07:44:19,894] {scheduler_job.py:182} INFO - Started process (PID=188) to work on /usr/local/lib/python3.6/dist-packages/airflow/example_dags/example_dag_decorator.py
[2021-09-30 07:44:19,895] {scheduler_job.py:629} INFO - Processing file /usr/local/lib/python3.6/dist-packages/airflow/example_dags/example_dag_decorator.py for tasks to queue
[2021-09-30 07:44:19,895] {logging_mixin.py:104} INFO - [2021-09-30 07:44:19,895] {dagbag.py:451} INFO - Filling up the DagBag from /usr/local/lib/python3.6/dist-packages/airflow/example_dags/example_dag_decorator.py
[2021-09-30 07:44:19,906] {scheduler_job.py:639} INFO - DAG(s) dict_keys(['example_dag_decorator']) retrieved from /usr/local/lib/python3.6/dist-packages/airflow/example_dags/example_dag_decorator.py
[2021-09-30 07:44:19,922] {logging_mixin.py:104} INFO - [2021-09-30 07:44:19,922] {dag.py:1824} INFO - Sync 1 DAGs
[2021-09-30 07:44:19,932] {logging_mixin.py:104} INFO - [2021-09-30 07:44:19,932] {dag.py:2280} INFO - Setting next_dagrun for example_dag_decorator to None
[2021-09-30 07:44:19,940] {scheduler_job.py:190} INFO - Processing /usr/local/lib/python3.6/dist-packages/airflow/example_dags/example_dag_decorator.py took 0.047 seconds
[2021-09-30 07:44:50,763] {scheduler_job.py:182} INFO - Started process (PID=263) to work on /usr/local/lib/python3.6/dist-packages/airflow/example_dags/example_dag_decorator.py
[2021-09-30 07:44:50,763] {scheduler_job.py:629} INFO - Processing file /usr/local/lib/python3.6/dist-packages/airflow/example_dags/example_dag_decorator.py for tasks to queue
[2021-09-30 07:44:50,763] {logging_mixin.py:104} INFO - [2021-09-30 07:44:50,763] {dagbag.py:451} INFO - Filling up the DagBag from /usr/local/lib/python3.6/dist-packages/airflow/example_dags/example_dag_decorator.py
[2021-09-30 07:44:50,774] {scheduler_job.py:639} INFO - DAG(s) dict_keys(['example_dag_decorator']) retrieved from /usr/local/lib/python3.6/dist-packages/airflow/example_dags/example_dag_decorator.py
[2021-09-30 07:44:50,793] {logging_mixin.py:104} INFO - [2021-09-30 07:44:50,792] {dag.py:1824} INFO - Sync 1 DAGs
[2021-09-30 07:44:50,806] {logging_mixin.py:104} INFO - [2021-09-30 07:44:50,805] {dag.py:2280} INFO - Setting next_dagrun for example_dag_decorator to None
[2021-09-30 07:44:50,816] {scheduler_job.py:190} INFO - Processing /usr/local/lib/python3.6/dist-packages/airflow/example_dags/example_dag_decorator.py took 0.056 seconds
[2021-09-30 07:45:21,143] {scheduler_job.py:182} INFO - Started process (PID=341) to work on /usr/local/lib/python3.6/dist-packages/airflow/example_dags/example_dag_decorator.py
[2021-09-30 07:45:21,144] {scheduler_job.py:629} INFO - Processing file /usr/local/lib/python3.6/dist-packages/airflow/example_dags/example_dag_decorator.py for tasks to queue
[2021-09-30 07:45:21,144] {logging_mixin.py:104} INFO - [2021-09-30 07:45:21,144] {dagbag.py:451} INFO - Filling up the DagBag from /usr/local/lib/python3.6/dist-packages/airflow/example_dags/example_dag_decorator.py
[2021-09-30 07:45:21,159] {scheduler_job.py:639} INFO - DAG(s) dict_keys(['example_dag_decorator']) retrieved from /usr/local/lib/python3.6/dist-packages/airflow/example_dags/example_dag_decorator.py
[2021-09-30 07:45:21,179] {logging_mixin.py:104} INFO - [2021-09-30 07:45:21,179] {dag.py:1824} INFO - Sync 1 DAGs
[2021-09-30 07:45:21,191] {logging_mixin.py:104} INFO - [2021-09-30 07:45:21,191] {dag.py:2280} INFO - Setting next_dagrun for example_dag_decorator to None
[2021-09-30 07:45:21,200] {scheduler_job.py:190} INFO - Processing /usr/local/lib/python3.6/dist-packages/airflow/example_dags/example_dag_decorator.py took 0.060 seconds
[2021-09-30 07:45:51,736] {scheduler_job.py:182} INFO - Started process (PID=415) to work on /usr/local/lib/python3.6/dist-packages/airflow/example_dags/example_dag_decorator.py
[2021-09-30 07:45:51,737] {scheduler_job.py:629} INFO - Processing file /usr/local/lib/python3.6/dist-packages/airflow/example_dags/example_dag_decorator.py for tasks to queue
[2021-09-30 07:45:51,737] {logging_mixin.py:104} INFO - [2021-09-30 07:45:51,737] {dagbag.py:451} INFO - Filling up the DagBag from /usr/local/lib/python3.6/dist-packages/airflow/example_dags/example_dag_decorator.py
[2021-09-30 07:45:51,749] {scheduler_job.py:639} INFO - DAG(s) dict_keys(['example_dag_decorator']) retrieved from /usr/local/lib/python3.6/dist-packages/airflow/example_dags/example_dag_decorator.py
[2021-09-30 07:45:51,767] {logging_mixin.py:104} INFO - [2021-09-30 07:45:51,767] {dag.py:1824} INFO - Sync 1 DAGs
[2021-09-30 07:45:51,777] {logging_mixin.py:104} INFO - [2021-09-30 07:45:51,777] {dag.py:2280} INFO - Setting next_dagrun for example_dag_decorator to None
[2021-09-30 07:45:51,791] {scheduler_job.py:190} INFO - Processing /usr/local/lib/python3.6/dist-packages/airflow/example_dags/example_dag_decorator.py took 0.057 seconds
[2021-09-30 07:46:21,978] {scheduler_job.py:182} INFO - Started process (PID=499) to work on /usr/local/lib/python3.6/dist-packages/airflow/example_dags/example_dag_decorator.py
[2021-09-30 07:46:21,979] {scheduler_job.py:629} INFO - Processing file /usr/local/lib/python3.6/dist-packages/airflow/example_dags/example_dag_decorator.py for tasks to queue
[2021-09-30 07:46:21,979] {logging_mixin.py:104} INFO - [2021-09-30 07:46:21,979] {dagbag.py:451} INFO - Filling up the DagBag from /usr/local/lib/python3.6/dist-packages/airflow/example_dags/example_dag_decorator.py
[2021-09-30 07:46:21,994] {scheduler_job.py:639} INFO - DAG(s) dict_keys(['example_dag_decorator']) retrieved from /usr/local/lib/python3.6/dist-packages/airflow/example_dags/example_dag_decorator.py
[2021-09-30 07:46:22,015] {logging_mixin.py:104} INFO - [2021-09-30 07:46:22,015] {dag.py:1824} INFO - Sync 1 DAGs
[2021-09-30 07:46:22,029] {logging_mixin.py:104} INFO - [2021-09-30 07:46:22,029] {dag.py:2280} INFO - Setting next_dagrun for example_dag_decorator to None
[2021-09-30 07:46:22,042] {scheduler_job.py:190} INFO - Processing /usr/local/lib/python3.6/dist-packages/airflow/example_dags/example_dag_decorator.py took 0.067 seconds
[2021-09-30 07:46:52,309] {scheduler_job.py:182} INFO - Started process (PID=575) to work on /usr/local/lib/python3.6/dist-packages/airflow/example_dags/example_dag_decorator.py
[2021-09-30 07:46:52,309] {scheduler_job.py:629} INFO - Processing file /usr/local/lib/python3.6/dist-packages/airflow/example_dags/example_dag_decorator.py for tasks to queue
[2021-09-30 07:46:52,310] {logging_mixin.py:104} INFO - [2021-09-30 07:46:52,310] {dagbag.py:451} INFO - Filling up the DagBag from /usr/local/lib/python3.6/dist-packages/airflow/example_dags/example_dag_decorator.py
[2021-09-30 07:46:52,322] {scheduler_job.py:639} INFO - DAG(s) dict_keys(['example_dag_decorator']) retrieved from /usr/local/lib/python3.6/dist-packages/airflow/example_dags/example_dag_decorator.py
[2021-09-30 07:46:52,341] {logging_mixin.py:104} INFO - [2021-09-30 07:46:52,340] {dag.py:1824} INFO - Sync 1 DAGs
[2021-09-30 07:46:52,352] {logging_mixin.py:104} INFO - [2021-09-30 07:46:52,352] {dag.py:2280} INFO - Setting next_dagrun for example_dag_decorator to None
[2021-09-30 07:46:52,360] {scheduler_job.py:190} INFO - Processing /usr/local/lib/python3.6/dist-packages/airflow/example_dags/example_dag_decorator.py took 0.054 seconds
[2021-09-30 07:47:22,763] {scheduler_job.py:182} INFO - Started process (PID=649) to work on /usr/local/lib/python3.6/dist-packages/airflow/example_dags/example_dag_decorator.py
[2021-09-30 07:47:22,764] {scheduler_job.py:629} INFO - Processing file /usr/local/lib/python3.6/dist-packages/airflow/example_dags/example_dag_decorator.py for tasks to queue
[2021-09-30 07:47:22,764] {logging_mixin.py:104} INFO - [2021-09-30 07:47:22,764] {dagbag.py:451} INFO - Filling up the DagBag from /usr/local/lib/python3.6/dist-packages/airflow/example_dags/example_dag_decorator.py
[2021-09-30 07:47:22,775] {scheduler_job.py:639} INFO - DAG(s) dict_keys(['example_dag_decorator']) retrieved from /usr/local/lib/python3.6/dist-packages/airflow/example_dags/example_dag_decorator.py
[2021-09-30 07:47:22,793] {logging_mixin.py:104} INFO - [2021-09-30 07:47:22,793] {dag.py:1824} INFO - Sync 1 DAGs
[2021-09-30 07:47:22,805] {logging_mixin.py:104} INFO - [2021-09-30 07:47:22,805] {dag.py:2280} INFO - Setting next_dagrun for example_dag_decorator to None
[2021-09-30 07:47:22,814] {scheduler_job.py:190} INFO - Processing /usr/local/lib/python3.6/dist-packages/airflow/example_dags/example_dag_decorator.py took 0.053 seconds
[2021-09-30 07:47:52,943] {scheduler_job.py:182} INFO - Started process (PID=725) to work on /usr/local/lib/python3.6/dist-packages/airflow/example_dags/example_dag_decorator.py
[2021-09-30 07:47:52,944] {scheduler_job.py:629} INFO - Processing file /usr/local/lib/python3.6/dist-packages/airflow/example_dags/example_dag_decorator.py for tasks to queue
[2021-09-30 07:47:52,944] {logging_mixin.py:104} INFO - [2021-09-30 07:47:52,944] {dagbag.py:451} INFO - Filling up the DagBag from /usr/local/lib/python3.6/dist-packages/airflow/example_dags/example_dag_decorator.py
[2021-09-30 07:47:52,956] {scheduler_job.py:639} INFO - DAG(s) dict_keys(['example_dag_decorator']) retrieved from /usr/local/lib/python3.6/dist-packages/airflow/example_dags/example_dag_decorator.py
[2021-09-30 07:47:52,972] {logging_mixin.py:104} INFO - [2021-09-30 07:47:52,972] {dag.py:1824} INFO - Sync 1 DAGs
[2021-09-30 07:47:52,986] {logging_mixin.py:104} INFO - [2021-09-30 07:47:52,986] {dag.py:2280} INFO - Setting next_dagrun for example_dag_decorator to None
[2021-09-30 07:47:52,996] {scheduler_job.py:190} INFO - Processing /usr/local/lib/python3.6/dist-packages/airflow/example_dags/example_dag_decorator.py took 0.056 seconds
[2021-09-30 07:48:23,138] {scheduler_job.py:182} INFO - Started process (PID=798) to work on /usr/local/lib/python3.6/dist-packages/airflow/example_dags/example_dag_decorator.py
[2021-09-30 07:48:23,139] {scheduler_job.py:629} INFO - Processing file /usr/local/lib/python3.6/dist-packages/airflow/example_dags/example_dag_decorator.py for tasks to queue
[2021-09-30 07:48:23,139] {logging_mixin.py:104} INFO - [2021-09-30 07:48:23,139] {dagbag.py:451} INFO - Filling up the DagBag from /usr/local/lib/python3.6/dist-packages/airflow/example_dags/example_dag_decorator.py
[2021-09-30 07:48:23,151] {scheduler_job.py:639} INFO - DAG(s) dict_keys(['example_dag_decorator']) retrieved from /usr/local/lib/python3.6/dist-packages/airflow/example_dags/example_dag_decorator.py
[2021-09-30 07:48:23,169] {logging_mixin.py:104} INFO - [2021-09-30 07:48:23,169] {dag.py:1824} INFO - Sync 1 DAGs
[2021-09-30 07:48:23,182] {logging_mixin.py:104} INFO - [2021-09-30 07:48:23,182] {dag.py:2280} INFO - Setting next_dagrun for example_dag_decorator to None
[2021-09-30 07:48:23,191] {scheduler_job.py:190} INFO - Processing /usr/local/lib/python3.6/dist-packages/airflow/example_dags/example_dag_decorator.py took 0.057 seconds
[2021-09-30 07:48:53,263] {scheduler_job.py:182} INFO - Started process (PID=874) to work on /usr/local/lib/python3.6/dist-packages/airflow/example_dags/example_dag_decorator.py
[2021-09-30 07:48:53,263] {scheduler_job.py:629} INFO - Processing file /usr/local/lib/python3.6/dist-packages/airflow/example_dags/example_dag_decorator.py for tasks to queue
[2021-09-30 07:48:53,264] {logging_mixin.py:104} INFO - [2021-09-30 07:48:53,264] {dagbag.py:451} INFO - Filling up the DagBag from /usr/local/lib/python3.6/dist-packages/airflow/example_dags/example_dag_decorator.py
[2021-09-30 07:48:53,276] {scheduler_job.py:639} INFO - DAG(s) dict_keys(['example_dag_decorator']) retrieved from /usr/local/lib/python3.6/dist-packages/airflow/example_dags/example_dag_decorator.py
[2021-09-30 07:48:53,296] {logging_mixin.py:104} INFO - [2021-09-30 07:48:53,296] {dag.py:1824} INFO - Sync 1 DAGs
[2021-09-30 07:48:53,310] {logging_mixin.py:104} INFO - [2021-09-30 07:48:53,310] {dag.py:2280} INFO - Setting next_dagrun for example_dag_decorator to None
[2021-09-30 07:48:53,321] {scheduler_job.py:190} INFO - Processing /usr/local/lib/python3.6/dist-packages/airflow/example_dags/example_dag_decorator.py took 0.060 seconds
[2021-09-30 07:49:23,555] {scheduler_job.py:182} INFO - Started process (PID=947) to work on /usr/local/lib/python3.6/dist-packages/airflow/example_dags/example_dag_decorator.py
[2021-09-30 07:49:23,555] {scheduler_job.py:629} INFO - Processing file /usr/local/lib/python3.6/dist-packages/airflow/example_dags/example_dag_decorator.py for tasks to queue
[2021-09-30 07:49:23,556] {logging_mixin.py:104} INFO - [2021-09-30 07:49:23,556] {dagbag.py:451} INFO - Filling up the DagBag from /usr/local/lib/python3.6/dist-packages/airflow/example_dags/example_dag_decorator.py
[2021-09-30 07:49:23,569] {scheduler_job.py:639} INFO - DAG(s) dict_keys(['example_dag_decorator']) retrieved from /usr/local/lib/python3.6/dist-packages/airflow/example_dags/example_dag_decorator.py
[2021-09-30 07:49:23,590] {logging_mixin.py:104} INFO - [2021-09-30 07:49:23,589] {dag.py:1824} INFO - Sync 1 DAGs
[2021-09-30 07:49:23,603] {logging_mixin.py:104} INFO - [2021-09-30 07:49:23,602] {dag.py:2280} INFO - Setting next_dagrun for example_dag_decorator to None
[2021-09-30 07:49:23,614] {scheduler_job.py:190} INFO - Processing /usr/local/lib/python3.6/dist-packages/airflow/example_dags/example_dag_decorator.py took 0.062 seconds
[2021-09-30 07:49:53,837] {scheduler_job.py:182} INFO - Started process (PID=1021) to work on /usr/local/lib/python3.6/dist-packages/airflow/example_dags/example_dag_decorator.py
[2021-09-30 07:49:53,838] {scheduler_job.py:629} INFO - Processing file /usr/local/lib/python3.6/dist-packages/airflow/example_dags/example_dag_decorator.py for tasks to queue
[2021-09-30 07:49:53,839] {logging_mixin.py:104} INFO - [2021-09-30 07:49:53,839] {dagbag.py:451} INFO - Filling up the DagBag from /usr/local/lib/python3.6/dist-packages/airflow/example_dags/example_dag_decorator.py
[2021-09-30 07:49:53,851] {scheduler_job.py:639} INFO - DAG(s) dict_keys(['example_dag_decorator']) retrieved from /usr/local/lib/python3.6/dist-packages/airflow/example_dags/example_dag_decorator.py
[2021-09-30 07:49:53,868] {logging_mixin.py:104} INFO - [2021-09-30 07:49:53,868] {dag.py:1824} INFO - Sync 1 DAGs
[2021-09-30 07:49:53,880] {logging_mixin.py:104} INFO - [2021-09-30 07:49:53,880] {dag.py:2280} INFO - Setting next_dagrun for example_dag_decorator to None
[2021-09-30 07:49:53,891] {scheduler_job.py:190} INFO - Processing /usr/local/lib/python3.6/dist-packages/airflow/example_dags/example_dag_decorator.py took 0.057 seconds
[2021-09-30 07:50:24,017] {scheduler_job.py:182} INFO - Started process (PID=1096) to work on /usr/local/lib/python3.6/dist-packages/airflow/example_dags/example_dag_decorator.py
[2021-09-30 07:50:24,017] {scheduler_job.py:629} INFO - Processing file /usr/local/lib/python3.6/dist-packages/airflow/example_dags/example_dag_decorator.py for tasks to queue
[2021-09-30 07:50:24,018] {logging_mixin.py:104} INFO - [2021-09-30 07:50:24,018] {dagbag.py:451} INFO - Filling up the DagBag from /usr/local/lib/python3.6/dist-packages/airflow/example_dags/example_dag_decorator.py
[2021-09-30 07:50:24,029] {scheduler_job.py:639} INFO - DAG(s) dict_keys(['example_dag_decorator']) retrieved from /usr/local/lib/python3.6/dist-packages/airflow/example_dags/example_dag_decorator.py
[2021-09-30 07:50:24,048] {logging_mixin.py:104} INFO - [2021-09-30 07:50:24,048] {dag.py:1824} INFO - Sync 1 DAGs
[2021-09-30 07:50:24,062] {logging_mixin.py:104} INFO - [2021-09-30 07:50:24,062] {dag.py:2280} INFO - Setting next_dagrun for example_dag_decorator to None
[2021-09-30 07:50:24,072] {scheduler_job.py:190} INFO - Processing /usr/local/lib/python3.6/dist-packages/airflow/example_dags/example_dag_decorator.py took 0.057 seconds
[2021-09-30 07:50:54,167] {scheduler_job.py:182} INFO - Started process (PID=1170) to work on /usr/local/lib/python3.6/dist-packages/airflow/example_dags/example_dag_decorator.py
[2021-09-30 07:50:54,169] {scheduler_job.py:629} INFO - Processing file /usr/local/lib/python3.6/dist-packages/airflow/example_dags/example_dag_decorator.py for tasks to queue
[2021-09-30 07:50:54,170] {logging_mixin.py:104} INFO - [2021-09-30 07:50:54,170] {dagbag.py:451} INFO - Filling up the DagBag from /usr/local/lib/python3.6/dist-packages/airflow/example_dags/example_dag_decorator.py
[2021-09-30 07:50:54,181] {scheduler_job.py:639} INFO - DAG(s) dict_keys(['example_dag_decorator']) retrieved from /usr/local/lib/python3.6/dist-packages/airflow/example_dags/example_dag_decorator.py
[2021-09-30 07:50:54,198] {logging_mixin.py:104} INFO - [2021-09-30 07:50:54,198] {dag.py:1824} INFO - Sync 1 DAGs
[2021-09-30 07:50:54,212] {logging_mixin.py:104} INFO - [2021-09-30 07:50:54,212] {dag.py:2280} INFO - Setting next_dagrun for example_dag_decorator to None
[2021-09-30 07:50:54,222] {scheduler_job.py:190} INFO - Processing /usr/local/lib/python3.6/dist-packages/airflow/example_dags/example_dag_decorator.py took 0.058 seconds
[2021-09-30 07:51:24,433] {scheduler_job.py:182} INFO - Started process (PID=1244) to work on /usr/local/lib/python3.6/dist-packages/airflow/example_dags/example_dag_decorator.py
[2021-09-30 07:51:24,434] {scheduler_job.py:629} INFO - Processing file /usr/local/lib/python3.6/dist-packages/airflow/example_dags/example_dag_decorator.py for tasks to queue
[2021-09-30 07:51:24,434] {logging_mixin.py:104} INFO - [2021-09-30 07:51:24,434] {dagbag.py:451} INFO - Filling up the DagBag from /usr/local/lib/python3.6/dist-packages/airflow/example_dags/example_dag_decorator.py
[2021-09-30 07:51:24,445] {scheduler_job.py:639} INFO - DAG(s) dict_keys(['example_dag_decorator']) retrieved from /usr/local/lib/python3.6/dist-packages/airflow/example_dags/example_dag_decorator.py
[2021-09-30 07:51:24,462] {logging_mixin.py:104} INFO - [2021-09-30 07:51:24,462] {dag.py:1824} INFO - Sync 1 DAGs
[2021-09-30 07:51:24,474] {logging_mixin.py:104} INFO - [2021-09-30 07:51:24,474] {dag.py:2280} INFO - Setting next_dagrun for example_dag_decorator to None
[2021-09-30 07:51:24,482] {scheduler_job.py:190} INFO - Processing /usr/local/lib/python3.6/dist-packages/airflow/example_dags/example_dag_decorator.py took 0.052 seconds
[2021-09-30 07:51:55,277] {scheduler_job.py:182} INFO - Started process (PID=1323) to work on /usr/local/lib/python3.6/dist-packages/airflow/example_dags/example_dag_decorator.py
[2021-09-30 07:51:55,277] {scheduler_job.py:629} INFO - Processing file /usr/local/lib/python3.6/dist-packages/airflow/example_dags/example_dag_decorator.py for tasks to queue
[2021-09-30 07:51:55,278] {logging_mixin.py:104} INFO - [2021-09-30 07:51:55,278] {dagbag.py:451} INFO - Filling up the DagBag from /usr/local/lib/python3.6/dist-packages/airflow/example_dags/example_dag_decorator.py
[2021-09-30 07:51:55,289] {scheduler_job.py:639} INFO - DAG(s) dict_keys(['example_dag_decorator']) retrieved from /usr/local/lib/python3.6/dist-packages/airflow/example_dags/example_dag_decorator.py
[2021-09-30 07:51:55,306] {logging_mixin.py:104} INFO - [2021-09-30 07:51:55,306] {dag.py:1824} INFO - Sync 1 DAGs
[2021-09-30 07:51:55,319] {logging_mixin.py:104} INFO - [2021-09-30 07:51:55,319] {dag.py:2280} INFO - Setting next_dagrun for example_dag_decorator to None
[2021-09-30 07:51:55,328] {scheduler_job.py:190} INFO - Processing /usr/local/lib/python3.6/dist-packages/airflow/example_dags/example_dag_decorator.py took 0.054 seconds
[2021-09-30 07:52:25,458] {scheduler_job.py:182} INFO - Started process (PID=1384) to work on /usr/local/lib/python3.6/dist-packages/airflow/example_dags/example_dag_decorator.py
[2021-09-30 07:52:25,458] {scheduler_job.py:629} INFO - Processing file /usr/local/lib/python3.6/dist-packages/airflow/example_dags/example_dag_decorator.py for tasks to queue
[2021-09-30 07:52:25,459] {logging_mixin.py:104} INFO - [2021-09-30 07:52:25,459] {dagbag.py:451} INFO - Filling up the DagBag from /usr/local/lib/python3.6/dist-packages/airflow/example_dags/example_dag_decorator.py
[2021-09-30 07:52:25,469] {scheduler_job.py:639} INFO - DAG(s) dict_keys(['example_dag_decorator']) retrieved from /usr/local/lib/python3.6/dist-packages/airflow/example_dags/example_dag_decorator.py
[2021-09-30 07:52:25,484] {logging_mixin.py:104} INFO - [2021-09-30 07:52:25,484] {dag.py:1824} INFO - Sync 1 DAGs
[2021-09-30 07:52:25,496] {logging_mixin.py:104} INFO - [2021-09-30 07:52:25,495] {dag.py:2280} INFO - Setting next_dagrun for example_dag_decorator to None
[2021-09-30 07:52:25,505] {scheduler_job.py:190} INFO - Processing /usr/local/lib/python3.6/dist-packages/airflow/example_dags/example_dag_decorator.py took 0.050 seconds
[2021-09-30 07:52:56,167] {scheduler_job.py:182} INFO - Started process (PID=1459) to work on /usr/local/lib/python3.6/dist-packages/airflow/example_dags/example_dag_decorator.py
[2021-09-30 07:52:56,168] {scheduler_job.py:629} INFO - Processing file /usr/local/lib/python3.6/dist-packages/airflow/example_dags/example_dag_decorator.py for tasks to queue
[2021-09-30 07:52:56,168] {logging_mixin.py:104} INFO - [2021-09-30 07:52:56,168] {dagbag.py:451} INFO - Filling up the DagBag from /usr/local/lib/python3.6/dist-packages/airflow/example_dags/example_dag_decorator.py
[2021-09-30 07:52:56,180] {scheduler_job.py:639} INFO - DAG(s) dict_keys(['example_dag_decorator']) retrieved from /usr/local/lib/python3.6/dist-packages/airflow/example_dags/example_dag_decorator.py
[2021-09-30 07:52:56,197] {logging_mixin.py:104} INFO - [2021-09-30 07:52:56,197] {dag.py:1824} INFO - Sync 1 DAGs
[2021-09-30 07:52:56,209] {logging_mixin.py:104} INFO - [2021-09-30 07:52:56,209] {dag.py:2280} INFO - Setting next_dagrun for example_dag_decorator to None
[2021-09-30 07:52:56,218] {scheduler_job.py:190} INFO - Processing /usr/local/lib/python3.6/dist-packages/airflow/example_dags/example_dag_decorator.py took 0.053 seconds
[2021-09-30 07:53:26,249] {scheduler_job.py:182} INFO - Started process (PID=1533) to work on /usr/local/lib/python3.6/dist-packages/airflow/example_dags/example_dag_decorator.py
[2021-09-30 07:53:26,250] {scheduler_job.py:629} INFO - Processing file /usr/local/lib/python3.6/dist-packages/airflow/example_dags/example_dag_decorator.py for tasks to queue
[2021-09-30 07:53:26,250] {logging_mixin.py:104} INFO - [2021-09-30 07:53:26,250] {dagbag.py:451} INFO - Filling up the DagBag from /usr/local/lib/python3.6/dist-packages/airflow/example_dags/example_dag_decorator.py
[2021-09-30 07:53:26,265] {scheduler_job.py:639} INFO - DAG(s) dict_keys(['example_dag_decorator']) retrieved from /usr/local/lib/python3.6/dist-packages/airflow/example_dags/example_dag_decorator.py
[2021-09-30 07:53:26,283] {logging_mixin.py:104} INFO - [2021-09-30 07:53:26,283] {dag.py:1824} INFO - Sync 1 DAGs
[2021-09-30 07:53:26,298] {logging_mixin.py:104} INFO - [2021-09-30 07:53:26,298] {dag.py:2280} INFO - Setting next_dagrun for example_dag_decorator to None
[2021-09-30 07:53:26,308] {scheduler_job.py:190} INFO - Processing /usr/local/lib/python3.6/dist-packages/airflow/example_dags/example_dag_decorator.py took 0.061 seconds
[2021-09-30 07:53:56,528] {scheduler_job.py:182} INFO - Started process (PID=1607) to work on /usr/local/lib/python3.6/dist-packages/airflow/example_dags/example_dag_decorator.py
[2021-09-30 07:53:56,529] {scheduler_job.py:629} INFO - Processing file /usr/local/lib/python3.6/dist-packages/airflow/example_dags/example_dag_decorator.py for tasks to queue
[2021-09-30 07:53:56,530] {logging_mixin.py:104} INFO - [2021-09-30 07:53:56,530] {dagbag.py:451} INFO - Filling up the DagBag from /usr/local/lib/python3.6/dist-packages/airflow/example_dags/example_dag_decorator.py
[2021-09-30 07:53:56,541] {scheduler_job.py:639} INFO - DAG(s) dict_keys(['example_dag_decorator']) retrieved from /usr/local/lib/python3.6/dist-packages/airflow/example_dags/example_dag_decorator.py
[2021-09-30 07:53:56,560] {logging_mixin.py:104} INFO - [2021-09-30 07:53:56,560] {dag.py:1824} INFO - Sync 1 DAGs
[2021-09-30 07:53:56,571] {logging_mixin.py:104} INFO - [2021-09-30 07:53:56,571] {dag.py:2280} INFO - Setting next_dagrun for example_dag_decorator to None
[2021-09-30 07:53:56,581] {scheduler_job.py:190} INFO - Processing /usr/local/lib/python3.6/dist-packages/airflow/example_dags/example_dag_decorator.py took 0.055 seconds
[2021-09-30 07:54:26,907] {scheduler_job.py:182} INFO - Started process (PID=1681) to work on /usr/local/lib/python3.6/dist-packages/airflow/example_dags/example_dag_decorator.py
[2021-09-30 07:54:26,907] {scheduler_job.py:629} INFO - Processing file /usr/local/lib/python3.6/dist-packages/airflow/example_dags/example_dag_decorator.py for tasks to queue
[2021-09-30 07:54:26,908] {logging_mixin.py:104} INFO - [2021-09-30 07:54:26,908] {dagbag.py:451} INFO - Filling up the DagBag from /usr/local/lib/python3.6/dist-packages/airflow/example_dags/example_dag_decorator.py
[2021-09-30 07:54:26,920] {scheduler_job.py:639} INFO - DAG(s) dict_keys(['example_dag_decorator']) retrieved from /usr/local/lib/python3.6/dist-packages/airflow/example_dags/example_dag_decorator.py
[2021-09-30 07:54:26,938] {logging_mixin.py:104} INFO - [2021-09-30 07:54:26,938] {dag.py:1824} INFO - Sync 1 DAGs
[2021-09-30 07:54:26,948] {logging_mixin.py:104} INFO - [2021-09-30 07:54:26,948] {dag.py:2280} INFO - Setting next_dagrun for example_dag_decorator to None
[2021-09-30 07:54:26,956] {scheduler_job.py:190} INFO - Processing /usr/local/lib/python3.6/dist-packages/airflow/example_dags/example_dag_decorator.py took 0.052 seconds
[2021-09-30 07:54:57,191] {scheduler_job.py:182} INFO - Started process (PID=1756) to work on /usr/local/lib/python3.6/dist-packages/airflow/example_dags/example_dag_decorator.py
[2021-09-30 07:54:57,192] {scheduler_job.py:629} INFO - Processing file /usr/local/lib/python3.6/dist-packages/airflow/example_dags/example_dag_decorator.py for tasks to queue
[2021-09-30 07:54:57,192] {logging_mixin.py:104} INFO - [2021-09-30 07:54:57,192] {dagbag.py:451} INFO - Filling up the DagBag from /usr/local/lib/python3.6/dist-packages/airflow/example_dags/example_dag_decorator.py
[2021-09-30 07:54:57,205] {scheduler_job.py:639} INFO - DAG(s) dict_keys(['example_dag_decorator']) retrieved from /usr/local/lib/python3.6/dist-packages/airflow/example_dags/example_dag_decorator.py
[2021-09-30 07:54:57,223] {logging_mixin.py:104} INFO - [2021-09-30 07:54:57,223] {dag.py:1824} INFO - Sync 1 DAGs
[2021-09-30 07:54:57,233] {logging_mixin.py:104} INFO - [2021-09-30 07:54:57,233] {dag.py:2280} INFO - Setting next_dagrun for example_dag_decorator to None
[2021-09-30 07:54:57,242] {scheduler_job.py:190} INFO - Processing /usr/local/lib/python3.6/dist-packages/airflow/example_dags/example_dag_decorator.py took 0.053 seconds
[2021-09-30 07:55:27,491] {scheduler_job.py:182} INFO - Started process (PID=1830) to work on /usr/local/lib/python3.6/dist-packages/airflow/example_dags/example_dag_decorator.py
[2021-09-30 07:55:27,492] {scheduler_job.py:629} INFO - Processing file /usr/local/lib/python3.6/dist-packages/airflow/example_dags/example_dag_decorator.py for tasks to queue
[2021-09-30 07:55:27,493] {logging_mixin.py:104} INFO - [2021-09-30 07:55:27,493] {dagbag.py:451} INFO - Filling up the DagBag from /usr/local/lib/python3.6/dist-packages/airflow/example_dags/example_dag_decorator.py
[2021-09-30 07:55:27,504] {scheduler_job.py:639} INFO - DAG(s) dict_keys(['example_dag_decorator']) retrieved from /usr/local/lib/python3.6/dist-packages/airflow/example_dags/example_dag_decorator.py
[2021-09-30 07:55:27,523] {logging_mixin.py:104} INFO - [2021-09-30 07:55:27,523] {dag.py:1824} INFO - Sync 1 DAGs
[2021-09-30 07:55:27,533] {logging_mixin.py:104} INFO - [2021-09-30 07:55:27,533] {dag.py:2280} INFO - Setting next_dagrun for example_dag_decorator to None
[2021-09-30 07:55:27,542] {scheduler_job.py:190} INFO - Processing /usr/local/lib/python3.6/dist-packages/airflow/example_dags/example_dag_decorator.py took 0.052 seconds
[2021-09-30 07:55:57,648] {scheduler_job.py:182} INFO - Started process (PID=1906) to work on /usr/local/lib/python3.6/dist-packages/airflow/example_dags/example_dag_decorator.py
[2021-09-30 07:55:57,649] {scheduler_job.py:629} INFO - Processing file /usr/local/lib/python3.6/dist-packages/airflow/example_dags/example_dag_decorator.py for tasks to queue
[2021-09-30 07:55:57,650] {logging_mixin.py:104} INFO - [2021-09-30 07:55:57,650] {dagbag.py:451} INFO - Filling up the DagBag from /usr/local/lib/python3.6/dist-packages/airflow/example_dags/example_dag_decorator.py
[2021-09-30 07:55:57,661] {scheduler_job.py:639} INFO - DAG(s) dict_keys(['example_dag_decorator']) retrieved from /usr/local/lib/python3.6/dist-packages/airflow/example_dags/example_dag_decorator.py
[2021-09-30 07:55:57,679] {logging_mixin.py:104} INFO - [2021-09-30 07:55:57,679] {dag.py:1824} INFO - Sync 1 DAGs
[2021-09-30 07:55:57,689] {logging_mixin.py:104} INFO - [2021-09-30 07:55:57,689] {dag.py:2280} INFO - Setting next_dagrun for example_dag_decorator to None
[2021-09-30 07:55:57,697] {scheduler_job.py:190} INFO - Processing /usr/local/lib/python3.6/dist-packages/airflow/example_dags/example_dag_decorator.py took 0.051 seconds
[2021-09-30 07:56:27,795] {scheduler_job.py:182} INFO - Started process (PID=1982) to work on /usr/local/lib/python3.6/dist-packages/airflow/example_dags/example_dag_decorator.py
[2021-09-30 07:56:27,796] {scheduler_job.py:629} INFO - Processing file /usr/local/lib/python3.6/dist-packages/airflow/example_dags/example_dag_decorator.py for tasks to queue
[2021-09-30 07:56:27,797] {logging_mixin.py:104} INFO - [2021-09-30 07:56:27,796] {dagbag.py:451} INFO - Filling up the DagBag from /usr/local/lib/python3.6/dist-packages/airflow/example_dags/example_dag_decorator.py
[2021-09-30 07:56:27,808] {scheduler_job.py:639} INFO - DAG(s) dict_keys(['example_dag_decorator']) retrieved from /usr/local/lib/python3.6/dist-packages/airflow/example_dags/example_dag_decorator.py
[2021-09-30 07:56:27,824] {logging_mixin.py:104} INFO - [2021-09-30 07:56:27,824] {dag.py:1824} INFO - Sync 1 DAGs
[2021-09-30 07:56:27,833] {logging_mixin.py:104} INFO - [2021-09-30 07:56:27,833] {dag.py:2280} INFO - Setting next_dagrun for example_dag_decorator to None
[2021-09-30 07:56:27,841] {scheduler_job.py:190} INFO - Processing /usr/local/lib/python3.6/dist-packages/airflow/example_dags/example_dag_decorator.py took 0.047 seconds
[2021-09-30 07:56:58,598] {scheduler_job.py:182} INFO - Started process (PID=2056) to work on /usr/local/lib/python3.6/dist-packages/airflow/example_dags/example_dag_decorator.py
[2021-09-30 07:56:58,599] {scheduler_job.py:629} INFO - Processing file /usr/local/lib/python3.6/dist-packages/airflow/example_dags/example_dag_decorator.py for tasks to queue
[2021-09-30 07:56:58,599] {logging_mixin.py:104} INFO - [2021-09-30 07:56:58,599] {dagbag.py:451} INFO - Filling up the DagBag from /usr/local/lib/python3.6/dist-packages/airflow/example_dags/example_dag_decorator.py
[2021-09-30 07:56:58,610] {scheduler_job.py:639} INFO - DAG(s) dict_keys(['example_dag_decorator']) retrieved from /usr/local/lib/python3.6/dist-packages/airflow/example_dags/example_dag_decorator.py
[2021-09-30 07:56:58,626] {logging_mixin.py:104} INFO - [2021-09-30 07:56:58,626] {dag.py:1824} INFO - Sync 1 DAGs
[2021-09-30 07:56:58,638] {logging_mixin.py:104} INFO - [2021-09-30 07:56:58,638] {dag.py:2280} INFO - Setting next_dagrun for example_dag_decorator to None
[2021-09-30 07:56:58,646] {scheduler_job.py:190} INFO - Processing /usr/local/lib/python3.6/dist-packages/airflow/example_dags/example_dag_decorator.py took 0.050 seconds
[2021-09-30 07:57:29,389] {scheduler_job.py:182} INFO - Started process (PID=2130) to work on /usr/local/lib/python3.6/dist-packages/airflow/example_dags/example_dag_decorator.py
[2021-09-30 07:57:29,390] {scheduler_job.py:629} INFO - Processing file /usr/local/lib/python3.6/dist-packages/airflow/example_dags/example_dag_decorator.py for tasks to queue
[2021-09-30 07:57:29,390] {logging_mixin.py:104} INFO - [2021-09-30 07:57:29,390] {dagbag.py:451} INFO - Filling up the DagBag from /usr/local/lib/python3.6/dist-packages/airflow/example_dags/example_dag_decorator.py
[2021-09-30 07:57:29,402] {scheduler_job.py:639} INFO - DAG(s) dict_keys(['example_dag_decorator']) retrieved from /usr/local/lib/python3.6/dist-packages/airflow/example_dags/example_dag_decorator.py
[2021-09-30 07:57:29,420] {logging_mixin.py:104} INFO - [2021-09-30 07:57:29,420] {dag.py:1824} INFO - Sync 1 DAGs
[2021-09-30 07:57:29,430] {logging_mixin.py:104} INFO - [2021-09-30 07:57:29,430] {dag.py:2280} INFO - Setting next_dagrun for example_dag_decorator to None
[2021-09-30 07:57:29,439] {scheduler_job.py:190} INFO - Processing /usr/local/lib/python3.6/dist-packages/airflow/example_dags/example_dag_decorator.py took 0.052 seconds
[2021-09-30 07:57:59,482] {scheduler_job.py:182} INFO - Started process (PID=2207) to work on /usr/local/lib/python3.6/dist-packages/airflow/example_dags/example_dag_decorator.py
[2021-09-30 07:57:59,482] {scheduler_job.py:629} INFO - Processing file /usr/local/lib/python3.6/dist-packages/airflow/example_dags/example_dag_decorator.py for tasks to queue
[2021-09-30 07:57:59,483] {logging_mixin.py:104} INFO - [2021-09-30 07:57:59,483] {dagbag.py:451} INFO - Filling up the DagBag from /usr/local/lib/python3.6/dist-packages/airflow/example_dags/example_dag_decorator.py
[2021-09-30 07:57:59,495] {scheduler_job.py:639} INFO - DAG(s) dict_keys(['example_dag_decorator']) retrieved from /usr/local/lib/python3.6/dist-packages/airflow/example_dags/example_dag_decorator.py
[2021-09-30 07:57:59,511] {logging_mixin.py:104} INFO - [2021-09-30 07:57:59,510] {dag.py:1824} INFO - Sync 1 DAGs
[2021-09-30 07:57:59,522] {logging_mixin.py:104} INFO - [2021-09-30 07:57:59,522] {dag.py:2280} INFO - Setting next_dagrun for example_dag_decorator to None
[2021-09-30 07:57:59,530] {scheduler_job.py:190} INFO - Processing /usr/local/lib/python3.6/dist-packages/airflow/example_dags/example_dag_decorator.py took 0.050 seconds
[2021-09-30 07:58:29,601] {scheduler_job.py:182} INFO - Started process (PID=2280) to work on /usr/local/lib/python3.6/dist-packages/airflow/example_dags/example_dag_decorator.py
[2021-09-30 07:58:29,602] {scheduler_job.py:629} INFO - Processing file /usr/local/lib/python3.6/dist-packages/airflow/example_dags/example_dag_decorator.py for tasks to queue
[2021-09-30 07:58:29,602] {logging_mixin.py:104} INFO - [2021-09-30 07:58:29,602] {dagbag.py:451} INFO - Filling up the DagBag from /usr/local/lib/python3.6/dist-packages/airflow/example_dags/example_dag_decorator.py
[2021-09-30 07:58:29,614] {scheduler_job.py:639} INFO - DAG(s) dict_keys(['example_dag_decorator']) retrieved from /usr/local/lib/python3.6/dist-packages/airflow/example_dags/example_dag_decorator.py
[2021-09-30 07:58:29,632] {logging_mixin.py:104} INFO - [2021-09-30 07:58:29,632] {dag.py:1824} INFO - Sync 1 DAGs
[2021-09-30 07:58:29,644] {logging_mixin.py:104} INFO - [2021-09-30 07:58:29,644] {dag.py:2280} INFO - Setting next_dagrun for example_dag_decorator to None
[2021-09-30 07:58:29,653] {scheduler_job.py:190} INFO - Processing /usr/local/lib/python3.6/dist-packages/airflow/example_dags/example_dag_decorator.py took 0.054 seconds
[2021-09-30 07:58:59,817] {scheduler_job.py:182} INFO - Started process (PID=2356) to work on /usr/local/lib/python3.6/dist-packages/airflow/example_dags/example_dag_decorator.py
[2021-09-30 07:58:59,818] {scheduler_job.py:629} INFO - Processing file /usr/local/lib/python3.6/dist-packages/airflow/example_dags/example_dag_decorator.py for tasks to queue
[2021-09-30 07:58:59,819] {logging_mixin.py:104} INFO - [2021-09-30 07:58:59,818] {dagbag.py:451} INFO - Filling up the DagBag from /usr/local/lib/python3.6/dist-packages/airflow/example_dags/example_dag_decorator.py
[2021-09-30 07:58:59,834] {scheduler_job.py:639} INFO - DAG(s) dict_keys(['example_dag_decorator']) retrieved from /usr/local/lib/python3.6/dist-packages/airflow/example_dags/example_dag_decorator.py
[2021-09-30 07:58:59,854] {logging_mixin.py:104} INFO - [2021-09-30 07:58:59,853] {dag.py:1824} INFO - Sync 1 DAGs
[2021-09-30 07:58:59,867] {logging_mixin.py:104} INFO - [2021-09-30 07:58:59,866] {dag.py:2280} INFO - Setting next_dagrun for example_dag_decorator to None
[2021-09-30 07:58:59,877] {scheduler_job.py:190} INFO - Processing /usr/local/lib/python3.6/dist-packages/airflow/example_dags/example_dag_decorator.py took 0.062 seconds
[2021-09-30 07:59:29,956] {scheduler_job.py:182} INFO - Started process (PID=2430) to work on /usr/local/lib/python3.6/dist-packages/airflow/example_dags/example_dag_decorator.py
[2021-09-30 07:59:29,957] {scheduler_job.py:629} INFO - Processing file /usr/local/lib/python3.6/dist-packages/airflow/example_dags/example_dag_decorator.py for tasks to queue
[2021-09-30 07:59:29,957] {logging_mixin.py:104} INFO - [2021-09-30 07:59:29,957] {dagbag.py:451} INFO - Filling up the DagBag from /usr/local/lib/python3.6/dist-packages/airflow/example_dags/example_dag_decorator.py
[2021-09-30 07:59:29,968] {scheduler_job.py:639} INFO - DAG(s) dict_keys(['example_dag_decorator']) retrieved from /usr/local/lib/python3.6/dist-packages/airflow/example_dags/example_dag_decorator.py
[2021-09-30 07:59:29,985] {logging_mixin.py:104} INFO - [2021-09-30 07:59:29,985] {dag.py:1824} INFO - Sync 1 DAGs
[2021-09-30 07:59:29,996] {logging_mixin.py:104} INFO - [2021-09-30 07:59:29,996] {dag.py:2280} INFO - Setting next_dagrun for example_dag_decorator to None
[2021-09-30 07:59:30,004] {scheduler_job.py:190} INFO - Processing /usr/local/lib/python3.6/dist-packages/airflow/example_dags/example_dag_decorator.py took 0.051 seconds
[2021-09-30 08:00:00,222] {scheduler_job.py:182} INFO - Started process (PID=2506) to work on /usr/local/lib/python3.6/dist-packages/airflow/example_dags/example_dag_decorator.py
[2021-09-30 08:00:00,223] {scheduler_job.py:629} INFO - Processing file /usr/local/lib/python3.6/dist-packages/airflow/example_dags/example_dag_decorator.py for tasks to queue
[2021-09-30 08:00:00,223] {logging_mixin.py:104} INFO - [2021-09-30 08:00:00,223] {dagbag.py:451} INFO - Filling up the DagBag from /usr/local/lib/python3.6/dist-packages/airflow/example_dags/example_dag_decorator.py
[2021-09-30 08:00:00,235] {scheduler_job.py:639} INFO - DAG(s) dict_keys(['example_dag_decorator']) retrieved from /usr/local/lib/python3.6/dist-packages/airflow/example_dags/example_dag_decorator.py
[2021-09-30 08:00:00,252] {logging_mixin.py:104} INFO - [2021-09-30 08:00:00,252] {dag.py:1824} INFO - Sync 1 DAGs
[2021-09-30 08:00:00,263] {logging_mixin.py:104} INFO - [2021-09-30 08:00:00,263] {dag.py:2280} INFO - Setting next_dagrun for example_dag_decorator to None
[2021-09-30 08:00:00,271] {scheduler_job.py:190} INFO - Processing /usr/local/lib/python3.6/dist-packages/airflow/example_dags/example_dag_decorator.py took 0.051 seconds
[2021-09-30 08:00:30,406] {scheduler_job.py:182} INFO - Started process (PID=2580) to work on /usr/local/lib/python3.6/dist-packages/airflow/example_dags/example_dag_decorator.py
[2021-09-30 08:00:30,407] {scheduler_job.py:629} INFO - Processing file /usr/local/lib/python3.6/dist-packages/airflow/example_dags/example_dag_decorator.py for tasks to queue
[2021-09-30 08:00:30,408] {logging_mixin.py:104} INFO - [2021-09-30 08:00:30,408] {dagbag.py:451} INFO - Filling up the DagBag from /usr/local/lib/python3.6/dist-packages/airflow/example_dags/example_dag_decorator.py
[2021-09-30 08:00:30,419] {scheduler_job.py:639} INFO - DAG(s) dict_keys(['example_dag_decorator']) retrieved from /usr/local/lib/python3.6/dist-packages/airflow/example_dags/example_dag_decorator.py
[2021-09-30 08:00:30,436] {logging_mixin.py:104} INFO - [2021-09-30 08:00:30,436] {dag.py:1824} INFO - Sync 1 DAGs
[2021-09-30 08:00:30,446] {logging_mixin.py:104} INFO - [2021-09-30 08:00:30,446] {dag.py:2280} INFO - Setting next_dagrun for example_dag_decorator to None
[2021-09-30 08:00:30,454] {scheduler_job.py:190} INFO - Processing /usr/local/lib/python3.6/dist-packages/airflow/example_dags/example_dag_decorator.py took 0.050 seconds
[2021-09-30 08:01:01,212] {scheduler_job.py:182} INFO - Started process (PID=2641) to work on /usr/local/lib/python3.6/dist-packages/airflow/example_dags/example_dag_decorator.py
[2021-09-30 08:01:01,216] {scheduler_job.py:629} INFO - Processing file /usr/local/lib/python3.6/dist-packages/airflow/example_dags/example_dag_decorator.py for tasks to queue
[2021-09-30 08:01:01,217] {logging_mixin.py:104} INFO - [2021-09-30 08:01:01,217] {dagbag.py:451} INFO - Filling up the DagBag from /usr/local/lib/python3.6/dist-packages/airflow/example_dags/example_dag_decorator.py
[2021-09-30 08:01:01,233] {scheduler_job.py:639} INFO - DAG(s) dict_keys(['example_dag_decorator']) retrieved from /usr/local/lib/python3.6/dist-packages/airflow/example_dags/example_dag_decorator.py
[2021-09-30 08:01:01,257] {logging_mixin.py:104} INFO - [2021-09-30 08:01:01,257] {dag.py:1824} INFO - Sync 1 DAGs
[2021-09-30 08:01:01,272] {logging_mixin.py:104} INFO - [2021-09-30 08:01:01,272] {dag.py:2280} INFO - Setting next_dagrun for example_dag_decorator to None
[2021-09-30 08:01:01,281] {scheduler_job.py:190} INFO - Processing /usr/local/lib/python3.6/dist-packages/airflow/example_dags/example_dag_decorator.py took 0.074 seconds
[2021-09-30 08:01:31,302] {scheduler_job.py:182} INFO - Started process (PID=2717) to work on /usr/local/lib/python3.6/dist-packages/airflow/example_dags/example_dag_decorator.py
[2021-09-30 08:01:31,302] {scheduler_job.py:629} INFO - Processing file /usr/local/lib/python3.6/dist-packages/airflow/example_dags/example_dag_decorator.py for tasks to queue
[2021-09-30 08:01:31,303] {logging_mixin.py:104} INFO - [2021-09-30 08:01:31,303] {dagbag.py:451} INFO - Filling up the DagBag from /usr/local/lib/python3.6/dist-packages/airflow/example_dags/example_dag_decorator.py
[2021-09-30 08:01:31,313] {scheduler_job.py:639} INFO - DAG(s) dict_keys(['example_dag_decorator']) retrieved from /usr/local/lib/python3.6/dist-packages/airflow/example_dags/example_dag_decorator.py
[2021-09-30 08:01:31,329] {logging_mixin.py:104} INFO - [2021-09-30 08:01:31,329] {dag.py:1824} INFO - Sync 1 DAGs
[2021-09-30 08:01:31,339] {logging_mixin.py:104} INFO - [2021-09-30 08:01:31,339] {dag.py:2280} INFO - Setting next_dagrun for example_dag_decorator to None
[2021-09-30 08:01:31,346] {scheduler_job.py:190} INFO - Processing /usr/local/lib/python3.6/dist-packages/airflow/example_dags/example_dag_decorator.py took 0.047 seconds
[2021-09-30 08:02:01,846] {scheduler_job.py:182} INFO - Started process (PID=2791) to work on /usr/local/lib/python3.6/dist-packages/airflow/example_dags/example_dag_decorator.py
[2021-09-30 08:02:01,846] {scheduler_job.py:629} INFO - Processing file /usr/local/lib/python3.6/dist-packages/airflow/example_dags/example_dag_decorator.py for tasks to queue
[2021-09-30 08:02:01,847] {logging_mixin.py:104} INFO - [2021-09-30 08:02:01,847] {dagbag.py:451} INFO - Filling up the DagBag from /usr/local/lib/python3.6/dist-packages/airflow/example_dags/example_dag_decorator.py
[2021-09-30 08:02:01,858] {scheduler_job.py:639} INFO - DAG(s) dict_keys(['example_dag_decorator']) retrieved from /usr/local/lib/python3.6/dist-packages/airflow/example_dags/example_dag_decorator.py
[2021-09-30 08:02:01,874] {logging_mixin.py:104} INFO - [2021-09-30 08:02:01,874] {dag.py:1824} INFO - Sync 1 DAGs
[2021-09-30 08:02:01,884] {logging_mixin.py:104} INFO - [2021-09-30 08:02:01,884] {dag.py:2280} INFO - Setting next_dagrun for example_dag_decorator to None
[2021-09-30 08:02:01,892] {scheduler_job.py:190} INFO - Processing /usr/local/lib/python3.6/dist-packages/airflow/example_dags/example_dag_decorator.py took 0.049 seconds
