[2021-09-30 07:30:45,402] {scheduler_job.py:182} INFO - Started process (PID=58) to work on /usr/local/lib/python3.6/dist-packages/airflow/example_dags/example_branch_operator.py
[2021-09-30 07:30:45,402] {scheduler_job.py:629} INFO - Processing file /usr/local/lib/python3.6/dist-packages/airflow/example_dags/example_branch_operator.py for tasks to queue
[2021-09-30 07:30:45,402] {logging_mixin.py:104} INFO - [2021-09-30 07:30:45,402] {dagbag.py:451} INFO - Filling up the DagBag from /usr/local/lib/python3.6/dist-packages/airflow/example_dags/example_branch_operator.py
[2021-09-30 07:30:45,411] {scheduler_job.py:639} INFO - DAG(s) dict_keys(['example_branch_operator']) retrieved from /usr/local/lib/python3.6/dist-packages/airflow/example_dags/example_branch_operator.py
[2021-09-30 07:30:45,419] {logging_mixin.py:104} INFO - [2021-09-30 07:30:45,419] {dag.py:1824} INFO - Sync 1 DAGs
[2021-09-30 07:30:45,436] {logging_mixin.py:104} INFO - [2021-09-30 07:30:45,436] {dag.py:2280} INFO - Setting next_dagrun for example_branch_operator to 2021-09-28 00:00:00+00:00
[2021-09-30 07:30:45,444] {scheduler_job.py:190} INFO - Processing /usr/local/lib/python3.6/dist-packages/airflow/example_dags/example_branch_operator.py took 0.044 seconds
[2021-09-30 07:31:15,515] {scheduler_job.py:182} INFO - Started process (PID=225) to work on /usr/local/lib/python3.6/dist-packages/airflow/example_dags/example_branch_operator.py
[2021-09-30 07:31:15,516] {scheduler_job.py:629} INFO - Processing file /usr/local/lib/python3.6/dist-packages/airflow/example_dags/example_branch_operator.py for tasks to queue
[2021-09-30 07:31:15,516] {logging_mixin.py:104} INFO - [2021-09-30 07:31:15,516] {dagbag.py:451} INFO - Filling up the DagBag from /usr/local/lib/python3.6/dist-packages/airflow/example_dags/example_branch_operator.py
[2021-09-30 07:31:15,530] {scheduler_job.py:639} INFO - DAG(s) dict_keys(['example_branch_operator']) retrieved from /usr/local/lib/python3.6/dist-packages/airflow/example_dags/example_branch_operator.py
[2021-09-30 07:31:15,549] {logging_mixin.py:104} INFO - [2021-09-30 07:31:15,549] {dag.py:1824} INFO - Sync 1 DAGs
[2021-09-30 07:31:15,567] {logging_mixin.py:104} INFO - [2021-09-30 07:31:15,567] {dag.py:2280} INFO - Setting next_dagrun for example_branch_operator to 2021-09-28 00:00:00+00:00
[2021-09-30 07:31:15,576] {scheduler_job.py:190} INFO - Processing /usr/local/lib/python3.6/dist-packages/airflow/example_dags/example_branch_operator.py took 0.065 seconds
[2021-09-30 07:31:46,506] {scheduler_job.py:182} INFO - Started process (PID=298) to work on /usr/local/lib/python3.6/dist-packages/airflow/example_dags/example_branch_operator.py
[2021-09-30 07:31:46,506] {scheduler_job.py:629} INFO - Processing file /usr/local/lib/python3.6/dist-packages/airflow/example_dags/example_branch_operator.py for tasks to queue
[2021-09-30 07:31:46,507] {logging_mixin.py:104} INFO - [2021-09-30 07:31:46,506] {dagbag.py:451} INFO - Filling up the DagBag from /usr/local/lib/python3.6/dist-packages/airflow/example_dags/example_branch_operator.py
[2021-09-30 07:31:46,515] {scheduler_job.py:639} INFO - DAG(s) dict_keys(['example_branch_operator']) retrieved from /usr/local/lib/python3.6/dist-packages/airflow/example_dags/example_branch_operator.py
[2021-09-30 07:31:46,527] {logging_mixin.py:104} INFO - [2021-09-30 07:31:46,527] {dag.py:1824} INFO - Sync 1 DAGs
[2021-09-30 07:31:46,540] {logging_mixin.py:104} INFO - [2021-09-30 07:31:46,540] {dag.py:2280} INFO - Setting next_dagrun for example_branch_operator to 2021-09-28 00:00:00+00:00
[2021-09-30 07:31:46,545] {scheduler_job.py:190} INFO - Processing /usr/local/lib/python3.6/dist-packages/airflow/example_dags/example_branch_operator.py took 0.041 seconds
[2021-09-30 07:32:16,983] {scheduler_job.py:182} INFO - Started process (PID=376) to work on /usr/local/lib/python3.6/dist-packages/airflow/example_dags/example_branch_operator.py
[2021-09-30 07:32:16,983] {scheduler_job.py:629} INFO - Processing file /usr/local/lib/python3.6/dist-packages/airflow/example_dags/example_branch_operator.py for tasks to queue
[2021-09-30 07:32:16,984] {logging_mixin.py:104} INFO - [2021-09-30 07:32:16,984] {dagbag.py:451} INFO - Filling up the DagBag from /usr/local/lib/python3.6/dist-packages/airflow/example_dags/example_branch_operator.py
[2021-09-30 07:32:16,992] {scheduler_job.py:639} INFO - DAG(s) dict_keys(['example_branch_operator']) retrieved from /usr/local/lib/python3.6/dist-packages/airflow/example_dags/example_branch_operator.py
[2021-09-30 07:32:17,004] {logging_mixin.py:104} INFO - [2021-09-30 07:32:17,004] {dag.py:1824} INFO - Sync 1 DAGs
[2021-09-30 07:32:17,015] {logging_mixin.py:104} INFO - [2021-09-30 07:32:17,015] {dag.py:2280} INFO - Setting next_dagrun for example_branch_operator to 2021-09-28 00:00:00+00:00
[2021-09-30 07:32:17,022] {scheduler_job.py:190} INFO - Processing /usr/local/lib/python3.6/dist-packages/airflow/example_dags/example_branch_operator.py took 0.041 seconds
[2021-09-30 07:32:47,687] {scheduler_job.py:182} INFO - Started process (PID=461) to work on /usr/local/lib/python3.6/dist-packages/airflow/example_dags/example_branch_operator.py
[2021-09-30 07:32:47,687] {scheduler_job.py:629} INFO - Processing file /usr/local/lib/python3.6/dist-packages/airflow/example_dags/example_branch_operator.py for tasks to queue
[2021-09-30 07:32:47,688] {logging_mixin.py:104} INFO - [2021-09-30 07:32:47,688] {dagbag.py:451} INFO - Filling up the DagBag from /usr/local/lib/python3.6/dist-packages/airflow/example_dags/example_branch_operator.py
[2021-09-30 07:32:47,703] {scheduler_job.py:639} INFO - DAG(s) dict_keys(['example_branch_operator']) retrieved from /usr/local/lib/python3.6/dist-packages/airflow/example_dags/example_branch_operator.py
[2021-09-30 07:32:47,715] {logging_mixin.py:104} INFO - [2021-09-30 07:32:47,715] {dag.py:1824} INFO - Sync 1 DAGs
[2021-09-30 07:32:47,728] {logging_mixin.py:104} INFO - [2021-09-30 07:32:47,727] {dag.py:2280} INFO - Setting next_dagrun for example_branch_operator to 2021-09-28 00:00:00+00:00
[2021-09-30 07:32:47,733] {scheduler_job.py:190} INFO - Processing /usr/local/lib/python3.6/dist-packages/airflow/example_dags/example_branch_operator.py took 0.049 seconds
[2021-09-30 07:33:17,775] {scheduler_job.py:182} INFO - Started process (PID=555) to work on /usr/local/lib/python3.6/dist-packages/airflow/example_dags/example_branch_operator.py
[2021-09-30 07:33:17,775] {scheduler_job.py:629} INFO - Processing file /usr/local/lib/python3.6/dist-packages/airflow/example_dags/example_branch_operator.py for tasks to queue
[2021-09-30 07:33:17,775] {logging_mixin.py:104} INFO - [2021-09-30 07:33:17,775] {dagbag.py:451} INFO - Filling up the DagBag from /usr/local/lib/python3.6/dist-packages/airflow/example_dags/example_branch_operator.py
[2021-09-30 07:33:17,784] {scheduler_job.py:639} INFO - DAG(s) dict_keys(['example_branch_operator']) retrieved from /usr/local/lib/python3.6/dist-packages/airflow/example_dags/example_branch_operator.py
[2021-09-30 07:33:17,796] {logging_mixin.py:104} INFO - [2021-09-30 07:33:17,796] {dag.py:1824} INFO - Sync 1 DAGs
[2021-09-30 07:33:17,809] {logging_mixin.py:104} INFO - [2021-09-30 07:33:17,809] {dag.py:2280} INFO - Setting next_dagrun for example_branch_operator to 2021-09-28 00:00:00+00:00
[2021-09-30 07:33:17,816] {scheduler_job.py:190} INFO - Processing /usr/local/lib/python3.6/dist-packages/airflow/example_dags/example_branch_operator.py took 0.043 seconds
[2021-09-30 07:33:42,668] {scheduler_job.py:182} INFO - Started process (PID=47) to work on /usr/local/lib/python3.6/dist-packages/airflow/example_dags/example_branch_operator.py
[2021-09-30 07:33:42,669] {scheduler_job.py:629} INFO - Processing file /usr/local/lib/python3.6/dist-packages/airflow/example_dags/example_branch_operator.py for tasks to queue
[2021-09-30 07:33:42,669] {logging_mixin.py:104} INFO - [2021-09-30 07:33:42,669] {dagbag.py:451} INFO - Filling up the DagBag from /usr/local/lib/python3.6/dist-packages/airflow/example_dags/example_branch_operator.py
[2021-09-30 07:33:42,681] {scheduler_job.py:639} INFO - DAG(s) dict_keys(['example_branch_operator']) retrieved from /usr/local/lib/python3.6/dist-packages/airflow/example_dags/example_branch_operator.py
[2021-09-30 07:33:42,698] {logging_mixin.py:104} INFO - [2021-09-30 07:33:42,698] {dag.py:1824} INFO - Sync 1 DAGs
[2021-09-30 07:33:42,717] {logging_mixin.py:104} INFO - [2021-09-30 07:33:42,717] {dag.py:2280} INFO - Setting next_dagrun for example_branch_operator to 2021-09-28 00:00:00+00:00
[2021-09-30 07:33:42,726] {scheduler_job.py:190} INFO - Processing /usr/local/lib/python3.6/dist-packages/airflow/example_dags/example_branch_operator.py took 0.060 seconds
[2021-09-30 07:34:13,074] {scheduler_job.py:182} INFO - Started process (PID=188) to work on /usr/local/lib/python3.6/dist-packages/airflow/example_dags/example_branch_operator.py
[2021-09-30 07:34:13,075] {scheduler_job.py:629} INFO - Processing file /usr/local/lib/python3.6/dist-packages/airflow/example_dags/example_branch_operator.py for tasks to queue
[2021-09-30 07:34:13,075] {logging_mixin.py:104} INFO - [2021-09-30 07:34:13,075] {dagbag.py:451} INFO - Filling up the DagBag from /usr/local/lib/python3.6/dist-packages/airflow/example_dags/example_branch_operator.py
[2021-09-30 07:34:13,084] {scheduler_job.py:639} INFO - DAG(s) dict_keys(['example_branch_operator']) retrieved from /usr/local/lib/python3.6/dist-packages/airflow/example_dags/example_branch_operator.py
[2021-09-30 07:34:13,100] {logging_mixin.py:104} INFO - [2021-09-30 07:34:13,100] {dag.py:1824} INFO - Sync 1 DAGs
[2021-09-30 07:34:13,119] {logging_mixin.py:104} INFO - [2021-09-30 07:34:13,119] {dag.py:2280} INFO - Setting next_dagrun for example_branch_operator to 2021-09-28 00:00:00+00:00
[2021-09-30 07:34:13,127] {scheduler_job.py:190} INFO - Processing /usr/local/lib/python3.6/dist-packages/airflow/example_dags/example_branch_operator.py took 0.054 seconds
[2021-09-30 07:34:43,271] {scheduler_job.py:182} INFO - Started process (PID=263) to work on /usr/local/lib/python3.6/dist-packages/airflow/example_dags/example_branch_operator.py
[2021-09-30 07:34:43,272] {scheduler_job.py:629} INFO - Processing file /usr/local/lib/python3.6/dist-packages/airflow/example_dags/example_branch_operator.py for tasks to queue
[2021-09-30 07:34:43,272] {logging_mixin.py:104} INFO - [2021-09-30 07:34:43,272] {dagbag.py:451} INFO - Filling up the DagBag from /usr/local/lib/python3.6/dist-packages/airflow/example_dags/example_branch_operator.py
[2021-09-30 07:34:43,285] {scheduler_job.py:639} INFO - DAG(s) dict_keys(['example_branch_operator']) retrieved from /usr/local/lib/python3.6/dist-packages/airflow/example_dags/example_branch_operator.py
[2021-09-30 07:34:43,301] {logging_mixin.py:104} INFO - [2021-09-30 07:34:43,301] {dag.py:1824} INFO - Sync 1 DAGs
[2021-09-30 07:34:43,320] {logging_mixin.py:104} INFO - [2021-09-30 07:34:43,320] {dag.py:2280} INFO - Setting next_dagrun for example_branch_operator to 2021-09-28 00:00:00+00:00
[2021-09-30 07:34:43,333] {scheduler_job.py:190} INFO - Processing /usr/local/lib/python3.6/dist-packages/airflow/example_dags/example_branch_operator.py took 0.064 seconds
[2021-09-30 07:36:11,552] {scheduler_job.py:182} INFO - Started process (PID=50) to work on /usr/local/lib/python3.6/dist-packages/airflow/example_dags/example_branch_operator.py
[2021-09-30 07:36:11,553] {scheduler_job.py:629} INFO - Processing file /usr/local/lib/python3.6/dist-packages/airflow/example_dags/example_branch_operator.py for tasks to queue
[2021-09-30 07:36:11,554] {logging_mixin.py:104} INFO - [2021-09-30 07:36:11,553] {dagbag.py:451} INFO - Filling up the DagBag from /usr/local/lib/python3.6/dist-packages/airflow/example_dags/example_branch_operator.py
[2021-09-30 07:36:11,562] {scheduler_job.py:639} INFO - DAG(s) dict_keys(['example_branch_operator']) retrieved from /usr/local/lib/python3.6/dist-packages/airflow/example_dags/example_branch_operator.py
[2021-09-30 07:36:11,575] {logging_mixin.py:104} INFO - [2021-09-30 07:36:11,575] {dag.py:1824} INFO - Sync 1 DAGs
[2021-09-30 07:36:11,591] {logging_mixin.py:104} INFO - [2021-09-30 07:36:11,591] {dag.py:2280} INFO - Setting next_dagrun for example_branch_operator to 2021-09-28 00:00:00+00:00
[2021-09-30 07:36:11,598] {scheduler_job.py:190} INFO - Processing /usr/local/lib/python3.6/dist-packages/airflow/example_dags/example_branch_operator.py took 0.048 seconds
[2021-09-30 07:36:42,427] {scheduler_job.py:182} INFO - Started process (PID=188) to work on /usr/local/lib/python3.6/dist-packages/airflow/example_dags/example_branch_operator.py
[2021-09-30 07:36:42,427] {scheduler_job.py:629} INFO - Processing file /usr/local/lib/python3.6/dist-packages/airflow/example_dags/example_branch_operator.py for tasks to queue
[2021-09-30 07:36:42,428] {logging_mixin.py:104} INFO - [2021-09-30 07:36:42,427] {dagbag.py:451} INFO - Filling up the DagBag from /usr/local/lib/python3.6/dist-packages/airflow/example_dags/example_branch_operator.py
[2021-09-30 07:36:42,441] {scheduler_job.py:639} INFO - DAG(s) dict_keys(['example_branch_operator']) retrieved from /usr/local/lib/python3.6/dist-packages/airflow/example_dags/example_branch_operator.py
[2021-09-30 07:36:42,454] {logging_mixin.py:104} INFO - [2021-09-30 07:36:42,454] {dag.py:1824} INFO - Sync 1 DAGs
[2021-09-30 07:36:42,471] {logging_mixin.py:104} INFO - [2021-09-30 07:36:42,470] {dag.py:2280} INFO - Setting next_dagrun for example_branch_operator to 2021-09-28 00:00:00+00:00
[2021-09-30 07:36:42,477] {scheduler_job.py:190} INFO - Processing /usr/local/lib/python3.6/dist-packages/airflow/example_dags/example_branch_operator.py took 0.053 seconds
[2021-09-30 07:37:29,406] {scheduler_job.py:182} INFO - Started process (PID=71) to work on /usr/local/lib/python3.6/dist-packages/airflow/example_dags/example_branch_operator.py
[2021-09-30 07:37:29,407] {scheduler_job.py:629} INFO - Processing file /usr/local/lib/python3.6/dist-packages/airflow/example_dags/example_branch_operator.py for tasks to queue
[2021-09-30 07:37:29,408] {logging_mixin.py:104} INFO - [2021-09-30 07:37:29,408] {dagbag.py:451} INFO - Filling up the DagBag from /usr/local/lib/python3.6/dist-packages/airflow/example_dags/example_branch_operator.py
[2021-09-30 07:37:29,419] {scheduler_job.py:639} INFO - DAG(s) dict_keys(['example_branch_operator']) retrieved from /usr/local/lib/python3.6/dist-packages/airflow/example_dags/example_branch_operator.py
[2021-09-30 07:37:29,436] {logging_mixin.py:104} INFO - [2021-09-30 07:37:29,436] {dag.py:1824} INFO - Sync 1 DAGs
[2021-09-30 07:37:29,457] {logging_mixin.py:104} INFO - [2021-09-30 07:37:29,457] {dag.py:2280} INFO - Setting next_dagrun for example_branch_operator to 2021-09-28 00:00:00+00:00
[2021-09-30 07:37:29,465] {scheduler_job.py:190} INFO - Processing /usr/local/lib/python3.6/dist-packages/airflow/example_dags/example_branch_operator.py took 0.060 seconds
[2021-09-30 07:38:00,423] {scheduler_job.py:182} INFO - Started process (PID=206) to work on /usr/local/lib/python3.6/dist-packages/airflow/example_dags/example_branch_operator.py
[2021-09-30 07:38:00,424] {scheduler_job.py:629} INFO - Processing file /usr/local/lib/python3.6/dist-packages/airflow/example_dags/example_branch_operator.py for tasks to queue
[2021-09-30 07:38:00,424] {logging_mixin.py:104} INFO - [2021-09-30 07:38:00,424] {dagbag.py:451} INFO - Filling up the DagBag from /usr/local/lib/python3.6/dist-packages/airflow/example_dags/example_branch_operator.py
[2021-09-30 07:38:00,433] {scheduler_job.py:639} INFO - DAG(s) dict_keys(['example_branch_operator']) retrieved from /usr/local/lib/python3.6/dist-packages/airflow/example_dags/example_branch_operator.py
[2021-09-30 07:38:00,448] {logging_mixin.py:104} INFO - [2021-09-30 07:38:00,448] {dag.py:1824} INFO - Sync 1 DAGs
[2021-09-30 07:38:00,465] {logging_mixin.py:104} INFO - [2021-09-30 07:38:00,465] {dag.py:2280} INFO - Setting next_dagrun for example_branch_operator to 2021-09-28 00:00:00+00:00
[2021-09-30 07:38:00,471] {scheduler_job.py:190} INFO - Processing /usr/local/lib/python3.6/dist-packages/airflow/example_dags/example_branch_operator.py took 0.049 seconds
[2021-09-30 07:38:31,062] {scheduler_job.py:182} INFO - Started process (PID=284) to work on /usr/local/lib/python3.6/dist-packages/airflow/example_dags/example_branch_operator.py
[2021-09-30 07:38:31,062] {scheduler_job.py:629} INFO - Processing file /usr/local/lib/python3.6/dist-packages/airflow/example_dags/example_branch_operator.py for tasks to queue
[2021-09-30 07:38:31,063] {logging_mixin.py:104} INFO - [2021-09-30 07:38:31,063] {dagbag.py:451} INFO - Filling up the DagBag from /usr/local/lib/python3.6/dist-packages/airflow/example_dags/example_branch_operator.py
[2021-09-30 07:38:31,071] {scheduler_job.py:639} INFO - DAG(s) dict_keys(['example_branch_operator']) retrieved from /usr/local/lib/python3.6/dist-packages/airflow/example_dags/example_branch_operator.py
[2021-09-30 07:38:31,085] {logging_mixin.py:104} INFO - [2021-09-30 07:38:31,085] {dag.py:1824} INFO - Sync 1 DAGs
[2021-09-30 07:38:31,100] {logging_mixin.py:104} INFO - [2021-09-30 07:38:31,100] {dag.py:2280} INFO - Setting next_dagrun for example_branch_operator to 2021-09-28 00:00:00+00:00
[2021-09-30 07:38:31,106] {scheduler_job.py:190} INFO - Processing /usr/local/lib/python3.6/dist-packages/airflow/example_dags/example_branch_operator.py took 0.045 seconds
[2021-09-30 07:39:01,761] {scheduler_job.py:182} INFO - Started process (PID=358) to work on /usr/local/lib/python3.6/dist-packages/airflow/example_dags/example_branch_operator.py
[2021-09-30 07:39:01,762] {scheduler_job.py:629} INFO - Processing file /usr/local/lib/python3.6/dist-packages/airflow/example_dags/example_branch_operator.py for tasks to queue
[2021-09-30 07:39:01,762] {logging_mixin.py:104} INFO - [2021-09-30 07:39:01,762] {dagbag.py:451} INFO - Filling up the DagBag from /usr/local/lib/python3.6/dist-packages/airflow/example_dags/example_branch_operator.py
[2021-09-30 07:39:01,771] {scheduler_job.py:639} INFO - DAG(s) dict_keys(['example_branch_operator']) retrieved from /usr/local/lib/python3.6/dist-packages/airflow/example_dags/example_branch_operator.py
[2021-09-30 07:39:01,784] {logging_mixin.py:104} INFO - [2021-09-30 07:39:01,784] {dag.py:1824} INFO - Sync 1 DAGs
[2021-09-30 07:39:01,798] {logging_mixin.py:104} INFO - [2021-09-30 07:39:01,798] {dag.py:2280} INFO - Setting next_dagrun for example_branch_operator to 2021-09-28 00:00:00+00:00
[2021-09-30 07:39:01,805] {scheduler_job.py:190} INFO - Processing /usr/local/lib/python3.6/dist-packages/airflow/example_dags/example_branch_operator.py took 0.045 seconds
[2021-09-30 07:39:32,482] {scheduler_job.py:182} INFO - Started process (PID=442) to work on /usr/local/lib/python3.6/dist-packages/airflow/example_dags/example_branch_operator.py
[2021-09-30 07:39:32,483] {scheduler_job.py:629} INFO - Processing file /usr/local/lib/python3.6/dist-packages/airflow/example_dags/example_branch_operator.py for tasks to queue
[2021-09-30 07:39:32,484] {logging_mixin.py:104} INFO - [2021-09-30 07:39:32,483] {dagbag.py:451} INFO - Filling up the DagBag from /usr/local/lib/python3.6/dist-packages/airflow/example_dags/example_branch_operator.py
[2021-09-30 07:39:32,493] {scheduler_job.py:639} INFO - DAG(s) dict_keys(['example_branch_operator']) retrieved from /usr/local/lib/python3.6/dist-packages/airflow/example_dags/example_branch_operator.py
[2021-09-30 07:39:32,508] {logging_mixin.py:104} INFO - [2021-09-30 07:39:32,508] {dag.py:1824} INFO - Sync 1 DAGs
[2021-09-30 07:39:32,523] {logging_mixin.py:104} INFO - [2021-09-30 07:39:32,523] {dag.py:2280} INFO - Setting next_dagrun for example_branch_operator to 2021-09-28 00:00:00+00:00
[2021-09-30 07:39:32,529] {scheduler_job.py:190} INFO - Processing /usr/local/lib/python3.6/dist-packages/airflow/example_dags/example_branch_operator.py took 0.049 seconds
[2021-09-30 07:40:02,692] {scheduler_job.py:182} INFO - Started process (PID=515) to work on /usr/local/lib/python3.6/dist-packages/airflow/example_dags/example_branch_operator.py
[2021-09-30 07:40:02,692] {scheduler_job.py:629} INFO - Processing file /usr/local/lib/python3.6/dist-packages/airflow/example_dags/example_branch_operator.py for tasks to queue
[2021-09-30 07:40:02,693] {logging_mixin.py:104} INFO - [2021-09-30 07:40:02,692] {dagbag.py:451} INFO - Filling up the DagBag from /usr/local/lib/python3.6/dist-packages/airflow/example_dags/example_branch_operator.py
[2021-09-30 07:40:02,702] {scheduler_job.py:639} INFO - DAG(s) dict_keys(['example_branch_operator']) retrieved from /usr/local/lib/python3.6/dist-packages/airflow/example_dags/example_branch_operator.py
[2021-09-30 07:40:02,715] {logging_mixin.py:104} INFO - [2021-09-30 07:40:02,715] {dag.py:1824} INFO - Sync 1 DAGs
[2021-09-30 07:40:02,729] {logging_mixin.py:104} INFO - [2021-09-30 07:40:02,729] {dag.py:2280} INFO - Setting next_dagrun for example_branch_operator to 2021-09-28 00:00:00+00:00
[2021-09-30 07:40:02,735] {scheduler_job.py:190} INFO - Processing /usr/local/lib/python3.6/dist-packages/airflow/example_dags/example_branch_operator.py took 0.046 seconds
[2021-09-30 07:40:33,380] {scheduler_job.py:182} INFO - Started process (PID=591) to work on /usr/local/lib/python3.6/dist-packages/airflow/example_dags/example_branch_operator.py
[2021-09-30 07:40:33,380] {scheduler_job.py:629} INFO - Processing file /usr/local/lib/python3.6/dist-packages/airflow/example_dags/example_branch_operator.py for tasks to queue
[2021-09-30 07:40:33,381] {logging_mixin.py:104} INFO - [2021-09-30 07:40:33,381] {dagbag.py:451} INFO - Filling up the DagBag from /usr/local/lib/python3.6/dist-packages/airflow/example_dags/example_branch_operator.py
[2021-09-30 07:40:33,390] {scheduler_job.py:639} INFO - DAG(s) dict_keys(['example_branch_operator']) retrieved from /usr/local/lib/python3.6/dist-packages/airflow/example_dags/example_branch_operator.py
[2021-09-30 07:40:33,403] {logging_mixin.py:104} INFO - [2021-09-30 07:40:33,402] {dag.py:1824} INFO - Sync 1 DAGs
[2021-09-30 07:40:33,416] {logging_mixin.py:104} INFO - [2021-09-30 07:40:33,416] {dag.py:2280} INFO - Setting next_dagrun for example_branch_operator to 2021-09-28 00:00:00+00:00
[2021-09-30 07:40:33,422] {scheduler_job.py:190} INFO - Processing /usr/local/lib/python3.6/dist-packages/airflow/example_dags/example_branch_operator.py took 0.044 seconds
[2021-09-30 07:41:04,108] {scheduler_job.py:182} INFO - Started process (PID=666) to work on /usr/local/lib/python3.6/dist-packages/airflow/example_dags/example_branch_operator.py
[2021-09-30 07:41:04,109] {scheduler_job.py:629} INFO - Processing file /usr/local/lib/python3.6/dist-packages/airflow/example_dags/example_branch_operator.py for tasks to queue
[2021-09-30 07:41:04,109] {logging_mixin.py:104} INFO - [2021-09-30 07:41:04,109] {dagbag.py:451} INFO - Filling up the DagBag from /usr/local/lib/python3.6/dist-packages/airflow/example_dags/example_branch_operator.py
[2021-09-30 07:41:04,118] {scheduler_job.py:639} INFO - DAG(s) dict_keys(['example_branch_operator']) retrieved from /usr/local/lib/python3.6/dist-packages/airflow/example_dags/example_branch_operator.py
[2021-09-30 07:41:04,131] {logging_mixin.py:104} INFO - [2021-09-30 07:41:04,130] {dag.py:1824} INFO - Sync 1 DAGs
[2021-09-30 07:41:04,144] {logging_mixin.py:104} INFO - [2021-09-30 07:41:04,144] {dag.py:2280} INFO - Setting next_dagrun for example_branch_operator to 2021-09-28 00:00:00+00:00
[2021-09-30 07:41:04,150] {scheduler_job.py:190} INFO - Processing /usr/local/lib/python3.6/dist-packages/airflow/example_dags/example_branch_operator.py took 0.043 seconds
[2021-09-30 07:41:34,814] {scheduler_job.py:182} INFO - Started process (PID=740) to work on /usr/local/lib/python3.6/dist-packages/airflow/example_dags/example_branch_operator.py
[2021-09-30 07:41:34,814] {scheduler_job.py:629} INFO - Processing file /usr/local/lib/python3.6/dist-packages/airflow/example_dags/example_branch_operator.py for tasks to queue
[2021-09-30 07:41:34,815] {logging_mixin.py:104} INFO - [2021-09-30 07:41:34,815] {dagbag.py:451} INFO - Filling up the DagBag from /usr/local/lib/python3.6/dist-packages/airflow/example_dags/example_branch_operator.py
[2021-09-30 07:41:34,823] {scheduler_job.py:639} INFO - DAG(s) dict_keys(['example_branch_operator']) retrieved from /usr/local/lib/python3.6/dist-packages/airflow/example_dags/example_branch_operator.py
[2021-09-30 07:41:34,838] {logging_mixin.py:104} INFO - [2021-09-30 07:41:34,838] {dag.py:1824} INFO - Sync 1 DAGs
[2021-09-30 07:41:34,854] {logging_mixin.py:104} INFO - [2021-09-30 07:41:34,854] {dag.py:2280} INFO - Setting next_dagrun for example_branch_operator to 2021-09-28 00:00:00+00:00
[2021-09-30 07:41:34,860] {scheduler_job.py:190} INFO - Processing /usr/local/lib/python3.6/dist-packages/airflow/example_dags/example_branch_operator.py took 0.048 seconds
[2021-09-30 07:42:05,559] {scheduler_job.py:182} INFO - Started process (PID=817) to work on /usr/local/lib/python3.6/dist-packages/airflow/example_dags/example_branch_operator.py
[2021-09-30 07:42:05,559] {scheduler_job.py:629} INFO - Processing file /usr/local/lib/python3.6/dist-packages/airflow/example_dags/example_branch_operator.py for tasks to queue
[2021-09-30 07:42:05,559] {logging_mixin.py:104} INFO - [2021-09-30 07:42:05,559] {dagbag.py:451} INFO - Filling up the DagBag from /usr/local/lib/python3.6/dist-packages/airflow/example_dags/example_branch_operator.py
[2021-09-30 07:42:05,572] {scheduler_job.py:639} INFO - DAG(s) dict_keys(['example_branch_operator']) retrieved from /usr/local/lib/python3.6/dist-packages/airflow/example_dags/example_branch_operator.py
[2021-09-30 07:42:05,589] {logging_mixin.py:104} INFO - [2021-09-30 07:42:05,589] {dag.py:1824} INFO - Sync 1 DAGs
[2021-09-30 07:42:05,607] {logging_mixin.py:104} INFO - [2021-09-30 07:42:05,607] {dag.py:2280} INFO - Setting next_dagrun for example_branch_operator to 2021-09-28 00:00:00+00:00
[2021-09-30 07:42:05,616] {scheduler_job.py:190} INFO - Processing /usr/local/lib/python3.6/dist-packages/airflow/example_dags/example_branch_operator.py took 0.059 seconds
[2021-09-30 07:42:36,535] {scheduler_job.py:182} INFO - Started process (PID=898) to work on /usr/local/lib/python3.6/dist-packages/airflow/example_dags/example_branch_operator.py
[2021-09-30 07:42:36,536] {scheduler_job.py:629} INFO - Processing file /usr/local/lib/python3.6/dist-packages/airflow/example_dags/example_branch_operator.py for tasks to queue
[2021-09-30 07:42:36,536] {logging_mixin.py:104} INFO - [2021-09-30 07:42:36,536] {dagbag.py:451} INFO - Filling up the DagBag from /usr/local/lib/python3.6/dist-packages/airflow/example_dags/example_branch_operator.py
[2021-09-30 07:42:36,547] {scheduler_job.py:639} INFO - DAG(s) dict_keys(['example_branch_operator']) retrieved from /usr/local/lib/python3.6/dist-packages/airflow/example_dags/example_branch_operator.py
[2021-09-30 07:42:36,564] {logging_mixin.py:104} INFO - [2021-09-30 07:42:36,563] {dag.py:1824} INFO - Sync 1 DAGs
[2021-09-30 07:42:36,586] {logging_mixin.py:104} INFO - [2021-09-30 07:42:36,586] {dag.py:2280} INFO - Setting next_dagrun for example_branch_operator to 2021-09-28 00:00:00+00:00
[2021-09-30 07:42:36,593] {scheduler_job.py:190} INFO - Processing /usr/local/lib/python3.6/dist-packages/airflow/example_dags/example_branch_operator.py took 0.060 seconds
[2021-09-30 07:43:06,803] {scheduler_job.py:182} INFO - Started process (PID=971) to work on /usr/local/lib/python3.6/dist-packages/airflow/example_dags/example_branch_operator.py
[2021-09-30 07:43:06,804] {scheduler_job.py:629} INFO - Processing file /usr/local/lib/python3.6/dist-packages/airflow/example_dags/example_branch_operator.py for tasks to queue
[2021-09-30 07:43:06,805] {logging_mixin.py:104} INFO - [2021-09-30 07:43:06,805] {dagbag.py:451} INFO - Filling up the DagBag from /usr/local/lib/python3.6/dist-packages/airflow/example_dags/example_branch_operator.py
[2021-09-30 07:43:06,816] {scheduler_job.py:639} INFO - DAG(s) dict_keys(['example_branch_operator']) retrieved from /usr/local/lib/python3.6/dist-packages/airflow/example_dags/example_branch_operator.py
[2021-09-30 07:43:06,834] {logging_mixin.py:104} INFO - [2021-09-30 07:43:06,834] {dag.py:1824} INFO - Sync 1 DAGs
[2021-09-30 07:43:06,857] {logging_mixin.py:104} INFO - [2021-09-30 07:43:06,857] {dag.py:2280} INFO - Setting next_dagrun for example_branch_operator to 2021-09-28 00:00:00+00:00
[2021-09-30 07:43:06,865] {scheduler_job.py:190} INFO - Processing /usr/local/lib/python3.6/dist-packages/airflow/example_dags/example_branch_operator.py took 0.064 seconds
[2021-09-30 07:43:49,688] {scheduler_job.py:182} INFO - Started process (PID=58) to work on /usr/local/lib/python3.6/dist-packages/airflow/example_dags/example_branch_operator.py
[2021-09-30 07:43:49,689] {scheduler_job.py:629} INFO - Processing file /usr/local/lib/python3.6/dist-packages/airflow/example_dags/example_branch_operator.py for tasks to queue
[2021-09-30 07:43:49,689] {logging_mixin.py:104} INFO - [2021-09-30 07:43:49,689] {dagbag.py:451} INFO - Filling up the DagBag from /usr/local/lib/python3.6/dist-packages/airflow/example_dags/example_branch_operator.py
[2021-09-30 07:43:49,709] {scheduler_job.py:639} INFO - DAG(s) dict_keys(['example_branch_operator']) retrieved from /usr/local/lib/python3.6/dist-packages/airflow/example_dags/example_branch_operator.py
[2021-09-30 07:43:49,739] {logging_mixin.py:104} INFO - [2021-09-30 07:43:49,739] {dag.py:1824} INFO - Sync 1 DAGs
[2021-09-30 07:43:49,773] {logging_mixin.py:104} INFO - [2021-09-30 07:43:49,773] {dag.py:2280} INFO - Setting next_dagrun for example_branch_operator to 2021-09-28 00:00:00+00:00
[2021-09-30 07:43:49,787] {scheduler_job.py:190} INFO - Processing /usr/local/lib/python3.6/dist-packages/airflow/example_dags/example_branch_operator.py took 0.102 seconds
[2021-09-30 07:44:20,130] {scheduler_job.py:182} INFO - Started process (PID=197) to work on /usr/local/lib/python3.6/dist-packages/airflow/example_dags/example_branch_operator.py
[2021-09-30 07:44:20,131] {scheduler_job.py:629} INFO - Processing file /usr/local/lib/python3.6/dist-packages/airflow/example_dags/example_branch_operator.py for tasks to queue
[2021-09-30 07:44:20,132] {logging_mixin.py:104} INFO - [2021-09-30 07:44:20,131] {dagbag.py:451} INFO - Filling up the DagBag from /usr/local/lib/python3.6/dist-packages/airflow/example_dags/example_branch_operator.py
[2021-09-30 07:44:20,142] {scheduler_job.py:639} INFO - DAG(s) dict_keys(['example_branch_operator']) retrieved from /usr/local/lib/python3.6/dist-packages/airflow/example_dags/example_branch_operator.py
[2021-09-30 07:44:20,161] {logging_mixin.py:104} INFO - [2021-09-30 07:44:20,161] {dag.py:1824} INFO - Sync 1 DAGs
[2021-09-30 07:44:20,179] {logging_mixin.py:104} INFO - [2021-09-30 07:44:20,179] {dag.py:2280} INFO - Setting next_dagrun for example_branch_operator to 2021-09-28 00:00:00+00:00
[2021-09-30 07:44:20,187] {scheduler_job.py:190} INFO - Processing /usr/local/lib/python3.6/dist-packages/airflow/example_dags/example_branch_operator.py took 0.059 seconds
[2021-09-30 07:44:51,041] {scheduler_job.py:182} INFO - Started process (PID=273) to work on /usr/local/lib/python3.6/dist-packages/airflow/example_dags/example_branch_operator.py
[2021-09-30 07:44:51,042] {scheduler_job.py:629} INFO - Processing file /usr/local/lib/python3.6/dist-packages/airflow/example_dags/example_branch_operator.py for tasks to queue
[2021-09-30 07:44:51,042] {logging_mixin.py:104} INFO - [2021-09-30 07:44:51,042] {dagbag.py:451} INFO - Filling up the DagBag from /usr/local/lib/python3.6/dist-packages/airflow/example_dags/example_branch_operator.py
[2021-09-30 07:44:51,056] {scheduler_job.py:639} INFO - DAG(s) dict_keys(['example_branch_operator']) retrieved from /usr/local/lib/python3.6/dist-packages/airflow/example_dags/example_branch_operator.py
[2021-09-30 07:44:51,073] {logging_mixin.py:104} INFO - [2021-09-30 07:44:51,072] {dag.py:1824} INFO - Sync 1 DAGs
[2021-09-30 07:44:51,093] {logging_mixin.py:104} INFO - [2021-09-30 07:44:51,093] {dag.py:2280} INFO - Setting next_dagrun for example_branch_operator to 2021-09-28 00:00:00+00:00
[2021-09-30 07:44:51,102] {scheduler_job.py:190} INFO - Processing /usr/local/lib/python3.6/dist-packages/airflow/example_dags/example_branch_operator.py took 0.064 seconds
[2021-09-30 07:45:21,442] {scheduler_job.py:182} INFO - Started process (PID=351) to work on /usr/local/lib/python3.6/dist-packages/airflow/example_dags/example_branch_operator.py
[2021-09-30 07:45:21,443] {scheduler_job.py:629} INFO - Processing file /usr/local/lib/python3.6/dist-packages/airflow/example_dags/example_branch_operator.py for tasks to queue
[2021-09-30 07:45:21,444] {logging_mixin.py:104} INFO - [2021-09-30 07:45:21,444] {dagbag.py:451} INFO - Filling up the DagBag from /usr/local/lib/python3.6/dist-packages/airflow/example_dags/example_branch_operator.py
[2021-09-30 07:45:21,459] {scheduler_job.py:639} INFO - DAG(s) dict_keys(['example_branch_operator']) retrieved from /usr/local/lib/python3.6/dist-packages/airflow/example_dags/example_branch_operator.py
[2021-09-30 07:45:21,476] {logging_mixin.py:104} INFO - [2021-09-30 07:45:21,476] {dag.py:1824} INFO - Sync 1 DAGs
[2021-09-30 07:45:21,496] {logging_mixin.py:104} INFO - [2021-09-30 07:45:21,496] {dag.py:2280} INFO - Setting next_dagrun for example_branch_operator to 2021-09-28 00:00:00+00:00
[2021-09-30 07:45:21,506] {scheduler_job.py:190} INFO - Processing /usr/local/lib/python3.6/dist-packages/airflow/example_dags/example_branch_operator.py took 0.066 seconds
[2021-09-30 07:45:52,029] {scheduler_job.py:182} INFO - Started process (PID=425) to work on /usr/local/lib/python3.6/dist-packages/airflow/example_dags/example_branch_operator.py
[2021-09-30 07:45:52,029] {scheduler_job.py:629} INFO - Processing file /usr/local/lib/python3.6/dist-packages/airflow/example_dags/example_branch_operator.py for tasks to queue
[2021-09-30 07:45:52,030] {logging_mixin.py:104} INFO - [2021-09-30 07:45:52,029] {dagbag.py:451} INFO - Filling up the DagBag from /usr/local/lib/python3.6/dist-packages/airflow/example_dags/example_branch_operator.py
[2021-09-30 07:45:52,041] {scheduler_job.py:639} INFO - DAG(s) dict_keys(['example_branch_operator']) retrieved from /usr/local/lib/python3.6/dist-packages/airflow/example_dags/example_branch_operator.py
[2021-09-30 07:45:52,058] {logging_mixin.py:104} INFO - [2021-09-30 07:45:52,058] {dag.py:1824} INFO - Sync 1 DAGs
[2021-09-30 07:45:52,080] {logging_mixin.py:104} INFO - [2021-09-30 07:45:52,080] {dag.py:2280} INFO - Setting next_dagrun for example_branch_operator to 2021-09-28 00:00:00+00:00
[2021-09-30 07:45:52,090] {scheduler_job.py:190} INFO - Processing /usr/local/lib/python3.6/dist-packages/airflow/example_dags/example_branch_operator.py took 0.064 seconds
[2021-09-30 07:46:22,364] {scheduler_job.py:182} INFO - Started process (PID=508) to work on /usr/local/lib/python3.6/dist-packages/airflow/example_dags/example_branch_operator.py
[2021-09-30 07:46:22,364] {scheduler_job.py:629} INFO - Processing file /usr/local/lib/python3.6/dist-packages/airflow/example_dags/example_branch_operator.py for tasks to queue
[2021-09-30 07:46:22,365] {logging_mixin.py:104} INFO - [2021-09-30 07:46:22,365] {dagbag.py:451} INFO - Filling up the DagBag from /usr/local/lib/python3.6/dist-packages/airflow/example_dags/example_branch_operator.py
[2021-09-30 07:46:22,377] {scheduler_job.py:639} INFO - DAG(s) dict_keys(['example_branch_operator']) retrieved from /usr/local/lib/python3.6/dist-packages/airflow/example_dags/example_branch_operator.py
[2021-09-30 07:46:22,395] {logging_mixin.py:104} INFO - [2021-09-30 07:46:22,395] {dag.py:1824} INFO - Sync 1 DAGs
[2021-09-30 07:46:22,413] {logging_mixin.py:104} INFO - [2021-09-30 07:46:22,412] {dag.py:2280} INFO - Setting next_dagrun for example_branch_operator to 2021-09-28 00:00:00+00:00
[2021-09-30 07:46:22,422] {scheduler_job.py:190} INFO - Processing /usr/local/lib/python3.6/dist-packages/airflow/example_dags/example_branch_operator.py took 0.061 seconds
[2021-09-30 07:46:52,590] {scheduler_job.py:182} INFO - Started process (PID=584) to work on /usr/local/lib/python3.6/dist-packages/airflow/example_dags/example_branch_operator.py
[2021-09-30 07:46:52,591] {scheduler_job.py:629} INFO - Processing file /usr/local/lib/python3.6/dist-packages/airflow/example_dags/example_branch_operator.py for tasks to queue
[2021-09-30 07:46:52,591] {logging_mixin.py:104} INFO - [2021-09-30 07:46:52,591] {dagbag.py:451} INFO - Filling up the DagBag from /usr/local/lib/python3.6/dist-packages/airflow/example_dags/example_branch_operator.py
[2021-09-30 07:46:52,604] {scheduler_job.py:639} INFO - DAG(s) dict_keys(['example_branch_operator']) retrieved from /usr/local/lib/python3.6/dist-packages/airflow/example_dags/example_branch_operator.py
[2021-09-30 07:46:52,619] {logging_mixin.py:104} INFO - [2021-09-30 07:46:52,619] {dag.py:1824} INFO - Sync 1 DAGs
[2021-09-30 07:46:52,640] {logging_mixin.py:104} INFO - [2021-09-30 07:46:52,640] {dag.py:2280} INFO - Setting next_dagrun for example_branch_operator to 2021-09-28 00:00:00+00:00
[2021-09-30 07:46:52,650] {scheduler_job.py:190} INFO - Processing /usr/local/lib/python3.6/dist-packages/airflow/example_dags/example_branch_operator.py took 0.064 seconds
[2021-09-30 07:47:23,065] {scheduler_job.py:182} INFO - Started process (PID=659) to work on /usr/local/lib/python3.6/dist-packages/airflow/example_dags/example_branch_operator.py
[2021-09-30 07:47:23,065] {scheduler_job.py:629} INFO - Processing file /usr/local/lib/python3.6/dist-packages/airflow/example_dags/example_branch_operator.py for tasks to queue
[2021-09-30 07:47:23,066] {logging_mixin.py:104} INFO - [2021-09-30 07:47:23,066] {dagbag.py:451} INFO - Filling up the DagBag from /usr/local/lib/python3.6/dist-packages/airflow/example_dags/example_branch_operator.py
[2021-09-30 07:47:23,081] {scheduler_job.py:639} INFO - DAG(s) dict_keys(['example_branch_operator']) retrieved from /usr/local/lib/python3.6/dist-packages/airflow/example_dags/example_branch_operator.py
[2021-09-30 07:47:23,099] {logging_mixin.py:104} INFO - [2021-09-30 07:47:23,099] {dag.py:1824} INFO - Sync 1 DAGs
[2021-09-30 07:47:23,118] {logging_mixin.py:104} INFO - [2021-09-30 07:47:23,117] {dag.py:2280} INFO - Setting next_dagrun for example_branch_operator to 2021-09-28 00:00:00+00:00
[2021-09-30 07:47:23,126] {scheduler_job.py:190} INFO - Processing /usr/local/lib/python3.6/dist-packages/airflow/example_dags/example_branch_operator.py took 0.064 seconds
[2021-09-30 07:47:53,167] {scheduler_job.py:182} INFO - Started process (PID=733) to work on /usr/local/lib/python3.6/dist-packages/airflow/example_dags/example_branch_operator.py
[2021-09-30 07:47:53,167] {scheduler_job.py:629} INFO - Processing file /usr/local/lib/python3.6/dist-packages/airflow/example_dags/example_branch_operator.py for tasks to queue
[2021-09-30 07:47:53,168] {logging_mixin.py:104} INFO - [2021-09-30 07:47:53,168] {dagbag.py:451} INFO - Filling up the DagBag from /usr/local/lib/python3.6/dist-packages/airflow/example_dags/example_branch_operator.py
[2021-09-30 07:47:53,179] {scheduler_job.py:639} INFO - DAG(s) dict_keys(['example_branch_operator']) retrieved from /usr/local/lib/python3.6/dist-packages/airflow/example_dags/example_branch_operator.py
[2021-09-30 07:47:53,197] {logging_mixin.py:104} INFO - [2021-09-30 07:47:53,197] {dag.py:1824} INFO - Sync 1 DAGs
[2021-09-30 07:47:53,218] {logging_mixin.py:104} INFO - [2021-09-30 07:47:53,218] {dag.py:2280} INFO - Setting next_dagrun for example_branch_operator to 2021-09-28 00:00:00+00:00
[2021-09-30 07:47:53,228] {scheduler_job.py:190} INFO - Processing /usr/local/lib/python3.6/dist-packages/airflow/example_dags/example_branch_operator.py took 0.063 seconds
[2021-09-30 07:48:23,435] {scheduler_job.py:182} INFO - Started process (PID=807) to work on /usr/local/lib/python3.6/dist-packages/airflow/example_dags/example_branch_operator.py
[2021-09-30 07:48:23,435] {scheduler_job.py:629} INFO - Processing file /usr/local/lib/python3.6/dist-packages/airflow/example_dags/example_branch_operator.py for tasks to queue
[2021-09-30 07:48:23,436] {logging_mixin.py:104} INFO - [2021-09-30 07:48:23,436] {dagbag.py:451} INFO - Filling up the DagBag from /usr/local/lib/python3.6/dist-packages/airflow/example_dags/example_branch_operator.py
[2021-09-30 07:48:23,448] {scheduler_job.py:639} INFO - DAG(s) dict_keys(['example_branch_operator']) retrieved from /usr/local/lib/python3.6/dist-packages/airflow/example_dags/example_branch_operator.py
[2021-09-30 07:48:23,464] {logging_mixin.py:104} INFO - [2021-09-30 07:48:23,464] {dag.py:1824} INFO - Sync 1 DAGs
[2021-09-30 07:48:23,482] {logging_mixin.py:104} INFO - [2021-09-30 07:48:23,482] {dag.py:2280} INFO - Setting next_dagrun for example_branch_operator to 2021-09-28 00:00:00+00:00
[2021-09-30 07:48:23,491] {scheduler_job.py:190} INFO - Processing /usr/local/lib/python3.6/dist-packages/airflow/example_dags/example_branch_operator.py took 0.059 seconds
[2021-09-30 07:48:53,579] {scheduler_job.py:182} INFO - Started process (PID=883) to work on /usr/local/lib/python3.6/dist-packages/airflow/example_dags/example_branch_operator.py
[2021-09-30 07:48:53,580] {scheduler_job.py:629} INFO - Processing file /usr/local/lib/python3.6/dist-packages/airflow/example_dags/example_branch_operator.py for tasks to queue
[2021-09-30 07:48:53,580] {logging_mixin.py:104} INFO - [2021-09-30 07:48:53,580] {dagbag.py:451} INFO - Filling up the DagBag from /usr/local/lib/python3.6/dist-packages/airflow/example_dags/example_branch_operator.py
[2021-09-30 07:48:53,591] {scheduler_job.py:639} INFO - DAG(s) dict_keys(['example_branch_operator']) retrieved from /usr/local/lib/python3.6/dist-packages/airflow/example_dags/example_branch_operator.py
[2021-09-30 07:48:53,611] {logging_mixin.py:104} INFO - [2021-09-30 07:48:53,610] {dag.py:1824} INFO - Sync 1 DAGs
[2021-09-30 07:48:53,629] {logging_mixin.py:104} INFO - [2021-09-30 07:48:53,629] {dag.py:2280} INFO - Setting next_dagrun for example_branch_operator to 2021-09-28 00:00:00+00:00
[2021-09-30 07:48:53,637] {scheduler_job.py:190} INFO - Processing /usr/local/lib/python3.6/dist-packages/airflow/example_dags/example_branch_operator.py took 0.060 seconds
[2021-09-30 07:49:23,814] {scheduler_job.py:182} INFO - Started process (PID=956) to work on /usr/local/lib/python3.6/dist-packages/airflow/example_dags/example_branch_operator.py
[2021-09-30 07:49:23,815] {scheduler_job.py:629} INFO - Processing file /usr/local/lib/python3.6/dist-packages/airflow/example_dags/example_branch_operator.py for tasks to queue
[2021-09-30 07:49:23,815] {logging_mixin.py:104} INFO - [2021-09-30 07:49:23,815] {dagbag.py:451} INFO - Filling up the DagBag from /usr/local/lib/python3.6/dist-packages/airflow/example_dags/example_branch_operator.py
[2021-09-30 07:49:23,827] {scheduler_job.py:639} INFO - DAG(s) dict_keys(['example_branch_operator']) retrieved from /usr/local/lib/python3.6/dist-packages/airflow/example_dags/example_branch_operator.py
[2021-09-30 07:49:23,846] {logging_mixin.py:104} INFO - [2021-09-30 07:49:23,845] {dag.py:1824} INFO - Sync 1 DAGs
[2021-09-30 07:49:23,862] {logging_mixin.py:104} INFO - [2021-09-30 07:49:23,862] {dag.py:2280} INFO - Setting next_dagrun for example_branch_operator to 2021-09-28 00:00:00+00:00
[2021-09-30 07:49:23,870] {scheduler_job.py:190} INFO - Processing /usr/local/lib/python3.6/dist-packages/airflow/example_dags/example_branch_operator.py took 0.059 seconds
[2021-09-30 07:49:54,104] {scheduler_job.py:182} INFO - Started process (PID=1030) to work on /usr/local/lib/python3.6/dist-packages/airflow/example_dags/example_branch_operator.py
[2021-09-30 07:49:54,105] {scheduler_job.py:629} INFO - Processing file /usr/local/lib/python3.6/dist-packages/airflow/example_dags/example_branch_operator.py for tasks to queue
[2021-09-30 07:49:54,105] {logging_mixin.py:104} INFO - [2021-09-30 07:49:54,105] {dagbag.py:451} INFO - Filling up the DagBag from /usr/local/lib/python3.6/dist-packages/airflow/example_dags/example_branch_operator.py
[2021-09-30 07:49:54,117] {scheduler_job.py:639} INFO - DAG(s) dict_keys(['example_branch_operator']) retrieved from /usr/local/lib/python3.6/dist-packages/airflow/example_dags/example_branch_operator.py
[2021-09-30 07:49:54,134] {logging_mixin.py:104} INFO - [2021-09-30 07:49:54,134] {dag.py:1824} INFO - Sync 1 DAGs
[2021-09-30 07:49:54,154] {logging_mixin.py:104} INFO - [2021-09-30 07:49:54,154] {dag.py:2280} INFO - Setting next_dagrun for example_branch_operator to 2021-09-28 00:00:00+00:00
[2021-09-30 07:49:54,163] {scheduler_job.py:190} INFO - Processing /usr/local/lib/python3.6/dist-packages/airflow/example_dags/example_branch_operator.py took 0.061 seconds
[2021-09-30 07:50:24,261] {scheduler_job.py:182} INFO - Started process (PID=1105) to work on /usr/local/lib/python3.6/dist-packages/airflow/example_dags/example_branch_operator.py
[2021-09-30 07:50:24,262] {scheduler_job.py:629} INFO - Processing file /usr/local/lib/python3.6/dist-packages/airflow/example_dags/example_branch_operator.py for tasks to queue
[2021-09-30 07:50:24,262] {logging_mixin.py:104} INFO - [2021-09-30 07:50:24,262] {dagbag.py:451} INFO - Filling up the DagBag from /usr/local/lib/python3.6/dist-packages/airflow/example_dags/example_branch_operator.py
[2021-09-30 07:50:24,273] {scheduler_job.py:639} INFO - DAG(s) dict_keys(['example_branch_operator']) retrieved from /usr/local/lib/python3.6/dist-packages/airflow/example_dags/example_branch_operator.py
[2021-09-30 07:50:24,289] {logging_mixin.py:104} INFO - [2021-09-30 07:50:24,289] {dag.py:1824} INFO - Sync 1 DAGs
[2021-09-30 07:50:24,306] {logging_mixin.py:104} INFO - [2021-09-30 07:50:24,306] {dag.py:2280} INFO - Setting next_dagrun for example_branch_operator to 2021-09-28 00:00:00+00:00
[2021-09-30 07:50:24,313] {scheduler_job.py:190} INFO - Processing /usr/local/lib/python3.6/dist-packages/airflow/example_dags/example_branch_operator.py took 0.055 seconds
[2021-09-30 07:50:54,414] {scheduler_job.py:182} INFO - Started process (PID=1179) to work on /usr/local/lib/python3.6/dist-packages/airflow/example_dags/example_branch_operator.py
[2021-09-30 07:50:54,415] {scheduler_job.py:629} INFO - Processing file /usr/local/lib/python3.6/dist-packages/airflow/example_dags/example_branch_operator.py for tasks to queue
[2021-09-30 07:50:54,416] {logging_mixin.py:104} INFO - [2021-09-30 07:50:54,416] {dagbag.py:451} INFO - Filling up the DagBag from /usr/local/lib/python3.6/dist-packages/airflow/example_dags/example_branch_operator.py
[2021-09-30 07:50:54,427] {scheduler_job.py:639} INFO - DAG(s) dict_keys(['example_branch_operator']) retrieved from /usr/local/lib/python3.6/dist-packages/airflow/example_dags/example_branch_operator.py
[2021-09-30 07:50:54,445] {logging_mixin.py:104} INFO - [2021-09-30 07:50:54,445] {dag.py:1824} INFO - Sync 1 DAGs
[2021-09-30 07:50:54,464] {logging_mixin.py:104} INFO - [2021-09-30 07:50:54,464] {dag.py:2280} INFO - Setting next_dagrun for example_branch_operator to 2021-09-28 00:00:00+00:00
[2021-09-30 07:50:54,472] {scheduler_job.py:190} INFO - Processing /usr/local/lib/python3.6/dist-packages/airflow/example_dags/example_branch_operator.py took 0.060 seconds
[2021-09-30 07:51:24,657] {scheduler_job.py:182} INFO - Started process (PID=1252) to work on /usr/local/lib/python3.6/dist-packages/airflow/example_dags/example_branch_operator.py
[2021-09-30 07:51:24,658] {scheduler_job.py:629} INFO - Processing file /usr/local/lib/python3.6/dist-packages/airflow/example_dags/example_branch_operator.py for tasks to queue
[2021-09-30 07:51:24,658] {logging_mixin.py:104} INFO - [2021-09-30 07:51:24,658] {dagbag.py:451} INFO - Filling up the DagBag from /usr/local/lib/python3.6/dist-packages/airflow/example_dags/example_branch_operator.py
[2021-09-30 07:51:24,670] {scheduler_job.py:639} INFO - DAG(s) dict_keys(['example_branch_operator']) retrieved from /usr/local/lib/python3.6/dist-packages/airflow/example_dags/example_branch_operator.py
[2021-09-30 07:51:24,686] {logging_mixin.py:104} INFO - [2021-09-30 07:51:24,686] {dag.py:1824} INFO - Sync 1 DAGs
[2021-09-30 07:51:24,707] {logging_mixin.py:104} INFO - [2021-09-30 07:51:24,706] {dag.py:2280} INFO - Setting next_dagrun for example_branch_operator to 2021-09-28 00:00:00+00:00
[2021-09-30 07:51:24,716] {scheduler_job.py:190} INFO - Processing /usr/local/lib/python3.6/dist-packages/airflow/example_dags/example_branch_operator.py took 0.061 seconds
[2021-09-30 07:51:55,777] {scheduler_job.py:182} INFO - Started process (PID=1333) to work on /usr/local/lib/python3.6/dist-packages/airflow/example_dags/example_branch_operator.py
[2021-09-30 07:51:55,778] {scheduler_job.py:629} INFO - Processing file /usr/local/lib/python3.6/dist-packages/airflow/example_dags/example_branch_operator.py for tasks to queue
[2021-09-30 07:51:55,779] {logging_mixin.py:104} INFO - [2021-09-30 07:51:55,779] {dagbag.py:451} INFO - Filling up the DagBag from /usr/local/lib/python3.6/dist-packages/airflow/example_dags/example_branch_operator.py
[2021-09-30 07:51:55,793] {scheduler_job.py:639} INFO - DAG(s) dict_keys(['example_branch_operator']) retrieved from /usr/local/lib/python3.6/dist-packages/airflow/example_dags/example_branch_operator.py
[2021-09-30 07:51:55,811] {logging_mixin.py:104} INFO - [2021-09-30 07:51:55,810] {dag.py:1824} INFO - Sync 1 DAGs
[2021-09-30 07:51:55,832] {logging_mixin.py:104} INFO - [2021-09-30 07:51:55,832] {dag.py:2280} INFO - Setting next_dagrun for example_branch_operator to 2021-09-28 00:00:00+00:00
[2021-09-30 07:51:55,842] {scheduler_job.py:190} INFO - Processing /usr/local/lib/python3.6/dist-packages/airflow/example_dags/example_branch_operator.py took 0.067 seconds
[2021-09-30 07:52:27,722] {scheduler_job.py:182} INFO - Started process (PID=1420) to work on /usr/local/lib/python3.6/dist-packages/airflow/example_dags/example_branch_operator.py
[2021-09-30 07:52:27,722] {scheduler_job.py:629} INFO - Processing file /usr/local/lib/python3.6/dist-packages/airflow/example_dags/example_branch_operator.py for tasks to queue
[2021-09-30 07:52:27,723] {logging_mixin.py:104} INFO - [2021-09-30 07:52:27,723] {dagbag.py:451} INFO - Filling up the DagBag from /usr/local/lib/python3.6/dist-packages/airflow/example_dags/example_branch_operator.py
[2021-09-30 07:52:27,735] {scheduler_job.py:639} INFO - DAG(s) dict_keys(['example_branch_operator']) retrieved from /usr/local/lib/python3.6/dist-packages/airflow/example_dags/example_branch_operator.py
[2021-09-30 07:52:27,753] {logging_mixin.py:104} INFO - [2021-09-30 07:52:27,753] {dag.py:1824} INFO - Sync 1 DAGs
[2021-09-30 07:52:27,777] {logging_mixin.py:104} INFO - [2021-09-30 07:52:27,777] {dag.py:2280} INFO - Setting next_dagrun for example_branch_operator to 2021-09-28 00:00:00+00:00
[2021-09-30 07:52:27,787] {scheduler_job.py:190} INFO - Processing /usr/local/lib/python3.6/dist-packages/airflow/example_dags/example_branch_operator.py took 0.067 seconds
[2021-09-30 07:52:58,890] {scheduler_job.py:182} INFO - Started process (PID=1482) to work on /usr/local/lib/python3.6/dist-packages/airflow/example_dags/example_branch_operator.py
[2021-09-30 07:52:58,891] {scheduler_job.py:629} INFO - Processing file /usr/local/lib/python3.6/dist-packages/airflow/example_dags/example_branch_operator.py for tasks to queue
[2021-09-30 07:52:58,892] {logging_mixin.py:104} INFO - [2021-09-30 07:52:58,891] {dagbag.py:451} INFO - Filling up the DagBag from /usr/local/lib/python3.6/dist-packages/airflow/example_dags/example_branch_operator.py
[2021-09-30 07:52:58,903] {scheduler_job.py:639} INFO - DAG(s) dict_keys(['example_branch_operator']) retrieved from /usr/local/lib/python3.6/dist-packages/airflow/example_dags/example_branch_operator.py
[2021-09-30 07:52:58,920] {logging_mixin.py:104} INFO - [2021-09-30 07:52:58,920] {dag.py:1824} INFO - Sync 1 DAGs
[2021-09-30 07:52:58,942] {logging_mixin.py:104} INFO - [2021-09-30 07:52:58,942] {dag.py:2280} INFO - Setting next_dagrun for example_branch_operator to 2021-09-28 00:00:00+00:00
[2021-09-30 07:52:58,951] {scheduler_job.py:190} INFO - Processing /usr/local/lib/python3.6/dist-packages/airflow/example_dags/example_branch_operator.py took 0.062 seconds
[2021-09-30 07:53:28,970] {scheduler_job.py:182} INFO - Started process (PID=1555) to work on /usr/local/lib/python3.6/dist-packages/airflow/example_dags/example_branch_operator.py
[2021-09-30 07:53:28,971] {scheduler_job.py:629} INFO - Processing file /usr/local/lib/python3.6/dist-packages/airflow/example_dags/example_branch_operator.py for tasks to queue
[2021-09-30 07:53:28,972] {logging_mixin.py:104} INFO - [2021-09-30 07:53:28,972] {dagbag.py:451} INFO - Filling up the DagBag from /usr/local/lib/python3.6/dist-packages/airflow/example_dags/example_branch_operator.py
[2021-09-30 07:53:28,984] {scheduler_job.py:639} INFO - DAG(s) dict_keys(['example_branch_operator']) retrieved from /usr/local/lib/python3.6/dist-packages/airflow/example_dags/example_branch_operator.py
[2021-09-30 07:53:28,999] {logging_mixin.py:104} INFO - [2021-09-30 07:53:28,999] {dag.py:1824} INFO - Sync 1 DAGs
[2021-09-30 07:53:29,017] {logging_mixin.py:104} INFO - [2021-09-30 07:53:29,016] {dag.py:2280} INFO - Setting next_dagrun for example_branch_operator to 2021-09-28 00:00:00+00:00
[2021-09-30 07:53:29,024] {scheduler_job.py:190} INFO - Processing /usr/local/lib/python3.6/dist-packages/airflow/example_dags/example_branch_operator.py took 0.057 seconds
[2021-09-30 07:53:59,188] {scheduler_job.py:182} INFO - Started process (PID=1629) to work on /usr/local/lib/python3.6/dist-packages/airflow/example_dags/example_branch_operator.py
[2021-09-30 07:53:59,189] {scheduler_job.py:629} INFO - Processing file /usr/local/lib/python3.6/dist-packages/airflow/example_dags/example_branch_operator.py for tasks to queue
[2021-09-30 07:53:59,189] {logging_mixin.py:104} INFO - [2021-09-30 07:53:59,189] {dagbag.py:451} INFO - Filling up the DagBag from /usr/local/lib/python3.6/dist-packages/airflow/example_dags/example_branch_operator.py
[2021-09-30 07:53:59,202] {scheduler_job.py:639} INFO - DAG(s) dict_keys(['example_branch_operator']) retrieved from /usr/local/lib/python3.6/dist-packages/airflow/example_dags/example_branch_operator.py
[2021-09-30 07:53:59,217] {logging_mixin.py:104} INFO - [2021-09-30 07:53:59,217] {dag.py:1824} INFO - Sync 1 DAGs
[2021-09-30 07:53:59,236] {logging_mixin.py:104} INFO - [2021-09-30 07:53:59,236] {dag.py:2280} INFO - Setting next_dagrun for example_branch_operator to 2021-09-28 00:00:00+00:00
[2021-09-30 07:53:59,245] {scheduler_job.py:190} INFO - Processing /usr/local/lib/python3.6/dist-packages/airflow/example_dags/example_branch_operator.py took 0.058 seconds
[2021-09-30 07:54:29,571] {scheduler_job.py:182} INFO - Started process (PID=1703) to work on /usr/local/lib/python3.6/dist-packages/airflow/example_dags/example_branch_operator.py
[2021-09-30 07:54:29,572] {scheduler_job.py:629} INFO - Processing file /usr/local/lib/python3.6/dist-packages/airflow/example_dags/example_branch_operator.py for tasks to queue
[2021-09-30 07:54:29,573] {logging_mixin.py:104} INFO - [2021-09-30 07:54:29,572] {dagbag.py:451} INFO - Filling up the DagBag from /usr/local/lib/python3.6/dist-packages/airflow/example_dags/example_branch_operator.py
[2021-09-30 07:54:29,584] {scheduler_job.py:639} INFO - DAG(s) dict_keys(['example_branch_operator']) retrieved from /usr/local/lib/python3.6/dist-packages/airflow/example_dags/example_branch_operator.py
[2021-09-30 07:54:29,600] {logging_mixin.py:104} INFO - [2021-09-30 07:54:29,600] {dag.py:1824} INFO - Sync 1 DAGs
[2021-09-30 07:54:29,618] {logging_mixin.py:104} INFO - [2021-09-30 07:54:29,618] {dag.py:2280} INFO - Setting next_dagrun for example_branch_operator to 2021-09-28 00:00:00+00:00
[2021-09-30 07:54:29,626] {scheduler_job.py:190} INFO - Processing /usr/local/lib/python3.6/dist-packages/airflow/example_dags/example_branch_operator.py took 0.057 seconds
[2021-09-30 07:54:59,897] {scheduler_job.py:182} INFO - Started process (PID=1778) to work on /usr/local/lib/python3.6/dist-packages/airflow/example_dags/example_branch_operator.py
[2021-09-30 07:54:59,898] {scheduler_job.py:629} INFO - Processing file /usr/local/lib/python3.6/dist-packages/airflow/example_dags/example_branch_operator.py for tasks to queue
[2021-09-30 07:54:59,898] {logging_mixin.py:104} INFO - [2021-09-30 07:54:59,898] {dagbag.py:451} INFO - Filling up the DagBag from /usr/local/lib/python3.6/dist-packages/airflow/example_dags/example_branch_operator.py
[2021-09-30 07:54:59,909] {scheduler_job.py:639} INFO - DAG(s) dict_keys(['example_branch_operator']) retrieved from /usr/local/lib/python3.6/dist-packages/airflow/example_dags/example_branch_operator.py
[2021-09-30 07:54:59,926] {logging_mixin.py:104} INFO - [2021-09-30 07:54:59,926] {dag.py:1824} INFO - Sync 1 DAGs
[2021-09-30 07:54:59,942] {logging_mixin.py:104} INFO - [2021-09-30 07:54:59,942] {dag.py:2280} INFO - Setting next_dagrun for example_branch_operator to 2021-09-28 00:00:00+00:00
[2021-09-30 07:54:59,949] {scheduler_job.py:190} INFO - Processing /usr/local/lib/python3.6/dist-packages/airflow/example_dags/example_branch_operator.py took 0.054 seconds
[2021-09-30 07:55:30,131] {scheduler_job.py:182} INFO - Started process (PID=1852) to work on /usr/local/lib/python3.6/dist-packages/airflow/example_dags/example_branch_operator.py
[2021-09-30 07:55:30,132] {scheduler_job.py:629} INFO - Processing file /usr/local/lib/python3.6/dist-packages/airflow/example_dags/example_branch_operator.py for tasks to queue
[2021-09-30 07:55:30,132] {logging_mixin.py:104} INFO - [2021-09-30 07:55:30,132] {dagbag.py:451} INFO - Filling up the DagBag from /usr/local/lib/python3.6/dist-packages/airflow/example_dags/example_branch_operator.py
[2021-09-30 07:55:30,145] {scheduler_job.py:639} INFO - DAG(s) dict_keys(['example_branch_operator']) retrieved from /usr/local/lib/python3.6/dist-packages/airflow/example_dags/example_branch_operator.py
[2021-09-30 07:55:30,164] {logging_mixin.py:104} INFO - [2021-09-30 07:55:30,163] {dag.py:1824} INFO - Sync 1 DAGs
[2021-09-30 07:55:30,180] {logging_mixin.py:104} INFO - [2021-09-30 07:55:30,180] {dag.py:2280} INFO - Setting next_dagrun for example_branch_operator to 2021-09-28 00:00:00+00:00
[2021-09-30 07:55:30,188] {scheduler_job.py:190} INFO - Processing /usr/local/lib/python3.6/dist-packages/airflow/example_dags/example_branch_operator.py took 0.058 seconds
[2021-09-30 07:56:00,301] {scheduler_job.py:182} INFO - Started process (PID=1928) to work on /usr/local/lib/python3.6/dist-packages/airflow/example_dags/example_branch_operator.py
[2021-09-30 07:56:00,302] {scheduler_job.py:629} INFO - Processing file /usr/local/lib/python3.6/dist-packages/airflow/example_dags/example_branch_operator.py for tasks to queue
[2021-09-30 07:56:00,302] {logging_mixin.py:104} INFO - [2021-09-30 07:56:00,302] {dagbag.py:451} INFO - Filling up the DagBag from /usr/local/lib/python3.6/dist-packages/airflow/example_dags/example_branch_operator.py
[2021-09-30 07:56:00,313] {scheduler_job.py:639} INFO - DAG(s) dict_keys(['example_branch_operator']) retrieved from /usr/local/lib/python3.6/dist-packages/airflow/example_dags/example_branch_operator.py
[2021-09-30 07:56:00,330] {logging_mixin.py:104} INFO - [2021-09-30 07:56:00,330] {dag.py:1824} INFO - Sync 1 DAGs
[2021-09-30 07:56:00,349] {logging_mixin.py:104} INFO - [2021-09-30 07:56:00,349] {dag.py:2280} INFO - Setting next_dagrun for example_branch_operator to 2021-09-28 00:00:00+00:00
[2021-09-30 07:56:00,358] {scheduler_job.py:190} INFO - Processing /usr/local/lib/python3.6/dist-packages/airflow/example_dags/example_branch_operator.py took 0.059 seconds
[2021-09-30 07:56:30,381] {scheduler_job.py:182} INFO - Started process (PID=2004) to work on /usr/local/lib/python3.6/dist-packages/airflow/example_dags/example_branch_operator.py
[2021-09-30 07:56:30,382] {scheduler_job.py:629} INFO - Processing file /usr/local/lib/python3.6/dist-packages/airflow/example_dags/example_branch_operator.py for tasks to queue
[2021-09-30 07:56:30,383] {logging_mixin.py:104} INFO - [2021-09-30 07:56:30,383] {dagbag.py:451} INFO - Filling up the DagBag from /usr/local/lib/python3.6/dist-packages/airflow/example_dags/example_branch_operator.py
[2021-09-30 07:56:30,393] {scheduler_job.py:639} INFO - DAG(s) dict_keys(['example_branch_operator']) retrieved from /usr/local/lib/python3.6/dist-packages/airflow/example_dags/example_branch_operator.py
[2021-09-30 07:56:30,410] {logging_mixin.py:104} INFO - [2021-09-30 07:56:30,410] {dag.py:1824} INFO - Sync 1 DAGs
[2021-09-30 07:56:30,427] {logging_mixin.py:104} INFO - [2021-09-30 07:56:30,427] {dag.py:2280} INFO - Setting next_dagrun for example_branch_operator to 2021-09-28 00:00:00+00:00
[2021-09-30 07:56:30,434] {scheduler_job.py:190} INFO - Processing /usr/local/lib/python3.6/dist-packages/airflow/example_dags/example_branch_operator.py took 0.055 seconds
[2021-09-30 07:57:01,179] {scheduler_job.py:182} INFO - Started process (PID=2078) to work on /usr/local/lib/python3.6/dist-packages/airflow/example_dags/example_branch_operator.py
[2021-09-30 07:57:01,180] {scheduler_job.py:629} INFO - Processing file /usr/local/lib/python3.6/dist-packages/airflow/example_dags/example_branch_operator.py for tasks to queue
[2021-09-30 07:57:01,180] {logging_mixin.py:104} INFO - [2021-09-30 07:57:01,180] {dagbag.py:451} INFO - Filling up the DagBag from /usr/local/lib/python3.6/dist-packages/airflow/example_dags/example_branch_operator.py
[2021-09-30 07:57:01,192] {scheduler_job.py:639} INFO - DAG(s) dict_keys(['example_branch_operator']) retrieved from /usr/local/lib/python3.6/dist-packages/airflow/example_dags/example_branch_operator.py
[2021-09-30 07:57:01,208] {logging_mixin.py:104} INFO - [2021-09-30 07:57:01,208] {dag.py:1824} INFO - Sync 1 DAGs
[2021-09-30 07:57:01,224] {logging_mixin.py:104} INFO - [2021-09-30 07:57:01,224] {dag.py:2280} INFO - Setting next_dagrun for example_branch_operator to 2021-09-28 00:00:00+00:00
[2021-09-30 07:57:01,231] {scheduler_job.py:190} INFO - Processing /usr/local/lib/python3.6/dist-packages/airflow/example_dags/example_branch_operator.py took 0.054 seconds
[2021-09-30 07:57:32,099] {scheduler_job.py:182} INFO - Started process (PID=2152) to work on /usr/local/lib/python3.6/dist-packages/airflow/example_dags/example_branch_operator.py
[2021-09-30 07:57:32,099] {scheduler_job.py:629} INFO - Processing file /usr/local/lib/python3.6/dist-packages/airflow/example_dags/example_branch_operator.py for tasks to queue
[2021-09-30 07:57:32,100] {logging_mixin.py:104} INFO - [2021-09-30 07:57:32,100] {dagbag.py:451} INFO - Filling up the DagBag from /usr/local/lib/python3.6/dist-packages/airflow/example_dags/example_branch_operator.py
[2021-09-30 07:57:32,113] {scheduler_job.py:639} INFO - DAG(s) dict_keys(['example_branch_operator']) retrieved from /usr/local/lib/python3.6/dist-packages/airflow/example_dags/example_branch_operator.py
[2021-09-30 07:57:32,132] {logging_mixin.py:104} INFO - [2021-09-30 07:57:32,132] {dag.py:1824} INFO - Sync 1 DAGs
[2021-09-30 07:57:32,157] {logging_mixin.py:104} INFO - [2021-09-30 07:57:32,157] {dag.py:2280} INFO - Setting next_dagrun for example_branch_operator to 2021-09-28 00:00:00+00:00
[2021-09-30 07:57:32,163] {scheduler_job.py:190} INFO - Processing /usr/local/lib/python3.6/dist-packages/airflow/example_dags/example_branch_operator.py took 0.067 seconds
[2021-09-30 07:58:03,171] {scheduler_job.py:182} INFO - Started process (PID=2236) to work on /usr/local/lib/python3.6/dist-packages/airflow/example_dags/example_branch_operator.py
[2021-09-30 07:58:03,172] {scheduler_job.py:629} INFO - Processing file /usr/local/lib/python3.6/dist-packages/airflow/example_dags/example_branch_operator.py for tasks to queue
[2021-09-30 07:58:03,172] {logging_mixin.py:104} INFO - [2021-09-30 07:58:03,172] {dagbag.py:451} INFO - Filling up the DagBag from /usr/local/lib/python3.6/dist-packages/airflow/example_dags/example_branch_operator.py
[2021-09-30 07:58:03,187] {scheduler_job.py:639} INFO - DAG(s) dict_keys(['example_branch_operator']) retrieved from /usr/local/lib/python3.6/dist-packages/airflow/example_dags/example_branch_operator.py
[2021-09-30 07:58:03,202] {logging_mixin.py:104} INFO - [2021-09-30 07:58:03,202] {dag.py:1824} INFO - Sync 1 DAGs
[2021-09-30 07:58:03,218] {logging_mixin.py:104} INFO - [2021-09-30 07:58:03,217] {dag.py:2280} INFO - Setting next_dagrun for example_branch_operator to 2021-09-28 00:00:00+00:00
[2021-09-30 07:58:03,226] {scheduler_job.py:190} INFO - Processing /usr/local/lib/python3.6/dist-packages/airflow/example_dags/example_branch_operator.py took 0.057 seconds
[2021-09-30 07:58:33,272] {scheduler_job.py:182} INFO - Started process (PID=2302) to work on /usr/local/lib/python3.6/dist-packages/airflow/example_dags/example_branch_operator.py
[2021-09-30 07:58:33,273] {scheduler_job.py:629} INFO - Processing file /usr/local/lib/python3.6/dist-packages/airflow/example_dags/example_branch_operator.py for tasks to queue
[2021-09-30 07:58:33,273] {logging_mixin.py:104} INFO - [2021-09-30 07:58:33,273] {dagbag.py:451} INFO - Filling up the DagBag from /usr/local/lib/python3.6/dist-packages/airflow/example_dags/example_branch_operator.py
[2021-09-30 07:58:33,286] {scheduler_job.py:639} INFO - DAG(s) dict_keys(['example_branch_operator']) retrieved from /usr/local/lib/python3.6/dist-packages/airflow/example_dags/example_branch_operator.py
[2021-09-30 07:58:33,312] {logging_mixin.py:104} INFO - [2021-09-30 07:58:33,312] {dag.py:1824} INFO - Sync 1 DAGs
[2021-09-30 07:58:33,331] {logging_mixin.py:104} INFO - [2021-09-30 07:58:33,331] {dag.py:2280} INFO - Setting next_dagrun for example_branch_operator to 2021-09-28 00:00:00+00:00
[2021-09-30 07:58:33,345] {scheduler_job.py:190} INFO - Processing /usr/local/lib/python3.6/dist-packages/airflow/example_dags/example_branch_operator.py took 0.074 seconds
[2021-09-30 07:59:03,461] {scheduler_job.py:182} INFO - Started process (PID=2378) to work on /usr/local/lib/python3.6/dist-packages/airflow/example_dags/example_branch_operator.py
[2021-09-30 07:59:03,462] {scheduler_job.py:629} INFO - Processing file /usr/local/lib/python3.6/dist-packages/airflow/example_dags/example_branch_operator.py for tasks to queue
[2021-09-30 07:59:03,462] {logging_mixin.py:104} INFO - [2021-09-30 07:59:03,462] {dagbag.py:451} INFO - Filling up the DagBag from /usr/local/lib/python3.6/dist-packages/airflow/example_dags/example_branch_operator.py
[2021-09-30 07:59:03,476] {scheduler_job.py:639} INFO - DAG(s) dict_keys(['example_branch_operator']) retrieved from /usr/local/lib/python3.6/dist-packages/airflow/example_dags/example_branch_operator.py
[2021-09-30 07:59:03,493] {logging_mixin.py:104} INFO - [2021-09-30 07:59:03,493] {dag.py:1824} INFO - Sync 1 DAGs
[2021-09-30 07:59:03,513] {logging_mixin.py:104} INFO - [2021-09-30 07:59:03,513] {dag.py:2280} INFO - Setting next_dagrun for example_branch_operator to 2021-09-28 00:00:00+00:00
[2021-09-30 07:59:03,522] {scheduler_job.py:190} INFO - Processing /usr/local/lib/python3.6/dist-packages/airflow/example_dags/example_branch_operator.py took 0.063 seconds
[2021-09-30 07:59:33,712] {scheduler_job.py:182} INFO - Started process (PID=2452) to work on /usr/local/lib/python3.6/dist-packages/airflow/example_dags/example_branch_operator.py
[2021-09-30 07:59:33,712] {scheduler_job.py:629} INFO - Processing file /usr/local/lib/python3.6/dist-packages/airflow/example_dags/example_branch_operator.py for tasks to queue
[2021-09-30 07:59:33,713] {logging_mixin.py:104} INFO - [2021-09-30 07:59:33,713] {dagbag.py:451} INFO - Filling up the DagBag from /usr/local/lib/python3.6/dist-packages/airflow/example_dags/example_branch_operator.py
[2021-09-30 07:59:33,723] {scheduler_job.py:639} INFO - DAG(s) dict_keys(['example_branch_operator']) retrieved from /usr/local/lib/python3.6/dist-packages/airflow/example_dags/example_branch_operator.py
[2021-09-30 07:59:33,738] {logging_mixin.py:104} INFO - [2021-09-30 07:59:33,738] {dag.py:1824} INFO - Sync 1 DAGs
[2021-09-30 07:59:33,752] {logging_mixin.py:104} INFO - [2021-09-30 07:59:33,752] {dag.py:2280} INFO - Setting next_dagrun for example_branch_operator to 2021-09-28 00:00:00+00:00
[2021-09-30 07:59:33,759] {scheduler_job.py:190} INFO - Processing /usr/local/lib/python3.6/dist-packages/airflow/example_dags/example_branch_operator.py took 0.049 seconds
[2021-09-30 08:00:03,933] {scheduler_job.py:182} INFO - Started process (PID=2528) to work on /usr/local/lib/python3.6/dist-packages/airflow/example_dags/example_branch_operator.py
[2021-09-30 08:00:03,934] {scheduler_job.py:629} INFO - Processing file /usr/local/lib/python3.6/dist-packages/airflow/example_dags/example_branch_operator.py for tasks to queue
[2021-09-30 08:00:03,934] {logging_mixin.py:104} INFO - [2021-09-30 08:00:03,934] {dagbag.py:451} INFO - Filling up the DagBag from /usr/local/lib/python3.6/dist-packages/airflow/example_dags/example_branch_operator.py
[2021-09-30 08:00:03,945] {scheduler_job.py:639} INFO - DAG(s) dict_keys(['example_branch_operator']) retrieved from /usr/local/lib/python3.6/dist-packages/airflow/example_dags/example_branch_operator.py
[2021-09-30 08:00:03,961] {logging_mixin.py:104} INFO - [2021-09-30 08:00:03,961] {dag.py:1824} INFO - Sync 1 DAGs
[2021-09-30 08:00:03,981] {logging_mixin.py:104} INFO - [2021-09-30 08:00:03,980] {dag.py:2280} INFO - Setting next_dagrun for example_branch_operator to 2021-09-28 00:00:00+00:00
[2021-09-30 08:00:03,989] {scheduler_job.py:190} INFO - Processing /usr/local/lib/python3.6/dist-packages/airflow/example_dags/example_branch_operator.py took 0.058 seconds
[2021-09-30 08:00:34,084] {scheduler_job.py:182} INFO - Started process (PID=2602) to work on /usr/local/lib/python3.6/dist-packages/airflow/example_dags/example_branch_operator.py
[2021-09-30 08:00:34,085] {scheduler_job.py:629} INFO - Processing file /usr/local/lib/python3.6/dist-packages/airflow/example_dags/example_branch_operator.py for tasks to queue
[2021-09-30 08:00:34,085] {logging_mixin.py:104} INFO - [2021-09-30 08:00:34,085] {dagbag.py:451} INFO - Filling up the DagBag from /usr/local/lib/python3.6/dist-packages/airflow/example_dags/example_branch_operator.py
[2021-09-30 08:00:34,098] {scheduler_job.py:639} INFO - DAG(s) dict_keys(['example_branch_operator']) retrieved from /usr/local/lib/python3.6/dist-packages/airflow/example_dags/example_branch_operator.py
[2021-09-30 08:00:34,116] {logging_mixin.py:104} INFO - [2021-09-30 08:00:34,116] {dag.py:1824} INFO - Sync 1 DAGs
[2021-09-30 08:00:34,133] {logging_mixin.py:104} INFO - [2021-09-30 08:00:34,133] {dag.py:2280} INFO - Setting next_dagrun for example_branch_operator to 2021-09-28 00:00:00+00:00
[2021-09-30 08:00:34,140] {scheduler_job.py:190} INFO - Processing /usr/local/lib/python3.6/dist-packages/airflow/example_dags/example_branch_operator.py took 0.058 seconds
[2021-09-30 08:01:04,184] {scheduler_job.py:182} INFO - Started process (PID=2680) to work on /usr/local/lib/python3.6/dist-packages/airflow/example_dags/example_branch_operator.py
[2021-09-30 08:01:04,186] {scheduler_job.py:629} INFO - Processing file /usr/local/lib/python3.6/dist-packages/airflow/example_dags/example_branch_operator.py for tasks to queue
[2021-09-30 08:01:04,186] {logging_mixin.py:104} INFO - [2021-09-30 08:01:04,186] {dagbag.py:451} INFO - Filling up the DagBag from /usr/local/lib/python3.6/dist-packages/airflow/example_dags/example_branch_operator.py
[2021-09-30 08:01:04,197] {scheduler_job.py:639} INFO - DAG(s) dict_keys(['example_branch_operator']) retrieved from /usr/local/lib/python3.6/dist-packages/airflow/example_dags/example_branch_operator.py
[2021-09-30 08:01:04,211] {logging_mixin.py:104} INFO - [2021-09-30 08:01:04,211] {dag.py:1824} INFO - Sync 1 DAGs
[2021-09-30 08:01:04,227] {logging_mixin.py:104} INFO - [2021-09-30 08:01:04,227] {dag.py:2280} INFO - Setting next_dagrun for example_branch_operator to 2021-09-28 00:00:00+00:00
[2021-09-30 08:01:04,236] {scheduler_job.py:190} INFO - Processing /usr/local/lib/python3.6/dist-packages/airflow/example_dags/example_branch_operator.py took 0.054 seconds
[2021-09-30 08:01:34,601] {scheduler_job.py:182} INFO - Started process (PID=2756) to work on /usr/local/lib/python3.6/dist-packages/airflow/example_dags/example_branch_operator.py
[2021-09-30 08:01:34,602] {scheduler_job.py:629} INFO - Processing file /usr/local/lib/python3.6/dist-packages/airflow/example_dags/example_branch_operator.py for tasks to queue
[2021-09-30 08:01:34,602] {logging_mixin.py:104} INFO - [2021-09-30 08:01:34,602] {dagbag.py:451} INFO - Filling up the DagBag from /usr/local/lib/python3.6/dist-packages/airflow/example_dags/example_branch_operator.py
[2021-09-30 08:01:34,614] {scheduler_job.py:639} INFO - DAG(s) dict_keys(['example_branch_operator']) retrieved from /usr/local/lib/python3.6/dist-packages/airflow/example_dags/example_branch_operator.py
[2021-09-30 08:01:34,630] {logging_mixin.py:104} INFO - [2021-09-30 08:01:34,630] {dag.py:1824} INFO - Sync 1 DAGs
[2021-09-30 08:01:34,648] {logging_mixin.py:104} INFO - [2021-09-30 08:01:34,648] {dag.py:2280} INFO - Setting next_dagrun for example_branch_operator to 2021-09-28 00:00:00+00:00
[2021-09-30 08:01:34,656] {scheduler_job.py:190} INFO - Processing /usr/local/lib/python3.6/dist-packages/airflow/example_dags/example_branch_operator.py took 0.058 seconds
[2021-09-30 08:02:04,667] {scheduler_job.py:182} INFO - Started process (PID=2815) to work on /usr/local/lib/python3.6/dist-packages/airflow/example_dags/example_branch_operator.py
[2021-09-30 08:02:04,668] {scheduler_job.py:629} INFO - Processing file /usr/local/lib/python3.6/dist-packages/airflow/example_dags/example_branch_operator.py for tasks to queue
[2021-09-30 08:02:04,668] {logging_mixin.py:104} INFO - [2021-09-30 08:02:04,668] {dagbag.py:451} INFO - Filling up the DagBag from /usr/local/lib/python3.6/dist-packages/airflow/example_dags/example_branch_operator.py
[2021-09-30 08:02:04,680] {scheduler_job.py:639} INFO - DAG(s) dict_keys(['example_branch_operator']) retrieved from /usr/local/lib/python3.6/dist-packages/airflow/example_dags/example_branch_operator.py
[2021-09-30 08:02:04,695] {logging_mixin.py:104} INFO - [2021-09-30 08:02:04,695] {dag.py:1824} INFO - Sync 1 DAGs
[2021-09-30 08:02:04,711] {logging_mixin.py:104} INFO - [2021-09-30 08:02:04,711] {dag.py:2280} INFO - Setting next_dagrun for example_branch_operator to 2021-09-28 00:00:00+00:00
[2021-09-30 08:02:04,718] {scheduler_job.py:190} INFO - Processing /usr/local/lib/python3.6/dist-packages/airflow/example_dags/example_branch_operator.py took 0.053 seconds
