[2021-09-30 07:30:45,833] {scheduler_job.py:182} INFO - Started process (PID=74) to work on /usr/local/lib/python3.6/dist-packages/airflow/example_dags/example_complex.py
[2021-09-30 07:30:45,834] {scheduler_job.py:629} INFO - Processing file /usr/local/lib/python3.6/dist-packages/airflow/example_dags/example_complex.py for tasks to queue
[2021-09-30 07:30:45,834] {logging_mixin.py:104} INFO - [2021-09-30 07:30:45,834] {dagbag.py:451} INFO - Filling up the DagBag from /usr/local/lib/python3.6/dist-packages/airflow/example_dags/example_complex.py
[2021-09-30 07:30:45,844] {scheduler_job.py:639} INFO - DAG(s) dict_keys(['example_complex']) retrieved from /usr/local/lib/python3.6/dist-packages/airflow/example_dags/example_complex.py
[2021-09-30 07:30:45,852] {logging_mixin.py:104} INFO - [2021-09-30 07:30:45,852] {dag.py:1824} INFO - Sync 1 DAGs
[2021-09-30 07:30:45,861] {logging_mixin.py:104} INFO - [2021-09-30 07:30:45,861] {dag.py:2280} INFO - Setting next_dagrun for example_complex to None
[2021-09-30 07:30:45,867] {scheduler_job.py:190} INFO - Processing /usr/local/lib/python3.6/dist-packages/airflow/example_dags/example_complex.py took 0.035 seconds
[2021-09-30 07:31:15,911] {scheduler_job.py:182} INFO - Started process (PID=236) to work on /usr/local/lib/python3.6/dist-packages/airflow/example_dags/example_complex.py
[2021-09-30 07:31:15,911] {scheduler_job.py:629} INFO - Processing file /usr/local/lib/python3.6/dist-packages/airflow/example_dags/example_complex.py for tasks to queue
[2021-09-30 07:31:15,912] {logging_mixin.py:104} INFO - [2021-09-30 07:31:15,912] {dagbag.py:451} INFO - Filling up the DagBag from /usr/local/lib/python3.6/dist-packages/airflow/example_dags/example_complex.py
[2021-09-30 07:31:15,923] {scheduler_job.py:639} INFO - DAG(s) dict_keys(['example_complex']) retrieved from /usr/local/lib/python3.6/dist-packages/airflow/example_dags/example_complex.py
[2021-09-30 07:31:15,938] {logging_mixin.py:104} INFO - [2021-09-30 07:31:15,938] {dag.py:1824} INFO - Sync 1 DAGs
[2021-09-30 07:31:15,947] {logging_mixin.py:104} INFO - [2021-09-30 07:31:15,947] {dag.py:2280} INFO - Setting next_dagrun for example_complex to None
[2021-09-30 07:31:15,952] {scheduler_job.py:190} INFO - Processing /usr/local/lib/python3.6/dist-packages/airflow/example_dags/example_complex.py took 0.043 seconds
[2021-09-30 07:31:46,706] {scheduler_job.py:182} INFO - Started process (PID=307) to work on /usr/local/lib/python3.6/dist-packages/airflow/example_dags/example_complex.py
[2021-09-30 07:31:46,707] {scheduler_job.py:629} INFO - Processing file /usr/local/lib/python3.6/dist-packages/airflow/example_dags/example_complex.py for tasks to queue
[2021-09-30 07:31:46,707] {logging_mixin.py:104} INFO - [2021-09-30 07:31:46,707] {dagbag.py:451} INFO - Filling up the DagBag from /usr/local/lib/python3.6/dist-packages/airflow/example_dags/example_complex.py
[2021-09-30 07:31:46,718] {scheduler_job.py:639} INFO - DAG(s) dict_keys(['example_complex']) retrieved from /usr/local/lib/python3.6/dist-packages/airflow/example_dags/example_complex.py
[2021-09-30 07:31:46,734] {logging_mixin.py:104} INFO - [2021-09-30 07:31:46,734] {dag.py:1824} INFO - Sync 1 DAGs
[2021-09-30 07:31:46,743] {logging_mixin.py:104} INFO - [2021-09-30 07:31:46,743] {dag.py:2280} INFO - Setting next_dagrun for example_complex to None
[2021-09-30 07:31:46,749] {scheduler_job.py:190} INFO - Processing /usr/local/lib/python3.6/dist-packages/airflow/example_dags/example_complex.py took 0.045 seconds
[2021-09-30 07:32:17,160] {scheduler_job.py:182} INFO - Started process (PID=385) to work on /usr/local/lib/python3.6/dist-packages/airflow/example_dags/example_complex.py
[2021-09-30 07:32:17,161] {scheduler_job.py:629} INFO - Processing file /usr/local/lib/python3.6/dist-packages/airflow/example_dags/example_complex.py for tasks to queue
[2021-09-30 07:32:17,161] {logging_mixin.py:104} INFO - [2021-09-30 07:32:17,161] {dagbag.py:451} INFO - Filling up the DagBag from /usr/local/lib/python3.6/dist-packages/airflow/example_dags/example_complex.py
[2021-09-30 07:32:17,171] {scheduler_job.py:639} INFO - DAG(s) dict_keys(['example_complex']) retrieved from /usr/local/lib/python3.6/dist-packages/airflow/example_dags/example_complex.py
[2021-09-30 07:32:17,186] {logging_mixin.py:104} INFO - [2021-09-30 07:32:17,186] {dag.py:1824} INFO - Sync 1 DAGs
[2021-09-30 07:32:17,195] {logging_mixin.py:104} INFO - [2021-09-30 07:32:17,195] {dag.py:2280} INFO - Setting next_dagrun for example_complex to None
[2021-09-30 07:32:17,201] {scheduler_job.py:190} INFO - Processing /usr/local/lib/python3.6/dist-packages/airflow/example_dags/example_complex.py took 0.043 seconds
[2021-09-30 07:32:47,921] {scheduler_job.py:182} INFO - Started process (PID=470) to work on /usr/local/lib/python3.6/dist-packages/airflow/example_dags/example_complex.py
[2021-09-30 07:32:47,921] {scheduler_job.py:629} INFO - Processing file /usr/local/lib/python3.6/dist-packages/airflow/example_dags/example_complex.py for tasks to queue
[2021-09-30 07:32:47,922] {logging_mixin.py:104} INFO - [2021-09-30 07:32:47,922] {dagbag.py:451} INFO - Filling up the DagBag from /usr/local/lib/python3.6/dist-packages/airflow/example_dags/example_complex.py
[2021-09-30 07:32:47,933] {scheduler_job.py:639} INFO - DAG(s) dict_keys(['example_complex']) retrieved from /usr/local/lib/python3.6/dist-packages/airflow/example_dags/example_complex.py
[2021-09-30 07:32:47,949] {logging_mixin.py:104} INFO - [2021-09-30 07:32:47,949] {dag.py:1824} INFO - Sync 1 DAGs
[2021-09-30 07:32:47,960] {logging_mixin.py:104} INFO - [2021-09-30 07:32:47,959] {dag.py:2280} INFO - Setting next_dagrun for example_complex to None
[2021-09-30 07:32:47,968] {scheduler_job.py:190} INFO - Processing /usr/local/lib/python3.6/dist-packages/airflow/example_dags/example_complex.py took 0.049 seconds
[2021-09-30 07:33:42,737] {scheduler_job.py:182} INFO - Started process (PID=50) to work on /usr/local/lib/python3.6/dist-packages/airflow/example_dags/example_complex.py
[2021-09-30 07:33:42,738] {scheduler_job.py:629} INFO - Processing file /usr/local/lib/python3.6/dist-packages/airflow/example_dags/example_complex.py for tasks to queue
[2021-09-30 07:33:42,738] {logging_mixin.py:104} INFO - [2021-09-30 07:33:42,738] {dagbag.py:451} INFO - Filling up the DagBag from /usr/local/lib/python3.6/dist-packages/airflow/example_dags/example_complex.py
[2021-09-30 07:33:42,753] {scheduler_job.py:639} INFO - DAG(s) dict_keys(['example_complex']) retrieved from /usr/local/lib/python3.6/dist-packages/airflow/example_dags/example_complex.py
[2021-09-30 07:33:42,777] {logging_mixin.py:104} INFO - [2021-09-30 07:33:42,777] {dag.py:1824} INFO - Sync 1 DAGs
[2021-09-30 07:33:42,790] {logging_mixin.py:104} INFO - [2021-09-30 07:33:42,790] {dag.py:2280} INFO - Setting next_dagrun for example_complex to None
[2021-09-30 07:33:42,798] {scheduler_job.py:190} INFO - Processing /usr/local/lib/python3.6/dist-packages/airflow/example_dags/example_complex.py took 0.063 seconds
[2021-09-30 07:34:13,112] {scheduler_job.py:182} INFO - Started process (PID=189) to work on /usr/local/lib/python3.6/dist-packages/airflow/example_dags/example_complex.py
[2021-09-30 07:34:13,113] {scheduler_job.py:629} INFO - Processing file /usr/local/lib/python3.6/dist-packages/airflow/example_dags/example_complex.py for tasks to queue
[2021-09-30 07:34:13,113] {logging_mixin.py:104} INFO - [2021-09-30 07:34:13,113] {dagbag.py:451} INFO - Filling up the DagBag from /usr/local/lib/python3.6/dist-packages/airflow/example_dags/example_complex.py
[2021-09-30 07:34:13,124] {scheduler_job.py:639} INFO - DAG(s) dict_keys(['example_complex']) retrieved from /usr/local/lib/python3.6/dist-packages/airflow/example_dags/example_complex.py
[2021-09-30 07:34:13,141] {logging_mixin.py:104} INFO - [2021-09-30 07:34:13,141] {dag.py:1824} INFO - Sync 1 DAGs
[2021-09-30 07:34:13,150] {logging_mixin.py:104} INFO - [2021-09-30 07:34:13,150] {dag.py:2280} INFO - Setting next_dagrun for example_complex to None
[2021-09-30 07:34:13,157] {scheduler_job.py:190} INFO - Processing /usr/local/lib/python3.6/dist-packages/airflow/example_dags/example_complex.py took 0.048 seconds
[2021-09-30 07:34:43,237] {scheduler_job.py:182} INFO - Started process (PID=262) to work on /usr/local/lib/python3.6/dist-packages/airflow/example_dags/example_complex.py
[2021-09-30 07:34:43,237] {scheduler_job.py:629} INFO - Processing file /usr/local/lib/python3.6/dist-packages/airflow/example_dags/example_complex.py for tasks to queue
[2021-09-30 07:34:43,238] {logging_mixin.py:104} INFO - [2021-09-30 07:34:43,238] {dagbag.py:451} INFO - Filling up the DagBag from /usr/local/lib/python3.6/dist-packages/airflow/example_dags/example_complex.py
[2021-09-30 07:34:43,250] {scheduler_job.py:639} INFO - DAG(s) dict_keys(['example_complex']) retrieved from /usr/local/lib/python3.6/dist-packages/airflow/example_dags/example_complex.py
[2021-09-30 07:34:43,279] {logging_mixin.py:104} INFO - [2021-09-30 07:34:43,279] {dag.py:1824} INFO - Sync 1 DAGs
[2021-09-30 07:34:43,291] {logging_mixin.py:104} INFO - [2021-09-30 07:34:43,291] {dag.py:2280} INFO - Setting next_dagrun for example_complex to None
[2021-09-30 07:34:43,300] {scheduler_job.py:190} INFO - Processing /usr/local/lib/python3.6/dist-packages/airflow/example_dags/example_complex.py took 0.065 seconds
[2021-09-30 07:36:11,877] {scheduler_job.py:182} INFO - Started process (PID=65) to work on /usr/local/lib/python3.6/dist-packages/airflow/example_dags/example_complex.py
[2021-09-30 07:36:11,878] {scheduler_job.py:629} INFO - Processing file /usr/local/lib/python3.6/dist-packages/airflow/example_dags/example_complex.py for tasks to queue
[2021-09-30 07:36:11,878] {logging_mixin.py:104} INFO - [2021-09-30 07:36:11,878] {dagbag.py:451} INFO - Filling up the DagBag from /usr/local/lib/python3.6/dist-packages/airflow/example_dags/example_complex.py
[2021-09-30 07:36:11,888] {scheduler_job.py:639} INFO - DAG(s) dict_keys(['example_complex']) retrieved from /usr/local/lib/python3.6/dist-packages/airflow/example_dags/example_complex.py
[2021-09-30 07:36:11,907] {logging_mixin.py:104} INFO - [2021-09-30 07:36:11,907] {dag.py:1824} INFO - Sync 1 DAGs
[2021-09-30 07:36:11,917] {logging_mixin.py:104} INFO - [2021-09-30 07:36:11,917] {dag.py:2280} INFO - Setting next_dagrun for example_complex to None
[2021-09-30 07:36:11,924] {scheduler_job.py:190} INFO - Processing /usr/local/lib/python3.6/dist-packages/airflow/example_dags/example_complex.py took 0.049 seconds
[2021-09-30 07:36:42,786] {scheduler_job.py:182} INFO - Started process (PID=201) to work on /usr/local/lib/python3.6/dist-packages/airflow/example_dags/example_complex.py
[2021-09-30 07:36:42,787] {scheduler_job.py:629} INFO - Processing file /usr/local/lib/python3.6/dist-packages/airflow/example_dags/example_complex.py for tasks to queue
[2021-09-30 07:36:42,788] {logging_mixin.py:104} INFO - [2021-09-30 07:36:42,787] {dagbag.py:451} INFO - Filling up the DagBag from /usr/local/lib/python3.6/dist-packages/airflow/example_dags/example_complex.py
[2021-09-30 07:36:42,803] {scheduler_job.py:639} INFO - DAG(s) dict_keys(['example_complex']) retrieved from /usr/local/lib/python3.6/dist-packages/airflow/example_dags/example_complex.py
[2021-09-30 07:36:42,821] {logging_mixin.py:104} INFO - [2021-09-30 07:36:42,821] {dag.py:1824} INFO - Sync 1 DAGs
[2021-09-30 07:36:42,834] {logging_mixin.py:104} INFO - [2021-09-30 07:36:42,834] {dag.py:2280} INFO - Setting next_dagrun for example_complex to None
[2021-09-30 07:36:42,844] {scheduler_job.py:190} INFO - Processing /usr/local/lib/python3.6/dist-packages/airflow/example_dags/example_complex.py took 0.060 seconds
[2021-09-30 07:37:28,833] {scheduler_job.py:182} INFO - Started process (PID=49) to work on /usr/local/lib/python3.6/dist-packages/airflow/example_dags/example_complex.py
[2021-09-30 07:37:28,833] {scheduler_job.py:629} INFO - Processing file /usr/local/lib/python3.6/dist-packages/airflow/example_dags/example_complex.py for tasks to queue
[2021-09-30 07:37:28,834] {logging_mixin.py:104} INFO - [2021-09-30 07:37:28,834] {dagbag.py:451} INFO - Filling up the DagBag from /usr/local/lib/python3.6/dist-packages/airflow/example_dags/example_complex.py
[2021-09-30 07:37:28,850] {scheduler_job.py:639} INFO - DAG(s) dict_keys(['example_complex']) retrieved from /usr/local/lib/python3.6/dist-packages/airflow/example_dags/example_complex.py
[2021-09-30 07:37:28,873] {logging_mixin.py:104} INFO - [2021-09-30 07:37:28,872] {dag.py:1824} INFO - Sync 1 DAGs
[2021-09-30 07:37:28,884] {logging_mixin.py:104} INFO - [2021-09-30 07:37:28,884] {dag.py:2280} INFO - Setting next_dagrun for example_complex to None
[2021-09-30 07:37:28,892] {scheduler_job.py:190} INFO - Processing /usr/local/lib/python3.6/dist-packages/airflow/example_dags/example_complex.py took 0.062 seconds
[2021-09-30 07:37:58,912] {scheduler_job.py:182} INFO - Started process (PID=187) to work on /usr/local/lib/python3.6/dist-packages/airflow/example_dags/example_complex.py
[2021-09-30 07:37:58,913] {scheduler_job.py:629} INFO - Processing file /usr/local/lib/python3.6/dist-packages/airflow/example_dags/example_complex.py for tasks to queue
[2021-09-30 07:37:58,913] {logging_mixin.py:104} INFO - [2021-09-30 07:37:58,913] {dagbag.py:451} INFO - Filling up the DagBag from /usr/local/lib/python3.6/dist-packages/airflow/example_dags/example_complex.py
[2021-09-30 07:37:58,923] {scheduler_job.py:639} INFO - DAG(s) dict_keys(['example_complex']) retrieved from /usr/local/lib/python3.6/dist-packages/airflow/example_dags/example_complex.py
[2021-09-30 07:37:58,938] {logging_mixin.py:104} INFO - [2021-09-30 07:37:58,938] {dag.py:1824} INFO - Sync 1 DAGs
[2021-09-30 07:37:58,946] {logging_mixin.py:104} INFO - [2021-09-30 07:37:58,946] {dag.py:2280} INFO - Setting next_dagrun for example_complex to None
[2021-09-30 07:37:58,951] {scheduler_job.py:190} INFO - Processing /usr/local/lib/python3.6/dist-packages/airflow/example_dags/example_complex.py took 0.040 seconds
[2021-09-30 07:38:29,641] {scheduler_job.py:182} INFO - Started process (PID=265) to work on /usr/local/lib/python3.6/dist-packages/airflow/example_dags/example_complex.py
[2021-09-30 07:38:29,641] {scheduler_job.py:629} INFO - Processing file /usr/local/lib/python3.6/dist-packages/airflow/example_dags/example_complex.py for tasks to queue
[2021-09-30 07:38:29,641] {logging_mixin.py:104} INFO - [2021-09-30 07:38:29,641] {dagbag.py:451} INFO - Filling up the DagBag from /usr/local/lib/python3.6/dist-packages/airflow/example_dags/example_complex.py
[2021-09-30 07:38:29,652] {scheduler_job.py:639} INFO - DAG(s) dict_keys(['example_complex']) retrieved from /usr/local/lib/python3.6/dist-packages/airflow/example_dags/example_complex.py
[2021-09-30 07:38:29,668] {logging_mixin.py:104} INFO - [2021-09-30 07:38:29,668] {dag.py:1824} INFO - Sync 1 DAGs
[2021-09-30 07:38:29,677] {logging_mixin.py:104} INFO - [2021-09-30 07:38:29,677] {dag.py:2280} INFO - Setting next_dagrun for example_complex to None
[2021-09-30 07:38:29,684] {scheduler_job.py:190} INFO - Processing /usr/local/lib/python3.6/dist-packages/airflow/example_dags/example_complex.py took 0.046 seconds
[2021-09-30 07:39:00,314] {scheduler_job.py:182} INFO - Started process (PID=339) to work on /usr/local/lib/python3.6/dist-packages/airflow/example_dags/example_complex.py
[2021-09-30 07:39:00,314] {scheduler_job.py:629} INFO - Processing file /usr/local/lib/python3.6/dist-packages/airflow/example_dags/example_complex.py for tasks to queue
[2021-09-30 07:39:00,315] {logging_mixin.py:104} INFO - [2021-09-30 07:39:00,315] {dagbag.py:451} INFO - Filling up the DagBag from /usr/local/lib/python3.6/dist-packages/airflow/example_dags/example_complex.py
[2021-09-30 07:39:00,324] {scheduler_job.py:639} INFO - DAG(s) dict_keys(['example_complex']) retrieved from /usr/local/lib/python3.6/dist-packages/airflow/example_dags/example_complex.py
[2021-09-30 07:39:00,339] {logging_mixin.py:104} INFO - [2021-09-30 07:39:00,339] {dag.py:1824} INFO - Sync 1 DAGs
[2021-09-30 07:39:00,347] {logging_mixin.py:104} INFO - [2021-09-30 07:39:00,347] {dag.py:2280} INFO - Setting next_dagrun for example_complex to None
[2021-09-30 07:39:00,353] {scheduler_job.py:190} INFO - Processing /usr/local/lib/python3.6/dist-packages/airflow/example_dags/example_complex.py took 0.041 seconds
[2021-09-30 07:39:31,006] {scheduler_job.py:182} INFO - Started process (PID=423) to work on /usr/local/lib/python3.6/dist-packages/airflow/example_dags/example_complex.py
[2021-09-30 07:39:31,006] {scheduler_job.py:629} INFO - Processing file /usr/local/lib/python3.6/dist-packages/airflow/example_dags/example_complex.py for tasks to queue
[2021-09-30 07:39:31,007] {logging_mixin.py:104} INFO - [2021-09-30 07:39:31,007] {dagbag.py:451} INFO - Filling up the DagBag from /usr/local/lib/python3.6/dist-packages/airflow/example_dags/example_complex.py
[2021-09-30 07:39:31,016] {scheduler_job.py:639} INFO - DAG(s) dict_keys(['example_complex']) retrieved from /usr/local/lib/python3.6/dist-packages/airflow/example_dags/example_complex.py
[2021-09-30 07:39:31,033] {logging_mixin.py:104} INFO - [2021-09-30 07:39:31,033] {dag.py:1824} INFO - Sync 1 DAGs
[2021-09-30 07:39:31,041] {logging_mixin.py:104} INFO - [2021-09-30 07:39:31,041] {dag.py:2280} INFO - Setting next_dagrun for example_complex to None
[2021-09-30 07:39:31,047] {scheduler_job.py:190} INFO - Processing /usr/local/lib/python3.6/dist-packages/airflow/example_dags/example_complex.py took 0.043 seconds
[2021-09-30 07:40:01,241] {scheduler_job.py:182} INFO - Started process (PID=498) to work on /usr/local/lib/python3.6/dist-packages/airflow/example_dags/example_complex.py
[2021-09-30 07:40:01,241] {scheduler_job.py:629} INFO - Processing file /usr/local/lib/python3.6/dist-packages/airflow/example_dags/example_complex.py for tasks to queue
[2021-09-30 07:40:01,241] {logging_mixin.py:104} INFO - [2021-09-30 07:40:01,241] {dagbag.py:451} INFO - Filling up the DagBag from /usr/local/lib/python3.6/dist-packages/airflow/example_dags/example_complex.py
[2021-09-30 07:40:01,252] {scheduler_job.py:639} INFO - DAG(s) dict_keys(['example_complex']) retrieved from /usr/local/lib/python3.6/dist-packages/airflow/example_dags/example_complex.py
[2021-09-30 07:40:01,268] {logging_mixin.py:104} INFO - [2021-09-30 07:40:01,268] {dag.py:1824} INFO - Sync 1 DAGs
[2021-09-30 07:40:01,277] {logging_mixin.py:104} INFO - [2021-09-30 07:40:01,276] {dag.py:2280} INFO - Setting next_dagrun for example_complex to None
[2021-09-30 07:40:01,284] {scheduler_job.py:190} INFO - Processing /usr/local/lib/python3.6/dist-packages/airflow/example_dags/example_complex.py took 0.045 seconds
[2021-09-30 07:40:31,948] {scheduler_job.py:182} INFO - Started process (PID=572) to work on /usr/local/lib/python3.6/dist-packages/airflow/example_dags/example_complex.py
[2021-09-30 07:40:31,949] {scheduler_job.py:629} INFO - Processing file /usr/local/lib/python3.6/dist-packages/airflow/example_dags/example_complex.py for tasks to queue
[2021-09-30 07:40:31,949] {logging_mixin.py:104} INFO - [2021-09-30 07:40:31,949] {dagbag.py:451} INFO - Filling up the DagBag from /usr/local/lib/python3.6/dist-packages/airflow/example_dags/example_complex.py
[2021-09-30 07:40:31,959] {scheduler_job.py:639} INFO - DAG(s) dict_keys(['example_complex']) retrieved from /usr/local/lib/python3.6/dist-packages/airflow/example_dags/example_complex.py
[2021-09-30 07:40:31,973] {logging_mixin.py:104} INFO - [2021-09-30 07:40:31,973] {dag.py:1824} INFO - Sync 1 DAGs
[2021-09-30 07:40:31,981] {logging_mixin.py:104} INFO - [2021-09-30 07:40:31,981] {dag.py:2280} INFO - Setting next_dagrun for example_complex to None
[2021-09-30 07:40:31,986] {scheduler_job.py:190} INFO - Processing /usr/local/lib/python3.6/dist-packages/airflow/example_dags/example_complex.py took 0.040 seconds
[2021-09-30 07:41:02,625] {scheduler_job.py:182} INFO - Started process (PID=647) to work on /usr/local/lib/python3.6/dist-packages/airflow/example_dags/example_complex.py
[2021-09-30 07:41:02,626] {scheduler_job.py:629} INFO - Processing file /usr/local/lib/python3.6/dist-packages/airflow/example_dags/example_complex.py for tasks to queue
[2021-09-30 07:41:02,626] {logging_mixin.py:104} INFO - [2021-09-30 07:41:02,626] {dagbag.py:451} INFO - Filling up the DagBag from /usr/local/lib/python3.6/dist-packages/airflow/example_dags/example_complex.py
[2021-09-30 07:41:02,636] {scheduler_job.py:639} INFO - DAG(s) dict_keys(['example_complex']) retrieved from /usr/local/lib/python3.6/dist-packages/airflow/example_dags/example_complex.py
[2021-09-30 07:41:02,652] {logging_mixin.py:104} INFO - [2021-09-30 07:41:02,652] {dag.py:1824} INFO - Sync 1 DAGs
[2021-09-30 07:41:02,663] {logging_mixin.py:104} INFO - [2021-09-30 07:41:02,663] {dag.py:2280} INFO - Setting next_dagrun for example_complex to None
[2021-09-30 07:41:02,679] {scheduler_job.py:190} INFO - Processing /usr/local/lib/python3.6/dist-packages/airflow/example_dags/example_complex.py took 0.055 seconds
[2021-09-30 07:41:33,379] {scheduler_job.py:182} INFO - Started process (PID=721) to work on /usr/local/lib/python3.6/dist-packages/airflow/example_dags/example_complex.py
[2021-09-30 07:41:33,380] {scheduler_job.py:629} INFO - Processing file /usr/local/lib/python3.6/dist-packages/airflow/example_dags/example_complex.py for tasks to queue
[2021-09-30 07:41:33,380] {logging_mixin.py:104} INFO - [2021-09-30 07:41:33,380] {dagbag.py:451} INFO - Filling up the DagBag from /usr/local/lib/python3.6/dist-packages/airflow/example_dags/example_complex.py
[2021-09-30 07:41:33,392] {scheduler_job.py:639} INFO - DAG(s) dict_keys(['example_complex']) retrieved from /usr/local/lib/python3.6/dist-packages/airflow/example_dags/example_complex.py
[2021-09-30 07:41:33,407] {logging_mixin.py:104} INFO - [2021-09-30 07:41:33,407] {dag.py:1824} INFO - Sync 1 DAGs
[2021-09-30 07:41:33,417] {logging_mixin.py:104} INFO - [2021-09-30 07:41:33,417] {dag.py:2280} INFO - Setting next_dagrun for example_complex to None
[2021-09-30 07:41:33,423] {scheduler_job.py:190} INFO - Processing /usr/local/lib/python3.6/dist-packages/airflow/example_dags/example_complex.py took 0.045 seconds
[2021-09-30 07:42:04,066] {scheduler_job.py:182} INFO - Started process (PID=797) to work on /usr/local/lib/python3.6/dist-packages/airflow/example_dags/example_complex.py
[2021-09-30 07:42:04,066] {scheduler_job.py:629} INFO - Processing file /usr/local/lib/python3.6/dist-packages/airflow/example_dags/example_complex.py for tasks to queue
[2021-09-30 07:42:04,067] {logging_mixin.py:104} INFO - [2021-09-30 07:42:04,067] {dagbag.py:451} INFO - Filling up the DagBag from /usr/local/lib/python3.6/dist-packages/airflow/example_dags/example_complex.py
[2021-09-30 07:42:04,077] {scheduler_job.py:639} INFO - DAG(s) dict_keys(['example_complex']) retrieved from /usr/local/lib/python3.6/dist-packages/airflow/example_dags/example_complex.py
[2021-09-30 07:42:04,093] {logging_mixin.py:104} INFO - [2021-09-30 07:42:04,093] {dag.py:1824} INFO - Sync 1 DAGs
[2021-09-30 07:42:04,102] {logging_mixin.py:104} INFO - [2021-09-30 07:42:04,102] {dag.py:2280} INFO - Setting next_dagrun for example_complex to None
[2021-09-30 07:42:04,109] {scheduler_job.py:190} INFO - Processing /usr/local/lib/python3.6/dist-packages/airflow/example_dags/example_complex.py took 0.044 seconds
[2021-09-30 07:42:34,945] {scheduler_job.py:182} INFO - Started process (PID=871) to work on /usr/local/lib/python3.6/dist-packages/airflow/example_dags/example_complex.py
[2021-09-30 07:42:34,946] {scheduler_job.py:629} INFO - Processing file /usr/local/lib/python3.6/dist-packages/airflow/example_dags/example_complex.py for tasks to queue
[2021-09-30 07:42:34,947] {logging_mixin.py:104} INFO - [2021-09-30 07:42:34,947] {dagbag.py:451} INFO - Filling up the DagBag from /usr/local/lib/python3.6/dist-packages/airflow/example_dags/example_complex.py
[2021-09-30 07:42:34,960] {scheduler_job.py:639} INFO - DAG(s) dict_keys(['example_complex']) retrieved from /usr/local/lib/python3.6/dist-packages/airflow/example_dags/example_complex.py
[2021-09-30 07:42:34,985] {logging_mixin.py:104} INFO - [2021-09-30 07:42:34,985] {dag.py:1824} INFO - Sync 1 DAGs
[2021-09-30 07:42:34,998] {logging_mixin.py:104} INFO - [2021-09-30 07:42:34,997] {dag.py:2280} INFO - Setting next_dagrun for example_complex to None
[2021-09-30 07:42:35,008] {scheduler_job.py:190} INFO - Processing /usr/local/lib/python3.6/dist-packages/airflow/example_dags/example_complex.py took 0.066 seconds
[2021-09-30 07:43:05,066] {scheduler_job.py:182} INFO - Started process (PID=945) to work on /usr/local/lib/python3.6/dist-packages/airflow/example_dags/example_complex.py
[2021-09-30 07:43:05,067] {scheduler_job.py:629} INFO - Processing file /usr/local/lib/python3.6/dist-packages/airflow/example_dags/example_complex.py for tasks to queue
[2021-09-30 07:43:05,068] {logging_mixin.py:104} INFO - [2021-09-30 07:43:05,067] {dagbag.py:451} INFO - Filling up the DagBag from /usr/local/lib/python3.6/dist-packages/airflow/example_dags/example_complex.py
[2021-09-30 07:43:05,093] {scheduler_job.py:639} INFO - DAG(s) dict_keys(['example_complex']) retrieved from /usr/local/lib/python3.6/dist-packages/airflow/example_dags/example_complex.py
[2021-09-30 07:43:05,126] {logging_mixin.py:104} INFO - [2021-09-30 07:43:05,126] {dag.py:1824} INFO - Sync 1 DAGs
[2021-09-30 07:43:05,144] {logging_mixin.py:104} INFO - [2021-09-30 07:43:05,144] {dag.py:2280} INFO - Setting next_dagrun for example_complex to None
[2021-09-30 07:43:05,160] {scheduler_job.py:190} INFO - Processing /usr/local/lib/python3.6/dist-packages/airflow/example_dags/example_complex.py took 0.098 seconds
[2021-09-30 07:43:51,450] {scheduler_job.py:182} INFO - Started process (PID=96) to work on /usr/local/lib/python3.6/dist-packages/airflow/example_dags/example_complex.py
[2021-09-30 07:43:51,451] {scheduler_job.py:629} INFO - Processing file /usr/local/lib/python3.6/dist-packages/airflow/example_dags/example_complex.py for tasks to queue
[2021-09-30 07:43:51,453] {logging_mixin.py:104} INFO - [2021-09-30 07:43:51,453] {dagbag.py:451} INFO - Filling up the DagBag from /usr/local/lib/python3.6/dist-packages/airflow/example_dags/example_complex.py
[2021-09-30 07:43:51,480] {scheduler_job.py:639} INFO - DAG(s) dict_keys(['example_complex']) retrieved from /usr/local/lib/python3.6/dist-packages/airflow/example_dags/example_complex.py
[2021-09-30 07:43:51,517] {logging_mixin.py:104} INFO - [2021-09-30 07:43:51,517] {dag.py:1824} INFO - Sync 1 DAGs
[2021-09-30 07:43:51,539] {logging_mixin.py:104} INFO - [2021-09-30 07:43:51,539] {dag.py:2280} INFO - Setting next_dagrun for example_complex to None
[2021-09-30 07:43:51,555] {scheduler_job.py:190} INFO - Processing /usr/local/lib/python3.6/dist-packages/airflow/example_dags/example_complex.py took 0.109 seconds
[2021-09-30 07:44:22,470] {scheduler_job.py:182} INFO - Started process (PID=212) to work on /usr/local/lib/python3.6/dist-packages/airflow/example_dags/example_complex.py
[2021-09-30 07:44:22,471] {scheduler_job.py:629} INFO - Processing file /usr/local/lib/python3.6/dist-packages/airflow/example_dags/example_complex.py for tasks to queue
[2021-09-30 07:44:22,471] {logging_mixin.py:104} INFO - [2021-09-30 07:44:22,471] {dagbag.py:451} INFO - Filling up the DagBag from /usr/local/lib/python3.6/dist-packages/airflow/example_dags/example_complex.py
[2021-09-30 07:44:22,482] {scheduler_job.py:639} INFO - DAG(s) dict_keys(['example_complex']) retrieved from /usr/local/lib/python3.6/dist-packages/airflow/example_dags/example_complex.py
[2021-09-30 07:44:22,500] {logging_mixin.py:104} INFO - [2021-09-30 07:44:22,500] {dag.py:1824} INFO - Sync 1 DAGs
[2021-09-30 07:44:22,512] {logging_mixin.py:104} INFO - [2021-09-30 07:44:22,511] {dag.py:2280} INFO - Setting next_dagrun for example_complex to None
[2021-09-30 07:44:22,524] {scheduler_job.py:190} INFO - Processing /usr/local/lib/python3.6/dist-packages/airflow/example_dags/example_complex.py took 0.056 seconds
[2021-09-30 07:44:53,452] {scheduler_job.py:182} INFO - Started process (PID=286) to work on /usr/local/lib/python3.6/dist-packages/airflow/example_dags/example_complex.py
[2021-09-30 07:44:53,453] {scheduler_job.py:629} INFO - Processing file /usr/local/lib/python3.6/dist-packages/airflow/example_dags/example_complex.py for tasks to queue
[2021-09-30 07:44:53,453] {logging_mixin.py:104} INFO - [2021-09-30 07:44:53,453] {dagbag.py:451} INFO - Filling up the DagBag from /usr/local/lib/python3.6/dist-packages/airflow/example_dags/example_complex.py
[2021-09-30 07:44:53,466] {scheduler_job.py:639} INFO - DAG(s) dict_keys(['example_complex']) retrieved from /usr/local/lib/python3.6/dist-packages/airflow/example_dags/example_complex.py
[2021-09-30 07:44:53,484] {logging_mixin.py:104} INFO - [2021-09-30 07:44:53,484] {dag.py:1824} INFO - Sync 1 DAGs
[2021-09-30 07:44:53,496] {logging_mixin.py:104} INFO - [2021-09-30 07:44:53,496] {dag.py:2280} INFO - Setting next_dagrun for example_complex to None
[2021-09-30 07:44:53,503] {scheduler_job.py:190} INFO - Processing /usr/local/lib/python3.6/dist-packages/airflow/example_dags/example_complex.py took 0.054 seconds
[2021-09-30 07:45:23,842] {scheduler_job.py:182} INFO - Started process (PID=364) to work on /usr/local/lib/python3.6/dist-packages/airflow/example_dags/example_complex.py
[2021-09-30 07:45:23,843] {scheduler_job.py:629} INFO - Processing file /usr/local/lib/python3.6/dist-packages/airflow/example_dags/example_complex.py for tasks to queue
[2021-09-30 07:45:23,844] {logging_mixin.py:104} INFO - [2021-09-30 07:45:23,843] {dagbag.py:451} INFO - Filling up the DagBag from /usr/local/lib/python3.6/dist-packages/airflow/example_dags/example_complex.py
[2021-09-30 07:45:23,861] {scheduler_job.py:639} INFO - DAG(s) dict_keys(['example_complex']) retrieved from /usr/local/lib/python3.6/dist-packages/airflow/example_dags/example_complex.py
[2021-09-30 07:45:23,881] {logging_mixin.py:104} INFO - [2021-09-30 07:45:23,881] {dag.py:1824} INFO - Sync 1 DAGs
[2021-09-30 07:45:23,892] {logging_mixin.py:104} INFO - [2021-09-30 07:45:23,892] {dag.py:2280} INFO - Setting next_dagrun for example_complex to None
[2021-09-30 07:45:23,899] {scheduler_job.py:190} INFO - Processing /usr/local/lib/python3.6/dist-packages/airflow/example_dags/example_complex.py took 0.060 seconds
[2021-09-30 07:45:54,420] {scheduler_job.py:182} INFO - Started process (PID=438) to work on /usr/local/lib/python3.6/dist-packages/airflow/example_dags/example_complex.py
[2021-09-30 07:45:54,421] {scheduler_job.py:629} INFO - Processing file /usr/local/lib/python3.6/dist-packages/airflow/example_dags/example_complex.py for tasks to queue
[2021-09-30 07:45:54,421] {logging_mixin.py:104} INFO - [2021-09-30 07:45:54,421] {dagbag.py:451} INFO - Filling up the DagBag from /usr/local/lib/python3.6/dist-packages/airflow/example_dags/example_complex.py
[2021-09-30 07:45:54,435] {scheduler_job.py:639} INFO - DAG(s) dict_keys(['example_complex']) retrieved from /usr/local/lib/python3.6/dist-packages/airflow/example_dags/example_complex.py
[2021-09-30 07:45:54,459] {logging_mixin.py:104} INFO - [2021-09-30 07:45:54,458] {dag.py:1824} INFO - Sync 1 DAGs
[2021-09-30 07:45:54,477] {logging_mixin.py:104} INFO - [2021-09-30 07:45:54,477] {dag.py:2280} INFO - Setting next_dagrun for example_complex to None
[2021-09-30 07:45:54,488] {scheduler_job.py:190} INFO - Processing /usr/local/lib/python3.6/dist-packages/airflow/example_dags/example_complex.py took 0.070 seconds
[2021-09-30 07:46:24,747] {scheduler_job.py:182} INFO - Started process (PID=521) to work on /usr/local/lib/python3.6/dist-packages/airflow/example_dags/example_complex.py
[2021-09-30 07:46:24,748] {scheduler_job.py:629} INFO - Processing file /usr/local/lib/python3.6/dist-packages/airflow/example_dags/example_complex.py for tasks to queue
[2021-09-30 07:46:24,748] {logging_mixin.py:104} INFO - [2021-09-30 07:46:24,748] {dagbag.py:451} INFO - Filling up the DagBag from /usr/local/lib/python3.6/dist-packages/airflow/example_dags/example_complex.py
[2021-09-30 07:46:24,760] {scheduler_job.py:639} INFO - DAG(s) dict_keys(['example_complex']) retrieved from /usr/local/lib/python3.6/dist-packages/airflow/example_dags/example_complex.py
[2021-09-30 07:46:24,777] {logging_mixin.py:104} INFO - [2021-09-30 07:46:24,777] {dag.py:1824} INFO - Sync 1 DAGs
[2021-09-30 07:46:24,788] {logging_mixin.py:104} INFO - [2021-09-30 07:46:24,787] {dag.py:2280} INFO - Setting next_dagrun for example_complex to None
[2021-09-30 07:46:24,799] {scheduler_job.py:190} INFO - Processing /usr/local/lib/python3.6/dist-packages/airflow/example_dags/example_complex.py took 0.055 seconds
[2021-09-30 07:46:54,954] {scheduler_job.py:182} INFO - Started process (PID=597) to work on /usr/local/lib/python3.6/dist-packages/airflow/example_dags/example_complex.py
[2021-09-30 07:46:54,955] {scheduler_job.py:629} INFO - Processing file /usr/local/lib/python3.6/dist-packages/airflow/example_dags/example_complex.py for tasks to queue
[2021-09-30 07:46:54,955] {logging_mixin.py:104} INFO - [2021-09-30 07:46:54,955] {dagbag.py:451} INFO - Filling up the DagBag from /usr/local/lib/python3.6/dist-packages/airflow/example_dags/example_complex.py
[2021-09-30 07:46:54,968] {scheduler_job.py:639} INFO - DAG(s) dict_keys(['example_complex']) retrieved from /usr/local/lib/python3.6/dist-packages/airflow/example_dags/example_complex.py
[2021-09-30 07:46:54,986] {logging_mixin.py:104} INFO - [2021-09-30 07:46:54,986] {dag.py:1824} INFO - Sync 1 DAGs
[2021-09-30 07:46:54,998] {logging_mixin.py:104} INFO - [2021-09-30 07:46:54,998] {dag.py:2280} INFO - Setting next_dagrun for example_complex to None
[2021-09-30 07:46:55,006] {scheduler_job.py:190} INFO - Processing /usr/local/lib/python3.6/dist-packages/airflow/example_dags/example_complex.py took 0.055 seconds
[2021-09-30 07:47:25,462] {scheduler_job.py:182} INFO - Started process (PID=672) to work on /usr/local/lib/python3.6/dist-packages/airflow/example_dags/example_complex.py
[2021-09-30 07:47:25,463] {scheduler_job.py:629} INFO - Processing file /usr/local/lib/python3.6/dist-packages/airflow/example_dags/example_complex.py for tasks to queue
[2021-09-30 07:47:25,463] {logging_mixin.py:104} INFO - [2021-09-30 07:47:25,463] {dagbag.py:451} INFO - Filling up the DagBag from /usr/local/lib/python3.6/dist-packages/airflow/example_dags/example_complex.py
[2021-09-30 07:47:25,475] {scheduler_job.py:639} INFO - DAG(s) dict_keys(['example_complex']) retrieved from /usr/local/lib/python3.6/dist-packages/airflow/example_dags/example_complex.py
[2021-09-30 07:47:25,493] {logging_mixin.py:104} INFO - [2021-09-30 07:47:25,493] {dag.py:1824} INFO - Sync 1 DAGs
[2021-09-30 07:47:25,503] {logging_mixin.py:104} INFO - [2021-09-30 07:47:25,503] {dag.py:2280} INFO - Setting next_dagrun for example_complex to None
[2021-09-30 07:47:25,513] {scheduler_job.py:190} INFO - Processing /usr/local/lib/python3.6/dist-packages/airflow/example_dags/example_complex.py took 0.053 seconds
[2021-09-30 07:47:55,563] {scheduler_job.py:182} INFO - Started process (PID=746) to work on /usr/local/lib/python3.6/dist-packages/airflow/example_dags/example_complex.py
[2021-09-30 07:47:55,564] {scheduler_job.py:629} INFO - Processing file /usr/local/lib/python3.6/dist-packages/airflow/example_dags/example_complex.py for tasks to queue
[2021-09-30 07:47:55,564] {logging_mixin.py:104} INFO - [2021-09-30 07:47:55,564] {dagbag.py:451} INFO - Filling up the DagBag from /usr/local/lib/python3.6/dist-packages/airflow/example_dags/example_complex.py
[2021-09-30 07:47:55,577] {scheduler_job.py:639} INFO - DAG(s) dict_keys(['example_complex']) retrieved from /usr/local/lib/python3.6/dist-packages/airflow/example_dags/example_complex.py
[2021-09-30 07:47:55,597] {logging_mixin.py:104} INFO - [2021-09-30 07:47:55,597] {dag.py:1824} INFO - Sync 1 DAGs
[2021-09-30 07:47:55,610] {logging_mixin.py:104} INFO - [2021-09-30 07:47:55,610] {dag.py:2280} INFO - Setting next_dagrun for example_complex to None
[2021-09-30 07:47:55,619] {scheduler_job.py:190} INFO - Processing /usr/local/lib/python3.6/dist-packages/airflow/example_dags/example_complex.py took 0.058 seconds
[2021-09-30 07:48:25,841] {scheduler_job.py:182} INFO - Started process (PID=820) to work on /usr/local/lib/python3.6/dist-packages/airflow/example_dags/example_complex.py
[2021-09-30 07:48:25,841] {scheduler_job.py:629} INFO - Processing file /usr/local/lib/python3.6/dist-packages/airflow/example_dags/example_complex.py for tasks to queue
[2021-09-30 07:48:25,842] {logging_mixin.py:104} INFO - [2021-09-30 07:48:25,842] {dagbag.py:451} INFO - Filling up the DagBag from /usr/local/lib/python3.6/dist-packages/airflow/example_dags/example_complex.py
[2021-09-30 07:48:25,854] {scheduler_job.py:639} INFO - DAG(s) dict_keys(['example_complex']) retrieved from /usr/local/lib/python3.6/dist-packages/airflow/example_dags/example_complex.py
[2021-09-30 07:48:25,871] {logging_mixin.py:104} INFO - [2021-09-30 07:48:25,871] {dag.py:1824} INFO - Sync 1 DAGs
[2021-09-30 07:48:25,882] {logging_mixin.py:104} INFO - [2021-09-30 07:48:25,881] {dag.py:2280} INFO - Setting next_dagrun for example_complex to None
[2021-09-30 07:48:25,889] {scheduler_job.py:190} INFO - Processing /usr/local/lib/python3.6/dist-packages/airflow/example_dags/example_complex.py took 0.051 seconds
[2021-09-30 07:48:56,059] {scheduler_job.py:182} INFO - Started process (PID=896) to work on /usr/local/lib/python3.6/dist-packages/airflow/example_dags/example_complex.py
[2021-09-30 07:48:56,060] {scheduler_job.py:629} INFO - Processing file /usr/local/lib/python3.6/dist-packages/airflow/example_dags/example_complex.py for tasks to queue
[2021-09-30 07:48:56,060] {logging_mixin.py:104} INFO - [2021-09-30 07:48:56,060] {dagbag.py:451} INFO - Filling up the DagBag from /usr/local/lib/python3.6/dist-packages/airflow/example_dags/example_complex.py
[2021-09-30 07:48:56,073] {scheduler_job.py:639} INFO - DAG(s) dict_keys(['example_complex']) retrieved from /usr/local/lib/python3.6/dist-packages/airflow/example_dags/example_complex.py
[2021-09-30 07:48:56,094] {logging_mixin.py:104} INFO - [2021-09-30 07:48:56,093] {dag.py:1824} INFO - Sync 1 DAGs
[2021-09-30 07:48:56,108] {logging_mixin.py:104} INFO - [2021-09-30 07:48:56,107] {dag.py:2280} INFO - Setting next_dagrun for example_complex to None
[2021-09-30 07:48:56,117] {scheduler_job.py:190} INFO - Processing /usr/local/lib/python3.6/dist-packages/airflow/example_dags/example_complex.py took 0.060 seconds
[2021-09-30 07:49:26,267] {scheduler_job.py:182} INFO - Started process (PID=970) to work on /usr/local/lib/python3.6/dist-packages/airflow/example_dags/example_complex.py
[2021-09-30 07:49:26,268] {scheduler_job.py:629} INFO - Processing file /usr/local/lib/python3.6/dist-packages/airflow/example_dags/example_complex.py for tasks to queue
[2021-09-30 07:49:26,269] {logging_mixin.py:104} INFO - [2021-09-30 07:49:26,269] {dagbag.py:451} INFO - Filling up the DagBag from /usr/local/lib/python3.6/dist-packages/airflow/example_dags/example_complex.py
[2021-09-30 07:49:26,281] {scheduler_job.py:639} INFO - DAG(s) dict_keys(['example_complex']) retrieved from /usr/local/lib/python3.6/dist-packages/airflow/example_dags/example_complex.py
[2021-09-30 07:49:26,297] {logging_mixin.py:104} INFO - [2021-09-30 07:49:26,297] {dag.py:1824} INFO - Sync 1 DAGs
[2021-09-30 07:49:26,307] {logging_mixin.py:104} INFO - [2021-09-30 07:49:26,307] {dag.py:2280} INFO - Setting next_dagrun for example_complex to None
[2021-09-30 07:49:26,316] {scheduler_job.py:190} INFO - Processing /usr/local/lib/python3.6/dist-packages/airflow/example_dags/example_complex.py took 0.050 seconds
[2021-09-30 07:49:56,481] {scheduler_job.py:182} INFO - Started process (PID=1044) to work on /usr/local/lib/python3.6/dist-packages/airflow/example_dags/example_complex.py
[2021-09-30 07:49:56,481] {scheduler_job.py:629} INFO - Processing file /usr/local/lib/python3.6/dist-packages/airflow/example_dags/example_complex.py for tasks to queue
[2021-09-30 07:49:56,482] {logging_mixin.py:104} INFO - [2021-09-30 07:49:56,482] {dagbag.py:451} INFO - Filling up the DagBag from /usr/local/lib/python3.6/dist-packages/airflow/example_dags/example_complex.py
[2021-09-30 07:49:56,494] {scheduler_job.py:639} INFO - DAG(s) dict_keys(['example_complex']) retrieved from /usr/local/lib/python3.6/dist-packages/airflow/example_dags/example_complex.py
[2021-09-30 07:49:56,512] {logging_mixin.py:104} INFO - [2021-09-30 07:49:56,512] {dag.py:1824} INFO - Sync 1 DAGs
[2021-09-30 07:49:56,523] {logging_mixin.py:104} INFO - [2021-09-30 07:49:56,523] {dag.py:2280} INFO - Setting next_dagrun for example_complex to None
[2021-09-30 07:49:56,536] {scheduler_job.py:190} INFO - Processing /usr/local/lib/python3.6/dist-packages/airflow/example_dags/example_complex.py took 0.058 seconds
[2021-09-30 07:50:26,699] {scheduler_job.py:182} INFO - Started process (PID=1119) to work on /usr/local/lib/python3.6/dist-packages/airflow/example_dags/example_complex.py
[2021-09-30 07:50:26,700] {scheduler_job.py:629} INFO - Processing file /usr/local/lib/python3.6/dist-packages/airflow/example_dags/example_complex.py for tasks to queue
[2021-09-30 07:50:26,700] {logging_mixin.py:104} INFO - [2021-09-30 07:50:26,700] {dagbag.py:451} INFO - Filling up the DagBag from /usr/local/lib/python3.6/dist-packages/airflow/example_dags/example_complex.py
[2021-09-30 07:50:26,714] {scheduler_job.py:639} INFO - DAG(s) dict_keys(['example_complex']) retrieved from /usr/local/lib/python3.6/dist-packages/airflow/example_dags/example_complex.py
[2021-09-30 07:50:26,733] {logging_mixin.py:104} INFO - [2021-09-30 07:50:26,733] {dag.py:1824} INFO - Sync 1 DAGs
[2021-09-30 07:50:26,744] {logging_mixin.py:104} INFO - [2021-09-30 07:50:26,744] {dag.py:2280} INFO - Setting next_dagrun for example_complex to None
[2021-09-30 07:50:26,755] {scheduler_job.py:190} INFO - Processing /usr/local/lib/python3.6/dist-packages/airflow/example_dags/example_complex.py took 0.058 seconds
[2021-09-30 07:50:56,860] {scheduler_job.py:182} INFO - Started process (PID=1193) to work on /usr/local/lib/python3.6/dist-packages/airflow/example_dags/example_complex.py
[2021-09-30 07:50:56,861] {scheduler_job.py:629} INFO - Processing file /usr/local/lib/python3.6/dist-packages/airflow/example_dags/example_complex.py for tasks to queue
[2021-09-30 07:50:56,862] {logging_mixin.py:104} INFO - [2021-09-30 07:50:56,862] {dagbag.py:451} INFO - Filling up the DagBag from /usr/local/lib/python3.6/dist-packages/airflow/example_dags/example_complex.py
[2021-09-30 07:50:56,873] {scheduler_job.py:639} INFO - DAG(s) dict_keys(['example_complex']) retrieved from /usr/local/lib/python3.6/dist-packages/airflow/example_dags/example_complex.py
[2021-09-30 07:50:56,891] {logging_mixin.py:104} INFO - [2021-09-30 07:50:56,891] {dag.py:1824} INFO - Sync 1 DAGs
[2021-09-30 07:50:56,904] {logging_mixin.py:104} INFO - [2021-09-30 07:50:56,904] {dag.py:2280} INFO - Setting next_dagrun for example_complex to None
[2021-09-30 07:50:56,914] {scheduler_job.py:190} INFO - Processing /usr/local/lib/python3.6/dist-packages/airflow/example_dags/example_complex.py took 0.056 seconds
[2021-09-30 07:51:27,115] {scheduler_job.py:182} INFO - Started process (PID=1267) to work on /usr/local/lib/python3.6/dist-packages/airflow/example_dags/example_complex.py
[2021-09-30 07:51:27,115] {scheduler_job.py:629} INFO - Processing file /usr/local/lib/python3.6/dist-packages/airflow/example_dags/example_complex.py for tasks to queue
[2021-09-30 07:51:27,116] {logging_mixin.py:104} INFO - [2021-09-30 07:51:27,116] {dagbag.py:451} INFO - Filling up the DagBag from /usr/local/lib/python3.6/dist-packages/airflow/example_dags/example_complex.py
[2021-09-30 07:51:27,128] {scheduler_job.py:639} INFO - DAG(s) dict_keys(['example_complex']) retrieved from /usr/local/lib/python3.6/dist-packages/airflow/example_dags/example_complex.py
[2021-09-30 07:51:27,145] {logging_mixin.py:104} INFO - [2021-09-30 07:51:27,145] {dag.py:1824} INFO - Sync 1 DAGs
[2021-09-30 07:51:27,156] {logging_mixin.py:104} INFO - [2021-09-30 07:51:27,156] {dag.py:2280} INFO - Setting next_dagrun for example_complex to None
[2021-09-30 07:51:27,164] {scheduler_job.py:190} INFO - Processing /usr/local/lib/python3.6/dist-packages/airflow/example_dags/example_complex.py took 0.052 seconds
[2021-09-30 07:51:57,287] {scheduler_job.py:182} INFO - Started process (PID=1346) to work on /usr/local/lib/python3.6/dist-packages/airflow/example_dags/example_complex.py
[2021-09-30 07:51:57,287] {scheduler_job.py:629} INFO - Processing file /usr/local/lib/python3.6/dist-packages/airflow/example_dags/example_complex.py for tasks to queue
[2021-09-30 07:51:57,288] {logging_mixin.py:104} INFO - [2021-09-30 07:51:57,288] {dagbag.py:451} INFO - Filling up the DagBag from /usr/local/lib/python3.6/dist-packages/airflow/example_dags/example_complex.py
[2021-09-30 07:51:57,301] {scheduler_job.py:639} INFO - DAG(s) dict_keys(['example_complex']) retrieved from /usr/local/lib/python3.6/dist-packages/airflow/example_dags/example_complex.py
[2021-09-30 07:51:57,318] {logging_mixin.py:104} INFO - [2021-09-30 07:51:57,318] {dag.py:1824} INFO - Sync 1 DAGs
[2021-09-30 07:51:57,329] {logging_mixin.py:104} INFO - [2021-09-30 07:51:57,329] {dag.py:2280} INFO - Setting next_dagrun for example_complex to None
[2021-09-30 07:51:57,337] {scheduler_job.py:190} INFO - Processing /usr/local/lib/python3.6/dist-packages/airflow/example_dags/example_complex.py took 0.052 seconds
[2021-09-30 07:52:27,798] {scheduler_job.py:182} INFO - Started process (PID=1421) to work on /usr/local/lib/python3.6/dist-packages/airflow/example_dags/example_complex.py
[2021-09-30 07:52:27,798] {scheduler_job.py:629} INFO - Processing file /usr/local/lib/python3.6/dist-packages/airflow/example_dags/example_complex.py for tasks to queue
[2021-09-30 07:52:27,799] {logging_mixin.py:104} INFO - [2021-09-30 07:52:27,799] {dagbag.py:451} INFO - Filling up the DagBag from /usr/local/lib/python3.6/dist-packages/airflow/example_dags/example_complex.py
[2021-09-30 07:52:27,813] {scheduler_job.py:639} INFO - DAG(s) dict_keys(['example_complex']) retrieved from /usr/local/lib/python3.6/dist-packages/airflow/example_dags/example_complex.py
[2021-09-30 07:52:27,832] {logging_mixin.py:104} INFO - [2021-09-30 07:52:27,832] {dag.py:1824} INFO - Sync 1 DAGs
[2021-09-30 07:52:27,844] {logging_mixin.py:104} INFO - [2021-09-30 07:52:27,844] {dag.py:2280} INFO - Setting next_dagrun for example_complex to None
[2021-09-30 07:52:27,853] {scheduler_job.py:190} INFO - Processing /usr/local/lib/python3.6/dist-packages/airflow/example_dags/example_complex.py took 0.057 seconds
[2021-09-30 07:52:58,827] {scheduler_job.py:182} INFO - Started process (PID=1481) to work on /usr/local/lib/python3.6/dist-packages/airflow/example_dags/example_complex.py
[2021-09-30 07:52:58,828] {scheduler_job.py:629} INFO - Processing file /usr/local/lib/python3.6/dist-packages/airflow/example_dags/example_complex.py for tasks to queue
[2021-09-30 07:52:58,828] {logging_mixin.py:104} INFO - [2021-09-30 07:52:58,828] {dagbag.py:451} INFO - Filling up the DagBag from /usr/local/lib/python3.6/dist-packages/airflow/example_dags/example_complex.py
[2021-09-30 07:52:58,841] {scheduler_job.py:639} INFO - DAG(s) dict_keys(['example_complex']) retrieved from /usr/local/lib/python3.6/dist-packages/airflow/example_dags/example_complex.py
[2021-09-30 07:52:58,859] {logging_mixin.py:104} INFO - [2021-09-30 07:52:58,859] {dag.py:1824} INFO - Sync 1 DAGs
[2021-09-30 07:52:58,872] {logging_mixin.py:104} INFO - [2021-09-30 07:52:58,872] {dag.py:2280} INFO - Setting next_dagrun for example_complex to None
[2021-09-30 07:52:58,880] {scheduler_job.py:190} INFO - Processing /usr/local/lib/python3.6/dist-packages/airflow/example_dags/example_complex.py took 0.055 seconds
[2021-09-30 07:53:28,907] {scheduler_job.py:182} INFO - Started process (PID=1553) to work on /usr/local/lib/python3.6/dist-packages/airflow/example_dags/example_complex.py
[2021-09-30 07:53:28,908] {scheduler_job.py:629} INFO - Processing file /usr/local/lib/python3.6/dist-packages/airflow/example_dags/example_complex.py for tasks to queue
[2021-09-30 07:53:28,909] {logging_mixin.py:104} INFO - [2021-09-30 07:53:28,909] {dagbag.py:451} INFO - Filling up the DagBag from /usr/local/lib/python3.6/dist-packages/airflow/example_dags/example_complex.py
[2021-09-30 07:53:28,926] {scheduler_job.py:639} INFO - DAG(s) dict_keys(['example_complex']) retrieved from /usr/local/lib/python3.6/dist-packages/airflow/example_dags/example_complex.py
[2021-09-30 07:53:28,948] {logging_mixin.py:104} INFO - [2021-09-30 07:53:28,947] {dag.py:1824} INFO - Sync 1 DAGs
[2021-09-30 07:53:28,963] {logging_mixin.py:104} INFO - [2021-09-30 07:53:28,963] {dag.py:2280} INFO - Setting next_dagrun for example_complex to None
[2021-09-30 07:53:28,973] {scheduler_job.py:190} INFO - Processing /usr/local/lib/python3.6/dist-packages/airflow/example_dags/example_complex.py took 0.067 seconds
[2021-09-30 07:53:59,137] {scheduler_job.py:182} INFO - Started process (PID=1628) to work on /usr/local/lib/python3.6/dist-packages/airflow/example_dags/example_complex.py
[2021-09-30 07:53:59,137] {scheduler_job.py:629} INFO - Processing file /usr/local/lib/python3.6/dist-packages/airflow/example_dags/example_complex.py for tasks to queue
[2021-09-30 07:53:59,138] {logging_mixin.py:104} INFO - [2021-09-30 07:53:59,138] {dagbag.py:451} INFO - Filling up the DagBag from /usr/local/lib/python3.6/dist-packages/airflow/example_dags/example_complex.py
[2021-09-30 07:53:59,150] {scheduler_job.py:639} INFO - DAG(s) dict_keys(['example_complex']) retrieved from /usr/local/lib/python3.6/dist-packages/airflow/example_dags/example_complex.py
[2021-09-30 07:53:59,169] {logging_mixin.py:104} INFO - [2021-09-30 07:53:59,169] {dag.py:1824} INFO - Sync 1 DAGs
[2021-09-30 07:53:59,181] {logging_mixin.py:104} INFO - [2021-09-30 07:53:59,181] {dag.py:2280} INFO - Setting next_dagrun for example_complex to None
[2021-09-30 07:53:59,189] {scheduler_job.py:190} INFO - Processing /usr/local/lib/python3.6/dist-packages/airflow/example_dags/example_complex.py took 0.055 seconds
[2021-09-30 07:54:29,522] {scheduler_job.py:182} INFO - Started process (PID=1702) to work on /usr/local/lib/python3.6/dist-packages/airflow/example_dags/example_complex.py
[2021-09-30 07:54:29,523] {scheduler_job.py:629} INFO - Processing file /usr/local/lib/python3.6/dist-packages/airflow/example_dags/example_complex.py for tasks to queue
[2021-09-30 07:54:29,523] {logging_mixin.py:104} INFO - [2021-09-30 07:54:29,523] {dagbag.py:451} INFO - Filling up the DagBag from /usr/local/lib/python3.6/dist-packages/airflow/example_dags/example_complex.py
[2021-09-30 07:54:29,536] {scheduler_job.py:639} INFO - DAG(s) dict_keys(['example_complex']) retrieved from /usr/local/lib/python3.6/dist-packages/airflow/example_dags/example_complex.py
[2021-09-30 07:54:29,554] {logging_mixin.py:104} INFO - [2021-09-30 07:54:29,554] {dag.py:1824} INFO - Sync 1 DAGs
[2021-09-30 07:54:29,565] {logging_mixin.py:104} INFO - [2021-09-30 07:54:29,565] {dag.py:2280} INFO - Setting next_dagrun for example_complex to None
[2021-09-30 07:54:29,573] {scheduler_job.py:190} INFO - Processing /usr/local/lib/python3.6/dist-packages/airflow/example_dags/example_complex.py took 0.054 seconds
[2021-09-30 07:54:59,846] {scheduler_job.py:182} INFO - Started process (PID=1777) to work on /usr/local/lib/python3.6/dist-packages/airflow/example_dags/example_complex.py
[2021-09-30 07:54:59,847] {scheduler_job.py:629} INFO - Processing file /usr/local/lib/python3.6/dist-packages/airflow/example_dags/example_complex.py for tasks to queue
[2021-09-30 07:54:59,847] {logging_mixin.py:104} INFO - [2021-09-30 07:54:59,847] {dagbag.py:451} INFO - Filling up the DagBag from /usr/local/lib/python3.6/dist-packages/airflow/example_dags/example_complex.py
[2021-09-30 07:54:59,860] {scheduler_job.py:639} INFO - DAG(s) dict_keys(['example_complex']) retrieved from /usr/local/lib/python3.6/dist-packages/airflow/example_dags/example_complex.py
[2021-09-30 07:54:59,879] {logging_mixin.py:104} INFO - [2021-09-30 07:54:59,879] {dag.py:1824} INFO - Sync 1 DAGs
[2021-09-30 07:54:59,890] {logging_mixin.py:104} INFO - [2021-09-30 07:54:59,890] {dag.py:2280} INFO - Setting next_dagrun for example_complex to None
[2021-09-30 07:54:59,897] {scheduler_job.py:190} INFO - Processing /usr/local/lib/python3.6/dist-packages/airflow/example_dags/example_complex.py took 0.054 seconds
[2021-09-30 07:55:30,077] {scheduler_job.py:182} INFO - Started process (PID=1851) to work on /usr/local/lib/python3.6/dist-packages/airflow/example_dags/example_complex.py
[2021-09-30 07:55:30,078] {scheduler_job.py:629} INFO - Processing file /usr/local/lib/python3.6/dist-packages/airflow/example_dags/example_complex.py for tasks to queue
[2021-09-30 07:55:30,078] {logging_mixin.py:104} INFO - [2021-09-30 07:55:30,078] {dagbag.py:451} INFO - Filling up the DagBag from /usr/local/lib/python3.6/dist-packages/airflow/example_dags/example_complex.py
[2021-09-30 07:55:30,090] {scheduler_job.py:639} INFO - DAG(s) dict_keys(['example_complex']) retrieved from /usr/local/lib/python3.6/dist-packages/airflow/example_dags/example_complex.py
[2021-09-30 07:55:30,108] {logging_mixin.py:104} INFO - [2021-09-30 07:55:30,108] {dag.py:1824} INFO - Sync 1 DAGs
[2021-09-30 07:55:30,121] {logging_mixin.py:104} INFO - [2021-09-30 07:55:30,121] {dag.py:2280} INFO - Setting next_dagrun for example_complex to None
[2021-09-30 07:55:30,130] {scheduler_job.py:190} INFO - Processing /usr/local/lib/python3.6/dist-packages/airflow/example_dags/example_complex.py took 0.055 seconds
[2021-09-30 07:56:00,252] {scheduler_job.py:182} INFO - Started process (PID=1927) to work on /usr/local/lib/python3.6/dist-packages/airflow/example_dags/example_complex.py
[2021-09-30 07:56:00,253] {scheduler_job.py:629} INFO - Processing file /usr/local/lib/python3.6/dist-packages/airflow/example_dags/example_complex.py for tasks to queue
[2021-09-30 07:56:00,254] {logging_mixin.py:104} INFO - [2021-09-30 07:56:00,254] {dagbag.py:451} INFO - Filling up the DagBag from /usr/local/lib/python3.6/dist-packages/airflow/example_dags/example_complex.py
[2021-09-30 07:56:00,268] {scheduler_job.py:639} INFO - DAG(s) dict_keys(['example_complex']) retrieved from /usr/local/lib/python3.6/dist-packages/airflow/example_dags/example_complex.py
[2021-09-30 07:56:00,289] {logging_mixin.py:104} INFO - [2021-09-30 07:56:00,289] {dag.py:1824} INFO - Sync 1 DAGs
[2021-09-30 07:56:00,303] {logging_mixin.py:104} INFO - [2021-09-30 07:56:00,303] {dag.py:2280} INFO - Setting next_dagrun for example_complex to None
[2021-09-30 07:56:00,312] {scheduler_job.py:190} INFO - Processing /usr/local/lib/python3.6/dist-packages/airflow/example_dags/example_complex.py took 0.062 seconds
[2021-09-30 07:56:30,329] {scheduler_job.py:182} INFO - Started process (PID=2002) to work on /usr/local/lib/python3.6/dist-packages/airflow/example_dags/example_complex.py
[2021-09-30 07:56:30,330] {scheduler_job.py:629} INFO - Processing file /usr/local/lib/python3.6/dist-packages/airflow/example_dags/example_complex.py for tasks to queue
[2021-09-30 07:56:30,330] {logging_mixin.py:104} INFO - [2021-09-30 07:56:30,330] {dagbag.py:451} INFO - Filling up the DagBag from /usr/local/lib/python3.6/dist-packages/airflow/example_dags/example_complex.py
[2021-09-30 07:56:30,344] {scheduler_job.py:639} INFO - DAG(s) dict_keys(['example_complex']) retrieved from /usr/local/lib/python3.6/dist-packages/airflow/example_dags/example_complex.py
[2021-09-30 07:56:30,361] {logging_mixin.py:104} INFO - [2021-09-30 07:56:30,361] {dag.py:1824} INFO - Sync 1 DAGs
[2021-09-30 07:56:30,371] {logging_mixin.py:104} INFO - [2021-09-30 07:56:30,371] {dag.py:2280} INFO - Setting next_dagrun for example_complex to None
[2021-09-30 07:56:30,380] {scheduler_job.py:190} INFO - Processing /usr/local/lib/python3.6/dist-packages/airflow/example_dags/example_complex.py took 0.052 seconds
[2021-09-30 07:57:01,132] {scheduler_job.py:182} INFO - Started process (PID=2077) to work on /usr/local/lib/python3.6/dist-packages/airflow/example_dags/example_complex.py
[2021-09-30 07:57:01,132] {scheduler_job.py:629} INFO - Processing file /usr/local/lib/python3.6/dist-packages/airflow/example_dags/example_complex.py for tasks to queue
[2021-09-30 07:57:01,133] {logging_mixin.py:104} INFO - [2021-09-30 07:57:01,133] {dagbag.py:451} INFO - Filling up the DagBag from /usr/local/lib/python3.6/dist-packages/airflow/example_dags/example_complex.py
[2021-09-30 07:57:01,147] {scheduler_job.py:639} INFO - DAG(s) dict_keys(['example_complex']) retrieved from /usr/local/lib/python3.6/dist-packages/airflow/example_dags/example_complex.py
[2021-09-30 07:57:01,166] {logging_mixin.py:104} INFO - [2021-09-30 07:57:01,165] {dag.py:1824} INFO - Sync 1 DAGs
[2021-09-30 07:57:01,176] {logging_mixin.py:104} INFO - [2021-09-30 07:57:01,176] {dag.py:2280} INFO - Setting next_dagrun for example_complex to None
[2021-09-30 07:57:01,184] {scheduler_job.py:190} INFO - Processing /usr/local/lib/python3.6/dist-packages/airflow/example_dags/example_complex.py took 0.054 seconds
[2021-09-30 07:57:32,043] {scheduler_job.py:182} INFO - Started process (PID=2151) to work on /usr/local/lib/python3.6/dist-packages/airflow/example_dags/example_complex.py
[2021-09-30 07:57:32,044] {scheduler_job.py:629} INFO - Processing file /usr/local/lib/python3.6/dist-packages/airflow/example_dags/example_complex.py for tasks to queue
[2021-09-30 07:57:32,044] {logging_mixin.py:104} INFO - [2021-09-30 07:57:32,044] {dagbag.py:451} INFO - Filling up the DagBag from /usr/local/lib/python3.6/dist-packages/airflow/example_dags/example_complex.py
[2021-09-30 07:57:32,058] {scheduler_job.py:639} INFO - DAG(s) dict_keys(['example_complex']) retrieved from /usr/local/lib/python3.6/dist-packages/airflow/example_dags/example_complex.py
[2021-09-30 07:57:32,079] {logging_mixin.py:104} INFO - [2021-09-30 07:57:32,079] {dag.py:1824} INFO - Sync 1 DAGs
[2021-09-30 07:57:32,092] {logging_mixin.py:104} INFO - [2021-09-30 07:57:32,092] {dag.py:2280} INFO - Setting next_dagrun for example_complex to None
[2021-09-30 07:57:32,102] {scheduler_job.py:190} INFO - Processing /usr/local/lib/python3.6/dist-packages/airflow/example_dags/example_complex.py took 0.061 seconds
[2021-09-30 07:58:02,116] {scheduler_job.py:182} INFO - Started process (PID=2226) to work on /usr/local/lib/python3.6/dist-packages/airflow/example_dags/example_complex.py
[2021-09-30 07:58:02,117] {scheduler_job.py:629} INFO - Processing file /usr/local/lib/python3.6/dist-packages/airflow/example_dags/example_complex.py for tasks to queue
[2021-09-30 07:58:02,117] {logging_mixin.py:104} INFO - [2021-09-30 07:58:02,117] {dagbag.py:451} INFO - Filling up the DagBag from /usr/local/lib/python3.6/dist-packages/airflow/example_dags/example_complex.py
[2021-09-30 07:58:02,131] {scheduler_job.py:639} INFO - DAG(s) dict_keys(['example_complex']) retrieved from /usr/local/lib/python3.6/dist-packages/airflow/example_dags/example_complex.py
[2021-09-30 07:58:02,151] {logging_mixin.py:104} INFO - [2021-09-30 07:58:02,151] {dag.py:1824} INFO - Sync 1 DAGs
[2021-09-30 07:58:02,165] {logging_mixin.py:104} INFO - [2021-09-30 07:58:02,165] {dag.py:2280} INFO - Setting next_dagrun for example_complex to None
[2021-09-30 07:58:02,174] {scheduler_job.py:190} INFO - Processing /usr/local/lib/python3.6/dist-packages/airflow/example_dags/example_complex.py took 0.059 seconds
[2021-09-30 07:58:32,216] {scheduler_job.py:182} INFO - Started process (PID=2300) to work on /usr/local/lib/python3.6/dist-packages/airflow/example_dags/example_complex.py
[2021-09-30 07:58:32,217] {scheduler_job.py:629} INFO - Processing file /usr/local/lib/python3.6/dist-packages/airflow/example_dags/example_complex.py for tasks to queue
[2021-09-30 07:58:32,217] {logging_mixin.py:104} INFO - [2021-09-30 07:58:32,217] {dagbag.py:451} INFO - Filling up the DagBag from /usr/local/lib/python3.6/dist-packages/airflow/example_dags/example_complex.py
[2021-09-30 07:58:32,230] {scheduler_job.py:639} INFO - DAG(s) dict_keys(['example_complex']) retrieved from /usr/local/lib/python3.6/dist-packages/airflow/example_dags/example_complex.py
[2021-09-30 07:58:32,250] {logging_mixin.py:104} INFO - [2021-09-30 07:58:32,250] {dag.py:1824} INFO - Sync 1 DAGs
[2021-09-30 07:58:32,262] {logging_mixin.py:104} INFO - [2021-09-30 07:58:32,262] {dag.py:2280} INFO - Setting next_dagrun for example_complex to None
[2021-09-30 07:58:32,270] {scheduler_job.py:190} INFO - Processing /usr/local/lib/python3.6/dist-packages/airflow/example_dags/example_complex.py took 0.056 seconds
[2021-09-30 07:59:02,395] {scheduler_job.py:182} INFO - Started process (PID=2376) to work on /usr/local/lib/python3.6/dist-packages/airflow/example_dags/example_complex.py
[2021-09-30 07:59:02,396] {scheduler_job.py:629} INFO - Processing file /usr/local/lib/python3.6/dist-packages/airflow/example_dags/example_complex.py for tasks to queue
[2021-09-30 07:59:02,396] {logging_mixin.py:104} INFO - [2021-09-30 07:59:02,396] {dagbag.py:451} INFO - Filling up the DagBag from /usr/local/lib/python3.6/dist-packages/airflow/example_dags/example_complex.py
[2021-09-30 07:59:02,410] {scheduler_job.py:639} INFO - DAG(s) dict_keys(['example_complex']) retrieved from /usr/local/lib/python3.6/dist-packages/airflow/example_dags/example_complex.py
[2021-09-30 07:59:02,428] {logging_mixin.py:104} INFO - [2021-09-30 07:59:02,428] {dag.py:1824} INFO - Sync 1 DAGs
[2021-09-30 07:59:02,438] {logging_mixin.py:104} INFO - [2021-09-30 07:59:02,438] {dag.py:2280} INFO - Setting next_dagrun for example_complex to None
[2021-09-30 07:59:02,447] {scheduler_job.py:190} INFO - Processing /usr/local/lib/python3.6/dist-packages/airflow/example_dags/example_complex.py took 0.053 seconds
[2021-09-30 07:59:32,654] {scheduler_job.py:182} INFO - Started process (PID=2450) to work on /usr/local/lib/python3.6/dist-packages/airflow/example_dags/example_complex.py
[2021-09-30 07:59:32,655] {scheduler_job.py:629} INFO - Processing file /usr/local/lib/python3.6/dist-packages/airflow/example_dags/example_complex.py for tasks to queue
[2021-09-30 07:59:32,656] {logging_mixin.py:104} INFO - [2021-09-30 07:59:32,655] {dagbag.py:451} INFO - Filling up the DagBag from /usr/local/lib/python3.6/dist-packages/airflow/example_dags/example_complex.py
[2021-09-30 07:59:32,669] {scheduler_job.py:639} INFO - DAG(s) dict_keys(['example_complex']) retrieved from /usr/local/lib/python3.6/dist-packages/airflow/example_dags/example_complex.py
[2021-09-30 07:59:32,687] {logging_mixin.py:104} INFO - [2021-09-30 07:59:32,686] {dag.py:1824} INFO - Sync 1 DAGs
[2021-09-30 07:59:32,697] {logging_mixin.py:104} INFO - [2021-09-30 07:59:32,697] {dag.py:2280} INFO - Setting next_dagrun for example_complex to None
[2021-09-30 07:59:32,705] {scheduler_job.py:190} INFO - Processing /usr/local/lib/python3.6/dist-packages/airflow/example_dags/example_complex.py took 0.053 seconds
[2021-09-30 08:00:02,873] {scheduler_job.py:182} INFO - Started process (PID=2526) to work on /usr/local/lib/python3.6/dist-packages/airflow/example_dags/example_complex.py
[2021-09-30 08:00:02,874] {scheduler_job.py:629} INFO - Processing file /usr/local/lib/python3.6/dist-packages/airflow/example_dags/example_complex.py for tasks to queue
[2021-09-30 08:00:02,874] {logging_mixin.py:104} INFO - [2021-09-30 08:00:02,874] {dagbag.py:451} INFO - Filling up the DagBag from /usr/local/lib/python3.6/dist-packages/airflow/example_dags/example_complex.py
[2021-09-30 08:00:02,889] {scheduler_job.py:639} INFO - DAG(s) dict_keys(['example_complex']) retrieved from /usr/local/lib/python3.6/dist-packages/airflow/example_dags/example_complex.py
[2021-09-30 08:00:02,907] {logging_mixin.py:104} INFO - [2021-09-30 08:00:02,907] {dag.py:1824} INFO - Sync 1 DAGs
[2021-09-30 08:00:02,917] {logging_mixin.py:104} INFO - [2021-09-30 08:00:02,917] {dag.py:2280} INFO - Setting next_dagrun for example_complex to None
[2021-09-30 08:00:02,926] {scheduler_job.py:190} INFO - Processing /usr/local/lib/python3.6/dist-packages/airflow/example_dags/example_complex.py took 0.055 seconds
[2021-09-30 08:00:33,021] {scheduler_job.py:182} INFO - Started process (PID=2600) to work on /usr/local/lib/python3.6/dist-packages/airflow/example_dags/example_complex.py
[2021-09-30 08:00:33,021] {scheduler_job.py:629} INFO - Processing file /usr/local/lib/python3.6/dist-packages/airflow/example_dags/example_complex.py for tasks to queue
[2021-09-30 08:00:33,022] {logging_mixin.py:104} INFO - [2021-09-30 08:00:33,022] {dagbag.py:451} INFO - Filling up the DagBag from /usr/local/lib/python3.6/dist-packages/airflow/example_dags/example_complex.py
[2021-09-30 08:00:33,035] {scheduler_job.py:639} INFO - DAG(s) dict_keys(['example_complex']) retrieved from /usr/local/lib/python3.6/dist-packages/airflow/example_dags/example_complex.py
[2021-09-30 08:00:33,054] {logging_mixin.py:104} INFO - [2021-09-30 08:00:33,053] {dag.py:1824} INFO - Sync 1 DAGs
[2021-09-30 08:00:33,064] {logging_mixin.py:104} INFO - [2021-09-30 08:00:33,064] {dag.py:2280} INFO - Setting next_dagrun for example_complex to None
[2021-09-30 08:00:33,072] {scheduler_job.py:190} INFO - Processing /usr/local/lib/python3.6/dist-packages/airflow/example_dags/example_complex.py took 0.054 seconds
[2021-09-30 08:01:03,112] {scheduler_job.py:182} INFO - Started process (PID=2678) to work on /usr/local/lib/python3.6/dist-packages/airflow/example_dags/example_complex.py
[2021-09-30 08:01:03,115] {scheduler_job.py:629} INFO - Processing file /usr/local/lib/python3.6/dist-packages/airflow/example_dags/example_complex.py for tasks to queue
[2021-09-30 08:01:03,116] {logging_mixin.py:104} INFO - [2021-09-30 08:01:03,115] {dagbag.py:451} INFO - Filling up the DagBag from /usr/local/lib/python3.6/dist-packages/airflow/example_dags/example_complex.py
[2021-09-30 08:01:03,130] {scheduler_job.py:639} INFO - DAG(s) dict_keys(['example_complex']) retrieved from /usr/local/lib/python3.6/dist-packages/airflow/example_dags/example_complex.py
[2021-09-30 08:01:03,152] {logging_mixin.py:104} INFO - [2021-09-30 08:01:03,152] {dag.py:1824} INFO - Sync 1 DAGs
[2021-09-30 08:01:03,164] {logging_mixin.py:104} INFO - [2021-09-30 08:01:03,164] {dag.py:2280} INFO - Setting next_dagrun for example_complex to None
[2021-09-30 08:01:03,172] {scheduler_job.py:190} INFO - Processing /usr/local/lib/python3.6/dist-packages/airflow/example_dags/example_complex.py took 0.062 seconds
[2021-09-30 08:01:34,472] {scheduler_job.py:182} INFO - Started process (PID=2754) to work on /usr/local/lib/python3.6/dist-packages/airflow/example_dags/example_complex.py
[2021-09-30 08:01:34,473] {scheduler_job.py:629} INFO - Processing file /usr/local/lib/python3.6/dist-packages/airflow/example_dags/example_complex.py for tasks to queue
[2021-09-30 08:01:34,474] {logging_mixin.py:104} INFO - [2021-09-30 08:01:34,474] {dagbag.py:451} INFO - Filling up the DagBag from /usr/local/lib/python3.6/dist-packages/airflow/example_dags/example_complex.py
[2021-09-30 08:01:34,488] {scheduler_job.py:639} INFO - DAG(s) dict_keys(['example_complex']) retrieved from /usr/local/lib/python3.6/dist-packages/airflow/example_dags/example_complex.py
[2021-09-30 08:01:34,508] {logging_mixin.py:104} INFO - [2021-09-30 08:01:34,507] {dag.py:1824} INFO - Sync 1 DAGs
[2021-09-30 08:01:34,520] {logging_mixin.py:104} INFO - [2021-09-30 08:01:34,520] {dag.py:2280} INFO - Setting next_dagrun for example_complex to None
[2021-09-30 08:01:34,529] {scheduler_job.py:190} INFO - Processing /usr/local/lib/python3.6/dist-packages/airflow/example_dags/example_complex.py took 0.059 seconds
[2021-09-30 08:02:04,548] {scheduler_job.py:182} INFO - Started process (PID=2813) to work on /usr/local/lib/python3.6/dist-packages/airflow/example_dags/example_complex.py
[2021-09-30 08:02:04,548] {scheduler_job.py:629} INFO - Processing file /usr/local/lib/python3.6/dist-packages/airflow/example_dags/example_complex.py for tasks to queue
[2021-09-30 08:02:04,549] {logging_mixin.py:104} INFO - [2021-09-30 08:02:04,549] {dagbag.py:451} INFO - Filling up the DagBag from /usr/local/lib/python3.6/dist-packages/airflow/example_dags/example_complex.py
[2021-09-30 08:02:04,562] {scheduler_job.py:639} INFO - DAG(s) dict_keys(['example_complex']) retrieved from /usr/local/lib/python3.6/dist-packages/airflow/example_dags/example_complex.py
[2021-09-30 08:02:04,580] {logging_mixin.py:104} INFO - [2021-09-30 08:02:04,580] {dag.py:1824} INFO - Sync 1 DAGs
[2021-09-30 08:02:04,590] {logging_mixin.py:104} INFO - [2021-09-30 08:02:04,590] {dag.py:2280} INFO - Setting next_dagrun for example_complex to None
[2021-09-30 08:02:04,598] {scheduler_job.py:190} INFO - Processing /usr/local/lib/python3.6/dist-packages/airflow/example_dags/example_complex.py took 0.052 seconds
