[2021-09-30 07:30:44,857] {scheduler_job.py:182} INFO - Started process (PID=40) to work on /usr/local/lib/python3.6/dist-packages/airflow/example_dags/example_xcom.py
[2021-09-30 07:30:44,858] {scheduler_job.py:629} INFO - Processing file /usr/local/lib/python3.6/dist-packages/airflow/example_dags/example_xcom.py for tasks to queue
[2021-09-30 07:30:44,858] {logging_mixin.py:104} INFO - [2021-09-30 07:30:44,858] {dagbag.py:451} INFO - Filling up the DagBag from /usr/local/lib/python3.6/dist-packages/airflow/example_dags/example_xcom.py
[2021-09-30 07:30:44,866] {scheduler_job.py:639} INFO - DAG(s) dict_keys(['example_xcom']) retrieved from /usr/local/lib/python3.6/dist-packages/airflow/example_dags/example_xcom.py
[2021-09-30 07:30:44,874] {logging_mixin.py:104} INFO - [2021-09-30 07:30:44,874] {dag.py:1824} INFO - Sync 1 DAGs
[2021-09-30 07:30:44,886] {logging_mixin.py:104} INFO - [2021-09-30 07:30:44,886] {dag.py:2280} INFO - Setting next_dagrun for example_xcom to 2021-09-28 00:00:00+00:00
[2021-09-30 07:30:44,893] {scheduler_job.py:190} INFO - Processing /usr/local/lib/python3.6/dist-packages/airflow/example_dags/example_xcom.py took 0.037 seconds
[2021-09-30 07:31:15,227] {scheduler_job.py:182} INFO - Started process (PID=218) to work on /usr/local/lib/python3.6/dist-packages/airflow/example_dags/example_xcom.py
[2021-09-30 07:31:15,228] {scheduler_job.py:629} INFO - Processing file /usr/local/lib/python3.6/dist-packages/airflow/example_dags/example_xcom.py for tasks to queue
[2021-09-30 07:31:15,228] {logging_mixin.py:104} INFO - [2021-09-30 07:31:15,228] {dagbag.py:451} INFO - Filling up the DagBag from /usr/local/lib/python3.6/dist-packages/airflow/example_dags/example_xcom.py
[2021-09-30 07:31:15,243] {scheduler_job.py:639} INFO - DAG(s) dict_keys(['example_xcom']) retrieved from /usr/local/lib/python3.6/dist-packages/airflow/example_dags/example_xcom.py
[2021-09-30 07:31:15,266] {logging_mixin.py:104} INFO - [2021-09-30 07:31:15,266] {dag.py:1824} INFO - Sync 1 DAGs
[2021-09-30 07:31:15,281] {logging_mixin.py:104} INFO - [2021-09-30 07:31:15,281] {dag.py:2280} INFO - Setting next_dagrun for example_xcom to 2021-09-28 00:00:00+00:00
[2021-09-30 07:31:15,290] {scheduler_job.py:190} INFO - Processing /usr/local/lib/python3.6/dist-packages/airflow/example_dags/example_xcom.py took 0.073 seconds
[2021-09-30 07:31:45,351] {scheduler_job.py:182} INFO - Started process (PID=292) to work on /usr/local/lib/python3.6/dist-packages/airflow/example_dags/example_xcom.py
[2021-09-30 07:31:45,351] {scheduler_job.py:629} INFO - Processing file /usr/local/lib/python3.6/dist-packages/airflow/example_dags/example_xcom.py for tasks to queue
[2021-09-30 07:31:45,352] {logging_mixin.py:104} INFO - [2021-09-30 07:31:45,352] {dagbag.py:451} INFO - Filling up the DagBag from /usr/local/lib/python3.6/dist-packages/airflow/example_dags/example_xcom.py
[2021-09-30 07:31:45,359] {scheduler_job.py:639} INFO - DAG(s) dict_keys(['example_xcom']) retrieved from /usr/local/lib/python3.6/dist-packages/airflow/example_dags/example_xcom.py
[2021-09-30 07:31:45,376] {logging_mixin.py:104} INFO - [2021-09-30 07:31:45,376] {dag.py:1824} INFO - Sync 1 DAGs
[2021-09-30 07:31:45,389] {logging_mixin.py:104} INFO - [2021-09-30 07:31:45,389] {dag.py:2280} INFO - Setting next_dagrun for example_xcom to 2021-09-28 00:00:00+00:00
[2021-09-30 07:31:45,395] {scheduler_job.py:190} INFO - Processing /usr/local/lib/python3.6/dist-packages/airflow/example_dags/example_xcom.py took 0.046 seconds
[2021-09-30 07:32:15,853] {scheduler_job.py:182} INFO - Started process (PID=370) to work on /usr/local/lib/python3.6/dist-packages/airflow/example_dags/example_xcom.py
[2021-09-30 07:32:15,854] {scheduler_job.py:629} INFO - Processing file /usr/local/lib/python3.6/dist-packages/airflow/example_dags/example_xcom.py for tasks to queue
[2021-09-30 07:32:15,854] {logging_mixin.py:104} INFO - [2021-09-30 07:32:15,854] {dagbag.py:451} INFO - Filling up the DagBag from /usr/local/lib/python3.6/dist-packages/airflow/example_dags/example_xcom.py
[2021-09-30 07:32:15,862] {scheduler_job.py:639} INFO - DAG(s) dict_keys(['example_xcom']) retrieved from /usr/local/lib/python3.6/dist-packages/airflow/example_dags/example_xcom.py
[2021-09-30 07:32:15,874] {logging_mixin.py:104} INFO - [2021-09-30 07:32:15,874] {dag.py:1824} INFO - Sync 1 DAGs
[2021-09-30 07:32:15,882] {logging_mixin.py:104} INFO - [2021-09-30 07:32:15,882] {dag.py:2280} INFO - Setting next_dagrun for example_xcom to 2021-09-28 00:00:00+00:00
[2021-09-30 07:32:15,886] {scheduler_job.py:190} INFO - Processing /usr/local/lib/python3.6/dist-packages/airflow/example_dags/example_xcom.py took 0.035 seconds
[2021-09-30 07:32:46,517] {scheduler_job.py:182} INFO - Started process (PID=455) to work on /usr/local/lib/python3.6/dist-packages/airflow/example_dags/example_xcom.py
[2021-09-30 07:32:46,518] {scheduler_job.py:629} INFO - Processing file /usr/local/lib/python3.6/dist-packages/airflow/example_dags/example_xcom.py for tasks to queue
[2021-09-30 07:32:46,519] {logging_mixin.py:104} INFO - [2021-09-30 07:32:46,519] {dagbag.py:451} INFO - Filling up the DagBag from /usr/local/lib/python3.6/dist-packages/airflow/example_dags/example_xcom.py
[2021-09-30 07:32:46,527] {scheduler_job.py:639} INFO - DAG(s) dict_keys(['example_xcom']) retrieved from /usr/local/lib/python3.6/dist-packages/airflow/example_dags/example_xcom.py
[2021-09-30 07:32:46,540] {logging_mixin.py:104} INFO - [2021-09-30 07:32:46,540] {dag.py:1824} INFO - Sync 1 DAGs
[2021-09-30 07:32:46,550] {logging_mixin.py:104} INFO - [2021-09-30 07:32:46,550] {dag.py:2280} INFO - Setting next_dagrun for example_xcom to 2021-09-28 00:00:00+00:00
[2021-09-30 07:32:46,556] {scheduler_job.py:190} INFO - Processing /usr/local/lib/python3.6/dist-packages/airflow/example_dags/example_xcom.py took 0.042 seconds
[2021-09-30 07:33:16,566] {scheduler_job.py:182} INFO - Started process (PID=547) to work on /usr/local/lib/python3.6/dist-packages/airflow/example_dags/example_xcom.py
[2021-09-30 07:33:16,566] {scheduler_job.py:629} INFO - Processing file /usr/local/lib/python3.6/dist-packages/airflow/example_dags/example_xcom.py for tasks to queue
[2021-09-30 07:33:16,566] {logging_mixin.py:104} INFO - [2021-09-30 07:33:16,566] {dagbag.py:451} INFO - Filling up the DagBag from /usr/local/lib/python3.6/dist-packages/airflow/example_dags/example_xcom.py
[2021-09-30 07:33:16,572] {scheduler_job.py:639} INFO - DAG(s) dict_keys(['example_xcom']) retrieved from /usr/local/lib/python3.6/dist-packages/airflow/example_dags/example_xcom.py
[2021-09-30 07:33:16,584] {logging_mixin.py:104} INFO - [2021-09-30 07:33:16,584] {dag.py:1824} INFO - Sync 1 DAGs
[2021-09-30 07:33:16,592] {logging_mixin.py:104} INFO - [2021-09-30 07:33:16,592] {dag.py:2280} INFO - Setting next_dagrun for example_xcom to 2021-09-28 00:00:00+00:00
[2021-09-30 07:33:16,598] {scheduler_job.py:190} INFO - Processing /usr/local/lib/python3.6/dist-packages/airflow/example_dags/example_xcom.py took 0.034 seconds
[2021-09-30 07:33:43,936] {scheduler_job.py:182} INFO - Started process (PID=92) to work on /usr/local/lib/python3.6/dist-packages/airflow/example_dags/example_xcom.py
[2021-09-30 07:33:43,937] {scheduler_job.py:629} INFO - Processing file /usr/local/lib/python3.6/dist-packages/airflow/example_dags/example_xcom.py for tasks to queue
[2021-09-30 07:33:43,937] {logging_mixin.py:104} INFO - [2021-09-30 07:33:43,937] {dagbag.py:451} INFO - Filling up the DagBag from /usr/local/lib/python3.6/dist-packages/airflow/example_dags/example_xcom.py
[2021-09-30 07:33:43,944] {scheduler_job.py:639} INFO - DAG(s) dict_keys(['example_xcom']) retrieved from /usr/local/lib/python3.6/dist-packages/airflow/example_dags/example_xcom.py
[2021-09-30 07:33:43,959] {logging_mixin.py:104} INFO - [2021-09-30 07:33:43,959] {dag.py:1824} INFO - Sync 1 DAGs
[2021-09-30 07:33:43,969] {logging_mixin.py:104} INFO - [2021-09-30 07:33:43,969] {dag.py:2280} INFO - Setting next_dagrun for example_xcom to 2021-09-28 00:00:00+00:00
[2021-09-30 07:33:43,975] {scheduler_job.py:190} INFO - Processing /usr/local/lib/python3.6/dist-packages/airflow/example_dags/example_xcom.py took 0.041 seconds
[2021-09-30 07:34:14,951] {scheduler_job.py:182} INFO - Started process (PID=218) to work on /usr/local/lib/python3.6/dist-packages/airflow/example_dags/example_xcom.py
[2021-09-30 07:34:14,952] {scheduler_job.py:629} INFO - Processing file /usr/local/lib/python3.6/dist-packages/airflow/example_dags/example_xcom.py for tasks to queue
[2021-09-30 07:34:14,952] {logging_mixin.py:104} INFO - [2021-09-30 07:34:14,952] {dagbag.py:451} INFO - Filling up the DagBag from /usr/local/lib/python3.6/dist-packages/airflow/example_dags/example_xcom.py
[2021-09-30 07:34:14,960] {scheduler_job.py:639} INFO - DAG(s) dict_keys(['example_xcom']) retrieved from /usr/local/lib/python3.6/dist-packages/airflow/example_dags/example_xcom.py
[2021-09-30 07:34:14,975] {logging_mixin.py:104} INFO - [2021-09-30 07:34:14,975] {dag.py:1824} INFO - Sync 1 DAGs
[2021-09-30 07:34:14,987] {logging_mixin.py:104} INFO - [2021-09-30 07:34:14,986] {dag.py:2280} INFO - Setting next_dagrun for example_xcom to 2021-09-28 00:00:00+00:00
[2021-09-30 07:34:14,993] {scheduler_job.py:190} INFO - Processing /usr/local/lib/python3.6/dist-packages/airflow/example_dags/example_xcom.py took 0.044 seconds
[2021-09-30 07:34:45,972] {scheduler_job.py:182} INFO - Started process (PID=288) to work on /usr/local/lib/python3.6/dist-packages/airflow/example_dags/example_xcom.py
[2021-09-30 07:34:45,973] {scheduler_job.py:629} INFO - Processing file /usr/local/lib/python3.6/dist-packages/airflow/example_dags/example_xcom.py for tasks to queue
[2021-09-30 07:34:45,973] {logging_mixin.py:104} INFO - [2021-09-30 07:34:45,973] {dagbag.py:451} INFO - Filling up the DagBag from /usr/local/lib/python3.6/dist-packages/airflow/example_dags/example_xcom.py
[2021-09-30 07:34:45,982] {scheduler_job.py:639} INFO - DAG(s) dict_keys(['example_xcom']) retrieved from /usr/local/lib/python3.6/dist-packages/airflow/example_dags/example_xcom.py
[2021-09-30 07:34:46,007] {logging_mixin.py:104} INFO - [2021-09-30 07:34:46,007] {dag.py:1824} INFO - Sync 1 DAGs
[2021-09-30 07:34:46,025] {logging_mixin.py:104} INFO - [2021-09-30 07:34:46,025] {dag.py:2280} INFO - Setting next_dagrun for example_xcom to 2021-09-28 00:00:00+00:00
[2021-09-30 07:34:46,032] {scheduler_job.py:190} INFO - Processing /usr/local/lib/python3.6/dist-packages/airflow/example_dags/example_xcom.py took 0.062 seconds
[2021-09-30 07:36:12,002] {scheduler_job.py:182} INFO - Started process (PID=69) to work on /usr/local/lib/python3.6/dist-packages/airflow/example_dags/example_xcom.py
[2021-09-30 07:36:12,002] {scheduler_job.py:629} INFO - Processing file /usr/local/lib/python3.6/dist-packages/airflow/example_dags/example_xcom.py for tasks to queue
[2021-09-30 07:36:12,003] {logging_mixin.py:104} INFO - [2021-09-30 07:36:12,003] {dagbag.py:451} INFO - Filling up the DagBag from /usr/local/lib/python3.6/dist-packages/airflow/example_dags/example_xcom.py
[2021-09-30 07:36:12,009] {scheduler_job.py:639} INFO - DAG(s) dict_keys(['example_xcom']) retrieved from /usr/local/lib/python3.6/dist-packages/airflow/example_dags/example_xcom.py
[2021-09-30 07:36:12,021] {logging_mixin.py:104} INFO - [2021-09-30 07:36:12,021] {dag.py:1824} INFO - Sync 1 DAGs
[2021-09-30 07:36:12,030] {logging_mixin.py:104} INFO - [2021-09-30 07:36:12,030] {dag.py:2280} INFO - Setting next_dagrun for example_xcom to 2021-09-28 00:00:00+00:00
[2021-09-30 07:36:12,036] {scheduler_job.py:190} INFO - Processing /usr/local/lib/python3.6/dist-packages/airflow/example_dags/example_xcom.py took 0.036 seconds
[2021-09-30 07:36:42,864] {scheduler_job.py:182} INFO - Started process (PID=204) to work on /usr/local/lib/python3.6/dist-packages/airflow/example_dags/example_xcom.py
[2021-09-30 07:36:42,864] {scheduler_job.py:629} INFO - Processing file /usr/local/lib/python3.6/dist-packages/airflow/example_dags/example_xcom.py for tasks to queue
[2021-09-30 07:36:42,865] {logging_mixin.py:104} INFO - [2021-09-30 07:36:42,865] {dagbag.py:451} INFO - Filling up the DagBag from /usr/local/lib/python3.6/dist-packages/airflow/example_dags/example_xcom.py
[2021-09-30 07:36:42,872] {scheduler_job.py:639} INFO - DAG(s) dict_keys(['example_xcom']) retrieved from /usr/local/lib/python3.6/dist-packages/airflow/example_dags/example_xcom.py
[2021-09-30 07:36:42,888] {logging_mixin.py:104} INFO - [2021-09-30 07:36:42,888] {dag.py:1824} INFO - Sync 1 DAGs
[2021-09-30 07:36:42,901] {logging_mixin.py:104} INFO - [2021-09-30 07:36:42,901] {dag.py:2280} INFO - Setting next_dagrun for example_xcom to 2021-09-28 00:00:00+00:00
[2021-09-30 07:36:42,909] {scheduler_job.py:190} INFO - Processing /usr/local/lib/python3.6/dist-packages/airflow/example_dags/example_xcom.py took 0.047 seconds
[2021-09-30 07:37:28,975] {scheduler_job.py:182} INFO - Started process (PID=56) to work on /usr/local/lib/python3.6/dist-packages/airflow/example_dags/example_xcom.py
[2021-09-30 07:37:28,976] {scheduler_job.py:629} INFO - Processing file /usr/local/lib/python3.6/dist-packages/airflow/example_dags/example_xcom.py for tasks to queue
[2021-09-30 07:37:28,977] {logging_mixin.py:104} INFO - [2021-09-30 07:37:28,977] {dagbag.py:451} INFO - Filling up the DagBag from /usr/local/lib/python3.6/dist-packages/airflow/example_dags/example_xcom.py
[2021-09-30 07:37:28,986] {scheduler_job.py:639} INFO - DAG(s) dict_keys(['example_xcom']) retrieved from /usr/local/lib/python3.6/dist-packages/airflow/example_dags/example_xcom.py
[2021-09-30 07:37:29,001] {logging_mixin.py:104} INFO - [2021-09-30 07:37:29,001] {dag.py:1824} INFO - Sync 1 DAGs
[2021-09-30 07:37:29,014] {logging_mixin.py:104} INFO - [2021-09-30 07:37:29,014] {dag.py:2280} INFO - Setting next_dagrun for example_xcom to 2021-09-28 00:00:00+00:00
[2021-09-30 07:37:29,022] {scheduler_job.py:190} INFO - Processing /usr/local/lib/python3.6/dist-packages/airflow/example_dags/example_xcom.py took 0.049 seconds
[2021-09-30 07:37:59,074] {scheduler_job.py:182} INFO - Started process (PID=193) to work on /usr/local/lib/python3.6/dist-packages/airflow/example_dags/example_xcom.py
[2021-09-30 07:37:59,074] {scheduler_job.py:629} INFO - Processing file /usr/local/lib/python3.6/dist-packages/airflow/example_dags/example_xcom.py for tasks to queue
[2021-09-30 07:37:59,074] {logging_mixin.py:104} INFO - [2021-09-30 07:37:59,074] {dagbag.py:451} INFO - Filling up the DagBag from /usr/local/lib/python3.6/dist-packages/airflow/example_dags/example_xcom.py
[2021-09-30 07:37:59,081] {scheduler_job.py:639} INFO - DAG(s) dict_keys(['example_xcom']) retrieved from /usr/local/lib/python3.6/dist-packages/airflow/example_dags/example_xcom.py
[2021-09-30 07:37:59,093] {logging_mixin.py:104} INFO - [2021-09-30 07:37:59,093] {dag.py:1824} INFO - Sync 1 DAGs
[2021-09-30 07:37:59,104] {logging_mixin.py:104} INFO - [2021-09-30 07:37:59,104] {dag.py:2280} INFO - Setting next_dagrun for example_xcom to 2021-09-28 00:00:00+00:00
[2021-09-30 07:37:59,110] {scheduler_job.py:190} INFO - Processing /usr/local/lib/python3.6/dist-packages/airflow/example_dags/example_xcom.py took 0.038 seconds
[2021-09-30 07:38:29,762] {scheduler_job.py:182} INFO - Started process (PID=270) to work on /usr/local/lib/python3.6/dist-packages/airflow/example_dags/example_xcom.py
[2021-09-30 07:38:29,763] {scheduler_job.py:629} INFO - Processing file /usr/local/lib/python3.6/dist-packages/airflow/example_dags/example_xcom.py for tasks to queue
[2021-09-30 07:38:29,763] {logging_mixin.py:104} INFO - [2021-09-30 07:38:29,763] {dagbag.py:451} INFO - Filling up the DagBag from /usr/local/lib/python3.6/dist-packages/airflow/example_dags/example_xcom.py
[2021-09-30 07:38:29,769] {scheduler_job.py:639} INFO - DAG(s) dict_keys(['example_xcom']) retrieved from /usr/local/lib/python3.6/dist-packages/airflow/example_dags/example_xcom.py
[2021-09-30 07:38:29,781] {logging_mixin.py:104} INFO - [2021-09-30 07:38:29,781] {dag.py:1824} INFO - Sync 1 DAGs
[2021-09-30 07:38:29,789] {logging_mixin.py:104} INFO - [2021-09-30 07:38:29,789] {dag.py:2280} INFO - Setting next_dagrun for example_xcom to 2021-09-28 00:00:00+00:00
[2021-09-30 07:38:29,795] {scheduler_job.py:190} INFO - Processing /usr/local/lib/python3.6/dist-packages/airflow/example_dags/example_xcom.py took 0.034 seconds
[2021-09-30 07:39:00,432] {scheduler_job.py:182} INFO - Started process (PID=344) to work on /usr/local/lib/python3.6/dist-packages/airflow/example_dags/example_xcom.py
[2021-09-30 07:39:00,432] {scheduler_job.py:629} INFO - Processing file /usr/local/lib/python3.6/dist-packages/airflow/example_dags/example_xcom.py for tasks to queue
[2021-09-30 07:39:00,432] {logging_mixin.py:104} INFO - [2021-09-30 07:39:00,432] {dagbag.py:451} INFO - Filling up the DagBag from /usr/local/lib/python3.6/dist-packages/airflow/example_dags/example_xcom.py
[2021-09-30 07:39:00,438] {scheduler_job.py:639} INFO - DAG(s) dict_keys(['example_xcom']) retrieved from /usr/local/lib/python3.6/dist-packages/airflow/example_dags/example_xcom.py
[2021-09-30 07:39:00,449] {logging_mixin.py:104} INFO - [2021-09-30 07:39:00,449] {dag.py:1824} INFO - Sync 1 DAGs
[2021-09-30 07:39:00,457] {logging_mixin.py:104} INFO - [2021-09-30 07:39:00,457] {dag.py:2280} INFO - Setting next_dagrun for example_xcom to 2021-09-28 00:00:00+00:00
[2021-09-30 07:39:00,462] {scheduler_job.py:190} INFO - Processing /usr/local/lib/python3.6/dist-packages/airflow/example_dags/example_xcom.py took 0.032 seconds
[2021-09-30 07:39:31,166] {scheduler_job.py:182} INFO - Started process (PID=428) to work on /usr/local/lib/python3.6/dist-packages/airflow/example_dags/example_xcom.py
[2021-09-30 07:39:31,167] {scheduler_job.py:629} INFO - Processing file /usr/local/lib/python3.6/dist-packages/airflow/example_dags/example_xcom.py for tasks to queue
[2021-09-30 07:39:31,167] {logging_mixin.py:104} INFO - [2021-09-30 07:39:31,167] {dagbag.py:451} INFO - Filling up the DagBag from /usr/local/lib/python3.6/dist-packages/airflow/example_dags/example_xcom.py
[2021-09-30 07:39:31,174] {scheduler_job.py:639} INFO - DAG(s) dict_keys(['example_xcom']) retrieved from /usr/local/lib/python3.6/dist-packages/airflow/example_dags/example_xcom.py
[2021-09-30 07:39:31,186] {logging_mixin.py:104} INFO - [2021-09-30 07:39:31,186] {dag.py:1824} INFO - Sync 1 DAGs
[2021-09-30 07:39:31,196] {logging_mixin.py:104} INFO - [2021-09-30 07:39:31,195] {dag.py:2280} INFO - Setting next_dagrun for example_xcom to 2021-09-28 00:00:00+00:00
[2021-09-30 07:39:31,201] {scheduler_job.py:190} INFO - Processing /usr/local/lib/python3.6/dist-packages/airflow/example_dags/example_xcom.py took 0.037 seconds
[2021-09-30 07:40:01,370] {scheduler_job.py:182} INFO - Started process (PID=504) to work on /usr/local/lib/python3.6/dist-packages/airflow/example_dags/example_xcom.py
[2021-09-30 07:40:01,371] {scheduler_job.py:629} INFO - Processing file /usr/local/lib/python3.6/dist-packages/airflow/example_dags/example_xcom.py for tasks to queue
[2021-09-30 07:40:01,371] {logging_mixin.py:104} INFO - [2021-09-30 07:40:01,371] {dagbag.py:451} INFO - Filling up the DagBag from /usr/local/lib/python3.6/dist-packages/airflow/example_dags/example_xcom.py
[2021-09-30 07:40:01,378] {scheduler_job.py:639} INFO - DAG(s) dict_keys(['example_xcom']) retrieved from /usr/local/lib/python3.6/dist-packages/airflow/example_dags/example_xcom.py
[2021-09-30 07:40:01,390] {logging_mixin.py:104} INFO - [2021-09-30 07:40:01,390] {dag.py:1824} INFO - Sync 1 DAGs
[2021-09-30 07:40:01,399] {logging_mixin.py:104} INFO - [2021-09-30 07:40:01,399] {dag.py:2280} INFO - Setting next_dagrun for example_xcom to 2021-09-28 00:00:00+00:00
[2021-09-30 07:40:01,404] {scheduler_job.py:190} INFO - Processing /usr/local/lib/python3.6/dist-packages/airflow/example_dags/example_xcom.py took 0.036 seconds
[2021-09-30 07:40:32,090] {scheduler_job.py:182} INFO - Started process (PID=577) to work on /usr/local/lib/python3.6/dist-packages/airflow/example_dags/example_xcom.py
[2021-09-30 07:40:32,091] {scheduler_job.py:629} INFO - Processing file /usr/local/lib/python3.6/dist-packages/airflow/example_dags/example_xcom.py for tasks to queue
[2021-09-30 07:40:32,091] {logging_mixin.py:104} INFO - [2021-09-30 07:40:32,091] {dagbag.py:451} INFO - Filling up the DagBag from /usr/local/lib/python3.6/dist-packages/airflow/example_dags/example_xcom.py
[2021-09-30 07:40:32,097] {scheduler_job.py:639} INFO - DAG(s) dict_keys(['example_xcom']) retrieved from /usr/local/lib/python3.6/dist-packages/airflow/example_dags/example_xcom.py
[2021-09-30 07:40:32,110] {logging_mixin.py:104} INFO - [2021-09-30 07:40:32,110] {dag.py:1824} INFO - Sync 1 DAGs
[2021-09-30 07:40:32,120] {logging_mixin.py:104} INFO - [2021-09-30 07:40:32,120] {dag.py:2280} INFO - Setting next_dagrun for example_xcom to 2021-09-28 00:00:00+00:00
[2021-09-30 07:40:32,126] {scheduler_job.py:190} INFO - Processing /usr/local/lib/python3.6/dist-packages/airflow/example_dags/example_xcom.py took 0.037 seconds
[2021-09-30 07:41:02,799] {scheduler_job.py:182} INFO - Started process (PID=652) to work on /usr/local/lib/python3.6/dist-packages/airflow/example_dags/example_xcom.py
[2021-09-30 07:41:02,799] {scheduler_job.py:629} INFO - Processing file /usr/local/lib/python3.6/dist-packages/airflow/example_dags/example_xcom.py for tasks to queue
[2021-09-30 07:41:02,799] {logging_mixin.py:104} INFO - [2021-09-30 07:41:02,799] {dagbag.py:451} INFO - Filling up the DagBag from /usr/local/lib/python3.6/dist-packages/airflow/example_dags/example_xcom.py
[2021-09-30 07:41:02,806] {scheduler_job.py:639} INFO - DAG(s) dict_keys(['example_xcom']) retrieved from /usr/local/lib/python3.6/dist-packages/airflow/example_dags/example_xcom.py
[2021-09-30 07:41:02,817] {logging_mixin.py:104} INFO - [2021-09-30 07:41:02,817] {dag.py:1824} INFO - Sync 1 DAGs
[2021-09-30 07:41:02,826] {logging_mixin.py:104} INFO - [2021-09-30 07:41:02,826] {dag.py:2280} INFO - Setting next_dagrun for example_xcom to 2021-09-28 00:00:00+00:00
[2021-09-30 07:41:02,832] {scheduler_job.py:190} INFO - Processing /usr/local/lib/python3.6/dist-packages/airflow/example_dags/example_xcom.py took 0.036 seconds
[2021-09-30 07:41:33,484] {scheduler_job.py:182} INFO - Started process (PID=726) to work on /usr/local/lib/python3.6/dist-packages/airflow/example_dags/example_xcom.py
[2021-09-30 07:41:33,485] {scheduler_job.py:629} INFO - Processing file /usr/local/lib/python3.6/dist-packages/airflow/example_dags/example_xcom.py for tasks to queue
[2021-09-30 07:41:33,485] {logging_mixin.py:104} INFO - [2021-09-30 07:41:33,485] {dagbag.py:451} INFO - Filling up the DagBag from /usr/local/lib/python3.6/dist-packages/airflow/example_dags/example_xcom.py
[2021-09-30 07:41:33,493] {scheduler_job.py:639} INFO - DAG(s) dict_keys(['example_xcom']) retrieved from /usr/local/lib/python3.6/dist-packages/airflow/example_dags/example_xcom.py
[2021-09-30 07:41:33,506] {logging_mixin.py:104} INFO - [2021-09-30 07:41:33,506] {dag.py:1824} INFO - Sync 1 DAGs
[2021-09-30 07:41:33,514] {logging_mixin.py:104} INFO - [2021-09-30 07:41:33,514] {dag.py:2280} INFO - Setting next_dagrun for example_xcom to 2021-09-28 00:00:00+00:00
[2021-09-30 07:41:33,520] {scheduler_job.py:190} INFO - Processing /usr/local/lib/python3.6/dist-packages/airflow/example_dags/example_xcom.py took 0.037 seconds
[2021-09-30 07:42:04,188] {scheduler_job.py:182} INFO - Started process (PID=802) to work on /usr/local/lib/python3.6/dist-packages/airflow/example_dags/example_xcom.py
[2021-09-30 07:42:04,189] {scheduler_job.py:629} INFO - Processing file /usr/local/lib/python3.6/dist-packages/airflow/example_dags/example_xcom.py for tasks to queue
[2021-09-30 07:42:04,189] {logging_mixin.py:104} INFO - [2021-09-30 07:42:04,189] {dagbag.py:451} INFO - Filling up the DagBag from /usr/local/lib/python3.6/dist-packages/airflow/example_dags/example_xcom.py
[2021-09-30 07:42:04,196] {scheduler_job.py:639} INFO - DAG(s) dict_keys(['example_xcom']) retrieved from /usr/local/lib/python3.6/dist-packages/airflow/example_dags/example_xcom.py
[2021-09-30 07:42:04,208] {logging_mixin.py:104} INFO - [2021-09-30 07:42:04,208] {dag.py:1824} INFO - Sync 1 DAGs
[2021-09-30 07:42:04,218] {logging_mixin.py:104} INFO - [2021-09-30 07:42:04,217] {dag.py:2280} INFO - Setting next_dagrun for example_xcom to 2021-09-28 00:00:00+00:00
[2021-09-30 07:42:04,224] {scheduler_job.py:190} INFO - Processing /usr/local/lib/python3.6/dist-packages/airflow/example_dags/example_xcom.py took 0.037 seconds
[2021-09-30 07:42:35,118] {scheduler_job.py:182} INFO - Started process (PID=876) to work on /usr/local/lib/python3.6/dist-packages/airflow/example_dags/example_xcom.py
[2021-09-30 07:42:35,119] {scheduler_job.py:629} INFO - Processing file /usr/local/lib/python3.6/dist-packages/airflow/example_dags/example_xcom.py for tasks to queue
[2021-09-30 07:42:35,119] {logging_mixin.py:104} INFO - [2021-09-30 07:42:35,119] {dagbag.py:451} INFO - Filling up the DagBag from /usr/local/lib/python3.6/dist-packages/airflow/example_dags/example_xcom.py
[2021-09-30 07:42:35,128] {scheduler_job.py:639} INFO - DAG(s) dict_keys(['example_xcom']) retrieved from /usr/local/lib/python3.6/dist-packages/airflow/example_dags/example_xcom.py
[2021-09-30 07:42:35,145] {logging_mixin.py:104} INFO - [2021-09-30 07:42:35,145] {dag.py:1824} INFO - Sync 1 DAGs
[2021-09-30 07:42:35,159] {logging_mixin.py:104} INFO - [2021-09-30 07:42:35,159] {dag.py:2280} INFO - Setting next_dagrun for example_xcom to 2021-09-28 00:00:00+00:00
[2021-09-30 07:42:35,169] {scheduler_job.py:190} INFO - Processing /usr/local/lib/python3.6/dist-packages/airflow/example_dags/example_xcom.py took 0.054 seconds
[2021-09-30 07:43:05,331] {scheduler_job.py:182} INFO - Started process (PID=951) to work on /usr/local/lib/python3.6/dist-packages/airflow/example_dags/example_xcom.py
[2021-09-30 07:43:05,332] {scheduler_job.py:629} INFO - Processing file /usr/local/lib/python3.6/dist-packages/airflow/example_dags/example_xcom.py for tasks to queue
[2021-09-30 07:43:05,332] {logging_mixin.py:104} INFO - [2021-09-30 07:43:05,332] {dagbag.py:451} INFO - Filling up the DagBag from /usr/local/lib/python3.6/dist-packages/airflow/example_dags/example_xcom.py
[2021-09-30 07:43:05,341] {scheduler_job.py:639} INFO - DAG(s) dict_keys(['example_xcom']) retrieved from /usr/local/lib/python3.6/dist-packages/airflow/example_dags/example_xcom.py
[2021-09-30 07:43:05,358] {logging_mixin.py:104} INFO - [2021-09-30 07:43:05,358] {dag.py:1824} INFO - Sync 1 DAGs
[2021-09-30 07:43:05,371] {logging_mixin.py:104} INFO - [2021-09-30 07:43:05,371] {dag.py:2280} INFO - Setting next_dagrun for example_xcom to 2021-09-28 00:00:00+00:00
[2021-09-30 07:43:05,378] {scheduler_job.py:190} INFO - Processing /usr/local/lib/python3.6/dist-packages/airflow/example_dags/example_xcom.py took 0.050 seconds
[2021-09-30 07:43:51,575] {scheduler_job.py:182} INFO - Started process (PID=97) to work on /usr/local/lib/python3.6/dist-packages/airflow/example_dags/example_xcom.py
[2021-09-30 07:43:51,576] {scheduler_job.py:629} INFO - Processing file /usr/local/lib/python3.6/dist-packages/airflow/example_dags/example_xcom.py for tasks to queue
[2021-09-30 07:43:51,577] {logging_mixin.py:104} INFO - [2021-09-30 07:43:51,577] {dagbag.py:451} INFO - Filling up the DagBag from /usr/local/lib/python3.6/dist-packages/airflow/example_dags/example_xcom.py
[2021-09-30 07:43:51,591] {scheduler_job.py:639} INFO - DAG(s) dict_keys(['example_xcom']) retrieved from /usr/local/lib/python3.6/dist-packages/airflow/example_dags/example_xcom.py
[2021-09-30 07:43:51,622] {logging_mixin.py:104} INFO - [2021-09-30 07:43:51,621] {dag.py:1824} INFO - Sync 1 DAGs
[2021-09-30 07:43:51,641] {logging_mixin.py:104} INFO - [2021-09-30 07:43:51,641] {dag.py:2280} INFO - Setting next_dagrun for example_xcom to 2021-09-28 00:00:00+00:00
[2021-09-30 07:43:51,654] {scheduler_job.py:190} INFO - Processing /usr/local/lib/python3.6/dist-packages/airflow/example_dags/example_xcom.py took 0.083 seconds
[2021-09-30 07:44:22,534] {scheduler_job.py:182} INFO - Started process (PID=213) to work on /usr/local/lib/python3.6/dist-packages/airflow/example_dags/example_xcom.py
[2021-09-30 07:44:22,535] {scheduler_job.py:629} INFO - Processing file /usr/local/lib/python3.6/dist-packages/airflow/example_dags/example_xcom.py for tasks to queue
[2021-09-30 07:44:22,535] {logging_mixin.py:104} INFO - [2021-09-30 07:44:22,535] {dagbag.py:451} INFO - Filling up the DagBag from /usr/local/lib/python3.6/dist-packages/airflow/example_dags/example_xcom.py
[2021-09-30 07:44:22,543] {scheduler_job.py:639} INFO - DAG(s) dict_keys(['example_xcom']) retrieved from /usr/local/lib/python3.6/dist-packages/airflow/example_dags/example_xcom.py
[2021-09-30 07:44:22,558] {logging_mixin.py:104} INFO - [2021-09-30 07:44:22,558] {dag.py:1824} INFO - Sync 1 DAGs
[2021-09-30 07:44:22,569] {logging_mixin.py:104} INFO - [2021-09-30 07:44:22,569] {dag.py:2280} INFO - Setting next_dagrun for example_xcom to 2021-09-28 00:00:00+00:00
[2021-09-30 07:44:22,576] {scheduler_job.py:190} INFO - Processing /usr/local/lib/python3.6/dist-packages/airflow/example_dags/example_xcom.py took 0.044 seconds
[2021-09-30 07:44:53,455] {scheduler_job.py:182} INFO - Started process (PID=287) to work on /usr/local/lib/python3.6/dist-packages/airflow/example_dags/example_xcom.py
[2021-09-30 07:44:53,456] {scheduler_job.py:629} INFO - Processing file /usr/local/lib/python3.6/dist-packages/airflow/example_dags/example_xcom.py for tasks to queue
[2021-09-30 07:44:53,456] {logging_mixin.py:104} INFO - [2021-09-30 07:44:53,456] {dagbag.py:451} INFO - Filling up the DagBag from /usr/local/lib/python3.6/dist-packages/airflow/example_dags/example_xcom.py
[2021-09-30 07:44:53,464] {scheduler_job.py:639} INFO - DAG(s) dict_keys(['example_xcom']) retrieved from /usr/local/lib/python3.6/dist-packages/airflow/example_dags/example_xcom.py
[2021-09-30 07:44:53,481] {logging_mixin.py:104} INFO - [2021-09-30 07:44:53,481] {dag.py:1824} INFO - Sync 1 DAGs
[2021-09-30 07:44:53,495] {logging_mixin.py:104} INFO - [2021-09-30 07:44:53,494] {dag.py:2280} INFO - Setting next_dagrun for example_xcom to 2021-09-28 00:00:00+00:00
[2021-09-30 07:44:53,503] {scheduler_job.py:190} INFO - Processing /usr/local/lib/python3.6/dist-packages/airflow/example_dags/example_xcom.py took 0.051 seconds
[2021-09-30 07:45:23,845] {scheduler_job.py:182} INFO - Started process (PID=365) to work on /usr/local/lib/python3.6/dist-packages/airflow/example_dags/example_xcom.py
[2021-09-30 07:45:23,846] {scheduler_job.py:629} INFO - Processing file /usr/local/lib/python3.6/dist-packages/airflow/example_dags/example_xcom.py for tasks to queue
[2021-09-30 07:45:23,847] {logging_mixin.py:104} INFO - [2021-09-30 07:45:23,847] {dagbag.py:451} INFO - Filling up the DagBag from /usr/local/lib/python3.6/dist-packages/airflow/example_dags/example_xcom.py
[2021-09-30 07:45:23,857] {scheduler_job.py:639} INFO - DAG(s) dict_keys(['example_xcom']) retrieved from /usr/local/lib/python3.6/dist-packages/airflow/example_dags/example_xcom.py
[2021-09-30 07:45:23,877] {logging_mixin.py:104} INFO - [2021-09-30 07:45:23,877] {dag.py:1824} INFO - Sync 1 DAGs
[2021-09-30 07:45:23,892] {logging_mixin.py:104} INFO - [2021-09-30 07:45:23,892] {dag.py:2280} INFO - Setting next_dagrun for example_xcom to 2021-09-28 00:00:00+00:00
[2021-09-30 07:45:23,899] {scheduler_job.py:190} INFO - Processing /usr/local/lib/python3.6/dist-packages/airflow/example_dags/example_xcom.py took 0.057 seconds
[2021-09-30 07:45:54,423] {scheduler_job.py:182} INFO - Started process (PID=439) to work on /usr/local/lib/python3.6/dist-packages/airflow/example_dags/example_xcom.py
[2021-09-30 07:45:54,424] {scheduler_job.py:629} INFO - Processing file /usr/local/lib/python3.6/dist-packages/airflow/example_dags/example_xcom.py for tasks to queue
[2021-09-30 07:45:54,425] {logging_mixin.py:104} INFO - [2021-09-30 07:45:54,424] {dagbag.py:451} INFO - Filling up the DagBag from /usr/local/lib/python3.6/dist-packages/airflow/example_dags/example_xcom.py
[2021-09-30 07:45:54,434] {scheduler_job.py:639} INFO - DAG(s) dict_keys(['example_xcom']) retrieved from /usr/local/lib/python3.6/dist-packages/airflow/example_dags/example_xcom.py
[2021-09-30 07:45:54,451] {logging_mixin.py:104} INFO - [2021-09-30 07:45:54,451] {dag.py:1824} INFO - Sync 1 DAGs
[2021-09-30 07:45:54,464] {logging_mixin.py:104} INFO - [2021-09-30 07:45:54,464] {dag.py:2280} INFO - Setting next_dagrun for example_xcom to 2021-09-28 00:00:00+00:00
[2021-09-30 07:45:54,477] {scheduler_job.py:190} INFO - Processing /usr/local/lib/python3.6/dist-packages/airflow/example_dags/example_xcom.py took 0.057 seconds
[2021-09-30 07:46:24,750] {scheduler_job.py:182} INFO - Started process (PID=522) to work on /usr/local/lib/python3.6/dist-packages/airflow/example_dags/example_xcom.py
[2021-09-30 07:46:24,750] {scheduler_job.py:629} INFO - Processing file /usr/local/lib/python3.6/dist-packages/airflow/example_dags/example_xcom.py for tasks to queue
[2021-09-30 07:46:24,751] {logging_mixin.py:104} INFO - [2021-09-30 07:46:24,750] {dagbag.py:451} INFO - Filling up the DagBag from /usr/local/lib/python3.6/dist-packages/airflow/example_dags/example_xcom.py
[2021-09-30 07:46:24,758] {scheduler_job.py:639} INFO - DAG(s) dict_keys(['example_xcom']) retrieved from /usr/local/lib/python3.6/dist-packages/airflow/example_dags/example_xcom.py
[2021-09-30 07:46:24,774] {logging_mixin.py:104} INFO - [2021-09-30 07:46:24,774] {dag.py:1824} INFO - Sync 1 DAGs
[2021-09-30 07:46:24,788] {logging_mixin.py:104} INFO - [2021-09-30 07:46:24,788] {dag.py:2280} INFO - Setting next_dagrun for example_xcom to 2021-09-28 00:00:00+00:00
[2021-09-30 07:46:24,800] {scheduler_job.py:190} INFO - Processing /usr/local/lib/python3.6/dist-packages/airflow/example_dags/example_xcom.py took 0.052 seconds
[2021-09-30 07:46:54,957] {scheduler_job.py:182} INFO - Started process (PID=598) to work on /usr/local/lib/python3.6/dist-packages/airflow/example_dags/example_xcom.py
[2021-09-30 07:46:54,957] {scheduler_job.py:629} INFO - Processing file /usr/local/lib/python3.6/dist-packages/airflow/example_dags/example_xcom.py for tasks to queue
[2021-09-30 07:46:54,958] {logging_mixin.py:104} INFO - [2021-09-30 07:46:54,958] {dagbag.py:451} INFO - Filling up the DagBag from /usr/local/lib/python3.6/dist-packages/airflow/example_dags/example_xcom.py
[2021-09-30 07:46:54,966] {scheduler_job.py:639} INFO - DAG(s) dict_keys(['example_xcom']) retrieved from /usr/local/lib/python3.6/dist-packages/airflow/example_dags/example_xcom.py
[2021-09-30 07:46:54,981] {logging_mixin.py:104} INFO - [2021-09-30 07:46:54,981] {dag.py:1824} INFO - Sync 1 DAGs
[2021-09-30 07:46:54,994] {logging_mixin.py:104} INFO - [2021-09-30 07:46:54,993] {dag.py:2280} INFO - Setting next_dagrun for example_xcom to 2021-09-28 00:00:00+00:00
[2021-09-30 07:46:55,003] {scheduler_job.py:190} INFO - Processing /usr/local/lib/python3.6/dist-packages/airflow/example_dags/example_xcom.py took 0.049 seconds
[2021-09-30 07:47:25,465] {scheduler_job.py:182} INFO - Started process (PID=673) to work on /usr/local/lib/python3.6/dist-packages/airflow/example_dags/example_xcom.py
[2021-09-30 07:47:25,465] {scheduler_job.py:629} INFO - Processing file /usr/local/lib/python3.6/dist-packages/airflow/example_dags/example_xcom.py for tasks to queue
[2021-09-30 07:47:25,466] {logging_mixin.py:104} INFO - [2021-09-30 07:47:25,466] {dagbag.py:451} INFO - Filling up the DagBag from /usr/local/lib/python3.6/dist-packages/airflow/example_dags/example_xcom.py
[2021-09-30 07:47:25,474] {scheduler_job.py:639} INFO - DAG(s) dict_keys(['example_xcom']) retrieved from /usr/local/lib/python3.6/dist-packages/airflow/example_dags/example_xcom.py
[2021-09-30 07:47:25,487] {logging_mixin.py:104} INFO - [2021-09-30 07:47:25,487] {dag.py:1824} INFO - Sync 1 DAGs
[2021-09-30 07:47:25,499] {logging_mixin.py:104} INFO - [2021-09-30 07:47:25,499] {dag.py:2280} INFO - Setting next_dagrun for example_xcom to 2021-09-28 00:00:00+00:00
[2021-09-30 07:47:25,507] {scheduler_job.py:190} INFO - Processing /usr/local/lib/python3.6/dist-packages/airflow/example_dags/example_xcom.py took 0.044 seconds
[2021-09-30 07:47:55,566] {scheduler_job.py:182} INFO - Started process (PID=747) to work on /usr/local/lib/python3.6/dist-packages/airflow/example_dags/example_xcom.py
[2021-09-30 07:47:55,566] {scheduler_job.py:629} INFO - Processing file /usr/local/lib/python3.6/dist-packages/airflow/example_dags/example_xcom.py for tasks to queue
[2021-09-30 07:47:55,567] {logging_mixin.py:104} INFO - [2021-09-30 07:47:55,567] {dagbag.py:451} INFO - Filling up the DagBag from /usr/local/lib/python3.6/dist-packages/airflow/example_dags/example_xcom.py
[2021-09-30 07:47:55,574] {scheduler_job.py:639} INFO - DAG(s) dict_keys(['example_xcom']) retrieved from /usr/local/lib/python3.6/dist-packages/airflow/example_dags/example_xcom.py
[2021-09-30 07:47:55,589] {logging_mixin.py:104} INFO - [2021-09-30 07:47:55,589] {dag.py:1824} INFO - Sync 1 DAGs
[2021-09-30 07:47:55,603] {logging_mixin.py:104} INFO - [2021-09-30 07:47:55,603] {dag.py:2280} INFO - Setting next_dagrun for example_xcom to 2021-09-28 00:00:00+00:00
[2021-09-30 07:47:55,611] {scheduler_job.py:190} INFO - Processing /usr/local/lib/python3.6/dist-packages/airflow/example_dags/example_xcom.py took 0.047 seconds
[2021-09-30 07:48:25,843] {scheduler_job.py:182} INFO - Started process (PID=821) to work on /usr/local/lib/python3.6/dist-packages/airflow/example_dags/example_xcom.py
[2021-09-30 07:48:25,843] {scheduler_job.py:629} INFO - Processing file /usr/local/lib/python3.6/dist-packages/airflow/example_dags/example_xcom.py for tasks to queue
[2021-09-30 07:48:25,844] {logging_mixin.py:104} INFO - [2021-09-30 07:48:25,844] {dagbag.py:451} INFO - Filling up the DagBag from /usr/local/lib/python3.6/dist-packages/airflow/example_dags/example_xcom.py
[2021-09-30 07:48:25,851] {scheduler_job.py:639} INFO - DAG(s) dict_keys(['example_xcom']) retrieved from /usr/local/lib/python3.6/dist-packages/airflow/example_dags/example_xcom.py
[2021-09-30 07:48:25,865] {logging_mixin.py:104} INFO - [2021-09-30 07:48:25,865] {dag.py:1824} INFO - Sync 1 DAGs
[2021-09-30 07:48:25,876] {logging_mixin.py:104} INFO - [2021-09-30 07:48:25,876] {dag.py:2280} INFO - Setting next_dagrun for example_xcom to 2021-09-28 00:00:00+00:00
[2021-09-30 07:48:25,883] {scheduler_job.py:190} INFO - Processing /usr/local/lib/python3.6/dist-packages/airflow/example_dags/example_xcom.py took 0.043 seconds
[2021-09-30 07:48:56,061] {scheduler_job.py:182} INFO - Started process (PID=897) to work on /usr/local/lib/python3.6/dist-packages/airflow/example_dags/example_xcom.py
[2021-09-30 07:48:56,062] {scheduler_job.py:629} INFO - Processing file /usr/local/lib/python3.6/dist-packages/airflow/example_dags/example_xcom.py for tasks to queue
[2021-09-30 07:48:56,062] {logging_mixin.py:104} INFO - [2021-09-30 07:48:56,062] {dagbag.py:451} INFO - Filling up the DagBag from /usr/local/lib/python3.6/dist-packages/airflow/example_dags/example_xcom.py
[2021-09-30 07:48:56,070] {scheduler_job.py:639} INFO - DAG(s) dict_keys(['example_xcom']) retrieved from /usr/local/lib/python3.6/dist-packages/airflow/example_dags/example_xcom.py
[2021-09-30 07:48:56,084] {logging_mixin.py:104} INFO - [2021-09-30 07:48:56,083] {dag.py:1824} INFO - Sync 1 DAGs
[2021-09-30 07:48:56,094] {logging_mixin.py:104} INFO - [2021-09-30 07:48:56,093] {dag.py:2280} INFO - Setting next_dagrun for example_xcom to 2021-09-28 00:00:00+00:00
[2021-09-30 07:48:56,101] {scheduler_job.py:190} INFO - Processing /usr/local/lib/python3.6/dist-packages/airflow/example_dags/example_xcom.py took 0.042 seconds
[2021-09-30 07:49:26,270] {scheduler_job.py:182} INFO - Started process (PID=971) to work on /usr/local/lib/python3.6/dist-packages/airflow/example_dags/example_xcom.py
[2021-09-30 07:49:26,271] {scheduler_job.py:629} INFO - Processing file /usr/local/lib/python3.6/dist-packages/airflow/example_dags/example_xcom.py for tasks to queue
[2021-09-30 07:49:26,271] {logging_mixin.py:104} INFO - [2021-09-30 07:49:26,271] {dagbag.py:451} INFO - Filling up the DagBag from /usr/local/lib/python3.6/dist-packages/airflow/example_dags/example_xcom.py
[2021-09-30 07:49:26,279] {scheduler_job.py:639} INFO - DAG(s) dict_keys(['example_xcom']) retrieved from /usr/local/lib/python3.6/dist-packages/airflow/example_dags/example_xcom.py
[2021-09-30 07:49:26,294] {logging_mixin.py:104} INFO - [2021-09-30 07:49:26,294] {dag.py:1824} INFO - Sync 1 DAGs
[2021-09-30 07:49:26,305] {logging_mixin.py:104} INFO - [2021-09-30 07:49:26,305] {dag.py:2280} INFO - Setting next_dagrun for example_xcom to 2021-09-28 00:00:00+00:00
[2021-09-30 07:49:26,314] {scheduler_job.py:190} INFO - Processing /usr/local/lib/python3.6/dist-packages/airflow/example_dags/example_xcom.py took 0.045 seconds
[2021-09-30 07:49:56,483] {scheduler_job.py:182} INFO - Started process (PID=1045) to work on /usr/local/lib/python3.6/dist-packages/airflow/example_dags/example_xcom.py
[2021-09-30 07:49:56,484] {scheduler_job.py:629} INFO - Processing file /usr/local/lib/python3.6/dist-packages/airflow/example_dags/example_xcom.py for tasks to queue
[2021-09-30 07:49:56,484] {logging_mixin.py:104} INFO - [2021-09-30 07:49:56,484] {dagbag.py:451} INFO - Filling up the DagBag from /usr/local/lib/python3.6/dist-packages/airflow/example_dags/example_xcom.py
[2021-09-30 07:49:56,492] {scheduler_job.py:639} INFO - DAG(s) dict_keys(['example_xcom']) retrieved from /usr/local/lib/python3.6/dist-packages/airflow/example_dags/example_xcom.py
[2021-09-30 07:49:56,506] {logging_mixin.py:104} INFO - [2021-09-30 07:49:56,506] {dag.py:1824} INFO - Sync 1 DAGs
[2021-09-30 07:49:56,518] {logging_mixin.py:104} INFO - [2021-09-30 07:49:56,518] {dag.py:2280} INFO - Setting next_dagrun for example_xcom to 2021-09-28 00:00:00+00:00
[2021-09-30 07:49:56,526] {scheduler_job.py:190} INFO - Processing /usr/local/lib/python3.6/dist-packages/airflow/example_dags/example_xcom.py took 0.045 seconds
[2021-09-30 07:50:26,702] {scheduler_job.py:182} INFO - Started process (PID=1120) to work on /usr/local/lib/python3.6/dist-packages/airflow/example_dags/example_xcom.py
[2021-09-30 07:50:26,702] {scheduler_job.py:629} INFO - Processing file /usr/local/lib/python3.6/dist-packages/airflow/example_dags/example_xcom.py for tasks to queue
[2021-09-30 07:50:26,703] {logging_mixin.py:104} INFO - [2021-09-30 07:50:26,703] {dagbag.py:451} INFO - Filling up the DagBag from /usr/local/lib/python3.6/dist-packages/airflow/example_dags/example_xcom.py
[2021-09-30 07:50:26,711] {scheduler_job.py:639} INFO - DAG(s) dict_keys(['example_xcom']) retrieved from /usr/local/lib/python3.6/dist-packages/airflow/example_dags/example_xcom.py
[2021-09-30 07:50:26,725] {logging_mixin.py:104} INFO - [2021-09-30 07:50:26,725] {dag.py:1824} INFO - Sync 1 DAGs
[2021-09-30 07:50:26,737] {logging_mixin.py:104} INFO - [2021-09-30 07:50:26,737] {dag.py:2280} INFO - Setting next_dagrun for example_xcom to 2021-09-28 00:00:00+00:00
[2021-09-30 07:50:26,745] {scheduler_job.py:190} INFO - Processing /usr/local/lib/python3.6/dist-packages/airflow/example_dags/example_xcom.py took 0.045 seconds
[2021-09-30 07:50:56,863] {scheduler_job.py:182} INFO - Started process (PID=1194) to work on /usr/local/lib/python3.6/dist-packages/airflow/example_dags/example_xcom.py
[2021-09-30 07:50:56,864] {scheduler_job.py:629} INFO - Processing file /usr/local/lib/python3.6/dist-packages/airflow/example_dags/example_xcom.py for tasks to queue
[2021-09-30 07:50:56,864] {logging_mixin.py:104} INFO - [2021-09-30 07:50:56,864] {dagbag.py:451} INFO - Filling up the DagBag from /usr/local/lib/python3.6/dist-packages/airflow/example_dags/example_xcom.py
[2021-09-30 07:50:56,872] {scheduler_job.py:639} INFO - DAG(s) dict_keys(['example_xcom']) retrieved from /usr/local/lib/python3.6/dist-packages/airflow/example_dags/example_xcom.py
[2021-09-30 07:50:56,886] {logging_mixin.py:104} INFO - [2021-09-30 07:50:56,886] {dag.py:1824} INFO - Sync 1 DAGs
[2021-09-30 07:50:56,897] {logging_mixin.py:104} INFO - [2021-09-30 07:50:56,897] {dag.py:2280} INFO - Setting next_dagrun for example_xcom to 2021-09-28 00:00:00+00:00
[2021-09-30 07:50:56,904] {scheduler_job.py:190} INFO - Processing /usr/local/lib/python3.6/dist-packages/airflow/example_dags/example_xcom.py took 0.044 seconds
[2021-09-30 07:51:27,118] {scheduler_job.py:182} INFO - Started process (PID=1268) to work on /usr/local/lib/python3.6/dist-packages/airflow/example_dags/example_xcom.py
[2021-09-30 07:51:27,118] {scheduler_job.py:629} INFO - Processing file /usr/local/lib/python3.6/dist-packages/airflow/example_dags/example_xcom.py for tasks to queue
[2021-09-30 07:51:27,119] {logging_mixin.py:104} INFO - [2021-09-30 07:51:27,119] {dagbag.py:451} INFO - Filling up the DagBag from /usr/local/lib/python3.6/dist-packages/airflow/example_dags/example_xcom.py
[2021-09-30 07:51:27,126] {scheduler_job.py:639} INFO - DAG(s) dict_keys(['example_xcom']) retrieved from /usr/local/lib/python3.6/dist-packages/airflow/example_dags/example_xcom.py
[2021-09-30 07:51:27,140] {logging_mixin.py:104} INFO - [2021-09-30 07:51:27,140] {dag.py:1824} INFO - Sync 1 DAGs
[2021-09-30 07:51:27,151] {logging_mixin.py:104} INFO - [2021-09-30 07:51:27,151] {dag.py:2280} INFO - Setting next_dagrun for example_xcom to 2021-09-28 00:00:00+00:00
[2021-09-30 07:51:27,159] {scheduler_job.py:190} INFO - Processing /usr/local/lib/python3.6/dist-packages/airflow/example_dags/example_xcom.py took 0.043 seconds
[2021-09-30 07:51:57,289] {scheduler_job.py:182} INFO - Started process (PID=1347) to work on /usr/local/lib/python3.6/dist-packages/airflow/example_dags/example_xcom.py
[2021-09-30 07:51:57,290] {scheduler_job.py:629} INFO - Processing file /usr/local/lib/python3.6/dist-packages/airflow/example_dags/example_xcom.py for tasks to queue
[2021-09-30 07:51:57,290] {logging_mixin.py:104} INFO - [2021-09-30 07:51:57,290] {dagbag.py:451} INFO - Filling up the DagBag from /usr/local/lib/python3.6/dist-packages/airflow/example_dags/example_xcom.py
[2021-09-30 07:51:57,298] {scheduler_job.py:639} INFO - DAG(s) dict_keys(['example_xcom']) retrieved from /usr/local/lib/python3.6/dist-packages/airflow/example_dags/example_xcom.py
[2021-09-30 07:51:57,312] {logging_mixin.py:104} INFO - [2021-09-30 07:51:57,312] {dag.py:1824} INFO - Sync 1 DAGs
[2021-09-30 07:51:57,323] {logging_mixin.py:104} INFO - [2021-09-30 07:51:57,322] {dag.py:2280} INFO - Setting next_dagrun for example_xcom to 2021-09-28 00:00:00+00:00
[2021-09-30 07:51:57,331] {scheduler_job.py:190} INFO - Processing /usr/local/lib/python3.6/dist-packages/airflow/example_dags/example_xcom.py took 0.044 seconds
[2021-09-30 07:52:27,863] {scheduler_job.py:182} INFO - Started process (PID=1422) to work on /usr/local/lib/python3.6/dist-packages/airflow/example_dags/example_xcom.py
[2021-09-30 07:52:27,864] {scheduler_job.py:629} INFO - Processing file /usr/local/lib/python3.6/dist-packages/airflow/example_dags/example_xcom.py for tasks to queue
[2021-09-30 07:52:27,865] {logging_mixin.py:104} INFO - [2021-09-30 07:52:27,865] {dagbag.py:451} INFO - Filling up the DagBag from /usr/local/lib/python3.6/dist-packages/airflow/example_dags/example_xcom.py
[2021-09-30 07:52:27,875] {scheduler_job.py:639} INFO - DAG(s) dict_keys(['example_xcom']) retrieved from /usr/local/lib/python3.6/dist-packages/airflow/example_dags/example_xcom.py
[2021-09-30 07:52:27,891] {logging_mixin.py:104} INFO - [2021-09-30 07:52:27,891] {dag.py:1824} INFO - Sync 1 DAGs
[2021-09-30 07:52:27,903] {logging_mixin.py:104} INFO - [2021-09-30 07:52:27,903] {dag.py:2280} INFO - Setting next_dagrun for example_xcom to 2021-09-28 00:00:00+00:00
[2021-09-30 07:52:27,912] {scheduler_job.py:190} INFO - Processing /usr/local/lib/python3.6/dist-packages/airflow/example_dags/example_xcom.py took 0.051 seconds
[2021-09-30 07:52:58,773] {scheduler_job.py:182} INFO - Started process (PID=1479) to work on /usr/local/lib/python3.6/dist-packages/airflow/example_dags/example_xcom.py
[2021-09-30 07:52:58,774] {scheduler_job.py:629} INFO - Processing file /usr/local/lib/python3.6/dist-packages/airflow/example_dags/example_xcom.py for tasks to queue
[2021-09-30 07:52:58,775] {logging_mixin.py:104} INFO - [2021-09-30 07:52:58,775] {dagbag.py:451} INFO - Filling up the DagBag from /usr/local/lib/python3.6/dist-packages/airflow/example_dags/example_xcom.py
[2021-09-30 07:52:58,784] {scheduler_job.py:639} INFO - DAG(s) dict_keys(['example_xcom']) retrieved from /usr/local/lib/python3.6/dist-packages/airflow/example_dags/example_xcom.py
[2021-09-30 07:52:58,798] {logging_mixin.py:104} INFO - [2021-09-30 07:52:58,798] {dag.py:1824} INFO - Sync 1 DAGs
[2021-09-30 07:52:58,809] {logging_mixin.py:104} INFO - [2021-09-30 07:52:58,808] {dag.py:2280} INFO - Setting next_dagrun for example_xcom to 2021-09-28 00:00:00+00:00
[2021-09-30 07:52:58,817] {scheduler_job.py:190} INFO - Processing /usr/local/lib/python3.6/dist-packages/airflow/example_dags/example_xcom.py took 0.046 seconds
[2021-09-30 07:53:28,911] {scheduler_job.py:182} INFO - Started process (PID=1554) to work on /usr/local/lib/python3.6/dist-packages/airflow/example_dags/example_xcom.py
[2021-09-30 07:53:28,912] {scheduler_job.py:629} INFO - Processing file /usr/local/lib/python3.6/dist-packages/airflow/example_dags/example_xcom.py for tasks to queue
[2021-09-30 07:53:28,912] {logging_mixin.py:104} INFO - [2021-09-30 07:53:28,912] {dagbag.py:451} INFO - Filling up the DagBag from /usr/local/lib/python3.6/dist-packages/airflow/example_dags/example_xcom.py
[2021-09-30 07:53:28,920] {scheduler_job.py:639} INFO - DAG(s) dict_keys(['example_xcom']) retrieved from /usr/local/lib/python3.6/dist-packages/airflow/example_dags/example_xcom.py
[2021-09-30 07:53:28,935] {logging_mixin.py:104} INFO - [2021-09-30 07:53:28,935] {dag.py:1824} INFO - Sync 1 DAGs
[2021-09-30 07:53:28,949] {logging_mixin.py:104} INFO - [2021-09-30 07:53:28,949] {dag.py:2280} INFO - Setting next_dagrun for example_xcom to 2021-09-28 00:00:00+00:00
[2021-09-30 07:53:28,958] {scheduler_job.py:190} INFO - Processing /usr/local/lib/python3.6/dist-packages/airflow/example_dags/example_xcom.py took 0.050 seconds
[2021-09-30 07:53:59,135] {scheduler_job.py:182} INFO - Started process (PID=1627) to work on /usr/local/lib/python3.6/dist-packages/airflow/example_dags/example_xcom.py
[2021-09-30 07:53:59,135] {scheduler_job.py:629} INFO - Processing file /usr/local/lib/python3.6/dist-packages/airflow/example_dags/example_xcom.py for tasks to queue
[2021-09-30 07:53:59,136] {logging_mixin.py:104} INFO - [2021-09-30 07:53:59,135] {dagbag.py:451} INFO - Filling up the DagBag from /usr/local/lib/python3.6/dist-packages/airflow/example_dags/example_xcom.py
[2021-09-30 07:53:59,144] {scheduler_job.py:639} INFO - DAG(s) dict_keys(['example_xcom']) retrieved from /usr/local/lib/python3.6/dist-packages/airflow/example_dags/example_xcom.py
[2021-09-30 07:53:59,157] {logging_mixin.py:104} INFO - [2021-09-30 07:53:59,157] {dag.py:1824} INFO - Sync 1 DAGs
[2021-09-30 07:53:59,170] {logging_mixin.py:104} INFO - [2021-09-30 07:53:59,170] {dag.py:2280} INFO - Setting next_dagrun for example_xcom to 2021-09-28 00:00:00+00:00
[2021-09-30 07:53:59,178] {scheduler_job.py:190} INFO - Processing /usr/local/lib/python3.6/dist-packages/airflow/example_dags/example_xcom.py took 0.046 seconds
[2021-09-30 07:54:29,519] {scheduler_job.py:182} INFO - Started process (PID=1701) to work on /usr/local/lib/python3.6/dist-packages/airflow/example_dags/example_xcom.py
[2021-09-30 07:54:29,520] {scheduler_job.py:629} INFO - Processing file /usr/local/lib/python3.6/dist-packages/airflow/example_dags/example_xcom.py for tasks to queue
[2021-09-30 07:54:29,520] {logging_mixin.py:104} INFO - [2021-09-30 07:54:29,520] {dagbag.py:451} INFO - Filling up the DagBag from /usr/local/lib/python3.6/dist-packages/airflow/example_dags/example_xcom.py
[2021-09-30 07:54:29,528] {scheduler_job.py:639} INFO - DAG(s) dict_keys(['example_xcom']) retrieved from /usr/local/lib/python3.6/dist-packages/airflow/example_dags/example_xcom.py
[2021-09-30 07:54:29,543] {logging_mixin.py:104} INFO - [2021-09-30 07:54:29,543] {dag.py:1824} INFO - Sync 1 DAGs
[2021-09-30 07:54:29,554] {logging_mixin.py:104} INFO - [2021-09-30 07:54:29,554] {dag.py:2280} INFO - Setting next_dagrun for example_xcom to 2021-09-28 00:00:00+00:00
[2021-09-30 07:54:29,561] {scheduler_job.py:190} INFO - Processing /usr/local/lib/python3.6/dist-packages/airflow/example_dags/example_xcom.py took 0.044 seconds
[2021-09-30 07:54:59,843] {scheduler_job.py:182} INFO - Started process (PID=1776) to work on /usr/local/lib/python3.6/dist-packages/airflow/example_dags/example_xcom.py
[2021-09-30 07:54:59,843] {scheduler_job.py:629} INFO - Processing file /usr/local/lib/python3.6/dist-packages/airflow/example_dags/example_xcom.py for tasks to queue
[2021-09-30 07:54:59,844] {logging_mixin.py:104} INFO - [2021-09-30 07:54:59,844] {dagbag.py:451} INFO - Filling up the DagBag from /usr/local/lib/python3.6/dist-packages/airflow/example_dags/example_xcom.py
[2021-09-30 07:54:59,852] {scheduler_job.py:639} INFO - DAG(s) dict_keys(['example_xcom']) retrieved from /usr/local/lib/python3.6/dist-packages/airflow/example_dags/example_xcom.py
[2021-09-30 07:54:59,867] {logging_mixin.py:104} INFO - [2021-09-30 07:54:59,867] {dag.py:1824} INFO - Sync 1 DAGs
[2021-09-30 07:54:59,879] {logging_mixin.py:104} INFO - [2021-09-30 07:54:59,879] {dag.py:2280} INFO - Setting next_dagrun for example_xcom to 2021-09-28 00:00:00+00:00
[2021-09-30 07:54:59,887] {scheduler_job.py:190} INFO - Processing /usr/local/lib/python3.6/dist-packages/airflow/example_dags/example_xcom.py took 0.047 seconds
[2021-09-30 07:55:30,074] {scheduler_job.py:182} INFO - Started process (PID=1850) to work on /usr/local/lib/python3.6/dist-packages/airflow/example_dags/example_xcom.py
[2021-09-30 07:55:30,075] {scheduler_job.py:629} INFO - Processing file /usr/local/lib/python3.6/dist-packages/airflow/example_dags/example_xcom.py for tasks to queue
[2021-09-30 07:55:30,076] {logging_mixin.py:104} INFO - [2021-09-30 07:55:30,076] {dagbag.py:451} INFO - Filling up the DagBag from /usr/local/lib/python3.6/dist-packages/airflow/example_dags/example_xcom.py
[2021-09-30 07:55:30,085] {scheduler_job.py:639} INFO - DAG(s) dict_keys(['example_xcom']) retrieved from /usr/local/lib/python3.6/dist-packages/airflow/example_dags/example_xcom.py
[2021-09-30 07:55:30,099] {logging_mixin.py:104} INFO - [2021-09-30 07:55:30,099] {dag.py:1824} INFO - Sync 1 DAGs
[2021-09-30 07:55:30,113] {logging_mixin.py:104} INFO - [2021-09-30 07:55:30,113] {dag.py:2280} INFO - Setting next_dagrun for example_xcom to 2021-09-28 00:00:00+00:00
[2021-09-30 07:55:30,121] {scheduler_job.py:190} INFO - Processing /usr/local/lib/python3.6/dist-packages/airflow/example_dags/example_xcom.py took 0.049 seconds
[2021-09-30 07:56:00,250] {scheduler_job.py:182} INFO - Started process (PID=1926) to work on /usr/local/lib/python3.6/dist-packages/airflow/example_dags/example_xcom.py
[2021-09-30 07:56:00,251] {scheduler_job.py:629} INFO - Processing file /usr/local/lib/python3.6/dist-packages/airflow/example_dags/example_xcom.py for tasks to queue
[2021-09-30 07:56:00,251] {logging_mixin.py:104} INFO - [2021-09-30 07:56:00,251] {dagbag.py:451} INFO - Filling up the DagBag from /usr/local/lib/python3.6/dist-packages/airflow/example_dags/example_xcom.py
[2021-09-30 07:56:00,260] {scheduler_job.py:639} INFO - DAG(s) dict_keys(['example_xcom']) retrieved from /usr/local/lib/python3.6/dist-packages/airflow/example_dags/example_xcom.py
[2021-09-30 07:56:00,274] {logging_mixin.py:104} INFO - [2021-09-30 07:56:00,274] {dag.py:1824} INFO - Sync 1 DAGs
[2021-09-30 07:56:00,285] {logging_mixin.py:104} INFO - [2021-09-30 07:56:00,285] {dag.py:2280} INFO - Setting next_dagrun for example_xcom to 2021-09-28 00:00:00+00:00
[2021-09-30 07:56:00,291] {scheduler_job.py:190} INFO - Processing /usr/local/lib/python3.6/dist-packages/airflow/example_dags/example_xcom.py took 0.044 seconds
[2021-09-30 07:56:30,331] {scheduler_job.py:182} INFO - Started process (PID=2003) to work on /usr/local/lib/python3.6/dist-packages/airflow/example_dags/example_xcom.py
[2021-09-30 07:56:30,332] {scheduler_job.py:629} INFO - Processing file /usr/local/lib/python3.6/dist-packages/airflow/example_dags/example_xcom.py for tasks to queue
[2021-09-30 07:56:30,333] {logging_mixin.py:104} INFO - [2021-09-30 07:56:30,333] {dagbag.py:451} INFO - Filling up the DagBag from /usr/local/lib/python3.6/dist-packages/airflow/example_dags/example_xcom.py
[2021-09-30 07:56:30,340] {scheduler_job.py:639} INFO - DAG(s) dict_keys(['example_xcom']) retrieved from /usr/local/lib/python3.6/dist-packages/airflow/example_dags/example_xcom.py
[2021-09-30 07:56:30,355] {logging_mixin.py:104} INFO - [2021-09-30 07:56:30,354] {dag.py:1824} INFO - Sync 1 DAGs
[2021-09-30 07:56:30,365] {logging_mixin.py:104} INFO - [2021-09-30 07:56:30,365] {dag.py:2280} INFO - Setting next_dagrun for example_xcom to 2021-09-28 00:00:00+00:00
[2021-09-30 07:56:30,372] {scheduler_job.py:190} INFO - Processing /usr/local/lib/python3.6/dist-packages/airflow/example_dags/example_xcom.py took 0.042 seconds
[2021-09-30 07:57:01,129] {scheduler_job.py:182} INFO - Started process (PID=2076) to work on /usr/local/lib/python3.6/dist-packages/airflow/example_dags/example_xcom.py
[2021-09-30 07:57:01,130] {scheduler_job.py:629} INFO - Processing file /usr/local/lib/python3.6/dist-packages/airflow/example_dags/example_xcom.py for tasks to queue
[2021-09-30 07:57:01,130] {logging_mixin.py:104} INFO - [2021-09-30 07:57:01,130] {dagbag.py:451} INFO - Filling up the DagBag from /usr/local/lib/python3.6/dist-packages/airflow/example_dags/example_xcom.py
[2021-09-30 07:57:01,137] {scheduler_job.py:639} INFO - DAG(s) dict_keys(['example_xcom']) retrieved from /usr/local/lib/python3.6/dist-packages/airflow/example_dags/example_xcom.py
[2021-09-30 07:57:01,152] {logging_mixin.py:104} INFO - [2021-09-30 07:57:01,152] {dag.py:1824} INFO - Sync 1 DAGs
[2021-09-30 07:57:01,162] {logging_mixin.py:104} INFO - [2021-09-30 07:57:01,162] {dag.py:2280} INFO - Setting next_dagrun for example_xcom to 2021-09-28 00:00:00+00:00
[2021-09-30 07:57:01,168] {scheduler_job.py:190} INFO - Processing /usr/local/lib/python3.6/dist-packages/airflow/example_dags/example_xcom.py took 0.041 seconds
[2021-09-30 07:57:32,040] {scheduler_job.py:182} INFO - Started process (PID=2150) to work on /usr/local/lib/python3.6/dist-packages/airflow/example_dags/example_xcom.py
[2021-09-30 07:57:32,041] {scheduler_job.py:629} INFO - Processing file /usr/local/lib/python3.6/dist-packages/airflow/example_dags/example_xcom.py for tasks to queue
[2021-09-30 07:57:32,041] {logging_mixin.py:104} INFO - [2021-09-30 07:57:32,041] {dagbag.py:451} INFO - Filling up the DagBag from /usr/local/lib/python3.6/dist-packages/airflow/example_dags/example_xcom.py
[2021-09-30 07:57:32,049] {scheduler_job.py:639} INFO - DAG(s) dict_keys(['example_xcom']) retrieved from /usr/local/lib/python3.6/dist-packages/airflow/example_dags/example_xcom.py
[2021-09-30 07:57:32,066] {logging_mixin.py:104} INFO - [2021-09-30 07:57:32,066] {dag.py:1824} INFO - Sync 1 DAGs
[2021-09-30 07:57:32,079] {logging_mixin.py:104} INFO - [2021-09-30 07:57:32,079] {dag.py:2280} INFO - Setting next_dagrun for example_xcom to 2021-09-28 00:00:00+00:00
[2021-09-30 07:57:32,087] {scheduler_job.py:190} INFO - Processing /usr/local/lib/python3.6/dist-packages/airflow/example_dags/example_xcom.py took 0.049 seconds
[2021-09-30 07:58:02,119] {scheduler_job.py:182} INFO - Started process (PID=2227) to work on /usr/local/lib/python3.6/dist-packages/airflow/example_dags/example_xcom.py
[2021-09-30 07:58:02,120] {scheduler_job.py:629} INFO - Processing file /usr/local/lib/python3.6/dist-packages/airflow/example_dags/example_xcom.py for tasks to queue
[2021-09-30 07:58:02,121] {logging_mixin.py:104} INFO - [2021-09-30 07:58:02,121] {dagbag.py:451} INFO - Filling up the DagBag from /usr/local/lib/python3.6/dist-packages/airflow/example_dags/example_xcom.py
[2021-09-30 07:58:02,128] {scheduler_job.py:639} INFO - DAG(s) dict_keys(['example_xcom']) retrieved from /usr/local/lib/python3.6/dist-packages/airflow/example_dags/example_xcom.py
[2021-09-30 07:58:02,142] {logging_mixin.py:104} INFO - [2021-09-30 07:58:02,142] {dag.py:1824} INFO - Sync 1 DAGs
[2021-09-30 07:58:02,152] {logging_mixin.py:104} INFO - [2021-09-30 07:58:02,152] {dag.py:2280} INFO - Setting next_dagrun for example_xcom to 2021-09-28 00:00:00+00:00
[2021-09-30 07:58:02,160] {scheduler_job.py:190} INFO - Processing /usr/local/lib/python3.6/dist-packages/airflow/example_dags/example_xcom.py took 0.043 seconds
[2021-09-30 07:58:32,219] {scheduler_job.py:182} INFO - Started process (PID=2301) to work on /usr/local/lib/python3.6/dist-packages/airflow/example_dags/example_xcom.py
[2021-09-30 07:58:32,219] {scheduler_job.py:629} INFO - Processing file /usr/local/lib/python3.6/dist-packages/airflow/example_dags/example_xcom.py for tasks to queue
[2021-09-30 07:58:32,220] {logging_mixin.py:104} INFO - [2021-09-30 07:58:32,220] {dagbag.py:451} INFO - Filling up the DagBag from /usr/local/lib/python3.6/dist-packages/airflow/example_dags/example_xcom.py
[2021-09-30 07:58:32,229] {scheduler_job.py:639} INFO - DAG(s) dict_keys(['example_xcom']) retrieved from /usr/local/lib/python3.6/dist-packages/airflow/example_dags/example_xcom.py
[2021-09-30 07:58:32,242] {logging_mixin.py:104} INFO - [2021-09-30 07:58:32,242] {dag.py:1824} INFO - Sync 1 DAGs
[2021-09-30 07:58:32,254] {logging_mixin.py:104} INFO - [2021-09-30 07:58:32,254] {dag.py:2280} INFO - Setting next_dagrun for example_xcom to 2021-09-28 00:00:00+00:00
[2021-09-30 07:58:32,261] {scheduler_job.py:190} INFO - Processing /usr/local/lib/python3.6/dist-packages/airflow/example_dags/example_xcom.py took 0.045 seconds
[2021-09-30 07:59:02,399] {scheduler_job.py:182} INFO - Started process (PID=2377) to work on /usr/local/lib/python3.6/dist-packages/airflow/example_dags/example_xcom.py
[2021-09-30 07:59:02,400] {scheduler_job.py:629} INFO - Processing file /usr/local/lib/python3.6/dist-packages/airflow/example_dags/example_xcom.py for tasks to queue
[2021-09-30 07:59:02,401] {logging_mixin.py:104} INFO - [2021-09-30 07:59:02,400] {dagbag.py:451} INFO - Filling up the DagBag from /usr/local/lib/python3.6/dist-packages/airflow/example_dags/example_xcom.py
[2021-09-30 07:59:02,410] {scheduler_job.py:639} INFO - DAG(s) dict_keys(['example_xcom']) retrieved from /usr/local/lib/python3.6/dist-packages/airflow/example_dags/example_xcom.py
[2021-09-30 07:59:02,424] {logging_mixin.py:104} INFO - [2021-09-30 07:59:02,424] {dag.py:1824} INFO - Sync 1 DAGs
[2021-09-30 07:59:02,435] {logging_mixin.py:104} INFO - [2021-09-30 07:59:02,435] {dag.py:2280} INFO - Setting next_dagrun for example_xcom to 2021-09-28 00:00:00+00:00
[2021-09-30 07:59:02,443] {scheduler_job.py:190} INFO - Processing /usr/local/lib/python3.6/dist-packages/airflow/example_dags/example_xcom.py took 0.047 seconds
[2021-09-30 07:59:32,656] {scheduler_job.py:182} INFO - Started process (PID=2451) to work on /usr/local/lib/python3.6/dist-packages/airflow/example_dags/example_xcom.py
[2021-09-30 07:59:32,657] {scheduler_job.py:629} INFO - Processing file /usr/local/lib/python3.6/dist-packages/airflow/example_dags/example_xcom.py for tasks to queue
[2021-09-30 07:59:32,657] {logging_mixin.py:104} INFO - [2021-09-30 07:59:32,657] {dagbag.py:451} INFO - Filling up the DagBag from /usr/local/lib/python3.6/dist-packages/airflow/example_dags/example_xcom.py
[2021-09-30 07:59:32,665] {scheduler_job.py:639} INFO - DAG(s) dict_keys(['example_xcom']) retrieved from /usr/local/lib/python3.6/dist-packages/airflow/example_dags/example_xcom.py
[2021-09-30 07:59:32,679] {logging_mixin.py:104} INFO - [2021-09-30 07:59:32,679] {dag.py:1824} INFO - Sync 1 DAGs
[2021-09-30 07:59:32,691] {logging_mixin.py:104} INFO - [2021-09-30 07:59:32,691] {dag.py:2280} INFO - Setting next_dagrun for example_xcom to 2021-09-28 00:00:00+00:00
[2021-09-30 07:59:32,698] {scheduler_job.py:190} INFO - Processing /usr/local/lib/python3.6/dist-packages/airflow/example_dags/example_xcom.py took 0.043 seconds
[2021-09-30 08:00:02,875] {scheduler_job.py:182} INFO - Started process (PID=2527) to work on /usr/local/lib/python3.6/dist-packages/airflow/example_dags/example_xcom.py
[2021-09-30 08:00:02,875] {scheduler_job.py:629} INFO - Processing file /usr/local/lib/python3.6/dist-packages/airflow/example_dags/example_xcom.py for tasks to queue
[2021-09-30 08:00:02,875] {logging_mixin.py:104} INFO - [2021-09-30 08:00:02,875] {dagbag.py:451} INFO - Filling up the DagBag from /usr/local/lib/python3.6/dist-packages/airflow/example_dags/example_xcom.py
[2021-09-30 08:00:02,883] {scheduler_job.py:639} INFO - DAG(s) dict_keys(['example_xcom']) retrieved from /usr/local/lib/python3.6/dist-packages/airflow/example_dags/example_xcom.py
[2021-09-30 08:00:02,897] {logging_mixin.py:104} INFO - [2021-09-30 08:00:02,897] {dag.py:1824} INFO - Sync 1 DAGs
[2021-09-30 08:00:02,909] {logging_mixin.py:104} INFO - [2021-09-30 08:00:02,909] {dag.py:2280} INFO - Setting next_dagrun for example_xcom to 2021-09-28 00:00:00+00:00
[2021-09-30 08:00:02,917] {scheduler_job.py:190} INFO - Processing /usr/local/lib/python3.6/dist-packages/airflow/example_dags/example_xcom.py took 0.045 seconds
[2021-09-30 08:00:33,023] {scheduler_job.py:182} INFO - Started process (PID=2601) to work on /usr/local/lib/python3.6/dist-packages/airflow/example_dags/example_xcom.py
[2021-09-30 08:00:33,023] {scheduler_job.py:629} INFO - Processing file /usr/local/lib/python3.6/dist-packages/airflow/example_dags/example_xcom.py for tasks to queue
[2021-09-30 08:00:33,024] {logging_mixin.py:104} INFO - [2021-09-30 08:00:33,024] {dagbag.py:451} INFO - Filling up the DagBag from /usr/local/lib/python3.6/dist-packages/airflow/example_dags/example_xcom.py
[2021-09-30 08:00:33,032] {scheduler_job.py:639} INFO - DAG(s) dict_keys(['example_xcom']) retrieved from /usr/local/lib/python3.6/dist-packages/airflow/example_dags/example_xcom.py
[2021-09-30 08:00:33,047] {logging_mixin.py:104} INFO - [2021-09-30 08:00:33,047] {dag.py:1824} INFO - Sync 1 DAGs
[2021-09-30 08:00:33,058] {logging_mixin.py:104} INFO - [2021-09-30 08:00:33,058] {dag.py:2280} INFO - Setting next_dagrun for example_xcom to 2021-09-28 00:00:00+00:00
[2021-09-30 08:00:33,067] {scheduler_job.py:190} INFO - Processing /usr/local/lib/python3.6/dist-packages/airflow/example_dags/example_xcom.py took 0.046 seconds
[2021-09-30 08:01:03,136] {scheduler_job.py:182} INFO - Started process (PID=2679) to work on /usr/local/lib/python3.6/dist-packages/airflow/example_dags/example_xcom.py
[2021-09-30 08:01:03,138] {scheduler_job.py:629} INFO - Processing file /usr/local/lib/python3.6/dist-packages/airflow/example_dags/example_xcom.py for tasks to queue
[2021-09-30 08:01:03,138] {logging_mixin.py:104} INFO - [2021-09-30 08:01:03,138] {dagbag.py:451} INFO - Filling up the DagBag from /usr/local/lib/python3.6/dist-packages/airflow/example_dags/example_xcom.py
[2021-09-30 08:01:03,147] {scheduler_job.py:639} INFO - DAG(s) dict_keys(['example_xcom']) retrieved from /usr/local/lib/python3.6/dist-packages/airflow/example_dags/example_xcom.py
[2021-09-30 08:01:03,163] {logging_mixin.py:104} INFO - [2021-09-30 08:01:03,163] {dag.py:1824} INFO - Sync 1 DAGs
[2021-09-30 08:01:03,177] {logging_mixin.py:104} INFO - [2021-09-30 08:01:03,177] {dag.py:2280} INFO - Setting next_dagrun for example_xcom to 2021-09-28 00:00:00+00:00
[2021-09-30 08:01:03,185] {scheduler_job.py:190} INFO - Processing /usr/local/lib/python3.6/dist-packages/airflow/example_dags/example_xcom.py took 0.051 seconds
[2021-09-30 08:01:34,539] {scheduler_job.py:182} INFO - Started process (PID=2755) to work on /usr/local/lib/python3.6/dist-packages/airflow/example_dags/example_xcom.py
[2021-09-30 08:01:34,540] {scheduler_job.py:629} INFO - Processing file /usr/local/lib/python3.6/dist-packages/airflow/example_dags/example_xcom.py for tasks to queue
[2021-09-30 08:01:34,540] {logging_mixin.py:104} INFO - [2021-09-30 08:01:34,540] {dagbag.py:451} INFO - Filling up the DagBag from /usr/local/lib/python3.6/dist-packages/airflow/example_dags/example_xcom.py
[2021-09-30 08:01:34,550] {scheduler_job.py:639} INFO - DAG(s) dict_keys(['example_xcom']) retrieved from /usr/local/lib/python3.6/dist-packages/airflow/example_dags/example_xcom.py
[2021-09-30 08:01:34,568] {logging_mixin.py:104} INFO - [2021-09-30 08:01:34,568] {dag.py:1824} INFO - Sync 1 DAGs
[2021-09-30 08:01:34,582] {logging_mixin.py:104} INFO - [2021-09-30 08:01:34,582] {dag.py:2280} INFO - Setting next_dagrun for example_xcom to 2021-09-28 00:00:00+00:00
[2021-09-30 08:01:34,590] {scheduler_job.py:190} INFO - Processing /usr/local/lib/python3.6/dist-packages/airflow/example_dags/example_xcom.py took 0.053 seconds
[2021-09-30 08:02:04,608] {scheduler_job.py:182} INFO - Started process (PID=2814) to work on /usr/local/lib/python3.6/dist-packages/airflow/example_dags/example_xcom.py
[2021-09-30 08:02:04,609] {scheduler_job.py:629} INFO - Processing file /usr/local/lib/python3.6/dist-packages/airflow/example_dags/example_xcom.py for tasks to queue
[2021-09-30 08:02:04,609] {logging_mixin.py:104} INFO - [2021-09-30 08:02:04,609] {dagbag.py:451} INFO - Filling up the DagBag from /usr/local/lib/python3.6/dist-packages/airflow/example_dags/example_xcom.py
[2021-09-30 08:02:04,617] {scheduler_job.py:639} INFO - DAG(s) dict_keys(['example_xcom']) retrieved from /usr/local/lib/python3.6/dist-packages/airflow/example_dags/example_xcom.py
[2021-09-30 08:02:04,634] {logging_mixin.py:104} INFO - [2021-09-30 08:02:04,634] {dag.py:1824} INFO - Sync 1 DAGs
[2021-09-30 08:02:04,648] {logging_mixin.py:104} INFO - [2021-09-30 08:02:04,648] {dag.py:2280} INFO - Setting next_dagrun for example_xcom to 2021-09-28 00:00:00+00:00
[2021-09-30 08:02:04,656] {scheduler_job.py:190} INFO - Processing /usr/local/lib/python3.6/dist-packages/airflow/example_dags/example_xcom.py took 0.050 seconds
