[2021-09-30 07:30:45,290] {scheduler_job.py:182} INFO - Started process (PID=56) to work on /usr/local/lib/python3.6/dist-packages/airflow/example_dags/example_bash_operator.py
[2021-09-30 07:30:45,290] {scheduler_job.py:629} INFO - Processing file /usr/local/lib/python3.6/dist-packages/airflow/example_dags/example_bash_operator.py for tasks to queue
[2021-09-30 07:30:45,291] {logging_mixin.py:104} INFO - [2021-09-30 07:30:45,291] {dagbag.py:451} INFO - Filling up the DagBag from /usr/local/lib/python3.6/dist-packages/airflow/example_dags/example_bash_operator.py
[2021-09-30 07:30:45,298] {scheduler_job.py:639} INFO - DAG(s) dict_keys(['example_bash_operator']) retrieved from /usr/local/lib/python3.6/dist-packages/airflow/example_dags/example_bash_operator.py
[2021-09-30 07:30:45,305] {logging_mixin.py:104} INFO - [2021-09-30 07:30:45,305] {dag.py:1824} INFO - Sync 1 DAGs
[2021-09-30 07:30:45,319] {logging_mixin.py:104} INFO - [2021-09-30 07:30:45,318] {dag.py:2280} INFO - Setting next_dagrun for example_bash_operator to 2021-09-28 00:00:00+00:00
[2021-09-30 07:30:45,324] {scheduler_job.py:190} INFO - Processing /usr/local/lib/python3.6/dist-packages/airflow/example_dags/example_bash_operator.py took 0.036 seconds
[2021-09-30 07:31:15,589] {scheduler_job.py:182} INFO - Started process (PID=228) to work on /usr/local/lib/python3.6/dist-packages/airflow/example_dags/example_bash_operator.py
[2021-09-30 07:31:15,590] {scheduler_job.py:629} INFO - Processing file /usr/local/lib/python3.6/dist-packages/airflow/example_dags/example_bash_operator.py for tasks to queue
[2021-09-30 07:31:15,591] {logging_mixin.py:104} INFO - [2021-09-30 07:31:15,591] {dagbag.py:451} INFO - Filling up the DagBag from /usr/local/lib/python3.6/dist-packages/airflow/example_dags/example_bash_operator.py
[2021-09-30 07:31:15,601] {scheduler_job.py:639} INFO - DAG(s) dict_keys(['example_bash_operator']) retrieved from /usr/local/lib/python3.6/dist-packages/airflow/example_dags/example_bash_operator.py
[2021-09-30 07:31:15,619] {logging_mixin.py:104} INFO - [2021-09-30 07:31:15,619] {dag.py:1824} INFO - Sync 1 DAGs
[2021-09-30 07:31:15,638] {logging_mixin.py:104} INFO - [2021-09-30 07:31:15,638] {dag.py:2280} INFO - Setting next_dagrun for example_bash_operator to 2021-09-28 00:00:00+00:00
[2021-09-30 07:31:15,649] {scheduler_job.py:190} INFO - Processing /usr/local/lib/python3.6/dist-packages/airflow/example_dags/example_bash_operator.py took 0.063 seconds
[2021-09-30 07:31:46,835] {scheduler_job.py:182} INFO - Started process (PID=311) to work on /usr/local/lib/python3.6/dist-packages/airflow/example_dags/example_bash_operator.py
[2021-09-30 07:31:46,835] {scheduler_job.py:629} INFO - Processing file /usr/local/lib/python3.6/dist-packages/airflow/example_dags/example_bash_operator.py for tasks to queue
[2021-09-30 07:31:46,836] {logging_mixin.py:104} INFO - [2021-09-30 07:31:46,836] {dagbag.py:451} INFO - Filling up the DagBag from /usr/local/lib/python3.6/dist-packages/airflow/example_dags/example_bash_operator.py
[2021-09-30 07:31:46,843] {scheduler_job.py:639} INFO - DAG(s) dict_keys(['example_bash_operator']) retrieved from /usr/local/lib/python3.6/dist-packages/airflow/example_dags/example_bash_operator.py
[2021-09-30 07:31:46,856] {logging_mixin.py:104} INFO - [2021-09-30 07:31:46,855] {dag.py:1824} INFO - Sync 1 DAGs
[2021-09-30 07:31:46,872] {logging_mixin.py:104} INFO - [2021-09-30 07:31:46,872] {dag.py:2280} INFO - Setting next_dagrun for example_bash_operator to 2021-09-28 00:00:00+00:00
[2021-09-30 07:31:46,878] {scheduler_job.py:190} INFO - Processing /usr/local/lib/python3.6/dist-packages/airflow/example_dags/example_bash_operator.py took 0.045 seconds
[2021-09-30 07:32:17,263] {scheduler_job.py:182} INFO - Started process (PID=389) to work on /usr/local/lib/python3.6/dist-packages/airflow/example_dags/example_bash_operator.py
[2021-09-30 07:32:17,264] {scheduler_job.py:629} INFO - Processing file /usr/local/lib/python3.6/dist-packages/airflow/example_dags/example_bash_operator.py for tasks to queue
[2021-09-30 07:32:17,265] {logging_mixin.py:104} INFO - [2021-09-30 07:32:17,265] {dagbag.py:451} INFO - Filling up the DagBag from /usr/local/lib/python3.6/dist-packages/airflow/example_dags/example_bash_operator.py
[2021-09-30 07:32:17,272] {scheduler_job.py:639} INFO - DAG(s) dict_keys(['example_bash_operator']) retrieved from /usr/local/lib/python3.6/dist-packages/airflow/example_dags/example_bash_operator.py
[2021-09-30 07:32:17,282] {logging_mixin.py:104} INFO - [2021-09-30 07:32:17,282] {dag.py:1824} INFO - Sync 1 DAGs
[2021-09-30 07:32:17,293] {logging_mixin.py:104} INFO - [2021-09-30 07:32:17,293] {dag.py:2280} INFO - Setting next_dagrun for example_bash_operator to 2021-09-28 00:00:00+00:00
[2021-09-30 07:32:17,298] {scheduler_job.py:190} INFO - Processing /usr/local/lib/python3.6/dist-packages/airflow/example_dags/example_bash_operator.py took 0.038 seconds
[2021-09-30 07:32:48,062] {scheduler_job.py:182} INFO - Started process (PID=474) to work on /usr/local/lib/python3.6/dist-packages/airflow/example_dags/example_bash_operator.py
[2021-09-30 07:32:48,063] {scheduler_job.py:629} INFO - Processing file /usr/local/lib/python3.6/dist-packages/airflow/example_dags/example_bash_operator.py for tasks to queue
[2021-09-30 07:32:48,064] {logging_mixin.py:104} INFO - [2021-09-30 07:32:48,064] {dagbag.py:451} INFO - Filling up the DagBag from /usr/local/lib/python3.6/dist-packages/airflow/example_dags/example_bash_operator.py
[2021-09-30 07:32:48,071] {scheduler_job.py:639} INFO - DAG(s) dict_keys(['example_bash_operator']) retrieved from /usr/local/lib/python3.6/dist-packages/airflow/example_dags/example_bash_operator.py
[2021-09-30 07:32:48,083] {logging_mixin.py:104} INFO - [2021-09-30 07:32:48,083] {dag.py:1824} INFO - Sync 1 DAGs
[2021-09-30 07:32:48,097] {logging_mixin.py:104} INFO - [2021-09-30 07:32:48,097] {dag.py:2280} INFO - Setting next_dagrun for example_bash_operator to 2021-09-28 00:00:00+00:00
[2021-09-30 07:32:48,103] {scheduler_job.py:190} INFO - Processing /usr/local/lib/python3.6/dist-packages/airflow/example_dags/example_bash_operator.py took 0.042 seconds
[2021-09-30 07:33:43,877] {scheduler_job.py:182} INFO - Started process (PID=89) to work on /usr/local/lib/python3.6/dist-packages/airflow/example_dags/example_bash_operator.py
[2021-09-30 07:33:43,877] {scheduler_job.py:629} INFO - Processing file /usr/local/lib/python3.6/dist-packages/airflow/example_dags/example_bash_operator.py for tasks to queue
[2021-09-30 07:33:43,878] {logging_mixin.py:104} INFO - [2021-09-30 07:33:43,878] {dagbag.py:451} INFO - Filling up the DagBag from /usr/local/lib/python3.6/dist-packages/airflow/example_dags/example_bash_operator.py
[2021-09-30 07:33:43,885] {scheduler_job.py:639} INFO - DAG(s) dict_keys(['example_bash_operator']) retrieved from /usr/local/lib/python3.6/dist-packages/airflow/example_dags/example_bash_operator.py
[2021-09-30 07:33:43,899] {logging_mixin.py:104} INFO - [2021-09-30 07:33:43,899] {dag.py:1824} INFO - Sync 1 DAGs
[2021-09-30 07:33:43,920] {logging_mixin.py:104} INFO - [2021-09-30 07:33:43,919] {dag.py:2280} INFO - Setting next_dagrun for example_bash_operator to 2021-09-28 00:00:00+00:00
[2021-09-30 07:33:43,927] {scheduler_job.py:190} INFO - Processing /usr/local/lib/python3.6/dist-packages/airflow/example_dags/example_bash_operator.py took 0.052 seconds
[2021-09-30 07:34:14,820] {scheduler_job.py:182} INFO - Started process (PID=215) to work on /usr/local/lib/python3.6/dist-packages/airflow/example_dags/example_bash_operator.py
[2021-09-30 07:34:14,821] {scheduler_job.py:629} INFO - Processing file /usr/local/lib/python3.6/dist-packages/airflow/example_dags/example_bash_operator.py for tasks to queue
[2021-09-30 07:34:14,821] {logging_mixin.py:104} INFO - [2021-09-30 07:34:14,821] {dagbag.py:451} INFO - Filling up the DagBag from /usr/local/lib/python3.6/dist-packages/airflow/example_dags/example_bash_operator.py
[2021-09-30 07:34:14,832] {scheduler_job.py:639} INFO - DAG(s) dict_keys(['example_bash_operator']) retrieved from /usr/local/lib/python3.6/dist-packages/airflow/example_dags/example_bash_operator.py
[2021-09-30 07:34:14,847] {logging_mixin.py:104} INFO - [2021-09-30 07:34:14,847] {dag.py:1824} INFO - Sync 1 DAGs
[2021-09-30 07:34:14,863] {logging_mixin.py:104} INFO - [2021-09-30 07:34:14,863] {dag.py:2280} INFO - Setting next_dagrun for example_bash_operator to 2021-09-28 00:00:00+00:00
[2021-09-30 07:34:14,870] {scheduler_job.py:190} INFO - Processing /usr/local/lib/python3.6/dist-packages/airflow/example_dags/example_bash_operator.py took 0.052 seconds
[2021-09-30 07:34:46,174] {scheduler_job.py:182} INFO - Started process (PID=297) to work on /usr/local/lib/python3.6/dist-packages/airflow/example_dags/example_bash_operator.py
[2021-09-30 07:34:46,174] {scheduler_job.py:629} INFO - Processing file /usr/local/lib/python3.6/dist-packages/airflow/example_dags/example_bash_operator.py for tasks to queue
[2021-09-30 07:34:46,175] {logging_mixin.py:104} INFO - [2021-09-30 07:34:46,175] {dagbag.py:451} INFO - Filling up the DagBag from /usr/local/lib/python3.6/dist-packages/airflow/example_dags/example_bash_operator.py
[2021-09-30 07:34:46,185] {scheduler_job.py:639} INFO - DAG(s) dict_keys(['example_bash_operator']) retrieved from /usr/local/lib/python3.6/dist-packages/airflow/example_dags/example_bash_operator.py
[2021-09-30 07:34:46,204] {logging_mixin.py:104} INFO - [2021-09-30 07:34:46,204] {dag.py:1824} INFO - Sync 1 DAGs
[2021-09-30 07:34:46,223] {logging_mixin.py:104} INFO - [2021-09-30 07:34:46,223] {dag.py:2280} INFO - Setting next_dagrun for example_bash_operator to 2021-09-28 00:00:00+00:00
[2021-09-30 07:34:46,232] {scheduler_job.py:190} INFO - Processing /usr/local/lib/python3.6/dist-packages/airflow/example_dags/example_bash_operator.py took 0.061 seconds
[2021-09-30 07:36:11,777] {scheduler_job.py:182} INFO - Started process (PID=60) to work on /usr/local/lib/python3.6/dist-packages/airflow/example_dags/example_bash_operator.py
[2021-09-30 07:36:11,778] {scheduler_job.py:629} INFO - Processing file /usr/local/lib/python3.6/dist-packages/airflow/example_dags/example_bash_operator.py for tasks to queue
[2021-09-30 07:36:11,778] {logging_mixin.py:104} INFO - [2021-09-30 07:36:11,778] {dagbag.py:451} INFO - Filling up the DagBag from /usr/local/lib/python3.6/dist-packages/airflow/example_dags/example_bash_operator.py
[2021-09-30 07:36:11,785] {scheduler_job.py:639} INFO - DAG(s) dict_keys(['example_bash_operator']) retrieved from /usr/local/lib/python3.6/dist-packages/airflow/example_dags/example_bash_operator.py
[2021-09-30 07:36:11,798] {logging_mixin.py:104} INFO - [2021-09-30 07:36:11,798] {dag.py:1824} INFO - Sync 1 DAGs
[2021-09-30 07:36:11,811] {logging_mixin.py:104} INFO - [2021-09-30 07:36:11,811] {dag.py:2280} INFO - Setting next_dagrun for example_bash_operator to 2021-09-28 00:00:00+00:00
[2021-09-30 07:36:11,818] {scheduler_job.py:190} INFO - Processing /usr/local/lib/python3.6/dist-packages/airflow/example_dags/example_bash_operator.py took 0.042 seconds
[2021-09-30 07:36:42,646] {scheduler_job.py:182} INFO - Started process (PID=197) to work on /usr/local/lib/python3.6/dist-packages/airflow/example_dags/example_bash_operator.py
[2021-09-30 07:36:42,647] {scheduler_job.py:629} INFO - Processing file /usr/local/lib/python3.6/dist-packages/airflow/example_dags/example_bash_operator.py for tasks to queue
[2021-09-30 07:36:42,647] {logging_mixin.py:104} INFO - [2021-09-30 07:36:42,647] {dagbag.py:451} INFO - Filling up the DagBag from /usr/local/lib/python3.6/dist-packages/airflow/example_dags/example_bash_operator.py
[2021-09-30 07:36:42,655] {scheduler_job.py:639} INFO - DAG(s) dict_keys(['example_bash_operator']) retrieved from /usr/local/lib/python3.6/dist-packages/airflow/example_dags/example_bash_operator.py
[2021-09-30 07:36:42,671] {logging_mixin.py:104} INFO - [2021-09-30 07:36:42,671] {dag.py:1824} INFO - Sync 1 DAGs
[2021-09-30 07:36:42,691] {logging_mixin.py:104} INFO - [2021-09-30 07:36:42,691] {dag.py:2280} INFO - Setting next_dagrun for example_bash_operator to 2021-09-28 00:00:00+00:00
[2021-09-30 07:36:42,698] {scheduler_job.py:190} INFO - Processing /usr/local/lib/python3.6/dist-packages/airflow/example_dags/example_bash_operator.py took 0.054 seconds
[2021-09-30 07:37:29,521] {scheduler_job.py:182} INFO - Started process (PID=75) to work on /usr/local/lib/python3.6/dist-packages/airflow/example_dags/example_bash_operator.py
[2021-09-30 07:37:29,521] {scheduler_job.py:629} INFO - Processing file /usr/local/lib/python3.6/dist-packages/airflow/example_dags/example_bash_operator.py for tasks to queue
[2021-09-30 07:37:29,522] {logging_mixin.py:104} INFO - [2021-09-30 07:37:29,522] {dagbag.py:451} INFO - Filling up the DagBag from /usr/local/lib/python3.6/dist-packages/airflow/example_dags/example_bash_operator.py
[2021-09-30 07:37:29,529] {scheduler_job.py:639} INFO - DAG(s) dict_keys(['example_bash_operator']) retrieved from /usr/local/lib/python3.6/dist-packages/airflow/example_dags/example_bash_operator.py
[2021-09-30 07:37:29,541] {logging_mixin.py:104} INFO - [2021-09-30 07:37:29,541] {dag.py:1824} INFO - Sync 1 DAGs
[2021-09-30 07:37:29,555] {logging_mixin.py:104} INFO - [2021-09-30 07:37:29,555] {dag.py:2280} INFO - Setting next_dagrun for example_bash_operator to 2021-09-28 00:00:00+00:00
[2021-09-30 07:37:29,561] {scheduler_job.py:190} INFO - Processing /usr/local/lib/python3.6/dist-packages/airflow/example_dags/example_bash_operator.py took 0.042 seconds
[2021-09-30 07:38:00,481] {scheduler_job.py:182} INFO - Started process (PID=209) to work on /usr/local/lib/python3.6/dist-packages/airflow/example_dags/example_bash_operator.py
[2021-09-30 07:38:00,482] {scheduler_job.py:629} INFO - Processing file /usr/local/lib/python3.6/dist-packages/airflow/example_dags/example_bash_operator.py for tasks to queue
[2021-09-30 07:38:00,482] {logging_mixin.py:104} INFO - [2021-09-30 07:38:00,482] {dagbag.py:451} INFO - Filling up the DagBag from /usr/local/lib/python3.6/dist-packages/airflow/example_dags/example_bash_operator.py
[2021-09-30 07:38:00,489] {scheduler_job.py:639} INFO - DAG(s) dict_keys(['example_bash_operator']) retrieved from /usr/local/lib/python3.6/dist-packages/airflow/example_dags/example_bash_operator.py
[2021-09-30 07:38:00,501] {logging_mixin.py:104} INFO - [2021-09-30 07:38:00,501] {dag.py:1824} INFO - Sync 1 DAGs
[2021-09-30 07:38:00,513] {logging_mixin.py:104} INFO - [2021-09-30 07:38:00,513] {dag.py:2280} INFO - Setting next_dagrun for example_bash_operator to 2021-09-28 00:00:00+00:00
[2021-09-30 07:38:00,519] {scheduler_job.py:190} INFO - Processing /usr/local/lib/python3.6/dist-packages/airflow/example_dags/example_bash_operator.py took 0.040 seconds
[2021-09-30 07:38:31,157] {scheduler_job.py:182} INFO - Started process (PID=287) to work on /usr/local/lib/python3.6/dist-packages/airflow/example_dags/example_bash_operator.py
[2021-09-30 07:38:31,157] {scheduler_job.py:629} INFO - Processing file /usr/local/lib/python3.6/dist-packages/airflow/example_dags/example_bash_operator.py for tasks to queue
[2021-09-30 07:38:31,158] {logging_mixin.py:104} INFO - [2021-09-30 07:38:31,158] {dagbag.py:451} INFO - Filling up the DagBag from /usr/local/lib/python3.6/dist-packages/airflow/example_dags/example_bash_operator.py
[2021-09-30 07:38:31,164] {scheduler_job.py:639} INFO - DAG(s) dict_keys(['example_bash_operator']) retrieved from /usr/local/lib/python3.6/dist-packages/airflow/example_dags/example_bash_operator.py
[2021-09-30 07:38:31,175] {logging_mixin.py:104} INFO - [2021-09-30 07:38:31,175] {dag.py:1824} INFO - Sync 1 DAGs
[2021-09-30 07:38:31,186] {logging_mixin.py:104} INFO - [2021-09-30 07:38:31,186] {dag.py:2280} INFO - Setting next_dagrun for example_bash_operator to 2021-09-28 00:00:00+00:00
[2021-09-30 07:38:31,191] {scheduler_job.py:190} INFO - Processing /usr/local/lib/python3.6/dist-packages/airflow/example_dags/example_bash_operator.py took 0.036 seconds
[2021-09-30 07:39:01,848] {scheduler_job.py:182} INFO - Started process (PID=361) to work on /usr/local/lib/python3.6/dist-packages/airflow/example_dags/example_bash_operator.py
[2021-09-30 07:39:01,849] {scheduler_job.py:629} INFO - Processing file /usr/local/lib/python3.6/dist-packages/airflow/example_dags/example_bash_operator.py for tasks to queue
[2021-09-30 07:39:01,849] {logging_mixin.py:104} INFO - [2021-09-30 07:39:01,849] {dagbag.py:451} INFO - Filling up the DagBag from /usr/local/lib/python3.6/dist-packages/airflow/example_dags/example_bash_operator.py
[2021-09-30 07:39:01,856] {scheduler_job.py:639} INFO - DAG(s) dict_keys(['example_bash_operator']) retrieved from /usr/local/lib/python3.6/dist-packages/airflow/example_dags/example_bash_operator.py
[2021-09-30 07:39:01,868] {logging_mixin.py:104} INFO - [2021-09-30 07:39:01,868] {dag.py:1824} INFO - Sync 1 DAGs
[2021-09-30 07:39:01,881] {logging_mixin.py:104} INFO - [2021-09-30 07:39:01,881] {dag.py:2280} INFO - Setting next_dagrun for example_bash_operator to 2021-09-28 00:00:00+00:00
[2021-09-30 07:39:01,887] {scheduler_job.py:190} INFO - Processing /usr/local/lib/python3.6/dist-packages/airflow/example_dags/example_bash_operator.py took 0.041 seconds
[2021-09-30 07:39:32,564] {scheduler_job.py:182} INFO - Started process (PID=445) to work on /usr/local/lib/python3.6/dist-packages/airflow/example_dags/example_bash_operator.py
[2021-09-30 07:39:32,565] {scheduler_job.py:629} INFO - Processing file /usr/local/lib/python3.6/dist-packages/airflow/example_dags/example_bash_operator.py for tasks to queue
[2021-09-30 07:39:32,566] {logging_mixin.py:104} INFO - [2021-09-30 07:39:32,566] {dagbag.py:451} INFO - Filling up the DagBag from /usr/local/lib/python3.6/dist-packages/airflow/example_dags/example_bash_operator.py
[2021-09-30 07:39:32,573] {scheduler_job.py:639} INFO - DAG(s) dict_keys(['example_bash_operator']) retrieved from /usr/local/lib/python3.6/dist-packages/airflow/example_dags/example_bash_operator.py
[2021-09-30 07:39:32,594] {logging_mixin.py:104} INFO - [2021-09-30 07:39:32,593] {dag.py:1824} INFO - Sync 1 DAGs
[2021-09-30 07:39:32,617] {logging_mixin.py:104} INFO - [2021-09-30 07:39:32,617] {dag.py:2280} INFO - Setting next_dagrun for example_bash_operator to 2021-09-28 00:00:00+00:00
[2021-09-30 07:39:32,623] {scheduler_job.py:190} INFO - Processing /usr/local/lib/python3.6/dist-packages/airflow/example_dags/example_bash_operator.py took 0.061 seconds
[2021-09-30 07:40:02,788] {scheduler_job.py:182} INFO - Started process (PID=519) to work on /usr/local/lib/python3.6/dist-packages/airflow/example_dags/example_bash_operator.py
[2021-09-30 07:40:02,788] {scheduler_job.py:629} INFO - Processing file /usr/local/lib/python3.6/dist-packages/airflow/example_dags/example_bash_operator.py for tasks to queue
[2021-09-30 07:40:02,789] {logging_mixin.py:104} INFO - [2021-09-30 07:40:02,789] {dagbag.py:451} INFO - Filling up the DagBag from /usr/local/lib/python3.6/dist-packages/airflow/example_dags/example_bash_operator.py
[2021-09-30 07:40:02,798] {scheduler_job.py:639} INFO - DAG(s) dict_keys(['example_bash_operator']) retrieved from /usr/local/lib/python3.6/dist-packages/airflow/example_dags/example_bash_operator.py
[2021-09-30 07:40:02,813] {logging_mixin.py:104} INFO - [2021-09-30 07:40:02,813] {dag.py:1824} INFO - Sync 1 DAGs
[2021-09-30 07:40:02,829] {logging_mixin.py:104} INFO - [2021-09-30 07:40:02,829] {dag.py:2280} INFO - Setting next_dagrun for example_bash_operator to 2021-09-28 00:00:00+00:00
[2021-09-30 07:40:02,835] {scheduler_job.py:190} INFO - Processing /usr/local/lib/python3.6/dist-packages/airflow/example_dags/example_bash_operator.py took 0.049 seconds
[2021-09-30 07:40:33,471] {scheduler_job.py:182} INFO - Started process (PID=594) to work on /usr/local/lib/python3.6/dist-packages/airflow/example_dags/example_bash_operator.py
[2021-09-30 07:40:33,472] {scheduler_job.py:629} INFO - Processing file /usr/local/lib/python3.6/dist-packages/airflow/example_dags/example_bash_operator.py for tasks to queue
[2021-09-30 07:40:33,472] {logging_mixin.py:104} INFO - [2021-09-30 07:40:33,472] {dagbag.py:451} INFO - Filling up the DagBag from /usr/local/lib/python3.6/dist-packages/airflow/example_dags/example_bash_operator.py
[2021-09-30 07:40:33,479] {scheduler_job.py:639} INFO - DAG(s) dict_keys(['example_bash_operator']) retrieved from /usr/local/lib/python3.6/dist-packages/airflow/example_dags/example_bash_operator.py
[2021-09-30 07:40:33,491] {logging_mixin.py:104} INFO - [2021-09-30 07:40:33,491] {dag.py:1824} INFO - Sync 1 DAGs
[2021-09-30 07:40:33,504] {logging_mixin.py:104} INFO - [2021-09-30 07:40:33,504] {dag.py:2280} INFO - Setting next_dagrun for example_bash_operator to 2021-09-28 00:00:00+00:00
[2021-09-30 07:40:33,510] {scheduler_job.py:190} INFO - Processing /usr/local/lib/python3.6/dist-packages/airflow/example_dags/example_bash_operator.py took 0.041 seconds
[2021-09-30 07:41:04,178] {scheduler_job.py:182} INFO - Started process (PID=669) to work on /usr/local/lib/python3.6/dist-packages/airflow/example_dags/example_bash_operator.py
[2021-09-30 07:41:04,178] {scheduler_job.py:629} INFO - Processing file /usr/local/lib/python3.6/dist-packages/airflow/example_dags/example_bash_operator.py for tasks to queue
[2021-09-30 07:41:04,179] {logging_mixin.py:104} INFO - [2021-09-30 07:41:04,179] {dagbag.py:451} INFO - Filling up the DagBag from /usr/local/lib/python3.6/dist-packages/airflow/example_dags/example_bash_operator.py
[2021-09-30 07:41:04,186] {scheduler_job.py:639} INFO - DAG(s) dict_keys(['example_bash_operator']) retrieved from /usr/local/lib/python3.6/dist-packages/airflow/example_dags/example_bash_operator.py
[2021-09-30 07:41:04,198] {logging_mixin.py:104} INFO - [2021-09-30 07:41:04,198] {dag.py:1824} INFO - Sync 1 DAGs
[2021-09-30 07:41:04,211] {logging_mixin.py:104} INFO - [2021-09-30 07:41:04,211] {dag.py:2280} INFO - Setting next_dagrun for example_bash_operator to 2021-09-28 00:00:00+00:00
[2021-09-30 07:41:04,217] {scheduler_job.py:190} INFO - Processing /usr/local/lib/python3.6/dist-packages/airflow/example_dags/example_bash_operator.py took 0.041 seconds
[2021-09-30 07:41:34,911] {scheduler_job.py:182} INFO - Started process (PID=743) to work on /usr/local/lib/python3.6/dist-packages/airflow/example_dags/example_bash_operator.py
[2021-09-30 07:41:34,912] {scheduler_job.py:629} INFO - Processing file /usr/local/lib/python3.6/dist-packages/airflow/example_dags/example_bash_operator.py for tasks to queue
[2021-09-30 07:41:34,912] {logging_mixin.py:104} INFO - [2021-09-30 07:41:34,912] {dagbag.py:451} INFO - Filling up the DagBag from /usr/local/lib/python3.6/dist-packages/airflow/example_dags/example_bash_operator.py
[2021-09-30 07:41:34,920] {scheduler_job.py:639} INFO - DAG(s) dict_keys(['example_bash_operator']) retrieved from /usr/local/lib/python3.6/dist-packages/airflow/example_dags/example_bash_operator.py
[2021-09-30 07:41:34,932] {logging_mixin.py:104} INFO - [2021-09-30 07:41:34,932] {dag.py:1824} INFO - Sync 1 DAGs
[2021-09-30 07:41:34,945] {logging_mixin.py:104} INFO - [2021-09-30 07:41:34,945] {dag.py:2280} INFO - Setting next_dagrun for example_bash_operator to 2021-09-28 00:00:00+00:00
[2021-09-30 07:41:34,950] {scheduler_job.py:190} INFO - Processing /usr/local/lib/python3.6/dist-packages/airflow/example_dags/example_bash_operator.py took 0.041 seconds
[2021-09-30 07:42:05,719] {scheduler_job.py:182} INFO - Started process (PID=827) to work on /usr/local/lib/python3.6/dist-packages/airflow/example_dags/example_bash_operator.py
[2021-09-30 07:42:05,720] {scheduler_job.py:629} INFO - Processing file /usr/local/lib/python3.6/dist-packages/airflow/example_dags/example_bash_operator.py for tasks to queue
[2021-09-30 07:42:05,720] {logging_mixin.py:104} INFO - [2021-09-30 07:42:05,720] {dagbag.py:451} INFO - Filling up the DagBag from /usr/local/lib/python3.6/dist-packages/airflow/example_dags/example_bash_operator.py
[2021-09-30 07:42:05,729] {scheduler_job.py:639} INFO - DAG(s) dict_keys(['example_bash_operator']) retrieved from /usr/local/lib/python3.6/dist-packages/airflow/example_dags/example_bash_operator.py
[2021-09-30 07:42:05,743] {logging_mixin.py:104} INFO - [2021-09-30 07:42:05,743] {dag.py:1824} INFO - Sync 1 DAGs
[2021-09-30 07:42:05,759] {logging_mixin.py:104} INFO - [2021-09-30 07:42:05,759] {dag.py:2280} INFO - Setting next_dagrun for example_bash_operator to 2021-09-28 00:00:00+00:00
[2021-09-30 07:42:05,766] {scheduler_job.py:190} INFO - Processing /usr/local/lib/python3.6/dist-packages/airflow/example_dags/example_bash_operator.py took 0.049 seconds
[2021-09-30 07:42:36,662] {scheduler_job.py:182} INFO - Started process (PID=901) to work on /usr/local/lib/python3.6/dist-packages/airflow/example_dags/example_bash_operator.py
[2021-09-30 07:42:36,662] {scheduler_job.py:629} INFO - Processing file /usr/local/lib/python3.6/dist-packages/airflow/example_dags/example_bash_operator.py for tasks to queue
[2021-09-30 07:42:36,663] {logging_mixin.py:104} INFO - [2021-09-30 07:42:36,663] {dagbag.py:451} INFO - Filling up the DagBag from /usr/local/lib/python3.6/dist-packages/airflow/example_dags/example_bash_operator.py
[2021-09-30 07:42:36,675] {scheduler_job.py:639} INFO - DAG(s) dict_keys(['example_bash_operator']) retrieved from /usr/local/lib/python3.6/dist-packages/airflow/example_dags/example_bash_operator.py
[2021-09-30 07:42:36,690] {logging_mixin.py:104} INFO - [2021-09-30 07:42:36,690] {dag.py:1824} INFO - Sync 1 DAGs
[2021-09-30 07:42:36,707] {logging_mixin.py:104} INFO - [2021-09-30 07:42:36,707] {dag.py:2280} INFO - Setting next_dagrun for example_bash_operator to 2021-09-28 00:00:00+00:00
[2021-09-30 07:42:36,713] {scheduler_job.py:190} INFO - Processing /usr/local/lib/python3.6/dist-packages/airflow/example_dags/example_bash_operator.py took 0.054 seconds
[2021-09-30 07:43:06,968] {scheduler_job.py:182} INFO - Started process (PID=975) to work on /usr/local/lib/python3.6/dist-packages/airflow/example_dags/example_bash_operator.py
[2021-09-30 07:43:06,969] {scheduler_job.py:629} INFO - Processing file /usr/local/lib/python3.6/dist-packages/airflow/example_dags/example_bash_operator.py for tasks to queue
[2021-09-30 07:43:06,970] {logging_mixin.py:104} INFO - [2021-09-30 07:43:06,970] {dagbag.py:451} INFO - Filling up the DagBag from /usr/local/lib/python3.6/dist-packages/airflow/example_dags/example_bash_operator.py
[2021-09-30 07:43:06,984] {scheduler_job.py:639} INFO - DAG(s) dict_keys(['example_bash_operator']) retrieved from /usr/local/lib/python3.6/dist-packages/airflow/example_dags/example_bash_operator.py
[2021-09-30 07:43:07,001] {logging_mixin.py:104} INFO - [2021-09-30 07:43:07,001] {dag.py:1824} INFO - Sync 1 DAGs
[2021-09-30 07:43:07,018] {logging_mixin.py:104} INFO - [2021-09-30 07:43:07,018] {dag.py:2280} INFO - Setting next_dagrun for example_bash_operator to 2021-09-28 00:00:00+00:00
[2021-09-30 07:43:07,026] {scheduler_job.py:190} INFO - Processing /usr/local/lib/python3.6/dist-packages/airflow/example_dags/example_bash_operator.py took 0.061 seconds
[2021-09-30 07:43:51,669] {scheduler_job.py:182} INFO - Started process (PID=98) to work on /usr/local/lib/python3.6/dist-packages/airflow/example_dags/example_bash_operator.py
[2021-09-30 07:43:51,670] {scheduler_job.py:629} INFO - Processing file /usr/local/lib/python3.6/dist-packages/airflow/example_dags/example_bash_operator.py for tasks to queue
[2021-09-30 07:43:51,671] {logging_mixin.py:104} INFO - [2021-09-30 07:43:51,671] {dagbag.py:451} INFO - Filling up the DagBag from /usr/local/lib/python3.6/dist-packages/airflow/example_dags/example_bash_operator.py
[2021-09-30 07:43:51,683] {scheduler_job.py:639} INFO - DAG(s) dict_keys(['example_bash_operator']) retrieved from /usr/local/lib/python3.6/dist-packages/airflow/example_dags/example_bash_operator.py
[2021-09-30 07:43:51,705] {logging_mixin.py:104} INFO - [2021-09-30 07:43:51,704] {dag.py:1824} INFO - Sync 1 DAGs
[2021-09-30 07:43:51,726] {logging_mixin.py:104} INFO - [2021-09-30 07:43:51,726] {dag.py:2280} INFO - Setting next_dagrun for example_bash_operator to 2021-09-28 00:00:00+00:00
[2021-09-30 07:43:51,737] {scheduler_job.py:190} INFO - Processing /usr/local/lib/python3.6/dist-packages/airflow/example_dags/example_bash_operator.py took 0.072 seconds
[2021-09-30 07:44:22,585] {scheduler_job.py:182} INFO - Started process (PID=214) to work on /usr/local/lib/python3.6/dist-packages/airflow/example_dags/example_bash_operator.py
[2021-09-30 07:44:22,586] {scheduler_job.py:629} INFO - Processing file /usr/local/lib/python3.6/dist-packages/airflow/example_dags/example_bash_operator.py for tasks to queue
[2021-09-30 07:44:22,586] {logging_mixin.py:104} INFO - [2021-09-30 07:44:22,586] {dagbag.py:451} INFO - Filling up the DagBag from /usr/local/lib/python3.6/dist-packages/airflow/example_dags/example_bash_operator.py
[2021-09-30 07:44:22,595] {scheduler_job.py:639} INFO - DAG(s) dict_keys(['example_bash_operator']) retrieved from /usr/local/lib/python3.6/dist-packages/airflow/example_dags/example_bash_operator.py
[2021-09-30 07:44:22,612] {logging_mixin.py:104} INFO - [2021-09-30 07:44:22,612] {dag.py:1824} INFO - Sync 1 DAGs
[2021-09-30 07:44:22,633] {logging_mixin.py:104} INFO - [2021-09-30 07:44:22,633] {dag.py:2280} INFO - Setting next_dagrun for example_bash_operator to 2021-09-28 00:00:00+00:00
[2021-09-30 07:44:22,641] {scheduler_job.py:190} INFO - Processing /usr/local/lib/python3.6/dist-packages/airflow/example_dags/example_bash_operator.py took 0.057 seconds
[2021-09-30 07:44:53,513] {scheduler_job.py:182} INFO - Started process (PID=288) to work on /usr/local/lib/python3.6/dist-packages/airflow/example_dags/example_bash_operator.py
[2021-09-30 07:44:53,514] {scheduler_job.py:629} INFO - Processing file /usr/local/lib/python3.6/dist-packages/airflow/example_dags/example_bash_operator.py for tasks to queue
[2021-09-30 07:44:53,515] {logging_mixin.py:104} INFO - [2021-09-30 07:44:53,515] {dagbag.py:451} INFO - Filling up the DagBag from /usr/local/lib/python3.6/dist-packages/airflow/example_dags/example_bash_operator.py
[2021-09-30 07:44:53,526] {scheduler_job.py:639} INFO - DAG(s) dict_keys(['example_bash_operator']) retrieved from /usr/local/lib/python3.6/dist-packages/airflow/example_dags/example_bash_operator.py
[2021-09-30 07:44:53,541] {logging_mixin.py:104} INFO - [2021-09-30 07:44:53,540] {dag.py:1824} INFO - Sync 1 DAGs
[2021-09-30 07:44:53,556] {logging_mixin.py:104} INFO - [2021-09-30 07:44:53,556] {dag.py:2280} INFO - Setting next_dagrun for example_bash_operator to 2021-09-28 00:00:00+00:00
[2021-09-30 07:44:53,563] {scheduler_job.py:190} INFO - Processing /usr/local/lib/python3.6/dist-packages/airflow/example_dags/example_bash_operator.py took 0.052 seconds
[2021-09-30 07:45:23,909] {scheduler_job.py:182} INFO - Started process (PID=366) to work on /usr/local/lib/python3.6/dist-packages/airflow/example_dags/example_bash_operator.py
[2021-09-30 07:45:23,910] {scheduler_job.py:629} INFO - Processing file /usr/local/lib/python3.6/dist-packages/airflow/example_dags/example_bash_operator.py for tasks to queue
[2021-09-30 07:45:23,910] {logging_mixin.py:104} INFO - [2021-09-30 07:45:23,910] {dagbag.py:451} INFO - Filling up the DagBag from /usr/local/lib/python3.6/dist-packages/airflow/example_dags/example_bash_operator.py
[2021-09-30 07:45:23,920] {scheduler_job.py:639} INFO - DAG(s) dict_keys(['example_bash_operator']) retrieved from /usr/local/lib/python3.6/dist-packages/airflow/example_dags/example_bash_operator.py
[2021-09-30 07:45:23,940] {logging_mixin.py:104} INFO - [2021-09-30 07:45:23,940] {dag.py:1824} INFO - Sync 1 DAGs
[2021-09-30 07:45:23,962] {logging_mixin.py:104} INFO - [2021-09-30 07:45:23,962] {dag.py:2280} INFO - Setting next_dagrun for example_bash_operator to 2021-09-28 00:00:00+00:00
[2021-09-30 07:45:23,971] {scheduler_job.py:190} INFO - Processing /usr/local/lib/python3.6/dist-packages/airflow/example_dags/example_bash_operator.py took 0.064 seconds
[2021-09-30 07:45:54,490] {scheduler_job.py:182} INFO - Started process (PID=440) to work on /usr/local/lib/python3.6/dist-packages/airflow/example_dags/example_bash_operator.py
[2021-09-30 07:45:54,490] {scheduler_job.py:629} INFO - Processing file /usr/local/lib/python3.6/dist-packages/airflow/example_dags/example_bash_operator.py for tasks to queue
[2021-09-30 07:45:54,491] {logging_mixin.py:104} INFO - [2021-09-30 07:45:54,491] {dagbag.py:451} INFO - Filling up the DagBag from /usr/local/lib/python3.6/dist-packages/airflow/example_dags/example_bash_operator.py
[2021-09-30 07:45:54,503] {scheduler_job.py:639} INFO - DAG(s) dict_keys(['example_bash_operator']) retrieved from /usr/local/lib/python3.6/dist-packages/airflow/example_dags/example_bash_operator.py
[2021-09-30 07:45:54,525] {logging_mixin.py:104} INFO - [2021-09-30 07:45:54,525] {dag.py:1824} INFO - Sync 1 DAGs
[2021-09-30 07:45:54,550] {logging_mixin.py:104} INFO - [2021-09-30 07:45:54,550] {dag.py:2280} INFO - Setting next_dagrun for example_bash_operator to 2021-09-28 00:00:00+00:00
[2021-09-30 07:45:54,562] {scheduler_job.py:190} INFO - Processing /usr/local/lib/python3.6/dist-packages/airflow/example_dags/example_bash_operator.py took 0.075 seconds
[2021-09-30 07:46:24,809] {scheduler_job.py:182} INFO - Started process (PID=523) to work on /usr/local/lib/python3.6/dist-packages/airflow/example_dags/example_bash_operator.py
[2021-09-30 07:46:24,809] {scheduler_job.py:629} INFO - Processing file /usr/local/lib/python3.6/dist-packages/airflow/example_dags/example_bash_operator.py for tasks to queue
[2021-09-30 07:46:24,810] {logging_mixin.py:104} INFO - [2021-09-30 07:46:24,810] {dagbag.py:451} INFO - Filling up the DagBag from /usr/local/lib/python3.6/dist-packages/airflow/example_dags/example_bash_operator.py
[2021-09-30 07:46:24,818] {scheduler_job.py:639} INFO - DAG(s) dict_keys(['example_bash_operator']) retrieved from /usr/local/lib/python3.6/dist-packages/airflow/example_dags/example_bash_operator.py
[2021-09-30 07:46:24,833] {logging_mixin.py:104} INFO - [2021-09-30 07:46:24,833] {dag.py:1824} INFO - Sync 1 DAGs
[2021-09-30 07:46:24,851] {logging_mixin.py:104} INFO - [2021-09-30 07:46:24,850] {dag.py:2280} INFO - Setting next_dagrun for example_bash_operator to 2021-09-28 00:00:00+00:00
[2021-09-30 07:46:24,858] {scheduler_job.py:190} INFO - Processing /usr/local/lib/python3.6/dist-packages/airflow/example_dags/example_bash_operator.py took 0.051 seconds
[2021-09-30 07:46:55,014] {scheduler_job.py:182} INFO - Started process (PID=599) to work on /usr/local/lib/python3.6/dist-packages/airflow/example_dags/example_bash_operator.py
[2021-09-30 07:46:55,015] {scheduler_job.py:629} INFO - Processing file /usr/local/lib/python3.6/dist-packages/airflow/example_dags/example_bash_operator.py for tasks to queue
[2021-09-30 07:46:55,016] {logging_mixin.py:104} INFO - [2021-09-30 07:46:55,016] {dagbag.py:451} INFO - Filling up the DagBag from /usr/local/lib/python3.6/dist-packages/airflow/example_dags/example_bash_operator.py
[2021-09-30 07:46:55,026] {scheduler_job.py:639} INFO - DAG(s) dict_keys(['example_bash_operator']) retrieved from /usr/local/lib/python3.6/dist-packages/airflow/example_dags/example_bash_operator.py
[2021-09-30 07:46:55,043] {logging_mixin.py:104} INFO - [2021-09-30 07:46:55,043] {dag.py:1824} INFO - Sync 1 DAGs
[2021-09-30 07:46:55,063] {logging_mixin.py:104} INFO - [2021-09-30 07:46:55,063] {dag.py:2280} INFO - Setting next_dagrun for example_bash_operator to 2021-09-28 00:00:00+00:00
[2021-09-30 07:46:55,071] {scheduler_job.py:190} INFO - Processing /usr/local/lib/python3.6/dist-packages/airflow/example_dags/example_bash_operator.py took 0.059 seconds
[2021-09-30 07:47:25,518] {scheduler_job.py:182} INFO - Started process (PID=674) to work on /usr/local/lib/python3.6/dist-packages/airflow/example_dags/example_bash_operator.py
[2021-09-30 07:47:25,518] {scheduler_job.py:629} INFO - Processing file /usr/local/lib/python3.6/dist-packages/airflow/example_dags/example_bash_operator.py for tasks to queue
[2021-09-30 07:47:25,519] {logging_mixin.py:104} INFO - [2021-09-30 07:47:25,519] {dagbag.py:451} INFO - Filling up the DagBag from /usr/local/lib/python3.6/dist-packages/airflow/example_dags/example_bash_operator.py
[2021-09-30 07:47:25,528] {scheduler_job.py:639} INFO - DAG(s) dict_keys(['example_bash_operator']) retrieved from /usr/local/lib/python3.6/dist-packages/airflow/example_dags/example_bash_operator.py
[2021-09-30 07:47:25,544] {logging_mixin.py:104} INFO - [2021-09-30 07:47:25,544] {dag.py:1824} INFO - Sync 1 DAGs
[2021-09-30 07:47:25,561] {logging_mixin.py:104} INFO - [2021-09-30 07:47:25,561] {dag.py:2280} INFO - Setting next_dagrun for example_bash_operator to 2021-09-28 00:00:00+00:00
[2021-09-30 07:47:25,569] {scheduler_job.py:190} INFO - Processing /usr/local/lib/python3.6/dist-packages/airflow/example_dags/example_bash_operator.py took 0.053 seconds
[2021-09-30 07:47:55,621] {scheduler_job.py:182} INFO - Started process (PID=748) to work on /usr/local/lib/python3.6/dist-packages/airflow/example_dags/example_bash_operator.py
[2021-09-30 07:47:55,623] {scheduler_job.py:629} INFO - Processing file /usr/local/lib/python3.6/dist-packages/airflow/example_dags/example_bash_operator.py for tasks to queue
[2021-09-30 07:47:55,624] {logging_mixin.py:104} INFO - [2021-09-30 07:47:55,623] {dagbag.py:451} INFO - Filling up the DagBag from /usr/local/lib/python3.6/dist-packages/airflow/example_dags/example_bash_operator.py
[2021-09-30 07:47:55,633] {scheduler_job.py:639} INFO - DAG(s) dict_keys(['example_bash_operator']) retrieved from /usr/local/lib/python3.6/dist-packages/airflow/example_dags/example_bash_operator.py
[2021-09-30 07:47:55,649] {logging_mixin.py:104} INFO - [2021-09-30 07:47:55,649] {dag.py:1824} INFO - Sync 1 DAGs
[2021-09-30 07:47:55,666] {logging_mixin.py:104} INFO - [2021-09-30 07:47:55,666] {dag.py:2280} INFO - Setting next_dagrun for example_bash_operator to 2021-09-28 00:00:00+00:00
[2021-09-30 07:47:55,674] {scheduler_job.py:190} INFO - Processing /usr/local/lib/python3.6/dist-packages/airflow/example_dags/example_bash_operator.py took 0.055 seconds
[2021-09-30 07:48:25,893] {scheduler_job.py:182} INFO - Started process (PID=822) to work on /usr/local/lib/python3.6/dist-packages/airflow/example_dags/example_bash_operator.py
[2021-09-30 07:48:25,894] {scheduler_job.py:629} INFO - Processing file /usr/local/lib/python3.6/dist-packages/airflow/example_dags/example_bash_operator.py for tasks to queue
[2021-09-30 07:48:25,895] {logging_mixin.py:104} INFO - [2021-09-30 07:48:25,895] {dagbag.py:451} INFO - Filling up the DagBag from /usr/local/lib/python3.6/dist-packages/airflow/example_dags/example_bash_operator.py
[2021-09-30 07:48:25,904] {scheduler_job.py:639} INFO - DAG(s) dict_keys(['example_bash_operator']) retrieved from /usr/local/lib/python3.6/dist-packages/airflow/example_dags/example_bash_operator.py
[2021-09-30 07:48:25,921] {logging_mixin.py:104} INFO - [2021-09-30 07:48:25,921] {dag.py:1824} INFO - Sync 1 DAGs
[2021-09-30 07:48:25,937] {logging_mixin.py:104} INFO - [2021-09-30 07:48:25,937] {dag.py:2280} INFO - Setting next_dagrun for example_bash_operator to 2021-09-28 00:00:00+00:00
[2021-09-30 07:48:25,945] {scheduler_job.py:190} INFO - Processing /usr/local/lib/python3.6/dist-packages/airflow/example_dags/example_bash_operator.py took 0.055 seconds
[2021-09-30 07:48:56,112] {scheduler_job.py:182} INFO - Started process (PID=898) to work on /usr/local/lib/python3.6/dist-packages/airflow/example_dags/example_bash_operator.py
[2021-09-30 07:48:56,113] {scheduler_job.py:629} INFO - Processing file /usr/local/lib/python3.6/dist-packages/airflow/example_dags/example_bash_operator.py for tasks to queue
[2021-09-30 07:48:56,113] {logging_mixin.py:104} INFO - [2021-09-30 07:48:56,113] {dagbag.py:451} INFO - Filling up the DagBag from /usr/local/lib/python3.6/dist-packages/airflow/example_dags/example_bash_operator.py
[2021-09-30 07:48:56,124] {scheduler_job.py:639} INFO - DAG(s) dict_keys(['example_bash_operator']) retrieved from /usr/local/lib/python3.6/dist-packages/airflow/example_dags/example_bash_operator.py
[2021-09-30 07:48:56,138] {logging_mixin.py:104} INFO - [2021-09-30 07:48:56,138] {dag.py:1824} INFO - Sync 1 DAGs
[2021-09-30 07:48:56,154] {logging_mixin.py:104} INFO - [2021-09-30 07:48:56,154] {dag.py:2280} INFO - Setting next_dagrun for example_bash_operator to 2021-09-28 00:00:00+00:00
[2021-09-30 07:48:56,161] {scheduler_job.py:190} INFO - Processing /usr/local/lib/python3.6/dist-packages/airflow/example_dags/example_bash_operator.py took 0.051 seconds
[2021-09-30 07:49:26,324] {scheduler_job.py:182} INFO - Started process (PID=972) to work on /usr/local/lib/python3.6/dist-packages/airflow/example_dags/example_bash_operator.py
[2021-09-30 07:49:26,325] {scheduler_job.py:629} INFO - Processing file /usr/local/lib/python3.6/dist-packages/airflow/example_dags/example_bash_operator.py for tasks to queue
[2021-09-30 07:49:26,325] {logging_mixin.py:104} INFO - [2021-09-30 07:49:26,325] {dagbag.py:451} INFO - Filling up the DagBag from /usr/local/lib/python3.6/dist-packages/airflow/example_dags/example_bash_operator.py
[2021-09-30 07:49:26,336] {scheduler_job.py:639} INFO - DAG(s) dict_keys(['example_bash_operator']) retrieved from /usr/local/lib/python3.6/dist-packages/airflow/example_dags/example_bash_operator.py
[2021-09-30 07:49:26,358] {logging_mixin.py:104} INFO - [2021-09-30 07:49:26,357] {dag.py:1824} INFO - Sync 1 DAGs
[2021-09-30 07:49:26,377] {logging_mixin.py:104} INFO - [2021-09-30 07:49:26,376] {dag.py:2280} INFO - Setting next_dagrun for example_bash_operator to 2021-09-28 00:00:00+00:00
[2021-09-30 07:49:26,385] {scheduler_job.py:190} INFO - Processing /usr/local/lib/python3.6/dist-packages/airflow/example_dags/example_bash_operator.py took 0.062 seconds
[2021-09-30 07:49:56,541] {scheduler_job.py:182} INFO - Started process (PID=1046) to work on /usr/local/lib/python3.6/dist-packages/airflow/example_dags/example_bash_operator.py
[2021-09-30 07:49:56,543] {scheduler_job.py:629} INFO - Processing file /usr/local/lib/python3.6/dist-packages/airflow/example_dags/example_bash_operator.py for tasks to queue
[2021-09-30 07:49:56,544] {logging_mixin.py:104} INFO - [2021-09-30 07:49:56,544] {dagbag.py:451} INFO - Filling up the DagBag from /usr/local/lib/python3.6/dist-packages/airflow/example_dags/example_bash_operator.py
[2021-09-30 07:49:56,555] {scheduler_job.py:639} INFO - DAG(s) dict_keys(['example_bash_operator']) retrieved from /usr/local/lib/python3.6/dist-packages/airflow/example_dags/example_bash_operator.py
[2021-09-30 07:49:56,573] {logging_mixin.py:104} INFO - [2021-09-30 07:49:56,572] {dag.py:1824} INFO - Sync 1 DAGs
[2021-09-30 07:49:56,591] {logging_mixin.py:104} INFO - [2021-09-30 07:49:56,591] {dag.py:2280} INFO - Setting next_dagrun for example_bash_operator to 2021-09-28 00:00:00+00:00
[2021-09-30 07:49:56,598] {scheduler_job.py:190} INFO - Processing /usr/local/lib/python3.6/dist-packages/airflow/example_dags/example_bash_operator.py took 0.060 seconds
[2021-09-30 07:50:26,755] {scheduler_job.py:182} INFO - Started process (PID=1121) to work on /usr/local/lib/python3.6/dist-packages/airflow/example_dags/example_bash_operator.py
[2021-09-30 07:50:26,756] {scheduler_job.py:629} INFO - Processing file /usr/local/lib/python3.6/dist-packages/airflow/example_dags/example_bash_operator.py for tasks to queue
[2021-09-30 07:50:26,757] {logging_mixin.py:104} INFO - [2021-09-30 07:50:26,757] {dagbag.py:451} INFO - Filling up the DagBag from /usr/local/lib/python3.6/dist-packages/airflow/example_dags/example_bash_operator.py
[2021-09-30 07:50:26,768] {scheduler_job.py:639} INFO - DAG(s) dict_keys(['example_bash_operator']) retrieved from /usr/local/lib/python3.6/dist-packages/airflow/example_dags/example_bash_operator.py
[2021-09-30 07:50:26,784] {logging_mixin.py:104} INFO - [2021-09-30 07:50:26,784] {dag.py:1824} INFO - Sync 1 DAGs
[2021-09-30 07:50:26,800] {logging_mixin.py:104} INFO - [2021-09-30 07:50:26,800] {dag.py:2280} INFO - Setting next_dagrun for example_bash_operator to 2021-09-28 00:00:00+00:00
[2021-09-30 07:50:26,808] {scheduler_job.py:190} INFO - Processing /usr/local/lib/python3.6/dist-packages/airflow/example_dags/example_bash_operator.py took 0.055 seconds
[2021-09-30 07:50:56,914] {scheduler_job.py:182} INFO - Started process (PID=1195) to work on /usr/local/lib/python3.6/dist-packages/airflow/example_dags/example_bash_operator.py
[2021-09-30 07:50:56,915] {scheduler_job.py:629} INFO - Processing file /usr/local/lib/python3.6/dist-packages/airflow/example_dags/example_bash_operator.py for tasks to queue
[2021-09-30 07:50:56,916] {logging_mixin.py:104} INFO - [2021-09-30 07:50:56,916] {dagbag.py:451} INFO - Filling up the DagBag from /usr/local/lib/python3.6/dist-packages/airflow/example_dags/example_bash_operator.py
[2021-09-30 07:50:56,924] {scheduler_job.py:639} INFO - DAG(s) dict_keys(['example_bash_operator']) retrieved from /usr/local/lib/python3.6/dist-packages/airflow/example_dags/example_bash_operator.py
[2021-09-30 07:50:56,941] {logging_mixin.py:104} INFO - [2021-09-30 07:50:56,940] {dag.py:1824} INFO - Sync 1 DAGs
[2021-09-30 07:50:56,961] {logging_mixin.py:104} INFO - [2021-09-30 07:50:56,960] {dag.py:2280} INFO - Setting next_dagrun for example_bash_operator to 2021-09-28 00:00:00+00:00
[2021-09-30 07:50:56,970] {scheduler_job.py:190} INFO - Processing /usr/local/lib/python3.6/dist-packages/airflow/example_dags/example_bash_operator.py took 0.058 seconds
[2021-09-30 07:51:27,170] {scheduler_job.py:182} INFO - Started process (PID=1269) to work on /usr/local/lib/python3.6/dist-packages/airflow/example_dags/example_bash_operator.py
[2021-09-30 07:51:27,170] {scheduler_job.py:629} INFO - Processing file /usr/local/lib/python3.6/dist-packages/airflow/example_dags/example_bash_operator.py for tasks to queue
[2021-09-30 07:51:27,171] {logging_mixin.py:104} INFO - [2021-09-30 07:51:27,171] {dagbag.py:451} INFO - Filling up the DagBag from /usr/local/lib/python3.6/dist-packages/airflow/example_dags/example_bash_operator.py
[2021-09-30 07:51:27,181] {scheduler_job.py:639} INFO - DAG(s) dict_keys(['example_bash_operator']) retrieved from /usr/local/lib/python3.6/dist-packages/airflow/example_dags/example_bash_operator.py
[2021-09-30 07:51:27,198] {logging_mixin.py:104} INFO - [2021-09-30 07:51:27,198] {dag.py:1824} INFO - Sync 1 DAGs
[2021-09-30 07:51:27,217] {logging_mixin.py:104} INFO - [2021-09-30 07:51:27,216] {dag.py:2280} INFO - Setting next_dagrun for example_bash_operator to 2021-09-28 00:00:00+00:00
[2021-09-30 07:51:27,224] {scheduler_job.py:190} INFO - Processing /usr/local/lib/python3.6/dist-packages/airflow/example_dags/example_bash_operator.py took 0.057 seconds
[2021-09-30 07:51:57,341] {scheduler_job.py:182} INFO - Started process (PID=1348) to work on /usr/local/lib/python3.6/dist-packages/airflow/example_dags/example_bash_operator.py
[2021-09-30 07:51:57,342] {scheduler_job.py:629} INFO - Processing file /usr/local/lib/python3.6/dist-packages/airflow/example_dags/example_bash_operator.py for tasks to queue
[2021-09-30 07:51:57,342] {logging_mixin.py:104} INFO - [2021-09-30 07:51:57,342] {dagbag.py:451} INFO - Filling up the DagBag from /usr/local/lib/python3.6/dist-packages/airflow/example_dags/example_bash_operator.py
[2021-09-30 07:51:57,352] {scheduler_job.py:639} INFO - DAG(s) dict_keys(['example_bash_operator']) retrieved from /usr/local/lib/python3.6/dist-packages/airflow/example_dags/example_bash_operator.py
[2021-09-30 07:51:57,368] {logging_mixin.py:104} INFO - [2021-09-30 07:51:57,368] {dag.py:1824} INFO - Sync 1 DAGs
[2021-09-30 07:51:57,389] {logging_mixin.py:104} INFO - [2021-09-30 07:51:57,389] {dag.py:2280} INFO - Setting next_dagrun for example_bash_operator to 2021-09-28 00:00:00+00:00
[2021-09-30 07:51:57,399] {scheduler_job.py:190} INFO - Processing /usr/local/lib/python3.6/dist-packages/airflow/example_dags/example_bash_operator.py took 0.061 seconds
[2021-09-30 07:52:27,922] {scheduler_job.py:182} INFO - Started process (PID=1423) to work on /usr/local/lib/python3.6/dist-packages/airflow/example_dags/example_bash_operator.py
[2021-09-30 07:52:27,923] {scheduler_job.py:629} INFO - Processing file /usr/local/lib/python3.6/dist-packages/airflow/example_dags/example_bash_operator.py for tasks to queue
[2021-09-30 07:52:27,923] {logging_mixin.py:104} INFO - [2021-09-30 07:52:27,923] {dagbag.py:451} INFO - Filling up the DagBag from /usr/local/lib/python3.6/dist-packages/airflow/example_dags/example_bash_operator.py
[2021-09-30 07:52:27,935] {scheduler_job.py:639} INFO - DAG(s) dict_keys(['example_bash_operator']) retrieved from /usr/local/lib/python3.6/dist-packages/airflow/example_dags/example_bash_operator.py
[2021-09-30 07:52:27,952] {logging_mixin.py:104} INFO - [2021-09-30 07:52:27,952] {dag.py:1824} INFO - Sync 1 DAGs
[2021-09-30 07:52:27,974] {logging_mixin.py:104} INFO - [2021-09-30 07:52:27,974] {dag.py:2280} INFO - Setting next_dagrun for example_bash_operator to 2021-09-28 00:00:00+00:00
[2021-09-30 07:52:27,986] {scheduler_job.py:190} INFO - Processing /usr/local/lib/python3.6/dist-packages/airflow/example_dags/example_bash_operator.py took 0.066 seconds
[2021-09-30 07:52:58,961] {scheduler_job.py:182} INFO - Started process (PID=1483) to work on /usr/local/lib/python3.6/dist-packages/airflow/example_dags/example_bash_operator.py
[2021-09-30 07:52:58,962] {scheduler_job.py:629} INFO - Processing file /usr/local/lib/python3.6/dist-packages/airflow/example_dags/example_bash_operator.py for tasks to queue
[2021-09-30 07:52:58,962] {logging_mixin.py:104} INFO - [2021-09-30 07:52:58,962] {dagbag.py:451} INFO - Filling up the DagBag from /usr/local/lib/python3.6/dist-packages/airflow/example_dags/example_bash_operator.py
[2021-09-30 07:52:58,972] {scheduler_job.py:639} INFO - DAG(s) dict_keys(['example_bash_operator']) retrieved from /usr/local/lib/python3.6/dist-packages/airflow/example_dags/example_bash_operator.py
[2021-09-30 07:52:58,988] {logging_mixin.py:104} INFO - [2021-09-30 07:52:58,988] {dag.py:1824} INFO - Sync 1 DAGs
[2021-09-30 07:52:59,007] {logging_mixin.py:104} INFO - [2021-09-30 07:52:59,007] {dag.py:2280} INFO - Setting next_dagrun for example_bash_operator to 2021-09-28 00:00:00+00:00
[2021-09-30 07:52:59,019] {scheduler_job.py:190} INFO - Processing /usr/local/lib/python3.6/dist-packages/airflow/example_dags/example_bash_operator.py took 0.059 seconds
[2021-09-30 07:53:29,034] {scheduler_job.py:182} INFO - Started process (PID=1556) to work on /usr/local/lib/python3.6/dist-packages/airflow/example_dags/example_bash_operator.py
[2021-09-30 07:53:29,034] {scheduler_job.py:629} INFO - Processing file /usr/local/lib/python3.6/dist-packages/airflow/example_dags/example_bash_operator.py for tasks to queue
[2021-09-30 07:53:29,035] {logging_mixin.py:104} INFO - [2021-09-30 07:53:29,035] {dagbag.py:451} INFO - Filling up the DagBag from /usr/local/lib/python3.6/dist-packages/airflow/example_dags/example_bash_operator.py
[2021-09-30 07:53:29,044] {scheduler_job.py:639} INFO - DAG(s) dict_keys(['example_bash_operator']) retrieved from /usr/local/lib/python3.6/dist-packages/airflow/example_dags/example_bash_operator.py
[2021-09-30 07:53:29,059] {logging_mixin.py:104} INFO - [2021-09-30 07:53:29,059] {dag.py:1824} INFO - Sync 1 DAGs
[2021-09-30 07:53:29,075] {logging_mixin.py:104} INFO - [2021-09-30 07:53:29,075] {dag.py:2280} INFO - Setting next_dagrun for example_bash_operator to 2021-09-28 00:00:00+00:00
[2021-09-30 07:53:29,084] {scheduler_job.py:190} INFO - Processing /usr/local/lib/python3.6/dist-packages/airflow/example_dags/example_bash_operator.py took 0.052 seconds
[2021-09-30 07:53:59,201] {scheduler_job.py:182} INFO - Started process (PID=1630) to work on /usr/local/lib/python3.6/dist-packages/airflow/example_dags/example_bash_operator.py
[2021-09-30 07:53:59,201] {scheduler_job.py:629} INFO - Processing file /usr/local/lib/python3.6/dist-packages/airflow/example_dags/example_bash_operator.py for tasks to queue
[2021-09-30 07:53:59,202] {logging_mixin.py:104} INFO - [2021-09-30 07:53:59,202] {dagbag.py:451} INFO - Filling up the DagBag from /usr/local/lib/python3.6/dist-packages/airflow/example_dags/example_bash_operator.py
[2021-09-30 07:53:59,211] {scheduler_job.py:639} INFO - DAG(s) dict_keys(['example_bash_operator']) retrieved from /usr/local/lib/python3.6/dist-packages/airflow/example_dags/example_bash_operator.py
[2021-09-30 07:53:59,226] {logging_mixin.py:104} INFO - [2021-09-30 07:53:59,226] {dag.py:1824} INFO - Sync 1 DAGs
[2021-09-30 07:53:59,242] {logging_mixin.py:104} INFO - [2021-09-30 07:53:59,242] {dag.py:2280} INFO - Setting next_dagrun for example_bash_operator to 2021-09-28 00:00:00+00:00
[2021-09-30 07:53:59,250] {scheduler_job.py:190} INFO - Processing /usr/local/lib/python3.6/dist-packages/airflow/example_dags/example_bash_operator.py took 0.052 seconds
[2021-09-30 07:54:29,584] {scheduler_job.py:182} INFO - Started process (PID=1704) to work on /usr/local/lib/python3.6/dist-packages/airflow/example_dags/example_bash_operator.py
[2021-09-30 07:54:29,585] {scheduler_job.py:629} INFO - Processing file /usr/local/lib/python3.6/dist-packages/airflow/example_dags/example_bash_operator.py for tasks to queue
[2021-09-30 07:54:29,585] {logging_mixin.py:104} INFO - [2021-09-30 07:54:29,585] {dagbag.py:451} INFO - Filling up the DagBag from /usr/local/lib/python3.6/dist-packages/airflow/example_dags/example_bash_operator.py
[2021-09-30 07:54:29,596] {scheduler_job.py:639} INFO - DAG(s) dict_keys(['example_bash_operator']) retrieved from /usr/local/lib/python3.6/dist-packages/airflow/example_dags/example_bash_operator.py
[2021-09-30 07:54:29,613] {logging_mixin.py:104} INFO - [2021-09-30 07:54:29,612] {dag.py:1824} INFO - Sync 1 DAGs
[2021-09-30 07:54:29,631] {logging_mixin.py:104} INFO - [2021-09-30 07:54:29,631] {dag.py:2280} INFO - Setting next_dagrun for example_bash_operator to 2021-09-28 00:00:00+00:00
[2021-09-30 07:54:29,638] {scheduler_job.py:190} INFO - Processing /usr/local/lib/python3.6/dist-packages/airflow/example_dags/example_bash_operator.py took 0.056 seconds
[2021-09-30 07:54:59,908] {scheduler_job.py:182} INFO - Started process (PID=1779) to work on /usr/local/lib/python3.6/dist-packages/airflow/example_dags/example_bash_operator.py
[2021-09-30 07:54:59,908] {scheduler_job.py:629} INFO - Processing file /usr/local/lib/python3.6/dist-packages/airflow/example_dags/example_bash_operator.py for tasks to queue
[2021-09-30 07:54:59,909] {logging_mixin.py:104} INFO - [2021-09-30 07:54:59,909] {dagbag.py:451} INFO - Filling up the DagBag from /usr/local/lib/python3.6/dist-packages/airflow/example_dags/example_bash_operator.py
[2021-09-30 07:54:59,918] {scheduler_job.py:639} INFO - DAG(s) dict_keys(['example_bash_operator']) retrieved from /usr/local/lib/python3.6/dist-packages/airflow/example_dags/example_bash_operator.py
[2021-09-30 07:54:59,934] {logging_mixin.py:104} INFO - [2021-09-30 07:54:59,934] {dag.py:1824} INFO - Sync 1 DAGs
[2021-09-30 07:54:59,955] {logging_mixin.py:104} INFO - [2021-09-30 07:54:59,955] {dag.py:2280} INFO - Setting next_dagrun for example_bash_operator to 2021-09-28 00:00:00+00:00
[2021-09-30 07:54:59,963] {scheduler_job.py:190} INFO - Processing /usr/local/lib/python3.6/dist-packages/airflow/example_dags/example_bash_operator.py took 0.058 seconds
[2021-09-30 07:55:30,140] {scheduler_job.py:182} INFO - Started process (PID=1853) to work on /usr/local/lib/python3.6/dist-packages/airflow/example_dags/example_bash_operator.py
[2021-09-30 07:55:30,141] {scheduler_job.py:629} INFO - Processing file /usr/local/lib/python3.6/dist-packages/airflow/example_dags/example_bash_operator.py for tasks to queue
[2021-09-30 07:55:30,141] {logging_mixin.py:104} INFO - [2021-09-30 07:55:30,141] {dagbag.py:451} INFO - Filling up the DagBag from /usr/local/lib/python3.6/dist-packages/airflow/example_dags/example_bash_operator.py
[2021-09-30 07:55:30,151] {scheduler_job.py:639} INFO - DAG(s) dict_keys(['example_bash_operator']) retrieved from /usr/local/lib/python3.6/dist-packages/airflow/example_dags/example_bash_operator.py
[2021-09-30 07:55:30,168] {logging_mixin.py:104} INFO - [2021-09-30 07:55:30,168] {dag.py:1824} INFO - Sync 1 DAGs
[2021-09-30 07:55:30,185] {logging_mixin.py:104} INFO - [2021-09-30 07:55:30,185] {dag.py:2280} INFO - Setting next_dagrun for example_bash_operator to 2021-09-28 00:00:00+00:00
[2021-09-30 07:55:30,193] {scheduler_job.py:190} INFO - Processing /usr/local/lib/python3.6/dist-packages/airflow/example_dags/example_bash_operator.py took 0.055 seconds
[2021-09-30 07:56:00,322] {scheduler_job.py:182} INFO - Started process (PID=1929) to work on /usr/local/lib/python3.6/dist-packages/airflow/example_dags/example_bash_operator.py
[2021-09-30 07:56:00,323] {scheduler_job.py:629} INFO - Processing file /usr/local/lib/python3.6/dist-packages/airflow/example_dags/example_bash_operator.py for tasks to queue
[2021-09-30 07:56:00,324] {logging_mixin.py:104} INFO - [2021-09-30 07:56:00,324] {dagbag.py:451} INFO - Filling up the DagBag from /usr/local/lib/python3.6/dist-packages/airflow/example_dags/example_bash_operator.py
[2021-09-30 07:56:00,333] {scheduler_job.py:639} INFO - DAG(s) dict_keys(['example_bash_operator']) retrieved from /usr/local/lib/python3.6/dist-packages/airflow/example_dags/example_bash_operator.py
[2021-09-30 07:56:00,350] {logging_mixin.py:104} INFO - [2021-09-30 07:56:00,349] {dag.py:1824} INFO - Sync 1 DAGs
[2021-09-30 07:56:00,368] {logging_mixin.py:104} INFO - [2021-09-30 07:56:00,368] {dag.py:2280} INFO - Setting next_dagrun for example_bash_operator to 2021-09-28 00:00:00+00:00
[2021-09-30 07:56:00,376] {scheduler_job.py:190} INFO - Processing /usr/local/lib/python3.6/dist-packages/airflow/example_dags/example_bash_operator.py took 0.056 seconds
[2021-09-30 07:56:30,389] {scheduler_job.py:182} INFO - Started process (PID=2005) to work on /usr/local/lib/python3.6/dist-packages/airflow/example_dags/example_bash_operator.py
[2021-09-30 07:56:30,390] {scheduler_job.py:629} INFO - Processing file /usr/local/lib/python3.6/dist-packages/airflow/example_dags/example_bash_operator.py for tasks to queue
[2021-09-30 07:56:30,390] {logging_mixin.py:104} INFO - [2021-09-30 07:56:30,390] {dagbag.py:451} INFO - Filling up the DagBag from /usr/local/lib/python3.6/dist-packages/airflow/example_dags/example_bash_operator.py
[2021-09-30 07:56:30,398] {scheduler_job.py:639} INFO - DAG(s) dict_keys(['example_bash_operator']) retrieved from /usr/local/lib/python3.6/dist-packages/airflow/example_dags/example_bash_operator.py
[2021-09-30 07:56:30,415] {logging_mixin.py:104} INFO - [2021-09-30 07:56:30,415] {dag.py:1824} INFO - Sync 1 DAGs
[2021-09-30 07:56:30,430] {logging_mixin.py:104} INFO - [2021-09-30 07:56:30,430] {dag.py:2280} INFO - Setting next_dagrun for example_bash_operator to 2021-09-28 00:00:00+00:00
[2021-09-30 07:56:30,437] {scheduler_job.py:190} INFO - Processing /usr/local/lib/python3.6/dist-packages/airflow/example_dags/example_bash_operator.py took 0.050 seconds
[2021-09-30 07:57:01,193] {scheduler_job.py:182} INFO - Started process (PID=2079) to work on /usr/local/lib/python3.6/dist-packages/airflow/example_dags/example_bash_operator.py
[2021-09-30 07:57:01,193] {scheduler_job.py:629} INFO - Processing file /usr/local/lib/python3.6/dist-packages/airflow/example_dags/example_bash_operator.py for tasks to queue
[2021-09-30 07:57:01,194] {logging_mixin.py:104} INFO - [2021-09-30 07:57:01,194] {dagbag.py:451} INFO - Filling up the DagBag from /usr/local/lib/python3.6/dist-packages/airflow/example_dags/example_bash_operator.py
[2021-09-30 07:57:01,203] {scheduler_job.py:639} INFO - DAG(s) dict_keys(['example_bash_operator']) retrieved from /usr/local/lib/python3.6/dist-packages/airflow/example_dags/example_bash_operator.py
[2021-09-30 07:57:01,219] {logging_mixin.py:104} INFO - [2021-09-30 07:57:01,219] {dag.py:1824} INFO - Sync 1 DAGs
[2021-09-30 07:57:01,237] {logging_mixin.py:104} INFO - [2021-09-30 07:57:01,237] {dag.py:2280} INFO - Setting next_dagrun for example_bash_operator to 2021-09-28 00:00:00+00:00
[2021-09-30 07:57:01,244] {scheduler_job.py:190} INFO - Processing /usr/local/lib/python3.6/dist-packages/airflow/example_dags/example_bash_operator.py took 0.053 seconds
[2021-09-30 07:57:32,114] {scheduler_job.py:182} INFO - Started process (PID=2153) to work on /usr/local/lib/python3.6/dist-packages/airflow/example_dags/example_bash_operator.py
[2021-09-30 07:57:32,114] {scheduler_job.py:629} INFO - Processing file /usr/local/lib/python3.6/dist-packages/airflow/example_dags/example_bash_operator.py for tasks to queue
[2021-09-30 07:57:32,115] {logging_mixin.py:104} INFO - [2021-09-30 07:57:32,115] {dagbag.py:451} INFO - Filling up the DagBag from /usr/local/lib/python3.6/dist-packages/airflow/example_dags/example_bash_operator.py
[2021-09-30 07:57:32,129] {scheduler_job.py:639} INFO - DAG(s) dict_keys(['example_bash_operator']) retrieved from /usr/local/lib/python3.6/dist-packages/airflow/example_dags/example_bash_operator.py
[2021-09-30 07:57:32,146] {logging_mixin.py:104} INFO - [2021-09-30 07:57:32,146] {dag.py:1824} INFO - Sync 1 DAGs
[2021-09-30 07:57:32,165] {logging_mixin.py:104} INFO - [2021-09-30 07:57:32,165] {dag.py:2280} INFO - Setting next_dagrun for example_bash_operator to 2021-09-28 00:00:00+00:00
[2021-09-30 07:57:32,174] {scheduler_job.py:190} INFO - Processing /usr/local/lib/python3.6/dist-packages/airflow/example_dags/example_bash_operator.py took 0.063 seconds
[2021-09-30 07:58:03,173] {scheduler_job.py:182} INFO - Started process (PID=2237) to work on /usr/local/lib/python3.6/dist-packages/airflow/example_dags/example_bash_operator.py
[2021-09-30 07:58:03,174] {scheduler_job.py:629} INFO - Processing file /usr/local/lib/python3.6/dist-packages/airflow/example_dags/example_bash_operator.py for tasks to queue
[2021-09-30 07:58:03,174] {logging_mixin.py:104} INFO - [2021-09-30 07:58:03,174] {dagbag.py:451} INFO - Filling up the DagBag from /usr/local/lib/python3.6/dist-packages/airflow/example_dags/example_bash_operator.py
[2021-09-30 07:58:03,183] {scheduler_job.py:639} INFO - DAG(s) dict_keys(['example_bash_operator']) retrieved from /usr/local/lib/python3.6/dist-packages/airflow/example_dags/example_bash_operator.py
[2021-09-30 07:58:03,200] {logging_mixin.py:104} INFO - [2021-09-30 07:58:03,200] {dag.py:1824} INFO - Sync 1 DAGs
[2021-09-30 07:58:03,217] {logging_mixin.py:104} INFO - [2021-09-30 07:58:03,217] {dag.py:2280} INFO - Setting next_dagrun for example_bash_operator to 2021-09-28 00:00:00+00:00
[2021-09-30 07:58:03,225] {scheduler_job.py:190} INFO - Processing /usr/local/lib/python3.6/dist-packages/airflow/example_dags/example_bash_operator.py took 0.053 seconds
[2021-09-30 07:58:33,275] {scheduler_job.py:182} INFO - Started process (PID=2303) to work on /usr/local/lib/python3.6/dist-packages/airflow/example_dags/example_bash_operator.py
[2021-09-30 07:58:33,276] {scheduler_job.py:629} INFO - Processing file /usr/local/lib/python3.6/dist-packages/airflow/example_dags/example_bash_operator.py for tasks to queue
[2021-09-30 07:58:33,277] {logging_mixin.py:104} INFO - [2021-09-30 07:58:33,277] {dagbag.py:451} INFO - Filling up the DagBag from /usr/local/lib/python3.6/dist-packages/airflow/example_dags/example_bash_operator.py
[2021-09-30 07:58:33,287] {scheduler_job.py:639} INFO - DAG(s) dict_keys(['example_bash_operator']) retrieved from /usr/local/lib/python3.6/dist-packages/airflow/example_dags/example_bash_operator.py
[2021-09-30 07:58:33,312] {logging_mixin.py:104} INFO - [2021-09-30 07:58:33,312] {dag.py:1824} INFO - Sync 1 DAGs
[2021-09-30 07:58:33,331] {logging_mixin.py:104} INFO - [2021-09-30 07:58:33,331] {dag.py:2280} INFO - Setting next_dagrun for example_bash_operator to 2021-09-28 00:00:00+00:00
[2021-09-30 07:58:33,340] {scheduler_job.py:190} INFO - Processing /usr/local/lib/python3.6/dist-packages/airflow/example_dags/example_bash_operator.py took 0.068 seconds
[2021-09-30 07:59:03,465] {scheduler_job.py:182} INFO - Started process (PID=2379) to work on /usr/local/lib/python3.6/dist-packages/airflow/example_dags/example_bash_operator.py
[2021-09-30 07:59:03,466] {scheduler_job.py:629} INFO - Processing file /usr/local/lib/python3.6/dist-packages/airflow/example_dags/example_bash_operator.py for tasks to queue
[2021-09-30 07:59:03,466] {logging_mixin.py:104} INFO - [2021-09-30 07:59:03,466] {dagbag.py:451} INFO - Filling up the DagBag from /usr/local/lib/python3.6/dist-packages/airflow/example_dags/example_bash_operator.py
[2021-09-30 07:59:03,477] {scheduler_job.py:639} INFO - DAG(s) dict_keys(['example_bash_operator']) retrieved from /usr/local/lib/python3.6/dist-packages/airflow/example_dags/example_bash_operator.py
[2021-09-30 07:59:03,492] {logging_mixin.py:104} INFO - [2021-09-30 07:59:03,492] {dag.py:1824} INFO - Sync 1 DAGs
[2021-09-30 07:59:03,511] {logging_mixin.py:104} INFO - [2021-09-30 07:59:03,511] {dag.py:2280} INFO - Setting next_dagrun for example_bash_operator to 2021-09-28 00:00:00+00:00
[2021-09-30 07:59:03,521] {scheduler_job.py:190} INFO - Processing /usr/local/lib/python3.6/dist-packages/airflow/example_dags/example_bash_operator.py took 0.059 seconds
[2021-09-30 07:59:33,714] {scheduler_job.py:182} INFO - Started process (PID=2453) to work on /usr/local/lib/python3.6/dist-packages/airflow/example_dags/example_bash_operator.py
[2021-09-30 07:59:33,715] {scheduler_job.py:629} INFO - Processing file /usr/local/lib/python3.6/dist-packages/airflow/example_dags/example_bash_operator.py for tasks to queue
[2021-09-30 07:59:33,715] {logging_mixin.py:104} INFO - [2021-09-30 07:59:33,715] {dagbag.py:451} INFO - Filling up the DagBag from /usr/local/lib/python3.6/dist-packages/airflow/example_dags/example_bash_operator.py
[2021-09-30 07:59:33,725] {scheduler_job.py:639} INFO - DAG(s) dict_keys(['example_bash_operator']) retrieved from /usr/local/lib/python3.6/dist-packages/airflow/example_dags/example_bash_operator.py
[2021-09-30 07:59:33,739] {logging_mixin.py:104} INFO - [2021-09-30 07:59:33,739] {dag.py:1824} INFO - Sync 1 DAGs
[2021-09-30 07:59:33,757] {logging_mixin.py:104} INFO - [2021-09-30 07:59:33,757] {dag.py:2280} INFO - Setting next_dagrun for example_bash_operator to 2021-09-28 00:00:00+00:00
[2021-09-30 07:59:33,765] {scheduler_job.py:190} INFO - Processing /usr/local/lib/python3.6/dist-packages/airflow/example_dags/example_bash_operator.py took 0.053 seconds
[2021-09-30 08:00:03,936] {scheduler_job.py:182} INFO - Started process (PID=2529) to work on /usr/local/lib/python3.6/dist-packages/airflow/example_dags/example_bash_operator.py
[2021-09-30 08:00:03,936] {scheduler_job.py:629} INFO - Processing file /usr/local/lib/python3.6/dist-packages/airflow/example_dags/example_bash_operator.py for tasks to queue
[2021-09-30 08:00:03,936] {logging_mixin.py:104} INFO - [2021-09-30 08:00:03,936] {dagbag.py:451} INFO - Filling up the DagBag from /usr/local/lib/python3.6/dist-packages/airflow/example_dags/example_bash_operator.py
[2021-09-30 08:00:03,945] {scheduler_job.py:639} INFO - DAG(s) dict_keys(['example_bash_operator']) retrieved from /usr/local/lib/python3.6/dist-packages/airflow/example_dags/example_bash_operator.py
[2021-09-30 08:00:03,960] {logging_mixin.py:104} INFO - [2021-09-30 08:00:03,960] {dag.py:1824} INFO - Sync 1 DAGs
[2021-09-30 08:00:03,978] {logging_mixin.py:104} INFO - [2021-09-30 08:00:03,978] {dag.py:2280} INFO - Setting next_dagrun for example_bash_operator to 2021-09-28 00:00:00+00:00
[2021-09-30 08:00:03,987] {scheduler_job.py:190} INFO - Processing /usr/local/lib/python3.6/dist-packages/airflow/example_dags/example_bash_operator.py took 0.053 seconds
[2021-09-30 08:00:34,087] {scheduler_job.py:182} INFO - Started process (PID=2603) to work on /usr/local/lib/python3.6/dist-packages/airflow/example_dags/example_bash_operator.py
[2021-09-30 08:00:34,087] {scheduler_job.py:629} INFO - Processing file /usr/local/lib/python3.6/dist-packages/airflow/example_dags/example_bash_operator.py for tasks to queue
[2021-09-30 08:00:34,088] {logging_mixin.py:104} INFO - [2021-09-30 08:00:34,088] {dagbag.py:451} INFO - Filling up the DagBag from /usr/local/lib/python3.6/dist-packages/airflow/example_dags/example_bash_operator.py
[2021-09-30 08:00:34,097] {scheduler_job.py:639} INFO - DAG(s) dict_keys(['example_bash_operator']) retrieved from /usr/local/lib/python3.6/dist-packages/airflow/example_dags/example_bash_operator.py
[2021-09-30 08:00:34,112] {logging_mixin.py:104} INFO - [2021-09-30 08:00:34,112] {dag.py:1824} INFO - Sync 1 DAGs
[2021-09-30 08:00:34,130] {logging_mixin.py:104} INFO - [2021-09-30 08:00:34,130] {dag.py:2280} INFO - Setting next_dagrun for example_bash_operator to 2021-09-28 00:00:00+00:00
[2021-09-30 08:00:34,137] {scheduler_job.py:190} INFO - Processing /usr/local/lib/python3.6/dist-packages/airflow/example_dags/example_bash_operator.py took 0.052 seconds
[2021-09-30 08:01:04,186] {scheduler_job.py:182} INFO - Started process (PID=2681) to work on /usr/local/lib/python3.6/dist-packages/airflow/example_dags/example_bash_operator.py
[2021-09-30 08:01:04,189] {scheduler_job.py:629} INFO - Processing file /usr/local/lib/python3.6/dist-packages/airflow/example_dags/example_bash_operator.py for tasks to queue
[2021-09-30 08:01:04,189] {logging_mixin.py:104} INFO - [2021-09-30 08:01:04,189] {dagbag.py:451} INFO - Filling up the DagBag from /usr/local/lib/python3.6/dist-packages/airflow/example_dags/example_bash_operator.py
[2021-09-30 08:01:04,197] {scheduler_job.py:639} INFO - DAG(s) dict_keys(['example_bash_operator']) retrieved from /usr/local/lib/python3.6/dist-packages/airflow/example_dags/example_bash_operator.py
[2021-09-30 08:01:04,211] {logging_mixin.py:104} INFO - [2021-09-30 08:01:04,211] {dag.py:1824} INFO - Sync 1 DAGs
[2021-09-30 08:01:04,227] {logging_mixin.py:104} INFO - [2021-09-30 08:01:04,226] {dag.py:2280} INFO - Setting next_dagrun for example_bash_operator to 2021-09-28 00:00:00+00:00
[2021-09-30 08:01:04,235] {scheduler_job.py:190} INFO - Processing /usr/local/lib/python3.6/dist-packages/airflow/example_dags/example_bash_operator.py took 0.050 seconds
[2021-09-30 08:01:34,667] {scheduler_job.py:182} INFO - Started process (PID=2757) to work on /usr/local/lib/python3.6/dist-packages/airflow/example_dags/example_bash_operator.py
[2021-09-30 08:01:34,668] {scheduler_job.py:629} INFO - Processing file /usr/local/lib/python3.6/dist-packages/airflow/example_dags/example_bash_operator.py for tasks to queue
[2021-09-30 08:01:34,668] {logging_mixin.py:104} INFO - [2021-09-30 08:01:34,668] {dagbag.py:451} INFO - Filling up the DagBag from /usr/local/lib/python3.6/dist-packages/airflow/example_dags/example_bash_operator.py
[2021-09-30 08:01:34,678] {scheduler_job.py:639} INFO - DAG(s) dict_keys(['example_bash_operator']) retrieved from /usr/local/lib/python3.6/dist-packages/airflow/example_dags/example_bash_operator.py
[2021-09-30 08:01:34,697] {logging_mixin.py:104} INFO - [2021-09-30 08:01:34,697] {dag.py:1824} INFO - Sync 1 DAGs
[2021-09-30 08:01:34,719] {logging_mixin.py:104} INFO - [2021-09-30 08:01:34,719] {dag.py:2280} INFO - Setting next_dagrun for example_bash_operator to 2021-09-28 00:00:00+00:00
[2021-09-30 08:01:34,729] {scheduler_job.py:190} INFO - Processing /usr/local/lib/python3.6/dist-packages/airflow/example_dags/example_bash_operator.py took 0.064 seconds
[2021-09-30 08:02:05,678] {scheduler_job.py:182} INFO - Started process (PID=2823) to work on /usr/local/lib/python3.6/dist-packages/airflow/example_dags/example_bash_operator.py
[2021-09-30 08:02:05,679] {scheduler_job.py:629} INFO - Processing file /usr/local/lib/python3.6/dist-packages/airflow/example_dags/example_bash_operator.py for tasks to queue
[2021-09-30 08:02:05,679] {logging_mixin.py:104} INFO - [2021-09-30 08:02:05,679] {dagbag.py:451} INFO - Filling up the DagBag from /usr/local/lib/python3.6/dist-packages/airflow/example_dags/example_bash_operator.py
[2021-09-30 08:02:05,689] {scheduler_job.py:639} INFO - DAG(s) dict_keys(['example_bash_operator']) retrieved from /usr/local/lib/python3.6/dist-packages/airflow/example_dags/example_bash_operator.py
[2021-09-30 08:02:05,706] {logging_mixin.py:104} INFO - [2021-09-30 08:02:05,705] {dag.py:1824} INFO - Sync 1 DAGs
[2021-09-30 08:02:05,722] {logging_mixin.py:104} INFO - [2021-09-30 08:02:05,722] {dag.py:2280} INFO - Setting next_dagrun for example_bash_operator to 2021-09-28 00:00:00+00:00
[2021-09-30 08:02:05,729] {scheduler_job.py:190} INFO - Processing /usr/local/lib/python3.6/dist-packages/airflow/example_dags/example_bash_operator.py took 0.054 seconds
