[2021-09-30 07:30:45,053] {scheduler_job.py:182} INFO - Started process (PID=51) to work on /usr/local/lib/python3.6/dist-packages/airflow/example_dags/example_short_circuit_operator.py
[2021-09-30 07:30:45,054] {scheduler_job.py:629} INFO - Processing file /usr/local/lib/python3.6/dist-packages/airflow/example_dags/example_short_circuit_operator.py for tasks to queue
[2021-09-30 07:30:45,054] {logging_mixin.py:104} INFO - [2021-09-30 07:30:45,054] {dagbag.py:451} INFO - Filling up the DagBag from /usr/local/lib/python3.6/dist-packages/airflow/example_dags/example_short_circuit_operator.py
[2021-09-30 07:30:45,065] {scheduler_job.py:639} INFO - DAG(s) dict_keys(['example_short_circuit_operator']) retrieved from /usr/local/lib/python3.6/dist-packages/airflow/example_dags/example_short_circuit_operator.py
[2021-09-30 07:30:45,081] {logging_mixin.py:104} INFO - [2021-09-30 07:30:45,081] {dag.py:1824} INFO - Sync 1 DAGs
[2021-09-30 07:30:45,094] {logging_mixin.py:104} INFO - [2021-09-30 07:30:45,094] {dag.py:2280} INFO - Setting next_dagrun for example_short_circuit_operator to 2021-09-28 00:00:00+00:00
[2021-09-30 07:30:45,102] {scheduler_job.py:190} INFO - Processing /usr/local/lib/python3.6/dist-packages/airflow/example_dags/example_short_circuit_operator.py took 0.051 seconds
[2021-09-30 07:31:15,301] {scheduler_job.py:182} INFO - Started process (PID=220) to work on /usr/local/lib/python3.6/dist-packages/airflow/example_dags/example_short_circuit_operator.py
[2021-09-30 07:31:15,302] {scheduler_job.py:629} INFO - Processing file /usr/local/lib/python3.6/dist-packages/airflow/example_dags/example_short_circuit_operator.py for tasks to queue
[2021-09-30 07:31:15,302] {logging_mixin.py:104} INFO - [2021-09-30 07:31:15,302] {dagbag.py:451} INFO - Filling up the DagBag from /usr/local/lib/python3.6/dist-packages/airflow/example_dags/example_short_circuit_operator.py
[2021-09-30 07:31:15,312] {scheduler_job.py:639} INFO - DAG(s) dict_keys(['example_short_circuit_operator']) retrieved from /usr/local/lib/python3.6/dist-packages/airflow/example_dags/example_short_circuit_operator.py
[2021-09-30 07:31:15,337] {logging_mixin.py:104} INFO - [2021-09-30 07:31:15,337] {dag.py:1824} INFO - Sync 1 DAGs
[2021-09-30 07:31:15,352] {logging_mixin.py:104} INFO - [2021-09-30 07:31:15,352] {dag.py:2280} INFO - Setting next_dagrun for example_short_circuit_operator to 2021-09-28 00:00:00+00:00
[2021-09-30 07:31:15,364] {scheduler_job.py:190} INFO - Processing /usr/local/lib/python3.6/dist-packages/airflow/example_dags/example_short_circuit_operator.py took 0.065 seconds
[2021-09-30 07:31:45,407] {scheduler_job.py:182} INFO - Started process (PID=295) to work on /usr/local/lib/python3.6/dist-packages/airflow/example_dags/example_short_circuit_operator.py
[2021-09-30 07:31:45,408] {scheduler_job.py:629} INFO - Processing file /usr/local/lib/python3.6/dist-packages/airflow/example_dags/example_short_circuit_operator.py for tasks to queue
[2021-09-30 07:31:45,408] {logging_mixin.py:104} INFO - [2021-09-30 07:31:45,408] {dagbag.py:451} INFO - Filling up the DagBag from /usr/local/lib/python3.6/dist-packages/airflow/example_dags/example_short_circuit_operator.py
[2021-09-30 07:31:45,416] {scheduler_job.py:639} INFO - DAG(s) dict_keys(['example_short_circuit_operator']) retrieved from /usr/local/lib/python3.6/dist-packages/airflow/example_dags/example_short_circuit_operator.py
[2021-09-30 07:31:45,429] {logging_mixin.py:104} INFO - [2021-09-30 07:31:45,429] {dag.py:1824} INFO - Sync 1 DAGs
[2021-09-30 07:31:45,442] {logging_mixin.py:104} INFO - [2021-09-30 07:31:45,442] {dag.py:2280} INFO - Setting next_dagrun for example_short_circuit_operator to 2021-09-28 00:00:00+00:00
[2021-09-30 07:31:45,448] {scheduler_job.py:190} INFO - Processing /usr/local/lib/python3.6/dist-packages/airflow/example_dags/example_short_circuit_operator.py took 0.043 seconds
[2021-09-30 07:32:15,893] {scheduler_job.py:182} INFO - Started process (PID=372) to work on /usr/local/lib/python3.6/dist-packages/airflow/example_dags/example_short_circuit_operator.py
[2021-09-30 07:32:15,894] {scheduler_job.py:629} INFO - Processing file /usr/local/lib/python3.6/dist-packages/airflow/example_dags/example_short_circuit_operator.py for tasks to queue
[2021-09-30 07:32:15,894] {logging_mixin.py:104} INFO - [2021-09-30 07:32:15,894] {dagbag.py:451} INFO - Filling up the DagBag from /usr/local/lib/python3.6/dist-packages/airflow/example_dags/example_short_circuit_operator.py
[2021-09-30 07:32:15,901] {scheduler_job.py:639} INFO - DAG(s) dict_keys(['example_short_circuit_operator']) retrieved from /usr/local/lib/python3.6/dist-packages/airflow/example_dags/example_short_circuit_operator.py
[2021-09-30 07:32:15,912] {logging_mixin.py:104} INFO - [2021-09-30 07:32:15,912] {dag.py:1824} INFO - Sync 1 DAGs
[2021-09-30 07:32:15,920] {logging_mixin.py:104} INFO - [2021-09-30 07:32:15,920] {dag.py:2280} INFO - Setting next_dagrun for example_short_circuit_operator to 2021-09-28 00:00:00+00:00
[2021-09-30 07:32:15,925] {scheduler_job.py:190} INFO - Processing /usr/local/lib/python3.6/dist-packages/airflow/example_dags/example_short_circuit_operator.py took 0.034 seconds
[2021-09-30 07:32:46,567] {scheduler_job.py:182} INFO - Started process (PID=457) to work on /usr/local/lib/python3.6/dist-packages/airflow/example_dags/example_short_circuit_operator.py
[2021-09-30 07:32:46,567] {scheduler_job.py:629} INFO - Processing file /usr/local/lib/python3.6/dist-packages/airflow/example_dags/example_short_circuit_operator.py for tasks to queue
[2021-09-30 07:32:46,568] {logging_mixin.py:104} INFO - [2021-09-30 07:32:46,568] {dagbag.py:451} INFO - Filling up the DagBag from /usr/local/lib/python3.6/dist-packages/airflow/example_dags/example_short_circuit_operator.py
[2021-09-30 07:32:46,576] {scheduler_job.py:639} INFO - DAG(s) dict_keys(['example_short_circuit_operator']) retrieved from /usr/local/lib/python3.6/dist-packages/airflow/example_dags/example_short_circuit_operator.py
[2021-09-30 07:32:46,595] {logging_mixin.py:104} INFO - [2021-09-30 07:32:46,595] {dag.py:1824} INFO - Sync 1 DAGs
[2021-09-30 07:32:46,609] {logging_mixin.py:104} INFO - [2021-09-30 07:32:46,609] {dag.py:2280} INFO - Setting next_dagrun for example_short_circuit_operator to 2021-09-28 00:00:00+00:00
[2021-09-30 07:32:46,615] {scheduler_job.py:190} INFO - Processing /usr/local/lib/python3.6/dist-packages/airflow/example_dags/example_short_circuit_operator.py took 0.050 seconds
[2021-09-30 07:33:16,647] {scheduler_job.py:182} INFO - Started process (PID=550) to work on /usr/local/lib/python3.6/dist-packages/airflow/example_dags/example_short_circuit_operator.py
[2021-09-30 07:33:16,648] {scheduler_job.py:629} INFO - Processing file /usr/local/lib/python3.6/dist-packages/airflow/example_dags/example_short_circuit_operator.py for tasks to queue
[2021-09-30 07:33:16,648] {logging_mixin.py:104} INFO - [2021-09-30 07:33:16,648] {dagbag.py:451} INFO - Filling up the DagBag from /usr/local/lib/python3.6/dist-packages/airflow/example_dags/example_short_circuit_operator.py
[2021-09-30 07:33:16,656] {scheduler_job.py:639} INFO - DAG(s) dict_keys(['example_short_circuit_operator']) retrieved from /usr/local/lib/python3.6/dist-packages/airflow/example_dags/example_short_circuit_operator.py
[2021-09-30 07:33:16,668] {logging_mixin.py:104} INFO - [2021-09-30 07:33:16,668] {dag.py:1824} INFO - Sync 1 DAGs
[2021-09-30 07:33:16,677] {logging_mixin.py:104} INFO - [2021-09-30 07:33:16,677] {dag.py:2280} INFO - Setting next_dagrun for example_short_circuit_operator to 2021-09-28 00:00:00+00:00
[2021-09-30 07:33:16,683] {scheduler_job.py:190} INFO - Processing /usr/local/lib/python3.6/dist-packages/airflow/example_dags/example_short_circuit_operator.py took 0.038 seconds
[2021-09-30 07:33:43,836] {scheduler_job.py:182} INFO - Started process (PID=88) to work on /usr/local/lib/python3.6/dist-packages/airflow/example_dags/example_short_circuit_operator.py
[2021-09-30 07:33:43,836] {scheduler_job.py:629} INFO - Processing file /usr/local/lib/python3.6/dist-packages/airflow/example_dags/example_short_circuit_operator.py for tasks to queue
[2021-09-30 07:33:43,836] {logging_mixin.py:104} INFO - [2021-09-30 07:33:43,836] {dagbag.py:451} INFO - Filling up the DagBag from /usr/local/lib/python3.6/dist-packages/airflow/example_dags/example_short_circuit_operator.py
[2021-09-30 07:33:43,843] {scheduler_job.py:639} INFO - DAG(s) dict_keys(['example_short_circuit_operator']) retrieved from /usr/local/lib/python3.6/dist-packages/airflow/example_dags/example_short_circuit_operator.py
[2021-09-30 07:33:43,855] {logging_mixin.py:104} INFO - [2021-09-30 07:33:43,855] {dag.py:1824} INFO - Sync 1 DAGs
[2021-09-30 07:33:43,863] {logging_mixin.py:104} INFO - [2021-09-30 07:33:43,863] {dag.py:2280} INFO - Setting next_dagrun for example_short_circuit_operator to 2021-09-28 00:00:00+00:00
[2021-09-30 07:33:43,869] {scheduler_job.py:190} INFO - Processing /usr/local/lib/python3.6/dist-packages/airflow/example_dags/example_short_circuit_operator.py took 0.035 seconds
[2021-09-30 07:34:14,671] {scheduler_job.py:182} INFO - Started process (PID=206) to work on /usr/local/lib/python3.6/dist-packages/airflow/example_dags/example_short_circuit_operator.py
[2021-09-30 07:34:14,671] {scheduler_job.py:629} INFO - Processing file /usr/local/lib/python3.6/dist-packages/airflow/example_dags/example_short_circuit_operator.py for tasks to queue
[2021-09-30 07:34:14,672] {logging_mixin.py:104} INFO - [2021-09-30 07:34:14,672] {dagbag.py:451} INFO - Filling up the DagBag from /usr/local/lib/python3.6/dist-packages/airflow/example_dags/example_short_circuit_operator.py
[2021-09-30 07:34:14,683] {scheduler_job.py:639} INFO - DAG(s) dict_keys(['example_short_circuit_operator']) retrieved from /usr/local/lib/python3.6/dist-packages/airflow/example_dags/example_short_circuit_operator.py
[2021-09-30 07:34:14,704] {logging_mixin.py:104} INFO - [2021-09-30 07:34:14,704] {dag.py:1824} INFO - Sync 1 DAGs
[2021-09-30 07:34:14,727] {logging_mixin.py:104} INFO - [2021-09-30 07:34:14,727] {dag.py:2280} INFO - Setting next_dagrun for example_short_circuit_operator to 2021-09-28 00:00:00+00:00
[2021-09-30 07:34:14,735] {scheduler_job.py:190} INFO - Processing /usr/local/lib/python3.6/dist-packages/airflow/example_dags/example_short_circuit_operator.py took 0.067 seconds
[2021-09-30 07:34:44,770] {scheduler_job.py:182} INFO - Started process (PID=281) to work on /usr/local/lib/python3.6/dist-packages/airflow/example_dags/example_short_circuit_operator.py
[2021-09-30 07:34:44,771] {scheduler_job.py:629} INFO - Processing file /usr/local/lib/python3.6/dist-packages/airflow/example_dags/example_short_circuit_operator.py for tasks to queue
[2021-09-30 07:34:44,771] {logging_mixin.py:104} INFO - [2021-09-30 07:34:44,771] {dagbag.py:451} INFO - Filling up the DagBag from /usr/local/lib/python3.6/dist-packages/airflow/example_dags/example_short_circuit_operator.py
[2021-09-30 07:34:44,778] {scheduler_job.py:639} INFO - DAG(s) dict_keys(['example_short_circuit_operator']) retrieved from /usr/local/lib/python3.6/dist-packages/airflow/example_dags/example_short_circuit_operator.py
[2021-09-30 07:34:44,792] {logging_mixin.py:104} INFO - [2021-09-30 07:34:44,792] {dag.py:1824} INFO - Sync 1 DAGs
[2021-09-30 07:34:44,803] {logging_mixin.py:104} INFO - [2021-09-30 07:34:44,803] {dag.py:2280} INFO - Setting next_dagrun for example_short_circuit_operator to 2021-09-28 00:00:00+00:00
[2021-09-30 07:34:44,809] {scheduler_job.py:190} INFO - Processing /usr/local/lib/python3.6/dist-packages/airflow/example_dags/example_short_circuit_operator.py took 0.041 seconds
[2021-09-30 07:36:11,751] {scheduler_job.py:182} INFO - Started process (PID=59) to work on /usr/local/lib/python3.6/dist-packages/airflow/example_dags/example_short_circuit_operator.py
[2021-09-30 07:36:11,751] {scheduler_job.py:629} INFO - Processing file /usr/local/lib/python3.6/dist-packages/airflow/example_dags/example_short_circuit_operator.py for tasks to queue
[2021-09-30 07:36:11,752] {logging_mixin.py:104} INFO - [2021-09-30 07:36:11,752] {dagbag.py:451} INFO - Filling up the DagBag from /usr/local/lib/python3.6/dist-packages/airflow/example_dags/example_short_circuit_operator.py
[2021-09-30 07:36:11,761] {scheduler_job.py:639} INFO - DAG(s) dict_keys(['example_short_circuit_operator']) retrieved from /usr/local/lib/python3.6/dist-packages/airflow/example_dags/example_short_circuit_operator.py
[2021-09-30 07:36:11,775] {logging_mixin.py:104} INFO - [2021-09-30 07:36:11,775] {dag.py:1824} INFO - Sync 1 DAGs
[2021-09-30 07:36:11,785] {logging_mixin.py:104} INFO - [2021-09-30 07:36:11,784] {dag.py:2280} INFO - Setting next_dagrun for example_short_circuit_operator to 2021-09-28 00:00:00+00:00
[2021-09-30 07:36:11,791] {scheduler_job.py:190} INFO - Processing /usr/local/lib/python3.6/dist-packages/airflow/example_dags/example_short_circuit_operator.py took 0.041 seconds
[2021-09-30 07:36:42,636] {scheduler_job.py:182} INFO - Started process (PID=196) to work on /usr/local/lib/python3.6/dist-packages/airflow/example_dags/example_short_circuit_operator.py
[2021-09-30 07:36:42,637] {scheduler_job.py:629} INFO - Processing file /usr/local/lib/python3.6/dist-packages/airflow/example_dags/example_short_circuit_operator.py for tasks to queue
[2021-09-30 07:36:42,637] {logging_mixin.py:104} INFO - [2021-09-30 07:36:42,637] {dagbag.py:451} INFO - Filling up the DagBag from /usr/local/lib/python3.6/dist-packages/airflow/example_dags/example_short_circuit_operator.py
[2021-09-30 07:36:42,645] {scheduler_job.py:639} INFO - DAG(s) dict_keys(['example_short_circuit_operator']) retrieved from /usr/local/lib/python3.6/dist-packages/airflow/example_dags/example_short_circuit_operator.py
[2021-09-30 07:36:42,660] {logging_mixin.py:104} INFO - [2021-09-30 07:36:42,659] {dag.py:1824} INFO - Sync 1 DAGs
[2021-09-30 07:36:42,671] {logging_mixin.py:104} INFO - [2021-09-30 07:36:42,671] {dag.py:2280} INFO - Setting next_dagrun for example_short_circuit_operator to 2021-09-28 00:00:00+00:00
[2021-09-30 07:36:42,680] {scheduler_job.py:190} INFO - Processing /usr/local/lib/python3.6/dist-packages/airflow/example_dags/example_short_circuit_operator.py took 0.046 seconds
[2021-09-30 07:37:28,744] {scheduler_job.py:182} INFO - Started process (PID=45) to work on /usr/local/lib/python3.6/dist-packages/airflow/example_dags/example_short_circuit_operator.py
[2021-09-30 07:37:28,745] {scheduler_job.py:629} INFO - Processing file /usr/local/lib/python3.6/dist-packages/airflow/example_dags/example_short_circuit_operator.py for tasks to queue
[2021-09-30 07:37:28,745] {logging_mixin.py:104} INFO - [2021-09-30 07:37:28,745] {dagbag.py:451} INFO - Filling up the DagBag from /usr/local/lib/python3.6/dist-packages/airflow/example_dags/example_short_circuit_operator.py
[2021-09-30 07:37:28,757] {scheduler_job.py:639} INFO - DAG(s) dict_keys(['example_short_circuit_operator']) retrieved from /usr/local/lib/python3.6/dist-packages/airflow/example_dags/example_short_circuit_operator.py
[2021-09-30 07:37:28,778] {logging_mixin.py:104} INFO - [2021-09-30 07:37:28,777] {dag.py:1824} INFO - Sync 1 DAGs
[2021-09-30 07:37:28,791] {logging_mixin.py:104} INFO - [2021-09-30 07:37:28,791] {dag.py:2280} INFO - Setting next_dagrun for example_short_circuit_operator to 2021-09-28 00:00:00+00:00
[2021-09-30 07:37:28,799] {scheduler_job.py:190} INFO - Processing /usr/local/lib/python3.6/dist-packages/airflow/example_dags/example_short_circuit_operator.py took 0.057 seconds
[2021-09-30 07:37:58,856] {scheduler_job.py:182} INFO - Started process (PID=184) to work on /usr/local/lib/python3.6/dist-packages/airflow/example_dags/example_short_circuit_operator.py
[2021-09-30 07:37:58,857] {scheduler_job.py:629} INFO - Processing file /usr/local/lib/python3.6/dist-packages/airflow/example_dags/example_short_circuit_operator.py for tasks to queue
[2021-09-30 07:37:58,857] {logging_mixin.py:104} INFO - [2021-09-30 07:37:58,857] {dagbag.py:451} INFO - Filling up the DagBag from /usr/local/lib/python3.6/dist-packages/airflow/example_dags/example_short_circuit_operator.py
[2021-09-30 07:37:58,864] {scheduler_job.py:639} INFO - DAG(s) dict_keys(['example_short_circuit_operator']) retrieved from /usr/local/lib/python3.6/dist-packages/airflow/example_dags/example_short_circuit_operator.py
[2021-09-30 07:37:58,875] {logging_mixin.py:104} INFO - [2021-09-30 07:37:58,875] {dag.py:1824} INFO - Sync 1 DAGs
[2021-09-30 07:37:58,884] {logging_mixin.py:104} INFO - [2021-09-30 07:37:58,884] {dag.py:2280} INFO - Setting next_dagrun for example_short_circuit_operator to 2021-09-28 00:00:00+00:00
[2021-09-30 07:37:58,889] {scheduler_job.py:190} INFO - Processing /usr/local/lib/python3.6/dist-packages/airflow/example_dags/example_short_circuit_operator.py took 0.035 seconds
[2021-09-30 07:38:29,580] {scheduler_job.py:182} INFO - Started process (PID=262) to work on /usr/local/lib/python3.6/dist-packages/airflow/example_dags/example_short_circuit_operator.py
[2021-09-30 07:38:29,581] {scheduler_job.py:629} INFO - Processing file /usr/local/lib/python3.6/dist-packages/airflow/example_dags/example_short_circuit_operator.py for tasks to queue
[2021-09-30 07:38:29,581] {logging_mixin.py:104} INFO - [2021-09-30 07:38:29,581] {dagbag.py:451} INFO - Filling up the DagBag from /usr/local/lib/python3.6/dist-packages/airflow/example_dags/example_short_circuit_operator.py
[2021-09-30 07:38:29,588] {scheduler_job.py:639} INFO - DAG(s) dict_keys(['example_short_circuit_operator']) retrieved from /usr/local/lib/python3.6/dist-packages/airflow/example_dags/example_short_circuit_operator.py
[2021-09-30 07:38:29,599] {logging_mixin.py:104} INFO - [2021-09-30 07:38:29,599] {dag.py:1824} INFO - Sync 1 DAGs
[2021-09-30 07:38:29,608] {logging_mixin.py:104} INFO - [2021-09-30 07:38:29,608] {dag.py:2280} INFO - Setting next_dagrun for example_short_circuit_operator to 2021-09-28 00:00:00+00:00
[2021-09-30 07:38:29,614] {scheduler_job.py:190} INFO - Processing /usr/local/lib/python3.6/dist-packages/airflow/example_dags/example_short_circuit_operator.py took 0.035 seconds
[2021-09-30 07:39:00,253] {scheduler_job.py:182} INFO - Started process (PID=336) to work on /usr/local/lib/python3.6/dist-packages/airflow/example_dags/example_short_circuit_operator.py
[2021-09-30 07:39:00,254] {scheduler_job.py:629} INFO - Processing file /usr/local/lib/python3.6/dist-packages/airflow/example_dags/example_short_circuit_operator.py for tasks to queue
[2021-09-30 07:39:00,254] {logging_mixin.py:104} INFO - [2021-09-30 07:39:00,254] {dagbag.py:451} INFO - Filling up the DagBag from /usr/local/lib/python3.6/dist-packages/airflow/example_dags/example_short_circuit_operator.py
[2021-09-30 07:39:00,263] {scheduler_job.py:639} INFO - DAG(s) dict_keys(['example_short_circuit_operator']) retrieved from /usr/local/lib/python3.6/dist-packages/airflow/example_dags/example_short_circuit_operator.py
[2021-09-30 07:39:00,277] {logging_mixin.py:104} INFO - [2021-09-30 07:39:00,277] {dag.py:1824} INFO - Sync 1 DAGs
[2021-09-30 07:39:00,290] {logging_mixin.py:104} INFO - [2021-09-30 07:39:00,290] {dag.py:2280} INFO - Setting next_dagrun for example_short_circuit_operator to 2021-09-28 00:00:00+00:00
[2021-09-30 07:39:00,296] {scheduler_job.py:190} INFO - Processing /usr/local/lib/python3.6/dist-packages/airflow/example_dags/example_short_circuit_operator.py took 0.044 seconds
[2021-09-30 07:39:30,946] {scheduler_job.py:182} INFO - Started process (PID=420) to work on /usr/local/lib/python3.6/dist-packages/airflow/example_dags/example_short_circuit_operator.py
[2021-09-30 07:39:30,946] {scheduler_job.py:629} INFO - Processing file /usr/local/lib/python3.6/dist-packages/airflow/example_dags/example_short_circuit_operator.py for tasks to queue
[2021-09-30 07:39:30,947] {logging_mixin.py:104} INFO - [2021-09-30 07:39:30,947] {dagbag.py:451} INFO - Filling up the DagBag from /usr/local/lib/python3.6/dist-packages/airflow/example_dags/example_short_circuit_operator.py
[2021-09-30 07:39:30,953] {scheduler_job.py:639} INFO - DAG(s) dict_keys(['example_short_circuit_operator']) retrieved from /usr/local/lib/python3.6/dist-packages/airflow/example_dags/example_short_circuit_operator.py
[2021-09-30 07:39:30,967] {logging_mixin.py:104} INFO - [2021-09-30 07:39:30,967] {dag.py:1824} INFO - Sync 1 DAGs
[2021-09-30 07:39:30,975] {logging_mixin.py:104} INFO - [2021-09-30 07:39:30,975] {dag.py:2280} INFO - Setting next_dagrun for example_short_circuit_operator to 2021-09-28 00:00:00+00:00
[2021-09-30 07:39:30,981] {scheduler_job.py:190} INFO - Processing /usr/local/lib/python3.6/dist-packages/airflow/example_dags/example_short_circuit_operator.py took 0.036 seconds
[2021-09-30 07:40:01,180] {scheduler_job.py:182} INFO - Started process (PID=495) to work on /usr/local/lib/python3.6/dist-packages/airflow/example_dags/example_short_circuit_operator.py
[2021-09-30 07:40:01,181] {scheduler_job.py:629} INFO - Processing file /usr/local/lib/python3.6/dist-packages/airflow/example_dags/example_short_circuit_operator.py for tasks to queue
[2021-09-30 07:40:01,181] {logging_mixin.py:104} INFO - [2021-09-30 07:40:01,181] {dagbag.py:451} INFO - Filling up the DagBag from /usr/local/lib/python3.6/dist-packages/airflow/example_dags/example_short_circuit_operator.py
[2021-09-30 07:40:01,188] {scheduler_job.py:639} INFO - DAG(s) dict_keys(['example_short_circuit_operator']) retrieved from /usr/local/lib/python3.6/dist-packages/airflow/example_dags/example_short_circuit_operator.py
[2021-09-30 07:40:01,200] {logging_mixin.py:104} INFO - [2021-09-30 07:40:01,200] {dag.py:1824} INFO - Sync 1 DAGs
[2021-09-30 07:40:01,209] {logging_mixin.py:104} INFO - [2021-09-30 07:40:01,209] {dag.py:2280} INFO - Setting next_dagrun for example_short_circuit_operator to 2021-09-28 00:00:00+00:00
[2021-09-30 07:40:01,214] {scheduler_job.py:190} INFO - Processing /usr/local/lib/python3.6/dist-packages/airflow/example_dags/example_short_circuit_operator.py took 0.036 seconds
[2021-09-30 07:40:31,887] {scheduler_job.py:182} INFO - Started process (PID=569) to work on /usr/local/lib/python3.6/dist-packages/airflow/example_dags/example_short_circuit_operator.py
[2021-09-30 07:40:31,887] {scheduler_job.py:629} INFO - Processing file /usr/local/lib/python3.6/dist-packages/airflow/example_dags/example_short_circuit_operator.py for tasks to queue
[2021-09-30 07:40:31,887] {logging_mixin.py:104} INFO - [2021-09-30 07:40:31,887] {dagbag.py:451} INFO - Filling up the DagBag from /usr/local/lib/python3.6/dist-packages/airflow/example_dags/example_short_circuit_operator.py
[2021-09-30 07:40:31,894] {scheduler_job.py:639} INFO - DAG(s) dict_keys(['example_short_circuit_operator']) retrieved from /usr/local/lib/python3.6/dist-packages/airflow/example_dags/example_short_circuit_operator.py
[2021-09-30 07:40:31,905] {logging_mixin.py:104} INFO - [2021-09-30 07:40:31,905] {dag.py:1824} INFO - Sync 1 DAGs
[2021-09-30 07:40:31,914] {logging_mixin.py:104} INFO - [2021-09-30 07:40:31,914] {dag.py:2280} INFO - Setting next_dagrun for example_short_circuit_operator to 2021-09-28 00:00:00+00:00
[2021-09-30 07:40:31,919] {scheduler_job.py:190} INFO - Processing /usr/local/lib/python3.6/dist-packages/airflow/example_dags/example_short_circuit_operator.py took 0.034 seconds
[2021-09-30 07:41:02,565] {scheduler_job.py:182} INFO - Started process (PID=644) to work on /usr/local/lib/python3.6/dist-packages/airflow/example_dags/example_short_circuit_operator.py
[2021-09-30 07:41:02,566] {scheduler_job.py:629} INFO - Processing file /usr/local/lib/python3.6/dist-packages/airflow/example_dags/example_short_circuit_operator.py for tasks to queue
[2021-09-30 07:41:02,566] {logging_mixin.py:104} INFO - [2021-09-30 07:41:02,566] {dagbag.py:451} INFO - Filling up the DagBag from /usr/local/lib/python3.6/dist-packages/airflow/example_dags/example_short_circuit_operator.py
[2021-09-30 07:41:02,573] {scheduler_job.py:639} INFO - DAG(s) dict_keys(['example_short_circuit_operator']) retrieved from /usr/local/lib/python3.6/dist-packages/airflow/example_dags/example_short_circuit_operator.py
[2021-09-30 07:41:02,585] {logging_mixin.py:104} INFO - [2021-09-30 07:41:02,585] {dag.py:1824} INFO - Sync 1 DAGs
[2021-09-30 07:41:02,596] {logging_mixin.py:104} INFO - [2021-09-30 07:41:02,596] {dag.py:2280} INFO - Setting next_dagrun for example_short_circuit_operator to 2021-09-28 00:00:00+00:00
[2021-09-30 07:41:02,601] {scheduler_job.py:190} INFO - Processing /usr/local/lib/python3.6/dist-packages/airflow/example_dags/example_short_circuit_operator.py took 0.037 seconds
[2021-09-30 07:41:33,265] {scheduler_job.py:182} INFO - Started process (PID=718) to work on /usr/local/lib/python3.6/dist-packages/airflow/example_dags/example_short_circuit_operator.py
[2021-09-30 07:41:33,266] {scheduler_job.py:629} INFO - Processing file /usr/local/lib/python3.6/dist-packages/airflow/example_dags/example_short_circuit_operator.py for tasks to queue
[2021-09-30 07:41:33,266] {logging_mixin.py:104} INFO - [2021-09-30 07:41:33,266] {dagbag.py:451} INFO - Filling up the DagBag from /usr/local/lib/python3.6/dist-packages/airflow/example_dags/example_short_circuit_operator.py
[2021-09-30 07:41:33,273] {scheduler_job.py:639} INFO - DAG(s) dict_keys(['example_short_circuit_operator']) retrieved from /usr/local/lib/python3.6/dist-packages/airflow/example_dags/example_short_circuit_operator.py
[2021-09-30 07:41:33,285] {logging_mixin.py:104} INFO - [2021-09-30 07:41:33,285] {dag.py:1824} INFO - Sync 1 DAGs
[2021-09-30 07:41:33,298] {logging_mixin.py:104} INFO - [2021-09-30 07:41:33,298] {dag.py:2280} INFO - Setting next_dagrun for example_short_circuit_operator to 2021-09-28 00:00:00+00:00
[2021-09-30 07:41:33,302] {scheduler_job.py:190} INFO - Processing /usr/local/lib/python3.6/dist-packages/airflow/example_dags/example_short_circuit_operator.py took 0.038 seconds
[2021-09-30 07:42:04,002] {scheduler_job.py:182} INFO - Started process (PID=794) to work on /usr/local/lib/python3.6/dist-packages/airflow/example_dags/example_short_circuit_operator.py
[2021-09-30 07:42:04,002] {scheduler_job.py:629} INFO - Processing file /usr/local/lib/python3.6/dist-packages/airflow/example_dags/example_short_circuit_operator.py for tasks to queue
[2021-09-30 07:42:04,003] {logging_mixin.py:104} INFO - [2021-09-30 07:42:04,003] {dagbag.py:451} INFO - Filling up the DagBag from /usr/local/lib/python3.6/dist-packages/airflow/example_dags/example_short_circuit_operator.py
[2021-09-30 07:42:04,010] {scheduler_job.py:639} INFO - DAG(s) dict_keys(['example_short_circuit_operator']) retrieved from /usr/local/lib/python3.6/dist-packages/airflow/example_dags/example_short_circuit_operator.py
[2021-09-30 07:42:04,022] {logging_mixin.py:104} INFO - [2021-09-30 07:42:04,022] {dag.py:1824} INFO - Sync 1 DAGs
[2021-09-30 07:42:04,031] {logging_mixin.py:104} INFO - [2021-09-30 07:42:04,031] {dag.py:2280} INFO - Setting next_dagrun for example_short_circuit_operator to 2021-09-28 00:00:00+00:00
[2021-09-30 07:42:04,037] {scheduler_job.py:190} INFO - Processing /usr/local/lib/python3.6/dist-packages/airflow/example_dags/example_short_circuit_operator.py took 0.037 seconds
[2021-09-30 07:42:34,847] {scheduler_job.py:182} INFO - Started process (PID=868) to work on /usr/local/lib/python3.6/dist-packages/airflow/example_dags/example_short_circuit_operator.py
[2021-09-30 07:42:34,848] {scheduler_job.py:629} INFO - Processing file /usr/local/lib/python3.6/dist-packages/airflow/example_dags/example_short_circuit_operator.py for tasks to queue
[2021-09-30 07:42:34,849] {logging_mixin.py:104} INFO - [2021-09-30 07:42:34,849] {dagbag.py:451} INFO - Filling up the DagBag from /usr/local/lib/python3.6/dist-packages/airflow/example_dags/example_short_circuit_operator.py
[2021-09-30 07:42:34,859] {scheduler_job.py:639} INFO - DAG(s) dict_keys(['example_short_circuit_operator']) retrieved from /usr/local/lib/python3.6/dist-packages/airflow/example_dags/example_short_circuit_operator.py
[2021-09-30 07:42:34,879] {logging_mixin.py:104} INFO - [2021-09-30 07:42:34,878] {dag.py:1824} INFO - Sync 1 DAGs
[2021-09-30 07:42:34,892] {logging_mixin.py:104} INFO - [2021-09-30 07:42:34,892] {dag.py:2280} INFO - Setting next_dagrun for example_short_circuit_operator to 2021-09-28 00:00:00+00:00
[2021-09-30 07:42:34,903] {scheduler_job.py:190} INFO - Processing /usr/local/lib/python3.6/dist-packages/airflow/example_dags/example_short_circuit_operator.py took 0.058 seconds
[2021-09-30 07:43:04,974] {scheduler_job.py:182} INFO - Started process (PID=942) to work on /usr/local/lib/python3.6/dist-packages/airflow/example_dags/example_short_circuit_operator.py
[2021-09-30 07:43:04,975] {scheduler_job.py:629} INFO - Processing file /usr/local/lib/python3.6/dist-packages/airflow/example_dags/example_short_circuit_operator.py for tasks to queue
[2021-09-30 07:43:04,975] {logging_mixin.py:104} INFO - [2021-09-30 07:43:04,975] {dagbag.py:451} INFO - Filling up the DagBag from /usr/local/lib/python3.6/dist-packages/airflow/example_dags/example_short_circuit_operator.py
[2021-09-30 07:43:04,984] {scheduler_job.py:639} INFO - DAG(s) dict_keys(['example_short_circuit_operator']) retrieved from /usr/local/lib/python3.6/dist-packages/airflow/example_dags/example_short_circuit_operator.py
[2021-09-30 07:43:05,000] {logging_mixin.py:104} INFO - [2021-09-30 07:43:05,000] {dag.py:1824} INFO - Sync 1 DAGs
[2021-09-30 07:43:05,014] {logging_mixin.py:104} INFO - [2021-09-30 07:43:05,013] {dag.py:2280} INFO - Setting next_dagrun for example_short_circuit_operator to 2021-09-28 00:00:00+00:00
[2021-09-30 07:43:05,022] {scheduler_job.py:190} INFO - Processing /usr/local/lib/python3.6/dist-packages/airflow/example_dags/example_short_circuit_operator.py took 0.051 seconds
[2021-09-30 07:43:50,947] {scheduler_job.py:182} INFO - Started process (PID=78) to work on /usr/local/lib/python3.6/dist-packages/airflow/example_dags/example_short_circuit_operator.py
[2021-09-30 07:43:50,948] {scheduler_job.py:629} INFO - Processing file /usr/local/lib/python3.6/dist-packages/airflow/example_dags/example_short_circuit_operator.py for tasks to queue
[2021-09-30 07:43:50,949] {logging_mixin.py:104} INFO - [2021-09-30 07:43:50,949] {dagbag.py:451} INFO - Filling up the DagBag from /usr/local/lib/python3.6/dist-packages/airflow/example_dags/example_short_circuit_operator.py
[2021-09-30 07:43:50,966] {scheduler_job.py:639} INFO - DAG(s) dict_keys(['example_short_circuit_operator']) retrieved from /usr/local/lib/python3.6/dist-packages/airflow/example_dags/example_short_circuit_operator.py
[2021-09-30 07:43:50,998] {logging_mixin.py:104} INFO - [2021-09-30 07:43:50,998] {dag.py:1824} INFO - Sync 1 DAGs
[2021-09-30 07:43:51,021] {logging_mixin.py:104} INFO - [2021-09-30 07:43:51,021] {dag.py:2280} INFO - Setting next_dagrun for example_short_circuit_operator to 2021-09-28 00:00:00+00:00
[2021-09-30 07:43:51,037] {scheduler_job.py:190} INFO - Processing /usr/local/lib/python3.6/dist-packages/airflow/example_dags/example_short_circuit_operator.py took 0.094 seconds
[2021-09-30 07:44:21,355] {scheduler_job.py:182} INFO - Started process (PID=205) to work on /usr/local/lib/python3.6/dist-packages/airflow/example_dags/example_short_circuit_operator.py
[2021-09-30 07:44:21,355] {scheduler_job.py:629} INFO - Processing file /usr/local/lib/python3.6/dist-packages/airflow/example_dags/example_short_circuit_operator.py for tasks to queue
[2021-09-30 07:44:21,356] {logging_mixin.py:104} INFO - [2021-09-30 07:44:21,356] {dagbag.py:451} INFO - Filling up the DagBag from /usr/local/lib/python3.6/dist-packages/airflow/example_dags/example_short_circuit_operator.py
[2021-09-30 07:44:21,364] {scheduler_job.py:639} INFO - DAG(s) dict_keys(['example_short_circuit_operator']) retrieved from /usr/local/lib/python3.6/dist-packages/airflow/example_dags/example_short_circuit_operator.py
[2021-09-30 07:44:21,379] {logging_mixin.py:104} INFO - [2021-09-30 07:44:21,379] {dag.py:1824} INFO - Sync 1 DAGs
[2021-09-30 07:44:21,390] {logging_mixin.py:104} INFO - [2021-09-30 07:44:21,390] {dag.py:2280} INFO - Setting next_dagrun for example_short_circuit_operator to 2021-09-28 00:00:00+00:00
[2021-09-30 07:44:21,398] {scheduler_job.py:190} INFO - Processing /usr/local/lib/python3.6/dist-packages/airflow/example_dags/example_short_circuit_operator.py took 0.046 seconds
[2021-09-30 07:44:52,284] {scheduler_job.py:182} INFO - Started process (PID=280) to work on /usr/local/lib/python3.6/dist-packages/airflow/example_dags/example_short_circuit_operator.py
[2021-09-30 07:44:52,285] {scheduler_job.py:629} INFO - Processing file /usr/local/lib/python3.6/dist-packages/airflow/example_dags/example_short_circuit_operator.py for tasks to queue
[2021-09-30 07:44:52,286] {logging_mixin.py:104} INFO - [2021-09-30 07:44:52,286] {dagbag.py:451} INFO - Filling up the DagBag from /usr/local/lib/python3.6/dist-packages/airflow/example_dags/example_short_circuit_operator.py
[2021-09-30 07:44:52,296] {scheduler_job.py:639} INFO - DAG(s) dict_keys(['example_short_circuit_operator']) retrieved from /usr/local/lib/python3.6/dist-packages/airflow/example_dags/example_short_circuit_operator.py
[2021-09-30 07:44:52,314] {logging_mixin.py:104} INFO - [2021-09-30 07:44:52,314] {dag.py:1824} INFO - Sync 1 DAGs
[2021-09-30 07:44:52,329] {logging_mixin.py:104} INFO - [2021-09-30 07:44:52,329] {dag.py:2280} INFO - Setting next_dagrun for example_short_circuit_operator to 2021-09-28 00:00:00+00:00
[2021-09-30 07:44:52,337] {scheduler_job.py:190} INFO - Processing /usr/local/lib/python3.6/dist-packages/airflow/example_dags/example_short_circuit_operator.py took 0.055 seconds
[2021-09-30 07:45:22,669] {scheduler_job.py:182} INFO - Started process (PID=358) to work on /usr/local/lib/python3.6/dist-packages/airflow/example_dags/example_short_circuit_operator.py
[2021-09-30 07:45:22,670] {scheduler_job.py:629} INFO - Processing file /usr/local/lib/python3.6/dist-packages/airflow/example_dags/example_short_circuit_operator.py for tasks to queue
[2021-09-30 07:45:22,671] {logging_mixin.py:104} INFO - [2021-09-30 07:45:22,671] {dagbag.py:451} INFO - Filling up the DagBag from /usr/local/lib/python3.6/dist-packages/airflow/example_dags/example_short_circuit_operator.py
[2021-09-30 07:45:22,680] {scheduler_job.py:639} INFO - DAG(s) dict_keys(['example_short_circuit_operator']) retrieved from /usr/local/lib/python3.6/dist-packages/airflow/example_dags/example_short_circuit_operator.py
[2021-09-30 07:45:22,694] {logging_mixin.py:104} INFO - [2021-09-30 07:45:22,694] {dag.py:1824} INFO - Sync 1 DAGs
[2021-09-30 07:45:22,706] {logging_mixin.py:104} INFO - [2021-09-30 07:45:22,706] {dag.py:2280} INFO - Setting next_dagrun for example_short_circuit_operator to 2021-09-28 00:00:00+00:00
[2021-09-30 07:45:22,714] {scheduler_job.py:190} INFO - Processing /usr/local/lib/python3.6/dist-packages/airflow/example_dags/example_short_circuit_operator.py took 0.047 seconds
[2021-09-30 07:45:53,249] {scheduler_job.py:182} INFO - Started process (PID=432) to work on /usr/local/lib/python3.6/dist-packages/airflow/example_dags/example_short_circuit_operator.py
[2021-09-30 07:45:53,249] {scheduler_job.py:629} INFO - Processing file /usr/local/lib/python3.6/dist-packages/airflow/example_dags/example_short_circuit_operator.py for tasks to queue
[2021-09-30 07:45:53,250] {logging_mixin.py:104} INFO - [2021-09-30 07:45:53,250] {dagbag.py:451} INFO - Filling up the DagBag from /usr/local/lib/python3.6/dist-packages/airflow/example_dags/example_short_circuit_operator.py
[2021-09-30 07:45:53,260] {scheduler_job.py:639} INFO - DAG(s) dict_keys(['example_short_circuit_operator']) retrieved from /usr/local/lib/python3.6/dist-packages/airflow/example_dags/example_short_circuit_operator.py
[2021-09-30 07:45:53,278] {logging_mixin.py:104} INFO - [2021-09-30 07:45:53,278] {dag.py:1824} INFO - Sync 1 DAGs
[2021-09-30 07:45:53,292] {logging_mixin.py:104} INFO - [2021-09-30 07:45:53,292] {dag.py:2280} INFO - Setting next_dagrun for example_short_circuit_operator to 2021-09-28 00:00:00+00:00
[2021-09-30 07:45:53,301] {scheduler_job.py:190} INFO - Processing /usr/local/lib/python3.6/dist-packages/airflow/example_dags/example_short_circuit_operator.py took 0.054 seconds
[2021-09-30 07:46:23,585] {scheduler_job.py:182} INFO - Started process (PID=515) to work on /usr/local/lib/python3.6/dist-packages/airflow/example_dags/example_short_circuit_operator.py
[2021-09-30 07:46:23,586] {scheduler_job.py:629} INFO - Processing file /usr/local/lib/python3.6/dist-packages/airflow/example_dags/example_short_circuit_operator.py for tasks to queue
[2021-09-30 07:46:23,586] {logging_mixin.py:104} INFO - [2021-09-30 07:46:23,586] {dagbag.py:451} INFO - Filling up the DagBag from /usr/local/lib/python3.6/dist-packages/airflow/example_dags/example_short_circuit_operator.py
[2021-09-30 07:46:23,596] {scheduler_job.py:639} INFO - DAG(s) dict_keys(['example_short_circuit_operator']) retrieved from /usr/local/lib/python3.6/dist-packages/airflow/example_dags/example_short_circuit_operator.py
[2021-09-30 07:46:23,612] {logging_mixin.py:104} INFO - [2021-09-30 07:46:23,612] {dag.py:1824} INFO - Sync 1 DAGs
[2021-09-30 07:46:23,624] {logging_mixin.py:104} INFO - [2021-09-30 07:46:23,624] {dag.py:2280} INFO - Setting next_dagrun for example_short_circuit_operator to 2021-09-28 00:00:00+00:00
[2021-09-30 07:46:23,633] {scheduler_job.py:190} INFO - Processing /usr/local/lib/python3.6/dist-packages/airflow/example_dags/example_short_circuit_operator.py took 0.050 seconds
[2021-09-30 07:46:53,815] {scheduler_job.py:182} INFO - Started process (PID=591) to work on /usr/local/lib/python3.6/dist-packages/airflow/example_dags/example_short_circuit_operator.py
[2021-09-30 07:46:53,816] {scheduler_job.py:629} INFO - Processing file /usr/local/lib/python3.6/dist-packages/airflow/example_dags/example_short_circuit_operator.py for tasks to queue
[2021-09-30 07:46:53,817] {logging_mixin.py:104} INFO - [2021-09-30 07:46:53,817] {dagbag.py:451} INFO - Filling up the DagBag from /usr/local/lib/python3.6/dist-packages/airflow/example_dags/example_short_circuit_operator.py
[2021-09-30 07:46:53,826] {scheduler_job.py:639} INFO - DAG(s) dict_keys(['example_short_circuit_operator']) retrieved from /usr/local/lib/python3.6/dist-packages/airflow/example_dags/example_short_circuit_operator.py
[2021-09-30 07:46:53,840] {logging_mixin.py:104} INFO - [2021-09-30 07:46:53,840] {dag.py:1824} INFO - Sync 1 DAGs
[2021-09-30 07:46:53,851] {logging_mixin.py:104} INFO - [2021-09-30 07:46:53,851] {dag.py:2280} INFO - Setting next_dagrun for example_short_circuit_operator to 2021-09-28 00:00:00+00:00
[2021-09-30 07:46:53,858] {scheduler_job.py:190} INFO - Processing /usr/local/lib/python3.6/dist-packages/airflow/example_dags/example_short_circuit_operator.py took 0.045 seconds
[2021-09-30 07:47:24,288] {scheduler_job.py:182} INFO - Started process (PID=666) to work on /usr/local/lib/python3.6/dist-packages/airflow/example_dags/example_short_circuit_operator.py
[2021-09-30 07:47:24,288] {scheduler_job.py:629} INFO - Processing file /usr/local/lib/python3.6/dist-packages/airflow/example_dags/example_short_circuit_operator.py for tasks to queue
[2021-09-30 07:47:24,289] {logging_mixin.py:104} INFO - [2021-09-30 07:47:24,289] {dagbag.py:451} INFO - Filling up the DagBag from /usr/local/lib/python3.6/dist-packages/airflow/example_dags/example_short_circuit_operator.py
[2021-09-30 07:47:24,298] {scheduler_job.py:639} INFO - DAG(s) dict_keys(['example_short_circuit_operator']) retrieved from /usr/local/lib/python3.6/dist-packages/airflow/example_dags/example_short_circuit_operator.py
[2021-09-30 07:47:24,315] {logging_mixin.py:104} INFO - [2021-09-30 07:47:24,314] {dag.py:1824} INFO - Sync 1 DAGs
[2021-09-30 07:47:24,327] {logging_mixin.py:104} INFO - [2021-09-30 07:47:24,327] {dag.py:2280} INFO - Setting next_dagrun for example_short_circuit_operator to 2021-09-28 00:00:00+00:00
[2021-09-30 07:47:24,336] {scheduler_job.py:190} INFO - Processing /usr/local/lib/python3.6/dist-packages/airflow/example_dags/example_short_circuit_operator.py took 0.051 seconds
[2021-09-30 07:47:54,386] {scheduler_job.py:182} INFO - Started process (PID=740) to work on /usr/local/lib/python3.6/dist-packages/airflow/example_dags/example_short_circuit_operator.py
[2021-09-30 07:47:54,387] {scheduler_job.py:629} INFO - Processing file /usr/local/lib/python3.6/dist-packages/airflow/example_dags/example_short_circuit_operator.py for tasks to queue
[2021-09-30 07:47:54,387] {logging_mixin.py:104} INFO - [2021-09-30 07:47:54,387] {dagbag.py:451} INFO - Filling up the DagBag from /usr/local/lib/python3.6/dist-packages/airflow/example_dags/example_short_circuit_operator.py
[2021-09-30 07:47:54,397] {scheduler_job.py:639} INFO - DAG(s) dict_keys(['example_short_circuit_operator']) retrieved from /usr/local/lib/python3.6/dist-packages/airflow/example_dags/example_short_circuit_operator.py
[2021-09-30 07:47:54,412] {logging_mixin.py:104} INFO - [2021-09-30 07:47:54,412] {dag.py:1824} INFO - Sync 1 DAGs
[2021-09-30 07:47:54,424] {logging_mixin.py:104} INFO - [2021-09-30 07:47:54,424] {dag.py:2280} INFO - Setting next_dagrun for example_short_circuit_operator to 2021-09-28 00:00:00+00:00
[2021-09-30 07:47:54,431] {scheduler_job.py:190} INFO - Processing /usr/local/lib/python3.6/dist-packages/airflow/example_dags/example_short_circuit_operator.py took 0.047 seconds
[2021-09-30 07:48:24,650] {scheduler_job.py:182} INFO - Started process (PID=814) to work on /usr/local/lib/python3.6/dist-packages/airflow/example_dags/example_short_circuit_operator.py
[2021-09-30 07:48:24,651] {scheduler_job.py:629} INFO - Processing file /usr/local/lib/python3.6/dist-packages/airflow/example_dags/example_short_circuit_operator.py for tasks to queue
[2021-09-30 07:48:24,652] {logging_mixin.py:104} INFO - [2021-09-30 07:48:24,652] {dagbag.py:451} INFO - Filling up the DagBag from /usr/local/lib/python3.6/dist-packages/airflow/example_dags/example_short_circuit_operator.py
[2021-09-30 07:48:24,661] {scheduler_job.py:639} INFO - DAG(s) dict_keys(['example_short_circuit_operator']) retrieved from /usr/local/lib/python3.6/dist-packages/airflow/example_dags/example_short_circuit_operator.py
[2021-09-30 07:48:24,677] {logging_mixin.py:104} INFO - [2021-09-30 07:48:24,676] {dag.py:1824} INFO - Sync 1 DAGs
[2021-09-30 07:48:24,688] {logging_mixin.py:104} INFO - [2021-09-30 07:48:24,688] {dag.py:2280} INFO - Setting next_dagrun for example_short_circuit_operator to 2021-09-28 00:00:00+00:00
[2021-09-30 07:48:24,696] {scheduler_job.py:190} INFO - Processing /usr/local/lib/python3.6/dist-packages/airflow/example_dags/example_short_circuit_operator.py took 0.048 seconds
[2021-09-30 07:48:54,822] {scheduler_job.py:182} INFO - Started process (PID=890) to work on /usr/local/lib/python3.6/dist-packages/airflow/example_dags/example_short_circuit_operator.py
[2021-09-30 07:48:54,823] {scheduler_job.py:629} INFO - Processing file /usr/local/lib/python3.6/dist-packages/airflow/example_dags/example_short_circuit_operator.py for tasks to queue
[2021-09-30 07:48:54,823] {logging_mixin.py:104} INFO - [2021-09-30 07:48:54,823] {dagbag.py:451} INFO - Filling up the DagBag from /usr/local/lib/python3.6/dist-packages/airflow/example_dags/example_short_circuit_operator.py
[2021-09-30 07:48:54,833] {scheduler_job.py:639} INFO - DAG(s) dict_keys(['example_short_circuit_operator']) retrieved from /usr/local/lib/python3.6/dist-packages/airflow/example_dags/example_short_circuit_operator.py
[2021-09-30 07:48:54,855] {logging_mixin.py:104} INFO - [2021-09-30 07:48:54,855] {dag.py:1824} INFO - Sync 1 DAGs
[2021-09-30 07:48:54,879] {logging_mixin.py:104} INFO - [2021-09-30 07:48:54,878] {dag.py:2280} INFO - Setting next_dagrun for example_short_circuit_operator to 2021-09-28 00:00:00+00:00
[2021-09-30 07:48:54,892] {scheduler_job.py:190} INFO - Processing /usr/local/lib/python3.6/dist-packages/airflow/example_dags/example_short_circuit_operator.py took 0.072 seconds
[2021-09-30 07:49:25,063] {scheduler_job.py:182} INFO - Started process (PID=964) to work on /usr/local/lib/python3.6/dist-packages/airflow/example_dags/example_short_circuit_operator.py
[2021-09-30 07:49:25,064] {scheduler_job.py:629} INFO - Processing file /usr/local/lib/python3.6/dist-packages/airflow/example_dags/example_short_circuit_operator.py for tasks to queue
[2021-09-30 07:49:25,065] {logging_mixin.py:104} INFO - [2021-09-30 07:49:25,064] {dagbag.py:451} INFO - Filling up the DagBag from /usr/local/lib/python3.6/dist-packages/airflow/example_dags/example_short_circuit_operator.py
[2021-09-30 07:49:25,074] {scheduler_job.py:639} INFO - DAG(s) dict_keys(['example_short_circuit_operator']) retrieved from /usr/local/lib/python3.6/dist-packages/airflow/example_dags/example_short_circuit_operator.py
[2021-09-30 07:49:25,090] {logging_mixin.py:104} INFO - [2021-09-30 07:49:25,090] {dag.py:1824} INFO - Sync 1 DAGs
[2021-09-30 07:49:25,105] {logging_mixin.py:104} INFO - [2021-09-30 07:49:25,105] {dag.py:2280} INFO - Setting next_dagrun for example_short_circuit_operator to 2021-09-28 00:00:00+00:00
[2021-09-30 07:49:25,113] {scheduler_job.py:190} INFO - Processing /usr/local/lib/python3.6/dist-packages/airflow/example_dags/example_short_circuit_operator.py took 0.052 seconds
[2021-09-30 07:49:55,333] {scheduler_job.py:182} INFO - Started process (PID=1038) to work on /usr/local/lib/python3.6/dist-packages/airflow/example_dags/example_short_circuit_operator.py
[2021-09-30 07:49:55,334] {scheduler_job.py:629} INFO - Processing file /usr/local/lib/python3.6/dist-packages/airflow/example_dags/example_short_circuit_operator.py for tasks to queue
[2021-09-30 07:49:55,334] {logging_mixin.py:104} INFO - [2021-09-30 07:49:55,334] {dagbag.py:451} INFO - Filling up the DagBag from /usr/local/lib/python3.6/dist-packages/airflow/example_dags/example_short_circuit_operator.py
[2021-09-30 07:49:55,344] {scheduler_job.py:639} INFO - DAG(s) dict_keys(['example_short_circuit_operator']) retrieved from /usr/local/lib/python3.6/dist-packages/airflow/example_dags/example_short_circuit_operator.py
[2021-09-30 07:49:55,360] {logging_mixin.py:104} INFO - [2021-09-30 07:49:55,360] {dag.py:1824} INFO - Sync 1 DAGs
[2021-09-30 07:49:55,372] {logging_mixin.py:104} INFO - [2021-09-30 07:49:55,372] {dag.py:2280} INFO - Setting next_dagrun for example_short_circuit_operator to 2021-09-28 00:00:00+00:00
[2021-09-30 07:49:55,381] {scheduler_job.py:190} INFO - Processing /usr/local/lib/python3.6/dist-packages/airflow/example_dags/example_short_circuit_operator.py took 0.050 seconds
[2021-09-30 07:50:25,580] {scheduler_job.py:182} INFO - Started process (PID=1115) to work on /usr/local/lib/python3.6/dist-packages/airflow/example_dags/example_short_circuit_operator.py
[2021-09-30 07:50:25,581] {scheduler_job.py:629} INFO - Processing file /usr/local/lib/python3.6/dist-packages/airflow/example_dags/example_short_circuit_operator.py for tasks to queue
[2021-09-30 07:50:25,581] {logging_mixin.py:104} INFO - [2021-09-30 07:50:25,581] {dagbag.py:451} INFO - Filling up the DagBag from /usr/local/lib/python3.6/dist-packages/airflow/example_dags/example_short_circuit_operator.py
[2021-09-30 07:50:25,594] {scheduler_job.py:639} INFO - DAG(s) dict_keys(['example_short_circuit_operator']) retrieved from /usr/local/lib/python3.6/dist-packages/airflow/example_dags/example_short_circuit_operator.py
[2021-09-30 07:50:25,609] {logging_mixin.py:104} INFO - [2021-09-30 07:50:25,609] {dag.py:1824} INFO - Sync 1 DAGs
[2021-09-30 07:50:25,621] {logging_mixin.py:104} INFO - [2021-09-30 07:50:25,621] {dag.py:2280} INFO - Setting next_dagrun for example_short_circuit_operator to 2021-09-28 00:00:00+00:00
[2021-09-30 07:50:25,628] {scheduler_job.py:190} INFO - Processing /usr/local/lib/python3.6/dist-packages/airflow/example_dags/example_short_circuit_operator.py took 0.050 seconds
[2021-09-30 07:50:55,729] {scheduler_job.py:182} INFO - Started process (PID=1189) to work on /usr/local/lib/python3.6/dist-packages/airflow/example_dags/example_short_circuit_operator.py
[2021-09-30 07:50:55,731] {scheduler_job.py:629} INFO - Processing file /usr/local/lib/python3.6/dist-packages/airflow/example_dags/example_short_circuit_operator.py for tasks to queue
[2021-09-30 07:50:55,731] {logging_mixin.py:104} INFO - [2021-09-30 07:50:55,731] {dagbag.py:451} INFO - Filling up the DagBag from /usr/local/lib/python3.6/dist-packages/airflow/example_dags/example_short_circuit_operator.py
[2021-09-30 07:50:55,744] {scheduler_job.py:639} INFO - DAG(s) dict_keys(['example_short_circuit_operator']) retrieved from /usr/local/lib/python3.6/dist-packages/airflow/example_dags/example_short_circuit_operator.py
[2021-09-30 07:50:55,765] {logging_mixin.py:104} INFO - [2021-09-30 07:50:55,765] {dag.py:1824} INFO - Sync 1 DAGs
[2021-09-30 07:50:55,777] {logging_mixin.py:104} INFO - [2021-09-30 07:50:55,777] {dag.py:2280} INFO - Setting next_dagrun for example_short_circuit_operator to 2021-09-28 00:00:00+00:00
[2021-09-30 07:50:55,785] {scheduler_job.py:190} INFO - Processing /usr/local/lib/python3.6/dist-packages/airflow/example_dags/example_short_circuit_operator.py took 0.058 seconds
[2021-09-30 07:51:25,965] {scheduler_job.py:182} INFO - Started process (PID=1261) to work on /usr/local/lib/python3.6/dist-packages/airflow/example_dags/example_short_circuit_operator.py
[2021-09-30 07:51:25,966] {scheduler_job.py:629} INFO - Processing file /usr/local/lib/python3.6/dist-packages/airflow/example_dags/example_short_circuit_operator.py for tasks to queue
[2021-09-30 07:51:25,966] {logging_mixin.py:104} INFO - [2021-09-30 07:51:25,966] {dagbag.py:451} INFO - Filling up the DagBag from /usr/local/lib/python3.6/dist-packages/airflow/example_dags/example_short_circuit_operator.py
[2021-09-30 07:51:25,977] {scheduler_job.py:639} INFO - DAG(s) dict_keys(['example_short_circuit_operator']) retrieved from /usr/local/lib/python3.6/dist-packages/airflow/example_dags/example_short_circuit_operator.py
[2021-09-30 07:51:25,992] {logging_mixin.py:104} INFO - [2021-09-30 07:51:25,992] {dag.py:1824} INFO - Sync 1 DAGs
[2021-09-30 07:51:26,005] {logging_mixin.py:104} INFO - [2021-09-30 07:51:26,004] {dag.py:2280} INFO - Setting next_dagrun for example_short_circuit_operator to 2021-09-28 00:00:00+00:00
[2021-09-30 07:51:26,014] {scheduler_job.py:190} INFO - Processing /usr/local/lib/python3.6/dist-packages/airflow/example_dags/example_short_circuit_operator.py took 0.051 seconds
[2021-09-30 07:51:56,068] {scheduler_job.py:182} INFO - Started process (PID=1340) to work on /usr/local/lib/python3.6/dist-packages/airflow/example_dags/example_short_circuit_operator.py
[2021-09-30 07:51:56,069] {scheduler_job.py:629} INFO - Processing file /usr/local/lib/python3.6/dist-packages/airflow/example_dags/example_short_circuit_operator.py for tasks to queue
[2021-09-30 07:51:56,069] {logging_mixin.py:104} INFO - [2021-09-30 07:51:56,069] {dagbag.py:451} INFO - Filling up the DagBag from /usr/local/lib/python3.6/dist-packages/airflow/example_dags/example_short_circuit_operator.py
[2021-09-30 07:51:56,079] {scheduler_job.py:639} INFO - DAG(s) dict_keys(['example_short_circuit_operator']) retrieved from /usr/local/lib/python3.6/dist-packages/airflow/example_dags/example_short_circuit_operator.py
[2021-09-30 07:51:56,097] {logging_mixin.py:104} INFO - [2021-09-30 07:51:56,097] {dag.py:1824} INFO - Sync 1 DAGs
[2021-09-30 07:51:56,110] {logging_mixin.py:104} INFO - [2021-09-30 07:51:56,110] {dag.py:2280} INFO - Setting next_dagrun for example_short_circuit_operator to 2021-09-28 00:00:00+00:00
[2021-09-30 07:51:56,120] {scheduler_job.py:190} INFO - Processing /usr/local/lib/python3.6/dist-packages/airflow/example_dags/example_short_circuit_operator.py took 0.055 seconds
[2021-09-30 07:52:27,395] {scheduler_job.py:182} INFO - Started process (PID=1409) to work on /usr/local/lib/python3.6/dist-packages/airflow/example_dags/example_short_circuit_operator.py
[2021-09-30 07:52:27,396] {scheduler_job.py:629} INFO - Processing file /usr/local/lib/python3.6/dist-packages/airflow/example_dags/example_short_circuit_operator.py for tasks to queue
[2021-09-30 07:52:27,396] {logging_mixin.py:104} INFO - [2021-09-30 07:52:27,396] {dagbag.py:451} INFO - Filling up the DagBag from /usr/local/lib/python3.6/dist-packages/airflow/example_dags/example_short_circuit_operator.py
[2021-09-30 07:52:27,406] {scheduler_job.py:639} INFO - DAG(s) dict_keys(['example_short_circuit_operator']) retrieved from /usr/local/lib/python3.6/dist-packages/airflow/example_dags/example_short_circuit_operator.py
[2021-09-30 07:52:27,421] {logging_mixin.py:104} INFO - [2021-09-30 07:52:27,421] {dag.py:1824} INFO - Sync 1 DAGs
[2021-09-30 07:52:27,433] {logging_mixin.py:104} INFO - [2021-09-30 07:52:27,433] {dag.py:2280} INFO - Setting next_dagrun for example_short_circuit_operator to 2021-09-28 00:00:00+00:00
[2021-09-30 07:52:27,442] {scheduler_job.py:190} INFO - Processing /usr/local/lib/python3.6/dist-packages/airflow/example_dags/example_short_circuit_operator.py took 0.049 seconds
[2021-09-30 07:52:57,635] {scheduler_job.py:182} INFO - Started process (PID=1475) to work on /usr/local/lib/python3.6/dist-packages/airflow/example_dags/example_short_circuit_operator.py
[2021-09-30 07:52:57,636] {scheduler_job.py:629} INFO - Processing file /usr/local/lib/python3.6/dist-packages/airflow/example_dags/example_short_circuit_operator.py for tasks to queue
[2021-09-30 07:52:57,637] {logging_mixin.py:104} INFO - [2021-09-30 07:52:57,637] {dagbag.py:451} INFO - Filling up the DagBag from /usr/local/lib/python3.6/dist-packages/airflow/example_dags/example_short_circuit_operator.py
[2021-09-30 07:52:57,649] {scheduler_job.py:639} INFO - DAG(s) dict_keys(['example_short_circuit_operator']) retrieved from /usr/local/lib/python3.6/dist-packages/airflow/example_dags/example_short_circuit_operator.py
[2021-09-30 07:52:57,669] {logging_mixin.py:104} INFO - [2021-09-30 07:52:57,669] {dag.py:1824} INFO - Sync 1 DAGs
[2021-09-30 07:52:57,686] {logging_mixin.py:104} INFO - [2021-09-30 07:52:57,686] {dag.py:2280} INFO - Setting next_dagrun for example_short_circuit_operator to 2021-09-28 00:00:00+00:00
[2021-09-30 07:52:57,695] {scheduler_job.py:190} INFO - Processing /usr/local/lib/python3.6/dist-packages/airflow/example_dags/example_short_circuit_operator.py took 0.064 seconds
[2021-09-30 07:53:27,775] {scheduler_job.py:182} INFO - Started process (PID=1549) to work on /usr/local/lib/python3.6/dist-packages/airflow/example_dags/example_short_circuit_operator.py
[2021-09-30 07:53:27,775] {scheduler_job.py:629} INFO - Processing file /usr/local/lib/python3.6/dist-packages/airflow/example_dags/example_short_circuit_operator.py for tasks to queue
[2021-09-30 07:53:27,776] {logging_mixin.py:104} INFO - [2021-09-30 07:53:27,776] {dagbag.py:451} INFO - Filling up the DagBag from /usr/local/lib/python3.6/dist-packages/airflow/example_dags/example_short_circuit_operator.py
[2021-09-30 07:53:27,789] {scheduler_job.py:639} INFO - DAG(s) dict_keys(['example_short_circuit_operator']) retrieved from /usr/local/lib/python3.6/dist-packages/airflow/example_dags/example_short_circuit_operator.py
[2021-09-30 07:53:27,808] {logging_mixin.py:104} INFO - [2021-09-30 07:53:27,808] {dag.py:1824} INFO - Sync 1 DAGs
[2021-09-30 07:53:27,824] {logging_mixin.py:104} INFO - [2021-09-30 07:53:27,823] {dag.py:2280} INFO - Setting next_dagrun for example_short_circuit_operator to 2021-09-28 00:00:00+00:00
[2021-09-30 07:53:27,832] {scheduler_job.py:190} INFO - Processing /usr/local/lib/python3.6/dist-packages/airflow/example_dags/example_short_circuit_operator.py took 0.060 seconds
[2021-09-30 07:53:58,065] {scheduler_job.py:182} INFO - Started process (PID=1624) to work on /usr/local/lib/python3.6/dist-packages/airflow/example_dags/example_short_circuit_operator.py
[2021-09-30 07:53:58,066] {scheduler_job.py:629} INFO - Processing file /usr/local/lib/python3.6/dist-packages/airflow/example_dags/example_short_circuit_operator.py for tasks to queue
[2021-09-30 07:53:58,067] {logging_mixin.py:104} INFO - [2021-09-30 07:53:58,067] {dagbag.py:451} INFO - Filling up the DagBag from /usr/local/lib/python3.6/dist-packages/airflow/example_dags/example_short_circuit_operator.py
[2021-09-30 07:53:58,076] {scheduler_job.py:639} INFO - DAG(s) dict_keys(['example_short_circuit_operator']) retrieved from /usr/local/lib/python3.6/dist-packages/airflow/example_dags/example_short_circuit_operator.py
[2021-09-30 07:53:58,092] {logging_mixin.py:104} INFO - [2021-09-30 07:53:58,092] {dag.py:1824} INFO - Sync 1 DAGs
[2021-09-30 07:53:58,106] {logging_mixin.py:104} INFO - [2021-09-30 07:53:58,106] {dag.py:2280} INFO - Setting next_dagrun for example_short_circuit_operator to 2021-09-28 00:00:00+00:00
[2021-09-30 07:53:58,114] {scheduler_job.py:190} INFO - Processing /usr/local/lib/python3.6/dist-packages/airflow/example_dags/example_short_circuit_operator.py took 0.051 seconds
[2021-09-30 07:54:28,295] {scheduler_job.py:182} INFO - Started process (PID=1694) to work on /usr/local/lib/python3.6/dist-packages/airflow/example_dags/example_short_circuit_operator.py
[2021-09-30 07:54:28,296] {scheduler_job.py:629} INFO - Processing file /usr/local/lib/python3.6/dist-packages/airflow/example_dags/example_short_circuit_operator.py for tasks to queue
[2021-09-30 07:54:28,296] {logging_mixin.py:104} INFO - [2021-09-30 07:54:28,296] {dagbag.py:451} INFO - Filling up the DagBag from /usr/local/lib/python3.6/dist-packages/airflow/example_dags/example_short_circuit_operator.py
[2021-09-30 07:54:28,306] {scheduler_job.py:639} INFO - DAG(s) dict_keys(['example_short_circuit_operator']) retrieved from /usr/local/lib/python3.6/dist-packages/airflow/example_dags/example_short_circuit_operator.py
[2021-09-30 07:54:28,322] {logging_mixin.py:104} INFO - [2021-09-30 07:54:28,322] {dag.py:1824} INFO - Sync 1 DAGs
[2021-09-30 07:54:28,335] {logging_mixin.py:104} INFO - [2021-09-30 07:54:28,335] {dag.py:2280} INFO - Setting next_dagrun for example_short_circuit_operator to 2021-09-28 00:00:00+00:00
[2021-09-30 07:54:28,344] {scheduler_job.py:190} INFO - Processing /usr/local/lib/python3.6/dist-packages/airflow/example_dags/example_short_circuit_operator.py took 0.051 seconds
[2021-09-30 07:54:58,651] {scheduler_job.py:182} INFO - Started process (PID=1769) to work on /usr/local/lib/python3.6/dist-packages/airflow/example_dags/example_short_circuit_operator.py
[2021-09-30 07:54:58,651] {scheduler_job.py:629} INFO - Processing file /usr/local/lib/python3.6/dist-packages/airflow/example_dags/example_short_circuit_operator.py for tasks to queue
[2021-09-30 07:54:58,652] {logging_mixin.py:104} INFO - [2021-09-30 07:54:58,652] {dagbag.py:451} INFO - Filling up the DagBag from /usr/local/lib/python3.6/dist-packages/airflow/example_dags/example_short_circuit_operator.py
[2021-09-30 07:54:58,661] {scheduler_job.py:639} INFO - DAG(s) dict_keys(['example_short_circuit_operator']) retrieved from /usr/local/lib/python3.6/dist-packages/airflow/example_dags/example_short_circuit_operator.py
[2021-09-30 07:54:58,676] {logging_mixin.py:104} INFO - [2021-09-30 07:54:58,676] {dag.py:1824} INFO - Sync 1 DAGs
[2021-09-30 07:54:58,688] {logging_mixin.py:104} INFO - [2021-09-30 07:54:58,688] {dag.py:2280} INFO - Setting next_dagrun for example_short_circuit_operator to 2021-09-28 00:00:00+00:00
[2021-09-30 07:54:58,696] {scheduler_job.py:190} INFO - Processing /usr/local/lib/python3.6/dist-packages/airflow/example_dags/example_short_circuit_operator.py took 0.048 seconds
[2021-09-30 07:55:28,872] {scheduler_job.py:182} INFO - Started process (PID=1843) to work on /usr/local/lib/python3.6/dist-packages/airflow/example_dags/example_short_circuit_operator.py
[2021-09-30 07:55:28,872] {scheduler_job.py:629} INFO - Processing file /usr/local/lib/python3.6/dist-packages/airflow/example_dags/example_short_circuit_operator.py for tasks to queue
[2021-09-30 07:55:28,873] {logging_mixin.py:104} INFO - [2021-09-30 07:55:28,873] {dagbag.py:451} INFO - Filling up the DagBag from /usr/local/lib/python3.6/dist-packages/airflow/example_dags/example_short_circuit_operator.py
[2021-09-30 07:55:28,883] {scheduler_job.py:639} INFO - DAG(s) dict_keys(['example_short_circuit_operator']) retrieved from /usr/local/lib/python3.6/dist-packages/airflow/example_dags/example_short_circuit_operator.py
[2021-09-30 07:55:28,900] {logging_mixin.py:104} INFO - [2021-09-30 07:55:28,900] {dag.py:1824} INFO - Sync 1 DAGs
[2021-09-30 07:55:28,915] {logging_mixin.py:104} INFO - [2021-09-30 07:55:28,914] {dag.py:2280} INFO - Setting next_dagrun for example_short_circuit_operator to 2021-09-28 00:00:00+00:00
[2021-09-30 07:55:28,923] {scheduler_job.py:190} INFO - Processing /usr/local/lib/python3.6/dist-packages/airflow/example_dags/example_short_circuit_operator.py took 0.054 seconds
[2021-09-30 07:55:59,084] {scheduler_job.py:182} INFO - Started process (PID=1920) to work on /usr/local/lib/python3.6/dist-packages/airflow/example_dags/example_short_circuit_operator.py
[2021-09-30 07:55:59,085] {scheduler_job.py:629} INFO - Processing file /usr/local/lib/python3.6/dist-packages/airflow/example_dags/example_short_circuit_operator.py for tasks to queue
[2021-09-30 07:55:59,086] {logging_mixin.py:104} INFO - [2021-09-30 07:55:59,085] {dagbag.py:451} INFO - Filling up the DagBag from /usr/local/lib/python3.6/dist-packages/airflow/example_dags/example_short_circuit_operator.py
[2021-09-30 07:55:59,095] {scheduler_job.py:639} INFO - DAG(s) dict_keys(['example_short_circuit_operator']) retrieved from /usr/local/lib/python3.6/dist-packages/airflow/example_dags/example_short_circuit_operator.py
[2021-09-30 07:55:59,115] {logging_mixin.py:104} INFO - [2021-09-30 07:55:59,115] {dag.py:1824} INFO - Sync 1 DAGs
[2021-09-30 07:55:59,130] {logging_mixin.py:104} INFO - [2021-09-30 07:55:59,130] {dag.py:2280} INFO - Setting next_dagrun for example_short_circuit_operator to 2021-09-28 00:00:00+00:00
[2021-09-30 07:55:59,139] {scheduler_job.py:190} INFO - Processing /usr/local/lib/python3.6/dist-packages/airflow/example_dags/example_short_circuit_operator.py took 0.058 seconds
[2021-09-30 07:56:29,153] {scheduler_job.py:182} INFO - Started process (PID=1995) to work on /usr/local/lib/python3.6/dist-packages/airflow/example_dags/example_short_circuit_operator.py
[2021-09-30 07:56:29,154] {scheduler_job.py:629} INFO - Processing file /usr/local/lib/python3.6/dist-packages/airflow/example_dags/example_short_circuit_operator.py for tasks to queue
[2021-09-30 07:56:29,154] {logging_mixin.py:104} INFO - [2021-09-30 07:56:29,154] {dagbag.py:451} INFO - Filling up the DagBag from /usr/local/lib/python3.6/dist-packages/airflow/example_dags/example_short_circuit_operator.py
[2021-09-30 07:56:29,163] {scheduler_job.py:639} INFO - DAG(s) dict_keys(['example_short_circuit_operator']) retrieved from /usr/local/lib/python3.6/dist-packages/airflow/example_dags/example_short_circuit_operator.py
[2021-09-30 07:56:29,180] {logging_mixin.py:104} INFO - [2021-09-30 07:56:29,179] {dag.py:1824} INFO - Sync 1 DAGs
[2021-09-30 07:56:29,192] {logging_mixin.py:104} INFO - [2021-09-30 07:56:29,191] {dag.py:2280} INFO - Setting next_dagrun for example_short_circuit_operator to 2021-09-28 00:00:00+00:00
[2021-09-30 07:56:29,198] {scheduler_job.py:190} INFO - Processing /usr/local/lib/python3.6/dist-packages/airflow/example_dags/example_short_circuit_operator.py took 0.048 seconds
[2021-09-30 07:57:00,017] {scheduler_job.py:182} INFO - Started process (PID=2072) to work on /usr/local/lib/python3.6/dist-packages/airflow/example_dags/example_short_circuit_operator.py
[2021-09-30 07:57:00,017] {scheduler_job.py:629} INFO - Processing file /usr/local/lib/python3.6/dist-packages/airflow/example_dags/example_short_circuit_operator.py for tasks to queue
[2021-09-30 07:57:00,018] {logging_mixin.py:104} INFO - [2021-09-30 07:57:00,018] {dagbag.py:451} INFO - Filling up the DagBag from /usr/local/lib/python3.6/dist-packages/airflow/example_dags/example_short_circuit_operator.py
[2021-09-30 07:57:00,027] {scheduler_job.py:639} INFO - DAG(s) dict_keys(['example_short_circuit_operator']) retrieved from /usr/local/lib/python3.6/dist-packages/airflow/example_dags/example_short_circuit_operator.py
[2021-09-30 07:57:00,042] {logging_mixin.py:104} INFO - [2021-09-30 07:57:00,042] {dag.py:1824} INFO - Sync 1 DAGs
[2021-09-30 07:57:00,053] {logging_mixin.py:104} INFO - [2021-09-30 07:57:00,053] {dag.py:2280} INFO - Setting next_dagrun for example_short_circuit_operator to 2021-09-28 00:00:00+00:00
[2021-09-30 07:57:00,060] {scheduler_job.py:190} INFO - Processing /usr/local/lib/python3.6/dist-packages/airflow/example_dags/example_short_circuit_operator.py took 0.046 seconds
[2021-09-30 07:57:30,906] {scheduler_job.py:182} INFO - Started process (PID=2146) to work on /usr/local/lib/python3.6/dist-packages/airflow/example_dags/example_short_circuit_operator.py
[2021-09-30 07:57:30,907] {scheduler_job.py:629} INFO - Processing file /usr/local/lib/python3.6/dist-packages/airflow/example_dags/example_short_circuit_operator.py for tasks to queue
[2021-09-30 07:57:30,907] {logging_mixin.py:104} INFO - [2021-09-30 07:57:30,907] {dagbag.py:451} INFO - Filling up the DagBag from /usr/local/lib/python3.6/dist-packages/airflow/example_dags/example_short_circuit_operator.py
[2021-09-30 07:57:30,920] {scheduler_job.py:639} INFO - DAG(s) dict_keys(['example_short_circuit_operator']) retrieved from /usr/local/lib/python3.6/dist-packages/airflow/example_dags/example_short_circuit_operator.py
[2021-09-30 07:57:30,940] {logging_mixin.py:104} INFO - [2021-09-30 07:57:30,940] {dag.py:1824} INFO - Sync 1 DAGs
[2021-09-30 07:57:30,955] {logging_mixin.py:104} INFO - [2021-09-30 07:57:30,955] {dag.py:2280} INFO - Setting next_dagrun for example_short_circuit_operator to 2021-09-28 00:00:00+00:00
[2021-09-30 07:57:30,964] {scheduler_job.py:190} INFO - Processing /usr/local/lib/python3.6/dist-packages/airflow/example_dags/example_short_circuit_operator.py took 0.061 seconds
[2021-09-30 07:58:00,997] {scheduler_job.py:182} INFO - Started process (PID=2222) to work on /usr/local/lib/python3.6/dist-packages/airflow/example_dags/example_short_circuit_operator.py
[2021-09-30 07:58:00,997] {scheduler_job.py:629} INFO - Processing file /usr/local/lib/python3.6/dist-packages/airflow/example_dags/example_short_circuit_operator.py for tasks to queue
[2021-09-30 07:58:00,998] {logging_mixin.py:104} INFO - [2021-09-30 07:58:00,998] {dagbag.py:451} INFO - Filling up the DagBag from /usr/local/lib/python3.6/dist-packages/airflow/example_dags/example_short_circuit_operator.py
[2021-09-30 07:58:01,009] {scheduler_job.py:639} INFO - DAG(s) dict_keys(['example_short_circuit_operator']) retrieved from /usr/local/lib/python3.6/dist-packages/airflow/example_dags/example_short_circuit_operator.py
[2021-09-30 07:58:01,024] {logging_mixin.py:104} INFO - [2021-09-30 07:58:01,024] {dag.py:1824} INFO - Sync 1 DAGs
[2021-09-30 07:58:01,036] {logging_mixin.py:104} INFO - [2021-09-30 07:58:01,036] {dag.py:2280} INFO - Setting next_dagrun for example_short_circuit_operator to 2021-09-28 00:00:00+00:00
[2021-09-30 07:58:01,045] {scheduler_job.py:190} INFO - Processing /usr/local/lib/python3.6/dist-packages/airflow/example_dags/example_short_circuit_operator.py took 0.050 seconds
[2021-09-30 07:58:31,094] {scheduler_job.py:182} INFO - Started process (PID=2296) to work on /usr/local/lib/python3.6/dist-packages/airflow/example_dags/example_short_circuit_operator.py
[2021-09-30 07:58:31,095] {scheduler_job.py:629} INFO - Processing file /usr/local/lib/python3.6/dist-packages/airflow/example_dags/example_short_circuit_operator.py for tasks to queue
[2021-09-30 07:58:31,095] {logging_mixin.py:104} INFO - [2021-09-30 07:58:31,095] {dagbag.py:451} INFO - Filling up the DagBag from /usr/local/lib/python3.6/dist-packages/airflow/example_dags/example_short_circuit_operator.py
[2021-09-30 07:58:31,107] {scheduler_job.py:639} INFO - DAG(s) dict_keys(['example_short_circuit_operator']) retrieved from /usr/local/lib/python3.6/dist-packages/airflow/example_dags/example_short_circuit_operator.py
[2021-09-30 07:58:31,124] {logging_mixin.py:104} INFO - [2021-09-30 07:58:31,124] {dag.py:1824} INFO - Sync 1 DAGs
[2021-09-30 07:58:31,138] {logging_mixin.py:104} INFO - [2021-09-30 07:58:31,138] {dag.py:2280} INFO - Setting next_dagrun for example_short_circuit_operator to 2021-09-28 00:00:00+00:00
[2021-09-30 07:58:31,147] {scheduler_job.py:190} INFO - Processing /usr/local/lib/python3.6/dist-packages/airflow/example_dags/example_short_circuit_operator.py took 0.054 seconds
[2021-09-30 07:59:01,268] {scheduler_job.py:182} INFO - Started process (PID=2371) to work on /usr/local/lib/python3.6/dist-packages/airflow/example_dags/example_short_circuit_operator.py
[2021-09-30 07:59:01,269] {scheduler_job.py:629} INFO - Processing file /usr/local/lib/python3.6/dist-packages/airflow/example_dags/example_short_circuit_operator.py for tasks to queue
[2021-09-30 07:59:01,269] {logging_mixin.py:104} INFO - [2021-09-30 07:59:01,269] {dagbag.py:451} INFO - Filling up the DagBag from /usr/local/lib/python3.6/dist-packages/airflow/example_dags/example_short_circuit_operator.py
[2021-09-30 07:59:01,281] {scheduler_job.py:639} INFO - DAG(s) dict_keys(['example_short_circuit_operator']) retrieved from /usr/local/lib/python3.6/dist-packages/airflow/example_dags/example_short_circuit_operator.py
[2021-09-30 07:59:01,297] {logging_mixin.py:104} INFO - [2021-09-30 07:59:01,297] {dag.py:1824} INFO - Sync 1 DAGs
[2021-09-30 07:59:01,309] {logging_mixin.py:104} INFO - [2021-09-30 07:59:01,309] {dag.py:2280} INFO - Setting next_dagrun for example_short_circuit_operator to 2021-09-28 00:00:00+00:00
[2021-09-30 07:59:01,316] {scheduler_job.py:190} INFO - Processing /usr/local/lib/python3.6/dist-packages/airflow/example_dags/example_short_circuit_operator.py took 0.051 seconds
[2021-09-30 07:59:31,579] {scheduler_job.py:182} INFO - Started process (PID=2447) to work on /usr/local/lib/python3.6/dist-packages/airflow/example_dags/example_short_circuit_operator.py
[2021-09-30 07:59:31,579] {scheduler_job.py:629} INFO - Processing file /usr/local/lib/python3.6/dist-packages/airflow/example_dags/example_short_circuit_operator.py for tasks to queue
[2021-09-30 07:59:31,580] {logging_mixin.py:104} INFO - [2021-09-30 07:59:31,580] {dagbag.py:451} INFO - Filling up the DagBag from /usr/local/lib/python3.6/dist-packages/airflow/example_dags/example_short_circuit_operator.py
[2021-09-30 07:59:31,591] {scheduler_job.py:639} INFO - DAG(s) dict_keys(['example_short_circuit_operator']) retrieved from /usr/local/lib/python3.6/dist-packages/airflow/example_dags/example_short_circuit_operator.py
[2021-09-30 07:59:31,608] {logging_mixin.py:104} INFO - [2021-09-30 07:59:31,608] {dag.py:1824} INFO - Sync 1 DAGs
[2021-09-30 07:59:31,620] {logging_mixin.py:104} INFO - [2021-09-30 07:59:31,620] {dag.py:2280} INFO - Setting next_dagrun for example_short_circuit_operator to 2021-09-28 00:00:00+00:00
[2021-09-30 07:59:31,628] {scheduler_job.py:190} INFO - Processing /usr/local/lib/python3.6/dist-packages/airflow/example_dags/example_short_circuit_operator.py took 0.052 seconds
[2021-09-30 08:00:01,802] {scheduler_job.py:182} INFO - Started process (PID=2523) to work on /usr/local/lib/python3.6/dist-packages/airflow/example_dags/example_short_circuit_operator.py
[2021-09-30 08:00:01,803] {scheduler_job.py:629} INFO - Processing file /usr/local/lib/python3.6/dist-packages/airflow/example_dags/example_short_circuit_operator.py for tasks to queue
[2021-09-30 08:00:01,803] {logging_mixin.py:104} INFO - [2021-09-30 08:00:01,803] {dagbag.py:451} INFO - Filling up the DagBag from /usr/local/lib/python3.6/dist-packages/airflow/example_dags/example_short_circuit_operator.py
[2021-09-30 08:00:01,814] {scheduler_job.py:639} INFO - DAG(s) dict_keys(['example_short_circuit_operator']) retrieved from /usr/local/lib/python3.6/dist-packages/airflow/example_dags/example_short_circuit_operator.py
[2021-09-30 08:00:01,829] {logging_mixin.py:104} INFO - [2021-09-30 08:00:01,829] {dag.py:1824} INFO - Sync 1 DAGs
[2021-09-30 08:00:01,841] {logging_mixin.py:104} INFO - [2021-09-30 08:00:01,841] {dag.py:2280} INFO - Setting next_dagrun for example_short_circuit_operator to 2021-09-28 00:00:00+00:00
[2021-09-30 08:00:01,849] {scheduler_job.py:190} INFO - Processing /usr/local/lib/python3.6/dist-packages/airflow/example_dags/example_short_circuit_operator.py took 0.049 seconds
[2021-09-30 08:00:31,883] {scheduler_job.py:182} INFO - Started process (PID=2595) to work on /usr/local/lib/python3.6/dist-packages/airflow/example_dags/example_short_circuit_operator.py
[2021-09-30 08:00:31,884] {scheduler_job.py:629} INFO - Processing file /usr/local/lib/python3.6/dist-packages/airflow/example_dags/example_short_circuit_operator.py for tasks to queue
[2021-09-30 08:00:31,884] {logging_mixin.py:104} INFO - [2021-09-30 08:00:31,884] {dagbag.py:451} INFO - Filling up the DagBag from /usr/local/lib/python3.6/dist-packages/airflow/example_dags/example_short_circuit_operator.py
[2021-09-30 08:00:31,895] {scheduler_job.py:639} INFO - DAG(s) dict_keys(['example_short_circuit_operator']) retrieved from /usr/local/lib/python3.6/dist-packages/airflow/example_dags/example_short_circuit_operator.py
[2021-09-30 08:00:31,912] {logging_mixin.py:104} INFO - [2021-09-30 08:00:31,912] {dag.py:1824} INFO - Sync 1 DAGs
[2021-09-30 08:00:31,925] {logging_mixin.py:104} INFO - [2021-09-30 08:00:31,925] {dag.py:2280} INFO - Setting next_dagrun for example_short_circuit_operator to 2021-09-28 00:00:00+00:00
[2021-09-30 08:00:31,933] {scheduler_job.py:190} INFO - Processing /usr/local/lib/python3.6/dist-packages/airflow/example_dags/example_short_circuit_operator.py took 0.052 seconds
[2021-09-30 08:01:02,989] {scheduler_job.py:182} INFO - Started process (PID=2674) to work on /usr/local/lib/python3.6/dist-packages/airflow/example_dags/example_short_circuit_operator.py
[2021-09-30 08:01:02,991] {scheduler_job.py:629} INFO - Processing file /usr/local/lib/python3.6/dist-packages/airflow/example_dags/example_short_circuit_operator.py for tasks to queue
[2021-09-30 08:01:02,992] {logging_mixin.py:104} INFO - [2021-09-30 08:01:02,991] {dagbag.py:451} INFO - Filling up the DagBag from /usr/local/lib/python3.6/dist-packages/airflow/example_dags/example_short_circuit_operator.py
[2021-09-30 08:01:03,002] {scheduler_job.py:639} INFO - DAG(s) dict_keys(['example_short_circuit_operator']) retrieved from /usr/local/lib/python3.6/dist-packages/airflow/example_dags/example_short_circuit_operator.py
[2021-09-30 08:01:03,020] {logging_mixin.py:104} INFO - [2021-09-30 08:01:03,020] {dag.py:1824} INFO - Sync 1 DAGs
[2021-09-30 08:01:03,035] {logging_mixin.py:104} INFO - [2021-09-30 08:01:03,035] {dag.py:2280} INFO - Setting next_dagrun for example_short_circuit_operator to 2021-09-28 00:00:00+00:00
[2021-09-30 08:01:03,043] {scheduler_job.py:190} INFO - Processing /usr/local/lib/python3.6/dist-packages/airflow/example_dags/example_short_circuit_operator.py took 0.056 seconds
[2021-09-30 08:01:34,167] {scheduler_job.py:182} INFO - Started process (PID=2743) to work on /usr/local/lib/python3.6/dist-packages/airflow/example_dags/example_short_circuit_operator.py
[2021-09-30 08:01:34,167] {scheduler_job.py:629} INFO - Processing file /usr/local/lib/python3.6/dist-packages/airflow/example_dags/example_short_circuit_operator.py for tasks to queue
[2021-09-30 08:01:34,168] {logging_mixin.py:104} INFO - [2021-09-30 08:01:34,168] {dagbag.py:451} INFO - Filling up the DagBag from /usr/local/lib/python3.6/dist-packages/airflow/example_dags/example_short_circuit_operator.py
[2021-09-30 08:01:34,177] {scheduler_job.py:639} INFO - DAG(s) dict_keys(['example_short_circuit_operator']) retrieved from /usr/local/lib/python3.6/dist-packages/airflow/example_dags/example_short_circuit_operator.py
[2021-09-30 08:01:34,196] {logging_mixin.py:104} INFO - [2021-09-30 08:01:34,196] {dag.py:1824} INFO - Sync 1 DAGs
[2021-09-30 08:01:34,211] {logging_mixin.py:104} INFO - [2021-09-30 08:01:34,211] {dag.py:2280} INFO - Setting next_dagrun for example_short_circuit_operator to 2021-09-28 00:00:00+00:00
[2021-09-30 08:01:34,221] {scheduler_job.py:190} INFO - Processing /usr/local/lib/python3.6/dist-packages/airflow/example_dags/example_short_circuit_operator.py took 0.056 seconds
[2021-09-30 08:02:04,383] {scheduler_job.py:182} INFO - Started process (PID=2809) to work on /usr/local/lib/python3.6/dist-packages/airflow/example_dags/example_short_circuit_operator.py
[2021-09-30 08:02:04,383] {scheduler_job.py:629} INFO - Processing file /usr/local/lib/python3.6/dist-packages/airflow/example_dags/example_short_circuit_operator.py for tasks to queue
[2021-09-30 08:02:04,384] {logging_mixin.py:104} INFO - [2021-09-30 08:02:04,384] {dagbag.py:451} INFO - Filling up the DagBag from /usr/local/lib/python3.6/dist-packages/airflow/example_dags/example_short_circuit_operator.py
[2021-09-30 08:02:04,393] {scheduler_job.py:639} INFO - DAG(s) dict_keys(['example_short_circuit_operator']) retrieved from /usr/local/lib/python3.6/dist-packages/airflow/example_dags/example_short_circuit_operator.py
[2021-09-30 08:02:04,410] {logging_mixin.py:104} INFO - [2021-09-30 08:02:04,410] {dag.py:1824} INFO - Sync 1 DAGs
[2021-09-30 08:02:04,422] {logging_mixin.py:104} INFO - [2021-09-30 08:02:04,422] {dag.py:2280} INFO - Setting next_dagrun for example_short_circuit_operator to 2021-09-28 00:00:00+00:00
[2021-09-30 08:02:04,430] {scheduler_job.py:190} INFO - Processing /usr/local/lib/python3.6/dist-packages/airflow/example_dags/example_short_circuit_operator.py took 0.050 seconds
