[2021-09-30 07:30:45,114] {scheduler_job.py:182} INFO - Started process (PID=52) to work on /usr/local/lib/python3.6/dist-packages/airflow/example_dags/example_skip_dag.py
[2021-09-30 07:30:45,115] {scheduler_job.py:629} INFO - Processing file /usr/local/lib/python3.6/dist-packages/airflow/example_dags/example_skip_dag.py for tasks to queue
[2021-09-30 07:30:45,116] {logging_mixin.py:104} INFO - [2021-09-30 07:30:45,116] {dagbag.py:451} INFO - Filling up the DagBag from /usr/local/lib/python3.6/dist-packages/airflow/example_dags/example_skip_dag.py
[2021-09-30 07:30:45,126] {scheduler_job.py:639} INFO - DAG(s) dict_keys(['example_skip_dag']) retrieved from /usr/local/lib/python3.6/dist-packages/airflow/example_dags/example_skip_dag.py
[2021-09-30 07:30:45,137] {logging_mixin.py:104} INFO - [2021-09-30 07:30:45,137] {dag.py:1824} INFO - Sync 1 DAGs
[2021-09-30 07:30:45,150] {logging_mixin.py:104} INFO - [2021-09-30 07:30:45,149] {dag.py:2280} INFO - Setting next_dagrun for example_skip_dag to 2021-09-28 00:00:00+00:00
[2021-09-30 07:30:45,155] {scheduler_job.py:190} INFO - Processing /usr/local/lib/python3.6/dist-packages/airflow/example_dags/example_skip_dag.py took 0.043 seconds
[2021-09-30 07:31:15,386] {scheduler_job.py:182} INFO - Started process (PID=223) to work on /usr/local/lib/python3.6/dist-packages/airflow/example_dags/example_skip_dag.py
[2021-09-30 07:31:15,387] {scheduler_job.py:629} INFO - Processing file /usr/local/lib/python3.6/dist-packages/airflow/example_dags/example_skip_dag.py for tasks to queue
[2021-09-30 07:31:15,387] {logging_mixin.py:104} INFO - [2021-09-30 07:31:15,387] {dagbag.py:451} INFO - Filling up the DagBag from /usr/local/lib/python3.6/dist-packages/airflow/example_dags/example_skip_dag.py
[2021-09-30 07:31:15,397] {scheduler_job.py:639} INFO - DAG(s) dict_keys(['example_skip_dag']) retrieved from /usr/local/lib/python3.6/dist-packages/airflow/example_dags/example_skip_dag.py
[2021-09-30 07:31:15,416] {logging_mixin.py:104} INFO - [2021-09-30 07:31:15,416] {dag.py:1824} INFO - Sync 1 DAGs
[2021-09-30 07:31:15,428] {logging_mixin.py:104} INFO - [2021-09-30 07:31:15,428] {dag.py:2280} INFO - Setting next_dagrun for example_skip_dag to 2021-09-28 00:00:00+00:00
[2021-09-30 07:31:15,436] {scheduler_job.py:190} INFO - Processing /usr/local/lib/python3.6/dist-packages/airflow/example_dags/example_skip_dag.py took 0.053 seconds
[2021-09-30 07:31:45,457] {scheduler_job.py:182} INFO - Started process (PID=297) to work on /usr/local/lib/python3.6/dist-packages/airflow/example_dags/example_skip_dag.py
[2021-09-30 07:31:45,457] {scheduler_job.py:629} INFO - Processing file /usr/local/lib/python3.6/dist-packages/airflow/example_dags/example_skip_dag.py for tasks to queue
[2021-09-30 07:31:45,458] {logging_mixin.py:104} INFO - [2021-09-30 07:31:45,458] {dagbag.py:451} INFO - Filling up the DagBag from /usr/local/lib/python3.6/dist-packages/airflow/example_dags/example_skip_dag.py
[2021-09-30 07:31:45,465] {scheduler_job.py:639} INFO - DAG(s) dict_keys(['example_skip_dag']) retrieved from /usr/local/lib/python3.6/dist-packages/airflow/example_dags/example_skip_dag.py
[2021-09-30 07:31:45,482] {logging_mixin.py:104} INFO - [2021-09-30 07:31:45,482] {dag.py:1824} INFO - Sync 1 DAGs
[2021-09-30 07:31:45,495] {logging_mixin.py:104} INFO - [2021-09-30 07:31:45,495] {dag.py:2280} INFO - Setting next_dagrun for example_skip_dag to 2021-09-28 00:00:00+00:00
[2021-09-30 07:31:45,501] {scheduler_job.py:190} INFO - Processing /usr/local/lib/python3.6/dist-packages/airflow/example_dags/example_skip_dag.py took 0.046 seconds
[2021-09-30 07:32:15,908] {scheduler_job.py:182} INFO - Started process (PID=373) to work on /usr/local/lib/python3.6/dist-packages/airflow/example_dags/example_skip_dag.py
[2021-09-30 07:32:15,909] {scheduler_job.py:629} INFO - Processing file /usr/local/lib/python3.6/dist-packages/airflow/example_dags/example_skip_dag.py for tasks to queue
[2021-09-30 07:32:15,909] {logging_mixin.py:104} INFO - [2021-09-30 07:32:15,909] {dagbag.py:451} INFO - Filling up the DagBag from /usr/local/lib/python3.6/dist-packages/airflow/example_dags/example_skip_dag.py
[2021-09-30 07:32:15,915] {scheduler_job.py:639} INFO - DAG(s) dict_keys(['example_skip_dag']) retrieved from /usr/local/lib/python3.6/dist-packages/airflow/example_dags/example_skip_dag.py
[2021-09-30 07:32:15,926] {logging_mixin.py:104} INFO - [2021-09-30 07:32:15,926] {dag.py:1824} INFO - Sync 1 DAGs
[2021-09-30 07:32:15,935] {logging_mixin.py:104} INFO - [2021-09-30 07:32:15,935] {dag.py:2280} INFO - Setting next_dagrun for example_skip_dag to 2021-09-28 00:00:00+00:00
[2021-09-30 07:32:15,940] {scheduler_job.py:190} INFO - Processing /usr/local/lib/python3.6/dist-packages/airflow/example_dags/example_skip_dag.py took 0.033 seconds
[2021-09-30 07:32:46,579] {scheduler_job.py:182} INFO - Started process (PID=458) to work on /usr/local/lib/python3.6/dist-packages/airflow/example_dags/example_skip_dag.py
[2021-09-30 07:32:46,580] {scheduler_job.py:629} INFO - Processing file /usr/local/lib/python3.6/dist-packages/airflow/example_dags/example_skip_dag.py for tasks to queue
[2021-09-30 07:32:46,581] {logging_mixin.py:104} INFO - [2021-09-30 07:32:46,581] {dagbag.py:451} INFO - Filling up the DagBag from /usr/local/lib/python3.6/dist-packages/airflow/example_dags/example_skip_dag.py
[2021-09-30 07:32:46,589] {scheduler_job.py:639} INFO - DAG(s) dict_keys(['example_skip_dag']) retrieved from /usr/local/lib/python3.6/dist-packages/airflow/example_dags/example_skip_dag.py
[2021-09-30 07:32:46,608] {logging_mixin.py:104} INFO - [2021-09-30 07:32:46,608] {dag.py:1824} INFO - Sync 1 DAGs
[2021-09-30 07:32:46,620] {logging_mixin.py:104} INFO - [2021-09-30 07:32:46,620] {dag.py:2280} INFO - Setting next_dagrun for example_skip_dag to 2021-09-28 00:00:00+00:00
[2021-09-30 07:32:46,629] {scheduler_job.py:190} INFO - Processing /usr/local/lib/python3.6/dist-packages/airflow/example_dags/example_skip_dag.py took 0.052 seconds
[2021-09-30 07:33:16,649] {scheduler_job.py:182} INFO - Started process (PID=551) to work on /usr/local/lib/python3.6/dist-packages/airflow/example_dags/example_skip_dag.py
[2021-09-30 07:33:16,650] {scheduler_job.py:629} INFO - Processing file /usr/local/lib/python3.6/dist-packages/airflow/example_dags/example_skip_dag.py for tasks to queue
[2021-09-30 07:33:16,651] {logging_mixin.py:104} INFO - [2021-09-30 07:33:16,650] {dagbag.py:451} INFO - Filling up the DagBag from /usr/local/lib/python3.6/dist-packages/airflow/example_dags/example_skip_dag.py
[2021-09-30 07:33:16,657] {scheduler_job.py:639} INFO - DAG(s) dict_keys(['example_skip_dag']) retrieved from /usr/local/lib/python3.6/dist-packages/airflow/example_dags/example_skip_dag.py
[2021-09-30 07:33:16,669] {logging_mixin.py:104} INFO - [2021-09-30 07:33:16,669] {dag.py:1824} INFO - Sync 1 DAGs
[2021-09-30 07:33:16,679] {logging_mixin.py:104} INFO - [2021-09-30 07:33:16,678] {dag.py:2280} INFO - Setting next_dagrun for example_skip_dag to 2021-09-28 00:00:00+00:00
[2021-09-30 07:33:16,685] {scheduler_job.py:190} INFO - Processing /usr/local/lib/python3.6/dist-packages/airflow/example_dags/example_skip_dag.py took 0.038 seconds
[2021-09-30 07:33:43,902] {scheduler_job.py:182} INFO - Started process (PID=91) to work on /usr/local/lib/python3.6/dist-packages/airflow/example_dags/example_skip_dag.py
[2021-09-30 07:33:43,903] {scheduler_job.py:629} INFO - Processing file /usr/local/lib/python3.6/dist-packages/airflow/example_dags/example_skip_dag.py for tasks to queue
[2021-09-30 07:33:43,903] {logging_mixin.py:104} INFO - [2021-09-30 07:33:43,903] {dagbag.py:451} INFO - Filling up the DagBag from /usr/local/lib/python3.6/dist-packages/airflow/example_dags/example_skip_dag.py
[2021-09-30 07:33:43,910] {scheduler_job.py:639} INFO - DAG(s) dict_keys(['example_skip_dag']) retrieved from /usr/local/lib/python3.6/dist-packages/airflow/example_dags/example_skip_dag.py
[2021-09-30 07:33:43,924] {logging_mixin.py:104} INFO - [2021-09-30 07:33:43,923] {dag.py:1824} INFO - Sync 1 DAGs
[2021-09-30 07:33:43,933] {logging_mixin.py:104} INFO - [2021-09-30 07:33:43,933] {dag.py:2280} INFO - Setting next_dagrun for example_skip_dag to 2021-09-28 00:00:00+00:00
[2021-09-30 07:33:43,939] {scheduler_job.py:190} INFO - Processing /usr/local/lib/python3.6/dist-packages/airflow/example_dags/example_skip_dag.py took 0.038 seconds
[2021-09-30 07:34:14,902] {scheduler_job.py:182} INFO - Started process (PID=217) to work on /usr/local/lib/python3.6/dist-packages/airflow/example_dags/example_skip_dag.py
[2021-09-30 07:34:14,903] {scheduler_job.py:629} INFO - Processing file /usr/local/lib/python3.6/dist-packages/airflow/example_dags/example_skip_dag.py for tasks to queue
[2021-09-30 07:34:14,903] {logging_mixin.py:104} INFO - [2021-09-30 07:34:14,903] {dagbag.py:451} INFO - Filling up the DagBag from /usr/local/lib/python3.6/dist-packages/airflow/example_dags/example_skip_dag.py
[2021-09-30 07:34:14,910] {scheduler_job.py:639} INFO - DAG(s) dict_keys(['example_skip_dag']) retrieved from /usr/local/lib/python3.6/dist-packages/airflow/example_dags/example_skip_dag.py
[2021-09-30 07:34:14,926] {logging_mixin.py:104} INFO - [2021-09-30 07:34:14,926] {dag.py:1824} INFO - Sync 1 DAGs
[2021-09-30 07:34:14,936] {logging_mixin.py:104} INFO - [2021-09-30 07:34:14,936] {dag.py:2280} INFO - Setting next_dagrun for example_skip_dag to 2021-09-28 00:00:00+00:00
[2021-09-30 07:34:14,943] {scheduler_job.py:190} INFO - Processing /usr/local/lib/python3.6/dist-packages/airflow/example_dags/example_skip_dag.py took 0.042 seconds
[2021-09-30 07:34:45,909] {scheduler_job.py:182} INFO - Started process (PID=287) to work on /usr/local/lib/python3.6/dist-packages/airflow/example_dags/example_skip_dag.py
[2021-09-30 07:34:45,910] {scheduler_job.py:629} INFO - Processing file /usr/local/lib/python3.6/dist-packages/airflow/example_dags/example_skip_dag.py for tasks to queue
[2021-09-30 07:34:45,910] {logging_mixin.py:104} INFO - [2021-09-30 07:34:45,910] {dagbag.py:451} INFO - Filling up the DagBag from /usr/local/lib/python3.6/dist-packages/airflow/example_dags/example_skip_dag.py
[2021-09-30 07:34:45,925] {scheduler_job.py:639} INFO - DAG(s) dict_keys(['example_skip_dag']) retrieved from /usr/local/lib/python3.6/dist-packages/airflow/example_dags/example_skip_dag.py
[2021-09-30 07:34:45,945] {logging_mixin.py:104} INFO - [2021-09-30 07:34:45,945] {dag.py:1824} INFO - Sync 1 DAGs
[2021-09-30 07:34:45,957] {logging_mixin.py:104} INFO - [2021-09-30 07:34:45,957] {dag.py:2280} INFO - Setting next_dagrun for example_skip_dag to 2021-09-28 00:00:00+00:00
[2021-09-30 07:34:45,964] {scheduler_job.py:190} INFO - Processing /usr/local/lib/python3.6/dist-packages/airflow/example_dags/example_skip_dag.py took 0.057 seconds
[2021-09-30 07:36:11,702] {scheduler_job.py:182} INFO - Started process (PID=57) to work on /usr/local/lib/python3.6/dist-packages/airflow/example_dags/example_skip_dag.py
[2021-09-30 07:36:11,703] {scheduler_job.py:629} INFO - Processing file /usr/local/lib/python3.6/dist-packages/airflow/example_dags/example_skip_dag.py for tasks to queue
[2021-09-30 07:36:11,703] {logging_mixin.py:104} INFO - [2021-09-30 07:36:11,703] {dagbag.py:451} INFO - Filling up the DagBag from /usr/local/lib/python3.6/dist-packages/airflow/example_dags/example_skip_dag.py
[2021-09-30 07:36:11,709] {scheduler_job.py:639} INFO - DAG(s) dict_keys(['example_skip_dag']) retrieved from /usr/local/lib/python3.6/dist-packages/airflow/example_dags/example_skip_dag.py
[2021-09-30 07:36:11,723] {logging_mixin.py:104} INFO - [2021-09-30 07:36:11,723] {dag.py:1824} INFO - Sync 1 DAGs
[2021-09-30 07:36:11,735] {logging_mixin.py:104} INFO - [2021-09-30 07:36:11,735] {dag.py:2280} INFO - Setting next_dagrun for example_skip_dag to 2021-09-28 00:00:00+00:00
[2021-09-30 07:36:11,742] {scheduler_job.py:190} INFO - Processing /usr/local/lib/python3.6/dist-packages/airflow/example_dags/example_skip_dag.py took 0.042 seconds
[2021-09-30 07:36:42,588] {scheduler_job.py:182} INFO - Started process (PID=194) to work on /usr/local/lib/python3.6/dist-packages/airflow/example_dags/example_skip_dag.py
[2021-09-30 07:36:42,589] {scheduler_job.py:629} INFO - Processing file /usr/local/lib/python3.6/dist-packages/airflow/example_dags/example_skip_dag.py for tasks to queue
[2021-09-30 07:36:42,589] {logging_mixin.py:104} INFO - [2021-09-30 07:36:42,589] {dagbag.py:451} INFO - Filling up the DagBag from /usr/local/lib/python3.6/dist-packages/airflow/example_dags/example_skip_dag.py
[2021-09-30 07:36:42,597] {scheduler_job.py:639} INFO - DAG(s) dict_keys(['example_skip_dag']) retrieved from /usr/local/lib/python3.6/dist-packages/airflow/example_dags/example_skip_dag.py
[2021-09-30 07:36:42,612] {logging_mixin.py:104} INFO - [2021-09-30 07:36:42,612] {dag.py:1824} INFO - Sync 1 DAGs
[2021-09-30 07:36:42,622] {logging_mixin.py:104} INFO - [2021-09-30 07:36:42,622] {dag.py:2280} INFO - Setting next_dagrun for example_skip_dag to 2021-09-28 00:00:00+00:00
[2021-09-30 07:36:42,628] {scheduler_job.py:190} INFO - Processing /usr/local/lib/python3.6/dist-packages/airflow/example_dags/example_skip_dag.py took 0.042 seconds
[2021-09-30 07:37:28,773] {scheduler_job.py:182} INFO - Started process (PID=47) to work on /usr/local/lib/python3.6/dist-packages/airflow/example_dags/example_skip_dag.py
[2021-09-30 07:37:28,774] {scheduler_job.py:629} INFO - Processing file /usr/local/lib/python3.6/dist-packages/airflow/example_dags/example_skip_dag.py for tasks to queue
[2021-09-30 07:37:28,775] {logging_mixin.py:104} INFO - [2021-09-30 07:37:28,775] {dagbag.py:451} INFO - Filling up the DagBag from /usr/local/lib/python3.6/dist-packages/airflow/example_dags/example_skip_dag.py
[2021-09-30 07:37:28,783] {scheduler_job.py:639} INFO - DAG(s) dict_keys(['example_skip_dag']) retrieved from /usr/local/lib/python3.6/dist-packages/airflow/example_dags/example_skip_dag.py
[2021-09-30 07:37:28,800] {logging_mixin.py:104} INFO - [2021-09-30 07:37:28,800] {dag.py:1824} INFO - Sync 1 DAGs
[2021-09-30 07:37:28,813] {logging_mixin.py:104} INFO - [2021-09-30 07:37:28,813] {dag.py:2280} INFO - Setting next_dagrun for example_skip_dag to 2021-09-28 00:00:00+00:00
[2021-09-30 07:37:28,821] {scheduler_job.py:190} INFO - Processing /usr/local/lib/python3.6/dist-packages/airflow/example_dags/example_skip_dag.py took 0.052 seconds
[2021-09-30 07:37:58,874] {scheduler_job.py:182} INFO - Started process (PID=185) to work on /usr/local/lib/python3.6/dist-packages/airflow/example_dags/example_skip_dag.py
[2021-09-30 07:37:58,874] {scheduler_job.py:629} INFO - Processing file /usr/local/lib/python3.6/dist-packages/airflow/example_dags/example_skip_dag.py for tasks to queue
[2021-09-30 07:37:58,874] {logging_mixin.py:104} INFO - [2021-09-30 07:37:58,874] {dagbag.py:451} INFO - Filling up the DagBag from /usr/local/lib/python3.6/dist-packages/airflow/example_dags/example_skip_dag.py
[2021-09-30 07:37:58,880] {scheduler_job.py:639} INFO - DAG(s) dict_keys(['example_skip_dag']) retrieved from /usr/local/lib/python3.6/dist-packages/airflow/example_dags/example_skip_dag.py
[2021-09-30 07:37:58,891] {logging_mixin.py:104} INFO - [2021-09-30 07:37:58,891] {dag.py:1824} INFO - Sync 1 DAGs
[2021-09-30 07:37:58,899] {logging_mixin.py:104} INFO - [2021-09-30 07:37:58,899] {dag.py:2280} INFO - Setting next_dagrun for example_skip_dag to 2021-09-28 00:00:00+00:00
[2021-09-30 07:37:58,904] {scheduler_job.py:190} INFO - Processing /usr/local/lib/python3.6/dist-packages/airflow/example_dags/example_skip_dag.py took 0.032 seconds
[2021-09-30 07:38:29,599] {scheduler_job.py:182} INFO - Started process (PID=263) to work on /usr/local/lib/python3.6/dist-packages/airflow/example_dags/example_skip_dag.py
[2021-09-30 07:38:29,599] {scheduler_job.py:629} INFO - Processing file /usr/local/lib/python3.6/dist-packages/airflow/example_dags/example_skip_dag.py for tasks to queue
[2021-09-30 07:38:29,599] {logging_mixin.py:104} INFO - [2021-09-30 07:38:29,599] {dagbag.py:451} INFO - Filling up the DagBag from /usr/local/lib/python3.6/dist-packages/airflow/example_dags/example_skip_dag.py
[2021-09-30 07:38:29,605] {scheduler_job.py:639} INFO - DAG(s) dict_keys(['example_skip_dag']) retrieved from /usr/local/lib/python3.6/dist-packages/airflow/example_dags/example_skip_dag.py
[2021-09-30 07:38:29,618] {logging_mixin.py:104} INFO - [2021-09-30 07:38:29,618] {dag.py:1824} INFO - Sync 1 DAGs
[2021-09-30 07:38:29,627] {logging_mixin.py:104} INFO - [2021-09-30 07:38:29,626] {dag.py:2280} INFO - Setting next_dagrun for example_skip_dag to 2021-09-28 00:00:00+00:00
[2021-09-30 07:38:29,632] {scheduler_job.py:190} INFO - Processing /usr/local/lib/python3.6/dist-packages/airflow/example_dags/example_skip_dag.py took 0.035 seconds
[2021-09-30 07:39:00,274] {scheduler_job.py:182} INFO - Started process (PID=337) to work on /usr/local/lib/python3.6/dist-packages/airflow/example_dags/example_skip_dag.py
[2021-09-30 07:39:00,274] {scheduler_job.py:629} INFO - Processing file /usr/local/lib/python3.6/dist-packages/airflow/example_dags/example_skip_dag.py for tasks to queue
[2021-09-30 07:39:00,275] {logging_mixin.py:104} INFO - [2021-09-30 07:39:00,275] {dagbag.py:451} INFO - Filling up the DagBag from /usr/local/lib/python3.6/dist-packages/airflow/example_dags/example_skip_dag.py
[2021-09-30 07:39:00,280] {scheduler_job.py:639} INFO - DAG(s) dict_keys(['example_skip_dag']) retrieved from /usr/local/lib/python3.6/dist-packages/airflow/example_dags/example_skip_dag.py
[2021-09-30 07:39:00,291] {logging_mixin.py:104} INFO - [2021-09-30 07:39:00,291] {dag.py:1824} INFO - Sync 1 DAGs
[2021-09-30 07:39:00,300] {logging_mixin.py:104} INFO - [2021-09-30 07:39:00,300] {dag.py:2280} INFO - Setting next_dagrun for example_skip_dag to 2021-09-28 00:00:00+00:00
[2021-09-30 07:39:00,306] {scheduler_job.py:190} INFO - Processing /usr/local/lib/python3.6/dist-packages/airflow/example_dags/example_skip_dag.py took 0.033 seconds
[2021-09-30 07:39:30,964] {scheduler_job.py:182} INFO - Started process (PID=421) to work on /usr/local/lib/python3.6/dist-packages/airflow/example_dags/example_skip_dag.py
[2021-09-30 07:39:30,965] {scheduler_job.py:629} INFO - Processing file /usr/local/lib/python3.6/dist-packages/airflow/example_dags/example_skip_dag.py for tasks to queue
[2021-09-30 07:39:30,965] {logging_mixin.py:104} INFO - [2021-09-30 07:39:30,965] {dagbag.py:451} INFO - Filling up the DagBag from /usr/local/lib/python3.6/dist-packages/airflow/example_dags/example_skip_dag.py
[2021-09-30 07:39:30,971] {scheduler_job.py:639} INFO - DAG(s) dict_keys(['example_skip_dag']) retrieved from /usr/local/lib/python3.6/dist-packages/airflow/example_dags/example_skip_dag.py
[2021-09-30 07:39:30,984] {logging_mixin.py:104} INFO - [2021-09-30 07:39:30,983] {dag.py:1824} INFO - Sync 1 DAGs
[2021-09-30 07:39:30,993] {logging_mixin.py:104} INFO - [2021-09-30 07:39:30,993] {dag.py:2280} INFO - Setting next_dagrun for example_skip_dag to 2021-09-28 00:00:00+00:00
[2021-09-30 07:39:30,998] {scheduler_job.py:190} INFO - Processing /usr/local/lib/python3.6/dist-packages/airflow/example_dags/example_skip_dag.py took 0.036 seconds
[2021-09-30 07:40:01,200] {scheduler_job.py:182} INFO - Started process (PID=496) to work on /usr/local/lib/python3.6/dist-packages/airflow/example_dags/example_skip_dag.py
[2021-09-30 07:40:01,200] {scheduler_job.py:629} INFO - Processing file /usr/local/lib/python3.6/dist-packages/airflow/example_dags/example_skip_dag.py for tasks to queue
[2021-09-30 07:40:01,201] {logging_mixin.py:104} INFO - [2021-09-30 07:40:01,201] {dagbag.py:451} INFO - Filling up the DagBag from /usr/local/lib/python3.6/dist-packages/airflow/example_dags/example_skip_dag.py
[2021-09-30 07:40:01,206] {scheduler_job.py:639} INFO - DAG(s) dict_keys(['example_skip_dag']) retrieved from /usr/local/lib/python3.6/dist-packages/airflow/example_dags/example_skip_dag.py
[2021-09-30 07:40:01,219] {logging_mixin.py:104} INFO - [2021-09-30 07:40:01,219] {dag.py:1824} INFO - Sync 1 DAGs
[2021-09-30 07:40:01,228] {logging_mixin.py:104} INFO - [2021-09-30 07:40:01,228] {dag.py:2280} INFO - Setting next_dagrun for example_skip_dag to 2021-09-28 00:00:00+00:00
[2021-09-30 07:40:01,233] {scheduler_job.py:190} INFO - Processing /usr/local/lib/python3.6/dist-packages/airflow/example_dags/example_skip_dag.py took 0.035 seconds
[2021-09-30 07:40:31,904] {scheduler_job.py:182} INFO - Started process (PID=570) to work on /usr/local/lib/python3.6/dist-packages/airflow/example_dags/example_skip_dag.py
[2021-09-30 07:40:31,904] {scheduler_job.py:629} INFO - Processing file /usr/local/lib/python3.6/dist-packages/airflow/example_dags/example_skip_dag.py for tasks to queue
[2021-09-30 07:40:31,905] {logging_mixin.py:104} INFO - [2021-09-30 07:40:31,905] {dagbag.py:451} INFO - Filling up the DagBag from /usr/local/lib/python3.6/dist-packages/airflow/example_dags/example_skip_dag.py
[2021-09-30 07:40:31,910] {scheduler_job.py:639} INFO - DAG(s) dict_keys(['example_skip_dag']) retrieved from /usr/local/lib/python3.6/dist-packages/airflow/example_dags/example_skip_dag.py
[2021-09-30 07:40:31,923] {logging_mixin.py:104} INFO - [2021-09-30 07:40:31,923] {dag.py:1824} INFO - Sync 1 DAGs
[2021-09-30 07:40:31,933] {logging_mixin.py:104} INFO - [2021-09-30 07:40:31,933] {dag.py:2280} INFO - Setting next_dagrun for example_skip_dag to 2021-09-28 00:00:00+00:00
[2021-09-30 07:40:31,940] {scheduler_job.py:190} INFO - Processing /usr/local/lib/python3.6/dist-packages/airflow/example_dags/example_skip_dag.py took 0.037 seconds
[2021-09-30 07:41:02,584] {scheduler_job.py:182} INFO - Started process (PID=645) to work on /usr/local/lib/python3.6/dist-packages/airflow/example_dags/example_skip_dag.py
[2021-09-30 07:41:02,584] {scheduler_job.py:629} INFO - Processing file /usr/local/lib/python3.6/dist-packages/airflow/example_dags/example_skip_dag.py for tasks to queue
[2021-09-30 07:41:02,585] {logging_mixin.py:104} INFO - [2021-09-30 07:41:02,585] {dagbag.py:451} INFO - Filling up the DagBag from /usr/local/lib/python3.6/dist-packages/airflow/example_dags/example_skip_dag.py
[2021-09-30 07:41:02,592] {scheduler_job.py:639} INFO - DAG(s) dict_keys(['example_skip_dag']) retrieved from /usr/local/lib/python3.6/dist-packages/airflow/example_dags/example_skip_dag.py
[2021-09-30 07:41:02,603] {logging_mixin.py:104} INFO - [2021-09-30 07:41:02,603] {dag.py:1824} INFO - Sync 1 DAGs
[2021-09-30 07:41:02,612] {logging_mixin.py:104} INFO - [2021-09-30 07:41:02,612] {dag.py:2280} INFO - Setting next_dagrun for example_skip_dag to 2021-09-28 00:00:00+00:00
[2021-09-30 07:41:02,618] {scheduler_job.py:190} INFO - Processing /usr/local/lib/python3.6/dist-packages/airflow/example_dags/example_skip_dag.py took 0.036 seconds
[2021-09-30 07:41:33,283] {scheduler_job.py:182} INFO - Started process (PID=719) to work on /usr/local/lib/python3.6/dist-packages/airflow/example_dags/example_skip_dag.py
[2021-09-30 07:41:33,284] {scheduler_job.py:629} INFO - Processing file /usr/local/lib/python3.6/dist-packages/airflow/example_dags/example_skip_dag.py for tasks to queue
[2021-09-30 07:41:33,284] {logging_mixin.py:104} INFO - [2021-09-30 07:41:33,284] {dagbag.py:451} INFO - Filling up the DagBag from /usr/local/lib/python3.6/dist-packages/airflow/example_dags/example_skip_dag.py
[2021-09-30 07:41:33,293] {scheduler_job.py:639} INFO - DAG(s) dict_keys(['example_skip_dag']) retrieved from /usr/local/lib/python3.6/dist-packages/airflow/example_dags/example_skip_dag.py
[2021-09-30 07:41:33,353] {logging_mixin.py:104} INFO - [2021-09-30 07:41:33,353] {dag.py:1824} INFO - Sync 1 DAGs
[2021-09-30 07:41:33,363] {logging_mixin.py:104} INFO - [2021-09-30 07:41:33,363] {dag.py:2280} INFO - Setting next_dagrun for example_skip_dag to 2021-09-28 00:00:00+00:00
[2021-09-30 07:41:33,370] {scheduler_job.py:190} INFO - Processing /usr/local/lib/python3.6/dist-packages/airflow/example_dags/example_skip_dag.py took 0.089 seconds
[2021-09-30 07:42:04,020] {scheduler_job.py:182} INFO - Started process (PID=795) to work on /usr/local/lib/python3.6/dist-packages/airflow/example_dags/example_skip_dag.py
[2021-09-30 07:42:04,020] {scheduler_job.py:629} INFO - Processing file /usr/local/lib/python3.6/dist-packages/airflow/example_dags/example_skip_dag.py for tasks to queue
[2021-09-30 07:42:04,020] {logging_mixin.py:104} INFO - [2021-09-30 07:42:04,020] {dagbag.py:451} INFO - Filling up the DagBag from /usr/local/lib/python3.6/dist-packages/airflow/example_dags/example_skip_dag.py
[2021-09-30 07:42:04,026] {scheduler_job.py:639} INFO - DAG(s) dict_keys(['example_skip_dag']) retrieved from /usr/local/lib/python3.6/dist-packages/airflow/example_dags/example_skip_dag.py
[2021-09-30 07:42:04,039] {logging_mixin.py:104} INFO - [2021-09-30 07:42:04,039] {dag.py:1824} INFO - Sync 1 DAGs
[2021-09-30 07:42:04,051] {logging_mixin.py:104} INFO - [2021-09-30 07:42:04,051] {dag.py:2280} INFO - Setting next_dagrun for example_skip_dag to 2021-09-28 00:00:00+00:00
[2021-09-30 07:42:04,057] {scheduler_job.py:190} INFO - Processing /usr/local/lib/python3.6/dist-packages/airflow/example_dags/example_skip_dag.py took 0.040 seconds
[2021-09-30 07:42:34,867] {scheduler_job.py:182} INFO - Started process (PID=869) to work on /usr/local/lib/python3.6/dist-packages/airflow/example_dags/example_skip_dag.py
[2021-09-30 07:42:34,868] {scheduler_job.py:629} INFO - Processing file /usr/local/lib/python3.6/dist-packages/airflow/example_dags/example_skip_dag.py for tasks to queue
[2021-09-30 07:42:34,868] {logging_mixin.py:104} INFO - [2021-09-30 07:42:34,868] {dagbag.py:451} INFO - Filling up the DagBag from /usr/local/lib/python3.6/dist-packages/airflow/example_dags/example_skip_dag.py
[2021-09-30 07:42:34,883] {scheduler_job.py:639} INFO - DAG(s) dict_keys(['example_skip_dag']) retrieved from /usr/local/lib/python3.6/dist-packages/airflow/example_dags/example_skip_dag.py
[2021-09-30 07:42:34,905] {logging_mixin.py:104} INFO - [2021-09-30 07:42:34,905] {dag.py:1824} INFO - Sync 1 DAGs
[2021-09-30 07:42:34,916] {logging_mixin.py:104} INFO - [2021-09-30 07:42:34,916] {dag.py:2280} INFO - Setting next_dagrun for example_skip_dag to 2021-09-28 00:00:00+00:00
[2021-09-30 07:42:34,932] {scheduler_job.py:190} INFO - Processing /usr/local/lib/python3.6/dist-packages/airflow/example_dags/example_skip_dag.py took 0.067 seconds
[2021-09-30 07:43:04,997] {scheduler_job.py:182} INFO - Started process (PID=943) to work on /usr/local/lib/python3.6/dist-packages/airflow/example_dags/example_skip_dag.py
[2021-09-30 07:43:04,997] {scheduler_job.py:629} INFO - Processing file /usr/local/lib/python3.6/dist-packages/airflow/example_dags/example_skip_dag.py for tasks to queue
[2021-09-30 07:43:04,997] {logging_mixin.py:104} INFO - [2021-09-30 07:43:04,997] {dagbag.py:451} INFO - Filling up the DagBag from /usr/local/lib/python3.6/dist-packages/airflow/example_dags/example_skip_dag.py
[2021-09-30 07:43:05,007] {scheduler_job.py:639} INFO - DAG(s) dict_keys(['example_skip_dag']) retrieved from /usr/local/lib/python3.6/dist-packages/airflow/example_dags/example_skip_dag.py
[2021-09-30 07:43:05,024] {logging_mixin.py:104} INFO - [2021-09-30 07:43:05,024] {dag.py:1824} INFO - Sync 1 DAGs
[2021-09-30 07:43:05,038] {logging_mixin.py:104} INFO - [2021-09-30 07:43:05,038] {dag.py:2280} INFO - Setting next_dagrun for example_skip_dag to 2021-09-28 00:00:00+00:00
[2021-09-30 07:43:05,051] {scheduler_job.py:190} INFO - Processing /usr/local/lib/python3.6/dist-packages/airflow/example_dags/example_skip_dag.py took 0.057 seconds
[2021-09-30 07:43:49,371] {scheduler_job.py:182} INFO - Started process (PID=51) to work on /usr/local/lib/python3.6/dist-packages/airflow/example_dags/example_skip_dag.py
[2021-09-30 07:43:49,372] {scheduler_job.py:629} INFO - Processing file /usr/local/lib/python3.6/dist-packages/airflow/example_dags/example_skip_dag.py for tasks to queue
[2021-09-30 07:43:49,373] {logging_mixin.py:104} INFO - [2021-09-30 07:43:49,373] {dagbag.py:451} INFO - Filling up the DagBag from /usr/local/lib/python3.6/dist-packages/airflow/example_dags/example_skip_dag.py
[2021-09-30 07:43:49,384] {scheduler_job.py:639} INFO - DAG(s) dict_keys(['example_skip_dag']) retrieved from /usr/local/lib/python3.6/dist-packages/airflow/example_dags/example_skip_dag.py
[2021-09-30 07:43:49,407] {logging_mixin.py:104} INFO - [2021-09-30 07:43:49,407] {dag.py:1824} INFO - Sync 1 DAGs
[2021-09-30 07:43:49,425] {logging_mixin.py:104} INFO - [2021-09-30 07:43:49,425] {dag.py:2280} INFO - Setting next_dagrun for example_skip_dag to 2021-09-28 00:00:00+00:00
[2021-09-30 07:43:49,439] {scheduler_job.py:190} INFO - Processing /usr/local/lib/python3.6/dist-packages/airflow/example_dags/example_skip_dag.py took 0.071 seconds
[2021-09-30 07:44:19,950] {scheduler_job.py:182} INFO - Started process (PID=191) to work on /usr/local/lib/python3.6/dist-packages/airflow/example_dags/example_skip_dag.py
[2021-09-30 07:44:19,951] {scheduler_job.py:629} INFO - Processing file /usr/local/lib/python3.6/dist-packages/airflow/example_dags/example_skip_dag.py for tasks to queue
[2021-09-30 07:44:19,952] {logging_mixin.py:104} INFO - [2021-09-30 07:44:19,952] {dagbag.py:451} INFO - Filling up the DagBag from /usr/local/lib/python3.6/dist-packages/airflow/example_dags/example_skip_dag.py
[2021-09-30 07:44:19,960] {scheduler_job.py:639} INFO - DAG(s) dict_keys(['example_skip_dag']) retrieved from /usr/local/lib/python3.6/dist-packages/airflow/example_dags/example_skip_dag.py
[2021-09-30 07:44:19,975] {logging_mixin.py:104} INFO - [2021-09-30 07:44:19,975] {dag.py:1824} INFO - Sync 1 DAGs
[2021-09-30 07:44:19,986] {logging_mixin.py:104} INFO - [2021-09-30 07:44:19,986] {dag.py:2280} INFO - Setting next_dagrun for example_skip_dag to 2021-09-28 00:00:00+00:00
[2021-09-30 07:44:19,993] {scheduler_job.py:190} INFO - Processing /usr/local/lib/python3.6/dist-packages/airflow/example_dags/example_skip_dag.py took 0.045 seconds
[2021-09-30 07:44:50,826] {scheduler_job.py:182} INFO - Started process (PID=266) to work on /usr/local/lib/python3.6/dist-packages/airflow/example_dags/example_skip_dag.py
[2021-09-30 07:44:50,827] {scheduler_job.py:629} INFO - Processing file /usr/local/lib/python3.6/dist-packages/airflow/example_dags/example_skip_dag.py for tasks to queue
[2021-09-30 07:44:50,828] {logging_mixin.py:104} INFO - [2021-09-30 07:44:50,827] {dagbag.py:451} INFO - Filling up the DagBag from /usr/local/lib/python3.6/dist-packages/airflow/example_dags/example_skip_dag.py
[2021-09-30 07:44:50,834] {scheduler_job.py:639} INFO - DAG(s) dict_keys(['example_skip_dag']) retrieved from /usr/local/lib/python3.6/dist-packages/airflow/example_dags/example_skip_dag.py
[2021-09-30 07:44:50,850] {logging_mixin.py:104} INFO - [2021-09-30 07:44:50,850] {dag.py:1824} INFO - Sync 1 DAGs
[2021-09-30 07:44:50,861] {logging_mixin.py:104} INFO - [2021-09-30 07:44:50,861] {dag.py:2280} INFO - Setting next_dagrun for example_skip_dag to 2021-09-28 00:00:00+00:00
[2021-09-30 07:44:50,869] {scheduler_job.py:190} INFO - Processing /usr/local/lib/python3.6/dist-packages/airflow/example_dags/example_skip_dag.py took 0.045 seconds
[2021-09-30 07:45:21,211] {scheduler_job.py:182} INFO - Started process (PID=344) to work on /usr/local/lib/python3.6/dist-packages/airflow/example_dags/example_skip_dag.py
[2021-09-30 07:45:21,212] {scheduler_job.py:629} INFO - Processing file /usr/local/lib/python3.6/dist-packages/airflow/example_dags/example_skip_dag.py for tasks to queue
[2021-09-30 07:45:21,212] {logging_mixin.py:104} INFO - [2021-09-30 07:45:21,212] {dagbag.py:451} INFO - Filling up the DagBag from /usr/local/lib/python3.6/dist-packages/airflow/example_dags/example_skip_dag.py
[2021-09-30 07:45:21,220] {scheduler_job.py:639} INFO - DAG(s) dict_keys(['example_skip_dag']) retrieved from /usr/local/lib/python3.6/dist-packages/airflow/example_dags/example_skip_dag.py
[2021-09-30 07:45:21,236] {logging_mixin.py:104} INFO - [2021-09-30 07:45:21,236] {dag.py:1824} INFO - Sync 1 DAGs
[2021-09-30 07:45:21,248] {logging_mixin.py:104} INFO - [2021-09-30 07:45:21,247] {dag.py:2280} INFO - Setting next_dagrun for example_skip_dag to 2021-09-28 00:00:00+00:00
[2021-09-30 07:45:21,255] {scheduler_job.py:190} INFO - Processing /usr/local/lib/python3.6/dist-packages/airflow/example_dags/example_skip_dag.py took 0.046 seconds
[2021-09-30 07:45:51,802] {scheduler_job.py:182} INFO - Started process (PID=418) to work on /usr/local/lib/python3.6/dist-packages/airflow/example_dags/example_skip_dag.py
[2021-09-30 07:45:51,802] {scheduler_job.py:629} INFO - Processing file /usr/local/lib/python3.6/dist-packages/airflow/example_dags/example_skip_dag.py for tasks to queue
[2021-09-30 07:45:51,803] {logging_mixin.py:104} INFO - [2021-09-30 07:45:51,803] {dagbag.py:451} INFO - Filling up the DagBag from /usr/local/lib/python3.6/dist-packages/airflow/example_dags/example_skip_dag.py
[2021-09-30 07:45:51,813] {scheduler_job.py:639} INFO - DAG(s) dict_keys(['example_skip_dag']) retrieved from /usr/local/lib/python3.6/dist-packages/airflow/example_dags/example_skip_dag.py
[2021-09-30 07:45:51,830] {logging_mixin.py:104} INFO - [2021-09-30 07:45:51,830] {dag.py:1824} INFO - Sync 1 DAGs
[2021-09-30 07:45:51,842] {logging_mixin.py:104} INFO - [2021-09-30 07:45:51,842] {dag.py:2280} INFO - Setting next_dagrun for example_skip_dag to 2021-09-28 00:00:00+00:00
[2021-09-30 07:45:51,850] {scheduler_job.py:190} INFO - Processing /usr/local/lib/python3.6/dist-packages/airflow/example_dags/example_skip_dag.py took 0.050 seconds
[2021-09-30 07:46:22,074] {scheduler_job.py:182} INFO - Started process (PID=502) to work on /usr/local/lib/python3.6/dist-packages/airflow/example_dags/example_skip_dag.py
[2021-09-30 07:46:22,075] {scheduler_job.py:629} INFO - Processing file /usr/local/lib/python3.6/dist-packages/airflow/example_dags/example_skip_dag.py for tasks to queue
[2021-09-30 07:46:22,076] {logging_mixin.py:104} INFO - [2021-09-30 07:46:22,076] {dagbag.py:451} INFO - Filling up the DagBag from /usr/local/lib/python3.6/dist-packages/airflow/example_dags/example_skip_dag.py
[2021-09-30 07:46:22,087] {scheduler_job.py:639} INFO - DAG(s) dict_keys(['example_skip_dag']) retrieved from /usr/local/lib/python3.6/dist-packages/airflow/example_dags/example_skip_dag.py
[2021-09-30 07:46:22,108] {logging_mixin.py:104} INFO - [2021-09-30 07:46:22,108] {dag.py:1824} INFO - Sync 1 DAGs
[2021-09-30 07:46:22,125] {logging_mixin.py:104} INFO - [2021-09-30 07:46:22,125] {dag.py:2280} INFO - Setting next_dagrun for example_skip_dag to 2021-09-28 00:00:00+00:00
[2021-09-30 07:46:22,133] {scheduler_job.py:190} INFO - Processing /usr/local/lib/python3.6/dist-packages/airflow/example_dags/example_skip_dag.py took 0.063 seconds
[2021-09-30 07:46:52,380] {scheduler_job.py:182} INFO - Started process (PID=578) to work on /usr/local/lib/python3.6/dist-packages/airflow/example_dags/example_skip_dag.py
[2021-09-30 07:46:52,381] {scheduler_job.py:629} INFO - Processing file /usr/local/lib/python3.6/dist-packages/airflow/example_dags/example_skip_dag.py for tasks to queue
[2021-09-30 07:46:52,382] {logging_mixin.py:104} INFO - [2021-09-30 07:46:52,382] {dagbag.py:451} INFO - Filling up the DagBag from /usr/local/lib/python3.6/dist-packages/airflow/example_dags/example_skip_dag.py
[2021-09-30 07:46:52,389] {scheduler_job.py:639} INFO - DAG(s) dict_keys(['example_skip_dag']) retrieved from /usr/local/lib/python3.6/dist-packages/airflow/example_dags/example_skip_dag.py
[2021-09-30 07:46:52,405] {logging_mixin.py:104} INFO - [2021-09-30 07:46:52,405] {dag.py:1824} INFO - Sync 1 DAGs
[2021-09-30 07:46:52,420] {logging_mixin.py:104} INFO - [2021-09-30 07:46:52,420] {dag.py:2280} INFO - Setting next_dagrun for example_skip_dag to 2021-09-28 00:00:00+00:00
[2021-09-30 07:46:52,429] {scheduler_job.py:190} INFO - Processing /usr/local/lib/python3.6/dist-packages/airflow/example_dags/example_skip_dag.py took 0.051 seconds
[2021-09-30 07:47:22,825] {scheduler_job.py:182} INFO - Started process (PID=652) to work on /usr/local/lib/python3.6/dist-packages/airflow/example_dags/example_skip_dag.py
[2021-09-30 07:47:22,826] {scheduler_job.py:629} INFO - Processing file /usr/local/lib/python3.6/dist-packages/airflow/example_dags/example_skip_dag.py for tasks to queue
[2021-09-30 07:47:22,826] {logging_mixin.py:104} INFO - [2021-09-30 07:47:22,826] {dagbag.py:451} INFO - Filling up the DagBag from /usr/local/lib/python3.6/dist-packages/airflow/example_dags/example_skip_dag.py
[2021-09-30 07:47:22,834] {scheduler_job.py:639} INFO - DAG(s) dict_keys(['example_skip_dag']) retrieved from /usr/local/lib/python3.6/dist-packages/airflow/example_dags/example_skip_dag.py
[2021-09-30 07:47:22,851] {logging_mixin.py:104} INFO - [2021-09-30 07:47:22,851] {dag.py:1824} INFO - Sync 1 DAGs
[2021-09-30 07:47:22,865] {logging_mixin.py:104} INFO - [2021-09-30 07:47:22,865] {dag.py:2280} INFO - Setting next_dagrun for example_skip_dag to 2021-09-28 00:00:00+00:00
[2021-09-30 07:47:22,873] {scheduler_job.py:190} INFO - Processing /usr/local/lib/python3.6/dist-packages/airflow/example_dags/example_skip_dag.py took 0.050 seconds
[2021-09-30 07:47:52,890] {scheduler_job.py:182} INFO - Started process (PID=724) to work on /usr/local/lib/python3.6/dist-packages/airflow/example_dags/example_skip_dag.py
[2021-09-30 07:47:52,891] {scheduler_job.py:629} INFO - Processing file /usr/local/lib/python3.6/dist-packages/airflow/example_dags/example_skip_dag.py for tasks to queue
[2021-09-30 07:47:52,892] {logging_mixin.py:104} INFO - [2021-09-30 07:47:52,892] {dagbag.py:451} INFO - Filling up the DagBag from /usr/local/lib/python3.6/dist-packages/airflow/example_dags/example_skip_dag.py
[2021-09-30 07:47:52,900] {scheduler_job.py:639} INFO - DAG(s) dict_keys(['example_skip_dag']) retrieved from /usr/local/lib/python3.6/dist-packages/airflow/example_dags/example_skip_dag.py
[2021-09-30 07:47:52,914] {logging_mixin.py:104} INFO - [2021-09-30 07:47:52,914] {dag.py:1824} INFO - Sync 1 DAGs
[2021-09-30 07:47:52,925] {logging_mixin.py:104} INFO - [2021-09-30 07:47:52,925] {dag.py:2280} INFO - Setting next_dagrun for example_skip_dag to 2021-09-28 00:00:00+00:00
[2021-09-30 07:47:52,932] {scheduler_job.py:190} INFO - Processing /usr/local/lib/python3.6/dist-packages/airflow/example_dags/example_skip_dag.py took 0.044 seconds
[2021-09-30 07:48:23,221] {scheduler_job.py:182} INFO - Started process (PID=801) to work on /usr/local/lib/python3.6/dist-packages/airflow/example_dags/example_skip_dag.py
[2021-09-30 07:48:23,222] {scheduler_job.py:629} INFO - Processing file /usr/local/lib/python3.6/dist-packages/airflow/example_dags/example_skip_dag.py for tasks to queue
[2021-09-30 07:48:23,222] {logging_mixin.py:104} INFO - [2021-09-30 07:48:23,222] {dagbag.py:451} INFO - Filling up the DagBag from /usr/local/lib/python3.6/dist-packages/airflow/example_dags/example_skip_dag.py
[2021-09-30 07:48:23,231] {scheduler_job.py:639} INFO - DAG(s) dict_keys(['example_skip_dag']) retrieved from /usr/local/lib/python3.6/dist-packages/airflow/example_dags/example_skip_dag.py
[2021-09-30 07:48:23,249] {logging_mixin.py:104} INFO - [2021-09-30 07:48:23,249] {dag.py:1824} INFO - Sync 1 DAGs
[2021-09-30 07:48:23,263] {logging_mixin.py:104} INFO - [2021-09-30 07:48:23,263] {dag.py:2280} INFO - Setting next_dagrun for example_skip_dag to 2021-09-28 00:00:00+00:00
[2021-09-30 07:48:23,271] {scheduler_job.py:190} INFO - Processing /usr/local/lib/python3.6/dist-packages/airflow/example_dags/example_skip_dag.py took 0.053 seconds
[2021-09-30 07:48:53,342] {scheduler_job.py:182} INFO - Started process (PID=877) to work on /usr/local/lib/python3.6/dist-packages/airflow/example_dags/example_skip_dag.py
[2021-09-30 07:48:53,343] {scheduler_job.py:629} INFO - Processing file /usr/local/lib/python3.6/dist-packages/airflow/example_dags/example_skip_dag.py for tasks to queue
[2021-09-30 07:48:53,343] {logging_mixin.py:104} INFO - [2021-09-30 07:48:53,343] {dagbag.py:451} INFO - Filling up the DagBag from /usr/local/lib/python3.6/dist-packages/airflow/example_dags/example_skip_dag.py
[2021-09-30 07:48:53,352] {scheduler_job.py:639} INFO - DAG(s) dict_keys(['example_skip_dag']) retrieved from /usr/local/lib/python3.6/dist-packages/airflow/example_dags/example_skip_dag.py
[2021-09-30 07:48:53,371] {logging_mixin.py:104} INFO - [2021-09-30 07:48:53,371] {dag.py:1824} INFO - Sync 1 DAGs
[2021-09-30 07:48:53,383] {logging_mixin.py:104} INFO - [2021-09-30 07:48:53,383] {dag.py:2280} INFO - Setting next_dagrun for example_skip_dag to 2021-09-28 00:00:00+00:00
[2021-09-30 07:48:53,391] {scheduler_job.py:190} INFO - Processing /usr/local/lib/python3.6/dist-packages/airflow/example_dags/example_skip_dag.py took 0.052 seconds
[2021-09-30 07:49:23,625] {scheduler_job.py:182} INFO - Started process (PID=950) to work on /usr/local/lib/python3.6/dist-packages/airflow/example_dags/example_skip_dag.py
[2021-09-30 07:49:23,626] {scheduler_job.py:629} INFO - Processing file /usr/local/lib/python3.6/dist-packages/airflow/example_dags/example_skip_dag.py for tasks to queue
[2021-09-30 07:49:23,626] {logging_mixin.py:104} INFO - [2021-09-30 07:49:23,626] {dagbag.py:451} INFO - Filling up the DagBag from /usr/local/lib/python3.6/dist-packages/airflow/example_dags/example_skip_dag.py
[2021-09-30 07:49:23,634] {scheduler_job.py:639} INFO - DAG(s) dict_keys(['example_skip_dag']) retrieved from /usr/local/lib/python3.6/dist-packages/airflow/example_dags/example_skip_dag.py
[2021-09-30 07:49:23,650] {logging_mixin.py:104} INFO - [2021-09-30 07:49:23,650] {dag.py:1824} INFO - Sync 1 DAGs
[2021-09-30 07:49:23,662] {logging_mixin.py:104} INFO - [2021-09-30 07:49:23,662] {dag.py:2280} INFO - Setting next_dagrun for example_skip_dag to 2021-09-28 00:00:00+00:00
[2021-09-30 07:49:23,669] {scheduler_job.py:190} INFO - Processing /usr/local/lib/python3.6/dist-packages/airflow/example_dags/example_skip_dag.py took 0.047 seconds
[2021-09-30 07:49:53,902] {scheduler_job.py:182} INFO - Started process (PID=1024) to work on /usr/local/lib/python3.6/dist-packages/airflow/example_dags/example_skip_dag.py
[2021-09-30 07:49:53,903] {scheduler_job.py:629} INFO - Processing file /usr/local/lib/python3.6/dist-packages/airflow/example_dags/example_skip_dag.py for tasks to queue
[2021-09-30 07:49:53,904] {logging_mixin.py:104} INFO - [2021-09-30 07:49:53,904] {dagbag.py:451} INFO - Filling up the DagBag from /usr/local/lib/python3.6/dist-packages/airflow/example_dags/example_skip_dag.py
[2021-09-30 07:49:53,912] {scheduler_job.py:639} INFO - DAG(s) dict_keys(['example_skip_dag']) retrieved from /usr/local/lib/python3.6/dist-packages/airflow/example_dags/example_skip_dag.py
[2021-09-30 07:49:53,930] {logging_mixin.py:104} INFO - [2021-09-30 07:49:53,929] {dag.py:1824} INFO - Sync 1 DAGs
[2021-09-30 07:49:53,943] {logging_mixin.py:104} INFO - [2021-09-30 07:49:53,943] {dag.py:2280} INFO - Setting next_dagrun for example_skip_dag to 2021-09-28 00:00:00+00:00
[2021-09-30 07:49:53,951] {scheduler_job.py:190} INFO - Processing /usr/local/lib/python3.6/dist-packages/airflow/example_dags/example_skip_dag.py took 0.052 seconds
[2021-09-30 07:50:24,083] {scheduler_job.py:182} INFO - Started process (PID=1099) to work on /usr/local/lib/python3.6/dist-packages/airflow/example_dags/example_skip_dag.py
[2021-09-30 07:50:24,084] {scheduler_job.py:629} INFO - Processing file /usr/local/lib/python3.6/dist-packages/airflow/example_dags/example_skip_dag.py for tasks to queue
[2021-09-30 07:50:24,084] {logging_mixin.py:104} INFO - [2021-09-30 07:50:24,084] {dagbag.py:451} INFO - Filling up the DagBag from /usr/local/lib/python3.6/dist-packages/airflow/example_dags/example_skip_dag.py
[2021-09-30 07:50:24,092] {scheduler_job.py:639} INFO - DAG(s) dict_keys(['example_skip_dag']) retrieved from /usr/local/lib/python3.6/dist-packages/airflow/example_dags/example_skip_dag.py
[2021-09-30 07:50:24,108] {logging_mixin.py:104} INFO - [2021-09-30 07:50:24,108] {dag.py:1824} INFO - Sync 1 DAGs
[2021-09-30 07:50:24,120] {logging_mixin.py:104} INFO - [2021-09-30 07:50:24,120] {dag.py:2280} INFO - Setting next_dagrun for example_skip_dag to 2021-09-28 00:00:00+00:00
[2021-09-30 07:50:24,127] {scheduler_job.py:190} INFO - Processing /usr/local/lib/python3.6/dist-packages/airflow/example_dags/example_skip_dag.py took 0.046 seconds
[2021-09-30 07:50:54,234] {scheduler_job.py:182} INFO - Started process (PID=1173) to work on /usr/local/lib/python3.6/dist-packages/airflow/example_dags/example_skip_dag.py
[2021-09-30 07:50:54,235] {scheduler_job.py:629} INFO - Processing file /usr/local/lib/python3.6/dist-packages/airflow/example_dags/example_skip_dag.py for tasks to queue
[2021-09-30 07:50:54,236] {logging_mixin.py:104} INFO - [2021-09-30 07:50:54,236] {dagbag.py:451} INFO - Filling up the DagBag from /usr/local/lib/python3.6/dist-packages/airflow/example_dags/example_skip_dag.py
[2021-09-30 07:50:54,244] {scheduler_job.py:639} INFO - DAG(s) dict_keys(['example_skip_dag']) retrieved from /usr/local/lib/python3.6/dist-packages/airflow/example_dags/example_skip_dag.py
[2021-09-30 07:50:54,260] {logging_mixin.py:104} INFO - [2021-09-30 07:50:54,259] {dag.py:1824} INFO - Sync 1 DAGs
[2021-09-30 07:50:54,271] {logging_mixin.py:104} INFO - [2021-09-30 07:50:54,271] {dag.py:2280} INFO - Setting next_dagrun for example_skip_dag to 2021-09-28 00:00:00+00:00
[2021-09-30 07:50:54,279] {scheduler_job.py:190} INFO - Processing /usr/local/lib/python3.6/dist-packages/airflow/example_dags/example_skip_dag.py took 0.048 seconds
[2021-09-30 07:51:24,494] {scheduler_job.py:182} INFO - Started process (PID=1247) to work on /usr/local/lib/python3.6/dist-packages/airflow/example_dags/example_skip_dag.py
[2021-09-30 07:51:24,495] {scheduler_job.py:629} INFO - Processing file /usr/local/lib/python3.6/dist-packages/airflow/example_dags/example_skip_dag.py for tasks to queue
[2021-09-30 07:51:24,495] {logging_mixin.py:104} INFO - [2021-09-30 07:51:24,495] {dagbag.py:451} INFO - Filling up the DagBag from /usr/local/lib/python3.6/dist-packages/airflow/example_dags/example_skip_dag.py
[2021-09-30 07:51:24,504] {scheduler_job.py:639} INFO - DAG(s) dict_keys(['example_skip_dag']) retrieved from /usr/local/lib/python3.6/dist-packages/airflow/example_dags/example_skip_dag.py
[2021-09-30 07:51:24,520] {logging_mixin.py:104} INFO - [2021-09-30 07:51:24,519] {dag.py:1824} INFO - Sync 1 DAGs
[2021-09-30 07:51:24,531] {logging_mixin.py:104} INFO - [2021-09-30 07:51:24,531] {dag.py:2280} INFO - Setting next_dagrun for example_skip_dag to 2021-09-28 00:00:00+00:00
[2021-09-30 07:51:24,539] {scheduler_job.py:190} INFO - Processing /usr/local/lib/python3.6/dist-packages/airflow/example_dags/example_skip_dag.py took 0.048 seconds
[2021-09-30 07:51:55,437] {scheduler_job.py:182} INFO - Started process (PID=1326) to work on /usr/local/lib/python3.6/dist-packages/airflow/example_dags/example_skip_dag.py
[2021-09-30 07:51:55,438] {scheduler_job.py:629} INFO - Processing file /usr/local/lib/python3.6/dist-packages/airflow/example_dags/example_skip_dag.py for tasks to queue
[2021-09-30 07:51:55,439] {logging_mixin.py:104} INFO - [2021-09-30 07:51:55,439] {dagbag.py:451} INFO - Filling up the DagBag from /usr/local/lib/python3.6/dist-packages/airflow/example_dags/example_skip_dag.py
[2021-09-30 07:51:55,449] {scheduler_job.py:639} INFO - DAG(s) dict_keys(['example_skip_dag']) retrieved from /usr/local/lib/python3.6/dist-packages/airflow/example_dags/example_skip_dag.py
[2021-09-30 07:51:55,465] {logging_mixin.py:104} INFO - [2021-09-30 07:51:55,465] {dag.py:1824} INFO - Sync 1 DAGs
[2021-09-30 07:51:55,477] {logging_mixin.py:104} INFO - [2021-09-30 07:51:55,477] {dag.py:2280} INFO - Setting next_dagrun for example_skip_dag to 2021-09-28 00:00:00+00:00
[2021-09-30 07:51:55,485] {scheduler_job.py:190} INFO - Processing /usr/local/lib/python3.6/dist-packages/airflow/example_dags/example_skip_dag.py took 0.049 seconds
[2021-09-30 07:52:25,535] {scheduler_job.py:182} INFO - Started process (PID=1386) to work on /usr/local/lib/python3.6/dist-packages/airflow/example_dags/example_skip_dag.py
[2021-09-30 07:52:25,536] {scheduler_job.py:629} INFO - Processing file /usr/local/lib/python3.6/dist-packages/airflow/example_dags/example_skip_dag.py for tasks to queue
[2021-09-30 07:52:25,536] {logging_mixin.py:104} INFO - [2021-09-30 07:52:25,536] {dagbag.py:451} INFO - Filling up the DagBag from /usr/local/lib/python3.6/dist-packages/airflow/example_dags/example_skip_dag.py
[2021-09-30 07:52:25,543] {scheduler_job.py:639} INFO - DAG(s) dict_keys(['example_skip_dag']) retrieved from /usr/local/lib/python3.6/dist-packages/airflow/example_dags/example_skip_dag.py
[2021-09-30 07:52:25,558] {logging_mixin.py:104} INFO - [2021-09-30 07:52:25,558] {dag.py:1824} INFO - Sync 1 DAGs
[2021-09-30 07:52:25,568] {logging_mixin.py:104} INFO - [2021-09-30 07:52:25,568] {dag.py:2280} INFO - Setting next_dagrun for example_skip_dag to 2021-09-28 00:00:00+00:00
[2021-09-30 07:52:25,575] {scheduler_job.py:190} INFO - Processing /usr/local/lib/python3.6/dist-packages/airflow/example_dags/example_skip_dag.py took 0.042 seconds
[2021-09-30 07:52:56,109] {scheduler_job.py:182} INFO - Started process (PID=1458) to work on /usr/local/lib/python3.6/dist-packages/airflow/example_dags/example_skip_dag.py
[2021-09-30 07:52:56,110] {scheduler_job.py:629} INFO - Processing file /usr/local/lib/python3.6/dist-packages/airflow/example_dags/example_skip_dag.py for tasks to queue
[2021-09-30 07:52:56,110] {logging_mixin.py:104} INFO - [2021-09-30 07:52:56,110] {dagbag.py:451} INFO - Filling up the DagBag from /usr/local/lib/python3.6/dist-packages/airflow/example_dags/example_skip_dag.py
[2021-09-30 07:52:56,118] {scheduler_job.py:639} INFO - DAG(s) dict_keys(['example_skip_dag']) retrieved from /usr/local/lib/python3.6/dist-packages/airflow/example_dags/example_skip_dag.py
[2021-09-30 07:52:56,136] {logging_mixin.py:104} INFO - [2021-09-30 07:52:56,136] {dag.py:1824} INFO - Sync 1 DAGs
[2021-09-30 07:52:56,149] {logging_mixin.py:104} INFO - [2021-09-30 07:52:56,149] {dag.py:2280} INFO - Setting next_dagrun for example_skip_dag to 2021-09-28 00:00:00+00:00
[2021-09-30 07:52:56,156] {scheduler_job.py:190} INFO - Processing /usr/local/lib/python3.6/dist-packages/airflow/example_dags/example_skip_dag.py took 0.050 seconds
[2021-09-30 07:53:26,195] {scheduler_job.py:182} INFO - Started process (PID=1532) to work on /usr/local/lib/python3.6/dist-packages/airflow/example_dags/example_skip_dag.py
[2021-09-30 07:53:26,195] {scheduler_job.py:629} INFO - Processing file /usr/local/lib/python3.6/dist-packages/airflow/example_dags/example_skip_dag.py for tasks to queue
[2021-09-30 07:53:26,196] {logging_mixin.py:104} INFO - [2021-09-30 07:53:26,196] {dagbag.py:451} INFO - Filling up the DagBag from /usr/local/lib/python3.6/dist-packages/airflow/example_dags/example_skip_dag.py
[2021-09-30 07:53:26,203] {scheduler_job.py:639} INFO - DAG(s) dict_keys(['example_skip_dag']) retrieved from /usr/local/lib/python3.6/dist-packages/airflow/example_dags/example_skip_dag.py
[2021-09-30 07:53:26,219] {logging_mixin.py:104} INFO - [2021-09-30 07:53:26,219] {dag.py:1824} INFO - Sync 1 DAGs
[2021-09-30 07:53:26,231] {logging_mixin.py:104} INFO - [2021-09-30 07:53:26,231] {dag.py:2280} INFO - Setting next_dagrun for example_skip_dag to 2021-09-28 00:00:00+00:00
[2021-09-30 07:53:26,238] {scheduler_job.py:190} INFO - Processing /usr/local/lib/python3.6/dist-packages/airflow/example_dags/example_skip_dag.py took 0.046 seconds
[2021-09-30 07:53:56,474] {scheduler_job.py:182} INFO - Started process (PID=1606) to work on /usr/local/lib/python3.6/dist-packages/airflow/example_dags/example_skip_dag.py
[2021-09-30 07:53:56,474] {scheduler_job.py:629} INFO - Processing file /usr/local/lib/python3.6/dist-packages/airflow/example_dags/example_skip_dag.py for tasks to queue
[2021-09-30 07:53:56,475] {logging_mixin.py:104} INFO - [2021-09-30 07:53:56,475] {dagbag.py:451} INFO - Filling up the DagBag from /usr/local/lib/python3.6/dist-packages/airflow/example_dags/example_skip_dag.py
[2021-09-30 07:53:56,482] {scheduler_job.py:639} INFO - DAG(s) dict_keys(['example_skip_dag']) retrieved from /usr/local/lib/python3.6/dist-packages/airflow/example_dags/example_skip_dag.py
[2021-09-30 07:53:56,497] {logging_mixin.py:104} INFO - [2021-09-30 07:53:56,497] {dag.py:1824} INFO - Sync 1 DAGs
[2021-09-30 07:53:56,509] {logging_mixin.py:104} INFO - [2021-09-30 07:53:56,509] {dag.py:2280} INFO - Setting next_dagrun for example_skip_dag to 2021-09-28 00:00:00+00:00
[2021-09-30 07:53:56,517] {scheduler_job.py:190} INFO - Processing /usr/local/lib/python3.6/dist-packages/airflow/example_dags/example_skip_dag.py took 0.046 seconds
[2021-09-30 07:54:26,851] {scheduler_job.py:182} INFO - Started process (PID=1680) to work on /usr/local/lib/python3.6/dist-packages/airflow/example_dags/example_skip_dag.py
[2021-09-30 07:54:26,852] {scheduler_job.py:629} INFO - Processing file /usr/local/lib/python3.6/dist-packages/airflow/example_dags/example_skip_dag.py for tasks to queue
[2021-09-30 07:54:26,852] {logging_mixin.py:104} INFO - [2021-09-30 07:54:26,852] {dagbag.py:451} INFO - Filling up the DagBag from /usr/local/lib/python3.6/dist-packages/airflow/example_dags/example_skip_dag.py
[2021-09-30 07:54:26,859] {scheduler_job.py:639} INFO - DAG(s) dict_keys(['example_skip_dag']) retrieved from /usr/local/lib/python3.6/dist-packages/airflow/example_dags/example_skip_dag.py
[2021-09-30 07:54:26,874] {logging_mixin.py:104} INFO - [2021-09-30 07:54:26,874] {dag.py:1824} INFO - Sync 1 DAGs
[2021-09-30 07:54:26,889] {logging_mixin.py:104} INFO - [2021-09-30 07:54:26,889] {dag.py:2280} INFO - Setting next_dagrun for example_skip_dag to 2021-09-28 00:00:00+00:00
[2021-09-30 07:54:26,897] {scheduler_job.py:190} INFO - Processing /usr/local/lib/python3.6/dist-packages/airflow/example_dags/example_skip_dag.py took 0.048 seconds
[2021-09-30 07:54:57,140] {scheduler_job.py:182} INFO - Started process (PID=1755) to work on /usr/local/lib/python3.6/dist-packages/airflow/example_dags/example_skip_dag.py
[2021-09-30 07:54:57,141] {scheduler_job.py:629} INFO - Processing file /usr/local/lib/python3.6/dist-packages/airflow/example_dags/example_skip_dag.py for tasks to queue
[2021-09-30 07:54:57,141] {logging_mixin.py:104} INFO - [2021-09-30 07:54:57,141] {dagbag.py:451} INFO - Filling up the DagBag from /usr/local/lib/python3.6/dist-packages/airflow/example_dags/example_skip_dag.py
[2021-09-30 07:54:57,150] {scheduler_job.py:639} INFO - DAG(s) dict_keys(['example_skip_dag']) retrieved from /usr/local/lib/python3.6/dist-packages/airflow/example_dags/example_skip_dag.py
[2021-09-30 07:54:57,163] {logging_mixin.py:104} INFO - [2021-09-30 07:54:57,163] {dag.py:1824} INFO - Sync 1 DAGs
[2021-09-30 07:54:57,174] {logging_mixin.py:104} INFO - [2021-09-30 07:54:57,174] {dag.py:2280} INFO - Setting next_dagrun for example_skip_dag to 2021-09-28 00:00:00+00:00
[2021-09-30 07:54:57,181] {scheduler_job.py:190} INFO - Processing /usr/local/lib/python3.6/dist-packages/airflow/example_dags/example_skip_dag.py took 0.043 seconds
[2021-09-30 07:55:27,438] {scheduler_job.py:182} INFO - Started process (PID=1829) to work on /usr/local/lib/python3.6/dist-packages/airflow/example_dags/example_skip_dag.py
[2021-09-30 07:55:27,439] {scheduler_job.py:629} INFO - Processing file /usr/local/lib/python3.6/dist-packages/airflow/example_dags/example_skip_dag.py for tasks to queue
[2021-09-30 07:55:27,439] {logging_mixin.py:104} INFO - [2021-09-30 07:55:27,439] {dagbag.py:451} INFO - Filling up the DagBag from /usr/local/lib/python3.6/dist-packages/airflow/example_dags/example_skip_dag.py
[2021-09-30 07:55:27,447] {scheduler_job.py:639} INFO - DAG(s) dict_keys(['example_skip_dag']) retrieved from /usr/local/lib/python3.6/dist-packages/airflow/example_dags/example_skip_dag.py
[2021-09-30 07:55:27,463] {logging_mixin.py:104} INFO - [2021-09-30 07:55:27,463] {dag.py:1824} INFO - Sync 1 DAGs
[2021-09-30 07:55:27,475] {logging_mixin.py:104} INFO - [2021-09-30 07:55:27,474] {dag.py:2280} INFO - Setting next_dagrun for example_skip_dag to 2021-09-28 00:00:00+00:00
[2021-09-30 07:55:27,481] {scheduler_job.py:190} INFO - Processing /usr/local/lib/python3.6/dist-packages/airflow/example_dags/example_skip_dag.py took 0.045 seconds
[2021-09-30 07:55:57,597] {scheduler_job.py:182} INFO - Started process (PID=1905) to work on /usr/local/lib/python3.6/dist-packages/airflow/example_dags/example_skip_dag.py
[2021-09-30 07:55:57,598] {scheduler_job.py:629} INFO - Processing file /usr/local/lib/python3.6/dist-packages/airflow/example_dags/example_skip_dag.py for tasks to queue
[2021-09-30 07:55:57,598] {logging_mixin.py:104} INFO - [2021-09-30 07:55:57,598] {dagbag.py:451} INFO - Filling up the DagBag from /usr/local/lib/python3.6/dist-packages/airflow/example_dags/example_skip_dag.py
[2021-09-30 07:55:57,605] {scheduler_job.py:639} INFO - DAG(s) dict_keys(['example_skip_dag']) retrieved from /usr/local/lib/python3.6/dist-packages/airflow/example_dags/example_skip_dag.py
[2021-09-30 07:55:57,619] {logging_mixin.py:104} INFO - [2021-09-30 07:55:57,619] {dag.py:1824} INFO - Sync 1 DAGs
[2021-09-30 07:55:57,631] {logging_mixin.py:104} INFO - [2021-09-30 07:55:57,631] {dag.py:2280} INFO - Setting next_dagrun for example_skip_dag to 2021-09-28 00:00:00+00:00
[2021-09-30 07:55:57,638] {scheduler_job.py:190} INFO - Processing /usr/local/lib/python3.6/dist-packages/airflow/example_dags/example_skip_dag.py took 0.044 seconds
[2021-09-30 07:56:27,742] {scheduler_job.py:182} INFO - Started process (PID=1981) to work on /usr/local/lib/python3.6/dist-packages/airflow/example_dags/example_skip_dag.py
[2021-09-30 07:56:27,743] {scheduler_job.py:629} INFO - Processing file /usr/local/lib/python3.6/dist-packages/airflow/example_dags/example_skip_dag.py for tasks to queue
[2021-09-30 07:56:27,743] {logging_mixin.py:104} INFO - [2021-09-30 07:56:27,743] {dagbag.py:451} INFO - Filling up the DagBag from /usr/local/lib/python3.6/dist-packages/airflow/example_dags/example_skip_dag.py
[2021-09-30 07:56:27,750] {scheduler_job.py:639} INFO - DAG(s) dict_keys(['example_skip_dag']) retrieved from /usr/local/lib/python3.6/dist-packages/airflow/example_dags/example_skip_dag.py
[2021-09-30 07:56:27,764] {logging_mixin.py:104} INFO - [2021-09-30 07:56:27,764] {dag.py:1824} INFO - Sync 1 DAGs
[2021-09-30 07:56:27,777] {logging_mixin.py:104} INFO - [2021-09-30 07:56:27,777] {dag.py:2280} INFO - Setting next_dagrun for example_skip_dag to 2021-09-28 00:00:00+00:00
[2021-09-30 07:56:27,785] {scheduler_job.py:190} INFO - Processing /usr/local/lib/python3.6/dist-packages/airflow/example_dags/example_skip_dag.py took 0.045 seconds
[2021-09-30 07:56:58,545] {scheduler_job.py:182} INFO - Started process (PID=2055) to work on /usr/local/lib/python3.6/dist-packages/airflow/example_dags/example_skip_dag.py
[2021-09-30 07:56:58,546] {scheduler_job.py:629} INFO - Processing file /usr/local/lib/python3.6/dist-packages/airflow/example_dags/example_skip_dag.py for tasks to queue
[2021-09-30 07:56:58,546] {logging_mixin.py:104} INFO - [2021-09-30 07:56:58,546] {dagbag.py:451} INFO - Filling up the DagBag from /usr/local/lib/python3.6/dist-packages/airflow/example_dags/example_skip_dag.py
[2021-09-30 07:56:58,553] {scheduler_job.py:639} INFO - DAG(s) dict_keys(['example_skip_dag']) retrieved from /usr/local/lib/python3.6/dist-packages/airflow/example_dags/example_skip_dag.py
[2021-09-30 07:56:58,567] {logging_mixin.py:104} INFO - [2021-09-30 07:56:58,567] {dag.py:1824} INFO - Sync 1 DAGs
[2021-09-30 07:56:58,579] {logging_mixin.py:104} INFO - [2021-09-30 07:56:58,579] {dag.py:2280} INFO - Setting next_dagrun for example_skip_dag to 2021-09-28 00:00:00+00:00
[2021-09-30 07:56:58,587] {scheduler_job.py:190} INFO - Processing /usr/local/lib/python3.6/dist-packages/airflow/example_dags/example_skip_dag.py took 0.044 seconds
[2021-09-30 07:57:29,335] {scheduler_job.py:182} INFO - Started process (PID=2129) to work on /usr/local/lib/python3.6/dist-packages/airflow/example_dags/example_skip_dag.py
[2021-09-30 07:57:29,336] {scheduler_job.py:629} INFO - Processing file /usr/local/lib/python3.6/dist-packages/airflow/example_dags/example_skip_dag.py for tasks to queue
[2021-09-30 07:57:29,336] {logging_mixin.py:104} INFO - [2021-09-30 07:57:29,336] {dagbag.py:451} INFO - Filling up the DagBag from /usr/local/lib/python3.6/dist-packages/airflow/example_dags/example_skip_dag.py
[2021-09-30 07:57:29,344] {scheduler_job.py:639} INFO - DAG(s) dict_keys(['example_skip_dag']) retrieved from /usr/local/lib/python3.6/dist-packages/airflow/example_dags/example_skip_dag.py
[2021-09-30 07:57:29,360] {logging_mixin.py:104} INFO - [2021-09-30 07:57:29,360] {dag.py:1824} INFO - Sync 1 DAGs
[2021-09-30 07:57:29,371] {logging_mixin.py:104} INFO - [2021-09-30 07:57:29,371] {dag.py:2280} INFO - Setting next_dagrun for example_skip_dag to 2021-09-28 00:00:00+00:00
[2021-09-30 07:57:29,378] {scheduler_job.py:190} INFO - Processing /usr/local/lib/python3.6/dist-packages/airflow/example_dags/example_skip_dag.py took 0.045 seconds
[2021-09-30 07:57:59,424] {scheduler_job.py:182} INFO - Started process (PID=2205) to work on /usr/local/lib/python3.6/dist-packages/airflow/example_dags/example_skip_dag.py
[2021-09-30 07:57:59,425] {scheduler_job.py:629} INFO - Processing file /usr/local/lib/python3.6/dist-packages/airflow/example_dags/example_skip_dag.py for tasks to queue
[2021-09-30 07:57:59,425] {logging_mixin.py:104} INFO - [2021-09-30 07:57:59,425] {dagbag.py:451} INFO - Filling up the DagBag from /usr/local/lib/python3.6/dist-packages/airflow/example_dags/example_skip_dag.py
[2021-09-30 07:57:59,432] {scheduler_job.py:639} INFO - DAG(s) dict_keys(['example_skip_dag']) retrieved from /usr/local/lib/python3.6/dist-packages/airflow/example_dags/example_skip_dag.py
[2021-09-30 07:57:59,447] {logging_mixin.py:104} INFO - [2021-09-30 07:57:59,447] {dag.py:1824} INFO - Sync 1 DAGs
[2021-09-30 07:57:59,458] {logging_mixin.py:104} INFO - [2021-09-30 07:57:59,458] {dag.py:2280} INFO - Setting next_dagrun for example_skip_dag to 2021-09-28 00:00:00+00:00
[2021-09-30 07:57:59,465] {scheduler_job.py:190} INFO - Processing /usr/local/lib/python3.6/dist-packages/airflow/example_dags/example_skip_dag.py took 0.043 seconds
[2021-09-30 07:58:29,549] {scheduler_job.py:182} INFO - Started process (PID=2279) to work on /usr/local/lib/python3.6/dist-packages/airflow/example_dags/example_skip_dag.py
[2021-09-30 07:58:29,549] {scheduler_job.py:629} INFO - Processing file /usr/local/lib/python3.6/dist-packages/airflow/example_dags/example_skip_dag.py for tasks to queue
[2021-09-30 07:58:29,550] {logging_mixin.py:104} INFO - [2021-09-30 07:58:29,550] {dagbag.py:451} INFO - Filling up the DagBag from /usr/local/lib/python3.6/dist-packages/airflow/example_dags/example_skip_dag.py
[2021-09-30 07:58:29,558] {scheduler_job.py:639} INFO - DAG(s) dict_keys(['example_skip_dag']) retrieved from /usr/local/lib/python3.6/dist-packages/airflow/example_dags/example_skip_dag.py
[2021-09-30 07:58:29,572] {logging_mixin.py:104} INFO - [2021-09-30 07:58:29,572] {dag.py:1824} INFO - Sync 1 DAGs
[2021-09-30 07:58:29,584] {logging_mixin.py:104} INFO - [2021-09-30 07:58:29,584] {dag.py:2280} INFO - Setting next_dagrun for example_skip_dag to 2021-09-28 00:00:00+00:00
[2021-09-30 07:58:29,590] {scheduler_job.py:190} INFO - Processing /usr/local/lib/python3.6/dist-packages/airflow/example_dags/example_skip_dag.py took 0.044 seconds
[2021-09-30 07:58:59,764] {scheduler_job.py:182} INFO - Started process (PID=2355) to work on /usr/local/lib/python3.6/dist-packages/airflow/example_dags/example_skip_dag.py
[2021-09-30 07:58:59,764] {scheduler_job.py:629} INFO - Processing file /usr/local/lib/python3.6/dist-packages/airflow/example_dags/example_skip_dag.py for tasks to queue
[2021-09-30 07:58:59,765] {logging_mixin.py:104} INFO - [2021-09-30 07:58:59,765] {dagbag.py:451} INFO - Filling up the DagBag from /usr/local/lib/python3.6/dist-packages/airflow/example_dags/example_skip_dag.py
[2021-09-30 07:58:59,773] {scheduler_job.py:639} INFO - DAG(s) dict_keys(['example_skip_dag']) retrieved from /usr/local/lib/python3.6/dist-packages/airflow/example_dags/example_skip_dag.py
[2021-09-30 07:58:59,788] {logging_mixin.py:104} INFO - [2021-09-30 07:58:59,787] {dag.py:1824} INFO - Sync 1 DAGs
[2021-09-30 07:58:59,799] {logging_mixin.py:104} INFO - [2021-09-30 07:58:59,799] {dag.py:2280} INFO - Setting next_dagrun for example_skip_dag to 2021-09-28 00:00:00+00:00
[2021-09-30 07:58:59,806] {scheduler_job.py:190} INFO - Processing /usr/local/lib/python3.6/dist-packages/airflow/example_dags/example_skip_dag.py took 0.044 seconds
[2021-09-30 07:59:29,902] {scheduler_job.py:182} INFO - Started process (PID=2429) to work on /usr/local/lib/python3.6/dist-packages/airflow/example_dags/example_skip_dag.py
[2021-09-30 07:59:29,903] {scheduler_job.py:629} INFO - Processing file /usr/local/lib/python3.6/dist-packages/airflow/example_dags/example_skip_dag.py for tasks to queue
[2021-09-30 07:59:29,904] {logging_mixin.py:104} INFO - [2021-09-30 07:59:29,904] {dagbag.py:451} INFO - Filling up the DagBag from /usr/local/lib/python3.6/dist-packages/airflow/example_dags/example_skip_dag.py
[2021-09-30 07:59:29,912] {scheduler_job.py:639} INFO - DAG(s) dict_keys(['example_skip_dag']) retrieved from /usr/local/lib/python3.6/dist-packages/airflow/example_dags/example_skip_dag.py
[2021-09-30 07:59:29,928] {logging_mixin.py:104} INFO - [2021-09-30 07:59:29,927] {dag.py:1824} INFO - Sync 1 DAGs
[2021-09-30 07:59:29,939] {logging_mixin.py:104} INFO - [2021-09-30 07:59:29,938] {dag.py:2280} INFO - Setting next_dagrun for example_skip_dag to 2021-09-28 00:00:00+00:00
[2021-09-30 07:59:29,946] {scheduler_job.py:190} INFO - Processing /usr/local/lib/python3.6/dist-packages/airflow/example_dags/example_skip_dag.py took 0.046 seconds
[2021-09-30 08:00:00,168] {scheduler_job.py:182} INFO - Started process (PID=2505) to work on /usr/local/lib/python3.6/dist-packages/airflow/example_dags/example_skip_dag.py
[2021-09-30 08:00:00,169] {scheduler_job.py:629} INFO - Processing file /usr/local/lib/python3.6/dist-packages/airflow/example_dags/example_skip_dag.py for tasks to queue
[2021-09-30 08:00:00,169] {logging_mixin.py:104} INFO - [2021-09-30 08:00:00,169] {dagbag.py:451} INFO - Filling up the DagBag from /usr/local/lib/python3.6/dist-packages/airflow/example_dags/example_skip_dag.py
[2021-09-30 08:00:00,177] {scheduler_job.py:639} INFO - DAG(s) dict_keys(['example_skip_dag']) retrieved from /usr/local/lib/python3.6/dist-packages/airflow/example_dags/example_skip_dag.py
[2021-09-30 08:00:00,191] {logging_mixin.py:104} INFO - [2021-09-30 08:00:00,191] {dag.py:1824} INFO - Sync 1 DAGs
[2021-09-30 08:00:00,203] {logging_mixin.py:104} INFO - [2021-09-30 08:00:00,203] {dag.py:2280} INFO - Setting next_dagrun for example_skip_dag to 2021-09-28 00:00:00+00:00
[2021-09-30 08:00:00,211] {scheduler_job.py:190} INFO - Processing /usr/local/lib/python3.6/dist-packages/airflow/example_dags/example_skip_dag.py took 0.046 seconds
[2021-09-30 08:00:30,353] {scheduler_job.py:182} INFO - Started process (PID=2579) to work on /usr/local/lib/python3.6/dist-packages/airflow/example_dags/example_skip_dag.py
[2021-09-30 08:00:30,353] {scheduler_job.py:629} INFO - Processing file /usr/local/lib/python3.6/dist-packages/airflow/example_dags/example_skip_dag.py for tasks to queue
[2021-09-30 08:00:30,354] {logging_mixin.py:104} INFO - [2021-09-30 08:00:30,354] {dagbag.py:451} INFO - Filling up the DagBag from /usr/local/lib/python3.6/dist-packages/airflow/example_dags/example_skip_dag.py
[2021-09-30 08:00:30,362] {scheduler_job.py:639} INFO - DAG(s) dict_keys(['example_skip_dag']) retrieved from /usr/local/lib/python3.6/dist-packages/airflow/example_dags/example_skip_dag.py
[2021-09-30 08:00:30,378] {logging_mixin.py:104} INFO - [2021-09-30 08:00:30,378] {dag.py:1824} INFO - Sync 1 DAGs
[2021-09-30 08:00:30,389] {logging_mixin.py:104} INFO - [2021-09-30 08:00:30,389] {dag.py:2280} INFO - Setting next_dagrun for example_skip_dag to 2021-09-28 00:00:00+00:00
[2021-09-30 08:00:30,396] {scheduler_job.py:190} INFO - Processing /usr/local/lib/python3.6/dist-packages/airflow/example_dags/example_skip_dag.py took 0.046 seconds
[2021-09-30 08:01:01,363] {scheduler_job.py:182} INFO - Started process (PID=2645) to work on /usr/local/lib/python3.6/dist-packages/airflow/example_dags/example_skip_dag.py
[2021-09-30 08:01:01,365] {scheduler_job.py:629} INFO - Processing file /usr/local/lib/python3.6/dist-packages/airflow/example_dags/example_skip_dag.py for tasks to queue
[2021-09-30 08:01:01,365] {logging_mixin.py:104} INFO - [2021-09-30 08:01:01,365] {dagbag.py:451} INFO - Filling up the DagBag from /usr/local/lib/python3.6/dist-packages/airflow/example_dags/example_skip_dag.py
[2021-09-30 08:01:01,372] {scheduler_job.py:639} INFO - DAG(s) dict_keys(['example_skip_dag']) retrieved from /usr/local/lib/python3.6/dist-packages/airflow/example_dags/example_skip_dag.py
[2021-09-30 08:01:01,391] {logging_mixin.py:104} INFO - [2021-09-30 08:01:01,390] {dag.py:1824} INFO - Sync 1 DAGs
[2021-09-30 08:01:01,405] {logging_mixin.py:104} INFO - [2021-09-30 08:01:01,405] {dag.py:2280} INFO - Setting next_dagrun for example_skip_dag to 2021-09-28 00:00:00+00:00
[2021-09-30 08:01:01,414] {scheduler_job.py:190} INFO - Processing /usr/local/lib/python3.6/dist-packages/airflow/example_dags/example_skip_dag.py took 0.054 seconds
[2021-09-30 08:01:32,330] {scheduler_job.py:182} INFO - Started process (PID=2720) to work on /usr/local/lib/python3.6/dist-packages/airflow/example_dags/example_skip_dag.py
[2021-09-30 08:01:32,331] {scheduler_job.py:629} INFO - Processing file /usr/local/lib/python3.6/dist-packages/airflow/example_dags/example_skip_dag.py for tasks to queue
[2021-09-30 08:01:32,331] {logging_mixin.py:104} INFO - [2021-09-30 08:01:32,331] {dagbag.py:451} INFO - Filling up the DagBag from /usr/local/lib/python3.6/dist-packages/airflow/example_dags/example_skip_dag.py
[2021-09-30 08:01:32,338] {scheduler_job.py:639} INFO - DAG(s) dict_keys(['example_skip_dag']) retrieved from /usr/local/lib/python3.6/dist-packages/airflow/example_dags/example_skip_dag.py
[2021-09-30 08:01:32,353] {logging_mixin.py:104} INFO - [2021-09-30 08:01:32,353] {dag.py:1824} INFO - Sync 1 DAGs
[2021-09-30 08:01:32,366] {logging_mixin.py:104} INFO - [2021-09-30 08:01:32,365] {dag.py:2280} INFO - Setting next_dagrun for example_skip_dag to 2021-09-28 00:00:00+00:00
[2021-09-30 08:01:32,372] {scheduler_job.py:190} INFO - Processing /usr/local/lib/python3.6/dist-packages/airflow/example_dags/example_skip_dag.py took 0.044 seconds
[2021-09-30 08:02:02,874] {scheduler_job.py:182} INFO - Started process (PID=2794) to work on /usr/local/lib/python3.6/dist-packages/airflow/example_dags/example_skip_dag.py
[2021-09-30 08:02:02,874] {scheduler_job.py:629} INFO - Processing file /usr/local/lib/python3.6/dist-packages/airflow/example_dags/example_skip_dag.py for tasks to queue
[2021-09-30 08:02:02,875] {logging_mixin.py:104} INFO - [2021-09-30 08:02:02,875] {dagbag.py:451} INFO - Filling up the DagBag from /usr/local/lib/python3.6/dist-packages/airflow/example_dags/example_skip_dag.py
[2021-09-30 08:02:02,882] {scheduler_job.py:639} INFO - DAG(s) dict_keys(['example_skip_dag']) retrieved from /usr/local/lib/python3.6/dist-packages/airflow/example_dags/example_skip_dag.py
[2021-09-30 08:02:02,898] {logging_mixin.py:104} INFO - [2021-09-30 08:02:02,898] {dag.py:1824} INFO - Sync 1 DAGs
[2021-09-30 08:02:02,911] {logging_mixin.py:104} INFO - [2021-09-30 08:02:02,911] {dag.py:2280} INFO - Setting next_dagrun for example_skip_dag to 2021-09-28 00:00:00+00:00
[2021-09-30 08:02:02,918] {scheduler_job.py:190} INFO - Processing /usr/local/lib/python3.6/dist-packages/airflow/example_dags/example_skip_dag.py took 0.046 seconds
