[2021-09-30 07:30:45,876] {scheduler_job.py:182} INFO - Started process (PID=75) to work on /usr/local/lib/python3.6/dist-packages/airflow/example_dags/example_kubernetes_executor_config.py
[2021-09-30 07:30:45,876] {scheduler_job.py:629} INFO - Processing file /usr/local/lib/python3.6/dist-packages/airflow/example_dags/example_kubernetes_executor_config.py for tasks to queue
[2021-09-30 07:30:45,877] {logging_mixin.py:104} INFO - [2021-09-30 07:30:45,877] {dagbag.py:451} INFO - Filling up the DagBag from /usr/local/lib/python3.6/dist-packages/airflow/example_dags/example_kubernetes_executor_config.py
[2021-09-30 07:30:45,881] {logging_mixin.py:104} INFO - [2021-09-30 07:30:45,881] {example_kubernetes_executor_config.py:175} WARNING - Could not import DAGs in example_kubernetes_executor_config.py: No module named 'kubernetes'
[2021-09-30 07:30:45,881] {logging_mixin.py:104} INFO - [2021-09-30 07:30:45,881] {example_kubernetes_executor_config.py:176} WARNING - Install kubernetes dependencies with: pip install apache-airflow['cncf.kubernetes']
[2021-09-30 07:30:45,881] {scheduler_job.py:641} WARNING - No viable dags retrieved from /usr/local/lib/python3.6/dist-packages/airflow/example_dags/example_kubernetes_executor_config.py
[2021-09-30 07:30:45,889] {scheduler_job.py:190} INFO - Processing /usr/local/lib/python3.6/dist-packages/airflow/example_dags/example_kubernetes_executor_config.py took 0.015 seconds
[2021-09-30 07:31:15,913] {scheduler_job.py:182} INFO - Started process (PID=237) to work on /usr/local/lib/python3.6/dist-packages/airflow/example_dags/example_kubernetes_executor_config.py
[2021-09-30 07:31:15,913] {scheduler_job.py:629} INFO - Processing file /usr/local/lib/python3.6/dist-packages/airflow/example_dags/example_kubernetes_executor_config.py for tasks to queue
[2021-09-30 07:31:15,914] {logging_mixin.py:104} INFO - [2021-09-30 07:31:15,913] {dagbag.py:451} INFO - Filling up the DagBag from /usr/local/lib/python3.6/dist-packages/airflow/example_dags/example_kubernetes_executor_config.py
[2021-09-30 07:31:15,917] {logging_mixin.py:104} INFO - [2021-09-30 07:31:15,917] {example_kubernetes_executor_config.py:175} WARNING - Could not import DAGs in example_kubernetes_executor_config.py: No module named 'kubernetes'
[2021-09-30 07:31:15,917] {logging_mixin.py:104} INFO - [2021-09-30 07:31:15,917] {example_kubernetes_executor_config.py:176} WARNING - Install kubernetes dependencies with: pip install apache-airflow['cncf.kubernetes']
[2021-09-30 07:31:15,918] {scheduler_job.py:641} WARNING - No viable dags retrieved from /usr/local/lib/python3.6/dist-packages/airflow/example_dags/example_kubernetes_executor_config.py
[2021-09-30 07:31:15,925] {scheduler_job.py:190} INFO - Processing /usr/local/lib/python3.6/dist-packages/airflow/example_dags/example_kubernetes_executor_config.py took 0.015 seconds
[2021-09-30 07:31:46,736] {scheduler_job.py:182} INFO - Started process (PID=308) to work on /usr/local/lib/python3.6/dist-packages/airflow/example_dags/example_kubernetes_executor_config.py
[2021-09-30 07:31:46,736] {scheduler_job.py:629} INFO - Processing file /usr/local/lib/python3.6/dist-packages/airflow/example_dags/example_kubernetes_executor_config.py for tasks to queue
[2021-09-30 07:31:46,736] {logging_mixin.py:104} INFO - [2021-09-30 07:31:46,736] {dagbag.py:451} INFO - Filling up the DagBag from /usr/local/lib/python3.6/dist-packages/airflow/example_dags/example_kubernetes_executor_config.py
[2021-09-30 07:31:46,741] {logging_mixin.py:104} INFO - [2021-09-30 07:31:46,741] {example_kubernetes_executor_config.py:175} WARNING - Could not import DAGs in example_kubernetes_executor_config.py: No module named 'kubernetes'
[2021-09-30 07:31:46,741] {logging_mixin.py:104} INFO - [2021-09-30 07:31:46,741] {example_kubernetes_executor_config.py:176} WARNING - Install kubernetes dependencies with: pip install apache-airflow['cncf.kubernetes']
[2021-09-30 07:31:46,741] {scheduler_job.py:641} WARNING - No viable dags retrieved from /usr/local/lib/python3.6/dist-packages/airflow/example_dags/example_kubernetes_executor_config.py
[2021-09-30 07:31:46,749] {scheduler_job.py:190} INFO - Processing /usr/local/lib/python3.6/dist-packages/airflow/example_dags/example_kubernetes_executor_config.py took 0.015 seconds
[2021-09-30 07:32:17,179] {scheduler_job.py:182} INFO - Started process (PID=386) to work on /usr/local/lib/python3.6/dist-packages/airflow/example_dags/example_kubernetes_executor_config.py
[2021-09-30 07:32:17,179] {scheduler_job.py:629} INFO - Processing file /usr/local/lib/python3.6/dist-packages/airflow/example_dags/example_kubernetes_executor_config.py for tasks to queue
[2021-09-30 07:32:17,180] {logging_mixin.py:104} INFO - [2021-09-30 07:32:17,180] {dagbag.py:451} INFO - Filling up the DagBag from /usr/local/lib/python3.6/dist-packages/airflow/example_dags/example_kubernetes_executor_config.py
[2021-09-30 07:32:17,183] {logging_mixin.py:104} INFO - [2021-09-30 07:32:17,183] {example_kubernetes_executor_config.py:175} WARNING - Could not import DAGs in example_kubernetes_executor_config.py: No module named 'kubernetes'
[2021-09-30 07:32:17,183] {logging_mixin.py:104} INFO - [2021-09-30 07:32:17,183] {example_kubernetes_executor_config.py:176} WARNING - Install kubernetes dependencies with: pip install apache-airflow['cncf.kubernetes']
[2021-09-30 07:32:17,184] {scheduler_job.py:641} WARNING - No viable dags retrieved from /usr/local/lib/python3.6/dist-packages/airflow/example_dags/example_kubernetes_executor_config.py
[2021-09-30 07:32:17,190] {scheduler_job.py:190} INFO - Processing /usr/local/lib/python3.6/dist-packages/airflow/example_dags/example_kubernetes_executor_config.py took 0.013 seconds
[2021-09-30 07:32:47,977] {scheduler_job.py:182} INFO - Started process (PID=471) to work on /usr/local/lib/python3.6/dist-packages/airflow/example_dags/example_kubernetes_executor_config.py
[2021-09-30 07:32:47,978] {scheduler_job.py:629} INFO - Processing file /usr/local/lib/python3.6/dist-packages/airflow/example_dags/example_kubernetes_executor_config.py for tasks to queue
[2021-09-30 07:32:47,979] {logging_mixin.py:104} INFO - [2021-09-30 07:32:47,978] {dagbag.py:451} INFO - Filling up the DagBag from /usr/local/lib/python3.6/dist-packages/airflow/example_dags/example_kubernetes_executor_config.py
[2021-09-30 07:32:47,983] {logging_mixin.py:104} INFO - [2021-09-30 07:32:47,983] {example_kubernetes_executor_config.py:175} WARNING - Could not import DAGs in example_kubernetes_executor_config.py: No module named 'kubernetes'
[2021-09-30 07:32:47,983] {logging_mixin.py:104} INFO - [2021-09-30 07:32:47,983] {example_kubernetes_executor_config.py:176} WARNING - Install kubernetes dependencies with: pip install apache-airflow['cncf.kubernetes']
[2021-09-30 07:32:47,984] {scheduler_job.py:641} WARNING - No viable dags retrieved from /usr/local/lib/python3.6/dist-packages/airflow/example_dags/example_kubernetes_executor_config.py
[2021-09-30 07:32:47,992] {scheduler_job.py:190} INFO - Processing /usr/local/lib/python3.6/dist-packages/airflow/example_dags/example_kubernetes_executor_config.py took 0.017 seconds
[2021-09-30 07:33:43,879] {scheduler_job.py:182} INFO - Started process (PID=90) to work on /usr/local/lib/python3.6/dist-packages/airflow/example_dags/example_kubernetes_executor_config.py
[2021-09-30 07:33:43,879] {scheduler_job.py:629} INFO - Processing file /usr/local/lib/python3.6/dist-packages/airflow/example_dags/example_kubernetes_executor_config.py for tasks to queue
[2021-09-30 07:33:43,880] {logging_mixin.py:104} INFO - [2021-09-30 07:33:43,880] {dagbag.py:451} INFO - Filling up the DagBag from /usr/local/lib/python3.6/dist-packages/airflow/example_dags/example_kubernetes_executor_config.py
[2021-09-30 07:33:43,884] {logging_mixin.py:104} INFO - [2021-09-30 07:33:43,884] {example_kubernetes_executor_config.py:175} WARNING - Could not import DAGs in example_kubernetes_executor_config.py: No module named 'kubernetes'
[2021-09-30 07:33:43,884] {logging_mixin.py:104} INFO - [2021-09-30 07:33:43,884] {example_kubernetes_executor_config.py:176} WARNING - Install kubernetes dependencies with: pip install apache-airflow['cncf.kubernetes']
[2021-09-30 07:33:43,884] {scheduler_job.py:641} WARNING - No viable dags retrieved from /usr/local/lib/python3.6/dist-packages/airflow/example_dags/example_kubernetes_executor_config.py
[2021-09-30 07:33:43,893] {scheduler_job.py:190} INFO - Processing /usr/local/lib/python3.6/dist-packages/airflow/example_dags/example_kubernetes_executor_config.py took 0.016 seconds
[2021-09-30 07:34:14,878] {scheduler_job.py:182} INFO - Started process (PID=216) to work on /usr/local/lib/python3.6/dist-packages/airflow/example_dags/example_kubernetes_executor_config.py
[2021-09-30 07:34:14,879] {scheduler_job.py:629} INFO - Processing file /usr/local/lib/python3.6/dist-packages/airflow/example_dags/example_kubernetes_executor_config.py for tasks to queue
[2021-09-30 07:34:14,879] {logging_mixin.py:104} INFO - [2021-09-30 07:34:14,879] {dagbag.py:451} INFO - Filling up the DagBag from /usr/local/lib/python3.6/dist-packages/airflow/example_dags/example_kubernetes_executor_config.py
[2021-09-30 07:34:14,884] {logging_mixin.py:104} INFO - [2021-09-30 07:34:14,884] {example_kubernetes_executor_config.py:175} WARNING - Could not import DAGs in example_kubernetes_executor_config.py: No module named 'kubernetes'
[2021-09-30 07:34:14,884] {logging_mixin.py:104} INFO - [2021-09-30 07:34:14,884] {example_kubernetes_executor_config.py:176} WARNING - Install kubernetes dependencies with: pip install apache-airflow['cncf.kubernetes']
[2021-09-30 07:34:14,884] {scheduler_job.py:641} WARNING - No viable dags retrieved from /usr/local/lib/python3.6/dist-packages/airflow/example_dags/example_kubernetes_executor_config.py
[2021-09-30 07:34:14,893] {scheduler_job.py:190} INFO - Processing /usr/local/lib/python3.6/dist-packages/airflow/example_dags/example_kubernetes_executor_config.py took 0.016 seconds
[2021-09-30 07:34:45,827] {scheduler_job.py:182} INFO - Started process (PID=284) to work on /usr/local/lib/python3.6/dist-packages/airflow/example_dags/example_kubernetes_executor_config.py
[2021-09-30 07:34:45,828] {scheduler_job.py:629} INFO - Processing file /usr/local/lib/python3.6/dist-packages/airflow/example_dags/example_kubernetes_executor_config.py for tasks to queue
[2021-09-30 07:34:45,828] {logging_mixin.py:104} INFO - [2021-09-30 07:34:45,828] {dagbag.py:451} INFO - Filling up the DagBag from /usr/local/lib/python3.6/dist-packages/airflow/example_dags/example_kubernetes_executor_config.py
[2021-09-30 07:34:45,832] {logging_mixin.py:104} INFO - [2021-09-30 07:34:45,832] {example_kubernetes_executor_config.py:175} WARNING - Could not import DAGs in example_kubernetes_executor_config.py: No module named 'kubernetes'
[2021-09-30 07:34:45,832] {logging_mixin.py:104} INFO - [2021-09-30 07:34:45,832] {example_kubernetes_executor_config.py:176} WARNING - Install kubernetes dependencies with: pip install apache-airflow['cncf.kubernetes']
[2021-09-30 07:34:45,832] {scheduler_job.py:641} WARNING - No viable dags retrieved from /usr/local/lib/python3.6/dist-packages/airflow/example_dags/example_kubernetes_executor_config.py
[2021-09-30 07:34:45,842] {scheduler_job.py:190} INFO - Processing /usr/local/lib/python3.6/dist-packages/airflow/example_dags/example_kubernetes_executor_config.py took 0.016 seconds
[2021-09-30 07:36:11,933] {scheduler_job.py:182} INFO - Started process (PID=66) to work on /usr/local/lib/python3.6/dist-packages/airflow/example_dags/example_kubernetes_executor_config.py
[2021-09-30 07:36:11,933] {scheduler_job.py:629} INFO - Processing file /usr/local/lib/python3.6/dist-packages/airflow/example_dags/example_kubernetes_executor_config.py for tasks to queue
[2021-09-30 07:36:11,933] {logging_mixin.py:104} INFO - [2021-09-30 07:36:11,933] {dagbag.py:451} INFO - Filling up the DagBag from /usr/local/lib/python3.6/dist-packages/airflow/example_dags/example_kubernetes_executor_config.py
[2021-09-30 07:36:11,937] {logging_mixin.py:104} INFO - [2021-09-30 07:36:11,937] {example_kubernetes_executor_config.py:175} WARNING - Could not import DAGs in example_kubernetes_executor_config.py: No module named 'kubernetes'
[2021-09-30 07:36:11,937] {logging_mixin.py:104} INFO - [2021-09-30 07:36:11,937] {example_kubernetes_executor_config.py:176} WARNING - Install kubernetes dependencies with: pip install apache-airflow['cncf.kubernetes']
[2021-09-30 07:36:11,938] {scheduler_job.py:641} WARNING - No viable dags retrieved from /usr/local/lib/python3.6/dist-packages/airflow/example_dags/example_kubernetes_executor_config.py
[2021-09-30 07:36:11,944] {scheduler_job.py:190} INFO - Processing /usr/local/lib/python3.6/dist-packages/airflow/example_dags/example_kubernetes_executor_config.py took 0.013 seconds
[2021-09-30 07:36:42,841] {scheduler_job.py:182} INFO - Started process (PID=202) to work on /usr/local/lib/python3.6/dist-packages/airflow/example_dags/example_kubernetes_executor_config.py
[2021-09-30 07:36:42,842] {scheduler_job.py:629} INFO - Processing file /usr/local/lib/python3.6/dist-packages/airflow/example_dags/example_kubernetes_executor_config.py for tasks to queue
[2021-09-30 07:36:42,842] {logging_mixin.py:104} INFO - [2021-09-30 07:36:42,842] {dagbag.py:451} INFO - Filling up the DagBag from /usr/local/lib/python3.6/dist-packages/airflow/example_dags/example_kubernetes_executor_config.py
[2021-09-30 07:36:42,848] {logging_mixin.py:104} INFO - [2021-09-30 07:36:42,848] {example_kubernetes_executor_config.py:175} WARNING - Could not import DAGs in example_kubernetes_executor_config.py: No module named 'kubernetes'
[2021-09-30 07:36:42,848] {logging_mixin.py:104} INFO - [2021-09-30 07:36:42,848] {example_kubernetes_executor_config.py:176} WARNING - Install kubernetes dependencies with: pip install apache-airflow['cncf.kubernetes']
[2021-09-30 07:36:42,848] {scheduler_job.py:641} WARNING - No viable dags retrieved from /usr/local/lib/python3.6/dist-packages/airflow/example_dags/example_kubernetes_executor_config.py
[2021-09-30 07:36:42,856] {scheduler_job.py:190} INFO - Processing /usr/local/lib/python3.6/dist-packages/airflow/example_dags/example_kubernetes_executor_config.py took 0.018 seconds
[2021-09-30 07:37:28,741] {scheduler_job.py:182} INFO - Started process (PID=44) to work on /usr/local/lib/python3.6/dist-packages/airflow/example_dags/example_kubernetes_executor_config.py
[2021-09-30 07:37:28,742] {scheduler_job.py:629} INFO - Processing file /usr/local/lib/python3.6/dist-packages/airflow/example_dags/example_kubernetes_executor_config.py for tasks to queue
[2021-09-30 07:37:28,743] {logging_mixin.py:104} INFO - [2021-09-30 07:37:28,743] {dagbag.py:451} INFO - Filling up the DagBag from /usr/local/lib/python3.6/dist-packages/airflow/example_dags/example_kubernetes_executor_config.py
[2021-09-30 07:37:28,749] {logging_mixin.py:104} INFO - [2021-09-30 07:37:28,748] {example_kubernetes_executor_config.py:175} WARNING - Could not import DAGs in example_kubernetes_executor_config.py: No module named 'kubernetes'
[2021-09-30 07:37:28,749] {logging_mixin.py:104} INFO - [2021-09-30 07:37:28,749] {example_kubernetes_executor_config.py:176} WARNING - Install kubernetes dependencies with: pip install apache-airflow['cncf.kubernetes']
[2021-09-30 07:37:28,749] {scheduler_job.py:641} WARNING - No viable dags retrieved from /usr/local/lib/python3.6/dist-packages/airflow/example_dags/example_kubernetes_executor_config.py
[2021-09-30 07:37:28,760] {scheduler_job.py:190} INFO - Processing /usr/local/lib/python3.6/dist-packages/airflow/example_dags/example_kubernetes_executor_config.py took 0.020 seconds
[2021-09-30 07:37:58,854] {scheduler_job.py:182} INFO - Started process (PID=183) to work on /usr/local/lib/python3.6/dist-packages/airflow/example_dags/example_kubernetes_executor_config.py
[2021-09-30 07:37:58,855] {scheduler_job.py:629} INFO - Processing file /usr/local/lib/python3.6/dist-packages/airflow/example_dags/example_kubernetes_executor_config.py for tasks to queue
[2021-09-30 07:37:58,855] {logging_mixin.py:104} INFO - [2021-09-30 07:37:58,855] {dagbag.py:451} INFO - Filling up the DagBag from /usr/local/lib/python3.6/dist-packages/airflow/example_dags/example_kubernetes_executor_config.py
[2021-09-30 07:37:58,859] {logging_mixin.py:104} INFO - [2021-09-30 07:37:58,859] {example_kubernetes_executor_config.py:175} WARNING - Could not import DAGs in example_kubernetes_executor_config.py: No module named 'kubernetes'
[2021-09-30 07:37:58,859] {logging_mixin.py:104} INFO - [2021-09-30 07:37:58,859] {example_kubernetes_executor_config.py:176} WARNING - Install kubernetes dependencies with: pip install apache-airflow['cncf.kubernetes']
[2021-09-30 07:37:58,859] {scheduler_job.py:641} WARNING - No viable dags retrieved from /usr/local/lib/python3.6/dist-packages/airflow/example_dags/example_kubernetes_executor_config.py
[2021-09-30 07:37:58,866] {scheduler_job.py:190} INFO - Processing /usr/local/lib/python3.6/dist-packages/airflow/example_dags/example_kubernetes_executor_config.py took 0.014 seconds
[2021-09-30 07:38:29,578] {scheduler_job.py:182} INFO - Started process (PID=261) to work on /usr/local/lib/python3.6/dist-packages/airflow/example_dags/example_kubernetes_executor_config.py
[2021-09-30 07:38:29,579] {scheduler_job.py:629} INFO - Processing file /usr/local/lib/python3.6/dist-packages/airflow/example_dags/example_kubernetes_executor_config.py for tasks to queue
[2021-09-30 07:38:29,579] {logging_mixin.py:104} INFO - [2021-09-30 07:38:29,579] {dagbag.py:451} INFO - Filling up the DagBag from /usr/local/lib/python3.6/dist-packages/airflow/example_dags/example_kubernetes_executor_config.py
[2021-09-30 07:38:29,583] {logging_mixin.py:104} INFO - [2021-09-30 07:38:29,583] {example_kubernetes_executor_config.py:175} WARNING - Could not import DAGs in example_kubernetes_executor_config.py: No module named 'kubernetes'
[2021-09-30 07:38:29,584] {logging_mixin.py:104} INFO - [2021-09-30 07:38:29,583] {example_kubernetes_executor_config.py:176} WARNING - Install kubernetes dependencies with: pip install apache-airflow['cncf.kubernetes']
[2021-09-30 07:38:29,584] {scheduler_job.py:641} WARNING - No viable dags retrieved from /usr/local/lib/python3.6/dist-packages/airflow/example_dags/example_kubernetes_executor_config.py
[2021-09-30 07:38:29,591] {scheduler_job.py:190} INFO - Processing /usr/local/lib/python3.6/dist-packages/airflow/example_dags/example_kubernetes_executor_config.py took 0.015 seconds
[2021-09-30 07:39:00,252] {scheduler_job.py:182} INFO - Started process (PID=335) to work on /usr/local/lib/python3.6/dist-packages/airflow/example_dags/example_kubernetes_executor_config.py
[2021-09-30 07:39:00,252] {scheduler_job.py:629} INFO - Processing file /usr/local/lib/python3.6/dist-packages/airflow/example_dags/example_kubernetes_executor_config.py for tasks to queue
[2021-09-30 07:39:00,253] {logging_mixin.py:104} INFO - [2021-09-30 07:39:00,253] {dagbag.py:451} INFO - Filling up the DagBag from /usr/local/lib/python3.6/dist-packages/airflow/example_dags/example_kubernetes_executor_config.py
[2021-09-30 07:39:00,259] {logging_mixin.py:104} INFO - [2021-09-30 07:39:00,259] {example_kubernetes_executor_config.py:175} WARNING - Could not import DAGs in example_kubernetes_executor_config.py: No module named 'kubernetes'
[2021-09-30 07:39:00,259] {logging_mixin.py:104} INFO - [2021-09-30 07:39:00,259] {example_kubernetes_executor_config.py:176} WARNING - Install kubernetes dependencies with: pip install apache-airflow['cncf.kubernetes']
[2021-09-30 07:39:00,259] {scheduler_job.py:641} WARNING - No viable dags retrieved from /usr/local/lib/python3.6/dist-packages/airflow/example_dags/example_kubernetes_executor_config.py
[2021-09-30 07:39:00,266] {scheduler_job.py:190} INFO - Processing /usr/local/lib/python3.6/dist-packages/airflow/example_dags/example_kubernetes_executor_config.py took 0.017 seconds
[2021-09-30 07:39:30,944] {scheduler_job.py:182} INFO - Started process (PID=419) to work on /usr/local/lib/python3.6/dist-packages/airflow/example_dags/example_kubernetes_executor_config.py
[2021-09-30 07:39:30,944] {scheduler_job.py:629} INFO - Processing file /usr/local/lib/python3.6/dist-packages/airflow/example_dags/example_kubernetes_executor_config.py for tasks to queue
[2021-09-30 07:39:30,945] {logging_mixin.py:104} INFO - [2021-09-30 07:39:30,945] {dagbag.py:451} INFO - Filling up the DagBag from /usr/local/lib/python3.6/dist-packages/airflow/example_dags/example_kubernetes_executor_config.py
[2021-09-30 07:39:30,949] {logging_mixin.py:104} INFO - [2021-09-30 07:39:30,949] {example_kubernetes_executor_config.py:175} WARNING - Could not import DAGs in example_kubernetes_executor_config.py: No module named 'kubernetes'
[2021-09-30 07:39:30,949] {logging_mixin.py:104} INFO - [2021-09-30 07:39:30,949] {example_kubernetes_executor_config.py:176} WARNING - Install kubernetes dependencies with: pip install apache-airflow['cncf.kubernetes']
[2021-09-30 07:39:30,949] {scheduler_job.py:641} WARNING - No viable dags retrieved from /usr/local/lib/python3.6/dist-packages/airflow/example_dags/example_kubernetes_executor_config.py
[2021-09-30 07:39:30,956] {scheduler_job.py:190} INFO - Processing /usr/local/lib/python3.6/dist-packages/airflow/example_dags/example_kubernetes_executor_config.py took 0.013 seconds
[2021-09-30 07:40:01,162] {scheduler_job.py:182} INFO - Started process (PID=494) to work on /usr/local/lib/python3.6/dist-packages/airflow/example_dags/example_kubernetes_executor_config.py
[2021-09-30 07:40:01,162] {scheduler_job.py:629} INFO - Processing file /usr/local/lib/python3.6/dist-packages/airflow/example_dags/example_kubernetes_executor_config.py for tasks to queue
[2021-09-30 07:40:01,162] {logging_mixin.py:104} INFO - [2021-09-30 07:40:01,162] {dagbag.py:451} INFO - Filling up the DagBag from /usr/local/lib/python3.6/dist-packages/airflow/example_dags/example_kubernetes_executor_config.py
[2021-09-30 07:40:01,166] {logging_mixin.py:104} INFO - [2021-09-30 07:40:01,166] {example_kubernetes_executor_config.py:175} WARNING - Could not import DAGs in example_kubernetes_executor_config.py: No module named 'kubernetes'
[2021-09-30 07:40:01,166] {logging_mixin.py:104} INFO - [2021-09-30 07:40:01,166] {example_kubernetes_executor_config.py:176} WARNING - Install kubernetes dependencies with: pip install apache-airflow['cncf.kubernetes']
[2021-09-30 07:40:01,166] {scheduler_job.py:641} WARNING - No viable dags retrieved from /usr/local/lib/python3.6/dist-packages/airflow/example_dags/example_kubernetes_executor_config.py
[2021-09-30 07:40:01,173] {scheduler_job.py:190} INFO - Processing /usr/local/lib/python3.6/dist-packages/airflow/example_dags/example_kubernetes_executor_config.py took 0.014 seconds
[2021-09-30 07:40:31,885] {scheduler_job.py:182} INFO - Started process (PID=568) to work on /usr/local/lib/python3.6/dist-packages/airflow/example_dags/example_kubernetes_executor_config.py
[2021-09-30 07:40:31,885] {scheduler_job.py:629} INFO - Processing file /usr/local/lib/python3.6/dist-packages/airflow/example_dags/example_kubernetes_executor_config.py for tasks to queue
[2021-09-30 07:40:31,886] {logging_mixin.py:104} INFO - [2021-09-30 07:40:31,886] {dagbag.py:451} INFO - Filling up the DagBag from /usr/local/lib/python3.6/dist-packages/airflow/example_dags/example_kubernetes_executor_config.py
[2021-09-30 07:40:31,890] {logging_mixin.py:104} INFO - [2021-09-30 07:40:31,890] {example_kubernetes_executor_config.py:175} WARNING - Could not import DAGs in example_kubernetes_executor_config.py: No module named 'kubernetes'
[2021-09-30 07:40:31,890] {logging_mixin.py:104} INFO - [2021-09-30 07:40:31,890] {example_kubernetes_executor_config.py:176} WARNING - Install kubernetes dependencies with: pip install apache-airflow['cncf.kubernetes']
[2021-09-30 07:40:31,890] {scheduler_job.py:641} WARNING - No viable dags retrieved from /usr/local/lib/python3.6/dist-packages/airflow/example_dags/example_kubernetes_executor_config.py
[2021-09-30 07:40:31,897] {scheduler_job.py:190} INFO - Processing /usr/local/lib/python3.6/dist-packages/airflow/example_dags/example_kubernetes_executor_config.py took 0.014 seconds
[2021-09-30 07:41:02,563] {scheduler_job.py:182} INFO - Started process (PID=643) to work on /usr/local/lib/python3.6/dist-packages/airflow/example_dags/example_kubernetes_executor_config.py
[2021-09-30 07:41:02,564] {scheduler_job.py:629} INFO - Processing file /usr/local/lib/python3.6/dist-packages/airflow/example_dags/example_kubernetes_executor_config.py for tasks to queue
[2021-09-30 07:41:02,564] {logging_mixin.py:104} INFO - [2021-09-30 07:41:02,564] {dagbag.py:451} INFO - Filling up the DagBag from /usr/local/lib/python3.6/dist-packages/airflow/example_dags/example_kubernetes_executor_config.py
[2021-09-30 07:41:02,568] {logging_mixin.py:104} INFO - [2021-09-30 07:41:02,568] {example_kubernetes_executor_config.py:175} WARNING - Could not import DAGs in example_kubernetes_executor_config.py: No module named 'kubernetes'
[2021-09-30 07:41:02,568] {logging_mixin.py:104} INFO - [2021-09-30 07:41:02,568] {example_kubernetes_executor_config.py:176} WARNING - Install kubernetes dependencies with: pip install apache-airflow['cncf.kubernetes']
[2021-09-30 07:41:02,569] {scheduler_job.py:641} WARNING - No viable dags retrieved from /usr/local/lib/python3.6/dist-packages/airflow/example_dags/example_kubernetes_executor_config.py
[2021-09-30 07:41:02,575] {scheduler_job.py:190} INFO - Processing /usr/local/lib/python3.6/dist-packages/airflow/example_dags/example_kubernetes_executor_config.py took 0.014 seconds
[2021-09-30 07:41:33,263] {scheduler_job.py:182} INFO - Started process (PID=717) to work on /usr/local/lib/python3.6/dist-packages/airflow/example_dags/example_kubernetes_executor_config.py
[2021-09-30 07:41:33,264] {scheduler_job.py:629} INFO - Processing file /usr/local/lib/python3.6/dist-packages/airflow/example_dags/example_kubernetes_executor_config.py for tasks to queue
[2021-09-30 07:41:33,264] {logging_mixin.py:104} INFO - [2021-09-30 07:41:33,264] {dagbag.py:451} INFO - Filling up the DagBag from /usr/local/lib/python3.6/dist-packages/airflow/example_dags/example_kubernetes_executor_config.py
[2021-09-30 07:41:33,268] {logging_mixin.py:104} INFO - [2021-09-30 07:41:33,268] {example_kubernetes_executor_config.py:175} WARNING - Could not import DAGs in example_kubernetes_executor_config.py: No module named 'kubernetes'
[2021-09-30 07:41:33,268] {logging_mixin.py:104} INFO - [2021-09-30 07:41:33,268] {example_kubernetes_executor_config.py:176} WARNING - Install kubernetes dependencies with: pip install apache-airflow['cncf.kubernetes']
[2021-09-30 07:41:33,269] {scheduler_job.py:641} WARNING - No viable dags retrieved from /usr/local/lib/python3.6/dist-packages/airflow/example_dags/example_kubernetes_executor_config.py
[2021-09-30 07:41:33,275] {scheduler_job.py:190} INFO - Processing /usr/local/lib/python3.6/dist-packages/airflow/example_dags/example_kubernetes_executor_config.py took 0.013 seconds
[2021-09-30 07:42:03,999] {scheduler_job.py:182} INFO - Started process (PID=793) to work on /usr/local/lib/python3.6/dist-packages/airflow/example_dags/example_kubernetes_executor_config.py
[2021-09-30 07:42:04,000] {scheduler_job.py:629} INFO - Processing file /usr/local/lib/python3.6/dist-packages/airflow/example_dags/example_kubernetes_executor_config.py for tasks to queue
[2021-09-30 07:42:04,000] {logging_mixin.py:104} INFO - [2021-09-30 07:42:04,000] {dagbag.py:451} INFO - Filling up the DagBag from /usr/local/lib/python3.6/dist-packages/airflow/example_dags/example_kubernetes_executor_config.py
[2021-09-30 07:42:04,005] {logging_mixin.py:104} INFO - [2021-09-30 07:42:04,005] {example_kubernetes_executor_config.py:175} WARNING - Could not import DAGs in example_kubernetes_executor_config.py: No module named 'kubernetes'
[2021-09-30 07:42:04,005] {logging_mixin.py:104} INFO - [2021-09-30 07:42:04,005] {example_kubernetes_executor_config.py:176} WARNING - Install kubernetes dependencies with: pip install apache-airflow['cncf.kubernetes']
[2021-09-30 07:42:04,005] {scheduler_job.py:641} WARNING - No viable dags retrieved from /usr/local/lib/python3.6/dist-packages/airflow/example_dags/example_kubernetes_executor_config.py
[2021-09-30 07:42:04,012] {scheduler_job.py:190} INFO - Processing /usr/local/lib/python3.6/dist-packages/airflow/example_dags/example_kubernetes_executor_config.py took 0.014 seconds
[2021-09-30 07:42:34,844] {scheduler_job.py:182} INFO - Started process (PID=867) to work on /usr/local/lib/python3.6/dist-packages/airflow/example_dags/example_kubernetes_executor_config.py
[2021-09-30 07:42:34,844] {scheduler_job.py:629} INFO - Processing file /usr/local/lib/python3.6/dist-packages/airflow/example_dags/example_kubernetes_executor_config.py for tasks to queue
[2021-09-30 07:42:34,845] {logging_mixin.py:104} INFO - [2021-09-30 07:42:34,845] {dagbag.py:451} INFO - Filling up the DagBag from /usr/local/lib/python3.6/dist-packages/airflow/example_dags/example_kubernetes_executor_config.py
[2021-09-30 07:42:34,850] {logging_mixin.py:104} INFO - [2021-09-30 07:42:34,850] {example_kubernetes_executor_config.py:175} WARNING - Could not import DAGs in example_kubernetes_executor_config.py: No module named 'kubernetes'
[2021-09-30 07:42:34,850] {logging_mixin.py:104} INFO - [2021-09-30 07:42:34,850] {example_kubernetes_executor_config.py:176} WARNING - Install kubernetes dependencies with: pip install apache-airflow['cncf.kubernetes']
[2021-09-30 07:42:34,850] {scheduler_job.py:641} WARNING - No viable dags retrieved from /usr/local/lib/python3.6/dist-packages/airflow/example_dags/example_kubernetes_executor_config.py
[2021-09-30 07:42:34,858] {scheduler_job.py:190} INFO - Processing /usr/local/lib/python3.6/dist-packages/airflow/example_dags/example_kubernetes_executor_config.py took 0.017 seconds
[2021-09-30 07:43:04,970] {scheduler_job.py:182} INFO - Started process (PID=941) to work on /usr/local/lib/python3.6/dist-packages/airflow/example_dags/example_kubernetes_executor_config.py
[2021-09-30 07:43:04,971] {scheduler_job.py:629} INFO - Processing file /usr/local/lib/python3.6/dist-packages/airflow/example_dags/example_kubernetes_executor_config.py for tasks to queue
[2021-09-30 07:43:04,971] {logging_mixin.py:104} INFO - [2021-09-30 07:43:04,971] {dagbag.py:451} INFO - Filling up the DagBag from /usr/local/lib/python3.6/dist-packages/airflow/example_dags/example_kubernetes_executor_config.py
[2021-09-30 07:43:04,977] {logging_mixin.py:104} INFO - [2021-09-30 07:43:04,977] {example_kubernetes_executor_config.py:175} WARNING - Could not import DAGs in example_kubernetes_executor_config.py: No module named 'kubernetes'
[2021-09-30 07:43:04,977] {logging_mixin.py:104} INFO - [2021-09-30 07:43:04,977] {example_kubernetes_executor_config.py:176} WARNING - Install kubernetes dependencies with: pip install apache-airflow['cncf.kubernetes']
[2021-09-30 07:43:04,977] {scheduler_job.py:641} WARNING - No viable dags retrieved from /usr/local/lib/python3.6/dist-packages/airflow/example_dags/example_kubernetes_executor_config.py
[2021-09-30 07:43:04,986] {scheduler_job.py:190} INFO - Processing /usr/local/lib/python3.6/dist-packages/airflow/example_dags/example_kubernetes_executor_config.py took 0.017 seconds
[2021-09-30 07:43:50,298] {scheduler_job.py:182} INFO - Started process (PID=72) to work on /usr/local/lib/python3.6/dist-packages/airflow/example_dags/example_kubernetes_executor_config.py
[2021-09-30 07:43:50,324] {scheduler_job.py:629} INFO - Processing file /usr/local/lib/python3.6/dist-packages/airflow/example_dags/example_kubernetes_executor_config.py for tasks to queue
[2021-09-30 07:43:50,325] {logging_mixin.py:104} INFO - [2021-09-30 07:43:50,324] {dagbag.py:451} INFO - Filling up the DagBag from /usr/local/lib/python3.6/dist-packages/airflow/example_dags/example_kubernetes_executor_config.py
[2021-09-30 07:43:50,337] {logging_mixin.py:104} INFO - [2021-09-30 07:43:50,337] {example_kubernetes_executor_config.py:175} WARNING - Could not import DAGs in example_kubernetes_executor_config.py: No module named 'kubernetes'
[2021-09-30 07:43:50,337] {logging_mixin.py:104} INFO - [2021-09-30 07:43:50,337] {example_kubernetes_executor_config.py:176} WARNING - Install kubernetes dependencies with: pip install apache-airflow['cncf.kubernetes']
[2021-09-30 07:43:50,337] {scheduler_job.py:641} WARNING - No viable dags retrieved from /usr/local/lib/python3.6/dist-packages/airflow/example_dags/example_kubernetes_executor_config.py
[2021-09-30 07:43:50,359] {scheduler_job.py:190} INFO - Processing /usr/local/lib/python3.6/dist-packages/airflow/example_dags/example_kubernetes_executor_config.py took 0.065 seconds
[2021-09-30 07:44:21,433] {scheduler_job.py:182} INFO - Started process (PID=208) to work on /usr/local/lib/python3.6/dist-packages/airflow/example_dags/example_kubernetes_executor_config.py
[2021-09-30 07:44:21,434] {scheduler_job.py:629} INFO - Processing file /usr/local/lib/python3.6/dist-packages/airflow/example_dags/example_kubernetes_executor_config.py for tasks to queue
[2021-09-30 07:44:21,434] {logging_mixin.py:104} INFO - [2021-09-30 07:44:21,434] {dagbag.py:451} INFO - Filling up the DagBag from /usr/local/lib/python3.6/dist-packages/airflow/example_dags/example_kubernetes_executor_config.py
[2021-09-30 07:44:21,439] {logging_mixin.py:104} INFO - [2021-09-30 07:44:21,439] {example_kubernetes_executor_config.py:175} WARNING - Could not import DAGs in example_kubernetes_executor_config.py: No module named 'kubernetes'
[2021-09-30 07:44:21,439] {logging_mixin.py:104} INFO - [2021-09-30 07:44:21,439] {example_kubernetes_executor_config.py:176} WARNING - Install kubernetes dependencies with: pip install apache-airflow['cncf.kubernetes']
[2021-09-30 07:44:21,439] {scheduler_job.py:641} WARNING - No viable dags retrieved from /usr/local/lib/python3.6/dist-packages/airflow/example_dags/example_kubernetes_executor_config.py
[2021-09-30 07:44:21,448] {scheduler_job.py:190} INFO - Processing /usr/local/lib/python3.6/dist-packages/airflow/example_dags/example_kubernetes_executor_config.py took 0.017 seconds
[2021-09-30 07:44:52,422] {scheduler_job.py:182} INFO - Started process (PID=285) to work on /usr/local/lib/python3.6/dist-packages/airflow/example_dags/example_kubernetes_executor_config.py
[2021-09-30 07:44:52,423] {scheduler_job.py:629} INFO - Processing file /usr/local/lib/python3.6/dist-packages/airflow/example_dags/example_kubernetes_executor_config.py for tasks to queue
[2021-09-30 07:44:52,424] {logging_mixin.py:104} INFO - [2021-09-30 07:44:52,424] {dagbag.py:451} INFO - Filling up the DagBag from /usr/local/lib/python3.6/dist-packages/airflow/example_dags/example_kubernetes_executor_config.py
[2021-09-30 07:44:52,430] {logging_mixin.py:104} INFO - [2021-09-30 07:44:52,429] {example_kubernetes_executor_config.py:175} WARNING - Could not import DAGs in example_kubernetes_executor_config.py: No module named 'kubernetes'
[2021-09-30 07:44:52,430] {logging_mixin.py:104} INFO - [2021-09-30 07:44:52,430] {example_kubernetes_executor_config.py:176} WARNING - Install kubernetes dependencies with: pip install apache-airflow['cncf.kubernetes']
[2021-09-30 07:44:52,430] {scheduler_job.py:641} WARNING - No viable dags retrieved from /usr/local/lib/python3.6/dist-packages/airflow/example_dags/example_kubernetes_executor_config.py
[2021-09-30 07:44:52,439] {scheduler_job.py:190} INFO - Processing /usr/local/lib/python3.6/dist-packages/airflow/example_dags/example_kubernetes_executor_config.py took 0.019 seconds
[2021-09-30 07:45:22,818] {scheduler_job.py:182} INFO - Started process (PID=363) to work on /usr/local/lib/python3.6/dist-packages/airflow/example_dags/example_kubernetes_executor_config.py
[2021-09-30 07:45:22,819] {scheduler_job.py:629} INFO - Processing file /usr/local/lib/python3.6/dist-packages/airflow/example_dags/example_kubernetes_executor_config.py for tasks to queue
[2021-09-30 07:45:22,819] {logging_mixin.py:104} INFO - [2021-09-30 07:45:22,819] {dagbag.py:451} INFO - Filling up the DagBag from /usr/local/lib/python3.6/dist-packages/airflow/example_dags/example_kubernetes_executor_config.py
[2021-09-30 07:45:22,825] {logging_mixin.py:104} INFO - [2021-09-30 07:45:22,824] {example_kubernetes_executor_config.py:175} WARNING - Could not import DAGs in example_kubernetes_executor_config.py: No module named 'kubernetes'
[2021-09-30 07:45:22,825] {logging_mixin.py:104} INFO - [2021-09-30 07:45:22,825] {example_kubernetes_executor_config.py:176} WARNING - Install kubernetes dependencies with: pip install apache-airflow['cncf.kubernetes']
[2021-09-30 07:45:22,825] {scheduler_job.py:641} WARNING - No viable dags retrieved from /usr/local/lib/python3.6/dist-packages/airflow/example_dags/example_kubernetes_executor_config.py
[2021-09-30 07:45:22,834] {scheduler_job.py:190} INFO - Processing /usr/local/lib/python3.6/dist-packages/airflow/example_dags/example_kubernetes_executor_config.py took 0.018 seconds
[2021-09-30 07:45:53,389] {scheduler_job.py:182} INFO - Started process (PID=437) to work on /usr/local/lib/python3.6/dist-packages/airflow/example_dags/example_kubernetes_executor_config.py
[2021-09-30 07:45:53,389] {scheduler_job.py:629} INFO - Processing file /usr/local/lib/python3.6/dist-packages/airflow/example_dags/example_kubernetes_executor_config.py for tasks to queue
[2021-09-30 07:45:53,390] {logging_mixin.py:104} INFO - [2021-09-30 07:45:53,390] {dagbag.py:451} INFO - Filling up the DagBag from /usr/local/lib/python3.6/dist-packages/airflow/example_dags/example_kubernetes_executor_config.py
[2021-09-30 07:45:53,396] {logging_mixin.py:104} INFO - [2021-09-30 07:45:53,396] {example_kubernetes_executor_config.py:175} WARNING - Could not import DAGs in example_kubernetes_executor_config.py: No module named 'kubernetes'
[2021-09-30 07:45:53,397] {logging_mixin.py:104} INFO - [2021-09-30 07:45:53,397] {example_kubernetes_executor_config.py:176} WARNING - Install kubernetes dependencies with: pip install apache-airflow['cncf.kubernetes']
[2021-09-30 07:45:53,397] {scheduler_job.py:641} WARNING - No viable dags retrieved from /usr/local/lib/python3.6/dist-packages/airflow/example_dags/example_kubernetes_executor_config.py
[2021-09-30 07:45:53,407] {scheduler_job.py:190} INFO - Processing /usr/local/lib/python3.6/dist-packages/airflow/example_dags/example_kubernetes_executor_config.py took 0.021 seconds
[2021-09-30 07:46:23,714] {scheduler_job.py:182} INFO - Started process (PID=519) to work on /usr/local/lib/python3.6/dist-packages/airflow/example_dags/example_kubernetes_executor_config.py
[2021-09-30 07:46:23,715] {scheduler_job.py:629} INFO - Processing file /usr/local/lib/python3.6/dist-packages/airflow/example_dags/example_kubernetes_executor_config.py for tasks to queue
[2021-09-30 07:46:23,716] {logging_mixin.py:104} INFO - [2021-09-30 07:46:23,715] {dagbag.py:451} INFO - Filling up the DagBag from /usr/local/lib/python3.6/dist-packages/airflow/example_dags/example_kubernetes_executor_config.py
[2021-09-30 07:46:23,721] {logging_mixin.py:104} INFO - [2021-09-30 07:46:23,721] {example_kubernetes_executor_config.py:175} WARNING - Could not import DAGs in example_kubernetes_executor_config.py: No module named 'kubernetes'
[2021-09-30 07:46:23,721] {logging_mixin.py:104} INFO - [2021-09-30 07:46:23,721] {example_kubernetes_executor_config.py:176} WARNING - Install kubernetes dependencies with: pip install apache-airflow['cncf.kubernetes']
[2021-09-30 07:46:23,722] {scheduler_job.py:641} WARNING - No viable dags retrieved from /usr/local/lib/python3.6/dist-packages/airflow/example_dags/example_kubernetes_executor_config.py
[2021-09-30 07:46:23,735] {scheduler_job.py:190} INFO - Processing /usr/local/lib/python3.6/dist-packages/airflow/example_dags/example_kubernetes_executor_config.py took 0.023 seconds
[2021-09-30 07:46:53,869] {scheduler_job.py:182} INFO - Started process (PID=593) to work on /usr/local/lib/python3.6/dist-packages/airflow/example_dags/example_kubernetes_executor_config.py
[2021-09-30 07:46:53,870] {scheduler_job.py:629} INFO - Processing file /usr/local/lib/python3.6/dist-packages/airflow/example_dags/example_kubernetes_executor_config.py for tasks to queue
[2021-09-30 07:46:53,870] {logging_mixin.py:104} INFO - [2021-09-30 07:46:53,870] {dagbag.py:451} INFO - Filling up the DagBag from /usr/local/lib/python3.6/dist-packages/airflow/example_dags/example_kubernetes_executor_config.py
[2021-09-30 07:46:53,875] {logging_mixin.py:104} INFO - [2021-09-30 07:46:53,875] {example_kubernetes_executor_config.py:175} WARNING - Could not import DAGs in example_kubernetes_executor_config.py: No module named 'kubernetes'
[2021-09-30 07:46:53,875] {logging_mixin.py:104} INFO - [2021-09-30 07:46:53,875] {example_kubernetes_executor_config.py:176} WARNING - Install kubernetes dependencies with: pip install apache-airflow['cncf.kubernetes']
[2021-09-30 07:46:53,875] {scheduler_job.py:641} WARNING - No viable dags retrieved from /usr/local/lib/python3.6/dist-packages/airflow/example_dags/example_kubernetes_executor_config.py
[2021-09-30 07:46:53,886] {scheduler_job.py:190} INFO - Processing /usr/local/lib/python3.6/dist-packages/airflow/example_dags/example_kubernetes_executor_config.py took 0.019 seconds
[2021-09-30 07:47:24,431] {scheduler_job.py:182} INFO - Started process (PID=671) to work on /usr/local/lib/python3.6/dist-packages/airflow/example_dags/example_kubernetes_executor_config.py
[2021-09-30 07:47:24,432] {scheduler_job.py:629} INFO - Processing file /usr/local/lib/python3.6/dist-packages/airflow/example_dags/example_kubernetes_executor_config.py for tasks to queue
[2021-09-30 07:47:24,433] {logging_mixin.py:104} INFO - [2021-09-30 07:47:24,433] {dagbag.py:451} INFO - Filling up the DagBag from /usr/local/lib/python3.6/dist-packages/airflow/example_dags/example_kubernetes_executor_config.py
[2021-09-30 07:47:24,439] {logging_mixin.py:104} INFO - [2021-09-30 07:47:24,439] {example_kubernetes_executor_config.py:175} WARNING - Could not import DAGs in example_kubernetes_executor_config.py: No module named 'kubernetes'
[2021-09-30 07:47:24,439] {logging_mixin.py:104} INFO - [2021-09-30 07:47:24,439] {example_kubernetes_executor_config.py:176} WARNING - Install kubernetes dependencies with: pip install apache-airflow['cncf.kubernetes']
[2021-09-30 07:47:24,440] {scheduler_job.py:641} WARNING - No viable dags retrieved from /usr/local/lib/python3.6/dist-packages/airflow/example_dags/example_kubernetes_executor_config.py
[2021-09-30 07:47:24,450] {scheduler_job.py:190} INFO - Processing /usr/local/lib/python3.6/dist-packages/airflow/example_dags/example_kubernetes_executor_config.py took 0.022 seconds
[2021-09-30 07:47:54,535] {scheduler_job.py:182} INFO - Started process (PID=745) to work on /usr/local/lib/python3.6/dist-packages/airflow/example_dags/example_kubernetes_executor_config.py
[2021-09-30 07:47:54,536] {scheduler_job.py:629} INFO - Processing file /usr/local/lib/python3.6/dist-packages/airflow/example_dags/example_kubernetes_executor_config.py for tasks to queue
[2021-09-30 07:47:54,536] {logging_mixin.py:104} INFO - [2021-09-30 07:47:54,536] {dagbag.py:451} INFO - Filling up the DagBag from /usr/local/lib/python3.6/dist-packages/airflow/example_dags/example_kubernetes_executor_config.py
[2021-09-30 07:47:54,542] {logging_mixin.py:104} INFO - [2021-09-30 07:47:54,542] {example_kubernetes_executor_config.py:175} WARNING - Could not import DAGs in example_kubernetes_executor_config.py: No module named 'kubernetes'
[2021-09-30 07:47:54,542] {logging_mixin.py:104} INFO - [2021-09-30 07:47:54,542] {example_kubernetes_executor_config.py:176} WARNING - Install kubernetes dependencies with: pip install apache-airflow['cncf.kubernetes']
[2021-09-30 07:47:54,542] {scheduler_job.py:641} WARNING - No viable dags retrieved from /usr/local/lib/python3.6/dist-packages/airflow/example_dags/example_kubernetes_executor_config.py
[2021-09-30 07:47:54,551] {scheduler_job.py:190} INFO - Processing /usr/local/lib/python3.6/dist-packages/airflow/example_dags/example_kubernetes_executor_config.py took 0.019 seconds
[2021-09-30 07:48:24,812] {scheduler_job.py:182} INFO - Started process (PID=819) to work on /usr/local/lib/python3.6/dist-packages/airflow/example_dags/example_kubernetes_executor_config.py
[2021-09-30 07:48:24,813] {scheduler_job.py:629} INFO - Processing file /usr/local/lib/python3.6/dist-packages/airflow/example_dags/example_kubernetes_executor_config.py for tasks to queue
[2021-09-30 07:48:24,813] {logging_mixin.py:104} INFO - [2021-09-30 07:48:24,813] {dagbag.py:451} INFO - Filling up the DagBag from /usr/local/lib/python3.6/dist-packages/airflow/example_dags/example_kubernetes_executor_config.py
[2021-09-30 07:48:24,819] {logging_mixin.py:104} INFO - [2021-09-30 07:48:24,819] {example_kubernetes_executor_config.py:175} WARNING - Could not import DAGs in example_kubernetes_executor_config.py: No module named 'kubernetes'
[2021-09-30 07:48:24,819] {logging_mixin.py:104} INFO - [2021-09-30 07:48:24,819] {example_kubernetes_executor_config.py:176} WARNING - Install kubernetes dependencies with: pip install apache-airflow['cncf.kubernetes']
[2021-09-30 07:48:24,819] {scheduler_job.py:641} WARNING - No viable dags retrieved from /usr/local/lib/python3.6/dist-packages/airflow/example_dags/example_kubernetes_executor_config.py
[2021-09-30 07:48:24,829] {scheduler_job.py:190} INFO - Processing /usr/local/lib/python3.6/dist-packages/airflow/example_dags/example_kubernetes_executor_config.py took 0.019 seconds
[2021-09-30 07:48:54,905] {scheduler_job.py:182} INFO - Started process (PID=892) to work on /usr/local/lib/python3.6/dist-packages/airflow/example_dags/example_kubernetes_executor_config.py
[2021-09-30 07:48:54,906] {scheduler_job.py:629} INFO - Processing file /usr/local/lib/python3.6/dist-packages/airflow/example_dags/example_kubernetes_executor_config.py for tasks to queue
[2021-09-30 07:48:54,906] {logging_mixin.py:104} INFO - [2021-09-30 07:48:54,906] {dagbag.py:451} INFO - Filling up the DagBag from /usr/local/lib/python3.6/dist-packages/airflow/example_dags/example_kubernetes_executor_config.py
[2021-09-30 07:48:54,913] {logging_mixin.py:104} INFO - [2021-09-30 07:48:54,913] {example_kubernetes_executor_config.py:175} WARNING - Could not import DAGs in example_kubernetes_executor_config.py: No module named 'kubernetes'
[2021-09-30 07:48:54,913] {logging_mixin.py:104} INFO - [2021-09-30 07:48:54,913] {example_kubernetes_executor_config.py:176} WARNING - Install kubernetes dependencies with: pip install apache-airflow['cncf.kubernetes']
[2021-09-30 07:48:54,913] {scheduler_job.py:641} WARNING - No viable dags retrieved from /usr/local/lib/python3.6/dist-packages/airflow/example_dags/example_kubernetes_executor_config.py
[2021-09-30 07:48:54,925] {scheduler_job.py:190} INFO - Processing /usr/local/lib/python3.6/dist-packages/airflow/example_dags/example_kubernetes_executor_config.py took 0.023 seconds
[2021-09-30 07:49:25,124] {scheduler_job.py:182} INFO - Started process (PID=966) to work on /usr/local/lib/python3.6/dist-packages/airflow/example_dags/example_kubernetes_executor_config.py
[2021-09-30 07:49:25,124] {scheduler_job.py:629} INFO - Processing file /usr/local/lib/python3.6/dist-packages/airflow/example_dags/example_kubernetes_executor_config.py for tasks to queue
[2021-09-30 07:49:25,125] {logging_mixin.py:104} INFO - [2021-09-30 07:49:25,125] {dagbag.py:451} INFO - Filling up the DagBag from /usr/local/lib/python3.6/dist-packages/airflow/example_dags/example_kubernetes_executor_config.py
[2021-09-30 07:49:25,130] {logging_mixin.py:104} INFO - [2021-09-30 07:49:25,130] {example_kubernetes_executor_config.py:175} WARNING - Could not import DAGs in example_kubernetes_executor_config.py: No module named 'kubernetes'
[2021-09-30 07:49:25,130] {logging_mixin.py:104} INFO - [2021-09-30 07:49:25,130] {example_kubernetes_executor_config.py:176} WARNING - Install kubernetes dependencies with: pip install apache-airflow['cncf.kubernetes']
[2021-09-30 07:49:25,131] {scheduler_job.py:641} WARNING - No viable dags retrieved from /usr/local/lib/python3.6/dist-packages/airflow/example_dags/example_kubernetes_executor_config.py
[2021-09-30 07:49:25,141] {scheduler_job.py:190} INFO - Processing /usr/local/lib/python3.6/dist-packages/airflow/example_dags/example_kubernetes_executor_config.py took 0.020 seconds
[2021-09-30 07:49:55,391] {scheduler_job.py:182} INFO - Started process (PID=1040) to work on /usr/local/lib/python3.6/dist-packages/airflow/example_dags/example_kubernetes_executor_config.py
[2021-09-30 07:49:55,391] {scheduler_job.py:629} INFO - Processing file /usr/local/lib/python3.6/dist-packages/airflow/example_dags/example_kubernetes_executor_config.py for tasks to queue
[2021-09-30 07:49:55,392] {logging_mixin.py:104} INFO - [2021-09-30 07:49:55,392] {dagbag.py:451} INFO - Filling up the DagBag from /usr/local/lib/python3.6/dist-packages/airflow/example_dags/example_kubernetes_executor_config.py
[2021-09-30 07:49:55,397] {logging_mixin.py:104} INFO - [2021-09-30 07:49:55,397] {example_kubernetes_executor_config.py:175} WARNING - Could not import DAGs in example_kubernetes_executor_config.py: No module named 'kubernetes'
[2021-09-30 07:49:55,397] {logging_mixin.py:104} INFO - [2021-09-30 07:49:55,397] {example_kubernetes_executor_config.py:176} WARNING - Install kubernetes dependencies with: pip install apache-airflow['cncf.kubernetes']
[2021-09-30 07:49:55,397] {scheduler_job.py:641} WARNING - No viable dags retrieved from /usr/local/lib/python3.6/dist-packages/airflow/example_dags/example_kubernetes_executor_config.py
[2021-09-30 07:49:55,406] {scheduler_job.py:190} INFO - Processing /usr/local/lib/python3.6/dist-packages/airflow/example_dags/example_kubernetes_executor_config.py took 0.017 seconds
[2021-09-30 07:50:25,554] {scheduler_job.py:182} INFO - Started process (PID=1114) to work on /usr/local/lib/python3.6/dist-packages/airflow/example_dags/example_kubernetes_executor_config.py
[2021-09-30 07:50:25,555] {scheduler_job.py:629} INFO - Processing file /usr/local/lib/python3.6/dist-packages/airflow/example_dags/example_kubernetes_executor_config.py for tasks to queue
[2021-09-30 07:50:25,555] {logging_mixin.py:104} INFO - [2021-09-30 07:50:25,555] {dagbag.py:451} INFO - Filling up the DagBag from /usr/local/lib/python3.6/dist-packages/airflow/example_dags/example_kubernetes_executor_config.py
[2021-09-30 07:50:25,561] {logging_mixin.py:104} INFO - [2021-09-30 07:50:25,561] {example_kubernetes_executor_config.py:175} WARNING - Could not import DAGs in example_kubernetes_executor_config.py: No module named 'kubernetes'
[2021-09-30 07:50:25,561] {logging_mixin.py:104} INFO - [2021-09-30 07:50:25,561] {example_kubernetes_executor_config.py:176} WARNING - Install kubernetes dependencies with: pip install apache-airflow['cncf.kubernetes']
[2021-09-30 07:50:25,561] {scheduler_job.py:641} WARNING - No viable dags retrieved from /usr/local/lib/python3.6/dist-packages/airflow/example_dags/example_kubernetes_executor_config.py
[2021-09-30 07:50:25,571] {scheduler_job.py:190} INFO - Processing /usr/local/lib/python3.6/dist-packages/airflow/example_dags/example_kubernetes_executor_config.py took 0.019 seconds
[2021-09-30 07:50:55,698] {scheduler_job.py:182} INFO - Started process (PID=1188) to work on /usr/local/lib/python3.6/dist-packages/airflow/example_dags/example_kubernetes_executor_config.py
[2021-09-30 07:50:55,699] {scheduler_job.py:629} INFO - Processing file /usr/local/lib/python3.6/dist-packages/airflow/example_dags/example_kubernetes_executor_config.py for tasks to queue
[2021-09-30 07:50:55,699] {logging_mixin.py:104} INFO - [2021-09-30 07:50:55,699] {dagbag.py:451} INFO - Filling up the DagBag from /usr/local/lib/python3.6/dist-packages/airflow/example_dags/example_kubernetes_executor_config.py
[2021-09-30 07:50:55,705] {logging_mixin.py:104} INFO - [2021-09-30 07:50:55,705] {example_kubernetes_executor_config.py:175} WARNING - Could not import DAGs in example_kubernetes_executor_config.py: No module named 'kubernetes'
[2021-09-30 07:50:55,706] {logging_mixin.py:104} INFO - [2021-09-30 07:50:55,706] {example_kubernetes_executor_config.py:176} WARNING - Install kubernetes dependencies with: pip install apache-airflow['cncf.kubernetes']
[2021-09-30 07:50:55,706] {scheduler_job.py:641} WARNING - No viable dags retrieved from /usr/local/lib/python3.6/dist-packages/airflow/example_dags/example_kubernetes_executor_config.py
[2021-09-30 07:50:55,716] {scheduler_job.py:190} INFO - Processing /usr/local/lib/python3.6/dist-packages/airflow/example_dags/example_kubernetes_executor_config.py took 0.021 seconds
[2021-09-30 07:51:26,025] {scheduler_job.py:182} INFO - Started process (PID=1263) to work on /usr/local/lib/python3.6/dist-packages/airflow/example_dags/example_kubernetes_executor_config.py
[2021-09-30 07:51:26,026] {scheduler_job.py:629} INFO - Processing file /usr/local/lib/python3.6/dist-packages/airflow/example_dags/example_kubernetes_executor_config.py for tasks to queue
[2021-09-30 07:51:26,026] {logging_mixin.py:104} INFO - [2021-09-30 07:51:26,026] {dagbag.py:451} INFO - Filling up the DagBag from /usr/local/lib/python3.6/dist-packages/airflow/example_dags/example_kubernetes_executor_config.py
[2021-09-30 07:51:26,032] {logging_mixin.py:104} INFO - [2021-09-30 07:51:26,031] {example_kubernetes_executor_config.py:175} WARNING - Could not import DAGs in example_kubernetes_executor_config.py: No module named 'kubernetes'
[2021-09-30 07:51:26,032] {logging_mixin.py:104} INFO - [2021-09-30 07:51:26,032] {example_kubernetes_executor_config.py:176} WARNING - Install kubernetes dependencies with: pip install apache-airflow['cncf.kubernetes']
[2021-09-30 07:51:26,032] {scheduler_job.py:641} WARNING - No viable dags retrieved from /usr/local/lib/python3.6/dist-packages/airflow/example_dags/example_kubernetes_executor_config.py
[2021-09-30 07:51:26,041] {scheduler_job.py:190} INFO - Processing /usr/local/lib/python3.6/dist-packages/airflow/example_dags/example_kubernetes_executor_config.py took 0.019 seconds
[2021-09-30 07:51:56,132] {scheduler_job.py:182} INFO - Started process (PID=1342) to work on /usr/local/lib/python3.6/dist-packages/airflow/example_dags/example_kubernetes_executor_config.py
[2021-09-30 07:51:56,133] {scheduler_job.py:629} INFO - Processing file /usr/local/lib/python3.6/dist-packages/airflow/example_dags/example_kubernetes_executor_config.py for tasks to queue
[2021-09-30 07:51:56,134] {logging_mixin.py:104} INFO - [2021-09-30 07:51:56,134] {dagbag.py:451} INFO - Filling up the DagBag from /usr/local/lib/python3.6/dist-packages/airflow/example_dags/example_kubernetes_executor_config.py
[2021-09-30 07:51:56,139] {logging_mixin.py:104} INFO - [2021-09-30 07:51:56,139] {example_kubernetes_executor_config.py:175} WARNING - Could not import DAGs in example_kubernetes_executor_config.py: No module named 'kubernetes'
[2021-09-30 07:51:56,139] {logging_mixin.py:104} INFO - [2021-09-30 07:51:56,139] {example_kubernetes_executor_config.py:176} WARNING - Install kubernetes dependencies with: pip install apache-airflow['cncf.kubernetes']
[2021-09-30 07:51:56,140] {scheduler_job.py:641} WARNING - No viable dags retrieved from /usr/local/lib/python3.6/dist-packages/airflow/example_dags/example_kubernetes_executor_config.py
[2021-09-30 07:51:56,150] {scheduler_job.py:190} INFO - Processing /usr/local/lib/python3.6/dist-packages/airflow/example_dags/example_kubernetes_executor_config.py took 0.020 seconds
[2021-09-30 07:52:27,020] {scheduler_job.py:182} INFO - Started process (PID=1403) to work on /usr/local/lib/python3.6/dist-packages/airflow/example_dags/example_kubernetes_executor_config.py
[2021-09-30 07:52:27,021] {scheduler_job.py:629} INFO - Processing file /usr/local/lib/python3.6/dist-packages/airflow/example_dags/example_kubernetes_executor_config.py for tasks to queue
[2021-09-30 07:52:27,021] {logging_mixin.py:104} INFO - [2021-09-30 07:52:27,021] {dagbag.py:451} INFO - Filling up the DagBag from /usr/local/lib/python3.6/dist-packages/airflow/example_dags/example_kubernetes_executor_config.py
[2021-09-30 07:52:27,027] {logging_mixin.py:104} INFO - [2021-09-30 07:52:27,027] {example_kubernetes_executor_config.py:175} WARNING - Could not import DAGs in example_kubernetes_executor_config.py: No module named 'kubernetes'
[2021-09-30 07:52:27,027] {logging_mixin.py:104} INFO - [2021-09-30 07:52:27,027] {example_kubernetes_executor_config.py:176} WARNING - Install kubernetes dependencies with: pip install apache-airflow['cncf.kubernetes']
[2021-09-30 07:52:27,027] {scheduler_job.py:641} WARNING - No viable dags retrieved from /usr/local/lib/python3.6/dist-packages/airflow/example_dags/example_kubernetes_executor_config.py
[2021-09-30 07:52:27,037] {scheduler_job.py:190} INFO - Processing /usr/local/lib/python3.6/dist-packages/airflow/example_dags/example_kubernetes_executor_config.py took 0.020 seconds
[2021-09-30 07:52:57,506] {scheduler_job.py:182} INFO - Started process (PID=1470) to work on /usr/local/lib/python3.6/dist-packages/airflow/example_dags/example_kubernetes_executor_config.py
[2021-09-30 07:52:57,507] {scheduler_job.py:629} INFO - Processing file /usr/local/lib/python3.6/dist-packages/airflow/example_dags/example_kubernetes_executor_config.py for tasks to queue
[2021-09-30 07:52:57,508] {logging_mixin.py:104} INFO - [2021-09-30 07:52:57,507] {dagbag.py:451} INFO - Filling up the DagBag from /usr/local/lib/python3.6/dist-packages/airflow/example_dags/example_kubernetes_executor_config.py
[2021-09-30 07:52:57,513] {logging_mixin.py:104} INFO - [2021-09-30 07:52:57,513] {example_kubernetes_executor_config.py:175} WARNING - Could not import DAGs in example_kubernetes_executor_config.py: No module named 'kubernetes'
[2021-09-30 07:52:57,513] {logging_mixin.py:104} INFO - [2021-09-30 07:52:57,513] {example_kubernetes_executor_config.py:176} WARNING - Install kubernetes dependencies with: pip install apache-airflow['cncf.kubernetes']
[2021-09-30 07:52:57,513] {scheduler_job.py:641} WARNING - No viable dags retrieved from /usr/local/lib/python3.6/dist-packages/airflow/example_dags/example_kubernetes_executor_config.py
[2021-09-30 07:52:57,522] {scheduler_job.py:190} INFO - Processing /usr/local/lib/python3.6/dist-packages/airflow/example_dags/example_kubernetes_executor_config.py took 0.018 seconds
[2021-09-30 07:53:27,636] {scheduler_job.py:182} INFO - Started process (PID=1544) to work on /usr/local/lib/python3.6/dist-packages/airflow/example_dags/example_kubernetes_executor_config.py
[2021-09-30 07:53:27,637] {scheduler_job.py:629} INFO - Processing file /usr/local/lib/python3.6/dist-packages/airflow/example_dags/example_kubernetes_executor_config.py for tasks to queue
[2021-09-30 07:53:27,638] {logging_mixin.py:104} INFO - [2021-09-30 07:53:27,637] {dagbag.py:451} INFO - Filling up the DagBag from /usr/local/lib/python3.6/dist-packages/airflow/example_dags/example_kubernetes_executor_config.py
[2021-09-30 07:53:27,644] {logging_mixin.py:104} INFO - [2021-09-30 07:53:27,644] {example_kubernetes_executor_config.py:175} WARNING - Could not import DAGs in example_kubernetes_executor_config.py: No module named 'kubernetes'
[2021-09-30 07:53:27,644] {logging_mixin.py:104} INFO - [2021-09-30 07:53:27,644] {example_kubernetes_executor_config.py:176} WARNING - Install kubernetes dependencies with: pip install apache-airflow['cncf.kubernetes']
[2021-09-30 07:53:27,644] {scheduler_job.py:641} WARNING - No viable dags retrieved from /usr/local/lib/python3.6/dist-packages/airflow/example_dags/example_kubernetes_executor_config.py
[2021-09-30 07:53:27,655] {scheduler_job.py:190} INFO - Processing /usr/local/lib/python3.6/dist-packages/airflow/example_dags/example_kubernetes_executor_config.py took 0.020 seconds
[2021-09-30 07:53:57,983] {scheduler_job.py:182} INFO - Started process (PID=1621) to work on /usr/local/lib/python3.6/dist-packages/airflow/example_dags/example_kubernetes_executor_config.py
[2021-09-30 07:53:57,983] {scheduler_job.py:629} INFO - Processing file /usr/local/lib/python3.6/dist-packages/airflow/example_dags/example_kubernetes_executor_config.py for tasks to queue
[2021-09-30 07:53:57,984] {logging_mixin.py:104} INFO - [2021-09-30 07:53:57,984] {dagbag.py:451} INFO - Filling up the DagBag from /usr/local/lib/python3.6/dist-packages/airflow/example_dags/example_kubernetes_executor_config.py
[2021-09-30 07:53:57,991] {logging_mixin.py:104} INFO - [2021-09-30 07:53:57,990] {example_kubernetes_executor_config.py:175} WARNING - Could not import DAGs in example_kubernetes_executor_config.py: No module named 'kubernetes'
[2021-09-30 07:53:57,991] {logging_mixin.py:104} INFO - [2021-09-30 07:53:57,991] {example_kubernetes_executor_config.py:176} WARNING - Install kubernetes dependencies with: pip install apache-airflow['cncf.kubernetes']
[2021-09-30 07:53:57,991] {scheduler_job.py:641} WARNING - No viable dags retrieved from /usr/local/lib/python3.6/dist-packages/airflow/example_dags/example_kubernetes_executor_config.py
[2021-09-30 07:53:58,002] {scheduler_job.py:190} INFO - Processing /usr/local/lib/python3.6/dist-packages/airflow/example_dags/example_kubernetes_executor_config.py took 0.022 seconds
[2021-09-30 07:54:28,492] {scheduler_job.py:182} INFO - Started process (PID=1700) to work on /usr/local/lib/python3.6/dist-packages/airflow/example_dags/example_kubernetes_executor_config.py
[2021-09-30 07:54:28,492] {scheduler_job.py:629} INFO - Processing file /usr/local/lib/python3.6/dist-packages/airflow/example_dags/example_kubernetes_executor_config.py for tasks to queue
[2021-09-30 07:54:28,493] {logging_mixin.py:104} INFO - [2021-09-30 07:54:28,493] {dagbag.py:451} INFO - Filling up the DagBag from /usr/local/lib/python3.6/dist-packages/airflow/example_dags/example_kubernetes_executor_config.py
[2021-09-30 07:54:28,498] {logging_mixin.py:104} INFO - [2021-09-30 07:54:28,498] {example_kubernetes_executor_config.py:175} WARNING - Could not import DAGs in example_kubernetes_executor_config.py: No module named 'kubernetes'
[2021-09-30 07:54:28,498] {logging_mixin.py:104} INFO - [2021-09-30 07:54:28,498] {example_kubernetes_executor_config.py:176} WARNING - Install kubernetes dependencies with: pip install apache-airflow['cncf.kubernetes']
[2021-09-30 07:54:28,498] {scheduler_job.py:641} WARNING - No viable dags retrieved from /usr/local/lib/python3.6/dist-packages/airflow/example_dags/example_kubernetes_executor_config.py
[2021-09-30 07:54:28,508] {scheduler_job.py:190} INFO - Processing /usr/local/lib/python3.6/dist-packages/airflow/example_dags/example_kubernetes_executor_config.py took 0.018 seconds
[2021-09-30 07:54:58,834] {scheduler_job.py:182} INFO - Started process (PID=1775) to work on /usr/local/lib/python3.6/dist-packages/airflow/example_dags/example_kubernetes_executor_config.py
[2021-09-30 07:54:58,835] {scheduler_job.py:629} INFO - Processing file /usr/local/lib/python3.6/dist-packages/airflow/example_dags/example_kubernetes_executor_config.py for tasks to queue
[2021-09-30 07:54:58,836] {logging_mixin.py:104} INFO - [2021-09-30 07:54:58,835] {dagbag.py:451} INFO - Filling up the DagBag from /usr/local/lib/python3.6/dist-packages/airflow/example_dags/example_kubernetes_executor_config.py
[2021-09-30 07:54:58,841] {logging_mixin.py:104} INFO - [2021-09-30 07:54:58,841] {example_kubernetes_executor_config.py:175} WARNING - Could not import DAGs in example_kubernetes_executor_config.py: No module named 'kubernetes'
[2021-09-30 07:54:58,841] {logging_mixin.py:104} INFO - [2021-09-30 07:54:58,841] {example_kubernetes_executor_config.py:176} WARNING - Install kubernetes dependencies with: pip install apache-airflow['cncf.kubernetes']
[2021-09-30 07:54:58,841] {scheduler_job.py:641} WARNING - No viable dags retrieved from /usr/local/lib/python3.6/dist-packages/airflow/example_dags/example_kubernetes_executor_config.py
[2021-09-30 07:54:58,850] {scheduler_job.py:190} INFO - Processing /usr/local/lib/python3.6/dist-packages/airflow/example_dags/example_kubernetes_executor_config.py took 0.018 seconds
[2021-09-30 07:55:28,972] {scheduler_job.py:182} INFO - Started process (PID=1846) to work on /usr/local/lib/python3.6/dist-packages/airflow/example_dags/example_kubernetes_executor_config.py
[2021-09-30 07:55:28,973] {scheduler_job.py:629} INFO - Processing file /usr/local/lib/python3.6/dist-packages/airflow/example_dags/example_kubernetes_executor_config.py for tasks to queue
[2021-09-30 07:55:28,973] {logging_mixin.py:104} INFO - [2021-09-30 07:55:28,973] {dagbag.py:451} INFO - Filling up the DagBag from /usr/local/lib/python3.6/dist-packages/airflow/example_dags/example_kubernetes_executor_config.py
[2021-09-30 07:55:28,979] {logging_mixin.py:104} INFO - [2021-09-30 07:55:28,979] {example_kubernetes_executor_config.py:175} WARNING - Could not import DAGs in example_kubernetes_executor_config.py: No module named 'kubernetes'
[2021-09-30 07:55:28,980] {logging_mixin.py:104} INFO - [2021-09-30 07:55:28,980] {example_kubernetes_executor_config.py:176} WARNING - Install kubernetes dependencies with: pip install apache-airflow['cncf.kubernetes']
[2021-09-30 07:55:28,980] {scheduler_job.py:641} WARNING - No viable dags retrieved from /usr/local/lib/python3.6/dist-packages/airflow/example_dags/example_kubernetes_executor_config.py
[2021-09-30 07:55:28,990] {scheduler_job.py:190} INFO - Processing /usr/local/lib/python3.6/dist-packages/airflow/example_dags/example_kubernetes_executor_config.py took 0.020 seconds
[2021-09-30 07:55:59,150] {scheduler_job.py:182} INFO - Started process (PID=1922) to work on /usr/local/lib/python3.6/dist-packages/airflow/example_dags/example_kubernetes_executor_config.py
[2021-09-30 07:55:59,152] {scheduler_job.py:629} INFO - Processing file /usr/local/lib/python3.6/dist-packages/airflow/example_dags/example_kubernetes_executor_config.py for tasks to queue
[2021-09-30 07:55:59,153] {logging_mixin.py:104} INFO - [2021-09-30 07:55:59,153] {dagbag.py:451} INFO - Filling up the DagBag from /usr/local/lib/python3.6/dist-packages/airflow/example_dags/example_kubernetes_executor_config.py
[2021-09-30 07:55:59,158] {logging_mixin.py:104} INFO - [2021-09-30 07:55:59,158] {example_kubernetes_executor_config.py:175} WARNING - Could not import DAGs in example_kubernetes_executor_config.py: No module named 'kubernetes'
[2021-09-30 07:55:59,158] {logging_mixin.py:104} INFO - [2021-09-30 07:55:59,158] {example_kubernetes_executor_config.py:176} WARNING - Install kubernetes dependencies with: pip install apache-airflow['cncf.kubernetes']
[2021-09-30 07:55:59,159] {scheduler_job.py:641} WARNING - No viable dags retrieved from /usr/local/lib/python3.6/dist-packages/airflow/example_dags/example_kubernetes_executor_config.py
[2021-09-30 07:55:59,169] {scheduler_job.py:190} INFO - Processing /usr/local/lib/python3.6/dist-packages/airflow/example_dags/example_kubernetes_executor_config.py took 0.021 seconds
[2021-09-30 07:56:29,225] {scheduler_job.py:182} INFO - Started process (PID=1998) to work on /usr/local/lib/python3.6/dist-packages/airflow/example_dags/example_kubernetes_executor_config.py
[2021-09-30 07:56:29,226] {scheduler_job.py:629} INFO - Processing file /usr/local/lib/python3.6/dist-packages/airflow/example_dags/example_kubernetes_executor_config.py for tasks to queue
[2021-09-30 07:56:29,227] {logging_mixin.py:104} INFO - [2021-09-30 07:56:29,226] {dagbag.py:451} INFO - Filling up the DagBag from /usr/local/lib/python3.6/dist-packages/airflow/example_dags/example_kubernetes_executor_config.py
[2021-09-30 07:56:29,232] {logging_mixin.py:104} INFO - [2021-09-30 07:56:29,232] {example_kubernetes_executor_config.py:175} WARNING - Could not import DAGs in example_kubernetes_executor_config.py: No module named 'kubernetes'
[2021-09-30 07:56:29,232] {logging_mixin.py:104} INFO - [2021-09-30 07:56:29,232] {example_kubernetes_executor_config.py:176} WARNING - Install kubernetes dependencies with: pip install apache-airflow['cncf.kubernetes']
[2021-09-30 07:56:29,232] {scheduler_job.py:641} WARNING - No viable dags retrieved from /usr/local/lib/python3.6/dist-packages/airflow/example_dags/example_kubernetes_executor_config.py
[2021-09-30 07:56:29,242] {scheduler_job.py:190} INFO - Processing /usr/local/lib/python3.6/dist-packages/airflow/example_dags/example_kubernetes_executor_config.py took 0.019 seconds
[2021-09-30 07:56:59,861] {scheduler_job.py:182} INFO - Started process (PID=2066) to work on /usr/local/lib/python3.6/dist-packages/airflow/example_dags/example_kubernetes_executor_config.py
[2021-09-30 07:56:59,862] {scheduler_job.py:629} INFO - Processing file /usr/local/lib/python3.6/dist-packages/airflow/example_dags/example_kubernetes_executor_config.py for tasks to queue
[2021-09-30 07:56:59,862] {logging_mixin.py:104} INFO - [2021-09-30 07:56:59,862] {dagbag.py:451} INFO - Filling up the DagBag from /usr/local/lib/python3.6/dist-packages/airflow/example_dags/example_kubernetes_executor_config.py
[2021-09-30 07:56:59,867] {logging_mixin.py:104} INFO - [2021-09-30 07:56:59,867] {example_kubernetes_executor_config.py:175} WARNING - Could not import DAGs in example_kubernetes_executor_config.py: No module named 'kubernetes'
[2021-09-30 07:56:59,867] {logging_mixin.py:104} INFO - [2021-09-30 07:56:59,867] {example_kubernetes_executor_config.py:176} WARNING - Install kubernetes dependencies with: pip install apache-airflow['cncf.kubernetes']
[2021-09-30 07:56:59,867] {scheduler_job.py:641} WARNING - No viable dags retrieved from /usr/local/lib/python3.6/dist-packages/airflow/example_dags/example_kubernetes_executor_config.py
[2021-09-30 07:56:59,878] {scheduler_job.py:190} INFO - Processing /usr/local/lib/python3.6/dist-packages/airflow/example_dags/example_kubernetes_executor_config.py took 0.019 seconds
[2021-09-30 07:57:30,706] {scheduler_job.py:182} INFO - Started process (PID=2140) to work on /usr/local/lib/python3.6/dist-packages/airflow/example_dags/example_kubernetes_executor_config.py
[2021-09-30 07:57:30,707] {scheduler_job.py:629} INFO - Processing file /usr/local/lib/python3.6/dist-packages/airflow/example_dags/example_kubernetes_executor_config.py for tasks to queue
[2021-09-30 07:57:30,707] {logging_mixin.py:104} INFO - [2021-09-30 07:57:30,707] {dagbag.py:451} INFO - Filling up the DagBag from /usr/local/lib/python3.6/dist-packages/airflow/example_dags/example_kubernetes_executor_config.py
[2021-09-30 07:57:30,714] {logging_mixin.py:104} INFO - [2021-09-30 07:57:30,714] {example_kubernetes_executor_config.py:175} WARNING - Could not import DAGs in example_kubernetes_executor_config.py: No module named 'kubernetes'
[2021-09-30 07:57:30,714] {logging_mixin.py:104} INFO - [2021-09-30 07:57:30,714] {example_kubernetes_executor_config.py:176} WARNING - Install kubernetes dependencies with: pip install apache-airflow['cncf.kubernetes']
[2021-09-30 07:57:30,715] {scheduler_job.py:641} WARNING - No viable dags retrieved from /usr/local/lib/python3.6/dist-packages/airflow/example_dags/example_kubernetes_executor_config.py
[2021-09-30 07:57:30,724] {scheduler_job.py:190} INFO - Processing /usr/local/lib/python3.6/dist-packages/airflow/example_dags/example_kubernetes_executor_config.py took 0.020 seconds
[2021-09-30 07:58:00,791] {scheduler_job.py:182} INFO - Started process (PID=2216) to work on /usr/local/lib/python3.6/dist-packages/airflow/example_dags/example_kubernetes_executor_config.py
[2021-09-30 07:58:00,791] {scheduler_job.py:629} INFO - Processing file /usr/local/lib/python3.6/dist-packages/airflow/example_dags/example_kubernetes_executor_config.py for tasks to queue
[2021-09-30 07:58:00,792] {logging_mixin.py:104} INFO - [2021-09-30 07:58:00,792] {dagbag.py:451} INFO - Filling up the DagBag from /usr/local/lib/python3.6/dist-packages/airflow/example_dags/example_kubernetes_executor_config.py
[2021-09-30 07:58:00,797] {logging_mixin.py:104} INFO - [2021-09-30 07:58:00,797] {example_kubernetes_executor_config.py:175} WARNING - Could not import DAGs in example_kubernetes_executor_config.py: No module named 'kubernetes'
[2021-09-30 07:58:00,797] {logging_mixin.py:104} INFO - [2021-09-30 07:58:00,797] {example_kubernetes_executor_config.py:176} WARNING - Install kubernetes dependencies with: pip install apache-airflow['cncf.kubernetes']
[2021-09-30 07:58:00,797] {scheduler_job.py:641} WARNING - No viable dags retrieved from /usr/local/lib/python3.6/dist-packages/airflow/example_dags/example_kubernetes_executor_config.py
[2021-09-30 07:58:00,807] {scheduler_job.py:190} INFO - Processing /usr/local/lib/python3.6/dist-packages/airflow/example_dags/example_kubernetes_executor_config.py took 0.019 seconds
[2021-09-30 07:58:30,847] {scheduler_job.py:182} INFO - Started process (PID=2289) to work on /usr/local/lib/python3.6/dist-packages/airflow/example_dags/example_kubernetes_executor_config.py
[2021-09-30 07:58:30,848] {scheduler_job.py:629} INFO - Processing file /usr/local/lib/python3.6/dist-packages/airflow/example_dags/example_kubernetes_executor_config.py for tasks to queue
[2021-09-30 07:58:30,848] {logging_mixin.py:104} INFO - [2021-09-30 07:58:30,848] {dagbag.py:451} INFO - Filling up the DagBag from /usr/local/lib/python3.6/dist-packages/airflow/example_dags/example_kubernetes_executor_config.py
[2021-09-30 07:58:30,853] {logging_mixin.py:104} INFO - [2021-09-30 07:58:30,853] {example_kubernetes_executor_config.py:175} WARNING - Could not import DAGs in example_kubernetes_executor_config.py: No module named 'kubernetes'
[2021-09-30 07:58:30,853] {logging_mixin.py:104} INFO - [2021-09-30 07:58:30,853] {example_kubernetes_executor_config.py:176} WARNING - Install kubernetes dependencies with: pip install apache-airflow['cncf.kubernetes']
[2021-09-30 07:58:30,853] {scheduler_job.py:641} WARNING - No viable dags retrieved from /usr/local/lib/python3.6/dist-packages/airflow/example_dags/example_kubernetes_executor_config.py
[2021-09-30 07:58:30,863] {scheduler_job.py:190} INFO - Processing /usr/local/lib/python3.6/dist-packages/airflow/example_dags/example_kubernetes_executor_config.py took 0.018 seconds
[2021-09-30 07:59:01,188] {scheduler_job.py:182} INFO - Started process (PID=2368) to work on /usr/local/lib/python3.6/dist-packages/airflow/example_dags/example_kubernetes_executor_config.py
[2021-09-30 07:59:01,188] {scheduler_job.py:629} INFO - Processing file /usr/local/lib/python3.6/dist-packages/airflow/example_dags/example_kubernetes_executor_config.py for tasks to queue
[2021-09-30 07:59:01,189] {logging_mixin.py:104} INFO - [2021-09-30 07:59:01,189] {dagbag.py:451} INFO - Filling up the DagBag from /usr/local/lib/python3.6/dist-packages/airflow/example_dags/example_kubernetes_executor_config.py
[2021-09-30 07:59:01,196] {logging_mixin.py:104} INFO - [2021-09-30 07:59:01,196] {example_kubernetes_executor_config.py:175} WARNING - Could not import DAGs in example_kubernetes_executor_config.py: No module named 'kubernetes'
[2021-09-30 07:59:01,196] {logging_mixin.py:104} INFO - [2021-09-30 07:59:01,196] {example_kubernetes_executor_config.py:176} WARNING - Install kubernetes dependencies with: pip install apache-airflow['cncf.kubernetes']
[2021-09-30 07:59:01,197] {scheduler_job.py:641} WARNING - No viable dags retrieved from /usr/local/lib/python3.6/dist-packages/airflow/example_dags/example_kubernetes_executor_config.py
[2021-09-30 07:59:01,207] {scheduler_job.py:190} INFO - Processing /usr/local/lib/python3.6/dist-packages/airflow/example_dags/example_kubernetes_executor_config.py took 0.022 seconds
[2021-09-30 07:59:31,421] {scheduler_job.py:182} INFO - Started process (PID=2442) to work on /usr/local/lib/python3.6/dist-packages/airflow/example_dags/example_kubernetes_executor_config.py
[2021-09-30 07:59:31,421] {scheduler_job.py:629} INFO - Processing file /usr/local/lib/python3.6/dist-packages/airflow/example_dags/example_kubernetes_executor_config.py for tasks to queue
[2021-09-30 07:59:31,422] {logging_mixin.py:104} INFO - [2021-09-30 07:59:31,422] {dagbag.py:451} INFO - Filling up the DagBag from /usr/local/lib/python3.6/dist-packages/airflow/example_dags/example_kubernetes_executor_config.py
[2021-09-30 07:59:31,429] {logging_mixin.py:104} INFO - [2021-09-30 07:59:31,429] {example_kubernetes_executor_config.py:175} WARNING - Could not import DAGs in example_kubernetes_executor_config.py: No module named 'kubernetes'
[2021-09-30 07:59:31,429] {logging_mixin.py:104} INFO - [2021-09-30 07:59:31,429] {example_kubernetes_executor_config.py:176} WARNING - Install kubernetes dependencies with: pip install apache-airflow['cncf.kubernetes']
[2021-09-30 07:59:31,430] {scheduler_job.py:641} WARNING - No viable dags retrieved from /usr/local/lib/python3.6/dist-packages/airflow/example_dags/example_kubernetes_executor_config.py
[2021-09-30 07:59:31,440] {scheduler_job.py:190} INFO - Processing /usr/local/lib/python3.6/dist-packages/airflow/example_dags/example_kubernetes_executor_config.py took 0.021 seconds
[2021-09-30 08:00:01,776] {scheduler_job.py:182} INFO - Started process (PID=2522) to work on /usr/local/lib/python3.6/dist-packages/airflow/example_dags/example_kubernetes_executor_config.py
[2021-09-30 08:00:01,776] {scheduler_job.py:629} INFO - Processing file /usr/local/lib/python3.6/dist-packages/airflow/example_dags/example_kubernetes_executor_config.py for tasks to queue
[2021-09-30 08:00:01,777] {logging_mixin.py:104} INFO - [2021-09-30 08:00:01,777] {dagbag.py:451} INFO - Filling up the DagBag from /usr/local/lib/python3.6/dist-packages/airflow/example_dags/example_kubernetes_executor_config.py
[2021-09-30 08:00:01,783] {logging_mixin.py:104} INFO - [2021-09-30 08:00:01,783] {example_kubernetes_executor_config.py:175} WARNING - Could not import DAGs in example_kubernetes_executor_config.py: No module named 'kubernetes'
[2021-09-30 08:00:01,783] {logging_mixin.py:104} INFO - [2021-09-30 08:00:01,783] {example_kubernetes_executor_config.py:176} WARNING - Install kubernetes dependencies with: pip install apache-airflow['cncf.kubernetes']
[2021-09-30 08:00:01,783] {scheduler_job.py:641} WARNING - No viable dags retrieved from /usr/local/lib/python3.6/dist-packages/airflow/example_dags/example_kubernetes_executor_config.py
[2021-09-30 08:00:01,792] {scheduler_job.py:190} INFO - Processing /usr/local/lib/python3.6/dist-packages/airflow/example_dags/example_kubernetes_executor_config.py took 0.018 seconds
[2021-09-30 08:00:31,990] {scheduler_job.py:182} INFO - Started process (PID=2598) to work on /usr/local/lib/python3.6/dist-packages/airflow/example_dags/example_kubernetes_executor_config.py
[2021-09-30 08:00:31,991] {scheduler_job.py:629} INFO - Processing file /usr/local/lib/python3.6/dist-packages/airflow/example_dags/example_kubernetes_executor_config.py for tasks to queue
[2021-09-30 08:00:31,991] {logging_mixin.py:104} INFO - [2021-09-30 08:00:31,991] {dagbag.py:451} INFO - Filling up the DagBag from /usr/local/lib/python3.6/dist-packages/airflow/example_dags/example_kubernetes_executor_config.py
[2021-09-30 08:00:31,998] {logging_mixin.py:104} INFO - [2021-09-30 08:00:31,998] {example_kubernetes_executor_config.py:175} WARNING - Could not import DAGs in example_kubernetes_executor_config.py: No module named 'kubernetes'
[2021-09-30 08:00:31,998] {logging_mixin.py:104} INFO - [2021-09-30 08:00:31,998] {example_kubernetes_executor_config.py:176} WARNING - Install kubernetes dependencies with: pip install apache-airflow['cncf.kubernetes']
[2021-09-30 08:00:31,998] {scheduler_job.py:641} WARNING - No viable dags retrieved from /usr/local/lib/python3.6/dist-packages/airflow/example_dags/example_kubernetes_executor_config.py
[2021-09-30 08:00:32,009] {scheduler_job.py:190} INFO - Processing /usr/local/lib/python3.6/dist-packages/airflow/example_dags/example_kubernetes_executor_config.py took 0.020 seconds
[2021-09-30 08:01:02,805] {scheduler_job.py:182} INFO - Started process (PID=2668) to work on /usr/local/lib/python3.6/dist-packages/airflow/example_dags/example_kubernetes_executor_config.py
[2021-09-30 08:01:02,807] {scheduler_job.py:629} INFO - Processing file /usr/local/lib/python3.6/dist-packages/airflow/example_dags/example_kubernetes_executor_config.py for tasks to queue
[2021-09-30 08:01:02,808] {logging_mixin.py:104} INFO - [2021-09-30 08:01:02,807] {dagbag.py:451} INFO - Filling up the DagBag from /usr/local/lib/python3.6/dist-packages/airflow/example_dags/example_kubernetes_executor_config.py
[2021-09-30 08:01:02,812] {logging_mixin.py:104} INFO - [2021-09-30 08:01:02,812] {example_kubernetes_executor_config.py:175} WARNING - Could not import DAGs in example_kubernetes_executor_config.py: No module named 'kubernetes'
[2021-09-30 08:01:02,813] {logging_mixin.py:104} INFO - [2021-09-30 08:01:02,813] {example_kubernetes_executor_config.py:176} WARNING - Install kubernetes dependencies with: pip install apache-airflow['cncf.kubernetes']
[2021-09-30 08:01:02,813] {scheduler_job.py:641} WARNING - No viable dags retrieved from /usr/local/lib/python3.6/dist-packages/airflow/example_dags/example_kubernetes_executor_config.py
[2021-09-30 08:01:02,823] {scheduler_job.py:190} INFO - Processing /usr/local/lib/python3.6/dist-packages/airflow/example_dags/example_kubernetes_executor_config.py took 0.020 seconds
[2021-09-30 08:01:33,758] {scheduler_job.py:182} INFO - Started process (PID=2737) to work on /usr/local/lib/python3.6/dist-packages/airflow/example_dags/example_kubernetes_executor_config.py
[2021-09-30 08:01:33,759] {scheduler_job.py:629} INFO - Processing file /usr/local/lib/python3.6/dist-packages/airflow/example_dags/example_kubernetes_executor_config.py for tasks to queue
[2021-09-30 08:01:33,759] {logging_mixin.py:104} INFO - [2021-09-30 08:01:33,759] {dagbag.py:451} INFO - Filling up the DagBag from /usr/local/lib/python3.6/dist-packages/airflow/example_dags/example_kubernetes_executor_config.py
[2021-09-30 08:01:33,778] {logging_mixin.py:104} INFO - [2021-09-30 08:01:33,778] {example_kubernetes_executor_config.py:175} WARNING - Could not import DAGs in example_kubernetes_executor_config.py: No module named 'kubernetes'
[2021-09-30 08:01:33,778] {logging_mixin.py:104} INFO - [2021-09-30 08:01:33,778] {example_kubernetes_executor_config.py:176} WARNING - Install kubernetes dependencies with: pip install apache-airflow['cncf.kubernetes']
[2021-09-30 08:01:33,778] {scheduler_job.py:641} WARNING - No viable dags retrieved from /usr/local/lib/python3.6/dist-packages/airflow/example_dags/example_kubernetes_executor_config.py
[2021-09-30 08:01:33,794] {scheduler_job.py:190} INFO - Processing /usr/local/lib/python3.6/dist-packages/airflow/example_dags/example_kubernetes_executor_config.py took 0.038 seconds
[2021-09-30 08:02:04,201] {scheduler_job.py:182} INFO - Started process (PID=2803) to work on /usr/local/lib/python3.6/dist-packages/airflow/example_dags/example_kubernetes_executor_config.py
[2021-09-30 08:02:04,202] {scheduler_job.py:629} INFO - Processing file /usr/local/lib/python3.6/dist-packages/airflow/example_dags/example_kubernetes_executor_config.py for tasks to queue
[2021-09-30 08:02:04,202] {logging_mixin.py:104} INFO - [2021-09-30 08:02:04,202] {dagbag.py:451} INFO - Filling up the DagBag from /usr/local/lib/python3.6/dist-packages/airflow/example_dags/example_kubernetes_executor_config.py
[2021-09-30 08:02:04,208] {logging_mixin.py:104} INFO - [2021-09-30 08:02:04,208] {example_kubernetes_executor_config.py:175} WARNING - Could not import DAGs in example_kubernetes_executor_config.py: No module named 'kubernetes'
[2021-09-30 08:02:04,208] {logging_mixin.py:104} INFO - [2021-09-30 08:02:04,208] {example_kubernetes_executor_config.py:176} WARNING - Install kubernetes dependencies with: pip install apache-airflow['cncf.kubernetes']
[2021-09-30 08:02:04,208] {scheduler_job.py:641} WARNING - No viable dags retrieved from /usr/local/lib/python3.6/dist-packages/airflow/example_dags/example_kubernetes_executor_config.py
[2021-09-30 08:02:04,217] {scheduler_job.py:190} INFO - Processing /usr/local/lib/python3.6/dist-packages/airflow/example_dags/example_kubernetes_executor_config.py took 0.018 seconds
