[2021-09-30 07:30:45,748] {scheduler_job.py:182} INFO - Started process (PID=72) to work on /usr/local/lib/python3.6/dist-packages/airflow/example_dags/example_trigger_target_dag.py
[2021-09-30 07:30:45,748] {scheduler_job.py:629} INFO - Processing file /usr/local/lib/python3.6/dist-packages/airflow/example_dags/example_trigger_target_dag.py for tasks to queue
[2021-09-30 07:30:45,748] {logging_mixin.py:104} INFO - [2021-09-30 07:30:45,748] {dagbag.py:451} INFO - Filling up the DagBag from /usr/local/lib/python3.6/dist-packages/airflow/example_dags/example_trigger_target_dag.py
[2021-09-30 07:30:45,755] {scheduler_job.py:639} INFO - DAG(s) dict_keys(['example_trigger_target_dag']) retrieved from /usr/local/lib/python3.6/dist-packages/airflow/example_dags/example_trigger_target_dag.py
[2021-09-30 07:30:45,762] {logging_mixin.py:104} INFO - [2021-09-30 07:30:45,762] {dag.py:1824} INFO - Sync 1 DAGs
[2021-09-30 07:30:45,771] {logging_mixin.py:104} INFO - [2021-09-30 07:30:45,771] {dag.py:2280} INFO - Setting next_dagrun for example_trigger_target_dag to None
[2021-09-30 07:30:45,777] {scheduler_job.py:190} INFO - Processing /usr/local/lib/python3.6/dist-packages/airflow/example_dags/example_trigger_target_dag.py took 0.031 seconds
[2021-09-30 07:31:15,824] {scheduler_job.py:182} INFO - Started process (PID=234) to work on /usr/local/lib/python3.6/dist-packages/airflow/example_dags/example_trigger_target_dag.py
[2021-09-30 07:31:15,824] {scheduler_job.py:629} INFO - Processing file /usr/local/lib/python3.6/dist-packages/airflow/example_dags/example_trigger_target_dag.py for tasks to queue
[2021-09-30 07:31:15,825] {logging_mixin.py:104} INFO - [2021-09-30 07:31:15,825] {dagbag.py:451} INFO - Filling up the DagBag from /usr/local/lib/python3.6/dist-packages/airflow/example_dags/example_trigger_target_dag.py
[2021-09-30 07:31:15,831] {scheduler_job.py:639} INFO - DAG(s) dict_keys(['example_trigger_target_dag']) retrieved from /usr/local/lib/python3.6/dist-packages/airflow/example_dags/example_trigger_target_dag.py
[2021-09-30 07:31:15,842] {logging_mixin.py:104} INFO - [2021-09-30 07:31:15,842] {dag.py:1824} INFO - Sync 1 DAGs
[2021-09-30 07:31:15,851] {logging_mixin.py:104} INFO - [2021-09-30 07:31:15,851] {dag.py:2280} INFO - Setting next_dagrun for example_trigger_target_dag to None
[2021-09-30 07:31:15,859] {scheduler_job.py:190} INFO - Processing /usr/local/lib/python3.6/dist-packages/airflow/example_dags/example_trigger_target_dag.py took 0.037 seconds
[2021-09-30 07:31:46,660] {scheduler_job.py:182} INFO - Started process (PID=305) to work on /usr/local/lib/python3.6/dist-packages/airflow/example_dags/example_trigger_target_dag.py
[2021-09-30 07:31:46,661] {scheduler_job.py:629} INFO - Processing file /usr/local/lib/python3.6/dist-packages/airflow/example_dags/example_trigger_target_dag.py for tasks to queue
[2021-09-30 07:31:46,661] {logging_mixin.py:104} INFO - [2021-09-30 07:31:46,661] {dagbag.py:451} INFO - Filling up the DagBag from /usr/local/lib/python3.6/dist-packages/airflow/example_dags/example_trigger_target_dag.py
[2021-09-30 07:31:46,669] {scheduler_job.py:639} INFO - DAG(s) dict_keys(['example_trigger_target_dag']) retrieved from /usr/local/lib/python3.6/dist-packages/airflow/example_dags/example_trigger_target_dag.py
[2021-09-30 07:31:46,683] {logging_mixin.py:104} INFO - [2021-09-30 07:31:46,683] {dag.py:1824} INFO - Sync 1 DAGs
[2021-09-30 07:31:46,692] {logging_mixin.py:104} INFO - [2021-09-30 07:31:46,692] {dag.py:2280} INFO - Setting next_dagrun for example_trigger_target_dag to None
[2021-09-30 07:31:46,698] {scheduler_job.py:190} INFO - Processing /usr/local/lib/python3.6/dist-packages/airflow/example_dags/example_trigger_target_dag.py took 0.039 seconds
[2021-09-30 07:32:17,118] {scheduler_job.py:182} INFO - Started process (PID=383) to work on /usr/local/lib/python3.6/dist-packages/airflow/example_dags/example_trigger_target_dag.py
[2021-09-30 07:32:17,118] {scheduler_job.py:629} INFO - Processing file /usr/local/lib/python3.6/dist-packages/airflow/example_dags/example_trigger_target_dag.py for tasks to queue
[2021-09-30 07:32:17,119] {logging_mixin.py:104} INFO - [2021-09-30 07:32:17,118] {dagbag.py:451} INFO - Filling up the DagBag from /usr/local/lib/python3.6/dist-packages/airflow/example_dags/example_trigger_target_dag.py
[2021-09-30 07:32:17,125] {scheduler_job.py:639} INFO - DAG(s) dict_keys(['example_trigger_target_dag']) retrieved from /usr/local/lib/python3.6/dist-packages/airflow/example_dags/example_trigger_target_dag.py
[2021-09-30 07:32:17,137] {logging_mixin.py:104} INFO - [2021-09-30 07:32:17,137] {dag.py:1824} INFO - Sync 1 DAGs
[2021-09-30 07:32:17,147] {logging_mixin.py:104} INFO - [2021-09-30 07:32:17,147] {dag.py:2280} INFO - Setting next_dagrun for example_trigger_target_dag to None
[2021-09-30 07:32:17,152] {scheduler_job.py:190} INFO - Processing /usr/local/lib/python3.6/dist-packages/airflow/example_dags/example_trigger_target_dag.py took 0.036 seconds
[2021-09-30 07:32:47,851] {scheduler_job.py:182} INFO - Started process (PID=468) to work on /usr/local/lib/python3.6/dist-packages/airflow/example_dags/example_trigger_target_dag.py
[2021-09-30 07:32:47,852] {scheduler_job.py:629} INFO - Processing file /usr/local/lib/python3.6/dist-packages/airflow/example_dags/example_trigger_target_dag.py for tasks to queue
[2021-09-30 07:32:47,852] {logging_mixin.py:104} INFO - [2021-09-30 07:32:47,852] {dagbag.py:451} INFO - Filling up the DagBag from /usr/local/lib/python3.6/dist-packages/airflow/example_dags/example_trigger_target_dag.py
[2021-09-30 07:32:47,867] {scheduler_job.py:639} INFO - DAG(s) dict_keys(['example_trigger_target_dag']) retrieved from /usr/local/lib/python3.6/dist-packages/airflow/example_dags/example_trigger_target_dag.py
[2021-09-30 07:32:47,889] {logging_mixin.py:104} INFO - [2021-09-30 07:32:47,889] {dag.py:1824} INFO - Sync 1 DAGs
[2021-09-30 07:32:47,903] {logging_mixin.py:104} INFO - [2021-09-30 07:32:47,903] {dag.py:2280} INFO - Setting next_dagrun for example_trigger_target_dag to None
[2021-09-30 07:32:47,911] {scheduler_job.py:190} INFO - Processing /usr/local/lib/python3.6/dist-packages/airflow/example_dags/example_trigger_target_dag.py took 0.063 seconds
[2021-09-30 07:33:43,502] {scheduler_job.py:182} INFO - Started process (PID=76) to work on /usr/local/lib/python3.6/dist-packages/airflow/example_dags/example_trigger_target_dag.py
[2021-09-30 07:33:43,503] {scheduler_job.py:629} INFO - Processing file /usr/local/lib/python3.6/dist-packages/airflow/example_dags/example_trigger_target_dag.py for tasks to queue
[2021-09-30 07:33:43,503] {logging_mixin.py:104} INFO - [2021-09-30 07:33:43,503] {dagbag.py:451} INFO - Filling up the DagBag from /usr/local/lib/python3.6/dist-packages/airflow/example_dags/example_trigger_target_dag.py
[2021-09-30 07:33:43,512] {scheduler_job.py:639} INFO - DAG(s) dict_keys(['example_trigger_target_dag']) retrieved from /usr/local/lib/python3.6/dist-packages/airflow/example_dags/example_trigger_target_dag.py
[2021-09-30 07:33:43,525] {logging_mixin.py:104} INFO - [2021-09-30 07:33:43,525] {dag.py:1824} INFO - Sync 1 DAGs
[2021-09-30 07:33:43,534] {logging_mixin.py:104} INFO - [2021-09-30 07:33:43,534] {dag.py:2280} INFO - Setting next_dagrun for example_trigger_target_dag to None
[2021-09-30 07:33:43,540] {scheduler_job.py:190} INFO - Processing /usr/local/lib/python3.6/dist-packages/airflow/example_dags/example_trigger_target_dag.py took 0.041 seconds
[2021-09-30 07:34:15,102] {scheduler_job.py:182} INFO - Started process (PID=220) to work on /usr/local/lib/python3.6/dist-packages/airflow/example_dags/example_trigger_target_dag.py
[2021-09-30 07:34:15,103] {scheduler_job.py:629} INFO - Processing file /usr/local/lib/python3.6/dist-packages/airflow/example_dags/example_trigger_target_dag.py for tasks to queue
[2021-09-30 07:34:15,103] {logging_mixin.py:104} INFO - [2021-09-30 07:34:15,103] {dagbag.py:451} INFO - Filling up the DagBag from /usr/local/lib/python3.6/dist-packages/airflow/example_dags/example_trigger_target_dag.py
[2021-09-30 07:34:15,111] {scheduler_job.py:639} INFO - DAG(s) dict_keys(['example_trigger_target_dag']) retrieved from /usr/local/lib/python3.6/dist-packages/airflow/example_dags/example_trigger_target_dag.py
[2021-09-30 07:34:15,124] {logging_mixin.py:104} INFO - [2021-09-30 07:34:15,124] {dag.py:1824} INFO - Sync 1 DAGs
[2021-09-30 07:34:15,134] {logging_mixin.py:104} INFO - [2021-09-30 07:34:15,134] {dag.py:2280} INFO - Setting next_dagrun for example_trigger_target_dag to None
[2021-09-30 07:34:15,149] {scheduler_job.py:190} INFO - Processing /usr/local/lib/python3.6/dist-packages/airflow/example_dags/example_trigger_target_dag.py took 0.049 seconds
[2021-09-30 07:34:45,854] {scheduler_job.py:182} INFO - Started process (PID=286) to work on /usr/local/lib/python3.6/dist-packages/airflow/example_dags/example_trigger_target_dag.py
[2021-09-30 07:34:45,855] {scheduler_job.py:629} INFO - Processing file /usr/local/lib/python3.6/dist-packages/airflow/example_dags/example_trigger_target_dag.py for tasks to queue
[2021-09-30 07:34:45,855] {logging_mixin.py:104} INFO - [2021-09-30 07:34:45,855] {dagbag.py:451} INFO - Filling up the DagBag from /usr/local/lib/python3.6/dist-packages/airflow/example_dags/example_trigger_target_dag.py
[2021-09-30 07:34:45,862] {scheduler_job.py:639} INFO - DAG(s) dict_keys(['example_trigger_target_dag']) retrieved from /usr/local/lib/python3.6/dist-packages/airflow/example_dags/example_trigger_target_dag.py
[2021-09-30 07:34:45,875] {logging_mixin.py:104} INFO - [2021-09-30 07:34:45,875] {dag.py:1824} INFO - Sync 1 DAGs
[2021-09-30 07:34:45,885] {logging_mixin.py:104} INFO - [2021-09-30 07:34:45,884] {dag.py:2280} INFO - Setting next_dagrun for example_trigger_target_dag to None
[2021-09-30 07:34:45,897] {scheduler_job.py:190} INFO - Processing /usr/local/lib/python3.6/dist-packages/airflow/example_dags/example_trigger_target_dag.py took 0.046 seconds
[2021-09-30 07:36:11,650] {scheduler_job.py:182} INFO - Started process (PID=55) to work on /usr/local/lib/python3.6/dist-packages/airflow/example_dags/example_trigger_target_dag.py
[2021-09-30 07:36:11,651] {scheduler_job.py:629} INFO - Processing file /usr/local/lib/python3.6/dist-packages/airflow/example_dags/example_trigger_target_dag.py for tasks to queue
[2021-09-30 07:36:11,651] {logging_mixin.py:104} INFO - [2021-09-30 07:36:11,651] {dagbag.py:451} INFO - Filling up the DagBag from /usr/local/lib/python3.6/dist-packages/airflow/example_dags/example_trigger_target_dag.py
[2021-09-30 07:36:11,658] {scheduler_job.py:639} INFO - DAG(s) dict_keys(['example_trigger_target_dag']) retrieved from /usr/local/lib/python3.6/dist-packages/airflow/example_dags/example_trigger_target_dag.py
[2021-09-30 07:36:11,673] {logging_mixin.py:104} INFO - [2021-09-30 07:36:11,673] {dag.py:1824} INFO - Sync 1 DAGs
[2021-09-30 07:36:11,686] {logging_mixin.py:104} INFO - [2021-09-30 07:36:11,686] {dag.py:2280} INFO - Setting next_dagrun for example_trigger_target_dag to None
[2021-09-30 07:36:11,693] {scheduler_job.py:190} INFO - Processing /usr/local/lib/python3.6/dist-packages/airflow/example_dags/example_trigger_target_dag.py took 0.045 seconds
[2021-09-30 07:36:42,536] {scheduler_job.py:182} INFO - Started process (PID=192) to work on /usr/local/lib/python3.6/dist-packages/airflow/example_dags/example_trigger_target_dag.py
[2021-09-30 07:36:42,537] {scheduler_job.py:629} INFO - Processing file /usr/local/lib/python3.6/dist-packages/airflow/example_dags/example_trigger_target_dag.py for tasks to queue
[2021-09-30 07:36:42,538] {logging_mixin.py:104} INFO - [2021-09-30 07:36:42,537] {dagbag.py:451} INFO - Filling up the DagBag from /usr/local/lib/python3.6/dist-packages/airflow/example_dags/example_trigger_target_dag.py
[2021-09-30 07:36:42,545] {scheduler_job.py:639} INFO - DAG(s) dict_keys(['example_trigger_target_dag']) retrieved from /usr/local/lib/python3.6/dist-packages/airflow/example_dags/example_trigger_target_dag.py
[2021-09-30 07:36:42,559] {logging_mixin.py:104} INFO - [2021-09-30 07:36:42,559] {dag.py:1824} INFO - Sync 1 DAGs
[2021-09-30 07:36:42,573] {logging_mixin.py:104} INFO - [2021-09-30 07:36:42,573] {dag.py:2280} INFO - Setting next_dagrun for example_trigger_target_dag to None
[2021-09-30 07:36:42,580] {scheduler_job.py:190} INFO - Processing /usr/local/lib/python3.6/dist-packages/airflow/example_dags/example_trigger_target_dag.py took 0.045 seconds
[2021-09-30 07:37:29,242] {scheduler_job.py:182} INFO - Started process (PID=66) to work on /usr/local/lib/python3.6/dist-packages/airflow/example_dags/example_trigger_target_dag.py
[2021-09-30 07:37:29,243] {scheduler_job.py:629} INFO - Processing file /usr/local/lib/python3.6/dist-packages/airflow/example_dags/example_trigger_target_dag.py for tasks to queue
[2021-09-30 07:37:29,244] {logging_mixin.py:104} INFO - [2021-09-30 07:37:29,243] {dagbag.py:451} INFO - Filling up the DagBag from /usr/local/lib/python3.6/dist-packages/airflow/example_dags/example_trigger_target_dag.py
[2021-09-30 07:37:29,252] {scheduler_job.py:639} INFO - DAG(s) dict_keys(['example_trigger_target_dag']) retrieved from /usr/local/lib/python3.6/dist-packages/airflow/example_dags/example_trigger_target_dag.py
[2021-09-30 07:37:29,266] {logging_mixin.py:104} INFO - [2021-09-30 07:37:29,266] {dag.py:1824} INFO - Sync 1 DAGs
[2021-09-30 07:37:29,275] {logging_mixin.py:104} INFO - [2021-09-30 07:37:29,275] {dag.py:2280} INFO - Setting next_dagrun for example_trigger_target_dag to None
[2021-09-30 07:37:29,281] {scheduler_job.py:190} INFO - Processing /usr/local/lib/python3.6/dist-packages/airflow/example_dags/example_trigger_target_dag.py took 0.041 seconds
[2021-09-30 07:38:00,287] {scheduler_job.py:182} INFO - Started process (PID=201) to work on /usr/local/lib/python3.6/dist-packages/airflow/example_dags/example_trigger_target_dag.py
[2021-09-30 07:38:00,287] {scheduler_job.py:629} INFO - Processing file /usr/local/lib/python3.6/dist-packages/airflow/example_dags/example_trigger_target_dag.py for tasks to queue
[2021-09-30 07:38:00,287] {logging_mixin.py:104} INFO - [2021-09-30 07:38:00,287] {dagbag.py:451} INFO - Filling up the DagBag from /usr/local/lib/python3.6/dist-packages/airflow/example_dags/example_trigger_target_dag.py
[2021-09-30 07:38:00,293] {scheduler_job.py:639} INFO - DAG(s) dict_keys(['example_trigger_target_dag']) retrieved from /usr/local/lib/python3.6/dist-packages/airflow/example_dags/example_trigger_target_dag.py
[2021-09-30 07:38:00,306] {logging_mixin.py:104} INFO - [2021-09-30 07:38:00,305] {dag.py:1824} INFO - Sync 1 DAGs
[2021-09-30 07:38:00,316] {logging_mixin.py:104} INFO - [2021-09-30 07:38:00,316] {dag.py:2280} INFO - Setting next_dagrun for example_trigger_target_dag to None
[2021-09-30 07:38:00,321] {scheduler_job.py:190} INFO - Processing /usr/local/lib/python3.6/dist-packages/airflow/example_dags/example_trigger_target_dag.py took 0.036 seconds
[2021-09-30 07:38:30,963] {scheduler_job.py:182} INFO - Started process (PID=279) to work on /usr/local/lib/python3.6/dist-packages/airflow/example_dags/example_trigger_target_dag.py
[2021-09-30 07:38:30,964] {scheduler_job.py:629} INFO - Processing file /usr/local/lib/python3.6/dist-packages/airflow/example_dags/example_trigger_target_dag.py for tasks to queue
[2021-09-30 07:38:30,964] {logging_mixin.py:104} INFO - [2021-09-30 07:38:30,964] {dagbag.py:451} INFO - Filling up the DagBag from /usr/local/lib/python3.6/dist-packages/airflow/example_dags/example_trigger_target_dag.py
[2021-09-30 07:38:30,970] {scheduler_job.py:639} INFO - DAG(s) dict_keys(['example_trigger_target_dag']) retrieved from /usr/local/lib/python3.6/dist-packages/airflow/example_dags/example_trigger_target_dag.py
[2021-09-30 07:38:30,983] {logging_mixin.py:104} INFO - [2021-09-30 07:38:30,983] {dag.py:1824} INFO - Sync 1 DAGs
[2021-09-30 07:38:30,993] {logging_mixin.py:104} INFO - [2021-09-30 07:38:30,993] {dag.py:2280} INFO - Setting next_dagrun for example_trigger_target_dag to None
[2021-09-30 07:38:31,000] {scheduler_job.py:190} INFO - Processing /usr/local/lib/python3.6/dist-packages/airflow/example_dags/example_trigger_target_dag.py took 0.038 seconds
[2021-09-30 07:39:01,624] {scheduler_job.py:182} INFO - Started process (PID=353) to work on /usr/local/lib/python3.6/dist-packages/airflow/example_dags/example_trigger_target_dag.py
[2021-09-30 07:39:01,625] {scheduler_job.py:629} INFO - Processing file /usr/local/lib/python3.6/dist-packages/airflow/example_dags/example_trigger_target_dag.py for tasks to queue
[2021-09-30 07:39:01,625] {logging_mixin.py:104} INFO - [2021-09-30 07:39:01,625] {dagbag.py:451} INFO - Filling up the DagBag from /usr/local/lib/python3.6/dist-packages/airflow/example_dags/example_trigger_target_dag.py
[2021-09-30 07:39:01,632] {scheduler_job.py:639} INFO - DAG(s) dict_keys(['example_trigger_target_dag']) retrieved from /usr/local/lib/python3.6/dist-packages/airflow/example_dags/example_trigger_target_dag.py
[2021-09-30 07:39:01,643] {logging_mixin.py:104} INFO - [2021-09-30 07:39:01,643] {dag.py:1824} INFO - Sync 1 DAGs
[2021-09-30 07:39:01,653] {logging_mixin.py:104} INFO - [2021-09-30 07:39:01,653] {dag.py:2280} INFO - Setting next_dagrun for example_trigger_target_dag to None
[2021-09-30 07:39:01,659] {scheduler_job.py:190} INFO - Processing /usr/local/lib/python3.6/dist-packages/airflow/example_dags/example_trigger_target_dag.py took 0.037 seconds
[2021-09-30 07:39:32,344] {scheduler_job.py:182} INFO - Started process (PID=437) to work on /usr/local/lib/python3.6/dist-packages/airflow/example_dags/example_trigger_target_dag.py
[2021-09-30 07:39:32,344] {scheduler_job.py:629} INFO - Processing file /usr/local/lib/python3.6/dist-packages/airflow/example_dags/example_trigger_target_dag.py for tasks to queue
[2021-09-30 07:39:32,344] {logging_mixin.py:104} INFO - [2021-09-30 07:39:32,344] {dagbag.py:451} INFO - Filling up the DagBag from /usr/local/lib/python3.6/dist-packages/airflow/example_dags/example_trigger_target_dag.py
[2021-09-30 07:39:32,351] {scheduler_job.py:639} INFO - DAG(s) dict_keys(['example_trigger_target_dag']) retrieved from /usr/local/lib/python3.6/dist-packages/airflow/example_dags/example_trigger_target_dag.py
[2021-09-30 07:39:32,364] {logging_mixin.py:104} INFO - [2021-09-30 07:39:32,364] {dag.py:1824} INFO - Sync 1 DAGs
[2021-09-30 07:39:32,374] {logging_mixin.py:104} INFO - [2021-09-30 07:39:32,374] {dag.py:2280} INFO - Setting next_dagrun for example_trigger_target_dag to None
[2021-09-30 07:39:32,380] {scheduler_job.py:190} INFO - Processing /usr/local/lib/python3.6/dist-packages/airflow/example_dags/example_trigger_target_dag.py took 0.038 seconds
[2021-09-30 07:40:02,596] {scheduler_job.py:182} INFO - Started process (PID=511) to work on /usr/local/lib/python3.6/dist-packages/airflow/example_dags/example_trigger_target_dag.py
[2021-09-30 07:40:02,596] {scheduler_job.py:629} INFO - Processing file /usr/local/lib/python3.6/dist-packages/airflow/example_dags/example_trigger_target_dag.py for tasks to queue
[2021-09-30 07:40:02,597] {logging_mixin.py:104} INFO - [2021-09-30 07:40:02,597] {dagbag.py:451} INFO - Filling up the DagBag from /usr/local/lib/python3.6/dist-packages/airflow/example_dags/example_trigger_target_dag.py
[2021-09-30 07:40:02,604] {scheduler_job.py:639} INFO - DAG(s) dict_keys(['example_trigger_target_dag']) retrieved from /usr/local/lib/python3.6/dist-packages/airflow/example_dags/example_trigger_target_dag.py
[2021-09-30 07:40:02,618] {logging_mixin.py:104} INFO - [2021-09-30 07:40:02,618] {dag.py:1824} INFO - Sync 1 DAGs
[2021-09-30 07:40:02,630] {logging_mixin.py:104} INFO - [2021-09-30 07:40:02,630] {dag.py:2280} INFO - Setting next_dagrun for example_trigger_target_dag to None
[2021-09-30 07:40:02,637] {scheduler_job.py:190} INFO - Processing /usr/local/lib/python3.6/dist-packages/airflow/example_dags/example_trigger_target_dag.py took 0.043 seconds
[2021-09-30 07:40:33,264] {scheduler_job.py:182} INFO - Started process (PID=586) to work on /usr/local/lib/python3.6/dist-packages/airflow/example_dags/example_trigger_target_dag.py
[2021-09-30 07:40:33,265] {scheduler_job.py:629} INFO - Processing file /usr/local/lib/python3.6/dist-packages/airflow/example_dags/example_trigger_target_dag.py for tasks to queue
[2021-09-30 07:40:33,265] {logging_mixin.py:104} INFO - [2021-09-30 07:40:33,265] {dagbag.py:451} INFO - Filling up the DagBag from /usr/local/lib/python3.6/dist-packages/airflow/example_dags/example_trigger_target_dag.py
[2021-09-30 07:40:33,272] {scheduler_job.py:639} INFO - DAG(s) dict_keys(['example_trigger_target_dag']) retrieved from /usr/local/lib/python3.6/dist-packages/airflow/example_dags/example_trigger_target_dag.py
[2021-09-30 07:40:33,283] {logging_mixin.py:104} INFO - [2021-09-30 07:40:33,283] {dag.py:1824} INFO - Sync 1 DAGs
[2021-09-30 07:40:33,291] {logging_mixin.py:104} INFO - [2021-09-30 07:40:33,291] {dag.py:2280} INFO - Setting next_dagrun for example_trigger_target_dag to None
[2021-09-30 07:40:33,297] {scheduler_job.py:190} INFO - Processing /usr/local/lib/python3.6/dist-packages/airflow/example_dags/example_trigger_target_dag.py took 0.034 seconds
[2021-09-30 07:41:03,974] {scheduler_job.py:182} INFO - Started process (PID=661) to work on /usr/local/lib/python3.6/dist-packages/airflow/example_dags/example_trigger_target_dag.py
[2021-09-30 07:41:03,974] {scheduler_job.py:629} INFO - Processing file /usr/local/lib/python3.6/dist-packages/airflow/example_dags/example_trigger_target_dag.py for tasks to queue
[2021-09-30 07:41:03,975] {logging_mixin.py:104} INFO - [2021-09-30 07:41:03,975] {dagbag.py:451} INFO - Filling up the DagBag from /usr/local/lib/python3.6/dist-packages/airflow/example_dags/example_trigger_target_dag.py
[2021-09-30 07:41:03,981] {scheduler_job.py:639} INFO - DAG(s) dict_keys(['example_trigger_target_dag']) retrieved from /usr/local/lib/python3.6/dist-packages/airflow/example_dags/example_trigger_target_dag.py
[2021-09-30 07:41:03,992] {logging_mixin.py:104} INFO - [2021-09-30 07:41:03,992] {dag.py:1824} INFO - Sync 1 DAGs
[2021-09-30 07:41:04,000] {logging_mixin.py:104} INFO - [2021-09-30 07:41:04,000] {dag.py:2280} INFO - Setting next_dagrun for example_trigger_target_dag to None
[2021-09-30 07:41:04,005] {scheduler_job.py:190} INFO - Processing /usr/local/lib/python3.6/dist-packages/airflow/example_dags/example_trigger_target_dag.py took 0.033 seconds
[2021-09-30 07:41:34,683] {scheduler_job.py:182} INFO - Started process (PID=735) to work on /usr/local/lib/python3.6/dist-packages/airflow/example_dags/example_trigger_target_dag.py
[2021-09-30 07:41:34,684] {scheduler_job.py:629} INFO - Processing file /usr/local/lib/python3.6/dist-packages/airflow/example_dags/example_trigger_target_dag.py for tasks to queue
[2021-09-30 07:41:34,684] {logging_mixin.py:104} INFO - [2021-09-30 07:41:34,684] {dagbag.py:451} INFO - Filling up the DagBag from /usr/local/lib/python3.6/dist-packages/airflow/example_dags/example_trigger_target_dag.py
[2021-09-30 07:41:34,690] {scheduler_job.py:639} INFO - DAG(s) dict_keys(['example_trigger_target_dag']) retrieved from /usr/local/lib/python3.6/dist-packages/airflow/example_dags/example_trigger_target_dag.py
[2021-09-30 07:41:34,701] {logging_mixin.py:104} INFO - [2021-09-30 07:41:34,701] {dag.py:1824} INFO - Sync 1 DAGs
[2021-09-30 07:41:34,709] {logging_mixin.py:104} INFO - [2021-09-30 07:41:34,709] {dag.py:2280} INFO - Setting next_dagrun for example_trigger_target_dag to None
[2021-09-30 07:41:34,714] {scheduler_job.py:190} INFO - Processing /usr/local/lib/python3.6/dist-packages/airflow/example_dags/example_trigger_target_dag.py took 0.033 seconds
[2021-09-30 07:42:05,397] {scheduler_job.py:182} INFO - Started process (PID=812) to work on /usr/local/lib/python3.6/dist-packages/airflow/example_dags/example_trigger_target_dag.py
[2021-09-30 07:42:05,398] {scheduler_job.py:629} INFO - Processing file /usr/local/lib/python3.6/dist-packages/airflow/example_dags/example_trigger_target_dag.py for tasks to queue
[2021-09-30 07:42:05,398] {logging_mixin.py:104} INFO - [2021-09-30 07:42:05,398] {dagbag.py:451} INFO - Filling up the DagBag from /usr/local/lib/python3.6/dist-packages/airflow/example_dags/example_trigger_target_dag.py
[2021-09-30 07:42:05,405] {scheduler_job.py:639} INFO - DAG(s) dict_keys(['example_trigger_target_dag']) retrieved from /usr/local/lib/python3.6/dist-packages/airflow/example_dags/example_trigger_target_dag.py
[2021-09-30 07:42:05,417] {logging_mixin.py:104} INFO - [2021-09-30 07:42:05,417] {dag.py:1824} INFO - Sync 1 DAGs
[2021-09-30 07:42:05,427] {logging_mixin.py:104} INFO - [2021-09-30 07:42:05,427] {dag.py:2280} INFO - Setting next_dagrun for example_trigger_target_dag to None
[2021-09-30 07:42:05,433] {scheduler_job.py:190} INFO - Processing /usr/local/lib/python3.6/dist-packages/airflow/example_dags/example_trigger_target_dag.py took 0.038 seconds
[2021-09-30 07:42:36,382] {scheduler_job.py:182} INFO - Started process (PID=893) to work on /usr/local/lib/python3.6/dist-packages/airflow/example_dags/example_trigger_target_dag.py
[2021-09-30 07:42:36,382] {scheduler_job.py:629} INFO - Processing file /usr/local/lib/python3.6/dist-packages/airflow/example_dags/example_trigger_target_dag.py for tasks to queue
[2021-09-30 07:42:36,383] {logging_mixin.py:104} INFO - [2021-09-30 07:42:36,383] {dagbag.py:451} INFO - Filling up the DagBag from /usr/local/lib/python3.6/dist-packages/airflow/example_dags/example_trigger_target_dag.py
[2021-09-30 07:42:36,391] {scheduler_job.py:639} INFO - DAG(s) dict_keys(['example_trigger_target_dag']) retrieved from /usr/local/lib/python3.6/dist-packages/airflow/example_dags/example_trigger_target_dag.py
[2021-09-30 07:42:36,409] {logging_mixin.py:104} INFO - [2021-09-30 07:42:36,409] {dag.py:1824} INFO - Sync 1 DAGs
[2021-09-30 07:42:36,424] {logging_mixin.py:104} INFO - [2021-09-30 07:42:36,424] {dag.py:2280} INFO - Setting next_dagrun for example_trigger_target_dag to None
[2021-09-30 07:42:36,432] {scheduler_job.py:190} INFO - Processing /usr/local/lib/python3.6/dist-packages/airflow/example_dags/example_trigger_target_dag.py took 0.053 seconds
[2021-09-30 07:43:06,836] {scheduler_job.py:182} INFO - Started process (PID=972) to work on /usr/local/lib/python3.6/dist-packages/airflow/example_dags/example_trigger_target_dag.py
[2021-09-30 07:43:06,837] {scheduler_job.py:629} INFO - Processing file /usr/local/lib/python3.6/dist-packages/airflow/example_dags/example_trigger_target_dag.py for tasks to queue
[2021-09-30 07:43:06,837] {logging_mixin.py:104} INFO - [2021-09-30 07:43:06,837] {dagbag.py:451} INFO - Filling up the DagBag from /usr/local/lib/python3.6/dist-packages/airflow/example_dags/example_trigger_target_dag.py
[2021-09-30 07:43:06,849] {scheduler_job.py:639} INFO - DAG(s) dict_keys(['example_trigger_target_dag']) retrieved from /usr/local/lib/python3.6/dist-packages/airflow/example_dags/example_trigger_target_dag.py
[2021-09-30 07:43:06,870] {logging_mixin.py:104} INFO - [2021-09-30 07:43:06,870] {dag.py:1824} INFO - Sync 1 DAGs
[2021-09-30 07:43:06,887] {logging_mixin.py:104} INFO - [2021-09-30 07:43:06,887] {dag.py:2280} INFO - Setting next_dagrun for example_trigger_target_dag to None
[2021-09-30 07:43:06,900] {scheduler_job.py:190} INFO - Processing /usr/local/lib/python3.6/dist-packages/airflow/example_dags/example_trigger_target_dag.py took 0.067 seconds
[2021-09-30 07:43:50,210] {scheduler_job.py:182} INFO - Started process (PID=64) to work on /usr/local/lib/python3.6/dist-packages/airflow/example_dags/example_trigger_target_dag.py
[2021-09-30 07:43:50,211] {scheduler_job.py:629} INFO - Processing file /usr/local/lib/python3.6/dist-packages/airflow/example_dags/example_trigger_target_dag.py for tasks to queue
[2021-09-30 07:43:50,212] {logging_mixin.py:104} INFO - [2021-09-30 07:43:50,212] {dagbag.py:451} INFO - Filling up the DagBag from /usr/local/lib/python3.6/dist-packages/airflow/example_dags/example_trigger_target_dag.py
[2021-09-30 07:43:50,228] {scheduler_job.py:639} INFO - DAG(s) dict_keys(['example_trigger_target_dag']) retrieved from /usr/local/lib/python3.6/dist-packages/airflow/example_dags/example_trigger_target_dag.py
[2021-09-30 07:43:50,252] {logging_mixin.py:104} INFO - [2021-09-30 07:43:50,251] {dag.py:1824} INFO - Sync 1 DAGs
[2021-09-30 07:43:50,268] {logging_mixin.py:104} INFO - [2021-09-30 07:43:50,268] {dag.py:2280} INFO - Setting next_dagrun for example_trigger_target_dag to None
[2021-09-30 07:43:50,278] {scheduler_job.py:190} INFO - Processing /usr/local/lib/python3.6/dist-packages/airflow/example_dags/example_trigger_target_dag.py took 0.075 seconds
[2021-09-30 07:44:21,409] {scheduler_job.py:182} INFO - Started process (PID=207) to work on /usr/local/lib/python3.6/dist-packages/airflow/example_dags/example_trigger_target_dag.py
[2021-09-30 07:44:21,410] {scheduler_job.py:629} INFO - Processing file /usr/local/lib/python3.6/dist-packages/airflow/example_dags/example_trigger_target_dag.py for tasks to queue
[2021-09-30 07:44:21,410] {logging_mixin.py:104} INFO - [2021-09-30 07:44:21,410] {dagbag.py:451} INFO - Filling up the DagBag from /usr/local/lib/python3.6/dist-packages/airflow/example_dags/example_trigger_target_dag.py
[2021-09-30 07:44:21,419] {scheduler_job.py:639} INFO - DAG(s) dict_keys(['example_trigger_target_dag']) retrieved from /usr/local/lib/python3.6/dist-packages/airflow/example_dags/example_trigger_target_dag.py
[2021-09-30 07:44:21,434] {logging_mixin.py:104} INFO - [2021-09-30 07:44:21,434] {dag.py:1824} INFO - Sync 1 DAGs
[2021-09-30 07:44:21,445] {logging_mixin.py:104} INFO - [2021-09-30 07:44:21,445] {dag.py:2280} INFO - Setting next_dagrun for example_trigger_target_dag to None
[2021-09-30 07:44:21,453] {scheduler_job.py:190} INFO - Processing /usr/local/lib/python3.6/dist-packages/airflow/example_dags/example_trigger_target_dag.py took 0.046 seconds
[2021-09-30 07:44:52,406] {scheduler_job.py:182} INFO - Started process (PID=284) to work on /usr/local/lib/python3.6/dist-packages/airflow/example_dags/example_trigger_target_dag.py
[2021-09-30 07:44:52,406] {scheduler_job.py:629} INFO - Processing file /usr/local/lib/python3.6/dist-packages/airflow/example_dags/example_trigger_target_dag.py for tasks to queue
[2021-09-30 07:44:52,407] {logging_mixin.py:104} INFO - [2021-09-30 07:44:52,407] {dagbag.py:451} INFO - Filling up the DagBag from /usr/local/lib/python3.6/dist-packages/airflow/example_dags/example_trigger_target_dag.py
[2021-09-30 07:44:52,416] {scheduler_job.py:639} INFO - DAG(s) dict_keys(['example_trigger_target_dag']) retrieved from /usr/local/lib/python3.6/dist-packages/airflow/example_dags/example_trigger_target_dag.py
[2021-09-30 07:44:52,433] {logging_mixin.py:104} INFO - [2021-09-30 07:44:52,433] {dag.py:1824} INFO - Sync 1 DAGs
[2021-09-30 07:44:52,446] {logging_mixin.py:104} INFO - [2021-09-30 07:44:52,446] {dag.py:2280} INFO - Setting next_dagrun for example_trigger_target_dag to None
[2021-09-30 07:44:52,453] {scheduler_job.py:190} INFO - Processing /usr/local/lib/python3.6/dist-packages/airflow/example_dags/example_trigger_target_dag.py took 0.051 seconds
[2021-09-30 07:45:22,782] {scheduler_job.py:182} INFO - Started process (PID=362) to work on /usr/local/lib/python3.6/dist-packages/airflow/example_dags/example_trigger_target_dag.py
[2021-09-30 07:45:22,783] {scheduler_job.py:629} INFO - Processing file /usr/local/lib/python3.6/dist-packages/airflow/example_dags/example_trigger_target_dag.py for tasks to queue
[2021-09-30 07:45:22,784] {logging_mixin.py:104} INFO - [2021-09-30 07:45:22,783] {dagbag.py:451} INFO - Filling up the DagBag from /usr/local/lib/python3.6/dist-packages/airflow/example_dags/example_trigger_target_dag.py
[2021-09-30 07:45:22,792] {scheduler_job.py:639} INFO - DAG(s) dict_keys(['example_trigger_target_dag']) retrieved from /usr/local/lib/python3.6/dist-packages/airflow/example_dags/example_trigger_target_dag.py
[2021-09-30 07:45:22,808] {logging_mixin.py:104} INFO - [2021-09-30 07:45:22,808] {dag.py:1824} INFO - Sync 1 DAGs
[2021-09-30 07:45:22,820] {logging_mixin.py:104} INFO - [2021-09-30 07:45:22,820] {dag.py:2280} INFO - Setting next_dagrun for example_trigger_target_dag to None
[2021-09-30 07:45:22,829] {scheduler_job.py:190} INFO - Processing /usr/local/lib/python3.6/dist-packages/airflow/example_dags/example_trigger_target_dag.py took 0.049 seconds
[2021-09-30 07:45:53,379] {scheduler_job.py:182} INFO - Started process (PID=436) to work on /usr/local/lib/python3.6/dist-packages/airflow/example_dags/example_trigger_target_dag.py
[2021-09-30 07:45:53,380] {scheduler_job.py:629} INFO - Processing file /usr/local/lib/python3.6/dist-packages/airflow/example_dags/example_trigger_target_dag.py for tasks to queue
[2021-09-30 07:45:53,381] {logging_mixin.py:104} INFO - [2021-09-30 07:45:53,380] {dagbag.py:451} INFO - Filling up the DagBag from /usr/local/lib/python3.6/dist-packages/airflow/example_dags/example_trigger_target_dag.py
[2021-09-30 07:45:53,391] {scheduler_job.py:639} INFO - DAG(s) dict_keys(['example_trigger_target_dag']) retrieved from /usr/local/lib/python3.6/dist-packages/airflow/example_dags/example_trigger_target_dag.py
[2021-09-30 07:45:53,407] {logging_mixin.py:104} INFO - [2021-09-30 07:45:53,407] {dag.py:1824} INFO - Sync 1 DAGs
[2021-09-30 07:45:53,420] {logging_mixin.py:104} INFO - [2021-09-30 07:45:53,420] {dag.py:2280} INFO - Setting next_dagrun for example_trigger_target_dag to None
[2021-09-30 07:45:53,428] {scheduler_job.py:190} INFO - Processing /usr/local/lib/python3.6/dist-packages/airflow/example_dags/example_trigger_target_dag.py took 0.050 seconds
[2021-09-30 07:46:23,738] {scheduler_job.py:182} INFO - Started process (PID=520) to work on /usr/local/lib/python3.6/dist-packages/airflow/example_dags/example_trigger_target_dag.py
[2021-09-30 07:46:23,739] {scheduler_job.py:629} INFO - Processing file /usr/local/lib/python3.6/dist-packages/airflow/example_dags/example_trigger_target_dag.py for tasks to queue
[2021-09-30 07:46:23,740] {logging_mixin.py:104} INFO - [2021-09-30 07:46:23,740] {dagbag.py:451} INFO - Filling up the DagBag from /usr/local/lib/python3.6/dist-packages/airflow/example_dags/example_trigger_target_dag.py
[2021-09-30 07:46:23,749] {scheduler_job.py:639} INFO - DAG(s) dict_keys(['example_trigger_target_dag']) retrieved from /usr/local/lib/python3.6/dist-packages/airflow/example_dags/example_trigger_target_dag.py
[2021-09-30 07:46:23,764] {logging_mixin.py:104} INFO - [2021-09-30 07:46:23,764] {dag.py:1824} INFO - Sync 1 DAGs
[2021-09-30 07:46:23,777] {logging_mixin.py:104} INFO - [2021-09-30 07:46:23,777] {dag.py:2280} INFO - Setting next_dagrun for example_trigger_target_dag to None
[2021-09-30 07:46:23,787] {scheduler_job.py:190} INFO - Processing /usr/local/lib/python3.6/dist-packages/airflow/example_dags/example_trigger_target_dag.py took 0.051 seconds
[2021-09-30 07:46:53,896] {scheduler_job.py:182} INFO - Started process (PID=595) to work on /usr/local/lib/python3.6/dist-packages/airflow/example_dags/example_trigger_target_dag.py
[2021-09-30 07:46:53,896] {scheduler_job.py:629} INFO - Processing file /usr/local/lib/python3.6/dist-packages/airflow/example_dags/example_trigger_target_dag.py for tasks to queue
[2021-09-30 07:46:53,897] {logging_mixin.py:104} INFO - [2021-09-30 07:46:53,897] {dagbag.py:451} INFO - Filling up the DagBag from /usr/local/lib/python3.6/dist-packages/airflow/example_dags/example_trigger_target_dag.py
[2021-09-30 07:46:53,906] {scheduler_job.py:639} INFO - DAG(s) dict_keys(['example_trigger_target_dag']) retrieved from /usr/local/lib/python3.6/dist-packages/airflow/example_dags/example_trigger_target_dag.py
[2021-09-30 07:46:53,921] {logging_mixin.py:104} INFO - [2021-09-30 07:46:53,921] {dag.py:1824} INFO - Sync 1 DAGs
[2021-09-30 07:46:53,932] {logging_mixin.py:104} INFO - [2021-09-30 07:46:53,932] {dag.py:2280} INFO - Setting next_dagrun for example_trigger_target_dag to None
[2021-09-30 07:46:53,941] {scheduler_job.py:190} INFO - Processing /usr/local/lib/python3.6/dist-packages/airflow/example_dags/example_trigger_target_dag.py took 0.048 seconds
[2021-09-30 07:47:24,404] {scheduler_job.py:182} INFO - Started process (PID=670) to work on /usr/local/lib/python3.6/dist-packages/airflow/example_dags/example_trigger_target_dag.py
[2021-09-30 07:47:24,405] {scheduler_job.py:629} INFO - Processing file /usr/local/lib/python3.6/dist-packages/airflow/example_dags/example_trigger_target_dag.py for tasks to queue
[2021-09-30 07:47:24,406] {logging_mixin.py:104} INFO - [2021-09-30 07:47:24,406] {dagbag.py:451} INFO - Filling up the DagBag from /usr/local/lib/python3.6/dist-packages/airflow/example_dags/example_trigger_target_dag.py
[2021-09-30 07:47:24,416] {scheduler_job.py:639} INFO - DAG(s) dict_keys(['example_trigger_target_dag']) retrieved from /usr/local/lib/python3.6/dist-packages/airflow/example_dags/example_trigger_target_dag.py
[2021-09-30 07:47:24,433] {logging_mixin.py:104} INFO - [2021-09-30 07:47:24,433] {dag.py:1824} INFO - Sync 1 DAGs
[2021-09-30 07:47:24,445] {logging_mixin.py:104} INFO - [2021-09-30 07:47:24,445] {dag.py:2280} INFO - Setting next_dagrun for example_trigger_target_dag to None
[2021-09-30 07:47:24,453] {scheduler_job.py:190} INFO - Processing /usr/local/lib/python3.6/dist-packages/airflow/example_dags/example_trigger_target_dag.py took 0.051 seconds
[2021-09-30 07:47:54,499] {scheduler_job.py:182} INFO - Started process (PID=744) to work on /usr/local/lib/python3.6/dist-packages/airflow/example_dags/example_trigger_target_dag.py
[2021-09-30 07:47:54,499] {scheduler_job.py:629} INFO - Processing file /usr/local/lib/python3.6/dist-packages/airflow/example_dags/example_trigger_target_dag.py for tasks to queue
[2021-09-30 07:47:54,500] {logging_mixin.py:104} INFO - [2021-09-30 07:47:54,500] {dagbag.py:451} INFO - Filling up the DagBag from /usr/local/lib/python3.6/dist-packages/airflow/example_dags/example_trigger_target_dag.py
[2021-09-30 07:47:54,511] {scheduler_job.py:639} INFO - DAG(s) dict_keys(['example_trigger_target_dag']) retrieved from /usr/local/lib/python3.6/dist-packages/airflow/example_dags/example_trigger_target_dag.py
[2021-09-30 07:47:54,527] {logging_mixin.py:104} INFO - [2021-09-30 07:47:54,527] {dag.py:1824} INFO - Sync 1 DAGs
[2021-09-30 07:47:54,539] {logging_mixin.py:104} INFO - [2021-09-30 07:47:54,539] {dag.py:2280} INFO - Setting next_dagrun for example_trigger_target_dag to None
[2021-09-30 07:47:54,547] {scheduler_job.py:190} INFO - Processing /usr/local/lib/python3.6/dist-packages/airflow/example_dags/example_trigger_target_dag.py took 0.052 seconds
[2021-09-30 07:48:24,777] {scheduler_job.py:182} INFO - Started process (PID=818) to work on /usr/local/lib/python3.6/dist-packages/airflow/example_dags/example_trigger_target_dag.py
[2021-09-30 07:48:24,777] {scheduler_job.py:629} INFO - Processing file /usr/local/lib/python3.6/dist-packages/airflow/example_dags/example_trigger_target_dag.py for tasks to queue
[2021-09-30 07:48:24,778] {logging_mixin.py:104} INFO - [2021-09-30 07:48:24,778] {dagbag.py:451} INFO - Filling up the DagBag from /usr/local/lib/python3.6/dist-packages/airflow/example_dags/example_trigger_target_dag.py
[2021-09-30 07:48:24,788] {scheduler_job.py:639} INFO - DAG(s) dict_keys(['example_trigger_target_dag']) retrieved from /usr/local/lib/python3.6/dist-packages/airflow/example_dags/example_trigger_target_dag.py
[2021-09-30 07:48:24,805] {logging_mixin.py:104} INFO - [2021-09-30 07:48:24,804] {dag.py:1824} INFO - Sync 1 DAGs
[2021-09-30 07:48:24,817] {logging_mixin.py:104} INFO - [2021-09-30 07:48:24,817] {dag.py:2280} INFO - Setting next_dagrun for example_trigger_target_dag to None
[2021-09-30 07:48:24,824] {scheduler_job.py:190} INFO - Processing /usr/local/lib/python3.6/dist-packages/airflow/example_dags/example_trigger_target_dag.py took 0.050 seconds
[2021-09-30 07:48:54,995] {scheduler_job.py:182} INFO - Started process (PID=894) to work on /usr/local/lib/python3.6/dist-packages/airflow/example_dags/example_trigger_target_dag.py
[2021-09-30 07:48:54,995] {scheduler_job.py:629} INFO - Processing file /usr/local/lib/python3.6/dist-packages/airflow/example_dags/example_trigger_target_dag.py for tasks to queue
[2021-09-30 07:48:54,996] {logging_mixin.py:104} INFO - [2021-09-30 07:48:54,996] {dagbag.py:451} INFO - Filling up the DagBag from /usr/local/lib/python3.6/dist-packages/airflow/example_dags/example_trigger_target_dag.py
[2021-09-30 07:48:55,005] {scheduler_job.py:639} INFO - DAG(s) dict_keys(['example_trigger_target_dag']) retrieved from /usr/local/lib/python3.6/dist-packages/airflow/example_dags/example_trigger_target_dag.py
[2021-09-30 07:48:55,024] {logging_mixin.py:104} INFO - [2021-09-30 07:48:55,024] {dag.py:1824} INFO - Sync 1 DAGs
[2021-09-30 07:48:55,039] {logging_mixin.py:104} INFO - [2021-09-30 07:48:55,039] {dag.py:2280} INFO - Setting next_dagrun for example_trigger_target_dag to None
[2021-09-30 07:48:55,049] {scheduler_job.py:190} INFO - Processing /usr/local/lib/python3.6/dist-packages/airflow/example_dags/example_trigger_target_dag.py took 0.056 seconds
[2021-09-30 07:49:25,207] {scheduler_job.py:182} INFO - Started process (PID=968) to work on /usr/local/lib/python3.6/dist-packages/airflow/example_dags/example_trigger_target_dag.py
[2021-09-30 07:49:25,208] {scheduler_job.py:629} INFO - Processing file /usr/local/lib/python3.6/dist-packages/airflow/example_dags/example_trigger_target_dag.py for tasks to queue
[2021-09-30 07:49:25,208] {logging_mixin.py:104} INFO - [2021-09-30 07:49:25,208] {dagbag.py:451} INFO - Filling up the DagBag from /usr/local/lib/python3.6/dist-packages/airflow/example_dags/example_trigger_target_dag.py
[2021-09-30 07:49:25,216] {scheduler_job.py:639} INFO - DAG(s) dict_keys(['example_trigger_target_dag']) retrieved from /usr/local/lib/python3.6/dist-packages/airflow/example_dags/example_trigger_target_dag.py
[2021-09-30 07:49:25,232] {logging_mixin.py:104} INFO - [2021-09-30 07:49:25,232] {dag.py:1824} INFO - Sync 1 DAGs
[2021-09-30 07:49:25,243] {logging_mixin.py:104} INFO - [2021-09-30 07:49:25,243] {dag.py:2280} INFO - Setting next_dagrun for example_trigger_target_dag to None
[2021-09-30 07:49:25,251] {scheduler_job.py:190} INFO - Processing /usr/local/lib/python3.6/dist-packages/airflow/example_dags/example_trigger_target_dag.py took 0.046 seconds
[2021-09-30 07:49:55,418] {scheduler_job.py:182} INFO - Started process (PID=1042) to work on /usr/local/lib/python3.6/dist-packages/airflow/example_dags/example_trigger_target_dag.py
[2021-09-30 07:49:55,418] {scheduler_job.py:629} INFO - Processing file /usr/local/lib/python3.6/dist-packages/airflow/example_dags/example_trigger_target_dag.py for tasks to queue
[2021-09-30 07:49:55,419] {logging_mixin.py:104} INFO - [2021-09-30 07:49:55,419] {dagbag.py:451} INFO - Filling up the DagBag from /usr/local/lib/python3.6/dist-packages/airflow/example_dags/example_trigger_target_dag.py
[2021-09-30 07:49:55,427] {scheduler_job.py:639} INFO - DAG(s) dict_keys(['example_trigger_target_dag']) retrieved from /usr/local/lib/python3.6/dist-packages/airflow/example_dags/example_trigger_target_dag.py
[2021-09-30 07:49:55,441] {logging_mixin.py:104} INFO - [2021-09-30 07:49:55,441] {dag.py:1824} INFO - Sync 1 DAGs
[2021-09-30 07:49:55,453] {logging_mixin.py:104} INFO - [2021-09-30 07:49:55,453] {dag.py:2280} INFO - Setting next_dagrun for example_trigger_target_dag to None
[2021-09-30 07:49:55,461] {scheduler_job.py:190} INFO - Processing /usr/local/lib/python3.6/dist-packages/airflow/example_dags/example_trigger_target_dag.py took 0.045 seconds
[2021-09-30 07:50:25,639] {scheduler_job.py:182} INFO - Started process (PID=1117) to work on /usr/local/lib/python3.6/dist-packages/airflow/example_dags/example_trigger_target_dag.py
[2021-09-30 07:50:25,640] {scheduler_job.py:629} INFO - Processing file /usr/local/lib/python3.6/dist-packages/airflow/example_dags/example_trigger_target_dag.py for tasks to queue
[2021-09-30 07:50:25,641] {logging_mixin.py:104} INFO - [2021-09-30 07:50:25,641] {dagbag.py:451} INFO - Filling up the DagBag from /usr/local/lib/python3.6/dist-packages/airflow/example_dags/example_trigger_target_dag.py
[2021-09-30 07:50:25,650] {scheduler_job.py:639} INFO - DAG(s) dict_keys(['example_trigger_target_dag']) retrieved from /usr/local/lib/python3.6/dist-packages/airflow/example_dags/example_trigger_target_dag.py
[2021-09-30 07:50:25,665] {logging_mixin.py:104} INFO - [2021-09-30 07:50:25,665] {dag.py:1824} INFO - Sync 1 DAGs
[2021-09-30 07:50:25,676] {logging_mixin.py:104} INFO - [2021-09-30 07:50:25,676] {dag.py:2280} INFO - Setting next_dagrun for example_trigger_target_dag to None
[2021-09-30 07:50:25,683] {scheduler_job.py:190} INFO - Processing /usr/local/lib/python3.6/dist-packages/airflow/example_dags/example_trigger_target_dag.py took 0.046 seconds
[2021-09-30 07:50:55,797] {scheduler_job.py:182} INFO - Started process (PID=1191) to work on /usr/local/lib/python3.6/dist-packages/airflow/example_dags/example_trigger_target_dag.py
[2021-09-30 07:50:55,798] {scheduler_job.py:629} INFO - Processing file /usr/local/lib/python3.6/dist-packages/airflow/example_dags/example_trigger_target_dag.py for tasks to queue
[2021-09-30 07:50:55,799] {logging_mixin.py:104} INFO - [2021-09-30 07:50:55,798] {dagbag.py:451} INFO - Filling up the DagBag from /usr/local/lib/python3.6/dist-packages/airflow/example_dags/example_trigger_target_dag.py
[2021-09-30 07:50:55,808] {scheduler_job.py:639} INFO - DAG(s) dict_keys(['example_trigger_target_dag']) retrieved from /usr/local/lib/python3.6/dist-packages/airflow/example_dags/example_trigger_target_dag.py
[2021-09-30 07:50:55,825] {logging_mixin.py:104} INFO - [2021-09-30 07:50:55,825] {dag.py:1824} INFO - Sync 1 DAGs
[2021-09-30 07:50:55,837] {logging_mixin.py:104} INFO - [2021-09-30 07:50:55,836] {dag.py:2280} INFO - Setting next_dagrun for example_trigger_target_dag to None
[2021-09-30 07:50:55,844] {scheduler_job.py:190} INFO - Processing /usr/local/lib/python3.6/dist-packages/airflow/example_dags/example_trigger_target_dag.py took 0.050 seconds
[2021-09-30 07:51:26,052] {scheduler_job.py:182} INFO - Started process (PID=1265) to work on /usr/local/lib/python3.6/dist-packages/airflow/example_dags/example_trigger_target_dag.py
[2021-09-30 07:51:26,053] {scheduler_job.py:629} INFO - Processing file /usr/local/lib/python3.6/dist-packages/airflow/example_dags/example_trigger_target_dag.py for tasks to queue
[2021-09-30 07:51:26,053] {logging_mixin.py:104} INFO - [2021-09-30 07:51:26,053] {dagbag.py:451} INFO - Filling up the DagBag from /usr/local/lib/python3.6/dist-packages/airflow/example_dags/example_trigger_target_dag.py
[2021-09-30 07:51:26,062] {scheduler_job.py:639} INFO - DAG(s) dict_keys(['example_trigger_target_dag']) retrieved from /usr/local/lib/python3.6/dist-packages/airflow/example_dags/example_trigger_target_dag.py
[2021-09-30 07:51:26,077] {logging_mixin.py:104} INFO - [2021-09-30 07:51:26,077] {dag.py:1824} INFO - Sync 1 DAGs
[2021-09-30 07:51:26,089] {logging_mixin.py:104} INFO - [2021-09-30 07:51:26,088] {dag.py:2280} INFO - Setting next_dagrun for example_trigger_target_dag to None
[2021-09-30 07:51:26,097] {scheduler_job.py:190} INFO - Processing /usr/local/lib/python3.6/dist-packages/airflow/example_dags/example_trigger_target_dag.py took 0.048 seconds
[2021-09-30 07:51:56,222] {scheduler_job.py:182} INFO - Started process (PID=1344) to work on /usr/local/lib/python3.6/dist-packages/airflow/example_dags/example_trigger_target_dag.py
[2021-09-30 07:51:56,223] {scheduler_job.py:629} INFO - Processing file /usr/local/lib/python3.6/dist-packages/airflow/example_dags/example_trigger_target_dag.py for tasks to queue
[2021-09-30 07:51:56,223] {logging_mixin.py:104} INFO - [2021-09-30 07:51:56,223] {dagbag.py:451} INFO - Filling up the DagBag from /usr/local/lib/python3.6/dist-packages/airflow/example_dags/example_trigger_target_dag.py
[2021-09-30 07:51:56,231] {scheduler_job.py:639} INFO - DAG(s) dict_keys(['example_trigger_target_dag']) retrieved from /usr/local/lib/python3.6/dist-packages/airflow/example_dags/example_trigger_target_dag.py
[2021-09-30 07:51:56,247] {logging_mixin.py:104} INFO - [2021-09-30 07:51:56,247] {dag.py:1824} INFO - Sync 1 DAGs
[2021-09-30 07:51:56,260] {logging_mixin.py:104} INFO - [2021-09-30 07:51:56,260] {dag.py:2280} INFO - Setting next_dagrun for example_trigger_target_dag to None
[2021-09-30 07:51:56,269] {scheduler_job.py:190} INFO - Processing /usr/local/lib/python3.6/dist-packages/airflow/example_dags/example_trigger_target_dag.py took 0.050 seconds
[2021-09-30 07:52:26,919] {scheduler_job.py:182} INFO - Started process (PID=1402) to work on /usr/local/lib/python3.6/dist-packages/airflow/example_dags/example_trigger_target_dag.py
[2021-09-30 07:52:26,921] {scheduler_job.py:629} INFO - Processing file /usr/local/lib/python3.6/dist-packages/airflow/example_dags/example_trigger_target_dag.py for tasks to queue
[2021-09-30 07:52:26,922] {logging_mixin.py:104} INFO - [2021-09-30 07:52:26,922] {dagbag.py:451} INFO - Filling up the DagBag from /usr/local/lib/python3.6/dist-packages/airflow/example_dags/example_trigger_target_dag.py
[2021-09-30 07:52:26,941] {scheduler_job.py:639} INFO - DAG(s) dict_keys(['example_trigger_target_dag']) retrieved from /usr/local/lib/python3.6/dist-packages/airflow/example_dags/example_trigger_target_dag.py
[2021-09-30 07:52:26,975] {logging_mixin.py:104} INFO - [2021-09-30 07:52:26,975] {dag.py:1824} INFO - Sync 1 DAGs
[2021-09-30 07:52:26,996] {logging_mixin.py:104} INFO - [2021-09-30 07:52:26,996] {dag.py:2280} INFO - Setting next_dagrun for example_trigger_target_dag to None
[2021-09-30 07:52:27,008] {scheduler_job.py:190} INFO - Processing /usr/local/lib/python3.6/dist-packages/airflow/example_dags/example_trigger_target_dag.py took 0.094 seconds
[2021-09-30 07:52:57,455] {scheduler_job.py:182} INFO - Started process (PID=1469) to work on /usr/local/lib/python3.6/dist-packages/airflow/example_dags/example_trigger_target_dag.py
[2021-09-30 07:52:57,456] {scheduler_job.py:629} INFO - Processing file /usr/local/lib/python3.6/dist-packages/airflow/example_dags/example_trigger_target_dag.py for tasks to queue
[2021-09-30 07:52:57,456] {logging_mixin.py:104} INFO - [2021-09-30 07:52:57,456] {dagbag.py:451} INFO - Filling up the DagBag from /usr/local/lib/python3.6/dist-packages/airflow/example_dags/example_trigger_target_dag.py
[2021-09-30 07:52:57,465] {scheduler_job.py:639} INFO - DAG(s) dict_keys(['example_trigger_target_dag']) retrieved from /usr/local/lib/python3.6/dist-packages/airflow/example_dags/example_trigger_target_dag.py
[2021-09-30 07:52:57,480] {logging_mixin.py:104} INFO - [2021-09-30 07:52:57,480] {dag.py:1824} INFO - Sync 1 DAGs
[2021-09-30 07:52:57,491] {logging_mixin.py:104} INFO - [2021-09-30 07:52:57,491] {dag.py:2280} INFO - Setting next_dagrun for example_trigger_target_dag to None
[2021-09-30 07:52:57,500] {scheduler_job.py:190} INFO - Processing /usr/local/lib/python3.6/dist-packages/airflow/example_dags/example_trigger_target_dag.py took 0.048 seconds
[2021-09-30 07:53:27,585] {scheduler_job.py:182} INFO - Started process (PID=1543) to work on /usr/local/lib/python3.6/dist-packages/airflow/example_dags/example_trigger_target_dag.py
[2021-09-30 07:53:27,586] {scheduler_job.py:629} INFO - Processing file /usr/local/lib/python3.6/dist-packages/airflow/example_dags/example_trigger_target_dag.py for tasks to queue
[2021-09-30 07:53:27,586] {logging_mixin.py:104} INFO - [2021-09-30 07:53:27,586] {dagbag.py:451} INFO - Filling up the DagBag from /usr/local/lib/python3.6/dist-packages/airflow/example_dags/example_trigger_target_dag.py
[2021-09-30 07:53:27,598] {scheduler_job.py:639} INFO - DAG(s) dict_keys(['example_trigger_target_dag']) retrieved from /usr/local/lib/python3.6/dist-packages/airflow/example_dags/example_trigger_target_dag.py
[2021-09-30 07:53:27,616] {logging_mixin.py:104} INFO - [2021-09-30 07:53:27,616] {dag.py:1824} INFO - Sync 1 DAGs
[2021-09-30 07:53:27,629] {logging_mixin.py:104} INFO - [2021-09-30 07:53:27,629] {dag.py:2280} INFO - Setting next_dagrun for example_trigger_target_dag to None
[2021-09-30 07:53:27,638] {scheduler_job.py:190} INFO - Processing /usr/local/lib/python3.6/dist-packages/airflow/example_dags/example_trigger_target_dag.py took 0.056 seconds
[2021-09-30 07:53:57,925] {scheduler_job.py:182} INFO - Started process (PID=1620) to work on /usr/local/lib/python3.6/dist-packages/airflow/example_dags/example_trigger_target_dag.py
[2021-09-30 07:53:57,926] {scheduler_job.py:629} INFO - Processing file /usr/local/lib/python3.6/dist-packages/airflow/example_dags/example_trigger_target_dag.py for tasks to queue
[2021-09-30 07:53:57,927] {logging_mixin.py:104} INFO - [2021-09-30 07:53:57,926] {dagbag.py:451} INFO - Filling up the DagBag from /usr/local/lib/python3.6/dist-packages/airflow/example_dags/example_trigger_target_dag.py
[2021-09-30 07:53:57,936] {scheduler_job.py:639} INFO - DAG(s) dict_keys(['example_trigger_target_dag']) retrieved from /usr/local/lib/python3.6/dist-packages/airflow/example_dags/example_trigger_target_dag.py
[2021-09-30 07:53:57,951] {logging_mixin.py:104} INFO - [2021-09-30 07:53:57,951] {dag.py:1824} INFO - Sync 1 DAGs
[2021-09-30 07:53:57,964] {logging_mixin.py:104} INFO - [2021-09-30 07:53:57,964] {dag.py:2280} INFO - Setting next_dagrun for example_trigger_target_dag to None
[2021-09-30 07:53:57,972] {scheduler_job.py:190} INFO - Processing /usr/local/lib/python3.6/dist-packages/airflow/example_dags/example_trigger_target_dag.py took 0.049 seconds
[2021-09-30 07:54:28,458] {scheduler_job.py:182} INFO - Started process (PID=1699) to work on /usr/local/lib/python3.6/dist-packages/airflow/example_dags/example_trigger_target_dag.py
[2021-09-30 07:54:28,459] {scheduler_job.py:629} INFO - Processing file /usr/local/lib/python3.6/dist-packages/airflow/example_dags/example_trigger_target_dag.py for tasks to queue
[2021-09-30 07:54:28,459] {logging_mixin.py:104} INFO - [2021-09-30 07:54:28,459] {dagbag.py:451} INFO - Filling up the DagBag from /usr/local/lib/python3.6/dist-packages/airflow/example_dags/example_trigger_target_dag.py
[2021-09-30 07:54:28,468] {scheduler_job.py:639} INFO - DAG(s) dict_keys(['example_trigger_target_dag']) retrieved from /usr/local/lib/python3.6/dist-packages/airflow/example_dags/example_trigger_target_dag.py
[2021-09-30 07:54:28,485] {logging_mixin.py:104} INFO - [2021-09-30 07:54:28,484] {dag.py:1824} INFO - Sync 1 DAGs
[2021-09-30 07:54:28,499] {logging_mixin.py:104} INFO - [2021-09-30 07:54:28,499] {dag.py:2280} INFO - Setting next_dagrun for example_trigger_target_dag to None
[2021-09-30 07:54:28,509] {scheduler_job.py:190} INFO - Processing /usr/local/lib/python3.6/dist-packages/airflow/example_dags/example_trigger_target_dag.py took 0.053 seconds
[2021-09-30 07:54:58,780] {scheduler_job.py:182} INFO - Started process (PID=1774) to work on /usr/local/lib/python3.6/dist-packages/airflow/example_dags/example_trigger_target_dag.py
[2021-09-30 07:54:58,781] {scheduler_job.py:629} INFO - Processing file /usr/local/lib/python3.6/dist-packages/airflow/example_dags/example_trigger_target_dag.py for tasks to queue
[2021-09-30 07:54:58,782] {logging_mixin.py:104} INFO - [2021-09-30 07:54:58,782] {dagbag.py:451} INFO - Filling up the DagBag from /usr/local/lib/python3.6/dist-packages/airflow/example_dags/example_trigger_target_dag.py
[2021-09-30 07:54:58,790] {scheduler_job.py:639} INFO - DAG(s) dict_keys(['example_trigger_target_dag']) retrieved from /usr/local/lib/python3.6/dist-packages/airflow/example_dags/example_trigger_target_dag.py
[2021-09-30 07:54:58,805] {logging_mixin.py:104} INFO - [2021-09-30 07:54:58,804] {dag.py:1824} INFO - Sync 1 DAGs
[2021-09-30 07:54:58,817] {logging_mixin.py:104} INFO - [2021-09-30 07:54:58,816] {dag.py:2280} INFO - Setting next_dagrun for example_trigger_target_dag to None
[2021-09-30 07:54:58,824] {scheduler_job.py:190} INFO - Processing /usr/local/lib/python3.6/dist-packages/airflow/example_dags/example_trigger_target_dag.py took 0.046 seconds
[2021-09-30 07:55:29,002] {scheduler_job.py:182} INFO - Started process (PID=1848) to work on /usr/local/lib/python3.6/dist-packages/airflow/example_dags/example_trigger_target_dag.py
[2021-09-30 07:55:29,002] {scheduler_job.py:629} INFO - Processing file /usr/local/lib/python3.6/dist-packages/airflow/example_dags/example_trigger_target_dag.py for tasks to queue
[2021-09-30 07:55:29,003] {logging_mixin.py:104} INFO - [2021-09-30 07:55:29,003] {dagbag.py:451} INFO - Filling up the DagBag from /usr/local/lib/python3.6/dist-packages/airflow/example_dags/example_trigger_target_dag.py
[2021-09-30 07:55:29,012] {scheduler_job.py:639} INFO - DAG(s) dict_keys(['example_trigger_target_dag']) retrieved from /usr/local/lib/python3.6/dist-packages/airflow/example_dags/example_trigger_target_dag.py
[2021-09-30 07:55:29,030] {logging_mixin.py:104} INFO - [2021-09-30 07:55:29,030] {dag.py:1824} INFO - Sync 1 DAGs
[2021-09-30 07:55:29,043] {logging_mixin.py:104} INFO - [2021-09-30 07:55:29,042] {dag.py:2280} INFO - Setting next_dagrun for example_trigger_target_dag to None
[2021-09-30 07:55:29,051] {scheduler_job.py:190} INFO - Processing /usr/local/lib/python3.6/dist-packages/airflow/example_dags/example_trigger_target_dag.py took 0.051 seconds
[2021-09-30 07:55:59,182] {scheduler_job.py:182} INFO - Started process (PID=1924) to work on /usr/local/lib/python3.6/dist-packages/airflow/example_dags/example_trigger_target_dag.py
[2021-09-30 07:55:59,183] {scheduler_job.py:629} INFO - Processing file /usr/local/lib/python3.6/dist-packages/airflow/example_dags/example_trigger_target_dag.py for tasks to queue
[2021-09-30 07:55:59,183] {logging_mixin.py:104} INFO - [2021-09-30 07:55:59,183] {dagbag.py:451} INFO - Filling up the DagBag from /usr/local/lib/python3.6/dist-packages/airflow/example_dags/example_trigger_target_dag.py
[2021-09-30 07:55:59,194] {scheduler_job.py:639} INFO - DAG(s) dict_keys(['example_trigger_target_dag']) retrieved from /usr/local/lib/python3.6/dist-packages/airflow/example_dags/example_trigger_target_dag.py
[2021-09-30 07:55:59,213] {logging_mixin.py:104} INFO - [2021-09-30 07:55:59,213] {dag.py:1824} INFO - Sync 1 DAGs
[2021-09-30 07:55:59,228] {logging_mixin.py:104} INFO - [2021-09-30 07:55:59,227] {dag.py:2280} INFO - Setting next_dagrun for example_trigger_target_dag to None
[2021-09-30 07:55:59,237] {scheduler_job.py:190} INFO - Processing /usr/local/lib/python3.6/dist-packages/airflow/example_dags/example_trigger_target_dag.py took 0.058 seconds
[2021-09-30 07:56:29,271] {scheduler_job.py:182} INFO - Started process (PID=2000) to work on /usr/local/lib/python3.6/dist-packages/airflow/example_dags/example_trigger_target_dag.py
[2021-09-30 07:56:29,272] {scheduler_job.py:629} INFO - Processing file /usr/local/lib/python3.6/dist-packages/airflow/example_dags/example_trigger_target_dag.py for tasks to queue
[2021-09-30 07:56:29,272] {logging_mixin.py:104} INFO - [2021-09-30 07:56:29,272] {dagbag.py:451} INFO - Filling up the DagBag from /usr/local/lib/python3.6/dist-packages/airflow/example_dags/example_trigger_target_dag.py
[2021-09-30 07:56:29,283] {scheduler_job.py:639} INFO - DAG(s) dict_keys(['example_trigger_target_dag']) retrieved from /usr/local/lib/python3.6/dist-packages/airflow/example_dags/example_trigger_target_dag.py
[2021-09-30 07:56:29,298] {logging_mixin.py:104} INFO - [2021-09-30 07:56:29,298] {dag.py:1824} INFO - Sync 1 DAGs
[2021-09-30 07:56:29,310] {logging_mixin.py:104} INFO - [2021-09-30 07:56:29,310] {dag.py:2280} INFO - Setting next_dagrun for example_trigger_target_dag to None
[2021-09-30 07:56:29,317] {scheduler_job.py:190} INFO - Processing /usr/local/lib/python3.6/dist-packages/airflow/example_dags/example_trigger_target_dag.py took 0.048 seconds
[2021-09-30 07:56:59,809] {scheduler_job.py:182} INFO - Started process (PID=2065) to work on /usr/local/lib/python3.6/dist-packages/airflow/example_dags/example_trigger_target_dag.py
[2021-09-30 07:56:59,810] {scheduler_job.py:629} INFO - Processing file /usr/local/lib/python3.6/dist-packages/airflow/example_dags/example_trigger_target_dag.py for tasks to queue
[2021-09-30 07:56:59,810] {logging_mixin.py:104} INFO - [2021-09-30 07:56:59,810] {dagbag.py:451} INFO - Filling up the DagBag from /usr/local/lib/python3.6/dist-packages/airflow/example_dags/example_trigger_target_dag.py
[2021-09-30 07:56:59,818] {scheduler_job.py:639} INFO - DAG(s) dict_keys(['example_trigger_target_dag']) retrieved from /usr/local/lib/python3.6/dist-packages/airflow/example_dags/example_trigger_target_dag.py
[2021-09-30 07:56:59,833] {logging_mixin.py:104} INFO - [2021-09-30 07:56:59,833] {dag.py:1824} INFO - Sync 1 DAGs
[2021-09-30 07:56:59,844] {logging_mixin.py:104} INFO - [2021-09-30 07:56:59,844] {dag.py:2280} INFO - Setting next_dagrun for example_trigger_target_dag to None
[2021-09-30 07:56:59,851] {scheduler_job.py:190} INFO - Processing /usr/local/lib/python3.6/dist-packages/airflow/example_dags/example_trigger_target_dag.py took 0.044 seconds
[2021-09-30 07:57:30,704] {scheduler_job.py:182} INFO - Started process (PID=2139) to work on /usr/local/lib/python3.6/dist-packages/airflow/example_dags/example_trigger_target_dag.py
[2021-09-30 07:57:30,704] {scheduler_job.py:629} INFO - Processing file /usr/local/lib/python3.6/dist-packages/airflow/example_dags/example_trigger_target_dag.py for tasks to queue
[2021-09-30 07:57:30,705] {logging_mixin.py:104} INFO - [2021-09-30 07:57:30,705] {dagbag.py:451} INFO - Filling up the DagBag from /usr/local/lib/python3.6/dist-packages/airflow/example_dags/example_trigger_target_dag.py
[2021-09-30 07:57:30,714] {scheduler_job.py:639} INFO - DAG(s) dict_keys(['example_trigger_target_dag']) retrieved from /usr/local/lib/python3.6/dist-packages/airflow/example_dags/example_trigger_target_dag.py
[2021-09-30 07:57:30,730] {logging_mixin.py:104} INFO - [2021-09-30 07:57:30,730] {dag.py:1824} INFO - Sync 1 DAGs
[2021-09-30 07:57:30,742] {logging_mixin.py:104} INFO - [2021-09-30 07:57:30,742] {dag.py:2280} INFO - Setting next_dagrun for example_trigger_target_dag to None
[2021-09-30 07:57:30,749] {scheduler_job.py:190} INFO - Processing /usr/local/lib/python3.6/dist-packages/airflow/example_dags/example_trigger_target_dag.py took 0.048 seconds
[2021-09-30 07:58:00,789] {scheduler_job.py:182} INFO - Started process (PID=2215) to work on /usr/local/lib/python3.6/dist-packages/airflow/example_dags/example_trigger_target_dag.py
[2021-09-30 07:58:00,790] {scheduler_job.py:629} INFO - Processing file /usr/local/lib/python3.6/dist-packages/airflow/example_dags/example_trigger_target_dag.py for tasks to queue
[2021-09-30 07:58:00,790] {logging_mixin.py:104} INFO - [2021-09-30 07:58:00,790] {dagbag.py:451} INFO - Filling up the DagBag from /usr/local/lib/python3.6/dist-packages/airflow/example_dags/example_trigger_target_dag.py
[2021-09-30 07:58:00,799] {scheduler_job.py:639} INFO - DAG(s) dict_keys(['example_trigger_target_dag']) retrieved from /usr/local/lib/python3.6/dist-packages/airflow/example_dags/example_trigger_target_dag.py
[2021-09-30 07:58:00,815] {logging_mixin.py:104} INFO - [2021-09-30 07:58:00,815] {dag.py:1824} INFO - Sync 1 DAGs
[2021-09-30 07:58:00,827] {logging_mixin.py:104} INFO - [2021-09-30 07:58:00,827] {dag.py:2280} INFO - Setting next_dagrun for example_trigger_target_dag to None
[2021-09-30 07:58:00,835] {scheduler_job.py:190} INFO - Processing /usr/local/lib/python3.6/dist-packages/airflow/example_dags/example_trigger_target_dag.py took 0.048 seconds
[2021-09-30 07:58:30,874] {scheduler_job.py:182} INFO - Started process (PID=2290) to work on /usr/local/lib/python3.6/dist-packages/airflow/example_dags/example_trigger_target_dag.py
[2021-09-30 07:58:30,875] {scheduler_job.py:629} INFO - Processing file /usr/local/lib/python3.6/dist-packages/airflow/example_dags/example_trigger_target_dag.py for tasks to queue
[2021-09-30 07:58:30,876] {logging_mixin.py:104} INFO - [2021-09-30 07:58:30,876] {dagbag.py:451} INFO - Filling up the DagBag from /usr/local/lib/python3.6/dist-packages/airflow/example_dags/example_trigger_target_dag.py
[2021-09-30 07:58:30,887] {scheduler_job.py:639} INFO - DAG(s) dict_keys(['example_trigger_target_dag']) retrieved from /usr/local/lib/python3.6/dist-packages/airflow/example_dags/example_trigger_target_dag.py
[2021-09-30 07:58:30,903] {logging_mixin.py:104} INFO - [2021-09-30 07:58:30,903] {dag.py:1824} INFO - Sync 1 DAGs
[2021-09-30 07:58:30,915] {logging_mixin.py:104} INFO - [2021-09-30 07:58:30,915] {dag.py:2280} INFO - Setting next_dagrun for example_trigger_target_dag to None
[2021-09-30 07:58:30,924] {scheduler_job.py:190} INFO - Processing /usr/local/lib/python3.6/dist-packages/airflow/example_dags/example_trigger_target_dag.py took 0.051 seconds
[2021-09-30 07:59:01,130] {scheduler_job.py:182} INFO - Started process (PID=2367) to work on /usr/local/lib/python3.6/dist-packages/airflow/example_dags/example_trigger_target_dag.py
[2021-09-30 07:59:01,131] {scheduler_job.py:629} INFO - Processing file /usr/local/lib/python3.6/dist-packages/airflow/example_dags/example_trigger_target_dag.py for tasks to queue
[2021-09-30 07:59:01,131] {logging_mixin.py:104} INFO - [2021-09-30 07:59:01,131] {dagbag.py:451} INFO - Filling up the DagBag from /usr/local/lib/python3.6/dist-packages/airflow/example_dags/example_trigger_target_dag.py
[2021-09-30 07:59:01,141] {scheduler_job.py:639} INFO - DAG(s) dict_keys(['example_trigger_target_dag']) retrieved from /usr/local/lib/python3.6/dist-packages/airflow/example_dags/example_trigger_target_dag.py
[2021-09-30 07:59:01,156] {logging_mixin.py:104} INFO - [2021-09-30 07:59:01,156] {dag.py:1824} INFO - Sync 1 DAGs
[2021-09-30 07:59:01,168] {logging_mixin.py:104} INFO - [2021-09-30 07:59:01,168] {dag.py:2280} INFO - Setting next_dagrun for example_trigger_target_dag to None
[2021-09-30 07:59:01,176] {scheduler_job.py:190} INFO - Processing /usr/local/lib/python3.6/dist-packages/airflow/example_dags/example_trigger_target_dag.py took 0.048 seconds
[2021-09-30 07:59:31,373] {scheduler_job.py:182} INFO - Started process (PID=2441) to work on /usr/local/lib/python3.6/dist-packages/airflow/example_dags/example_trigger_target_dag.py
[2021-09-30 07:59:31,373] {scheduler_job.py:629} INFO - Processing file /usr/local/lib/python3.6/dist-packages/airflow/example_dags/example_trigger_target_dag.py for tasks to queue
[2021-09-30 07:59:31,374] {logging_mixin.py:104} INFO - [2021-09-30 07:59:31,374] {dagbag.py:451} INFO - Filling up the DagBag from /usr/local/lib/python3.6/dist-packages/airflow/example_dags/example_trigger_target_dag.py
[2021-09-30 07:59:31,387] {scheduler_job.py:639} INFO - DAG(s) dict_keys(['example_trigger_target_dag']) retrieved from /usr/local/lib/python3.6/dist-packages/airflow/example_dags/example_trigger_target_dag.py
[2021-09-30 07:59:31,404] {logging_mixin.py:104} INFO - [2021-09-30 07:59:31,404] {dag.py:1824} INFO - Sync 1 DAGs
[2021-09-30 07:59:31,418] {logging_mixin.py:104} INFO - [2021-09-30 07:59:31,418] {dag.py:2280} INFO - Setting next_dagrun for example_trigger_target_dag to None
[2021-09-30 07:59:31,426] {scheduler_job.py:190} INFO - Processing /usr/local/lib/python3.6/dist-packages/airflow/example_dags/example_trigger_target_dag.py took 0.057 seconds
[2021-09-30 08:00:01,717] {scheduler_job.py:182} INFO - Started process (PID=2521) to work on /usr/local/lib/python3.6/dist-packages/airflow/example_dags/example_trigger_target_dag.py
[2021-09-30 08:00:01,718] {scheduler_job.py:629} INFO - Processing file /usr/local/lib/python3.6/dist-packages/airflow/example_dags/example_trigger_target_dag.py for tasks to queue
[2021-09-30 08:00:01,718] {logging_mixin.py:104} INFO - [2021-09-30 08:00:01,718] {dagbag.py:451} INFO - Filling up the DagBag from /usr/local/lib/python3.6/dist-packages/airflow/example_dags/example_trigger_target_dag.py
[2021-09-30 08:00:01,727] {scheduler_job.py:639} INFO - DAG(s) dict_keys(['example_trigger_target_dag']) retrieved from /usr/local/lib/python3.6/dist-packages/airflow/example_dags/example_trigger_target_dag.py
[2021-09-30 08:00:01,743] {logging_mixin.py:104} INFO - [2021-09-30 08:00:01,743] {dag.py:1824} INFO - Sync 1 DAGs
[2021-09-30 08:00:01,757] {logging_mixin.py:104} INFO - [2021-09-30 08:00:01,757] {dag.py:2280} INFO - Setting next_dagrun for example_trigger_target_dag to None
[2021-09-30 08:00:01,765] {scheduler_job.py:190} INFO - Processing /usr/local/lib/python3.6/dist-packages/airflow/example_dags/example_trigger_target_dag.py took 0.050 seconds
[2021-09-30 08:00:31,944] {scheduler_job.py:182} INFO - Started process (PID=2597) to work on /usr/local/lib/python3.6/dist-packages/airflow/example_dags/example_trigger_target_dag.py
[2021-09-30 08:00:31,944] {scheduler_job.py:629} INFO - Processing file /usr/local/lib/python3.6/dist-packages/airflow/example_dags/example_trigger_target_dag.py for tasks to queue
[2021-09-30 08:00:31,945] {logging_mixin.py:104} INFO - [2021-09-30 08:00:31,945] {dagbag.py:451} INFO - Filling up the DagBag from /usr/local/lib/python3.6/dist-packages/airflow/example_dags/example_trigger_target_dag.py
[2021-09-30 08:00:31,955] {scheduler_job.py:639} INFO - DAG(s) dict_keys(['example_trigger_target_dag']) retrieved from /usr/local/lib/python3.6/dist-packages/airflow/example_dags/example_trigger_target_dag.py
[2021-09-30 08:00:31,969] {logging_mixin.py:104} INFO - [2021-09-30 08:00:31,969] {dag.py:1824} INFO - Sync 1 DAGs
[2021-09-30 08:00:31,981] {logging_mixin.py:104} INFO - [2021-09-30 08:00:31,981] {dag.py:2280} INFO - Setting next_dagrun for example_trigger_target_dag to None
[2021-09-30 08:00:31,989] {scheduler_job.py:190} INFO - Processing /usr/local/lib/python3.6/dist-packages/airflow/example_dags/example_trigger_target_dag.py took 0.047 seconds
[2021-09-30 08:01:02,765] {scheduler_job.py:182} INFO - Started process (PID=2667) to work on /usr/local/lib/python3.6/dist-packages/airflow/example_dags/example_trigger_target_dag.py
[2021-09-30 08:01:02,767] {scheduler_job.py:629} INFO - Processing file /usr/local/lib/python3.6/dist-packages/airflow/example_dags/example_trigger_target_dag.py for tasks to queue
[2021-09-30 08:01:02,768] {logging_mixin.py:104} INFO - [2021-09-30 08:01:02,768] {dagbag.py:451} INFO - Filling up the DagBag from /usr/local/lib/python3.6/dist-packages/airflow/example_dags/example_trigger_target_dag.py
[2021-09-30 08:01:02,776] {scheduler_job.py:639} INFO - DAG(s) dict_keys(['example_trigger_target_dag']) retrieved from /usr/local/lib/python3.6/dist-packages/airflow/example_dags/example_trigger_target_dag.py
[2021-09-30 08:01:02,792] {logging_mixin.py:104} INFO - [2021-09-30 08:01:02,792] {dag.py:1824} INFO - Sync 1 DAGs
[2021-09-30 08:01:02,806] {logging_mixin.py:104} INFO - [2021-09-30 08:01:02,806] {dag.py:2280} INFO - Setting next_dagrun for example_trigger_target_dag to None
[2021-09-30 08:01:02,813] {scheduler_job.py:190} INFO - Processing /usr/local/lib/python3.6/dist-packages/airflow/example_dags/example_trigger_target_dag.py took 0.051 seconds
[2021-09-30 08:01:33,698] {scheduler_job.py:182} INFO - Started process (PID=2729) to work on /usr/local/lib/python3.6/dist-packages/airflow/example_dags/example_trigger_target_dag.py
[2021-09-30 08:01:33,698] {scheduler_job.py:629} INFO - Processing file /usr/local/lib/python3.6/dist-packages/airflow/example_dags/example_trigger_target_dag.py for tasks to queue
[2021-09-30 08:01:33,699] {logging_mixin.py:104} INFO - [2021-09-30 08:01:33,699] {dagbag.py:451} INFO - Filling up the DagBag from /usr/local/lib/python3.6/dist-packages/airflow/example_dags/example_trigger_target_dag.py
[2021-09-30 08:01:33,707] {scheduler_job.py:639} INFO - DAG(s) dict_keys(['example_trigger_target_dag']) retrieved from /usr/local/lib/python3.6/dist-packages/airflow/example_dags/example_trigger_target_dag.py
[2021-09-30 08:01:33,722] {logging_mixin.py:104} INFO - [2021-09-30 08:01:33,722] {dag.py:1824} INFO - Sync 1 DAGs
[2021-09-30 08:01:33,733] {logging_mixin.py:104} INFO - [2021-09-30 08:01:33,733] {dag.py:2280} INFO - Setting next_dagrun for example_trigger_target_dag to None
[2021-09-30 08:01:33,741] {scheduler_job.py:190} INFO - Processing /usr/local/lib/python3.6/dist-packages/airflow/example_dags/example_trigger_target_dag.py took 0.045 seconds
[2021-09-30 08:02:04,177] {scheduler_job.py:182} INFO - Started process (PID=2802) to work on /usr/local/lib/python3.6/dist-packages/airflow/example_dags/example_trigger_target_dag.py
[2021-09-30 08:02:04,177] {scheduler_job.py:629} INFO - Processing file /usr/local/lib/python3.6/dist-packages/airflow/example_dags/example_trigger_target_dag.py for tasks to queue
[2021-09-30 08:02:04,178] {logging_mixin.py:104} INFO - [2021-09-30 08:02:04,178] {dagbag.py:451} INFO - Filling up the DagBag from /usr/local/lib/python3.6/dist-packages/airflow/example_dags/example_trigger_target_dag.py
[2021-09-30 08:02:04,188] {scheduler_job.py:639} INFO - DAG(s) dict_keys(['example_trigger_target_dag']) retrieved from /usr/local/lib/python3.6/dist-packages/airflow/example_dags/example_trigger_target_dag.py
[2021-09-30 08:02:04,207] {logging_mixin.py:104} INFO - [2021-09-30 08:02:04,207] {dag.py:1824} INFO - Sync 1 DAGs
[2021-09-30 08:02:04,218] {logging_mixin.py:104} INFO - [2021-09-30 08:02:04,217] {dag.py:2280} INFO - Setting next_dagrun for example_trigger_target_dag to None
[2021-09-30 08:02:04,227] {scheduler_job.py:190} INFO - Processing /usr/local/lib/python3.6/dist-packages/airflow/example_dags/example_trigger_target_dag.py took 0.053 seconds
