[2021-09-30 07:30:46,063] {scheduler_job.py:182} INFO - Started process (PID=80) to work on /usr/local/lib/python3.6/dist-packages/airflow/example_dags/example_python_operator.py
[2021-09-30 07:30:46,063] {scheduler_job.py:629} INFO - Processing file /usr/local/lib/python3.6/dist-packages/airflow/example_dags/example_python_operator.py for tasks to queue
[2021-09-30 07:30:46,064] {logging_mixin.py:104} INFO - [2021-09-30 07:30:46,064] {dagbag.py:451} INFO - Filling up the DagBag from /usr/local/lib/python3.6/dist-packages/airflow/example_dags/example_python_operator.py
[2021-09-30 07:30:46,071] {scheduler_job.py:639} INFO - DAG(s) dict_keys(['example_python_operator']) retrieved from /usr/local/lib/python3.6/dist-packages/airflow/example_dags/example_python_operator.py
[2021-09-30 07:30:46,078] {logging_mixin.py:104} INFO - [2021-09-30 07:30:46,078] {dag.py:1824} INFO - Sync 1 DAGs
[2021-09-30 07:30:46,087] {logging_mixin.py:104} INFO - [2021-09-30 07:30:46,087] {dag.py:2280} INFO - Setting next_dagrun for example_python_operator to None
[2021-09-30 07:30:46,092] {scheduler_job.py:190} INFO - Processing /usr/local/lib/python3.6/dist-packages/airflow/example_dags/example_python_operator.py took 0.031 seconds
[2021-09-30 07:31:17,169] {scheduler_job.py:182} INFO - Started process (PID=250) to work on /usr/local/lib/python3.6/dist-packages/airflow/example_dags/example_python_operator.py
[2021-09-30 07:31:17,169] {scheduler_job.py:629} INFO - Processing file /usr/local/lib/python3.6/dist-packages/airflow/example_dags/example_python_operator.py for tasks to queue
[2021-09-30 07:31:17,170] {logging_mixin.py:104} INFO - [2021-09-30 07:31:17,170] {dagbag.py:451} INFO - Filling up the DagBag from /usr/local/lib/python3.6/dist-packages/airflow/example_dags/example_python_operator.py
[2021-09-30 07:31:17,190] {scheduler_job.py:639} INFO - DAG(s) dict_keys(['example_python_operator']) retrieved from /usr/local/lib/python3.6/dist-packages/airflow/example_dags/example_python_operator.py
[2021-09-30 07:31:17,218] {logging_mixin.py:104} INFO - [2021-09-30 07:31:17,218] {dag.py:1824} INFO - Sync 1 DAGs
[2021-09-30 07:31:17,237] {logging_mixin.py:104} INFO - [2021-09-30 07:31:17,237] {dag.py:2280} INFO - Setting next_dagrun for example_python_operator to None
[2021-09-30 07:31:17,244] {scheduler_job.py:190} INFO - Processing /usr/local/lib/python3.6/dist-packages/airflow/example_dags/example_python_operator.py took 0.077 seconds
[2021-09-30 07:31:48,062] {scheduler_job.py:182} INFO - Started process (PID=316) to work on /usr/local/lib/python3.6/dist-packages/airflow/example_dags/example_python_operator.py
[2021-09-30 07:31:48,064] {scheduler_job.py:629} INFO - Processing file /usr/local/lib/python3.6/dist-packages/airflow/example_dags/example_python_operator.py for tasks to queue
[2021-09-30 07:31:48,064] {logging_mixin.py:104} INFO - [2021-09-30 07:31:48,064] {dagbag.py:451} INFO - Filling up the DagBag from /usr/local/lib/python3.6/dist-packages/airflow/example_dags/example_python_operator.py
[2021-09-30 07:31:48,078] {scheduler_job.py:639} INFO - DAG(s) dict_keys(['example_python_operator']) retrieved from /usr/local/lib/python3.6/dist-packages/airflow/example_dags/example_python_operator.py
[2021-09-30 07:31:48,098] {logging_mixin.py:104} INFO - [2021-09-30 07:31:48,098] {dag.py:1824} INFO - Sync 1 DAGs
[2021-09-30 07:31:48,116] {logging_mixin.py:104} INFO - [2021-09-30 07:31:48,116] {dag.py:2280} INFO - Setting next_dagrun for example_python_operator to None
[2021-09-30 07:31:48,126] {scheduler_job.py:190} INFO - Processing /usr/local/lib/python3.6/dist-packages/airflow/example_dags/example_python_operator.py took 0.068 seconds
[2021-09-30 07:32:18,361] {scheduler_job.py:182} INFO - Started process (PID=394) to work on /usr/local/lib/python3.6/dist-packages/airflow/example_dags/example_python_operator.py
[2021-09-30 07:32:18,361] {scheduler_job.py:629} INFO - Processing file /usr/local/lib/python3.6/dist-packages/airflow/example_dags/example_python_operator.py for tasks to queue
[2021-09-30 07:32:18,362] {logging_mixin.py:104} INFO - [2021-09-30 07:32:18,362] {dagbag.py:451} INFO - Filling up the DagBag from /usr/local/lib/python3.6/dist-packages/airflow/example_dags/example_python_operator.py
[2021-09-30 07:32:18,368] {scheduler_job.py:639} INFO - DAG(s) dict_keys(['example_python_operator']) retrieved from /usr/local/lib/python3.6/dist-packages/airflow/example_dags/example_python_operator.py
[2021-09-30 07:32:18,379] {logging_mixin.py:104} INFO - [2021-09-30 07:32:18,379] {dag.py:1824} INFO - Sync 1 DAGs
[2021-09-30 07:32:18,387] {logging_mixin.py:104} INFO - [2021-09-30 07:32:18,387] {dag.py:2280} INFO - Setting next_dagrun for example_python_operator to None
[2021-09-30 07:32:18,392] {scheduler_job.py:190} INFO - Processing /usr/local/lib/python3.6/dist-packages/airflow/example_dags/example_python_operator.py took 0.033 seconds
[2021-09-30 07:32:49,166] {scheduler_job.py:182} INFO - Started process (PID=479) to work on /usr/local/lib/python3.6/dist-packages/airflow/example_dags/example_python_operator.py
[2021-09-30 07:32:49,167] {scheduler_job.py:629} INFO - Processing file /usr/local/lib/python3.6/dist-packages/airflow/example_dags/example_python_operator.py for tasks to queue
[2021-09-30 07:32:49,167] {logging_mixin.py:104} INFO - [2021-09-30 07:32:49,167] {dagbag.py:451} INFO - Filling up the DagBag from /usr/local/lib/python3.6/dist-packages/airflow/example_dags/example_python_operator.py
[2021-09-30 07:32:49,174] {scheduler_job.py:639} INFO - DAG(s) dict_keys(['example_python_operator']) retrieved from /usr/local/lib/python3.6/dist-packages/airflow/example_dags/example_python_operator.py
[2021-09-30 07:32:49,185] {logging_mixin.py:104} INFO - [2021-09-30 07:32:49,185] {dag.py:1824} INFO - Sync 1 DAGs
[2021-09-30 07:32:49,194] {logging_mixin.py:104} INFO - [2021-09-30 07:32:49,194] {dag.py:2280} INFO - Setting next_dagrun for example_python_operator to None
[2021-09-30 07:32:49,199] {scheduler_job.py:190} INFO - Processing /usr/local/lib/python3.6/dist-packages/airflow/example_dags/example_python_operator.py took 0.035 seconds
[2021-09-30 07:33:43,249] {scheduler_job.py:182} INFO - Started process (PID=66) to work on /usr/local/lib/python3.6/dist-packages/airflow/example_dags/example_python_operator.py
[2021-09-30 07:33:43,250] {scheduler_job.py:629} INFO - Processing file /usr/local/lib/python3.6/dist-packages/airflow/example_dags/example_python_operator.py for tasks to queue
[2021-09-30 07:33:43,251] {logging_mixin.py:104} INFO - [2021-09-30 07:33:43,251] {dagbag.py:451} INFO - Filling up the DagBag from /usr/local/lib/python3.6/dist-packages/airflow/example_dags/example_python_operator.py
[2021-09-30 07:33:43,261] {scheduler_job.py:639} INFO - DAG(s) dict_keys(['example_python_operator']) retrieved from /usr/local/lib/python3.6/dist-packages/airflow/example_dags/example_python_operator.py
[2021-09-30 07:33:43,279] {logging_mixin.py:104} INFO - [2021-09-30 07:33:43,279] {dag.py:1824} INFO - Sync 1 DAGs
[2021-09-30 07:33:43,297] {logging_mixin.py:104} INFO - [2021-09-30 07:33:43,296] {dag.py:2280} INFO - Setting next_dagrun for example_python_operator to None
[2021-09-30 07:33:43,304] {scheduler_job.py:190} INFO - Processing /usr/local/lib/python3.6/dist-packages/airflow/example_dags/example_python_operator.py took 0.057 seconds
[2021-09-30 07:34:13,355] {scheduler_job.py:182} INFO - Started process (PID=198) to work on /usr/local/lib/python3.6/dist-packages/airflow/example_dags/example_python_operator.py
[2021-09-30 07:34:13,356] {scheduler_job.py:629} INFO - Processing file /usr/local/lib/python3.6/dist-packages/airflow/example_dags/example_python_operator.py for tasks to queue
[2021-09-30 07:34:13,356] {logging_mixin.py:104} INFO - [2021-09-30 07:34:13,356] {dagbag.py:451} INFO - Filling up the DagBag from /usr/local/lib/python3.6/dist-packages/airflow/example_dags/example_python_operator.py
[2021-09-30 07:34:13,366] {scheduler_job.py:639} INFO - DAG(s) dict_keys(['example_python_operator']) retrieved from /usr/local/lib/python3.6/dist-packages/airflow/example_dags/example_python_operator.py
[2021-09-30 07:34:13,382] {logging_mixin.py:104} INFO - [2021-09-30 07:34:13,382] {dag.py:1824} INFO - Sync 1 DAGs
[2021-09-30 07:34:13,394] {logging_mixin.py:104} INFO - [2021-09-30 07:34:13,394] {dag.py:2280} INFO - Setting next_dagrun for example_python_operator to None
[2021-09-30 07:34:13,401] {scheduler_job.py:190} INFO - Processing /usr/local/lib/python3.6/dist-packages/airflow/example_dags/example_python_operator.py took 0.049 seconds
[2021-09-30 07:34:43,583] {scheduler_job.py:182} INFO - Started process (PID=271) to work on /usr/local/lib/python3.6/dist-packages/airflow/example_dags/example_python_operator.py
[2021-09-30 07:34:43,584] {scheduler_job.py:629} INFO - Processing file /usr/local/lib/python3.6/dist-packages/airflow/example_dags/example_python_operator.py for tasks to queue
[2021-09-30 07:34:43,585] {logging_mixin.py:104} INFO - [2021-09-30 07:34:43,585] {dagbag.py:451} INFO - Filling up the DagBag from /usr/local/lib/python3.6/dist-packages/airflow/example_dags/example_python_operator.py
[2021-09-30 07:34:43,594] {scheduler_job.py:639} INFO - DAG(s) dict_keys(['example_python_operator']) retrieved from /usr/local/lib/python3.6/dist-packages/airflow/example_dags/example_python_operator.py
[2021-09-30 07:34:43,611] {logging_mixin.py:104} INFO - [2021-09-30 07:34:43,611] {dag.py:1824} INFO - Sync 1 DAGs
[2021-09-30 07:34:43,622] {logging_mixin.py:104} INFO - [2021-09-30 07:34:43,622] {dag.py:2280} INFO - Setting next_dagrun for example_python_operator to None
[2021-09-30 07:34:43,629] {scheduler_job.py:190} INFO - Processing /usr/local/lib/python3.6/dist-packages/airflow/example_dags/example_python_operator.py took 0.049 seconds
[2021-09-30 07:36:11,514] {scheduler_job.py:182} INFO - Started process (PID=47) to work on /usr/local/lib/python3.6/dist-packages/airflow/example_dags/example_python_operator.py
[2021-09-30 07:36:11,515] {scheduler_job.py:629} INFO - Processing file /usr/local/lib/python3.6/dist-packages/airflow/example_dags/example_python_operator.py for tasks to queue
[2021-09-30 07:36:11,515] {logging_mixin.py:104} INFO - [2021-09-30 07:36:11,515] {dagbag.py:451} INFO - Filling up the DagBag from /usr/local/lib/python3.6/dist-packages/airflow/example_dags/example_python_operator.py
[2021-09-30 07:36:11,523] {scheduler_job.py:639} INFO - DAG(s) dict_keys(['example_python_operator']) retrieved from /usr/local/lib/python3.6/dist-packages/airflow/example_dags/example_python_operator.py
[2021-09-30 07:36:11,536] {logging_mixin.py:104} INFO - [2021-09-30 07:36:11,535] {dag.py:1824} INFO - Sync 1 DAGs
[2021-09-30 07:36:11,545] {logging_mixin.py:104} INFO - [2021-09-30 07:36:11,545] {dag.py:2280} INFO - Setting next_dagrun for example_python_operator to None
[2021-09-30 07:36:11,552] {scheduler_job.py:190} INFO - Processing /usr/local/lib/python3.6/dist-packages/airflow/example_dags/example_python_operator.py took 0.039 seconds
[2021-09-30 07:36:42,393] {scheduler_job.py:182} INFO - Started process (PID=187) to work on /usr/local/lib/python3.6/dist-packages/airflow/example_dags/example_python_operator.py
[2021-09-30 07:36:42,394] {scheduler_job.py:629} INFO - Processing file /usr/local/lib/python3.6/dist-packages/airflow/example_dags/example_python_operator.py for tasks to queue
[2021-09-30 07:36:42,394] {logging_mixin.py:104} INFO - [2021-09-30 07:36:42,394] {dagbag.py:451} INFO - Filling up the DagBag from /usr/local/lib/python3.6/dist-packages/airflow/example_dags/example_python_operator.py
[2021-09-30 07:36:42,403] {scheduler_job.py:639} INFO - DAG(s) dict_keys(['example_python_operator']) retrieved from /usr/local/lib/python3.6/dist-packages/airflow/example_dags/example_python_operator.py
[2021-09-30 07:36:42,420] {logging_mixin.py:104} INFO - [2021-09-30 07:36:42,420] {dag.py:1824} INFO - Sync 1 DAGs
[2021-09-30 07:36:42,434] {logging_mixin.py:104} INFO - [2021-09-30 07:36:42,434] {dag.py:2280} INFO - Setting next_dagrun for example_python_operator to None
[2021-09-30 07:36:42,444] {scheduler_job.py:190} INFO - Processing /usr/local/lib/python3.6/dist-packages/airflow/example_dags/example_python_operator.py took 0.053 seconds
[2021-09-30 07:37:29,293] {scheduler_job.py:182} INFO - Started process (PID=68) to work on /usr/local/lib/python3.6/dist-packages/airflow/example_dags/example_python_operator.py
[2021-09-30 07:37:29,293] {scheduler_job.py:629} INFO - Processing file /usr/local/lib/python3.6/dist-packages/airflow/example_dags/example_python_operator.py for tasks to queue
[2021-09-30 07:37:29,294] {logging_mixin.py:104} INFO - [2021-09-30 07:37:29,294] {dagbag.py:451} INFO - Filling up the DagBag from /usr/local/lib/python3.6/dist-packages/airflow/example_dags/example_python_operator.py
[2021-09-30 07:37:29,304] {scheduler_job.py:639} INFO - DAG(s) dict_keys(['example_python_operator']) retrieved from /usr/local/lib/python3.6/dist-packages/airflow/example_dags/example_python_operator.py
[2021-09-30 07:37:29,317] {logging_mixin.py:104} INFO - [2021-09-30 07:37:29,317] {dag.py:1824} INFO - Sync 1 DAGs
[2021-09-30 07:37:29,326] {logging_mixin.py:104} INFO - [2021-09-30 07:37:29,326] {dag.py:2280} INFO - Setting next_dagrun for example_python_operator to None
[2021-09-30 07:37:29,333] {scheduler_job.py:190} INFO - Processing /usr/local/lib/python3.6/dist-packages/airflow/example_dags/example_python_operator.py took 0.043 seconds
[2021-09-30 07:38:00,328] {scheduler_job.py:182} INFO - Started process (PID=203) to work on /usr/local/lib/python3.6/dist-packages/airflow/example_dags/example_python_operator.py
[2021-09-30 07:38:00,329] {scheduler_job.py:629} INFO - Processing file /usr/local/lib/python3.6/dist-packages/airflow/example_dags/example_python_operator.py for tasks to queue
[2021-09-30 07:38:00,329] {logging_mixin.py:104} INFO - [2021-09-30 07:38:00,329] {dagbag.py:451} INFO - Filling up the DagBag from /usr/local/lib/python3.6/dist-packages/airflow/example_dags/example_python_operator.py
[2021-09-30 07:38:00,335] {scheduler_job.py:639} INFO - DAG(s) dict_keys(['example_python_operator']) retrieved from /usr/local/lib/python3.6/dist-packages/airflow/example_dags/example_python_operator.py
[2021-09-30 07:38:00,346] {logging_mixin.py:104} INFO - [2021-09-30 07:38:00,346] {dag.py:1824} INFO - Sync 1 DAGs
[2021-09-30 07:38:00,353] {logging_mixin.py:104} INFO - [2021-09-30 07:38:00,353] {dag.py:2280} INFO - Setting next_dagrun for example_python_operator to None
[2021-09-30 07:38:00,358] {scheduler_job.py:190} INFO - Processing /usr/local/lib/python3.6/dist-packages/airflow/example_dags/example_python_operator.py took 0.031 seconds
[2021-09-30 07:38:31,008] {scheduler_job.py:182} INFO - Started process (PID=281) to work on /usr/local/lib/python3.6/dist-packages/airflow/example_dags/example_python_operator.py
[2021-09-30 07:38:31,009] {scheduler_job.py:629} INFO - Processing file /usr/local/lib/python3.6/dist-packages/airflow/example_dags/example_python_operator.py for tasks to queue
[2021-09-30 07:38:31,009] {logging_mixin.py:104} INFO - [2021-09-30 07:38:31,009] {dagbag.py:451} INFO - Filling up the DagBag from /usr/local/lib/python3.6/dist-packages/airflow/example_dags/example_python_operator.py
[2021-09-30 07:38:31,015] {scheduler_job.py:639} INFO - DAG(s) dict_keys(['example_python_operator']) retrieved from /usr/local/lib/python3.6/dist-packages/airflow/example_dags/example_python_operator.py
[2021-09-30 07:38:31,027] {logging_mixin.py:104} INFO - [2021-09-30 07:38:31,026] {dag.py:1824} INFO - Sync 1 DAGs
[2021-09-30 07:38:31,034] {logging_mixin.py:104} INFO - [2021-09-30 07:38:31,034] {dag.py:2280} INFO - Setting next_dagrun for example_python_operator to None
[2021-09-30 07:38:31,039] {scheduler_job.py:190} INFO - Processing /usr/local/lib/python3.6/dist-packages/airflow/example_dags/example_python_operator.py took 0.033 seconds
[2021-09-30 07:39:01,671] {scheduler_job.py:182} INFO - Started process (PID=355) to work on /usr/local/lib/python3.6/dist-packages/airflow/example_dags/example_python_operator.py
[2021-09-30 07:39:01,672] {scheduler_job.py:629} INFO - Processing file /usr/local/lib/python3.6/dist-packages/airflow/example_dags/example_python_operator.py for tasks to queue
[2021-09-30 07:39:01,672] {logging_mixin.py:104} INFO - [2021-09-30 07:39:01,672] {dagbag.py:451} INFO - Filling up the DagBag from /usr/local/lib/python3.6/dist-packages/airflow/example_dags/example_python_operator.py
[2021-09-30 07:39:01,680] {scheduler_job.py:639} INFO - DAG(s) dict_keys(['example_python_operator']) retrieved from /usr/local/lib/python3.6/dist-packages/airflow/example_dags/example_python_operator.py
[2021-09-30 07:39:01,698] {logging_mixin.py:104} INFO - [2021-09-30 07:39:01,698] {dag.py:1824} INFO - Sync 1 DAGs
[2021-09-30 07:39:01,709] {logging_mixin.py:104} INFO - [2021-09-30 07:39:01,708] {dag.py:2280} INFO - Setting next_dagrun for example_python_operator to None
[2021-09-30 07:39:01,714] {scheduler_job.py:190} INFO - Processing /usr/local/lib/python3.6/dist-packages/airflow/example_dags/example_python_operator.py took 0.045 seconds
[2021-09-30 07:39:32,389] {scheduler_job.py:182} INFO - Started process (PID=439) to work on /usr/local/lib/python3.6/dist-packages/airflow/example_dags/example_python_operator.py
[2021-09-30 07:39:32,389] {scheduler_job.py:629} INFO - Processing file /usr/local/lib/python3.6/dist-packages/airflow/example_dags/example_python_operator.py for tasks to queue
[2021-09-30 07:39:32,390] {logging_mixin.py:104} INFO - [2021-09-30 07:39:32,389] {dagbag.py:451} INFO - Filling up the DagBag from /usr/local/lib/python3.6/dist-packages/airflow/example_dags/example_python_operator.py
[2021-09-30 07:39:32,396] {scheduler_job.py:639} INFO - DAG(s) dict_keys(['example_python_operator']) retrieved from /usr/local/lib/python3.6/dist-packages/airflow/example_dags/example_python_operator.py
[2021-09-30 07:39:32,407] {logging_mixin.py:104} INFO - [2021-09-30 07:39:32,407] {dag.py:1824} INFO - Sync 1 DAGs
[2021-09-30 07:39:32,416] {logging_mixin.py:104} INFO - [2021-09-30 07:39:32,415] {dag.py:2280} INFO - Setting next_dagrun for example_python_operator to None
[2021-09-30 07:39:32,421] {scheduler_job.py:190} INFO - Processing /usr/local/lib/python3.6/dist-packages/airflow/example_dags/example_python_operator.py took 0.034 seconds
[2021-09-30 07:40:02,646] {scheduler_job.py:182} INFO - Started process (PID=513) to work on /usr/local/lib/python3.6/dist-packages/airflow/example_dags/example_python_operator.py
[2021-09-30 07:40:02,647] {scheduler_job.py:629} INFO - Processing file /usr/local/lib/python3.6/dist-packages/airflow/example_dags/example_python_operator.py for tasks to queue
[2021-09-30 07:40:02,647] {logging_mixin.py:104} INFO - [2021-09-30 07:40:02,647] {dagbag.py:451} INFO - Filling up the DagBag from /usr/local/lib/python3.6/dist-packages/airflow/example_dags/example_python_operator.py
[2021-09-30 07:40:02,655] {scheduler_job.py:639} INFO - DAG(s) dict_keys(['example_python_operator']) retrieved from /usr/local/lib/python3.6/dist-packages/airflow/example_dags/example_python_operator.py
[2021-09-30 07:40:02,668] {logging_mixin.py:104} INFO - [2021-09-30 07:40:02,668] {dag.py:1824} INFO - Sync 1 DAGs
[2021-09-30 07:40:02,678] {logging_mixin.py:104} INFO - [2021-09-30 07:40:02,678] {dag.py:2280} INFO - Setting next_dagrun for example_python_operator to None
[2021-09-30 07:40:02,684] {scheduler_job.py:190} INFO - Processing /usr/local/lib/python3.6/dist-packages/airflow/example_dags/example_python_operator.py took 0.039 seconds
[2021-09-30 07:40:33,305] {scheduler_job.py:182} INFO - Started process (PID=588) to work on /usr/local/lib/python3.6/dist-packages/airflow/example_dags/example_python_operator.py
[2021-09-30 07:40:33,306] {scheduler_job.py:629} INFO - Processing file /usr/local/lib/python3.6/dist-packages/airflow/example_dags/example_python_operator.py for tasks to queue
[2021-09-30 07:40:33,306] {logging_mixin.py:104} INFO - [2021-09-30 07:40:33,306] {dagbag.py:451} INFO - Filling up the DagBag from /usr/local/lib/python3.6/dist-packages/airflow/example_dags/example_python_operator.py
[2021-09-30 07:40:33,314] {scheduler_job.py:639} INFO - DAG(s) dict_keys(['example_python_operator']) retrieved from /usr/local/lib/python3.6/dist-packages/airflow/example_dags/example_python_operator.py
[2021-09-30 07:40:33,330] {logging_mixin.py:104} INFO - [2021-09-30 07:40:33,329] {dag.py:1824} INFO - Sync 1 DAGs
[2021-09-30 07:40:33,341] {logging_mixin.py:104} INFO - [2021-09-30 07:40:33,341] {dag.py:2280} INFO - Setting next_dagrun for example_python_operator to None
[2021-09-30 07:40:33,347] {scheduler_job.py:190} INFO - Processing /usr/local/lib/python3.6/dist-packages/airflow/example_dags/example_python_operator.py took 0.043 seconds
[2021-09-30 07:41:04,014] {scheduler_job.py:182} INFO - Started process (PID=663) to work on /usr/local/lib/python3.6/dist-packages/airflow/example_dags/example_python_operator.py
[2021-09-30 07:41:04,015] {scheduler_job.py:629} INFO - Processing file /usr/local/lib/python3.6/dist-packages/airflow/example_dags/example_python_operator.py for tasks to queue
[2021-09-30 07:41:04,015] {logging_mixin.py:104} INFO - [2021-09-30 07:41:04,015] {dagbag.py:451} INFO - Filling up the DagBag from /usr/local/lib/python3.6/dist-packages/airflow/example_dags/example_python_operator.py
[2021-09-30 07:41:04,022] {scheduler_job.py:639} INFO - DAG(s) dict_keys(['example_python_operator']) retrieved from /usr/local/lib/python3.6/dist-packages/airflow/example_dags/example_python_operator.py
[2021-09-30 07:41:04,034] {logging_mixin.py:104} INFO - [2021-09-30 07:41:04,033] {dag.py:1824} INFO - Sync 1 DAGs
[2021-09-30 07:41:04,042] {logging_mixin.py:104} INFO - [2021-09-30 07:41:04,042] {dag.py:2280} INFO - Setting next_dagrun for example_python_operator to None
[2021-09-30 07:41:04,047] {scheduler_job.py:190} INFO - Processing /usr/local/lib/python3.6/dist-packages/airflow/example_dags/example_python_operator.py took 0.035 seconds
[2021-09-30 07:41:34,722] {scheduler_job.py:182} INFO - Started process (PID=737) to work on /usr/local/lib/python3.6/dist-packages/airflow/example_dags/example_python_operator.py
[2021-09-30 07:41:34,722] {scheduler_job.py:629} INFO - Processing file /usr/local/lib/python3.6/dist-packages/airflow/example_dags/example_python_operator.py for tasks to queue
[2021-09-30 07:41:34,723] {logging_mixin.py:104} INFO - [2021-09-30 07:41:34,723] {dagbag.py:451} INFO - Filling up the DagBag from /usr/local/lib/python3.6/dist-packages/airflow/example_dags/example_python_operator.py
[2021-09-30 07:41:34,730] {scheduler_job.py:639} INFO - DAG(s) dict_keys(['example_python_operator']) retrieved from /usr/local/lib/python3.6/dist-packages/airflow/example_dags/example_python_operator.py
[2021-09-30 07:41:34,741] {logging_mixin.py:104} INFO - [2021-09-30 07:41:34,741] {dag.py:1824} INFO - Sync 1 DAGs
[2021-09-30 07:41:34,750] {logging_mixin.py:104} INFO - [2021-09-30 07:41:34,750] {dag.py:2280} INFO - Setting next_dagrun for example_python_operator to None
[2021-09-30 07:41:34,755] {scheduler_job.py:190} INFO - Processing /usr/local/lib/python3.6/dist-packages/airflow/example_dags/example_python_operator.py took 0.035 seconds
[2021-09-30 07:42:05,443] {scheduler_job.py:182} INFO - Started process (PID=814) to work on /usr/local/lib/python3.6/dist-packages/airflow/example_dags/example_python_operator.py
[2021-09-30 07:42:05,444] {scheduler_job.py:629} INFO - Processing file /usr/local/lib/python3.6/dist-packages/airflow/example_dags/example_python_operator.py for tasks to queue
[2021-09-30 07:42:05,444] {logging_mixin.py:104} INFO - [2021-09-30 07:42:05,444] {dagbag.py:451} INFO - Filling up the DagBag from /usr/local/lib/python3.6/dist-packages/airflow/example_dags/example_python_operator.py
[2021-09-30 07:42:05,452] {scheduler_job.py:639} INFO - DAG(s) dict_keys(['example_python_operator']) retrieved from /usr/local/lib/python3.6/dist-packages/airflow/example_dags/example_python_operator.py
[2021-09-30 07:42:05,466] {logging_mixin.py:104} INFO - [2021-09-30 07:42:05,465] {dag.py:1824} INFO - Sync 1 DAGs
[2021-09-30 07:42:05,476] {logging_mixin.py:104} INFO - [2021-09-30 07:42:05,476] {dag.py:2280} INFO - Setting next_dagrun for example_python_operator to None
[2021-09-30 07:42:05,484] {scheduler_job.py:190} INFO - Processing /usr/local/lib/python3.6/dist-packages/airflow/example_dags/example_python_operator.py took 0.042 seconds
[2021-09-30 07:42:36,445] {scheduler_job.py:182} INFO - Started process (PID=895) to work on /usr/local/lib/python3.6/dist-packages/airflow/example_dags/example_python_operator.py
[2021-09-30 07:42:36,447] {scheduler_job.py:629} INFO - Processing file /usr/local/lib/python3.6/dist-packages/airflow/example_dags/example_python_operator.py for tasks to queue
[2021-09-30 07:42:36,447] {logging_mixin.py:104} INFO - [2021-09-30 07:42:36,447] {dagbag.py:451} INFO - Filling up the DagBag from /usr/local/lib/python3.6/dist-packages/airflow/example_dags/example_python_operator.py
[2021-09-30 07:42:36,456] {scheduler_job.py:639} INFO - DAG(s) dict_keys(['example_python_operator']) retrieved from /usr/local/lib/python3.6/dist-packages/airflow/example_dags/example_python_operator.py
[2021-09-30 07:42:36,473] {logging_mixin.py:104} INFO - [2021-09-30 07:42:36,473] {dag.py:1824} INFO - Sync 1 DAGs
[2021-09-30 07:42:36,485] {logging_mixin.py:104} INFO - [2021-09-30 07:42:36,485] {dag.py:2280} INFO - Setting next_dagrun for example_python_operator to None
[2021-09-30 07:42:36,492] {scheduler_job.py:190} INFO - Processing /usr/local/lib/python3.6/dist-packages/airflow/example_dags/example_python_operator.py took 0.050 seconds
[2021-09-30 07:43:06,665] {scheduler_job.py:182} INFO - Started process (PID=968) to work on /usr/local/lib/python3.6/dist-packages/airflow/example_dags/example_python_operator.py
[2021-09-30 07:43:06,666] {scheduler_job.py:629} INFO - Processing file /usr/local/lib/python3.6/dist-packages/airflow/example_dags/example_python_operator.py for tasks to queue
[2021-09-30 07:43:06,666] {logging_mixin.py:104} INFO - [2021-09-30 07:43:06,666] {dagbag.py:451} INFO - Filling up the DagBag from /usr/local/lib/python3.6/dist-packages/airflow/example_dags/example_python_operator.py
[2021-09-30 07:43:06,678] {scheduler_job.py:639} INFO - DAG(s) dict_keys(['example_python_operator']) retrieved from /usr/local/lib/python3.6/dist-packages/airflow/example_dags/example_python_operator.py
[2021-09-30 07:43:06,696] {logging_mixin.py:104} INFO - [2021-09-30 07:43:06,696] {dag.py:1824} INFO - Sync 1 DAGs
[2021-09-30 07:43:06,710] {logging_mixin.py:104} INFO - [2021-09-30 07:43:06,710] {dag.py:2280} INFO - Setting next_dagrun for example_python_operator to None
[2021-09-30 07:43:06,718] {scheduler_job.py:190} INFO - Processing /usr/local/lib/python3.6/dist-packages/airflow/example_dags/example_python_operator.py took 0.056 seconds
[2021-09-30 07:43:50,618] {scheduler_job.py:182} INFO - Started process (PID=75) to work on /usr/local/lib/python3.6/dist-packages/airflow/example_dags/example_python_operator.py
[2021-09-30 07:43:50,620] {scheduler_job.py:629} INFO - Processing file /usr/local/lib/python3.6/dist-packages/airflow/example_dags/example_python_operator.py for tasks to queue
[2021-09-30 07:43:50,621] {logging_mixin.py:104} INFO - [2021-09-30 07:43:50,621] {dagbag.py:451} INFO - Filling up the DagBag from /usr/local/lib/python3.6/dist-packages/airflow/example_dags/example_python_operator.py
[2021-09-30 07:43:50,640] {scheduler_job.py:639} INFO - DAG(s) dict_keys(['example_python_operator']) retrieved from /usr/local/lib/python3.6/dist-packages/airflow/example_dags/example_python_operator.py
[2021-09-30 07:43:50,671] {logging_mixin.py:104} INFO - [2021-09-30 07:43:50,670] {dag.py:1824} INFO - Sync 1 DAGs
[2021-09-30 07:43:50,695] {logging_mixin.py:104} INFO - [2021-09-30 07:43:50,695] {dag.py:2280} INFO - Setting next_dagrun for example_python_operator to None
[2021-09-30 07:43:50,714] {scheduler_job.py:190} INFO - Processing /usr/local/lib/python3.6/dist-packages/airflow/example_dags/example_python_operator.py took 0.101 seconds
[2021-09-30 07:44:21,268] {scheduler_job.py:182} INFO - Started process (PID=202) to work on /usr/local/lib/python3.6/dist-packages/airflow/example_dags/example_python_operator.py
[2021-09-30 07:44:21,269] {scheduler_job.py:629} INFO - Processing file /usr/local/lib/python3.6/dist-packages/airflow/example_dags/example_python_operator.py for tasks to queue
[2021-09-30 07:44:21,269] {logging_mixin.py:104} INFO - [2021-09-30 07:44:21,269] {dagbag.py:451} INFO - Filling up the DagBag from /usr/local/lib/python3.6/dist-packages/airflow/example_dags/example_python_operator.py
[2021-09-30 07:44:21,277] {scheduler_job.py:639} INFO - DAG(s) dict_keys(['example_python_operator']) retrieved from /usr/local/lib/python3.6/dist-packages/airflow/example_dags/example_python_operator.py
[2021-09-30 07:44:21,291] {logging_mixin.py:104} INFO - [2021-09-30 07:44:21,291] {dag.py:1824} INFO - Sync 1 DAGs
[2021-09-30 07:44:21,302] {logging_mixin.py:104} INFO - [2021-09-30 07:44:21,302] {dag.py:2280} INFO - Setting next_dagrun for example_python_operator to None
[2021-09-30 07:44:21,310] {scheduler_job.py:190} INFO - Processing /usr/local/lib/python3.6/dist-packages/airflow/example_dags/example_python_operator.py took 0.043 seconds
[2021-09-30 07:44:52,186] {scheduler_job.py:182} INFO - Started process (PID=277) to work on /usr/local/lib/python3.6/dist-packages/airflow/example_dags/example_python_operator.py
[2021-09-30 07:44:52,186] {scheduler_job.py:629} INFO - Processing file /usr/local/lib/python3.6/dist-packages/airflow/example_dags/example_python_operator.py for tasks to queue
[2021-09-30 07:44:52,187] {logging_mixin.py:104} INFO - [2021-09-30 07:44:52,187] {dagbag.py:451} INFO - Filling up the DagBag from /usr/local/lib/python3.6/dist-packages/airflow/example_dags/example_python_operator.py
[2021-09-30 07:44:52,197] {scheduler_job.py:639} INFO - DAG(s) dict_keys(['example_python_operator']) retrieved from /usr/local/lib/python3.6/dist-packages/airflow/example_dags/example_python_operator.py
[2021-09-30 07:44:52,216] {logging_mixin.py:104} INFO - [2021-09-30 07:44:52,216] {dag.py:1824} INFO - Sync 1 DAGs
[2021-09-30 07:44:52,230] {logging_mixin.py:104} INFO - [2021-09-30 07:44:52,230] {dag.py:2280} INFO - Setting next_dagrun for example_python_operator to None
[2021-09-30 07:44:52,239] {scheduler_job.py:190} INFO - Processing /usr/local/lib/python3.6/dist-packages/airflow/example_dags/example_python_operator.py took 0.056 seconds
[2021-09-30 07:45:22,583] {scheduler_job.py:182} INFO - Started process (PID=355) to work on /usr/local/lib/python3.6/dist-packages/airflow/example_dags/example_python_operator.py
[2021-09-30 07:45:22,584] {scheduler_job.py:629} INFO - Processing file /usr/local/lib/python3.6/dist-packages/airflow/example_dags/example_python_operator.py for tasks to queue
[2021-09-30 07:45:22,584] {logging_mixin.py:104} INFO - [2021-09-30 07:45:22,584] {dagbag.py:451} INFO - Filling up the DagBag from /usr/local/lib/python3.6/dist-packages/airflow/example_dags/example_python_operator.py
[2021-09-30 07:45:22,593] {scheduler_job.py:639} INFO - DAG(s) dict_keys(['example_python_operator']) retrieved from /usr/local/lib/python3.6/dist-packages/airflow/example_dags/example_python_operator.py
[2021-09-30 07:45:22,610] {logging_mixin.py:104} INFO - [2021-09-30 07:45:22,610] {dag.py:1824} INFO - Sync 1 DAGs
[2021-09-30 07:45:22,622] {logging_mixin.py:104} INFO - [2021-09-30 07:45:22,622] {dag.py:2280} INFO - Setting next_dagrun for example_python_operator to None
[2021-09-30 07:45:22,629] {scheduler_job.py:190} INFO - Processing /usr/local/lib/python3.6/dist-packages/airflow/example_dags/example_python_operator.py took 0.049 seconds
[2021-09-30 07:45:53,163] {scheduler_job.py:182} INFO - Started process (PID=429) to work on /usr/local/lib/python3.6/dist-packages/airflow/example_dags/example_python_operator.py
[2021-09-30 07:45:53,163] {scheduler_job.py:629} INFO - Processing file /usr/local/lib/python3.6/dist-packages/airflow/example_dags/example_python_operator.py for tasks to queue
[2021-09-30 07:45:53,164] {logging_mixin.py:104} INFO - [2021-09-30 07:45:53,164] {dagbag.py:451} INFO - Filling up the DagBag from /usr/local/lib/python3.6/dist-packages/airflow/example_dags/example_python_operator.py
[2021-09-30 07:45:53,173] {scheduler_job.py:639} INFO - DAG(s) dict_keys(['example_python_operator']) retrieved from /usr/local/lib/python3.6/dist-packages/airflow/example_dags/example_python_operator.py
[2021-09-30 07:45:53,187] {logging_mixin.py:104} INFO - [2021-09-30 07:45:53,187] {dag.py:1824} INFO - Sync 1 DAGs
[2021-09-30 07:45:53,199] {logging_mixin.py:104} INFO - [2021-09-30 07:45:53,199] {dag.py:2280} INFO - Setting next_dagrun for example_python_operator to None
[2021-09-30 07:45:53,206] {scheduler_job.py:190} INFO - Processing /usr/local/lib/python3.6/dist-packages/airflow/example_dags/example_python_operator.py took 0.045 seconds
[2021-09-30 07:46:23,496] {scheduler_job.py:182} INFO - Started process (PID=512) to work on /usr/local/lib/python3.6/dist-packages/airflow/example_dags/example_python_operator.py
[2021-09-30 07:46:23,497] {scheduler_job.py:629} INFO - Processing file /usr/local/lib/python3.6/dist-packages/airflow/example_dags/example_python_operator.py for tasks to queue
[2021-09-30 07:46:23,497] {logging_mixin.py:104} INFO - [2021-09-30 07:46:23,497] {dagbag.py:451} INFO - Filling up the DagBag from /usr/local/lib/python3.6/dist-packages/airflow/example_dags/example_python_operator.py
[2021-09-30 07:46:23,507] {scheduler_job.py:639} INFO - DAG(s) dict_keys(['example_python_operator']) retrieved from /usr/local/lib/python3.6/dist-packages/airflow/example_dags/example_python_operator.py
[2021-09-30 07:46:23,522] {logging_mixin.py:104} INFO - [2021-09-30 07:46:23,522] {dag.py:1824} INFO - Sync 1 DAGs
[2021-09-30 07:46:23,535] {logging_mixin.py:104} INFO - [2021-09-30 07:46:23,535] {dag.py:2280} INFO - Setting next_dagrun for example_python_operator to None
[2021-09-30 07:46:23,544] {scheduler_job.py:190} INFO - Processing /usr/local/lib/python3.6/dist-packages/airflow/example_dags/example_python_operator.py took 0.050 seconds
[2021-09-30 07:46:53,721] {scheduler_job.py:182} INFO - Started process (PID=588) to work on /usr/local/lib/python3.6/dist-packages/airflow/example_dags/example_python_operator.py
[2021-09-30 07:46:53,721] {scheduler_job.py:629} INFO - Processing file /usr/local/lib/python3.6/dist-packages/airflow/example_dags/example_python_operator.py for tasks to queue
[2021-09-30 07:46:53,722] {logging_mixin.py:104} INFO - [2021-09-30 07:46:53,722] {dagbag.py:451} INFO - Filling up the DagBag from /usr/local/lib/python3.6/dist-packages/airflow/example_dags/example_python_operator.py
[2021-09-30 07:46:53,730] {scheduler_job.py:639} INFO - DAG(s) dict_keys(['example_python_operator']) retrieved from /usr/local/lib/python3.6/dist-packages/airflow/example_dags/example_python_operator.py
[2021-09-30 07:46:53,745] {logging_mixin.py:104} INFO - [2021-09-30 07:46:53,745] {dag.py:1824} INFO - Sync 1 DAGs
[2021-09-30 07:46:53,756] {logging_mixin.py:104} INFO - [2021-09-30 07:46:53,756] {dag.py:2280} INFO - Setting next_dagrun for example_python_operator to None
[2021-09-30 07:46:53,765] {scheduler_job.py:190} INFO - Processing /usr/local/lib/python3.6/dist-packages/airflow/example_dags/example_python_operator.py took 0.046 seconds
[2021-09-30 07:47:24,200] {scheduler_job.py:182} INFO - Started process (PID=663) to work on /usr/local/lib/python3.6/dist-packages/airflow/example_dags/example_python_operator.py
[2021-09-30 07:47:24,201] {scheduler_job.py:629} INFO - Processing file /usr/local/lib/python3.6/dist-packages/airflow/example_dags/example_python_operator.py for tasks to queue
[2021-09-30 07:47:24,201] {logging_mixin.py:104} INFO - [2021-09-30 07:47:24,201] {dagbag.py:451} INFO - Filling up the DagBag from /usr/local/lib/python3.6/dist-packages/airflow/example_dags/example_python_operator.py
[2021-09-30 07:47:24,210] {scheduler_job.py:639} INFO - DAG(s) dict_keys(['example_python_operator']) retrieved from /usr/local/lib/python3.6/dist-packages/airflow/example_dags/example_python_operator.py
[2021-09-30 07:47:24,225] {logging_mixin.py:104} INFO - [2021-09-30 07:47:24,225] {dag.py:1824} INFO - Sync 1 DAGs
[2021-09-30 07:47:24,238] {logging_mixin.py:104} INFO - [2021-09-30 07:47:24,238] {dag.py:2280} INFO - Setting next_dagrun for example_python_operator to None
[2021-09-30 07:47:24,245] {scheduler_job.py:190} INFO - Processing /usr/local/lib/python3.6/dist-packages/airflow/example_dags/example_python_operator.py took 0.048 seconds
[2021-09-30 07:47:54,330] {scheduler_job.py:182} INFO - Started process (PID=738) to work on /usr/local/lib/python3.6/dist-packages/airflow/example_dags/example_python_operator.py
[2021-09-30 07:47:54,331] {scheduler_job.py:629} INFO - Processing file /usr/local/lib/python3.6/dist-packages/airflow/example_dags/example_python_operator.py for tasks to queue
[2021-09-30 07:47:54,331] {logging_mixin.py:104} INFO - [2021-09-30 07:47:54,331] {dagbag.py:451} INFO - Filling up the DagBag from /usr/local/lib/python3.6/dist-packages/airflow/example_dags/example_python_operator.py
[2021-09-30 07:47:54,340] {scheduler_job.py:639} INFO - DAG(s) dict_keys(['example_python_operator']) retrieved from /usr/local/lib/python3.6/dist-packages/airflow/example_dags/example_python_operator.py
[2021-09-30 07:47:54,357] {logging_mixin.py:104} INFO - [2021-09-30 07:47:54,357] {dag.py:1824} INFO - Sync 1 DAGs
[2021-09-30 07:47:54,368] {logging_mixin.py:104} INFO - [2021-09-30 07:47:54,368] {dag.py:2280} INFO - Setting next_dagrun for example_python_operator to None
[2021-09-30 07:47:54,376] {scheduler_job.py:190} INFO - Processing /usr/local/lib/python3.6/dist-packages/airflow/example_dags/example_python_operator.py took 0.048 seconds
[2021-09-30 07:48:24,561] {scheduler_job.py:182} INFO - Started process (PID=811) to work on /usr/local/lib/python3.6/dist-packages/airflow/example_dags/example_python_operator.py
[2021-09-30 07:48:24,562] {scheduler_job.py:629} INFO - Processing file /usr/local/lib/python3.6/dist-packages/airflow/example_dags/example_python_operator.py for tasks to queue
[2021-09-30 07:48:24,562] {logging_mixin.py:104} INFO - [2021-09-30 07:48:24,562] {dagbag.py:451} INFO - Filling up the DagBag from /usr/local/lib/python3.6/dist-packages/airflow/example_dags/example_python_operator.py
[2021-09-30 07:48:24,571] {scheduler_job.py:639} INFO - DAG(s) dict_keys(['example_python_operator']) retrieved from /usr/local/lib/python3.6/dist-packages/airflow/example_dags/example_python_operator.py
[2021-09-30 07:48:24,587] {logging_mixin.py:104} INFO - [2021-09-30 07:48:24,587] {dag.py:1824} INFO - Sync 1 DAGs
[2021-09-30 07:48:24,598] {logging_mixin.py:104} INFO - [2021-09-30 07:48:24,598] {dag.py:2280} INFO - Setting next_dagrun for example_python_operator to None
[2021-09-30 07:48:24,605] {scheduler_job.py:190} INFO - Processing /usr/local/lib/python3.6/dist-packages/airflow/example_dags/example_python_operator.py took 0.047 seconds
[2021-09-30 07:48:54,711] {scheduler_job.py:182} INFO - Started process (PID=887) to work on /usr/local/lib/python3.6/dist-packages/airflow/example_dags/example_python_operator.py
[2021-09-30 07:48:54,712] {scheduler_job.py:629} INFO - Processing file /usr/local/lib/python3.6/dist-packages/airflow/example_dags/example_python_operator.py for tasks to queue
[2021-09-30 07:48:54,712] {logging_mixin.py:104} INFO - [2021-09-30 07:48:54,712] {dagbag.py:451} INFO - Filling up the DagBag from /usr/local/lib/python3.6/dist-packages/airflow/example_dags/example_python_operator.py
[2021-09-30 07:48:54,721] {scheduler_job.py:639} INFO - DAG(s) dict_keys(['example_python_operator']) retrieved from /usr/local/lib/python3.6/dist-packages/airflow/example_dags/example_python_operator.py
[2021-09-30 07:48:54,741] {logging_mixin.py:104} INFO - [2021-09-30 07:48:54,741] {dag.py:1824} INFO - Sync 1 DAGs
[2021-09-30 07:48:54,752] {logging_mixin.py:104} INFO - [2021-09-30 07:48:54,752] {dag.py:2280} INFO - Setting next_dagrun for example_python_operator to None
[2021-09-30 07:48:54,761] {scheduler_job.py:190} INFO - Processing /usr/local/lib/python3.6/dist-packages/airflow/example_dags/example_python_operator.py took 0.052 seconds
[2021-09-30 07:49:24,975] {scheduler_job.py:182} INFO - Started process (PID=961) to work on /usr/local/lib/python3.6/dist-packages/airflow/example_dags/example_python_operator.py
[2021-09-30 07:49:24,976] {scheduler_job.py:629} INFO - Processing file /usr/local/lib/python3.6/dist-packages/airflow/example_dags/example_python_operator.py for tasks to queue
[2021-09-30 07:49:24,976] {logging_mixin.py:104} INFO - [2021-09-30 07:49:24,976] {dagbag.py:451} INFO - Filling up the DagBag from /usr/local/lib/python3.6/dist-packages/airflow/example_dags/example_python_operator.py
[2021-09-30 07:49:24,985] {scheduler_job.py:639} INFO - DAG(s) dict_keys(['example_python_operator']) retrieved from /usr/local/lib/python3.6/dist-packages/airflow/example_dags/example_python_operator.py
[2021-09-30 07:49:25,002] {logging_mixin.py:104} INFO - [2021-09-30 07:49:25,002] {dag.py:1824} INFO - Sync 1 DAGs
[2021-09-30 07:49:25,016] {logging_mixin.py:104} INFO - [2021-09-30 07:49:25,016] {dag.py:2280} INFO - Setting next_dagrun for example_python_operator to None
[2021-09-30 07:49:25,024] {scheduler_job.py:190} INFO - Processing /usr/local/lib/python3.6/dist-packages/airflow/example_dags/example_python_operator.py took 0.051 seconds
[2021-09-30 07:49:55,231] {scheduler_job.py:182} INFO - Started process (PID=1035) to work on /usr/local/lib/python3.6/dist-packages/airflow/example_dags/example_python_operator.py
[2021-09-30 07:49:55,232] {scheduler_job.py:629} INFO - Processing file /usr/local/lib/python3.6/dist-packages/airflow/example_dags/example_python_operator.py for tasks to queue
[2021-09-30 07:49:55,232] {logging_mixin.py:104} INFO - [2021-09-30 07:49:55,232] {dagbag.py:451} INFO - Filling up the DagBag from /usr/local/lib/python3.6/dist-packages/airflow/example_dags/example_python_operator.py
[2021-09-30 07:49:55,241] {scheduler_job.py:639} INFO - DAG(s) dict_keys(['example_python_operator']) retrieved from /usr/local/lib/python3.6/dist-packages/airflow/example_dags/example_python_operator.py
[2021-09-30 07:49:55,255] {logging_mixin.py:104} INFO - [2021-09-30 07:49:55,255] {dag.py:1824} INFO - Sync 1 DAGs
[2021-09-30 07:49:55,266] {logging_mixin.py:104} INFO - [2021-09-30 07:49:55,266] {dag.py:2280} INFO - Setting next_dagrun for example_python_operator to None
[2021-09-30 07:49:55,273] {scheduler_job.py:190} INFO - Processing /usr/local/lib/python3.6/dist-packages/airflow/example_dags/example_python_operator.py took 0.044 seconds
[2021-09-30 07:50:25,442] {scheduler_job.py:182} INFO - Started process (PID=1110) to work on /usr/local/lib/python3.6/dist-packages/airflow/example_dags/example_python_operator.py
[2021-09-30 07:50:25,442] {scheduler_job.py:629} INFO - Processing file /usr/local/lib/python3.6/dist-packages/airflow/example_dags/example_python_operator.py for tasks to queue
[2021-09-30 07:50:25,443] {logging_mixin.py:104} INFO - [2021-09-30 07:50:25,443] {dagbag.py:451} INFO - Filling up the DagBag from /usr/local/lib/python3.6/dist-packages/airflow/example_dags/example_python_operator.py
[2021-09-30 07:50:25,451] {scheduler_job.py:639} INFO - DAG(s) dict_keys(['example_python_operator']) retrieved from /usr/local/lib/python3.6/dist-packages/airflow/example_dags/example_python_operator.py
[2021-09-30 07:50:25,466] {logging_mixin.py:104} INFO - [2021-09-30 07:50:25,466] {dag.py:1824} INFO - Sync 1 DAGs
[2021-09-30 07:50:25,478] {logging_mixin.py:104} INFO - [2021-09-30 07:50:25,478] {dag.py:2280} INFO - Setting next_dagrun for example_python_operator to None
[2021-09-30 07:50:25,486] {scheduler_job.py:190} INFO - Processing /usr/local/lib/python3.6/dist-packages/airflow/example_dags/example_python_operator.py took 0.047 seconds
[2021-09-30 07:50:55,584] {scheduler_job.py:182} INFO - Started process (PID=1184) to work on /usr/local/lib/python3.6/dist-packages/airflow/example_dags/example_python_operator.py
[2021-09-30 07:50:55,585] {scheduler_job.py:629} INFO - Processing file /usr/local/lib/python3.6/dist-packages/airflow/example_dags/example_python_operator.py for tasks to queue
[2021-09-30 07:50:55,586] {logging_mixin.py:104} INFO - [2021-09-30 07:50:55,586] {dagbag.py:451} INFO - Filling up the DagBag from /usr/local/lib/python3.6/dist-packages/airflow/example_dags/example_python_operator.py
[2021-09-30 07:50:55,594] {scheduler_job.py:639} INFO - DAG(s) dict_keys(['example_python_operator']) retrieved from /usr/local/lib/python3.6/dist-packages/airflow/example_dags/example_python_operator.py
[2021-09-30 07:50:55,613] {logging_mixin.py:104} INFO - [2021-09-30 07:50:55,613] {dag.py:1824} INFO - Sync 1 DAGs
[2021-09-30 07:50:55,626] {logging_mixin.py:104} INFO - [2021-09-30 07:50:55,626] {dag.py:2280} INFO - Setting next_dagrun for example_python_operator to None
[2021-09-30 07:50:55,633] {scheduler_job.py:190} INFO - Processing /usr/local/lib/python3.6/dist-packages/airflow/example_dags/example_python_operator.py took 0.051 seconds
[2021-09-30 07:51:25,862] {scheduler_job.py:182} INFO - Started process (PID=1258) to work on /usr/local/lib/python3.6/dist-packages/airflow/example_dags/example_python_operator.py
[2021-09-30 07:51:25,863] {scheduler_job.py:629} INFO - Processing file /usr/local/lib/python3.6/dist-packages/airflow/example_dags/example_python_operator.py for tasks to queue
[2021-09-30 07:51:25,864] {logging_mixin.py:104} INFO - [2021-09-30 07:51:25,864] {dagbag.py:451} INFO - Filling up the DagBag from /usr/local/lib/python3.6/dist-packages/airflow/example_dags/example_python_operator.py
[2021-09-30 07:51:25,878] {scheduler_job.py:639} INFO - DAG(s) dict_keys(['example_python_operator']) retrieved from /usr/local/lib/python3.6/dist-packages/airflow/example_dags/example_python_operator.py
[2021-09-30 07:51:25,896] {logging_mixin.py:104} INFO - [2021-09-30 07:51:25,896] {dag.py:1824} INFO - Sync 1 DAGs
[2021-09-30 07:51:25,909] {logging_mixin.py:104} INFO - [2021-09-30 07:51:25,909] {dag.py:2280} INFO - Setting next_dagrun for example_python_operator to None
[2021-09-30 07:51:25,919] {scheduler_job.py:190} INFO - Processing /usr/local/lib/python3.6/dist-packages/airflow/example_dags/example_python_operator.py took 0.060 seconds
[2021-09-30 07:51:55,940] {scheduler_job.py:182} INFO - Started process (PID=1337) to work on /usr/local/lib/python3.6/dist-packages/airflow/example_dags/example_python_operator.py
[2021-09-30 07:51:55,941] {scheduler_job.py:629} INFO - Processing file /usr/local/lib/python3.6/dist-packages/airflow/example_dags/example_python_operator.py for tasks to queue
[2021-09-30 07:51:55,942] {logging_mixin.py:104} INFO - [2021-09-30 07:51:55,942] {dagbag.py:451} INFO - Filling up the DagBag from /usr/local/lib/python3.6/dist-packages/airflow/example_dags/example_python_operator.py
[2021-09-30 07:51:55,950] {scheduler_job.py:639} INFO - DAG(s) dict_keys(['example_python_operator']) retrieved from /usr/local/lib/python3.6/dist-packages/airflow/example_dags/example_python_operator.py
[2021-09-30 07:51:55,972] {logging_mixin.py:104} INFO - [2021-09-30 07:51:55,972] {dag.py:1824} INFO - Sync 1 DAGs
[2021-09-30 07:51:55,987] {logging_mixin.py:104} INFO - [2021-09-30 07:51:55,987] {dag.py:2280} INFO - Setting next_dagrun for example_python_operator to None
[2021-09-30 07:51:55,996] {scheduler_job.py:190} INFO - Processing /usr/local/lib/python3.6/dist-packages/airflow/example_dags/example_python_operator.py took 0.058 seconds
[2021-09-30 07:52:27,226] {scheduler_job.py:182} INFO - Started process (PID=1406) to work on /usr/local/lib/python3.6/dist-packages/airflow/example_dags/example_python_operator.py
[2021-09-30 07:52:27,227] {scheduler_job.py:629} INFO - Processing file /usr/local/lib/python3.6/dist-packages/airflow/example_dags/example_python_operator.py for tasks to queue
[2021-09-30 07:52:27,228] {logging_mixin.py:104} INFO - [2021-09-30 07:52:27,228] {dagbag.py:451} INFO - Filling up the DagBag from /usr/local/lib/python3.6/dist-packages/airflow/example_dags/example_python_operator.py
[2021-09-30 07:52:27,238] {scheduler_job.py:639} INFO - DAG(s) dict_keys(['example_python_operator']) retrieved from /usr/local/lib/python3.6/dist-packages/airflow/example_dags/example_python_operator.py
[2021-09-30 07:52:27,256] {logging_mixin.py:104} INFO - [2021-09-30 07:52:27,256] {dag.py:1824} INFO - Sync 1 DAGs
[2021-09-30 07:52:27,271] {logging_mixin.py:104} INFO - [2021-09-30 07:52:27,271] {dag.py:2280} INFO - Setting next_dagrun for example_python_operator to None
[2021-09-30 07:52:27,281] {scheduler_job.py:190} INFO - Processing /usr/local/lib/python3.6/dist-packages/airflow/example_dags/example_python_operator.py took 0.057 seconds
[2021-09-30 07:52:57,533] {scheduler_job.py:182} INFO - Started process (PID=1472) to work on /usr/local/lib/python3.6/dist-packages/airflow/example_dags/example_python_operator.py
[2021-09-30 07:52:57,534] {scheduler_job.py:629} INFO - Processing file /usr/local/lib/python3.6/dist-packages/airflow/example_dags/example_python_operator.py for tasks to queue
[2021-09-30 07:52:57,534] {logging_mixin.py:104} INFO - [2021-09-30 07:52:57,534] {dagbag.py:451} INFO - Filling up the DagBag from /usr/local/lib/python3.6/dist-packages/airflow/example_dags/example_python_operator.py
[2021-09-30 07:52:57,543] {scheduler_job.py:639} INFO - DAG(s) dict_keys(['example_python_operator']) retrieved from /usr/local/lib/python3.6/dist-packages/airflow/example_dags/example_python_operator.py
[2021-09-30 07:52:57,559] {logging_mixin.py:104} INFO - [2021-09-30 07:52:57,559] {dag.py:1824} INFO - Sync 1 DAGs
[2021-09-30 07:52:57,572] {logging_mixin.py:104} INFO - [2021-09-30 07:52:57,572] {dag.py:2280} INFO - Setting next_dagrun for example_python_operator to None
[2021-09-30 07:52:57,581] {scheduler_job.py:190} INFO - Processing /usr/local/lib/python3.6/dist-packages/airflow/example_dags/example_python_operator.py took 0.051 seconds
[2021-09-30 07:53:27,710] {scheduler_job.py:182} INFO - Started process (PID=1547) to work on /usr/local/lib/python3.6/dist-packages/airflow/example_dags/example_python_operator.py
[2021-09-30 07:53:27,711] {scheduler_job.py:629} INFO - Processing file /usr/local/lib/python3.6/dist-packages/airflow/example_dags/example_python_operator.py for tasks to queue
[2021-09-30 07:53:27,712] {logging_mixin.py:104} INFO - [2021-09-30 07:53:27,711] {dagbag.py:451} INFO - Filling up the DagBag from /usr/local/lib/python3.6/dist-packages/airflow/example_dags/example_python_operator.py
[2021-09-30 07:53:27,724] {scheduler_job.py:639} INFO - DAG(s) dict_keys(['example_python_operator']) retrieved from /usr/local/lib/python3.6/dist-packages/airflow/example_dags/example_python_operator.py
[2021-09-30 07:53:27,741] {logging_mixin.py:104} INFO - [2021-09-30 07:53:27,741] {dag.py:1824} INFO - Sync 1 DAGs
[2021-09-30 07:53:27,754] {logging_mixin.py:104} INFO - [2021-09-30 07:53:27,754] {dag.py:2280} INFO - Setting next_dagrun for example_python_operator to None
[2021-09-30 07:53:27,762] {scheduler_job.py:190} INFO - Processing /usr/local/lib/python3.6/dist-packages/airflow/example_dags/example_python_operator.py took 0.055 seconds
[2021-09-30 07:53:57,806] {scheduler_job.py:182} INFO - Started process (PID=1616) to work on /usr/local/lib/python3.6/dist-packages/airflow/example_dags/example_python_operator.py
[2021-09-30 07:53:57,807] {scheduler_job.py:629} INFO - Processing file /usr/local/lib/python3.6/dist-packages/airflow/example_dags/example_python_operator.py for tasks to queue
[2021-09-30 07:53:57,807] {logging_mixin.py:104} INFO - [2021-09-30 07:53:57,807] {dagbag.py:451} INFO - Filling up the DagBag from /usr/local/lib/python3.6/dist-packages/airflow/example_dags/example_python_operator.py
[2021-09-30 07:53:57,816] {scheduler_job.py:639} INFO - DAG(s) dict_keys(['example_python_operator']) retrieved from /usr/local/lib/python3.6/dist-packages/airflow/example_dags/example_python_operator.py
[2021-09-30 07:53:57,834] {logging_mixin.py:104} INFO - [2021-09-30 07:53:57,834] {dag.py:1824} INFO - Sync 1 DAGs
[2021-09-30 07:53:57,849] {logging_mixin.py:104} INFO - [2021-09-30 07:53:57,849] {dag.py:2280} INFO - Setting next_dagrun for example_python_operator to None
[2021-09-30 07:53:57,858] {scheduler_job.py:190} INFO - Processing /usr/local/lib/python3.6/dist-packages/airflow/example_dags/example_python_operator.py took 0.055 seconds
[2021-09-30 07:54:27,997] {scheduler_job.py:182} INFO - Started process (PID=1685) to work on /usr/local/lib/python3.6/dist-packages/airflow/example_dags/example_python_operator.py
[2021-09-30 07:54:27,998] {scheduler_job.py:629} INFO - Processing file /usr/local/lib/python3.6/dist-packages/airflow/example_dags/example_python_operator.py for tasks to queue
[2021-09-30 07:54:27,998] {logging_mixin.py:104} INFO - [2021-09-30 07:54:27,998] {dagbag.py:451} INFO - Filling up the DagBag from /usr/local/lib/python3.6/dist-packages/airflow/example_dags/example_python_operator.py
[2021-09-30 07:54:28,008] {scheduler_job.py:639} INFO - DAG(s) dict_keys(['example_python_operator']) retrieved from /usr/local/lib/python3.6/dist-packages/airflow/example_dags/example_python_operator.py
[2021-09-30 07:54:28,023] {logging_mixin.py:104} INFO - [2021-09-30 07:54:28,023] {dag.py:1824} INFO - Sync 1 DAGs
[2021-09-30 07:54:28,038] {logging_mixin.py:104} INFO - [2021-09-30 07:54:28,037] {dag.py:2280} INFO - Setting next_dagrun for example_python_operator to None
[2021-09-30 07:54:28,046] {scheduler_job.py:190} INFO - Processing /usr/local/lib/python3.6/dist-packages/airflow/example_dags/example_python_operator.py took 0.051 seconds
[2021-09-30 07:54:58,318] {scheduler_job.py:182} INFO - Started process (PID=1761) to work on /usr/local/lib/python3.6/dist-packages/airflow/example_dags/example_python_operator.py
[2021-09-30 07:54:58,319] {scheduler_job.py:629} INFO - Processing file /usr/local/lib/python3.6/dist-packages/airflow/example_dags/example_python_operator.py for tasks to queue
[2021-09-30 07:54:58,319] {logging_mixin.py:104} INFO - [2021-09-30 07:54:58,319] {dagbag.py:451} INFO - Filling up the DagBag from /usr/local/lib/python3.6/dist-packages/airflow/example_dags/example_python_operator.py
[2021-09-30 07:54:58,328] {scheduler_job.py:639} INFO - DAG(s) dict_keys(['example_python_operator']) retrieved from /usr/local/lib/python3.6/dist-packages/airflow/example_dags/example_python_operator.py
[2021-09-30 07:54:58,344] {logging_mixin.py:104} INFO - [2021-09-30 07:54:58,344] {dag.py:1824} INFO - Sync 1 DAGs
[2021-09-30 07:54:58,358] {logging_mixin.py:104} INFO - [2021-09-30 07:54:58,358] {dag.py:2280} INFO - Setting next_dagrun for example_python_operator to None
[2021-09-30 07:54:58,367] {scheduler_job.py:190} INFO - Processing /usr/local/lib/python3.6/dist-packages/airflow/example_dags/example_python_operator.py took 0.052 seconds
[2021-09-30 07:55:28,619] {scheduler_job.py:182} INFO - Started process (PID=1835) to work on /usr/local/lib/python3.6/dist-packages/airflow/example_dags/example_python_operator.py
[2021-09-30 07:55:28,620] {scheduler_job.py:629} INFO - Processing file /usr/local/lib/python3.6/dist-packages/airflow/example_dags/example_python_operator.py for tasks to queue
[2021-09-30 07:55:28,620] {logging_mixin.py:104} INFO - [2021-09-30 07:55:28,620] {dagbag.py:451} INFO - Filling up the DagBag from /usr/local/lib/python3.6/dist-packages/airflow/example_dags/example_python_operator.py
[2021-09-30 07:55:28,632] {scheduler_job.py:639} INFO - DAG(s) dict_keys(['example_python_operator']) retrieved from /usr/local/lib/python3.6/dist-packages/airflow/example_dags/example_python_operator.py
[2021-09-30 07:55:28,647] {logging_mixin.py:104} INFO - [2021-09-30 07:55:28,647] {dag.py:1824} INFO - Sync 1 DAGs
[2021-09-30 07:55:28,659] {logging_mixin.py:104} INFO - [2021-09-30 07:55:28,659] {dag.py:2280} INFO - Setting next_dagrun for example_python_operator to None
[2021-09-30 07:55:28,667] {scheduler_job.py:190} INFO - Processing /usr/local/lib/python3.6/dist-packages/airflow/example_dags/example_python_operator.py took 0.050 seconds
[2021-09-30 07:55:58,743] {scheduler_job.py:182} INFO - Started process (PID=1910) to work on /usr/local/lib/python3.6/dist-packages/airflow/example_dags/example_python_operator.py
[2021-09-30 07:55:58,744] {scheduler_job.py:629} INFO - Processing file /usr/local/lib/python3.6/dist-packages/airflow/example_dags/example_python_operator.py for tasks to queue
[2021-09-30 07:55:58,744] {logging_mixin.py:104} INFO - [2021-09-30 07:55:58,744] {dagbag.py:451} INFO - Filling up the DagBag from /usr/local/lib/python3.6/dist-packages/airflow/example_dags/example_python_operator.py
[2021-09-30 07:55:58,753] {scheduler_job.py:639} INFO - DAG(s) dict_keys(['example_python_operator']) retrieved from /usr/local/lib/python3.6/dist-packages/airflow/example_dags/example_python_operator.py
[2021-09-30 07:55:58,771] {logging_mixin.py:104} INFO - [2021-09-30 07:55:58,771] {dag.py:1824} INFO - Sync 1 DAGs
[2021-09-30 07:55:58,783] {logging_mixin.py:104} INFO - [2021-09-30 07:55:58,783] {dag.py:2280} INFO - Setting next_dagrun for example_python_operator to None
[2021-09-30 07:55:58,791] {scheduler_job.py:190} INFO - Processing /usr/local/lib/python3.6/dist-packages/airflow/example_dags/example_python_operator.py took 0.050 seconds
[2021-09-30 07:56:28,881] {scheduler_job.py:182} INFO - Started process (PID=1986) to work on /usr/local/lib/python3.6/dist-packages/airflow/example_dags/example_python_operator.py
[2021-09-30 07:56:28,881] {scheduler_job.py:629} INFO - Processing file /usr/local/lib/python3.6/dist-packages/airflow/example_dags/example_python_operator.py for tasks to queue
[2021-09-30 07:56:28,882] {logging_mixin.py:104} INFO - [2021-09-30 07:56:28,882] {dagbag.py:451} INFO - Filling up the DagBag from /usr/local/lib/python3.6/dist-packages/airflow/example_dags/example_python_operator.py
[2021-09-30 07:56:28,890] {scheduler_job.py:639} INFO - DAG(s) dict_keys(['example_python_operator']) retrieved from /usr/local/lib/python3.6/dist-packages/airflow/example_dags/example_python_operator.py
[2021-09-30 07:56:28,906] {logging_mixin.py:104} INFO - [2021-09-30 07:56:28,906] {dag.py:1824} INFO - Sync 1 DAGs
[2021-09-30 07:56:28,916] {logging_mixin.py:104} INFO - [2021-09-30 07:56:28,916] {dag.py:2280} INFO - Setting next_dagrun for example_python_operator to None
[2021-09-30 07:56:28,923] {scheduler_job.py:190} INFO - Processing /usr/local/lib/python3.6/dist-packages/airflow/example_dags/example_python_operator.py took 0.044 seconds
[2021-09-30 07:56:59,942] {scheduler_job.py:182} INFO - Started process (PID=2069) to work on /usr/local/lib/python3.6/dist-packages/airflow/example_dags/example_python_operator.py
[2021-09-30 07:56:59,943] {scheduler_job.py:629} INFO - Processing file /usr/local/lib/python3.6/dist-packages/airflow/example_dags/example_python_operator.py for tasks to queue
[2021-09-30 07:56:59,943] {logging_mixin.py:104} INFO - [2021-09-30 07:56:59,943] {dagbag.py:451} INFO - Filling up the DagBag from /usr/local/lib/python3.6/dist-packages/airflow/example_dags/example_python_operator.py
[2021-09-30 07:56:59,952] {scheduler_job.py:639} INFO - DAG(s) dict_keys(['example_python_operator']) retrieved from /usr/local/lib/python3.6/dist-packages/airflow/example_dags/example_python_operator.py
[2021-09-30 07:56:59,971] {logging_mixin.py:104} INFO - [2021-09-30 07:56:59,970] {dag.py:1824} INFO - Sync 1 DAGs
[2021-09-30 07:56:59,984] {logging_mixin.py:104} INFO - [2021-09-30 07:56:59,984] {dag.py:2280} INFO - Setting next_dagrun for example_python_operator to None
[2021-09-30 07:56:59,993] {scheduler_job.py:190} INFO - Processing /usr/local/lib/python3.6/dist-packages/airflow/example_dags/example_python_operator.py took 0.053 seconds
[2021-09-30 07:57:30,815] {scheduler_job.py:182} INFO - Started process (PID=2143) to work on /usr/local/lib/python3.6/dist-packages/airflow/example_dags/example_python_operator.py
[2021-09-30 07:57:30,816] {scheduler_job.py:629} INFO - Processing file /usr/local/lib/python3.6/dist-packages/airflow/example_dags/example_python_operator.py for tasks to queue
[2021-09-30 07:57:30,817] {logging_mixin.py:104} INFO - [2021-09-30 07:57:30,817] {dagbag.py:451} INFO - Filling up the DagBag from /usr/local/lib/python3.6/dist-packages/airflow/example_dags/example_python_operator.py
[2021-09-30 07:57:30,827] {scheduler_job.py:639} INFO - DAG(s) dict_keys(['example_python_operator']) retrieved from /usr/local/lib/python3.6/dist-packages/airflow/example_dags/example_python_operator.py
[2021-09-30 07:57:30,844] {logging_mixin.py:104} INFO - [2021-09-30 07:57:30,844] {dag.py:1824} INFO - Sync 1 DAGs
[2021-09-30 07:57:30,856] {logging_mixin.py:104} INFO - [2021-09-30 07:57:30,856] {dag.py:2280} INFO - Setting next_dagrun for example_python_operator to None
[2021-09-30 07:57:30,865] {scheduler_job.py:190} INFO - Processing /usr/local/lib/python3.6/dist-packages/airflow/example_dags/example_python_operator.py took 0.052 seconds
[2021-09-30 07:58:00,935] {scheduler_job.py:182} INFO - Started process (PID=2220) to work on /usr/local/lib/python3.6/dist-packages/airflow/example_dags/example_python_operator.py
[2021-09-30 07:58:00,936] {scheduler_job.py:629} INFO - Processing file /usr/local/lib/python3.6/dist-packages/airflow/example_dags/example_python_operator.py for tasks to queue
[2021-09-30 07:58:00,936] {logging_mixin.py:104} INFO - [2021-09-30 07:58:00,936] {dagbag.py:451} INFO - Filling up the DagBag from /usr/local/lib/python3.6/dist-packages/airflow/example_dags/example_python_operator.py
[2021-09-30 07:58:00,947] {scheduler_job.py:639} INFO - DAG(s) dict_keys(['example_python_operator']) retrieved from /usr/local/lib/python3.6/dist-packages/airflow/example_dags/example_python_operator.py
[2021-09-30 07:58:00,964] {logging_mixin.py:104} INFO - [2021-09-30 07:58:00,964] {dag.py:1824} INFO - Sync 1 DAGs
[2021-09-30 07:58:00,977] {logging_mixin.py:104} INFO - [2021-09-30 07:58:00,977] {dag.py:2280} INFO - Setting next_dagrun for example_python_operator to None
[2021-09-30 07:58:00,985] {scheduler_job.py:190} INFO - Processing /usr/local/lib/python3.6/dist-packages/airflow/example_dags/example_python_operator.py took 0.052 seconds
[2021-09-30 07:58:31,035] {scheduler_job.py:182} INFO - Started process (PID=2294) to work on /usr/local/lib/python3.6/dist-packages/airflow/example_dags/example_python_operator.py
[2021-09-30 07:58:31,036] {scheduler_job.py:629} INFO - Processing file /usr/local/lib/python3.6/dist-packages/airflow/example_dags/example_python_operator.py for tasks to queue
[2021-09-30 07:58:31,037] {logging_mixin.py:104} INFO - [2021-09-30 07:58:31,036] {dagbag.py:451} INFO - Filling up the DagBag from /usr/local/lib/python3.6/dist-packages/airflow/example_dags/example_python_operator.py
[2021-09-30 07:58:31,048] {scheduler_job.py:639} INFO - DAG(s) dict_keys(['example_python_operator']) retrieved from /usr/local/lib/python3.6/dist-packages/airflow/example_dags/example_python_operator.py
[2021-09-30 07:58:31,064] {logging_mixin.py:104} INFO - [2021-09-30 07:58:31,064] {dag.py:1824} INFO - Sync 1 DAGs
[2021-09-30 07:58:31,075] {logging_mixin.py:104} INFO - [2021-09-30 07:58:31,075] {dag.py:2280} INFO - Setting next_dagrun for example_python_operator to None
[2021-09-30 07:58:31,083] {scheduler_job.py:190} INFO - Processing /usr/local/lib/python3.6/dist-packages/airflow/example_dags/example_python_operator.py took 0.050 seconds
[2021-09-30 07:59:01,273] {scheduler_job.py:182} INFO - Started process (PID=2372) to work on /usr/local/lib/python3.6/dist-packages/airflow/example_dags/example_python_operator.py
[2021-09-30 07:59:01,274] {scheduler_job.py:629} INFO - Processing file /usr/local/lib/python3.6/dist-packages/airflow/example_dags/example_python_operator.py for tasks to queue
[2021-09-30 07:59:01,274] {logging_mixin.py:104} INFO - [2021-09-30 07:59:01,274] {dagbag.py:451} INFO - Filling up the DagBag from /usr/local/lib/python3.6/dist-packages/airflow/example_dags/example_python_operator.py
[2021-09-30 07:59:01,284] {scheduler_job.py:639} INFO - DAG(s) dict_keys(['example_python_operator']) retrieved from /usr/local/lib/python3.6/dist-packages/airflow/example_dags/example_python_operator.py
[2021-09-30 07:59:01,302] {logging_mixin.py:104} INFO - [2021-09-30 07:59:01,302] {dag.py:1824} INFO - Sync 1 DAGs
[2021-09-30 07:59:01,316] {logging_mixin.py:104} INFO - [2021-09-30 07:59:01,316] {dag.py:2280} INFO - Setting next_dagrun for example_python_operator to None
[2021-09-30 07:59:01,325] {scheduler_job.py:190} INFO - Processing /usr/local/lib/python3.6/dist-packages/airflow/example_dags/example_python_operator.py took 0.054 seconds
[2021-09-30 07:59:31,437] {scheduler_job.py:182} INFO - Started process (PID=2443) to work on /usr/local/lib/python3.6/dist-packages/airflow/example_dags/example_python_operator.py
[2021-09-30 07:59:31,438] {scheduler_job.py:629} INFO - Processing file /usr/local/lib/python3.6/dist-packages/airflow/example_dags/example_python_operator.py for tasks to queue
[2021-09-30 07:59:31,439] {logging_mixin.py:104} INFO - [2021-09-30 07:59:31,438] {dagbag.py:451} INFO - Filling up the DagBag from /usr/local/lib/python3.6/dist-packages/airflow/example_dags/example_python_operator.py
[2021-09-30 07:59:31,451] {scheduler_job.py:639} INFO - DAG(s) dict_keys(['example_python_operator']) retrieved from /usr/local/lib/python3.6/dist-packages/airflow/example_dags/example_python_operator.py
[2021-09-30 07:59:31,467] {logging_mixin.py:104} INFO - [2021-09-30 07:59:31,467] {dag.py:1824} INFO - Sync 1 DAGs
[2021-09-30 07:59:31,480] {logging_mixin.py:104} INFO - [2021-09-30 07:59:31,480] {dag.py:2280} INFO - Setting next_dagrun for example_python_operator to None
[2021-09-30 07:59:31,488] {scheduler_job.py:190} INFO - Processing /usr/local/lib/python3.6/dist-packages/airflow/example_dags/example_python_operator.py took 0.053 seconds
[2021-09-30 08:00:01,600] {scheduler_job.py:182} INFO - Started process (PID=2517) to work on /usr/local/lib/python3.6/dist-packages/airflow/example_dags/example_python_operator.py
[2021-09-30 08:00:01,601] {scheduler_job.py:629} INFO - Processing file /usr/local/lib/python3.6/dist-packages/airflow/example_dags/example_python_operator.py for tasks to queue
[2021-09-30 08:00:01,601] {logging_mixin.py:104} INFO - [2021-09-30 08:00:01,601] {dagbag.py:451} INFO - Filling up the DagBag from /usr/local/lib/python3.6/dist-packages/airflow/example_dags/example_python_operator.py
[2021-09-30 08:00:01,612] {scheduler_job.py:639} INFO - DAG(s) dict_keys(['example_python_operator']) retrieved from /usr/local/lib/python3.6/dist-packages/airflow/example_dags/example_python_operator.py
[2021-09-30 08:00:01,632] {logging_mixin.py:104} INFO - [2021-09-30 08:00:01,631] {dag.py:1824} INFO - Sync 1 DAGs
[2021-09-30 08:00:01,645] {logging_mixin.py:104} INFO - [2021-09-30 08:00:01,645] {dag.py:2280} INFO - Setting next_dagrun for example_python_operator to None
[2021-09-30 08:00:01,654] {scheduler_job.py:190} INFO - Processing /usr/local/lib/python3.6/dist-packages/airflow/example_dags/example_python_operator.py took 0.056 seconds
[2021-09-30 08:00:31,863] {scheduler_job.py:182} INFO - Started process (PID=2594) to work on /usr/local/lib/python3.6/dist-packages/airflow/example_dags/example_python_operator.py
[2021-09-30 08:00:31,863] {scheduler_job.py:629} INFO - Processing file /usr/local/lib/python3.6/dist-packages/airflow/example_dags/example_python_operator.py for tasks to queue
[2021-09-30 08:00:31,864] {logging_mixin.py:104} INFO - [2021-09-30 08:00:31,864] {dagbag.py:451} INFO - Filling up the DagBag from /usr/local/lib/python3.6/dist-packages/airflow/example_dags/example_python_operator.py
[2021-09-30 08:00:31,874] {scheduler_job.py:639} INFO - DAG(s) dict_keys(['example_python_operator']) retrieved from /usr/local/lib/python3.6/dist-packages/airflow/example_dags/example_python_operator.py
[2021-09-30 08:00:31,890] {logging_mixin.py:104} INFO - [2021-09-30 08:00:31,890] {dag.py:1824} INFO - Sync 1 DAGs
[2021-09-30 08:00:31,902] {logging_mixin.py:104} INFO - [2021-09-30 08:00:31,902] {dag.py:2280} INFO - Setting next_dagrun for example_python_operator to None
[2021-09-30 08:00:31,910] {scheduler_job.py:190} INFO - Processing /usr/local/lib/python3.6/dist-packages/airflow/example_dags/example_python_operator.py took 0.050 seconds
[2021-09-30 08:01:02,898] {scheduler_job.py:182} INFO - Started process (PID=2671) to work on /usr/local/lib/python3.6/dist-packages/airflow/example_dags/example_python_operator.py
[2021-09-30 08:01:02,901] {scheduler_job.py:629} INFO - Processing file /usr/local/lib/python3.6/dist-packages/airflow/example_dags/example_python_operator.py for tasks to queue
[2021-09-30 08:01:02,901] {logging_mixin.py:104} INFO - [2021-09-30 08:01:02,901] {dagbag.py:451} INFO - Filling up the DagBag from /usr/local/lib/python3.6/dist-packages/airflow/example_dags/example_python_operator.py
[2021-09-30 08:01:02,913] {scheduler_job.py:639} INFO - DAG(s) dict_keys(['example_python_operator']) retrieved from /usr/local/lib/python3.6/dist-packages/airflow/example_dags/example_python_operator.py
[2021-09-30 08:01:02,930] {logging_mixin.py:104} INFO - [2021-09-30 08:01:02,930] {dag.py:1824} INFO - Sync 1 DAGs
[2021-09-30 08:01:02,942] {logging_mixin.py:104} INFO - [2021-09-30 08:01:02,941] {dag.py:2280} INFO - Setting next_dagrun for example_python_operator to None
[2021-09-30 08:01:02,949] {scheduler_job.py:190} INFO - Processing /usr/local/lib/python3.6/dist-packages/airflow/example_dags/example_python_operator.py took 0.054 seconds
[2021-09-30 08:01:33,998] {scheduler_job.py:182} INFO - Started process (PID=2740) to work on /usr/local/lib/python3.6/dist-packages/airflow/example_dags/example_python_operator.py
[2021-09-30 08:01:33,999] {scheduler_job.py:629} INFO - Processing file /usr/local/lib/python3.6/dist-packages/airflow/example_dags/example_python_operator.py for tasks to queue
[2021-09-30 08:01:34,000] {logging_mixin.py:104} INFO - [2021-09-30 08:01:33,999] {dagbag.py:451} INFO - Filling up the DagBag from /usr/local/lib/python3.6/dist-packages/airflow/example_dags/example_python_operator.py
[2021-09-30 08:01:34,011] {scheduler_job.py:639} INFO - DAG(s) dict_keys(['example_python_operator']) retrieved from /usr/local/lib/python3.6/dist-packages/airflow/example_dags/example_python_operator.py
[2021-09-30 08:01:34,028] {logging_mixin.py:104} INFO - [2021-09-30 08:01:34,028] {dag.py:1824} INFO - Sync 1 DAGs
[2021-09-30 08:01:34,041] {logging_mixin.py:104} INFO - [2021-09-30 08:01:34,041] {dag.py:2280} INFO - Setting next_dagrun for example_python_operator to None
[2021-09-30 08:01:34,049] {scheduler_job.py:190} INFO - Processing /usr/local/lib/python3.6/dist-packages/airflow/example_dags/example_python_operator.py took 0.053 seconds
[2021-09-30 08:02:04,297] {scheduler_job.py:182} INFO - Started process (PID=2806) to work on /usr/local/lib/python3.6/dist-packages/airflow/example_dags/example_python_operator.py
[2021-09-30 08:02:04,297] {scheduler_job.py:629} INFO - Processing file /usr/local/lib/python3.6/dist-packages/airflow/example_dags/example_python_operator.py for tasks to queue
[2021-09-30 08:02:04,298] {logging_mixin.py:104} INFO - [2021-09-30 08:02:04,298] {dagbag.py:451} INFO - Filling up the DagBag from /usr/local/lib/python3.6/dist-packages/airflow/example_dags/example_python_operator.py
[2021-09-30 08:02:04,308] {scheduler_job.py:639} INFO - DAG(s) dict_keys(['example_python_operator']) retrieved from /usr/local/lib/python3.6/dist-packages/airflow/example_dags/example_python_operator.py
[2021-09-30 08:02:04,326] {logging_mixin.py:104} INFO - [2021-09-30 08:02:04,326] {dag.py:1824} INFO - Sync 1 DAGs
[2021-09-30 08:02:04,337] {logging_mixin.py:104} INFO - [2021-09-30 08:02:04,337] {dag.py:2280} INFO - Setting next_dagrun for example_python_operator to None
[2021-09-30 08:02:04,344] {scheduler_job.py:190} INFO - Processing /usr/local/lib/python3.6/dist-packages/airflow/example_dags/example_python_operator.py took 0.050 seconds
