[2021-09-30 07:30:45,590] {scheduler_job.py:182} INFO - Started process (PID=68) to work on /usr/local/lib/python3.6/dist-packages/airflow/example_dags/example_task_group.py
[2021-09-30 07:30:45,591] {scheduler_job.py:629} INFO - Processing file /usr/local/lib/python3.6/dist-packages/airflow/example_dags/example_task_group.py for tasks to queue
[2021-09-30 07:30:45,591] {logging_mixin.py:104} INFO - [2021-09-30 07:30:45,591] {dagbag.py:451} INFO - Filling up the DagBag from /usr/local/lib/python3.6/dist-packages/airflow/example_dags/example_task_group.py
[2021-09-30 07:30:45,600] {scheduler_job.py:639} INFO - DAG(s) dict_keys(['example_task_group']) retrieved from /usr/local/lib/python3.6/dist-packages/airflow/example_dags/example_task_group.py
[2021-09-30 07:30:45,610] {logging_mixin.py:104} INFO - [2021-09-30 07:30:45,610] {dag.py:1824} INFO - Sync 1 DAGs
[2021-09-30 07:30:45,623] {logging_mixin.py:104} INFO - [2021-09-30 07:30:45,622] {dag.py:2280} INFO - Setting next_dagrun for example_task_group to 2021-09-28 00:00:00+00:00
[2021-09-30 07:30:45,630] {scheduler_job.py:190} INFO - Processing /usr/local/lib/python3.6/dist-packages/airflow/example_dags/example_task_group.py took 0.042 seconds
[2021-09-30 07:31:15,693] {scheduler_job.py:182} INFO - Started process (PID=230) to work on /usr/local/lib/python3.6/dist-packages/airflow/example_dags/example_task_group.py
[2021-09-30 07:31:15,694] {scheduler_job.py:629} INFO - Processing file /usr/local/lib/python3.6/dist-packages/airflow/example_dags/example_task_group.py for tasks to queue
[2021-09-30 07:31:15,694] {logging_mixin.py:104} INFO - [2021-09-30 07:31:15,694] {dagbag.py:451} INFO - Filling up the DagBag from /usr/local/lib/python3.6/dist-packages/airflow/example_dags/example_task_group.py
[2021-09-30 07:31:15,706] {scheduler_job.py:639} INFO - DAG(s) dict_keys(['example_task_group']) retrieved from /usr/local/lib/python3.6/dist-packages/airflow/example_dags/example_task_group.py
[2021-09-30 07:31:15,726] {logging_mixin.py:104} INFO - [2021-09-30 07:31:15,726] {dag.py:1824} INFO - Sync 1 DAGs
[2021-09-30 07:31:15,740] {logging_mixin.py:104} INFO - [2021-09-30 07:31:15,740] {dag.py:2280} INFO - Setting next_dagrun for example_task_group to 2021-09-28 00:00:00+00:00
[2021-09-30 07:31:15,747] {scheduler_job.py:190} INFO - Processing /usr/local/lib/python3.6/dist-packages/airflow/example_dags/example_task_group.py took 0.055 seconds
[2021-09-30 07:31:46,596] {scheduler_job.py:182} INFO - Started process (PID=302) to work on /usr/local/lib/python3.6/dist-packages/airflow/example_dags/example_task_group.py
[2021-09-30 07:31:46,597] {scheduler_job.py:629} INFO - Processing file /usr/local/lib/python3.6/dist-packages/airflow/example_dags/example_task_group.py for tasks to queue
[2021-09-30 07:31:46,597] {logging_mixin.py:104} INFO - [2021-09-30 07:31:46,597] {dagbag.py:451} INFO - Filling up the DagBag from /usr/local/lib/python3.6/dist-packages/airflow/example_dags/example_task_group.py
[2021-09-30 07:31:46,604] {scheduler_job.py:639} INFO - DAG(s) dict_keys(['example_task_group']) retrieved from /usr/local/lib/python3.6/dist-packages/airflow/example_dags/example_task_group.py
[2021-09-30 07:31:46,617] {logging_mixin.py:104} INFO - [2021-09-30 07:31:46,617] {dag.py:1824} INFO - Sync 1 DAGs
[2021-09-30 07:31:46,626] {logging_mixin.py:104} INFO - [2021-09-30 07:31:46,626] {dag.py:2280} INFO - Setting next_dagrun for example_task_group to 2021-09-28 00:00:00+00:00
[2021-09-30 07:31:46,632] {scheduler_job.py:190} INFO - Processing /usr/local/lib/python3.6/dist-packages/airflow/example_dags/example_task_group.py took 0.037 seconds
[2021-09-30 07:32:17,071] {scheduler_job.py:182} INFO - Started process (PID=380) to work on /usr/local/lib/python3.6/dist-packages/airflow/example_dags/example_task_group.py
[2021-09-30 07:32:17,071] {scheduler_job.py:629} INFO - Processing file /usr/local/lib/python3.6/dist-packages/airflow/example_dags/example_task_group.py for tasks to queue
[2021-09-30 07:32:17,072] {logging_mixin.py:104} INFO - [2021-09-30 07:32:17,072] {dagbag.py:451} INFO - Filling up the DagBag from /usr/local/lib/python3.6/dist-packages/airflow/example_dags/example_task_group.py
[2021-09-30 07:32:17,078] {scheduler_job.py:639} INFO - DAG(s) dict_keys(['example_task_group']) retrieved from /usr/local/lib/python3.6/dist-packages/airflow/example_dags/example_task_group.py
[2021-09-30 07:32:17,089] {logging_mixin.py:104} INFO - [2021-09-30 07:32:17,089] {dag.py:1824} INFO - Sync 1 DAGs
[2021-09-30 07:32:17,098] {logging_mixin.py:104} INFO - [2021-09-30 07:32:17,097] {dag.py:2280} INFO - Setting next_dagrun for example_task_group to 2021-09-28 00:00:00+00:00
[2021-09-30 07:32:17,103] {scheduler_job.py:190} INFO - Processing /usr/local/lib/python3.6/dist-packages/airflow/example_dags/example_task_group.py took 0.034 seconds
[2021-09-30 07:32:47,770] {scheduler_job.py:182} INFO - Started process (PID=465) to work on /usr/local/lib/python3.6/dist-packages/airflow/example_dags/example_task_group.py
[2021-09-30 07:32:47,770] {scheduler_job.py:629} INFO - Processing file /usr/local/lib/python3.6/dist-packages/airflow/example_dags/example_task_group.py for tasks to queue
[2021-09-30 07:32:47,771] {logging_mixin.py:104} INFO - [2021-09-30 07:32:47,771] {dagbag.py:451} INFO - Filling up the DagBag from /usr/local/lib/python3.6/dist-packages/airflow/example_dags/example_task_group.py
[2021-09-30 07:32:47,778] {scheduler_job.py:639} INFO - DAG(s) dict_keys(['example_task_group']) retrieved from /usr/local/lib/python3.6/dist-packages/airflow/example_dags/example_task_group.py
[2021-09-30 07:32:47,793] {logging_mixin.py:104} INFO - [2021-09-30 07:32:47,793] {dag.py:1824} INFO - Sync 1 DAGs
[2021-09-30 07:32:47,808] {logging_mixin.py:104} INFO - [2021-09-30 07:32:47,808] {dag.py:2280} INFO - Setting next_dagrun for example_task_group to 2021-09-28 00:00:00+00:00
[2021-09-30 07:32:47,815] {scheduler_job.py:190} INFO - Processing /usr/local/lib/python3.6/dist-packages/airflow/example_dags/example_task_group.py took 0.047 seconds
[2021-09-30 07:33:17,824] {scheduler_job.py:182} INFO - Started process (PID=558) to work on /usr/local/lib/python3.6/dist-packages/airflow/example_dags/example_task_group.py
[2021-09-30 07:33:17,825] {scheduler_job.py:629} INFO - Processing file /usr/local/lib/python3.6/dist-packages/airflow/example_dags/example_task_group.py for tasks to queue
[2021-09-30 07:33:17,825] {logging_mixin.py:104} INFO - [2021-09-30 07:33:17,825] {dagbag.py:451} INFO - Filling up the DagBag from /usr/local/lib/python3.6/dist-packages/airflow/example_dags/example_task_group.py
[2021-09-30 07:33:17,832] {scheduler_job.py:639} INFO - DAG(s) dict_keys(['example_task_group']) retrieved from /usr/local/lib/python3.6/dist-packages/airflow/example_dags/example_task_group.py
[2021-09-30 07:33:17,844] {logging_mixin.py:104} INFO - [2021-09-30 07:33:17,844] {dag.py:1824} INFO - Sync 1 DAGs
[2021-09-30 07:33:17,853] {logging_mixin.py:104} INFO - [2021-09-30 07:33:17,853] {dag.py:2280} INFO - Setting next_dagrun for example_task_group to 2021-09-28 00:00:00+00:00
[2021-09-30 07:33:17,859] {scheduler_job.py:190} INFO - Processing /usr/local/lib/python3.6/dist-packages/airflow/example_dags/example_task_group.py took 0.036 seconds
[2021-09-30 07:33:43,655] {scheduler_job.py:182} INFO - Started process (PID=79) to work on /usr/local/lib/python3.6/dist-packages/airflow/example_dags/example_task_group.py
[2021-09-30 07:33:43,656] {scheduler_job.py:629} INFO - Processing file /usr/local/lib/python3.6/dist-packages/airflow/example_dags/example_task_group.py for tasks to queue
[2021-09-30 07:33:43,656] {logging_mixin.py:104} INFO - [2021-09-30 07:33:43,656] {dagbag.py:451} INFO - Filling up the DagBag from /usr/local/lib/python3.6/dist-packages/airflow/example_dags/example_task_group.py
[2021-09-30 07:33:43,665] {scheduler_job.py:639} INFO - DAG(s) dict_keys(['example_task_group']) retrieved from /usr/local/lib/python3.6/dist-packages/airflow/example_dags/example_task_group.py
[2021-09-30 07:33:43,678] {logging_mixin.py:104} INFO - [2021-09-30 07:33:43,677] {dag.py:1824} INFO - Sync 1 DAGs
[2021-09-30 07:33:43,700] {logging_mixin.py:104} INFO - [2021-09-30 07:33:43,700] {dag.py:2280} INFO - Setting next_dagrun for example_task_group to 2021-09-28 00:00:00+00:00
[2021-09-30 07:33:43,713] {scheduler_job.py:190} INFO - Processing /usr/local/lib/python3.6/dist-packages/airflow/example_dags/example_task_group.py took 0.060 seconds
[2021-09-30 07:34:14,443] {scheduler_job.py:182} INFO - Started process (PID=201) to work on /usr/local/lib/python3.6/dist-packages/airflow/example_dags/example_task_group.py
[2021-09-30 07:34:14,443] {scheduler_job.py:629} INFO - Processing file /usr/local/lib/python3.6/dist-packages/airflow/example_dags/example_task_group.py for tasks to queue
[2021-09-30 07:34:14,444] {logging_mixin.py:104} INFO - [2021-09-30 07:34:14,444] {dagbag.py:451} INFO - Filling up the DagBag from /usr/local/lib/python3.6/dist-packages/airflow/example_dags/example_task_group.py
[2021-09-30 07:34:14,450] {scheduler_job.py:639} INFO - DAG(s) dict_keys(['example_task_group']) retrieved from /usr/local/lib/python3.6/dist-packages/airflow/example_dags/example_task_group.py
[2021-09-30 07:34:14,465] {logging_mixin.py:104} INFO - [2021-09-30 07:34:14,464] {dag.py:1824} INFO - Sync 1 DAGs
[2021-09-30 07:34:14,474] {logging_mixin.py:104} INFO - [2021-09-30 07:34:14,474] {dag.py:2280} INFO - Setting next_dagrun for example_task_group to 2021-09-28 00:00:00+00:00
[2021-09-30 07:34:14,481] {scheduler_job.py:190} INFO - Processing /usr/local/lib/python3.6/dist-packages/airflow/example_dags/example_task_group.py took 0.040 seconds
[2021-09-30 07:34:44,639] {scheduler_job.py:182} INFO - Started process (PID=276) to work on /usr/local/lib/python3.6/dist-packages/airflow/example_dags/example_task_group.py
[2021-09-30 07:34:44,639] {scheduler_job.py:629} INFO - Processing file /usr/local/lib/python3.6/dist-packages/airflow/example_dags/example_task_group.py for tasks to queue
[2021-09-30 07:34:44,640] {logging_mixin.py:104} INFO - [2021-09-30 07:34:44,640] {dagbag.py:451} INFO - Filling up the DagBag from /usr/local/lib/python3.6/dist-packages/airflow/example_dags/example_task_group.py
[2021-09-30 07:34:44,646] {scheduler_job.py:639} INFO - DAG(s) dict_keys(['example_task_group']) retrieved from /usr/local/lib/python3.6/dist-packages/airflow/example_dags/example_task_group.py
[2021-09-30 07:34:44,659] {logging_mixin.py:104} INFO - [2021-09-30 07:34:44,659] {dag.py:1824} INFO - Sync 1 DAGs
[2021-09-30 07:34:44,669] {logging_mixin.py:104} INFO - [2021-09-30 07:34:44,669] {dag.py:2280} INFO - Setting next_dagrun for example_task_group to 2021-09-28 00:00:00+00:00
[2021-09-30 07:34:44,675] {scheduler_job.py:190} INFO - Processing /usr/local/lib/python3.6/dist-packages/airflow/example_dags/example_task_group.py took 0.038 seconds
[2021-09-30 07:36:11,826] {scheduler_job.py:182} INFO - Started process (PID=62) to work on /usr/local/lib/python3.6/dist-packages/airflow/example_dags/example_task_group.py
[2021-09-30 07:36:11,827] {scheduler_job.py:629} INFO - Processing file /usr/local/lib/python3.6/dist-packages/airflow/example_dags/example_task_group.py for tasks to queue
[2021-09-30 07:36:11,827] {logging_mixin.py:104} INFO - [2021-09-30 07:36:11,827] {dagbag.py:451} INFO - Filling up the DagBag from /usr/local/lib/python3.6/dist-packages/airflow/example_dags/example_task_group.py
[2021-09-30 07:36:11,834] {scheduler_job.py:639} INFO - DAG(s) dict_keys(['example_task_group']) retrieved from /usr/local/lib/python3.6/dist-packages/airflow/example_dags/example_task_group.py
[2021-09-30 07:36:11,843] {logging_mixin.py:104} INFO - [2021-09-30 07:36:11,843] {dag.py:1824} INFO - Sync 1 DAGs
[2021-09-30 07:36:11,854] {logging_mixin.py:104} INFO - [2021-09-30 07:36:11,854] {dag.py:2280} INFO - Setting next_dagrun for example_task_group to 2021-09-28 00:00:00+00:00
[2021-09-30 07:36:11,860] {scheduler_job.py:190} INFO - Processing /usr/local/lib/python3.6/dist-packages/airflow/example_dags/example_task_group.py took 0.036 seconds
[2021-09-30 07:36:42,707] {scheduler_job.py:182} INFO - Started process (PID=199) to work on /usr/local/lib/python3.6/dist-packages/airflow/example_dags/example_task_group.py
[2021-09-30 07:36:42,708] {scheduler_job.py:629} INFO - Processing file /usr/local/lib/python3.6/dist-packages/airflow/example_dags/example_task_group.py for tasks to queue
[2021-09-30 07:36:42,708] {logging_mixin.py:104} INFO - [2021-09-30 07:36:42,708] {dagbag.py:451} INFO - Filling up the DagBag from /usr/local/lib/python3.6/dist-packages/airflow/example_dags/example_task_group.py
[2021-09-30 07:36:42,716] {scheduler_job.py:639} INFO - DAG(s) dict_keys(['example_task_group']) retrieved from /usr/local/lib/python3.6/dist-packages/airflow/example_dags/example_task_group.py
[2021-09-30 07:36:42,734] {logging_mixin.py:104} INFO - [2021-09-30 07:36:42,734] {dag.py:1824} INFO - Sync 1 DAGs
[2021-09-30 07:36:42,747] {logging_mixin.py:104} INFO - [2021-09-30 07:36:42,747] {dag.py:2280} INFO - Setting next_dagrun for example_task_group to 2021-09-28 00:00:00+00:00
[2021-09-30 07:36:42,755] {scheduler_job.py:190} INFO - Processing /usr/local/lib/python3.6/dist-packages/airflow/example_dags/example_task_group.py took 0.050 seconds
[2021-09-30 07:37:28,861] {scheduler_job.py:182} INFO - Started process (PID=50) to work on /usr/local/lib/python3.6/dist-packages/airflow/example_dags/example_task_group.py
[2021-09-30 07:37:28,861] {scheduler_job.py:629} INFO - Processing file /usr/local/lib/python3.6/dist-packages/airflow/example_dags/example_task_group.py for tasks to queue
[2021-09-30 07:37:28,862] {logging_mixin.py:104} INFO - [2021-09-30 07:37:28,862] {dagbag.py:451} INFO - Filling up the DagBag from /usr/local/lib/python3.6/dist-packages/airflow/example_dags/example_task_group.py
[2021-09-30 07:37:28,871] {scheduler_job.py:639} INFO - DAG(s) dict_keys(['example_task_group']) retrieved from /usr/local/lib/python3.6/dist-packages/airflow/example_dags/example_task_group.py
[2021-09-30 07:37:28,887] {logging_mixin.py:104} INFO - [2021-09-30 07:37:28,886] {dag.py:1824} INFO - Sync 1 DAGs
[2021-09-30 07:37:28,899] {logging_mixin.py:104} INFO - [2021-09-30 07:37:28,899] {dag.py:2280} INFO - Setting next_dagrun for example_task_group to 2021-09-28 00:00:00+00:00
[2021-09-30 07:37:28,908] {scheduler_job.py:190} INFO - Processing /usr/local/lib/python3.6/dist-packages/airflow/example_dags/example_task_group.py took 0.049 seconds
[2021-09-30 07:37:58,935] {scheduler_job.py:182} INFO - Started process (PID=188) to work on /usr/local/lib/python3.6/dist-packages/airflow/example_dags/example_task_group.py
[2021-09-30 07:37:58,936] {scheduler_job.py:629} INFO - Processing file /usr/local/lib/python3.6/dist-packages/airflow/example_dags/example_task_group.py for tasks to queue
[2021-09-30 07:37:58,936] {logging_mixin.py:104} INFO - [2021-09-30 07:37:58,936] {dagbag.py:451} INFO - Filling up the DagBag from /usr/local/lib/python3.6/dist-packages/airflow/example_dags/example_task_group.py
[2021-09-30 07:37:58,942] {scheduler_job.py:639} INFO - DAG(s) dict_keys(['example_task_group']) retrieved from /usr/local/lib/python3.6/dist-packages/airflow/example_dags/example_task_group.py
[2021-09-30 07:37:58,955] {logging_mixin.py:104} INFO - [2021-09-30 07:37:58,955] {dag.py:1824} INFO - Sync 1 DAGs
[2021-09-30 07:37:58,966] {logging_mixin.py:104} INFO - [2021-09-30 07:37:58,966] {dag.py:2280} INFO - Setting next_dagrun for example_task_group to 2021-09-28 00:00:00+00:00
[2021-09-30 07:37:58,973] {scheduler_job.py:190} INFO - Processing /usr/local/lib/python3.6/dist-packages/airflow/example_dags/example_task_group.py took 0.039 seconds
[2021-09-30 07:38:29,664] {scheduler_job.py:182} INFO - Started process (PID=266) to work on /usr/local/lib/python3.6/dist-packages/airflow/example_dags/example_task_group.py
[2021-09-30 07:38:29,665] {scheduler_job.py:629} INFO - Processing file /usr/local/lib/python3.6/dist-packages/airflow/example_dags/example_task_group.py for tasks to queue
[2021-09-30 07:38:29,665] {logging_mixin.py:104} INFO - [2021-09-30 07:38:29,665] {dagbag.py:451} INFO - Filling up the DagBag from /usr/local/lib/python3.6/dist-packages/airflow/example_dags/example_task_group.py
[2021-09-30 07:38:29,672] {scheduler_job.py:639} INFO - DAG(s) dict_keys(['example_task_group']) retrieved from /usr/local/lib/python3.6/dist-packages/airflow/example_dags/example_task_group.py
[2021-09-30 07:38:29,684] {logging_mixin.py:104} INFO - [2021-09-30 07:38:29,684] {dag.py:1824} INFO - Sync 1 DAGs
[2021-09-30 07:38:29,693] {logging_mixin.py:104} INFO - [2021-09-30 07:38:29,693] {dag.py:2280} INFO - Setting next_dagrun for example_task_group to 2021-09-28 00:00:00+00:00
[2021-09-30 07:38:29,699] {scheduler_job.py:190} INFO - Processing /usr/local/lib/python3.6/dist-packages/airflow/example_dags/example_task_group.py took 0.037 seconds
[2021-09-30 07:39:00,342] {scheduler_job.py:182} INFO - Started process (PID=340) to work on /usr/local/lib/python3.6/dist-packages/airflow/example_dags/example_task_group.py
[2021-09-30 07:39:00,343] {scheduler_job.py:629} INFO - Processing file /usr/local/lib/python3.6/dist-packages/airflow/example_dags/example_task_group.py for tasks to queue
[2021-09-30 07:39:00,343] {logging_mixin.py:104} INFO - [2021-09-30 07:39:00,343] {dagbag.py:451} INFO - Filling up the DagBag from /usr/local/lib/python3.6/dist-packages/airflow/example_dags/example_task_group.py
[2021-09-30 07:39:00,350] {scheduler_job.py:639} INFO - DAG(s) dict_keys(['example_task_group']) retrieved from /usr/local/lib/python3.6/dist-packages/airflow/example_dags/example_task_group.py
[2021-09-30 07:39:00,361] {logging_mixin.py:104} INFO - [2021-09-30 07:39:00,361] {dag.py:1824} INFO - Sync 1 DAGs
[2021-09-30 07:39:00,369] {logging_mixin.py:104} INFO - [2021-09-30 07:39:00,369] {dag.py:2280} INFO - Setting next_dagrun for example_task_group to 2021-09-28 00:00:00+00:00
[2021-09-30 07:39:00,375] {scheduler_job.py:190} INFO - Processing /usr/local/lib/python3.6/dist-packages/airflow/example_dags/example_task_group.py took 0.034 seconds
[2021-09-30 07:39:31,034] {scheduler_job.py:182} INFO - Started process (PID=424) to work on /usr/local/lib/python3.6/dist-packages/airflow/example_dags/example_task_group.py
[2021-09-30 07:39:31,034] {scheduler_job.py:629} INFO - Processing file /usr/local/lib/python3.6/dist-packages/airflow/example_dags/example_task_group.py for tasks to queue
[2021-09-30 07:39:31,035] {logging_mixin.py:104} INFO - [2021-09-30 07:39:31,035] {dagbag.py:451} INFO - Filling up the DagBag from /usr/local/lib/python3.6/dist-packages/airflow/example_dags/example_task_group.py
[2021-09-30 07:39:31,041] {scheduler_job.py:639} INFO - DAG(s) dict_keys(['example_task_group']) retrieved from /usr/local/lib/python3.6/dist-packages/airflow/example_dags/example_task_group.py
[2021-09-30 07:39:31,056] {logging_mixin.py:104} INFO - [2021-09-30 07:39:31,055] {dag.py:1824} INFO - Sync 1 DAGs
[2021-09-30 07:39:31,068] {logging_mixin.py:104} INFO - [2021-09-30 07:39:31,067] {dag.py:2280} INFO - Setting next_dagrun for example_task_group to 2021-09-28 00:00:00+00:00
[2021-09-30 07:39:31,082] {scheduler_job.py:190} INFO - Processing /usr/local/lib/python3.6/dist-packages/airflow/example_dags/example_task_group.py took 0.050 seconds
[2021-09-30 07:40:01,263] {scheduler_job.py:182} INFO - Started process (PID=499) to work on /usr/local/lib/python3.6/dist-packages/airflow/example_dags/example_task_group.py
[2021-09-30 07:40:01,264] {scheduler_job.py:629} INFO - Processing file /usr/local/lib/python3.6/dist-packages/airflow/example_dags/example_task_group.py for tasks to queue
[2021-09-30 07:40:01,264] {logging_mixin.py:104} INFO - [2021-09-30 07:40:01,264] {dagbag.py:451} INFO - Filling up the DagBag from /usr/local/lib/python3.6/dist-packages/airflow/example_dags/example_task_group.py
[2021-09-30 07:40:01,271] {scheduler_job.py:639} INFO - DAG(s) dict_keys(['example_task_group']) retrieved from /usr/local/lib/python3.6/dist-packages/airflow/example_dags/example_task_group.py
[2021-09-30 07:40:01,285] {logging_mixin.py:104} INFO - [2021-09-30 07:40:01,284] {dag.py:1824} INFO - Sync 1 DAGs
[2021-09-30 07:40:01,296] {logging_mixin.py:104} INFO - [2021-09-30 07:40:01,296] {dag.py:2280} INFO - Setting next_dagrun for example_task_group to 2021-09-28 00:00:00+00:00
[2021-09-30 07:40:01,301] {scheduler_job.py:190} INFO - Processing /usr/local/lib/python3.6/dist-packages/airflow/example_dags/example_task_group.py took 0.040 seconds
[2021-09-30 07:40:31,965] {scheduler_job.py:182} INFO - Started process (PID=573) to work on /usr/local/lib/python3.6/dist-packages/airflow/example_dags/example_task_group.py
[2021-09-30 07:40:31,965] {scheduler_job.py:629} INFO - Processing file /usr/local/lib/python3.6/dist-packages/airflow/example_dags/example_task_group.py for tasks to queue
[2021-09-30 07:40:31,966] {logging_mixin.py:104} INFO - [2021-09-30 07:40:31,966] {dagbag.py:451} INFO - Filling up the DagBag from /usr/local/lib/python3.6/dist-packages/airflow/example_dags/example_task_group.py
[2021-09-30 07:40:31,972] {scheduler_job.py:639} INFO - DAG(s) dict_keys(['example_task_group']) retrieved from /usr/local/lib/python3.6/dist-packages/airflow/example_dags/example_task_group.py
[2021-09-30 07:40:31,985] {logging_mixin.py:104} INFO - [2021-09-30 07:40:31,985] {dag.py:1824} INFO - Sync 1 DAGs
[2021-09-30 07:40:31,996] {logging_mixin.py:104} INFO - [2021-09-30 07:40:31,996] {dag.py:2280} INFO - Setting next_dagrun for example_task_group to 2021-09-28 00:00:00+00:00
[2021-09-30 07:40:32,002] {scheduler_job.py:190} INFO - Processing /usr/local/lib/python3.6/dist-packages/airflow/example_dags/example_task_group.py took 0.039 seconds
[2021-09-30 07:41:02,654] {scheduler_job.py:182} INFO - Started process (PID=648) to work on /usr/local/lib/python3.6/dist-packages/airflow/example_dags/example_task_group.py
[2021-09-30 07:41:02,655] {scheduler_job.py:629} INFO - Processing file /usr/local/lib/python3.6/dist-packages/airflow/example_dags/example_task_group.py for tasks to queue
[2021-09-30 07:41:02,655] {logging_mixin.py:104} INFO - [2021-09-30 07:41:02,655] {dagbag.py:451} INFO - Filling up the DagBag from /usr/local/lib/python3.6/dist-packages/airflow/example_dags/example_task_group.py
[2021-09-30 07:41:02,663] {scheduler_job.py:639} INFO - DAG(s) dict_keys(['example_task_group']) retrieved from /usr/local/lib/python3.6/dist-packages/airflow/example_dags/example_task_group.py
[2021-09-30 07:41:02,680] {logging_mixin.py:104} INFO - [2021-09-30 07:41:02,680] {dag.py:1824} INFO - Sync 1 DAGs
[2021-09-30 07:41:02,689] {logging_mixin.py:104} INFO - [2021-09-30 07:41:02,689] {dag.py:2280} INFO - Setting next_dagrun for example_task_group to 2021-09-28 00:00:00+00:00
[2021-09-30 07:41:02,694] {scheduler_job.py:190} INFO - Processing /usr/local/lib/python3.6/dist-packages/airflow/example_dags/example_task_group.py took 0.042 seconds
[2021-09-30 07:41:33,396] {scheduler_job.py:182} INFO - Started process (PID=722) to work on /usr/local/lib/python3.6/dist-packages/airflow/example_dags/example_task_group.py
[2021-09-30 07:41:33,396] {scheduler_job.py:629} INFO - Processing file /usr/local/lib/python3.6/dist-packages/airflow/example_dags/example_task_group.py for tasks to queue
[2021-09-30 07:41:33,397] {logging_mixin.py:104} INFO - [2021-09-30 07:41:33,397] {dagbag.py:451} INFO - Filling up the DagBag from /usr/local/lib/python3.6/dist-packages/airflow/example_dags/example_task_group.py
[2021-09-30 07:41:33,403] {scheduler_job.py:639} INFO - DAG(s) dict_keys(['example_task_group']) retrieved from /usr/local/lib/python3.6/dist-packages/airflow/example_dags/example_task_group.py
[2021-09-30 07:41:33,417] {logging_mixin.py:104} INFO - [2021-09-30 07:41:33,417] {dag.py:1824} INFO - Sync 1 DAGs
[2021-09-30 07:41:33,425] {logging_mixin.py:104} INFO - [2021-09-30 07:41:33,425] {dag.py:2280} INFO - Setting next_dagrun for example_task_group to 2021-09-28 00:00:00+00:00
[2021-09-30 07:41:33,430] {scheduler_job.py:190} INFO - Processing /usr/local/lib/python3.6/dist-packages/airflow/example_dags/example_task_group.py took 0.036 seconds
[2021-09-30 07:42:04,087] {scheduler_job.py:182} INFO - Started process (PID=798) to work on /usr/local/lib/python3.6/dist-packages/airflow/example_dags/example_task_group.py
[2021-09-30 07:42:04,087] {scheduler_job.py:629} INFO - Processing file /usr/local/lib/python3.6/dist-packages/airflow/example_dags/example_task_group.py for tasks to queue
[2021-09-30 07:42:04,088] {logging_mixin.py:104} INFO - [2021-09-30 07:42:04,088] {dagbag.py:451} INFO - Filling up the DagBag from /usr/local/lib/python3.6/dist-packages/airflow/example_dags/example_task_group.py
[2021-09-30 07:42:04,094] {scheduler_job.py:639} INFO - DAG(s) dict_keys(['example_task_group']) retrieved from /usr/local/lib/python3.6/dist-packages/airflow/example_dags/example_task_group.py
[2021-09-30 07:42:04,107] {logging_mixin.py:104} INFO - [2021-09-30 07:42:04,107] {dag.py:1824} INFO - Sync 1 DAGs
[2021-09-30 07:42:04,117] {logging_mixin.py:104} INFO - [2021-09-30 07:42:04,117] {dag.py:2280} INFO - Setting next_dagrun for example_task_group to 2021-09-28 00:00:00+00:00
[2021-09-30 07:42:04,123] {scheduler_job.py:190} INFO - Processing /usr/local/lib/python3.6/dist-packages/airflow/example_dags/example_task_group.py took 0.038 seconds
[2021-09-30 07:42:34,982] {scheduler_job.py:182} INFO - Started process (PID=872) to work on /usr/local/lib/python3.6/dist-packages/airflow/example_dags/example_task_group.py
[2021-09-30 07:42:34,983] {scheduler_job.py:629} INFO - Processing file /usr/local/lib/python3.6/dist-packages/airflow/example_dags/example_task_group.py for tasks to queue
[2021-09-30 07:42:34,984] {logging_mixin.py:104} INFO - [2021-09-30 07:42:34,983] {dagbag.py:451} INFO - Filling up the DagBag from /usr/local/lib/python3.6/dist-packages/airflow/example_dags/example_task_group.py
[2021-09-30 07:42:34,993] {scheduler_job.py:639} INFO - DAG(s) dict_keys(['example_task_group']) retrieved from /usr/local/lib/python3.6/dist-packages/airflow/example_dags/example_task_group.py
[2021-09-30 07:42:35,011] {logging_mixin.py:104} INFO - [2021-09-30 07:42:35,011] {dag.py:1824} INFO - Sync 1 DAGs
[2021-09-30 07:42:35,025] {logging_mixin.py:104} INFO - [2021-09-30 07:42:35,025] {dag.py:2280} INFO - Setting next_dagrun for example_task_group to 2021-09-28 00:00:00+00:00
[2021-09-30 07:42:35,034] {scheduler_job.py:190} INFO - Processing /usr/local/lib/python3.6/dist-packages/airflow/example_dags/example_task_group.py took 0.055 seconds
[2021-09-30 07:43:05,231] {scheduler_job.py:182} INFO - Started process (PID=948) to work on /usr/local/lib/python3.6/dist-packages/airflow/example_dags/example_task_group.py
[2021-09-30 07:43:05,232] {scheduler_job.py:629} INFO - Processing file /usr/local/lib/python3.6/dist-packages/airflow/example_dags/example_task_group.py for tasks to queue
[2021-09-30 07:43:05,232] {logging_mixin.py:104} INFO - [2021-09-30 07:43:05,232] {dagbag.py:451} INFO - Filling up the DagBag from /usr/local/lib/python3.6/dist-packages/airflow/example_dags/example_task_group.py
[2021-09-30 07:43:05,243] {scheduler_job.py:639} INFO - DAG(s) dict_keys(['example_task_group']) retrieved from /usr/local/lib/python3.6/dist-packages/airflow/example_dags/example_task_group.py
[2021-09-30 07:43:05,263] {logging_mixin.py:104} INFO - [2021-09-30 07:43:05,263] {dag.py:1824} INFO - Sync 1 DAGs
[2021-09-30 07:43:05,279] {logging_mixin.py:104} INFO - [2021-09-30 07:43:05,279] {dag.py:2280} INFO - Setting next_dagrun for example_task_group to 2021-09-28 00:00:00+00:00
[2021-09-30 07:43:05,290] {scheduler_job.py:190} INFO - Processing /usr/local/lib/python3.6/dist-packages/airflow/example_dags/example_task_group.py took 0.061 seconds
[2021-09-30 07:43:49,559] {scheduler_job.py:182} INFO - Started process (PID=56) to work on /usr/local/lib/python3.6/dist-packages/airflow/example_dags/example_task_group.py
[2021-09-30 07:43:49,560] {scheduler_job.py:629} INFO - Processing file /usr/local/lib/python3.6/dist-packages/airflow/example_dags/example_task_group.py for tasks to queue
[2021-09-30 07:43:49,560] {logging_mixin.py:104} INFO - [2021-09-30 07:43:49,560] {dagbag.py:451} INFO - Filling up the DagBag from /usr/local/lib/python3.6/dist-packages/airflow/example_dags/example_task_group.py
[2021-09-30 07:43:49,575] {scheduler_job.py:639} INFO - DAG(s) dict_keys(['example_task_group']) retrieved from /usr/local/lib/python3.6/dist-packages/airflow/example_dags/example_task_group.py
[2021-09-30 07:43:49,613] {logging_mixin.py:104} INFO - [2021-09-30 07:43:49,613] {dag.py:1824} INFO - Sync 1 DAGs
[2021-09-30 07:43:49,633] {logging_mixin.py:104} INFO - [2021-09-30 07:43:49,632] {dag.py:2280} INFO - Setting next_dagrun for example_task_group to 2021-09-28 00:00:00+00:00
[2021-09-30 07:43:49,644] {scheduler_job.py:190} INFO - Processing /usr/local/lib/python3.6/dist-packages/airflow/example_dags/example_task_group.py took 0.091 seconds
[2021-09-30 07:44:20,038] {scheduler_job.py:182} INFO - Started process (PID=194) to work on /usr/local/lib/python3.6/dist-packages/airflow/example_dags/example_task_group.py
[2021-09-30 07:44:20,039] {scheduler_job.py:629} INFO - Processing file /usr/local/lib/python3.6/dist-packages/airflow/example_dags/example_task_group.py for tasks to queue
[2021-09-30 07:44:20,039] {logging_mixin.py:104} INFO - [2021-09-30 07:44:20,039] {dagbag.py:451} INFO - Filling up the DagBag from /usr/local/lib/python3.6/dist-packages/airflow/example_dags/example_task_group.py
[2021-09-30 07:44:20,047] {scheduler_job.py:639} INFO - DAG(s) dict_keys(['example_task_group']) retrieved from /usr/local/lib/python3.6/dist-packages/airflow/example_dags/example_task_group.py
[2021-09-30 07:44:20,062] {logging_mixin.py:104} INFO - [2021-09-30 07:44:20,062] {dag.py:1824} INFO - Sync 1 DAGs
[2021-09-30 07:44:20,074] {logging_mixin.py:104} INFO - [2021-09-30 07:44:20,074] {dag.py:2280} INFO - Setting next_dagrun for example_task_group to 2021-09-28 00:00:00+00:00
[2021-09-30 07:44:20,081] {scheduler_job.py:190} INFO - Processing /usr/local/lib/python3.6/dist-packages/airflow/example_dags/example_task_group.py took 0.045 seconds
[2021-09-30 07:44:50,916] {scheduler_job.py:182} INFO - Started process (PID=269) to work on /usr/local/lib/python3.6/dist-packages/airflow/example_dags/example_task_group.py
[2021-09-30 07:44:50,916] {scheduler_job.py:629} INFO - Processing file /usr/local/lib/python3.6/dist-packages/airflow/example_dags/example_task_group.py for tasks to queue
[2021-09-30 07:44:50,917] {logging_mixin.py:104} INFO - [2021-09-30 07:44:50,917] {dagbag.py:451} INFO - Filling up the DagBag from /usr/local/lib/python3.6/dist-packages/airflow/example_dags/example_task_group.py
[2021-09-30 07:44:50,926] {scheduler_job.py:639} INFO - DAG(s) dict_keys(['example_task_group']) retrieved from /usr/local/lib/python3.6/dist-packages/airflow/example_dags/example_task_group.py
[2021-09-30 07:44:50,942] {logging_mixin.py:104} INFO - [2021-09-30 07:44:50,942] {dag.py:1824} INFO - Sync 1 DAGs
[2021-09-30 07:44:50,954] {logging_mixin.py:104} INFO - [2021-09-30 07:44:50,954] {dag.py:2280} INFO - Setting next_dagrun for example_task_group to 2021-09-28 00:00:00+00:00
[2021-09-30 07:44:50,962] {scheduler_job.py:190} INFO - Processing /usr/local/lib/python3.6/dist-packages/airflow/example_dags/example_task_group.py took 0.049 seconds
[2021-09-30 07:45:21,302] {scheduler_job.py:182} INFO - Started process (PID=347) to work on /usr/local/lib/python3.6/dist-packages/airflow/example_dags/example_task_group.py
[2021-09-30 07:45:21,303] {scheduler_job.py:629} INFO - Processing file /usr/local/lib/python3.6/dist-packages/airflow/example_dags/example_task_group.py for tasks to queue
[2021-09-30 07:45:21,304] {logging_mixin.py:104} INFO - [2021-09-30 07:45:21,304] {dagbag.py:451} INFO - Filling up the DagBag from /usr/local/lib/python3.6/dist-packages/airflow/example_dags/example_task_group.py
[2021-09-30 07:45:21,312] {scheduler_job.py:639} INFO - DAG(s) dict_keys(['example_task_group']) retrieved from /usr/local/lib/python3.6/dist-packages/airflow/example_dags/example_task_group.py
[2021-09-30 07:45:21,330] {logging_mixin.py:104} INFO - [2021-09-30 07:45:21,330] {dag.py:1824} INFO - Sync 1 DAGs
[2021-09-30 07:45:21,342] {logging_mixin.py:104} INFO - [2021-09-30 07:45:21,342] {dag.py:2280} INFO - Setting next_dagrun for example_task_group to 2021-09-28 00:00:00+00:00
[2021-09-30 07:45:21,350] {scheduler_job.py:190} INFO - Processing /usr/local/lib/python3.6/dist-packages/airflow/example_dags/example_task_group.py took 0.050 seconds
[2021-09-30 07:45:51,893] {scheduler_job.py:182} INFO - Started process (PID=421) to work on /usr/local/lib/python3.6/dist-packages/airflow/example_dags/example_task_group.py
[2021-09-30 07:45:51,894] {scheduler_job.py:629} INFO - Processing file /usr/local/lib/python3.6/dist-packages/airflow/example_dags/example_task_group.py for tasks to queue
[2021-09-30 07:45:51,894] {logging_mixin.py:104} INFO - [2021-09-30 07:45:51,894] {dagbag.py:451} INFO - Filling up the DagBag from /usr/local/lib/python3.6/dist-packages/airflow/example_dags/example_task_group.py
[2021-09-30 07:45:51,904] {scheduler_job.py:639} INFO - DAG(s) dict_keys(['example_task_group']) retrieved from /usr/local/lib/python3.6/dist-packages/airflow/example_dags/example_task_group.py
[2021-09-30 07:45:51,921] {logging_mixin.py:104} INFO - [2021-09-30 07:45:51,921] {dag.py:1824} INFO - Sync 1 DAGs
[2021-09-30 07:45:51,934] {logging_mixin.py:104} INFO - [2021-09-30 07:45:51,934] {dag.py:2280} INFO - Setting next_dagrun for example_task_group to 2021-09-28 00:00:00+00:00
[2021-09-30 07:45:51,943] {scheduler_job.py:190} INFO - Processing /usr/local/lib/python3.6/dist-packages/airflow/example_dags/example_task_group.py took 0.052 seconds
[2021-09-30 07:46:21,974] {scheduler_job.py:182} INFO - Started process (PID=498) to work on /usr/local/lib/python3.6/dist-packages/airflow/example_dags/example_task_group.py
[2021-09-30 07:46:21,975] {scheduler_job.py:629} INFO - Processing file /usr/local/lib/python3.6/dist-packages/airflow/example_dags/example_task_group.py for tasks to queue
[2021-09-30 07:46:21,975] {logging_mixin.py:104} INFO - [2021-09-30 07:46:21,975] {dagbag.py:451} INFO - Filling up the DagBag from /usr/local/lib/python3.6/dist-packages/airflow/example_dags/example_task_group.py
[2021-09-30 07:46:21,985] {scheduler_job.py:639} INFO - DAG(s) dict_keys(['example_task_group']) retrieved from /usr/local/lib/python3.6/dist-packages/airflow/example_dags/example_task_group.py
[2021-09-30 07:46:22,005] {logging_mixin.py:104} INFO - [2021-09-30 07:46:22,005] {dag.py:1824} INFO - Sync 1 DAGs
[2021-09-30 07:46:22,021] {logging_mixin.py:104} INFO - [2021-09-30 07:46:22,021] {dag.py:2280} INFO - Setting next_dagrun for example_task_group to 2021-09-28 00:00:00+00:00
[2021-09-30 07:46:22,030] {scheduler_job.py:190} INFO - Processing /usr/local/lib/python3.6/dist-packages/airflow/example_dags/example_task_group.py took 0.058 seconds
[2021-09-30 07:46:52,306] {scheduler_job.py:182} INFO - Started process (PID=574) to work on /usr/local/lib/python3.6/dist-packages/airflow/example_dags/example_task_group.py
[2021-09-30 07:46:52,306] {scheduler_job.py:629} INFO - Processing file /usr/local/lib/python3.6/dist-packages/airflow/example_dags/example_task_group.py for tasks to queue
[2021-09-30 07:46:52,307] {logging_mixin.py:104} INFO - [2021-09-30 07:46:52,307] {dagbag.py:451} INFO - Filling up the DagBag from /usr/local/lib/python3.6/dist-packages/airflow/example_dags/example_task_group.py
[2021-09-30 07:46:52,315] {scheduler_job.py:639} INFO - DAG(s) dict_keys(['example_task_group']) retrieved from /usr/local/lib/python3.6/dist-packages/airflow/example_dags/example_task_group.py
[2021-09-30 07:46:52,329] {logging_mixin.py:104} INFO - [2021-09-30 07:46:52,329] {dag.py:1824} INFO - Sync 1 DAGs
[2021-09-30 07:46:52,340] {logging_mixin.py:104} INFO - [2021-09-30 07:46:52,340] {dag.py:2280} INFO - Setting next_dagrun for example_task_group to 2021-09-28 00:00:00+00:00
[2021-09-30 07:46:52,347] {scheduler_job.py:190} INFO - Processing /usr/local/lib/python3.6/dist-packages/airflow/example_dags/example_task_group.py took 0.043 seconds
[2021-09-30 07:47:22,911] {scheduler_job.py:182} INFO - Started process (PID=655) to work on /usr/local/lib/python3.6/dist-packages/airflow/example_dags/example_task_group.py
[2021-09-30 07:47:22,912] {scheduler_job.py:629} INFO - Processing file /usr/local/lib/python3.6/dist-packages/airflow/example_dags/example_task_group.py for tasks to queue
[2021-09-30 07:47:22,912] {logging_mixin.py:104} INFO - [2021-09-30 07:47:22,912] {dagbag.py:451} INFO - Filling up the DagBag from /usr/local/lib/python3.6/dist-packages/airflow/example_dags/example_task_group.py
[2021-09-30 07:47:22,921] {scheduler_job.py:639} INFO - DAG(s) dict_keys(['example_task_group']) retrieved from /usr/local/lib/python3.6/dist-packages/airflow/example_dags/example_task_group.py
[2021-09-30 07:47:22,939] {logging_mixin.py:104} INFO - [2021-09-30 07:47:22,939] {dag.py:1824} INFO - Sync 1 DAGs
[2021-09-30 07:47:22,955] {logging_mixin.py:104} INFO - [2021-09-30 07:47:22,955] {dag.py:2280} INFO - Setting next_dagrun for example_task_group to 2021-09-28 00:00:00+00:00
[2021-09-30 07:47:22,965] {scheduler_job.py:190} INFO - Processing /usr/local/lib/python3.6/dist-packages/airflow/example_dags/example_task_group.py took 0.056 seconds
[2021-09-30 07:47:53,036] {scheduler_job.py:182} INFO - Started process (PID=729) to work on /usr/local/lib/python3.6/dist-packages/airflow/example_dags/example_task_group.py
[2021-09-30 07:47:53,037] {scheduler_job.py:629} INFO - Processing file /usr/local/lib/python3.6/dist-packages/airflow/example_dags/example_task_group.py for tasks to queue
[2021-09-30 07:47:53,037] {logging_mixin.py:104} INFO - [2021-09-30 07:47:53,037] {dagbag.py:451} INFO - Filling up the DagBag from /usr/local/lib/python3.6/dist-packages/airflow/example_dags/example_task_group.py
[2021-09-30 07:47:53,046] {scheduler_job.py:639} INFO - DAG(s) dict_keys(['example_task_group']) retrieved from /usr/local/lib/python3.6/dist-packages/airflow/example_dags/example_task_group.py
[2021-09-30 07:47:53,061] {logging_mixin.py:104} INFO - [2021-09-30 07:47:53,061] {dag.py:1824} INFO - Sync 1 DAGs
[2021-09-30 07:47:53,073] {logging_mixin.py:104} INFO - [2021-09-30 07:47:53,073] {dag.py:2280} INFO - Setting next_dagrun for example_task_group to 2021-09-28 00:00:00+00:00
[2021-09-30 07:47:53,083] {scheduler_job.py:190} INFO - Processing /usr/local/lib/python3.6/dist-packages/airflow/example_dags/example_task_group.py took 0.049 seconds
[2021-09-30 07:48:23,136] {scheduler_job.py:182} INFO - Started process (PID=797) to work on /usr/local/lib/python3.6/dist-packages/airflow/example_dags/example_task_group.py
[2021-09-30 07:48:23,138] {scheduler_job.py:629} INFO - Processing file /usr/local/lib/python3.6/dist-packages/airflow/example_dags/example_task_group.py for tasks to queue
[2021-09-30 07:48:23,139] {logging_mixin.py:104} INFO - [2021-09-30 07:48:23,139] {dagbag.py:451} INFO - Filling up the DagBag from /usr/local/lib/python3.6/dist-packages/airflow/example_dags/example_task_group.py
[2021-09-30 07:48:23,149] {scheduler_job.py:639} INFO - DAG(s) dict_keys(['example_task_group']) retrieved from /usr/local/lib/python3.6/dist-packages/airflow/example_dags/example_task_group.py
[2021-09-30 07:48:23,166] {logging_mixin.py:104} INFO - [2021-09-30 07:48:23,166] {dag.py:1824} INFO - Sync 1 DAGs
[2021-09-30 07:48:23,178] {logging_mixin.py:104} INFO - [2021-09-30 07:48:23,178] {dag.py:2280} INFO - Setting next_dagrun for example_task_group to 2021-09-28 00:00:00+00:00
[2021-09-30 07:48:23,186] {scheduler_job.py:190} INFO - Processing /usr/local/lib/python3.6/dist-packages/airflow/example_dags/example_task_group.py took 0.057 seconds
[2021-09-30 07:48:53,260] {scheduler_job.py:182} INFO - Started process (PID=873) to work on /usr/local/lib/python3.6/dist-packages/airflow/example_dags/example_task_group.py
[2021-09-30 07:48:53,261] {scheduler_job.py:629} INFO - Processing file /usr/local/lib/python3.6/dist-packages/airflow/example_dags/example_task_group.py for tasks to queue
[2021-09-30 07:48:53,261] {logging_mixin.py:104} INFO - [2021-09-30 07:48:53,261] {dagbag.py:451} INFO - Filling up the DagBag from /usr/local/lib/python3.6/dist-packages/airflow/example_dags/example_task_group.py
[2021-09-30 07:48:53,270] {scheduler_job.py:639} INFO - DAG(s) dict_keys(['example_task_group']) retrieved from /usr/local/lib/python3.6/dist-packages/airflow/example_dags/example_task_group.py
[2021-09-30 07:48:53,286] {logging_mixin.py:104} INFO - [2021-09-30 07:48:53,286] {dag.py:1824} INFO - Sync 1 DAGs
[2021-09-30 07:48:53,300] {logging_mixin.py:104} INFO - [2021-09-30 07:48:53,300] {dag.py:2280} INFO - Setting next_dagrun for example_task_group to 2021-09-28 00:00:00+00:00
[2021-09-30 07:48:53,308] {scheduler_job.py:190} INFO - Processing /usr/local/lib/python3.6/dist-packages/airflow/example_dags/example_task_group.py took 0.050 seconds
[2021-09-30 07:49:23,708] {scheduler_job.py:182} INFO - Started process (PID=953) to work on /usr/local/lib/python3.6/dist-packages/airflow/example_dags/example_task_group.py
[2021-09-30 07:49:23,709] {scheduler_job.py:629} INFO - Processing file /usr/local/lib/python3.6/dist-packages/airflow/example_dags/example_task_group.py for tasks to queue
[2021-09-30 07:49:23,709] {logging_mixin.py:104} INFO - [2021-09-30 07:49:23,709] {dagbag.py:451} INFO - Filling up the DagBag from /usr/local/lib/python3.6/dist-packages/airflow/example_dags/example_task_group.py
[2021-09-30 07:49:23,718] {scheduler_job.py:639} INFO - DAG(s) dict_keys(['example_task_group']) retrieved from /usr/local/lib/python3.6/dist-packages/airflow/example_dags/example_task_group.py
[2021-09-30 07:49:23,735] {logging_mixin.py:104} INFO - [2021-09-30 07:49:23,735] {dag.py:1824} INFO - Sync 1 DAGs
[2021-09-30 07:49:23,749] {logging_mixin.py:104} INFO - [2021-09-30 07:49:23,749] {dag.py:2280} INFO - Setting next_dagrun for example_task_group to 2021-09-28 00:00:00+00:00
[2021-09-30 07:49:23,758] {scheduler_job.py:190} INFO - Processing /usr/local/lib/python3.6/dist-packages/airflow/example_dags/example_task_group.py took 0.052 seconds
[2021-09-30 07:49:53,985] {scheduler_job.py:182} INFO - Started process (PID=1027) to work on /usr/local/lib/python3.6/dist-packages/airflow/example_dags/example_task_group.py
[2021-09-30 07:49:53,986] {scheduler_job.py:629} INFO - Processing file /usr/local/lib/python3.6/dist-packages/airflow/example_dags/example_task_group.py for tasks to queue
[2021-09-30 07:49:53,986] {logging_mixin.py:104} INFO - [2021-09-30 07:49:53,986] {dagbag.py:451} INFO - Filling up the DagBag from /usr/local/lib/python3.6/dist-packages/airflow/example_dags/example_task_group.py
[2021-09-30 07:49:53,998] {scheduler_job.py:639} INFO - DAG(s) dict_keys(['example_task_group']) retrieved from /usr/local/lib/python3.6/dist-packages/airflow/example_dags/example_task_group.py
[2021-09-30 07:49:54,016] {logging_mixin.py:104} INFO - [2021-09-30 07:49:54,016] {dag.py:1824} INFO - Sync 1 DAGs
[2021-09-30 07:49:54,031] {logging_mixin.py:104} INFO - [2021-09-30 07:49:54,030] {dag.py:2280} INFO - Setting next_dagrun for example_task_group to 2021-09-28 00:00:00+00:00
[2021-09-30 07:49:54,040] {scheduler_job.py:190} INFO - Processing /usr/local/lib/python3.6/dist-packages/airflow/example_dags/example_task_group.py took 0.057 seconds
[2021-09-30 07:50:24,161] {scheduler_job.py:182} INFO - Started process (PID=1102) to work on /usr/local/lib/python3.6/dist-packages/airflow/example_dags/example_task_group.py
[2021-09-30 07:50:24,162] {scheduler_job.py:629} INFO - Processing file /usr/local/lib/python3.6/dist-packages/airflow/example_dags/example_task_group.py for tasks to queue
[2021-09-30 07:50:24,162] {logging_mixin.py:104} INFO - [2021-09-30 07:50:24,162] {dagbag.py:451} INFO - Filling up the DagBag from /usr/local/lib/python3.6/dist-packages/airflow/example_dags/example_task_group.py
[2021-09-30 07:50:24,171] {scheduler_job.py:639} INFO - DAG(s) dict_keys(['example_task_group']) retrieved from /usr/local/lib/python3.6/dist-packages/airflow/example_dags/example_task_group.py
[2021-09-30 07:50:24,187] {logging_mixin.py:104} INFO - [2021-09-30 07:50:24,187] {dag.py:1824} INFO - Sync 1 DAGs
[2021-09-30 07:50:24,198] {logging_mixin.py:104} INFO - [2021-09-30 07:50:24,198] {dag.py:2280} INFO - Setting next_dagrun for example_task_group to 2021-09-28 00:00:00+00:00
[2021-09-30 07:50:24,206] {scheduler_job.py:190} INFO - Processing /usr/local/lib/python3.6/dist-packages/airflow/example_dags/example_task_group.py took 0.047 seconds
[2021-09-30 07:50:54,322] {scheduler_job.py:182} INFO - Started process (PID=1176) to work on /usr/local/lib/python3.6/dist-packages/airflow/example_dags/example_task_group.py
[2021-09-30 07:50:54,323] {scheduler_job.py:629} INFO - Processing file /usr/local/lib/python3.6/dist-packages/airflow/example_dags/example_task_group.py for tasks to queue
[2021-09-30 07:50:54,323] {logging_mixin.py:104} INFO - [2021-09-30 07:50:54,323] {dagbag.py:451} INFO - Filling up the DagBag from /usr/local/lib/python3.6/dist-packages/airflow/example_dags/example_task_group.py
[2021-09-30 07:50:54,331] {scheduler_job.py:639} INFO - DAG(s) dict_keys(['example_task_group']) retrieved from /usr/local/lib/python3.6/dist-packages/airflow/example_dags/example_task_group.py
[2021-09-30 07:50:54,350] {logging_mixin.py:104} INFO - [2021-09-30 07:50:54,349] {dag.py:1824} INFO - Sync 1 DAGs
[2021-09-30 07:50:54,364] {logging_mixin.py:104} INFO - [2021-09-30 07:50:54,364] {dag.py:2280} INFO - Setting next_dagrun for example_task_group to 2021-09-28 00:00:00+00:00
[2021-09-30 07:50:54,372] {scheduler_job.py:190} INFO - Processing /usr/local/lib/python3.6/dist-packages/airflow/example_dags/example_task_group.py took 0.053 seconds
[2021-09-30 07:51:24,549] {scheduler_job.py:182} INFO - Started process (PID=1249) to work on /usr/local/lib/python3.6/dist-packages/airflow/example_dags/example_task_group.py
[2021-09-30 07:51:24,550] {scheduler_job.py:629} INFO - Processing file /usr/local/lib/python3.6/dist-packages/airflow/example_dags/example_task_group.py for tasks to queue
[2021-09-30 07:51:24,550] {logging_mixin.py:104} INFO - [2021-09-30 07:51:24,550] {dagbag.py:451} INFO - Filling up the DagBag from /usr/local/lib/python3.6/dist-packages/airflow/example_dags/example_task_group.py
[2021-09-30 07:51:24,558] {scheduler_job.py:639} INFO - DAG(s) dict_keys(['example_task_group']) retrieved from /usr/local/lib/python3.6/dist-packages/airflow/example_dags/example_task_group.py
[2021-09-30 07:51:24,575] {logging_mixin.py:104} INFO - [2021-09-30 07:51:24,575] {dag.py:1824} INFO - Sync 1 DAGs
[2021-09-30 07:51:24,587] {logging_mixin.py:104} INFO - [2021-09-30 07:51:24,587] {dag.py:2280} INFO - Setting next_dagrun for example_task_group to 2021-09-28 00:00:00+00:00
[2021-09-30 07:51:24,594] {scheduler_job.py:190} INFO - Processing /usr/local/lib/python3.6/dist-packages/airflow/example_dags/example_task_group.py took 0.047 seconds
[2021-09-30 07:51:55,631] {scheduler_job.py:182} INFO - Started process (PID=1329) to work on /usr/local/lib/python3.6/dist-packages/airflow/example_dags/example_task_group.py
[2021-09-30 07:51:55,631] {scheduler_job.py:629} INFO - Processing file /usr/local/lib/python3.6/dist-packages/airflow/example_dags/example_task_group.py for tasks to queue
[2021-09-30 07:51:55,632] {logging_mixin.py:104} INFO - [2021-09-30 07:51:55,632] {dagbag.py:451} INFO - Filling up the DagBag from /usr/local/lib/python3.6/dist-packages/airflow/example_dags/example_task_group.py
[2021-09-30 07:51:55,643] {scheduler_job.py:639} INFO - DAG(s) dict_keys(['example_task_group']) retrieved from /usr/local/lib/python3.6/dist-packages/airflow/example_dags/example_task_group.py
[2021-09-30 07:51:55,659] {logging_mixin.py:104} INFO - [2021-09-30 07:51:55,659] {dag.py:1824} INFO - Sync 1 DAGs
[2021-09-30 07:51:55,671] {logging_mixin.py:104} INFO - [2021-09-30 07:51:55,671] {dag.py:2280} INFO - Setting next_dagrun for example_task_group to 2021-09-28 00:00:00+00:00
[2021-09-30 07:51:55,679] {scheduler_job.py:190} INFO - Processing /usr/local/lib/python3.6/dist-packages/airflow/example_dags/example_task_group.py took 0.050 seconds
[2021-09-30 07:52:26,604] {scheduler_job.py:182} INFO - Started process (PID=1389) to work on /usr/local/lib/python3.6/dist-packages/airflow/example_dags/example_task_group.py
[2021-09-30 07:52:26,605] {scheduler_job.py:629} INFO - Processing file /usr/local/lib/python3.6/dist-packages/airflow/example_dags/example_task_group.py for tasks to queue
[2021-09-30 07:52:26,607] {logging_mixin.py:104} INFO - [2021-09-30 07:52:26,606] {dagbag.py:451} INFO - Filling up the DagBag from /usr/local/lib/python3.6/dist-packages/airflow/example_dags/example_task_group.py
[2021-09-30 07:52:26,617] {scheduler_job.py:639} INFO - DAG(s) dict_keys(['example_task_group']) retrieved from /usr/local/lib/python3.6/dist-packages/airflow/example_dags/example_task_group.py
[2021-09-30 07:52:26,634] {logging_mixin.py:104} INFO - [2021-09-30 07:52:26,634] {dag.py:1824} INFO - Sync 1 DAGs
[2021-09-30 07:52:26,645] {logging_mixin.py:104} INFO - [2021-09-30 07:52:26,645] {dag.py:2280} INFO - Setting next_dagrun for example_task_group to 2021-09-28 00:00:00+00:00
[2021-09-30 07:52:26,653] {scheduler_job.py:190} INFO - Processing /usr/local/lib/python3.6/dist-packages/airflow/example_dags/example_task_group.py took 0.051 seconds
[2021-09-30 07:52:57,298] {scheduler_job.py:182} INFO - Started process (PID=1464) to work on /usr/local/lib/python3.6/dist-packages/airflow/example_dags/example_task_group.py
[2021-09-30 07:52:57,298] {scheduler_job.py:629} INFO - Processing file /usr/local/lib/python3.6/dist-packages/airflow/example_dags/example_task_group.py for tasks to queue
[2021-09-30 07:52:57,299] {logging_mixin.py:104} INFO - [2021-09-30 07:52:57,299] {dagbag.py:451} INFO - Filling up the DagBag from /usr/local/lib/python3.6/dist-packages/airflow/example_dags/example_task_group.py
[2021-09-30 07:52:57,307] {scheduler_job.py:639} INFO - DAG(s) dict_keys(['example_task_group']) retrieved from /usr/local/lib/python3.6/dist-packages/airflow/example_dags/example_task_group.py
[2021-09-30 07:52:57,322] {logging_mixin.py:104} INFO - [2021-09-30 07:52:57,322] {dag.py:1824} INFO - Sync 1 DAGs
[2021-09-30 07:52:57,337] {logging_mixin.py:104} INFO - [2021-09-30 07:52:57,337] {dag.py:2280} INFO - Setting next_dagrun for example_task_group to 2021-09-28 00:00:00+00:00
[2021-09-30 07:52:57,346] {scheduler_job.py:190} INFO - Processing /usr/local/lib/python3.6/dist-packages/airflow/example_dags/example_task_group.py took 0.050 seconds
[2021-09-30 07:53:27,425] {scheduler_job.py:182} INFO - Started process (PID=1538) to work on /usr/local/lib/python3.6/dist-packages/airflow/example_dags/example_task_group.py
[2021-09-30 07:53:27,426] {scheduler_job.py:629} INFO - Processing file /usr/local/lib/python3.6/dist-packages/airflow/example_dags/example_task_group.py for tasks to queue
[2021-09-30 07:53:27,427] {logging_mixin.py:104} INFO - [2021-09-30 07:53:27,427] {dagbag.py:451} INFO - Filling up the DagBag from /usr/local/lib/python3.6/dist-packages/airflow/example_dags/example_task_group.py
[2021-09-30 07:53:27,437] {scheduler_job.py:639} INFO - DAG(s) dict_keys(['example_task_group']) retrieved from /usr/local/lib/python3.6/dist-packages/airflow/example_dags/example_task_group.py
[2021-09-30 07:53:27,456] {logging_mixin.py:104} INFO - [2021-09-30 07:53:27,456] {dag.py:1824} INFO - Sync 1 DAGs
[2021-09-30 07:53:27,469] {logging_mixin.py:104} INFO - [2021-09-30 07:53:27,468] {dag.py:2280} INFO - Setting next_dagrun for example_task_group to 2021-09-28 00:00:00+00:00
[2021-09-30 07:53:27,477] {scheduler_job.py:190} INFO - Processing /usr/local/lib/python3.6/dist-packages/airflow/example_dags/example_task_group.py took 0.054 seconds
[2021-09-30 07:53:57,566] {scheduler_job.py:182} INFO - Started process (PID=1610) to work on /usr/local/lib/python3.6/dist-packages/airflow/example_dags/example_task_group.py
[2021-09-30 07:53:57,567] {scheduler_job.py:629} INFO - Processing file /usr/local/lib/python3.6/dist-packages/airflow/example_dags/example_task_group.py for tasks to queue
[2021-09-30 07:53:57,568] {logging_mixin.py:104} INFO - [2021-09-30 07:53:57,567] {dagbag.py:451} INFO - Filling up the DagBag from /usr/local/lib/python3.6/dist-packages/airflow/example_dags/example_task_group.py
[2021-09-30 07:53:57,576] {scheduler_job.py:639} INFO - DAG(s) dict_keys(['example_task_group']) retrieved from /usr/local/lib/python3.6/dist-packages/airflow/example_dags/example_task_group.py
[2021-09-30 07:53:57,594] {logging_mixin.py:104} INFO - [2021-09-30 07:53:57,594] {dag.py:1824} INFO - Sync 1 DAGs
[2021-09-30 07:53:57,609] {logging_mixin.py:104} INFO - [2021-09-30 07:53:57,609] {dag.py:2280} INFO - Setting next_dagrun for example_task_group to 2021-09-28 00:00:00+00:00
[2021-09-30 07:53:57,617] {scheduler_job.py:190} INFO - Processing /usr/local/lib/python3.6/dist-packages/airflow/example_dags/example_task_group.py took 0.054 seconds
[2021-09-30 07:54:28,125] {scheduler_job.py:182} INFO - Started process (PID=1689) to work on /usr/local/lib/python3.6/dist-packages/airflow/example_dags/example_task_group.py
[2021-09-30 07:54:28,126] {scheduler_job.py:629} INFO - Processing file /usr/local/lib/python3.6/dist-packages/airflow/example_dags/example_task_group.py for tasks to queue
[2021-09-30 07:54:28,126] {logging_mixin.py:104} INFO - [2021-09-30 07:54:28,126] {dagbag.py:451} INFO - Filling up the DagBag from /usr/local/lib/python3.6/dist-packages/airflow/example_dags/example_task_group.py
[2021-09-30 07:54:28,135] {scheduler_job.py:639} INFO - DAG(s) dict_keys(['example_task_group']) retrieved from /usr/local/lib/python3.6/dist-packages/airflow/example_dags/example_task_group.py
[2021-09-30 07:54:28,152] {logging_mixin.py:104} INFO - [2021-09-30 07:54:28,152] {dag.py:1824} INFO - Sync 1 DAGs
[2021-09-30 07:54:28,168] {logging_mixin.py:104} INFO - [2021-09-30 07:54:28,168] {dag.py:2280} INFO - Setting next_dagrun for example_task_group to 2021-09-28 00:00:00+00:00
[2021-09-30 07:54:28,177] {scheduler_job.py:190} INFO - Processing /usr/local/lib/python3.6/dist-packages/airflow/example_dags/example_task_group.py took 0.054 seconds
[2021-09-30 07:54:58,281] {scheduler_job.py:182} INFO - Started process (PID=1760) to work on /usr/local/lib/python3.6/dist-packages/airflow/example_dags/example_task_group.py
[2021-09-30 07:54:58,282] {scheduler_job.py:629} INFO - Processing file /usr/local/lib/python3.6/dist-packages/airflow/example_dags/example_task_group.py for tasks to queue
[2021-09-30 07:54:58,282] {logging_mixin.py:104} INFO - [2021-09-30 07:54:58,282] {dagbag.py:451} INFO - Filling up the DagBag from /usr/local/lib/python3.6/dist-packages/airflow/example_dags/example_task_group.py
[2021-09-30 07:54:58,290] {scheduler_job.py:639} INFO - DAG(s) dict_keys(['example_task_group']) retrieved from /usr/local/lib/python3.6/dist-packages/airflow/example_dags/example_task_group.py
[2021-09-30 07:54:58,305] {logging_mixin.py:104} INFO - [2021-09-30 07:54:58,305] {dag.py:1824} INFO - Sync 1 DAGs
[2021-09-30 07:54:58,317] {logging_mixin.py:104} INFO - [2021-09-30 07:54:58,317] {dag.py:2280} INFO - Setting next_dagrun for example_task_group to 2021-09-28 00:00:00+00:00
[2021-09-30 07:54:58,325] {scheduler_job.py:190} INFO - Processing /usr/local/lib/python3.6/dist-packages/airflow/example_dags/example_task_group.py took 0.046 seconds
[2021-09-30 07:55:28,586] {scheduler_job.py:182} INFO - Started process (PID=1834) to work on /usr/local/lib/python3.6/dist-packages/airflow/example_dags/example_task_group.py
[2021-09-30 07:55:28,586] {scheduler_job.py:629} INFO - Processing file /usr/local/lib/python3.6/dist-packages/airflow/example_dags/example_task_group.py for tasks to queue
[2021-09-30 07:55:28,587] {logging_mixin.py:104} INFO - [2021-09-30 07:55:28,587] {dagbag.py:451} INFO - Filling up the DagBag from /usr/local/lib/python3.6/dist-packages/airflow/example_dags/example_task_group.py
[2021-09-30 07:55:28,595] {scheduler_job.py:639} INFO - DAG(s) dict_keys(['example_task_group']) retrieved from /usr/local/lib/python3.6/dist-packages/airflow/example_dags/example_task_group.py
[2021-09-30 07:55:28,613] {logging_mixin.py:104} INFO - [2021-09-30 07:55:28,613] {dag.py:1824} INFO - Sync 1 DAGs
[2021-09-30 07:55:28,627] {logging_mixin.py:104} INFO - [2021-09-30 07:55:28,627] {dag.py:2280} INFO - Setting next_dagrun for example_task_group to 2021-09-28 00:00:00+00:00
[2021-09-30 07:55:28,634] {scheduler_job.py:190} INFO - Processing /usr/local/lib/python3.6/dist-packages/airflow/example_dags/example_task_group.py took 0.051 seconds
[2021-09-30 07:55:58,687] {scheduler_job.py:182} INFO - Started process (PID=1909) to work on /usr/local/lib/python3.6/dist-packages/airflow/example_dags/example_task_group.py
[2021-09-30 07:55:58,688] {scheduler_job.py:629} INFO - Processing file /usr/local/lib/python3.6/dist-packages/airflow/example_dags/example_task_group.py for tasks to queue
[2021-09-30 07:55:58,688] {logging_mixin.py:104} INFO - [2021-09-30 07:55:58,688] {dagbag.py:451} INFO - Filling up the DagBag from /usr/local/lib/python3.6/dist-packages/airflow/example_dags/example_task_group.py
[2021-09-30 07:55:58,697] {scheduler_job.py:639} INFO - DAG(s) dict_keys(['example_task_group']) retrieved from /usr/local/lib/python3.6/dist-packages/airflow/example_dags/example_task_group.py
[2021-09-30 07:55:58,713] {logging_mixin.py:104} INFO - [2021-09-30 07:55:58,713] {dag.py:1824} INFO - Sync 1 DAGs
[2021-09-30 07:55:58,726] {logging_mixin.py:104} INFO - [2021-09-30 07:55:58,725] {dag.py:2280} INFO - Setting next_dagrun for example_task_group to 2021-09-28 00:00:00+00:00
[2021-09-30 07:55:58,733] {scheduler_job.py:190} INFO - Processing /usr/local/lib/python3.6/dist-packages/airflow/example_dags/example_task_group.py took 0.049 seconds
[2021-09-30 07:56:28,830] {scheduler_job.py:182} INFO - Started process (PID=1985) to work on /usr/local/lib/python3.6/dist-packages/airflow/example_dags/example_task_group.py
[2021-09-30 07:56:28,831] {scheduler_job.py:629} INFO - Processing file /usr/local/lib/python3.6/dist-packages/airflow/example_dags/example_task_group.py for tasks to queue
[2021-09-30 07:56:28,831] {logging_mixin.py:104} INFO - [2021-09-30 07:56:28,831] {dagbag.py:451} INFO - Filling up the DagBag from /usr/local/lib/python3.6/dist-packages/airflow/example_dags/example_task_group.py
[2021-09-30 07:56:28,838] {scheduler_job.py:639} INFO - DAG(s) dict_keys(['example_task_group']) retrieved from /usr/local/lib/python3.6/dist-packages/airflow/example_dags/example_task_group.py
[2021-09-30 07:56:28,854] {logging_mixin.py:104} INFO - [2021-09-30 07:56:28,854] {dag.py:1824} INFO - Sync 1 DAGs
[2021-09-30 07:56:28,865] {logging_mixin.py:104} INFO - [2021-09-30 07:56:28,864] {dag.py:2280} INFO - Setting next_dagrun for example_task_group to 2021-09-28 00:00:00+00:00
[2021-09-30 07:56:28,871] {scheduler_job.py:190} INFO - Processing /usr/local/lib/python3.6/dist-packages/airflow/example_dags/example_task_group.py took 0.043 seconds
[2021-09-30 07:56:59,677] {scheduler_job.py:182} INFO - Started process (PID=2060) to work on /usr/local/lib/python3.6/dist-packages/airflow/example_dags/example_task_group.py
[2021-09-30 07:56:59,677] {scheduler_job.py:629} INFO - Processing file /usr/local/lib/python3.6/dist-packages/airflow/example_dags/example_task_group.py for tasks to queue
[2021-09-30 07:56:59,678] {logging_mixin.py:104} INFO - [2021-09-30 07:56:59,678] {dagbag.py:451} INFO - Filling up the DagBag from /usr/local/lib/python3.6/dist-packages/airflow/example_dags/example_task_group.py
[2021-09-30 07:56:59,686] {scheduler_job.py:639} INFO - DAG(s) dict_keys(['example_task_group']) retrieved from /usr/local/lib/python3.6/dist-packages/airflow/example_dags/example_task_group.py
[2021-09-30 07:56:59,700] {logging_mixin.py:104} INFO - [2021-09-30 07:56:59,700] {dag.py:1824} INFO - Sync 1 DAGs
[2021-09-30 07:56:59,712] {logging_mixin.py:104} INFO - [2021-09-30 07:56:59,712] {dag.py:2280} INFO - Setting next_dagrun for example_task_group to 2021-09-28 00:00:00+00:00
[2021-09-30 07:56:59,719] {scheduler_job.py:190} INFO - Processing /usr/local/lib/python3.6/dist-packages/airflow/example_dags/example_task_group.py took 0.044 seconds
[2021-09-30 07:57:30,481] {scheduler_job.py:182} INFO - Started process (PID=2134) to work on /usr/local/lib/python3.6/dist-packages/airflow/example_dags/example_task_group.py
[2021-09-30 07:57:30,482] {scheduler_job.py:629} INFO - Processing file /usr/local/lib/python3.6/dist-packages/airflow/example_dags/example_task_group.py for tasks to queue
[2021-09-30 07:57:30,483] {logging_mixin.py:104} INFO - [2021-09-30 07:57:30,483] {dagbag.py:451} INFO - Filling up the DagBag from /usr/local/lib/python3.6/dist-packages/airflow/example_dags/example_task_group.py
[2021-09-30 07:57:30,493] {scheduler_job.py:639} INFO - DAG(s) dict_keys(['example_task_group']) retrieved from /usr/local/lib/python3.6/dist-packages/airflow/example_dags/example_task_group.py
[2021-09-30 07:57:30,512] {logging_mixin.py:104} INFO - [2021-09-30 07:57:30,511] {dag.py:1824} INFO - Sync 1 DAGs
[2021-09-30 07:57:30,525] {logging_mixin.py:104} INFO - [2021-09-30 07:57:30,525] {dag.py:2280} INFO - Setting next_dagrun for example_task_group to 2021-09-28 00:00:00+00:00
[2021-09-30 07:57:30,535] {scheduler_job.py:190} INFO - Processing /usr/local/lib/python3.6/dist-packages/airflow/example_dags/example_task_group.py took 0.056 seconds
[2021-09-30 07:58:00,560] {scheduler_job.py:182} INFO - Started process (PID=2210) to work on /usr/local/lib/python3.6/dist-packages/airflow/example_dags/example_task_group.py
[2021-09-30 07:58:00,560] {scheduler_job.py:629} INFO - Processing file /usr/local/lib/python3.6/dist-packages/airflow/example_dags/example_task_group.py for tasks to queue
[2021-09-30 07:58:00,561] {logging_mixin.py:104} INFO - [2021-09-30 07:58:00,561] {dagbag.py:451} INFO - Filling up the DagBag from /usr/local/lib/python3.6/dist-packages/airflow/example_dags/example_task_group.py
[2021-09-30 07:58:00,569] {scheduler_job.py:639} INFO - DAG(s) dict_keys(['example_task_group']) retrieved from /usr/local/lib/python3.6/dist-packages/airflow/example_dags/example_task_group.py
[2021-09-30 07:58:00,584] {logging_mixin.py:104} INFO - [2021-09-30 07:58:00,584] {dag.py:1824} INFO - Sync 1 DAGs
[2021-09-30 07:58:00,595] {logging_mixin.py:104} INFO - [2021-09-30 07:58:00,595] {dag.py:2280} INFO - Setting next_dagrun for example_task_group to 2021-09-28 00:00:00+00:00
[2021-09-30 07:58:00,603] {scheduler_job.py:190} INFO - Processing /usr/local/lib/python3.6/dist-packages/airflow/example_dags/example_task_group.py took 0.046 seconds
[2021-09-30 07:58:30,636] {scheduler_job.py:182} INFO - Started process (PID=2282) to work on /usr/local/lib/python3.6/dist-packages/airflow/example_dags/example_task_group.py
[2021-09-30 07:58:30,636] {scheduler_job.py:629} INFO - Processing file /usr/local/lib/python3.6/dist-packages/airflow/example_dags/example_task_group.py for tasks to queue
[2021-09-30 07:58:30,637] {logging_mixin.py:104} INFO - [2021-09-30 07:58:30,637] {dagbag.py:451} INFO - Filling up the DagBag from /usr/local/lib/python3.6/dist-packages/airflow/example_dags/example_task_group.py
[2021-09-30 07:58:30,645] {scheduler_job.py:639} INFO - DAG(s) dict_keys(['example_task_group']) retrieved from /usr/local/lib/python3.6/dist-packages/airflow/example_dags/example_task_group.py
[2021-09-30 07:58:30,661] {logging_mixin.py:104} INFO - [2021-09-30 07:58:30,661] {dag.py:1824} INFO - Sync 1 DAGs
[2021-09-30 07:58:30,674] {logging_mixin.py:104} INFO - [2021-09-30 07:58:30,674] {dag.py:2280} INFO - Setting next_dagrun for example_task_group to 2021-09-28 00:00:00+00:00
[2021-09-30 07:58:30,683] {scheduler_job.py:190} INFO - Processing /usr/local/lib/python3.6/dist-packages/airflow/example_dags/example_task_group.py took 0.049 seconds
[2021-09-30 07:59:00,848] {scheduler_job.py:182} INFO - Started process (PID=2358) to work on /usr/local/lib/python3.6/dist-packages/airflow/example_dags/example_task_group.py
[2021-09-30 07:59:00,849] {scheduler_job.py:629} INFO - Processing file /usr/local/lib/python3.6/dist-packages/airflow/example_dags/example_task_group.py for tasks to queue
[2021-09-30 07:59:00,849] {logging_mixin.py:104} INFO - [2021-09-30 07:59:00,849] {dagbag.py:451} INFO - Filling up the DagBag from /usr/local/lib/python3.6/dist-packages/airflow/example_dags/example_task_group.py
[2021-09-30 07:59:00,858] {scheduler_job.py:639} INFO - DAG(s) dict_keys(['example_task_group']) retrieved from /usr/local/lib/python3.6/dist-packages/airflow/example_dags/example_task_group.py
[2021-09-30 07:59:00,874] {logging_mixin.py:104} INFO - [2021-09-30 07:59:00,873] {dag.py:1824} INFO - Sync 1 DAGs
[2021-09-30 07:59:00,885] {logging_mixin.py:104} INFO - [2021-09-30 07:59:00,885] {dag.py:2280} INFO - Setting next_dagrun for example_task_group to 2021-09-28 00:00:00+00:00
[2021-09-30 07:59:00,893] {scheduler_job.py:190} INFO - Processing /usr/local/lib/python3.6/dist-packages/airflow/example_dags/example_task_group.py took 0.047 seconds
[2021-09-30 07:59:30,987] {scheduler_job.py:182} INFO - Started process (PID=2433) to work on /usr/local/lib/python3.6/dist-packages/airflow/example_dags/example_task_group.py
[2021-09-30 07:59:30,987] {scheduler_job.py:629} INFO - Processing file /usr/local/lib/python3.6/dist-packages/airflow/example_dags/example_task_group.py for tasks to queue
[2021-09-30 07:59:30,988] {logging_mixin.py:104} INFO - [2021-09-30 07:59:30,988] {dagbag.py:451} INFO - Filling up the DagBag from /usr/local/lib/python3.6/dist-packages/airflow/example_dags/example_task_group.py
[2021-09-30 07:59:30,997] {scheduler_job.py:639} INFO - DAG(s) dict_keys(['example_task_group']) retrieved from /usr/local/lib/python3.6/dist-packages/airflow/example_dags/example_task_group.py
[2021-09-30 07:59:31,012] {logging_mixin.py:104} INFO - [2021-09-30 07:59:31,011] {dag.py:1824} INFO - Sync 1 DAGs
[2021-09-30 07:59:31,023] {logging_mixin.py:104} INFO - [2021-09-30 07:59:31,023] {dag.py:2280} INFO - Setting next_dagrun for example_task_group to 2021-09-28 00:00:00+00:00
[2021-09-30 07:59:31,031] {scheduler_job.py:190} INFO - Processing /usr/local/lib/python3.6/dist-packages/airflow/example_dags/example_task_group.py took 0.046 seconds
[2021-09-30 08:00:01,255] {scheduler_job.py:182} INFO - Started process (PID=2508) to work on /usr/local/lib/python3.6/dist-packages/airflow/example_dags/example_task_group.py
[2021-09-30 08:00:01,255] {scheduler_job.py:629} INFO - Processing file /usr/local/lib/python3.6/dist-packages/airflow/example_dags/example_task_group.py for tasks to queue
[2021-09-30 08:00:01,256] {logging_mixin.py:104} INFO - [2021-09-30 08:00:01,256] {dagbag.py:451} INFO - Filling up the DagBag from /usr/local/lib/python3.6/dist-packages/airflow/example_dags/example_task_group.py
[2021-09-30 08:00:01,265] {scheduler_job.py:639} INFO - DAG(s) dict_keys(['example_task_group']) retrieved from /usr/local/lib/python3.6/dist-packages/airflow/example_dags/example_task_group.py
[2021-09-30 08:00:01,282] {logging_mixin.py:104} INFO - [2021-09-30 08:00:01,281] {dag.py:1824} INFO - Sync 1 DAGs
[2021-09-30 08:00:01,293] {logging_mixin.py:104} INFO - [2021-09-30 08:00:01,292] {dag.py:2280} INFO - Setting next_dagrun for example_task_group to 2021-09-28 00:00:00+00:00
[2021-09-30 08:00:01,300] {scheduler_job.py:190} INFO - Processing /usr/local/lib/python3.6/dist-packages/airflow/example_dags/example_task_group.py took 0.047 seconds
[2021-09-30 08:00:31,440] {scheduler_job.py:182} INFO - Started process (PID=2582) to work on /usr/local/lib/python3.6/dist-packages/airflow/example_dags/example_task_group.py
[2021-09-30 08:00:31,441] {scheduler_job.py:629} INFO - Processing file /usr/local/lib/python3.6/dist-packages/airflow/example_dags/example_task_group.py for tasks to queue
[2021-09-30 08:00:31,441] {logging_mixin.py:104} INFO - [2021-09-30 08:00:31,441] {dagbag.py:451} INFO - Filling up the DagBag from /usr/local/lib/python3.6/dist-packages/airflow/example_dags/example_task_group.py
[2021-09-30 08:00:31,450] {scheduler_job.py:639} INFO - DAG(s) dict_keys(['example_task_group']) retrieved from /usr/local/lib/python3.6/dist-packages/airflow/example_dags/example_task_group.py
[2021-09-30 08:00:31,464] {logging_mixin.py:104} INFO - [2021-09-30 08:00:31,464] {dag.py:1824} INFO - Sync 1 DAGs
[2021-09-30 08:00:31,474] {logging_mixin.py:104} INFO - [2021-09-30 08:00:31,474] {dag.py:2280} INFO - Setting next_dagrun for example_task_group to 2021-09-28 00:00:00+00:00
[2021-09-30 08:00:31,482] {scheduler_job.py:190} INFO - Processing /usr/local/lib/python3.6/dist-packages/airflow/example_dags/example_task_group.py took 0.044 seconds
[2021-09-30 08:01:02,509] {scheduler_job.py:182} INFO - Started process (PID=2662) to work on /usr/local/lib/python3.6/dist-packages/airflow/example_dags/example_task_group.py
[2021-09-30 08:01:02,511] {scheduler_job.py:629} INFO - Processing file /usr/local/lib/python3.6/dist-packages/airflow/example_dags/example_task_group.py for tasks to queue
[2021-09-30 08:01:02,512] {logging_mixin.py:104} INFO - [2021-09-30 08:01:02,512] {dagbag.py:451} INFO - Filling up the DagBag from /usr/local/lib/python3.6/dist-packages/airflow/example_dags/example_task_group.py
[2021-09-30 08:01:02,520] {scheduler_job.py:639} INFO - DAG(s) dict_keys(['example_task_group']) retrieved from /usr/local/lib/python3.6/dist-packages/airflow/example_dags/example_task_group.py
[2021-09-30 08:01:02,536] {logging_mixin.py:104} INFO - [2021-09-30 08:01:02,536] {dag.py:1824} INFO - Sync 1 DAGs
[2021-09-30 08:01:02,629] {logging_mixin.py:104} INFO - [2021-09-30 08:01:02,629] {dag.py:2280} INFO - Setting next_dagrun for example_task_group to 2021-09-28 00:00:00+00:00
[2021-09-30 08:01:02,636] {scheduler_job.py:190} INFO - Processing /usr/local/lib/python3.6/dist-packages/airflow/example_dags/example_task_group.py took 0.129 seconds
[2021-09-30 08:01:33,442] {scheduler_job.py:182} INFO - Started process (PID=2723) to work on /usr/local/lib/python3.6/dist-packages/airflow/example_dags/example_task_group.py
[2021-09-30 08:01:33,443] {scheduler_job.py:629} INFO - Processing file /usr/local/lib/python3.6/dist-packages/airflow/example_dags/example_task_group.py for tasks to queue
[2021-09-30 08:01:33,444] {logging_mixin.py:104} INFO - [2021-09-30 08:01:33,443] {dagbag.py:451} INFO - Filling up the DagBag from /usr/local/lib/python3.6/dist-packages/airflow/example_dags/example_task_group.py
[2021-09-30 08:01:33,453] {scheduler_job.py:639} INFO - DAG(s) dict_keys(['example_task_group']) retrieved from /usr/local/lib/python3.6/dist-packages/airflow/example_dags/example_task_group.py
[2021-09-30 08:01:33,471] {logging_mixin.py:104} INFO - [2021-09-30 08:01:33,471] {dag.py:1824} INFO - Sync 1 DAGs
[2021-09-30 08:01:33,482] {logging_mixin.py:104} INFO - [2021-09-30 08:01:33,482] {dag.py:2280} INFO - Setting next_dagrun for example_task_group to 2021-09-28 00:00:00+00:00
[2021-09-30 08:01:33,489] {scheduler_job.py:190} INFO - Processing /usr/local/lib/python3.6/dist-packages/airflow/example_dags/example_task_group.py took 0.049 seconds
[2021-09-30 08:02:03,985] {scheduler_job.py:182} INFO - Started process (PID=2797) to work on /usr/local/lib/python3.6/dist-packages/airflow/example_dags/example_task_group.py
[2021-09-30 08:02:03,985] {scheduler_job.py:629} INFO - Processing file /usr/local/lib/python3.6/dist-packages/airflow/example_dags/example_task_group.py for tasks to queue
[2021-09-30 08:02:03,986] {logging_mixin.py:104} INFO - [2021-09-30 08:02:03,985] {dagbag.py:451} INFO - Filling up the DagBag from /usr/local/lib/python3.6/dist-packages/airflow/example_dags/example_task_group.py
[2021-09-30 08:02:03,995] {scheduler_job.py:639} INFO - DAG(s) dict_keys(['example_task_group']) retrieved from /usr/local/lib/python3.6/dist-packages/airflow/example_dags/example_task_group.py
[2021-09-30 08:02:04,013] {logging_mixin.py:104} INFO - [2021-09-30 08:02:04,013] {dag.py:1824} INFO - Sync 1 DAGs
[2021-09-30 08:02:04,028] {logging_mixin.py:104} INFO - [2021-09-30 08:02:04,028] {dag.py:2280} INFO - Setting next_dagrun for example_task_group to 2021-09-28 00:00:00+00:00
[2021-09-30 08:02:04,038] {scheduler_job.py:190} INFO - Processing /usr/local/lib/python3.6/dist-packages/airflow/example_dags/example_task_group.py took 0.055 seconds
